[2022-07-24 23:16:53,120] {taskinstance.py:1159} INFO - Dependencies all met for <TaskInstance: my_python_dag.task_2 manual__2022-07-24T14:16:52.010280+00:00 [queued]>
[2022-07-24 23:16:53,127] {taskinstance.py:1159} INFO - Dependencies all met for <TaskInstance: my_python_dag.task_2 manual__2022-07-24T14:16:52.010280+00:00 [queued]>
[2022-07-24 23:16:53,127] {taskinstance.py:1356} INFO - 
--------------------------------------------------------------------------------
[2022-07-24 23:16:53,128] {taskinstance.py:1357} INFO - Starting attempt 1 of 1
[2022-07-24 23:16:53,128] {taskinstance.py:1358} INFO - 
--------------------------------------------------------------------------------
[2022-07-24 23:16:53,136] {taskinstance.py:1377} INFO - Executing <Task(PythonOperator): task_2> on 2022-07-24 14:16:52.010280+00:00
[2022-07-24 23:16:53,142] {standard_task_runner.py:52} INFO - Started process 97834 to run task
[2022-07-24 23:16:53,146] {standard_task_runner.py:79} INFO - Running: ['airflow', 'tasks', 'run', 'my_python_dag', 'task_2', 'manual__2022-07-24T14:16:52.010280+00:00', '--job-id', '29', '--raw', '--subdir', 'DAGS_FOLDER/test3.py', '--cfg-path', '/var/folders/6v/f1q42tlx39bf4xb4nltqccj00000gn/T/tmpbfxd3k03', '--error-file', '/var/folders/6v/f1q42tlx39bf4xb4nltqccj00000gn/T/tmpul72k5z6']
[2022-07-24 23:16:53,147] {standard_task_runner.py:80} INFO - Job 29: Subtask task_2
[2022-07-24 23:16:53,193] {task_command.py:369} INFO - Running <TaskInstance: my_python_dag.task_2 manual__2022-07-24T14:16:52.010280+00:00 [running]> on host janghuisuui-MacBookAir.local
[2022-07-24 23:16:53,247] {taskinstance.py:1569} INFO - Exporting the following env vars:
AIRFLOW_CTX_DAG_OWNER=testJang
AIRFLOW_CTX_DAG_ID=my_python_dag
AIRFLOW_CTX_TASK_ID=task_2
AIRFLOW_CTX_EXECUTION_DATE=2022-07-24T14:16:52.010280+00:00
AIRFLOW_CTX_TRY_NUMBER=1
AIRFLOW_CTX_DAG_RUN_ID=manual__2022-07-24T14:16:52.010280+00:00
[2022-07-24 23:16:53,248] {logging_mixin.py:115} INFO - ====================================================================================================
[2022-07-24 23:16:53,248] {logging_mixin.py:115} INFO - fruit_name: banana
[2022-07-24 23:16:53,248] {logging_mixin.py:115} INFO - ====================================================================================================
[2022-07-24 23:16:53,249] {logging_mixin.py:115} INFO - {'conf': <airflow.configuration.AirflowConfigParser object at 0x7f8b50502b50>, 'dag': <DAG: my_python_dag>, 'dag_run': <DagRun my_python_dag @ 2022-07-24 14:16:52.010280+00:00: manual__2022-07-24T14:16:52.010280+00:00, externally triggered: True>, 'data_interval_end': DateTime(2022, 7, 24, 0, 0, 0, tzinfo=Timezone('UTC')), 'data_interval_start': DateTime(2022, 7, 23, 0, 0, 0, tzinfo=Timezone('UTC')), 'ds': '2022-07-24', 'ds_nodash': '20220724', 'execution_date': <Proxy at 0x7f8b50905440 with factory functools.partial(<function lazy_mapping_from_context.<locals>._deprecated_proxy_factory at 0x7f8b50878dc0>, 'execution_date', DateTime(2022, 7, 24, 14, 16, 52, 10280, tzinfo=Timezone('UTC')))>, 'inlets': [], 'logical_date': DateTime(2022, 7, 24, 14, 16, 52, 10280, tzinfo=Timezone('UTC')), 'macros': <module 'airflow.macros' from '/Users/jangheesu/opt/anaconda3/envs/airflow2.3.0/lib/python3.8/site-packages/airflow/macros/__init__.py'>, 'next_ds': <Proxy at 0x7f8b188fcd80 with factory functools.partial(<function lazy_mapping_from_context.<locals>._deprecated_proxy_factory at 0x7f8b50878dc0>, 'next_ds', '2022-07-24')>, 'next_ds_nodash': <Proxy at 0x7f8b5090efc0 with factory functools.partial(<function lazy_mapping_from_context.<locals>._deprecated_proxy_factory at 0x7f8b50878dc0>, 'next_ds_nodash', '20220724')>, 'next_execution_date': <Proxy at 0x7f8b5090eec0 with factory functools.partial(<function lazy_mapping_from_context.<locals>._deprecated_proxy_factory at 0x7f8b50878dc0>, 'next_execution_date', DateTime(2022, 7, 24, 14, 16, 52, 10280, tzinfo=Timezone('UTC')))>, 'outlets': [], 'params': {}, 'prev_data_interval_start_success': DateTime(2022, 7, 23, 0, 0, 0, tzinfo=Timezone('UTC')), 'prev_data_interval_end_success': DateTime(2022, 7, 24, 0, 0, 0, tzinfo=Timezone('UTC')), 'prev_ds': <Proxy at 0x7f8b50910700 with factory functools.partial(<function lazy_mapping_from_context.<locals>._deprecated_proxy_factory at 0x7f8b50878dc0>, 'prev_ds', '2022-07-24')>, 'prev_ds_nodash': <Proxy at 0x7f8b509103c0 with factory functools.partial(<function lazy_mapping_from_context.<locals>._deprecated_proxy_factory at 0x7f8b50878dc0>, 'prev_ds_nodash', '20220724')>, 'prev_execution_date': <Proxy at 0x7f8b50910740 with factory functools.partial(<function lazy_mapping_from_context.<locals>._deprecated_proxy_factory at 0x7f8b50878dc0>, 'prev_execution_date', DateTime(2022, 7, 24, 14, 16, 52, 10280, tzinfo=Timezone('UTC')))>, 'prev_execution_date_success': <Proxy at 0x7f8b50910140 with factory functools.partial(<function lazy_mapping_from_context.<locals>._deprecated_proxy_factory at 0x7f8b50878dc0>, 'prev_execution_date_success', DateTime(2022, 7, 24, 14, 16, 34, 133529, tzinfo=Timezone('UTC')))>, 'prev_start_date_success': DateTime(2022, 7, 24, 14, 16, 34, 791538, tzinfo=Timezone('UTC')), 'run_id': 'manual__2022-07-24T14:16:52.010280+00:00', 'task': <Task(PythonOperator): task_2>, 'task_instance': <TaskInstance: my_python_dag.task_2 manual__2022-07-24T14:16:52.010280+00:00 [running]>, 'task_instance_key_str': 'my_python_dag__task_2__20220724', 'test_mode': False, 'ti': <TaskInstance: my_python_dag.task_2 manual__2022-07-24T14:16:52.010280+00:00 [running]>, 'tomorrow_ds': <Proxy at 0x7f8b50910780 with factory functools.partial(<function lazy_mapping_from_context.<locals>._deprecated_proxy_factory at 0x7f8b50878dc0>, 'tomorrow_ds', '2022-07-25')>, 'tomorrow_ds_nodash': <Proxy at 0x7f8b509107c0 with factory functools.partial(<function lazy_mapping_from_context.<locals>._deprecated_proxy_factory at 0x7f8b50878dc0>, 'tomorrow_ds_nodash', '20220725')>, 'ts': '2022-07-24T14:16:52.010280+00:00', 'ts_nodash': '20220724T141652', 'ts_nodash_with_tz': '20220724T141652.010280+0000', 'var': {'json': None, 'value': None}, 'conn': None, 'yesterday_ds': <Proxy at 0x7f8b50910800 with factory functools.partial(<function lazy_mapping_from_context.<locals>._deprecated_proxy_factory at 0x7f8b50878dc0>, 'yesterday_ds', '2022-07-23')>, 'yesterday_ds_nodash': <Proxy at 0x7f8b50910880 with factory functools.partial(<function lazy_mapping_from_context.<locals>._deprecated_proxy_factory at 0x7f8b50878dc0>, 'yesterday_ds_nodash', '20220723')>, 'templates_dict': None}
[2022-07-24 23:16:53,249] {logging_mixin.py:115} INFO - ====================================================================================================
[2022-07-24 23:16:53,249] {logging_mixin.py:115} INFO - ------ conf || <airflow.configuration.AirflowConfigParser object at 0x7f8b50502b50> -------
[2022-07-24 23:16:53,249] {logging_mixin.py:115} INFO - ------ dag || <DAG: my_python_dag> -------
[2022-07-24 23:16:53,249] {logging_mixin.py:115} INFO - ------ dag_run || <DagRun my_python_dag @ 2022-07-24 14:16:52.010280+00:00: manual__2022-07-24T14:16:52.010280+00:00, externally triggered: True> -------
[2022-07-24 23:16:53,249] {logging_mixin.py:115} INFO - ------ data_interval_end || 2022-07-24T00:00:00+00:00 -------
[2022-07-24 23:16:53,249] {logging_mixin.py:115} INFO - ------ data_interval_start || 2022-07-23T00:00:00+00:00 -------
[2022-07-24 23:16:53,249] {logging_mixin.py:115} INFO - ------ ds || 2022-07-24 -------
[2022-07-24 23:16:53,249] {logging_mixin.py:115} INFO - ------ ds_nodash || 20220724 -------
[2022-07-24 23:16:53,253] {logging_mixin.py:115} WARNING - /Users/jangheesu/opt/anaconda3/envs/airflow2.3.0/lib/python3.8/site-packages/airflow/utils/context.py:290 AirflowContextDeprecationWarning: Accessing 'execution_date' from the template is deprecated and will be removed in a future version. Please use 'data_interval_start' or 'logical_date' instead.
[2022-07-24 23:16:53,253] {logging_mixin.py:115} INFO - ------ execution_date || 2022-07-24T14:16:52.010280+00:00 -------
[2022-07-24 23:16:53,253] {logging_mixin.py:115} INFO - ------ inlets || [] -------
[2022-07-24 23:16:53,253] {logging_mixin.py:115} INFO - ------ logical_date || 2022-07-24T14:16:52.010280+00:00 -------
[2022-07-24 23:16:53,254] {logging_mixin.py:115} INFO - ------ macros || <module 'airflow.macros' from '/Users/jangheesu/opt/anaconda3/envs/airflow2.3.0/lib/python3.8/site-packages/airflow/macros/__init__.py'> -------
[2022-07-24 23:16:53,254] {logging_mixin.py:115} WARNING - /Users/jangheesu/opt/anaconda3/envs/airflow2.3.0/lib/python3.8/site-packages/airflow/utils/context.py:290 AirflowContextDeprecationWarning: Accessing 'next_ds' from the template is deprecated and will be removed in a future version. Please use '{{ data_interval_end | ds }}' instead.
[2022-07-24 23:16:53,255] {logging_mixin.py:115} INFO - ------ next_ds || 2022-07-24 -------
[2022-07-24 23:16:53,255] {logging_mixin.py:115} WARNING - /Users/jangheesu/opt/anaconda3/envs/airflow2.3.0/lib/python3.8/site-packages/airflow/utils/context.py:290 AirflowContextDeprecationWarning: Accessing 'next_ds_nodash' from the template is deprecated and will be removed in a future version. Please use '{{ data_interval_end | ds_nodash }}' instead.
[2022-07-24 23:16:53,255] {logging_mixin.py:115} INFO - ------ next_ds_nodash || 20220724 -------
[2022-07-24 23:16:53,256] {logging_mixin.py:115} WARNING - /Users/jangheesu/opt/anaconda3/envs/airflow2.3.0/lib/python3.8/site-packages/airflow/utils/context.py:290 AirflowContextDeprecationWarning: Accessing 'next_execution_date' from the template is deprecated and will be removed in a future version. Please use 'data_interval_end' instead.
[2022-07-24 23:16:53,256] {logging_mixin.py:115} INFO - ------ next_execution_date || 2022-07-24T14:16:52.010280+00:00 -------
[2022-07-24 23:16:53,256] {logging_mixin.py:115} INFO - ------ outlets || [] -------
[2022-07-24 23:16:53,256] {logging_mixin.py:115} INFO - ------ params || {} -------
[2022-07-24 23:16:53,256] {logging_mixin.py:115} INFO - ------ prev_data_interval_start_success || 2022-07-23T00:00:00+00:00 -------
[2022-07-24 23:16:53,256] {logging_mixin.py:115} INFO - ------ prev_data_interval_end_success || 2022-07-24T00:00:00+00:00 -------
[2022-07-24 23:16:53,257] {logging_mixin.py:115} WARNING - /Users/jangheesu/opt/anaconda3/envs/airflow2.3.0/lib/python3.8/site-packages/airflow/utils/context.py:290 AirflowContextDeprecationWarning: Accessing 'prev_ds' from the template is deprecated and will be removed in a future version.
[2022-07-24 23:16:53,257] {logging_mixin.py:115} INFO - ------ prev_ds || 2022-07-24 -------
[2022-07-24 23:16:53,258] {logging_mixin.py:115} WARNING - /Users/jangheesu/opt/anaconda3/envs/airflow2.3.0/lib/python3.8/site-packages/airflow/utils/context.py:290 AirflowContextDeprecationWarning: Accessing 'prev_ds_nodash' from the template is deprecated and will be removed in a future version.
[2022-07-24 23:16:53,258] {logging_mixin.py:115} INFO - ------ prev_ds_nodash || 20220724 -------
[2022-07-24 23:16:53,258] {logging_mixin.py:115} WARNING - /Users/jangheesu/opt/anaconda3/envs/airflow2.3.0/lib/python3.8/site-packages/airflow/utils/context.py:290 AirflowContextDeprecationWarning: Accessing 'prev_execution_date' from the template is deprecated and will be removed in a future version.
[2022-07-24 23:16:53,258] {logging_mixin.py:115} INFO - ------ prev_execution_date || 2022-07-24T14:16:52.010280+00:00 -------
[2022-07-24 23:16:53,259] {logging_mixin.py:115} WARNING - /Users/jangheesu/opt/anaconda3/envs/airflow2.3.0/lib/python3.8/site-packages/airflow/utils/context.py:290 AirflowContextDeprecationWarning: Accessing 'prev_execution_date_success' from the template is deprecated and will be removed in a future version. Please use 'prev_data_interval_start_success' instead.
[2022-07-24 23:16:53,259] {logging_mixin.py:115} INFO - ------ prev_execution_date_success || 2022-07-24T14:16:34.133529+00:00 -------
[2022-07-24 23:16:53,259] {logging_mixin.py:115} INFO - ------ prev_start_date_success || 2022-07-24T14:16:34.791538+00:00 -------
[2022-07-24 23:16:53,259] {logging_mixin.py:115} INFO - ------ run_id || manual__2022-07-24T14:16:52.010280+00:00 -------
[2022-07-24 23:16:53,259] {logging_mixin.py:115} INFO - ------ task || <Task(PythonOperator): task_2> -------
[2022-07-24 23:16:53,259] {logging_mixin.py:115} INFO - ------ task_instance || <TaskInstance: my_python_dag.task_2 manual__2022-07-24T14:16:52.010280+00:00 [running]> -------
[2022-07-24 23:16:53,259] {logging_mixin.py:115} INFO - ------ task_instance_key_str || my_python_dag__task_2__20220724 -------
[2022-07-24 23:16:53,260] {logging_mixin.py:115} INFO - ------ test_mode || False -------
[2022-07-24 23:16:53,260] {logging_mixin.py:115} INFO - ------ ti || <TaskInstance: my_python_dag.task_2 manual__2022-07-24T14:16:52.010280+00:00 [running]> -------
[2022-07-24 23:16:53,260] {logging_mixin.py:115} WARNING - /Users/jangheesu/opt/anaconda3/envs/airflow2.3.0/lib/python3.8/site-packages/airflow/utils/context.py:290 AirflowContextDeprecationWarning: Accessing 'tomorrow_ds' from the template is deprecated and will be removed in a future version.
[2022-07-24 23:16:53,260] {logging_mixin.py:115} INFO - ------ tomorrow_ds || 2022-07-25 -------
[2022-07-24 23:16:53,261] {logging_mixin.py:115} WARNING - /Users/jangheesu/opt/anaconda3/envs/airflow2.3.0/lib/python3.8/site-packages/airflow/utils/context.py:290 AirflowContextDeprecationWarning: Accessing 'tomorrow_ds_nodash' from the template is deprecated and will be removed in a future version.
[2022-07-24 23:16:53,261] {logging_mixin.py:115} INFO - ------ tomorrow_ds_nodash || 20220725 -------
[2022-07-24 23:16:53,261] {logging_mixin.py:115} INFO - ------ ts || 2022-07-24T14:16:52.010280+00:00 -------
[2022-07-24 23:16:53,261] {logging_mixin.py:115} INFO - ------ ts_nodash || 20220724T141652 -------
[2022-07-24 23:16:53,261] {logging_mixin.py:115} INFO - ------ ts_nodash_with_tz || 20220724T141652.010280+0000 -------
[2022-07-24 23:16:53,261] {logging_mixin.py:115} INFO - ------ var || {'json': None, 'value': None} -------
[2022-07-24 23:16:53,261] {logging_mixin.py:115} INFO - ------ conn || None -------
[2022-07-24 23:16:53,262] {logging_mixin.py:115} WARNING - /Users/jangheesu/opt/anaconda3/envs/airflow2.3.0/lib/python3.8/site-packages/airflow/utils/context.py:290 AirflowContextDeprecationWarning: Accessing 'yesterday_ds' from the template is deprecated and will be removed in a future version.
[2022-07-24 23:16:53,262] {logging_mixin.py:115} INFO - ------ yesterday_ds || 2022-07-23 -------
[2022-07-24 23:16:53,262] {logging_mixin.py:115} WARNING - /Users/jangheesu/opt/anaconda3/envs/airflow2.3.0/lib/python3.8/site-packages/airflow/utils/context.py:290 AirflowContextDeprecationWarning: Accessing 'yesterday_ds_nodash' from the template is deprecated and will be removed in a future version.
[2022-07-24 23:16:53,262] {logging_mixin.py:115} INFO - ------ yesterday_ds_nodash || 20220723 -------
[2022-07-24 23:16:53,263] {logging_mixin.py:115} INFO - ------ templates_dict || None -------
[2022-07-24 23:16:53,263] {python.py:173} INFO - Done. Returned value was: ptrin complete ~ !!
[2022-07-24 23:16:53,286] {taskinstance.py:1395} INFO - Marking task as SUCCESS. dag_id=my_python_dag, task_id=task_2, execution_date=20220724T141652, start_date=20220724T141653, end_date=20220724T141653
[2022-07-24 23:16:53,323] {local_task_job.py:156} INFO - Task exited with return code 0
[2022-07-24 23:16:53,359] {local_task_job.py:273} INFO - 0 downstream tasks scheduled from follow-on schedule check
