[2022-07-27 22:13:11,040] {taskinstance.py:1159} INFO - Dependencies all met for <TaskInstance: my_first_dag.print_whoami manual__2022-07-27T13:13:05.380211+00:00 [queued]>
[2022-07-27 22:13:11,047] {taskinstance.py:1159} INFO - Dependencies all met for <TaskInstance: my_first_dag.print_whoami manual__2022-07-27T13:13:05.380211+00:00 [queued]>
[2022-07-27 22:13:11,047] {taskinstance.py:1356} INFO - 
--------------------------------------------------------------------------------
[2022-07-27 22:13:11,047] {taskinstance.py:1357} INFO - Starting attempt 1 of 1
[2022-07-27 22:13:11,048] {taskinstance.py:1358} INFO - 
--------------------------------------------------------------------------------
[2022-07-27 22:13:11,055] {taskinstance.py:1377} INFO - Executing <Task(BashOperator): print_whoami> on 2022-07-27 13:13:05.380211+00:00
[2022-07-27 22:13:11,092] {standard_task_runner.py:52} INFO - Started process 12546 to run task
[2022-07-27 22:13:11,095] {standard_task_runner.py:79} INFO - Running: ['airflow', 'tasks', 'run', 'my_first_dag', 'print_whoami', 'manual__2022-07-27T13:13:05.380211+00:00', '--job-id', '62', '--raw', '--subdir', 'DAGS_FOLDER/test.py', '--cfg-path', '/var/folders/6v/f1q42tlx39bf4xb4nltqccj00000gn/T/tmp9nfv5ud0', '--error-file', '/var/folders/6v/f1q42tlx39bf4xb4nltqccj00000gn/T/tmptqtl3k19']
[2022-07-27 22:13:11,096] {standard_task_runner.py:80} INFO - Job 62: Subtask print_whoami
[2022-07-27 22:13:11,148] {task_command.py:369} INFO - Running <TaskInstance: my_first_dag.print_whoami manual__2022-07-27T13:13:05.380211+00:00 [running]> on host janghuisuui-MacBookAir.local
[2022-07-27 22:13:11,204] {taskinstance.py:1569} INFO - Exporting the following env vars:
AIRFLOW_CTX_DAG_OWNER=jovyan
AIRFLOW_CTX_DAG_ID=my_first_dag
AIRFLOW_CTX_TASK_ID=print_whoami
AIRFLOW_CTX_EXECUTION_DATE=2022-07-27T13:13:05.380211+00:00
AIRFLOW_CTX_TRY_NUMBER=1
AIRFLOW_CTX_DAG_RUN_ID=manual__2022-07-27T13:13:05.380211+00:00
[2022-07-27 22:13:11,205] {subprocess.py:62} INFO - Tmp dir root location: 
 /var/folders/6v/f1q42tlx39bf4xb4nltqccj00000gn/T
[2022-07-27 22:13:11,205] {subprocess.py:74} INFO - Running command: ['bash', '-c', 'whoami']
[2022-07-27 22:13:11,213] {subprocess.py:85} INFO - Output:
[2022-07-27 22:13:11,223] {subprocess.py:92} INFO - jangheesu
[2022-07-27 22:13:11,224] {subprocess.py:96} INFO - Command exited with return code 0
[2022-07-27 22:13:11,251] {taskinstance.py:1395} INFO - Marking task as SUCCESS. dag_id=my_first_dag, task_id=print_whoami, execution_date=20220727T131305, start_date=20220727T131311, end_date=20220727T131311
[2022-07-27 22:13:11,273] {local_task_job.py:156} INFO - Task exited with return code 0
[2022-07-27 22:13:11,303] {local_task_job.py:273} INFO - 0 downstream tasks scheduled from follow-on schedule check
