[2022-07-27 23:23:32,826] {taskinstance.py:1159} INFO - Dependencies all met for <TaskInstance: tutorial-python-op.msg scheduled__2022-02-01T15:50:00+00:00 [queued]>
[2022-07-27 23:23:32,833] {taskinstance.py:1159} INFO - Dependencies all met for <TaskInstance: tutorial-python-op.msg scheduled__2022-02-01T15:50:00+00:00 [queued]>
[2022-07-27 23:23:32,833] {taskinstance.py:1356} INFO - 
--------------------------------------------------------------------------------
[2022-07-27 23:23:32,833] {taskinstance.py:1357} INFO - Starting attempt 1 of 2
[2022-07-27 23:23:32,833] {taskinstance.py:1358} INFO - 
--------------------------------------------------------------------------------
[2022-07-27 23:23:32,841] {taskinstance.py:1377} INFO - Executing <Task(PythonOperator): msg> on 2022-02-01 15:50:00+00:00
[2022-07-27 23:23:32,847] {standard_task_runner.py:52} INFO - Started process 52363 to run task
[2022-07-27 23:23:32,853] {standard_task_runner.py:79} INFO - Running: ['airflow', 'tasks', 'run', 'tutorial-python-op', 'msg', 'scheduled__2022-02-01T15:50:00+00:00', '--job-id', '134', '--raw', '--subdir', 'DAGS_FOLDER/test5.py', '--cfg-path', '/var/folders/6v/f1q42tlx39bf4xb4nltqccj00000gn/T/tmpfyr0p4v2', '--error-file', '/var/folders/6v/f1q42tlx39bf4xb4nltqccj00000gn/T/tmpg6h2wual']
[2022-07-27 23:23:32,854] {standard_task_runner.py:80} INFO - Job 134: Subtask msg
[2022-07-27 23:23:32,917] {task_command.py:369} INFO - Running <TaskInstance: tutorial-python-op.msg scheduled__2022-02-01T15:50:00+00:00 [running]> on host janghuisuui-MacBookAir.local
[2022-07-27 23:23:32,987] {taskinstance.py:1569} INFO - Exporting the following env vars:
AIRFLOW_CTX_DAG_EMAIL=your-email@g.com
AIRFLOW_CTX_DAG_OWNER=owner-name
AIRFLOW_CTX_DAG_ID=tutorial-python-op
AIRFLOW_CTX_TASK_ID=msg
AIRFLOW_CTX_EXECUTION_DATE=2022-02-01T15:50:00+00:00
AIRFLOW_CTX_TRY_NUMBER=1
AIRFLOW_CTX_DAG_RUN_ID=scheduled__2022-02-01T15:50:00+00:00
[2022-07-27 23:23:33,001] {logging_mixin.py:115} INFO - message :  40
[2022-07-27 23:23:33,002] {logging_mixin.py:115} INFO - ****************************************************************************************************
[2022-07-27 23:23:33,003] {logging_mixin.py:115} INFO - {'conf': <airflow.configuration.AirflowConfigParser object at 0x7f83e03e2b50>, 'dag': <DAG: tutorial-python-op>, 'dag_run': <DagRun tutorial-python-op @ 2022-02-01 15:50:00+00:00: scheduled__2022-02-01T15:50:00+00:00, externally triggered: False>, 'data_interval_end': DateTime(2022, 2, 1, 16, 40, 0, tzinfo=Timezone('UTC')), 'data_interval_start': DateTime(2022, 2, 1, 15, 50, 0, tzinfo=Timezone('UTC')), 'ds': '2022-02-01', 'ds_nodash': '20220201', 'execution_date': <Proxy at 0x7f83c8cdff00 with factory functools.partial(<function lazy_mapping_from_context.<locals>._deprecated_proxy_factory at 0x7f84009efaf0>, 'execution_date', DateTime(2022, 2, 1, 15, 50, 0, tzinfo=Timezone('UTC')))>, 'inlets': [], 'logical_date': DateTime(2022, 2, 1, 15, 50, 0, tzinfo=Timezone('UTC')), 'macros': <module 'airflow.macros' from '/Users/jangheesu/opt/anaconda3/envs/airflow2.3.0/lib/python3.8/site-packages/airflow/macros/__init__.py'>, 'next_ds': <Proxy at 0x7f83c8ceaa40 with factory functools.partial(<function lazy_mapping_from_context.<locals>._deprecated_proxy_factory at 0x7f84009efaf0>, 'next_ds', '2022-02-01')>, 'next_ds_nodash': <Proxy at 0x7f83c8ceb300 with factory functools.partial(<function lazy_mapping_from_context.<locals>._deprecated_proxy_factory at 0x7f84009efaf0>, 'next_ds_nodash', '20220201')>, 'next_execution_date': <Proxy at 0x7f83c8ceb340 with factory functools.partial(<function lazy_mapping_from_context.<locals>._deprecated_proxy_factory at 0x7f84009efaf0>, 'next_execution_date', DateTime(2022, 2, 1, 16, 40, 0, tzinfo=Timezone('UTC')))>, 'outlets': [], 'params': {}, 'prev_data_interval_start_success': DateTime(2022, 2, 1, 15, 0, 0, tzinfo=Timezone('UTC')), 'prev_data_interval_end_success': DateTime(2022, 2, 1, 15, 50, 0, tzinfo=Timezone('UTC')), 'prev_ds': <Proxy at 0x7f83c8ceb3c0 with factory functools.partial(<function lazy_mapping_from_context.<locals>._deprecated_proxy_factory at 0x7f84009efaf0>, 'prev_ds', '2022-02-01')>, 'prev_ds_nodash': <Proxy at 0x7f83c8ceb4c0 with factory functools.partial(<function lazy_mapping_from_context.<locals>._deprecated_proxy_factory at 0x7f84009efaf0>, 'prev_ds_nodash', '20220201')>, 'prev_execution_date': <Proxy at 0x7f83c8ceb500 with factory functools.partial(<function lazy_mapping_from_context.<locals>._deprecated_proxy_factory at 0x7f84009efaf0>, 'prev_execution_date', DateTime(2022, 2, 1, 15, 0, 0, tzinfo=Timezone('UTC')))>, 'prev_execution_date_success': <Proxy at 0x7f83c8ceb580 with factory functools.partial(<function lazy_mapping_from_context.<locals>._deprecated_proxy_factory at 0x7f84009efaf0>, 'prev_execution_date_success', DateTime(2022, 2, 1, 15, 0, 0, tzinfo=Timezone('UTC')))>, 'prev_start_date_success': DateTime(2022, 7, 27, 14, 23, 19, 786604, tzinfo=Timezone('UTC')), 'run_id': 'scheduled__2022-02-01T15:50:00+00:00', 'task': <Task(PythonOperator): msg>, 'task_instance': <TaskInstance: tutorial-python-op.msg scheduled__2022-02-01T15:50:00+00:00 [running]>, 'task_instance_key_str': 'tutorial-python-op__msg__20220201', 'test_mode': False, 'ti': <TaskInstance: tutorial-python-op.msg scheduled__2022-02-01T15:50:00+00:00 [running]>, 'tomorrow_ds': <Proxy at 0x7f83c8ceb5c0 with factory functools.partial(<function lazy_mapping_from_context.<locals>._deprecated_proxy_factory at 0x7f84009efaf0>, 'tomorrow_ds', '2022-02-02')>, 'tomorrow_ds_nodash': <Proxy at 0x7f83c8ceb640 with factory functools.partial(<function lazy_mapping_from_context.<locals>._deprecated_proxy_factory at 0x7f84009efaf0>, 'tomorrow_ds_nodash', '20220202')>, 'ts': '2022-02-01T15:50:00+00:00', 'ts_nodash': '20220201T155000', 'ts_nodash_with_tz': '20220201T155000+0000', 'var': {'json': None, 'value': None}, 'conn': None, 'yesterday_ds': <Proxy at 0x7f83c8ceb680 with factory functools.partial(<function lazy_mapping_from_context.<locals>._deprecated_proxy_factory at 0x7f84009efaf0>, 'yesterday_ds', '2022-01-31')>, 'yesterday_ds_nodash': <Proxy at 0x7f83c8cebb80 with factory functools.partial(<function lazy_mapping_from_context.<locals>._deprecated_proxy_factory at 0x7f84009efaf0>, 'yesterday_ds_nodash', '20220131')>, 'templates_dict': None}
[2022-07-27 23:23:33,003] {python.py:173} INFO - Done. Returned value was: None
[2022-07-27 23:23:33,016] {taskinstance.py:1395} INFO - Marking task as SUCCESS. dag_id=tutorial-python-op, task_id=msg, execution_date=20220201T155000, start_date=20220727T142332, end_date=20220727T142333
[2022-07-27 23:23:33,070] {local_task_job.py:156} INFO - Task exited with return code 0
[2022-07-27 23:23:33,117] {local_task_job.py:273} INFO - 1 downstream tasks scheduled from follow-on schedule check
