[2022-07-30 14:51:47,082] {taskinstance.py:1159} INFO - Dependencies all met for <TaskInstance: my_python_dag.task_3 scheduled__2022-07-29T00:00:00+00:00 [queued]>
[2022-07-30 14:51:47,095] {taskinstance.py:1159} INFO - Dependencies all met for <TaskInstance: my_python_dag.task_3 scheduled__2022-07-29T00:00:00+00:00 [queued]>
[2022-07-30 14:51:47,096] {taskinstance.py:1356} INFO - 
--------------------------------------------------------------------------------
[2022-07-30 14:51:47,096] {taskinstance.py:1357} INFO - Starting attempt 1 of 1
[2022-07-30 14:51:47,096] {taskinstance.py:1358} INFO - 
--------------------------------------------------------------------------------
[2022-07-30 14:51:47,110] {taskinstance.py:1377} INFO - Executing <Task(PythonOperator): task_3> on 2022-07-29 00:00:00+00:00
[2022-07-30 14:51:47,122] {standard_task_runner.py:52} INFO - Started process 59378 to run task
[2022-07-30 14:51:47,139] {standard_task_runner.py:79} INFO - Running: ['airflow', 'tasks', 'run', 'my_python_dag', 'task_3', 'scheduled__2022-07-29T00:00:00+00:00', '--job-id', '185', '--raw', '--subdir', 'DAGS_FOLDER/test3.py', '--cfg-path', '/var/folders/6v/f1q42tlx39bf4xb4nltqccj00000gn/T/tmpr0hxihxd', '--error-file', '/var/folders/6v/f1q42tlx39bf4xb4nltqccj00000gn/T/tmpy9kx4907']
[2022-07-30 14:51:47,145] {standard_task_runner.py:80} INFO - Job 185: Subtask task_3
[2022-07-30 14:51:47,306] {task_command.py:369} INFO - Running <TaskInstance: my_python_dag.task_3 scheduled__2022-07-29T00:00:00+00:00 [running]> on host janghuisuui-MacBookAir.local
[2022-07-30 14:51:47,427] {taskinstance.py:1569} INFO - Exporting the following env vars:
AIRFLOW_CTX_DAG_OWNER=testJang
AIRFLOW_CTX_DAG_ID=my_python_dag
AIRFLOW_CTX_TASK_ID=task_3
AIRFLOW_CTX_EXECUTION_DATE=2022-07-29T00:00:00+00:00
AIRFLOW_CTX_TRY_NUMBER=1
AIRFLOW_CTX_DAG_RUN_ID=scheduled__2022-07-29T00:00:00+00:00
[2022-07-30 14:51:47,429] {logging_mixin.py:115} INFO - ====================================================================================================
[2022-07-30 14:51:47,429] {logging_mixin.py:115} INFO - seconds: 10
[2022-07-30 14:51:47,430] {logging_mixin.py:115} INFO - ====================================================================================================
[2022-07-30 14:51:47,431] {logging_mixin.py:115} INFO - {'conf': <airflow.configuration.AirflowConfigParser object at 0x7fc2b00bab50>, 'dag': <DAG: my_python_dag>, 'dag_run': <DagRun my_python_dag @ 2022-07-29 00:00:00+00:00: scheduled__2022-07-29T00:00:00+00:00, externally triggered: False>, 'data_interval_end': DateTime(2022, 7, 30, 0, 0, 0, tzinfo=Timezone('UTC')), 'data_interval_start': DateTime(2022, 7, 29, 0, 0, 0, tzinfo=Timezone('UTC')), 'ds': '2022-07-29', 'ds_nodash': '20220729', 'execution_date': <Proxy at 0x7fc2a080e880 with factory functools.partial(<function lazy_mapping_from_context.<locals>._deprecated_proxy_factory at 0x7fc29073eee0>, 'execution_date', DateTime(2022, 7, 29, 0, 0, 0, tzinfo=Timezone('UTC')))>, 'inlets': [], 'logical_date': DateTime(2022, 7, 29, 0, 0, 0, tzinfo=Timezone('UTC')), 'macros': <module 'airflow.macros' from '/Users/jangheesu/opt/anaconda3/envs/airflow2.3.0/lib/python3.8/site-packages/airflow/macros/__init__.py'>, 'next_ds': <Proxy at 0x7fc28876d840 with factory functools.partial(<function lazy_mapping_from_context.<locals>._deprecated_proxy_factory at 0x7fc29073eee0>, 'next_ds', '2022-07-30')>, 'next_ds_nodash': <Proxy at 0x7fc2a0824540 with factory functools.partial(<function lazy_mapping_from_context.<locals>._deprecated_proxy_factory at 0x7fc29073eee0>, 'next_ds_nodash', '20220730')>, 'next_execution_date': <Proxy at 0x7fc2a0825280 with factory functools.partial(<function lazy_mapping_from_context.<locals>._deprecated_proxy_factory at 0x7fc29073eee0>, 'next_execution_date', DateTime(2022, 7, 30, 0, 0, 0, tzinfo=Timezone('UTC')))>, 'outlets': [], 'params': {}, 'prev_data_interval_start_success': DateTime(2022, 7, 26, 0, 0, 0, tzinfo=Timezone('UTC')), 'prev_data_interval_end_success': DateTime(2022, 7, 27, 0, 0, 0, tzinfo=Timezone('UTC')), 'prev_ds': <Proxy at 0x7fc2a0825080 with factory functools.partial(<function lazy_mapping_from_context.<locals>._deprecated_proxy_factory at 0x7fc29073eee0>, 'prev_ds', '2022-07-28')>, 'prev_ds_nodash': <Proxy at 0x7fc2a0825500 with factory functools.partial(<function lazy_mapping_from_context.<locals>._deprecated_proxy_factory at 0x7fc29073eee0>, 'prev_ds_nodash', '20220728')>, 'prev_execution_date': <Proxy at 0x7fc2a0825b40 with factory functools.partial(<function lazy_mapping_from_context.<locals>._deprecated_proxy_factory at 0x7fc29073eee0>, 'prev_execution_date', DateTime(2022, 7, 28, 0, 0, 0, tzinfo=Timezone('UTC')))>, 'prev_execution_date_success': <Proxy at 0x7fc2a0825b80 with factory functools.partial(<function lazy_mapping_from_context.<locals>._deprecated_proxy_factory at 0x7fc29073eee0>, 'prev_execution_date_success', DateTime(2022, 7, 26, 0, 0, 0, tzinfo=Timezone('UTC')))>, 'prev_start_date_success': DateTime(2022, 7, 27, 12, 39, 35, 50163, tzinfo=Timezone('UTC')), 'run_id': 'scheduled__2022-07-29T00:00:00+00:00', 'task': <Task(PythonOperator): task_3>, 'task_instance': <TaskInstance: my_python_dag.task_3 scheduled__2022-07-29T00:00:00+00:00 [running]>, 'task_instance_key_str': 'my_python_dag__task_3__20220729', 'test_mode': False, 'ti': <TaskInstance: my_python_dag.task_3 scheduled__2022-07-29T00:00:00+00:00 [running]>, 'tomorrow_ds': <Proxy at 0x7fc2a0825bc0 with factory functools.partial(<function lazy_mapping_from_context.<locals>._deprecated_proxy_factory at 0x7fc29073eee0>, 'tomorrow_ds', '2022-07-30')>, 'tomorrow_ds_nodash': <Proxy at 0x7fc2a0825c40 with factory functools.partial(<function lazy_mapping_from_context.<locals>._deprecated_proxy_factory at 0x7fc29073eee0>, 'tomorrow_ds_nodash', '20220730')>, 'ts': '2022-07-29T00:00:00+00:00', 'ts_nodash': '20220729T000000', 'ts_nodash_with_tz': '20220729T000000+0000', 'var': {'json': None, 'value': None}, 'conn': None, 'yesterday_ds': <Proxy at 0x7fc2a0825d40 with factory functools.partial(<function lazy_mapping_from_context.<locals>._deprecated_proxy_factory at 0x7fc29073eee0>, 'yesterday_ds', '2022-07-28')>, 'yesterday_ds_nodash': <Proxy at 0x7fc2a0825d80 with factory functools.partial(<function lazy_mapping_from_context.<locals>._deprecated_proxy_factory at 0x7fc29073eee0>, 'yesterday_ds_nodash', '20220728')>, 'templates_dict': None}
[2022-07-30 14:51:47,431] {logging_mixin.py:115} INFO - ====================================================================================================
[2022-07-30 14:51:57,433] {python.py:173} INFO - Done. Returned value was: sleep well ~ !!
[2022-07-30 14:51:57,489] {taskinstance.py:1395} INFO - Marking task as SUCCESS. dag_id=my_python_dag, task_id=task_3, execution_date=20220729T000000, start_date=20220730T055147, end_date=20220730T055157
[2022-07-30 14:51:57,524] {local_task_job.py:156} INFO - Task exited with return code 0
[2022-07-30 14:51:57,572] {local_task_job.py:273} INFO - 1 downstream tasks scheduled from follow-on schedule check
