[2022-05-23 11:12:00,580] {scheduler_job.py:182} INFO - Started process (PID=592) to work on /home/airflow/.local/lib/python3.6/site-packages/airflow/example_dags/example_branch_day_of_week_operator.py
[2022-05-23 11:12:00,633] {scheduler_job.py:633} INFO - Processing file /home/airflow/.local/lib/python3.6/site-packages/airflow/example_dags/example_branch_day_of_week_operator.py for tasks to queue
[2022-05-23 11:12:00,656] {logging_mixin.py:104} INFO - [2022-05-23 11:12:00,655] {dagbag.py:487} INFO - Filling up the DagBag from /home/airflow/.local/lib/python3.6/site-packages/airflow/example_dags/example_branch_day_of_week_operator.py
[2022-05-23 11:12:01,204] {scheduler_job.py:643} INFO - DAG(s) dict_keys(['example_weekday_branch_operator']) retrieved from /home/airflow/.local/lib/python3.6/site-packages/airflow/example_dags/example_branch_day_of_week_operator.py
[2022-05-23 11:12:14,088] {logging_mixin.py:104} INFO - [2022-05-23 11:12:14,088] {dag.py:1832} INFO - Sync 1 DAGs
[2022-05-23 11:12:14,792] {logging_mixin.py:104} INFO - [2022-05-23 11:12:14,791] {dag.py:2305} INFO - Setting next_dagrun for example_weekday_branch_operator to 2022-05-21 00:00:00+00:00
[2022-05-23 11:12:15,150] {scheduler_job.py:190} INFO - Processing /home/airflow/.local/lib/python3.6/site-packages/airflow/example_dags/example_branch_day_of_week_operator.py took 14.630 seconds
[2022-05-23 11:15:28,894] {scheduler_job.py:182} INFO - Started process (PID=860) to work on /home/airflow/.local/lib/python3.6/site-packages/airflow/example_dags/example_branch_day_of_week_operator.py
[2022-05-23 11:15:28,932] {scheduler_job.py:633} INFO - Processing file /home/airflow/.local/lib/python3.6/site-packages/airflow/example_dags/example_branch_day_of_week_operator.py for tasks to queue
[2022-05-23 11:15:28,955] {logging_mixin.py:104} INFO - [2022-05-23 11:15:28,955] {dagbag.py:487} INFO - Filling up the DagBag from /home/airflow/.local/lib/python3.6/site-packages/airflow/example_dags/example_branch_day_of_week_operator.py
[2022-05-23 11:15:29,548] {scheduler_job.py:643} INFO - DAG(s) dict_keys(['example_weekday_branch_operator']) retrieved from /home/airflow/.local/lib/python3.6/site-packages/airflow/example_dags/example_branch_day_of_week_operator.py
[2022-05-23 11:15:30,381] {logging_mixin.py:104} INFO - [2022-05-23 11:15:30,380] {dag.py:1832} INFO - Sync 1 DAGs
[2022-05-23 11:15:31,551] {logging_mixin.py:104} INFO - [2022-05-23 11:15:31,550] {dag.py:2305} INFO - Setting next_dagrun for example_weekday_branch_operator to 2022-05-21 00:00:00+00:00
[2022-05-23 11:15:31,964] {scheduler_job.py:190} INFO - Processing /home/airflow/.local/lib/python3.6/site-packages/airflow/example_dags/example_branch_day_of_week_operator.py took 3.148 seconds
[2022-05-23 11:18:03,395] {scheduler_job.py:182} INFO - Started process (PID=1134) to work on /home/airflow/.local/lib/python3.6/site-packages/airflow/example_dags/example_branch_day_of_week_operator.py
[2022-05-23 11:18:03,487] {scheduler_job.py:633} INFO - Processing file /home/airflow/.local/lib/python3.6/site-packages/airflow/example_dags/example_branch_day_of_week_operator.py for tasks to queue
[2022-05-23 11:18:03,540] {logging_mixin.py:104} INFO - [2022-05-23 11:18:03,512] {dagbag.py:487} INFO - Filling up the DagBag from /home/airflow/.local/lib/python3.6/site-packages/airflow/example_dags/example_branch_day_of_week_operator.py
[2022-05-23 11:18:04,482] {scheduler_job.py:643} INFO - DAG(s) dict_keys(['example_weekday_branch_operator']) retrieved from /home/airflow/.local/lib/python3.6/site-packages/airflow/example_dags/example_branch_day_of_week_operator.py
[2022-05-23 11:18:05,842] {logging_mixin.py:104} INFO - [2022-05-23 11:18:05,841] {dag.py:1832} INFO - Sync 1 DAGs
[2022-05-23 11:18:07,231] {logging_mixin.py:104} INFO - [2022-05-23 11:18:07,230] {dag.py:2305} INFO - Setting next_dagrun for example_weekday_branch_operator to 2022-05-21 00:00:00+00:00
[2022-05-23 11:18:07,760] {scheduler_job.py:190} INFO - Processing /home/airflow/.local/lib/python3.6/site-packages/airflow/example_dags/example_branch_day_of_week_operator.py took 4.575 seconds
[2022-05-23 11:20:53,233] {scheduler_job.py:182} INFO - Started process (PID=1404) to work on /home/airflow/.local/lib/python3.6/site-packages/airflow/example_dags/example_branch_day_of_week_operator.py
[2022-05-23 11:20:53,301] {scheduler_job.py:633} INFO - Processing file /home/airflow/.local/lib/python3.6/site-packages/airflow/example_dags/example_branch_day_of_week_operator.py for tasks to queue
[2022-05-23 11:20:53,339] {logging_mixin.py:104} INFO - [2022-05-23 11:20:53,338] {dagbag.py:487} INFO - Filling up the DagBag from /home/airflow/.local/lib/python3.6/site-packages/airflow/example_dags/example_branch_day_of_week_operator.py
[2022-05-23 11:20:54,435] {scheduler_job.py:643} INFO - DAG(s) dict_keys(['example_weekday_branch_operator']) retrieved from /home/airflow/.local/lib/python3.6/site-packages/airflow/example_dags/example_branch_day_of_week_operator.py
[2022-05-23 11:20:55,566] {logging_mixin.py:104} INFO - [2022-05-23 11:20:55,565] {dag.py:1832} INFO - Sync 1 DAGs
[2022-05-23 11:20:57,251] {logging_mixin.py:104} INFO - [2022-05-23 11:20:57,251] {dag.py:2305} INFO - Setting next_dagrun for example_weekday_branch_operator to 2022-05-21 00:00:00+00:00
[2022-05-23 11:20:57,767] {scheduler_job.py:190} INFO - Processing /home/airflow/.local/lib/python3.6/site-packages/airflow/example_dags/example_branch_day_of_week_operator.py took 4.674 seconds
[2022-05-23 11:23:31,629] {scheduler_job.py:182} INFO - Started process (PID=1684) to work on /home/airflow/.local/lib/python3.6/site-packages/airflow/example_dags/example_branch_day_of_week_operator.py
[2022-05-23 11:23:31,662] {scheduler_job.py:633} INFO - Processing file /home/airflow/.local/lib/python3.6/site-packages/airflow/example_dags/example_branch_day_of_week_operator.py for tasks to queue
[2022-05-23 11:23:31,701] {logging_mixin.py:104} INFO - [2022-05-23 11:23:31,701] {dagbag.py:487} INFO - Filling up the DagBag from /home/airflow/.local/lib/python3.6/site-packages/airflow/example_dags/example_branch_day_of_week_operator.py
[2022-05-23 11:23:32,442] {scheduler_job.py:643} INFO - DAG(s) dict_keys(['example_weekday_branch_operator']) retrieved from /home/airflow/.local/lib/python3.6/site-packages/airflow/example_dags/example_branch_day_of_week_operator.py
[2022-05-23 11:23:33,137] {logging_mixin.py:104} INFO - [2022-05-23 11:23:33,120] {dag.py:1832} INFO - Sync 1 DAGs
[2022-05-23 11:23:34,173] {logging_mixin.py:104} INFO - [2022-05-23 11:23:34,172] {dag.py:2305} INFO - Setting next_dagrun for example_weekday_branch_operator to 2022-05-21 00:00:00+00:00
[2022-05-23 11:23:34,628] {scheduler_job.py:190} INFO - Processing /home/airflow/.local/lib/python3.6/site-packages/airflow/example_dags/example_branch_day_of_week_operator.py took 3.102 seconds
[2022-05-23 11:25:29,446] {scheduler_job.py:182} INFO - Started process (PID=1899) to work on /home/airflow/.local/lib/python3.6/site-packages/airflow/example_dags/example_branch_day_of_week_operator.py
[2022-05-23 11:25:29,503] {scheduler_job.py:633} INFO - Processing file /home/airflow/.local/lib/python3.6/site-packages/airflow/example_dags/example_branch_day_of_week_operator.py for tasks to queue
[2022-05-23 11:25:29,524] {logging_mixin.py:104} INFO - [2022-05-23 11:25:29,524] {dagbag.py:487} INFO - Filling up the DagBag from /home/airflow/.local/lib/python3.6/site-packages/airflow/example_dags/example_branch_day_of_week_operator.py
[2022-05-23 11:25:30,331] {scheduler_job.py:643} INFO - DAG(s) dict_keys(['example_weekday_branch_operator']) retrieved from /home/airflow/.local/lib/python3.6/site-packages/airflow/example_dags/example_branch_day_of_week_operator.py
[2022-05-23 11:25:31,151] {logging_mixin.py:104} INFO - [2022-05-23 11:25:31,151] {dag.py:1832} INFO - Sync 1 DAGs
[2022-05-23 11:25:32,774] {logging_mixin.py:104} INFO - [2022-05-23 11:25:32,743] {dag.py:2305} INFO - Setting next_dagrun for example_weekday_branch_operator to 2022-05-21 00:00:00+00:00
[2022-05-23 11:25:33,141] {scheduler_job.py:190} INFO - Processing /home/airflow/.local/lib/python3.6/site-packages/airflow/example_dags/example_branch_day_of_week_operator.py took 3.830 seconds
[2022-05-23 11:28:22,116] {scheduler_job.py:182} INFO - Started process (PID=2184) to work on /home/airflow/.local/lib/python3.6/site-packages/airflow/example_dags/example_branch_day_of_week_operator.py
[2022-05-23 11:28:22,167] {scheduler_job.py:633} INFO - Processing file /home/airflow/.local/lib/python3.6/site-packages/airflow/example_dags/example_branch_day_of_week_operator.py for tasks to queue
[2022-05-23 11:28:22,219] {logging_mixin.py:104} INFO - [2022-05-23 11:28:22,219] {dagbag.py:487} INFO - Filling up the DagBag from /home/airflow/.local/lib/python3.6/site-packages/airflow/example_dags/example_branch_day_of_week_operator.py
[2022-05-23 11:28:23,288] {scheduler_job.py:643} INFO - DAG(s) dict_keys(['example_weekday_branch_operator']) retrieved from /home/airflow/.local/lib/python3.6/site-packages/airflow/example_dags/example_branch_day_of_week_operator.py
[2022-05-23 11:28:24,259] {logging_mixin.py:104} INFO - [2022-05-23 11:28:24,258] {dag.py:1832} INFO - Sync 1 DAGs
[2022-05-23 11:28:25,642] {logging_mixin.py:104} INFO - [2022-05-23 11:28:25,641] {dag.py:2305} INFO - Setting next_dagrun for example_weekday_branch_operator to 2022-05-21 00:00:00+00:00
[2022-05-23 11:28:26,172] {scheduler_job.py:190} INFO - Processing /home/airflow/.local/lib/python3.6/site-packages/airflow/example_dags/example_branch_day_of_week_operator.py took 4.195 seconds
[2022-05-23 11:42:08,041] {scheduler_job.py:182} INFO - Started process (PID=3277) to work on /home/airflow/.local/lib/python3.6/site-packages/airflow/example_dags/example_branch_day_of_week_operator.py
[2022-05-23 11:42:08,100] {scheduler_job.py:633} INFO - Processing file /home/airflow/.local/lib/python3.6/site-packages/airflow/example_dags/example_branch_day_of_week_operator.py for tasks to queue
[2022-05-23 11:42:08,156] {logging_mixin.py:104} INFO - [2022-05-23 11:42:08,156] {dagbag.py:487} INFO - Filling up the DagBag from /home/airflow/.local/lib/python3.6/site-packages/airflow/example_dags/example_branch_day_of_week_operator.py
[2022-05-23 11:42:10,695] {scheduler_job.py:643} INFO - DAG(s) dict_keys(['example_weekday_branch_operator']) retrieved from /home/airflow/.local/lib/python3.6/site-packages/airflow/example_dags/example_branch_day_of_week_operator.py
[2022-05-23 11:42:12,666] {logging_mixin.py:104} INFO - [2022-05-23 11:42:12,612] {dag.py:1832} INFO - Sync 1 DAGs
[2022-05-23 11:42:15,909] {logging_mixin.py:104} INFO - [2022-05-23 11:42:15,907] {dag.py:2305} INFO - Setting next_dagrun for example_weekday_branch_operator to 2022-05-21 00:00:00+00:00
[2022-05-23 11:42:16,953] {scheduler_job.py:190} INFO - Processing /home/airflow/.local/lib/python3.6/site-packages/airflow/example_dags/example_branch_day_of_week_operator.py took 9.126 seconds
[2022-05-23 12:06:25,316] {scheduler_job.py:182} INFO - Started process (PID=5235) to work on /home/airflow/.local/lib/python3.6/site-packages/airflow/example_dags/example_branch_day_of_week_operator.py
[2022-05-23 12:06:25,442] {scheduler_job.py:633} INFO - Processing file /home/airflow/.local/lib/python3.6/site-packages/airflow/example_dags/example_branch_day_of_week_operator.py for tasks to queue
[2022-05-23 12:06:25,581] {logging_mixin.py:104} INFO - [2022-05-23 12:06:25,529] {dagbag.py:487} INFO - Filling up the DagBag from /home/airflow/.local/lib/python3.6/site-packages/airflow/example_dags/example_branch_day_of_week_operator.py
[2022-05-23 12:06:28,578] {scheduler_job.py:643} INFO - DAG(s) dict_keys(['example_weekday_branch_operator']) retrieved from /home/airflow/.local/lib/python3.6/site-packages/airflow/example_dags/example_branch_day_of_week_operator.py
[2022-05-23 12:06:31,422] {logging_mixin.py:104} INFO - [2022-05-23 12:06:31,421] {dag.py:1832} INFO - Sync 1 DAGs
[2022-05-23 12:06:33,114] {logging_mixin.py:104} INFO - [2022-05-23 12:06:33,059] {dag.py:2305} INFO - Setting next_dagrun for example_weekday_branch_operator to 2022-05-21 00:00:00+00:00
[2022-05-23 12:06:34,090] {scheduler_job.py:190} INFO - Processing /home/airflow/.local/lib/python3.6/site-packages/airflow/example_dags/example_branch_day_of_week_operator.py took 9.134 seconds
[2022-05-23 12:09:37,692] {scheduler_job.py:182} INFO - Started process (PID=5530) to work on /home/airflow/.local/lib/python3.6/site-packages/airflow/example_dags/example_branch_day_of_week_operator.py
[2022-05-23 12:09:37,735] {scheduler_job.py:633} INFO - Processing file /home/airflow/.local/lib/python3.6/site-packages/airflow/example_dags/example_branch_day_of_week_operator.py for tasks to queue
[2022-05-23 12:09:37,765] {logging_mixin.py:104} INFO - [2022-05-23 12:09:37,764] {dagbag.py:487} INFO - Filling up the DagBag from /home/airflow/.local/lib/python3.6/site-packages/airflow/example_dags/example_branch_day_of_week_operator.py
[2022-05-23 12:09:38,630] {scheduler_job.py:643} INFO - DAG(s) dict_keys(['example_weekday_branch_operator']) retrieved from /home/airflow/.local/lib/python3.6/site-packages/airflow/example_dags/example_branch_day_of_week_operator.py
[2022-05-23 12:09:39,680] {logging_mixin.py:104} INFO - [2022-05-23 12:09:39,679] {dag.py:1832} INFO - Sync 1 DAGs
[2022-05-23 12:09:41,164] {logging_mixin.py:104} INFO - [2022-05-23 12:09:41,129] {dag.py:2305} INFO - Setting next_dagrun for example_weekday_branch_operator to 2022-05-21 00:00:00+00:00
[2022-05-23 12:09:41,817] {scheduler_job.py:190} INFO - Processing /home/airflow/.local/lib/python3.6/site-packages/airflow/example_dags/example_branch_day_of_week_operator.py took 4.303 seconds
