[2022-05-23 11:10:17,113] {scheduler_job.py:182} INFO - Started process (PID=443) to work on /home/airflow/.local/lib/python3.6/site-packages/airflow/example_dags/example_kubernetes_executor_config.py
[2022-05-23 11:10:17,137] {scheduler_job.py:633} INFO - Processing file /home/airflow/.local/lib/python3.6/site-packages/airflow/example_dags/example_kubernetes_executor_config.py for tasks to queue
[2022-05-23 11:10:17,146] {logging_mixin.py:104} INFO - [2022-05-23 11:10:17,145] {dagbag.py:487} INFO - Filling up the DagBag from /home/airflow/.local/lib/python3.6/site-packages/airflow/example_dags/example_kubernetes_executor_config.py
[2022-05-23 11:10:17,562] {scheduler_job.py:643} INFO - DAG(s) dict_keys(['example_kubernetes_executor_config']) retrieved from /home/airflow/.local/lib/python3.6/site-packages/airflow/example_dags/example_kubernetes_executor_config.py
[2022-05-23 11:10:26,746] {logging_mixin.py:104} INFO - [2022-05-23 11:10:26,745] {dag.py:1832} INFO - Sync 1 DAGs
[2022-05-23 11:10:27,029] {logging_mixin.py:104} INFO - [2022-05-23 11:10:27,029] {dag.py:2305} INFO - Setting next_dagrun for example_kubernetes_executor_config to None
[2022-05-23 11:10:27,299] {scheduler_job.py:190} INFO - Processing /home/airflow/.local/lib/python3.6/site-packages/airflow/example_dags/example_kubernetes_executor_config.py took 10.228 seconds
[2022-05-23 11:13:55,092] {scheduler_job.py:182} INFO - Started process (PID=733) to work on /home/airflow/.local/lib/python3.6/site-packages/airflow/example_dags/example_kubernetes_executor_config.py
[2022-05-23 11:13:55,263] {scheduler_job.py:633} INFO - Processing file /home/airflow/.local/lib/python3.6/site-packages/airflow/example_dags/example_kubernetes_executor_config.py for tasks to queue
[2022-05-23 11:13:55,337] {logging_mixin.py:104} INFO - [2022-05-23 11:13:55,312] {dagbag.py:487} INFO - Filling up the DagBag from /home/airflow/.local/lib/python3.6/site-packages/airflow/example_dags/example_kubernetes_executor_config.py
[2022-05-23 11:13:56,527] {scheduler_job.py:643} INFO - DAG(s) dict_keys(['example_kubernetes_executor_config']) retrieved from /home/airflow/.local/lib/python3.6/site-packages/airflow/example_dags/example_kubernetes_executor_config.py
[2022-05-23 11:13:58,156] {logging_mixin.py:104} INFO - [2022-05-23 11:13:58,155] {dag.py:1832} INFO - Sync 1 DAGs
[2022-05-23 11:13:59,355] {logging_mixin.py:104} INFO - [2022-05-23 11:13:59,335] {dag.py:2305} INFO - Setting next_dagrun for example_kubernetes_executor_config to None
[2022-05-23 11:13:59,735] {scheduler_job.py:190} INFO - Processing /home/airflow/.local/lib/python3.6/site-packages/airflow/example_dags/example_kubernetes_executor_config.py took 4.881 seconds
[2022-05-23 11:16:13,814] {scheduler_job.py:182} INFO - Started process (PID=933) to work on /home/airflow/.local/lib/python3.6/site-packages/airflow/example_dags/example_kubernetes_executor_config.py
[2022-05-23 11:16:14,183] {scheduler_job.py:633} INFO - Processing file /home/airflow/.local/lib/python3.6/site-packages/airflow/example_dags/example_kubernetes_executor_config.py for tasks to queue
[2022-05-23 11:16:14,377] {logging_mixin.py:104} INFO - [2022-05-23 11:16:14,308] {dagbag.py:487} INFO - Filling up the DagBag from /home/airflow/.local/lib/python3.6/site-packages/airflow/example_dags/example_kubernetes_executor_config.py
[2022-05-23 11:16:16,158] {scheduler_job.py:643} INFO - DAG(s) dict_keys(['example_kubernetes_executor_config']) retrieved from /home/airflow/.local/lib/python3.6/site-packages/airflow/example_dags/example_kubernetes_executor_config.py
[2022-05-23 11:16:17,173] {logging_mixin.py:104} INFO - [2022-05-23 11:16:17,173] {dag.py:1832} INFO - Sync 1 DAGs
[2022-05-23 11:16:18,110] {logging_mixin.py:104} INFO - [2022-05-23 11:16:18,093] {dag.py:2305} INFO - Setting next_dagrun for example_kubernetes_executor_config to None
[2022-05-23 11:16:18,539] {scheduler_job.py:190} INFO - Processing /home/airflow/.local/lib/python3.6/site-packages/airflow/example_dags/example_kubernetes_executor_config.py took 4.868 seconds
[2022-05-23 11:17:14,269] {scheduler_job.py:182} INFO - Started process (PID=1047) to work on /home/airflow/.local/lib/python3.6/site-packages/airflow/example_dags/example_kubernetes_executor_config.py
[2022-05-23 11:17:14,327] {scheduler_job.py:633} INFO - Processing file /home/airflow/.local/lib/python3.6/site-packages/airflow/example_dags/example_kubernetes_executor_config.py for tasks to queue
[2022-05-23 11:17:14,343] {logging_mixin.py:104} INFO - [2022-05-23 11:17:14,343] {dagbag.py:487} INFO - Filling up the DagBag from /home/airflow/.local/lib/python3.6/site-packages/airflow/example_dags/example_kubernetes_executor_config.py
[2022-05-23 11:17:15,114] {scheduler_job.py:643} INFO - DAG(s) dict_keys(['example_kubernetes_executor_config']) retrieved from /home/airflow/.local/lib/python3.6/site-packages/airflow/example_dags/example_kubernetes_executor_config.py
[2022-05-23 11:17:16,119] {logging_mixin.py:104} INFO - [2022-05-23 11:17:16,119] {dag.py:1832} INFO - Sync 1 DAGs
[2022-05-23 11:17:17,497] {logging_mixin.py:104} INFO - [2022-05-23 11:17:17,496] {dag.py:2305} INFO - Setting next_dagrun for example_kubernetes_executor_config to None
[2022-05-23 11:17:18,034] {scheduler_job.py:190} INFO - Processing /home/airflow/.local/lib/python3.6/site-packages/airflow/example_dags/example_kubernetes_executor_config.py took 3.821 seconds
[2022-05-23 11:18:46,061] {scheduler_job.py:182} INFO - Started process (PID=1192) to work on /home/airflow/.local/lib/python3.6/site-packages/airflow/example_dags/example_kubernetes_executor_config.py
[2022-05-23 11:18:46,118] {scheduler_job.py:633} INFO - Processing file /home/airflow/.local/lib/python3.6/site-packages/airflow/example_dags/example_kubernetes_executor_config.py for tasks to queue
[2022-05-23 11:18:46,170] {logging_mixin.py:104} INFO - [2022-05-23 11:18:46,169] {dagbag.py:487} INFO - Filling up the DagBag from /home/airflow/.local/lib/python3.6/site-packages/airflow/example_dags/example_kubernetes_executor_config.py
[2022-05-23 11:18:47,124] {scheduler_job.py:643} INFO - DAG(s) dict_keys(['example_kubernetes_executor_config']) retrieved from /home/airflow/.local/lib/python3.6/site-packages/airflow/example_dags/example_kubernetes_executor_config.py
[2022-05-23 11:18:48,446] {logging_mixin.py:104} INFO - [2022-05-23 11:18:48,444] {dag.py:1832} INFO - Sync 1 DAGs
[2022-05-23 11:18:49,947] {logging_mixin.py:104} INFO - [2022-05-23 11:18:49,929] {dag.py:2305} INFO - Setting next_dagrun for example_kubernetes_executor_config to None
[2022-05-23 11:18:50,425] {scheduler_job.py:190} INFO - Processing /home/airflow/.local/lib/python3.6/site-packages/airflow/example_dags/example_kubernetes_executor_config.py took 4.440 seconds
[2022-05-23 11:19:58,977] {scheduler_job.py:182} INFO - Started process (PID=1321) to work on /home/airflow/.local/lib/python3.6/site-packages/airflow/example_dags/example_kubernetes_executor_config.py
[2022-05-23 11:19:59,028] {scheduler_job.py:633} INFO - Processing file /home/airflow/.local/lib/python3.6/site-packages/airflow/example_dags/example_kubernetes_executor_config.py for tasks to queue
[2022-05-23 11:19:59,069] {logging_mixin.py:104} INFO - [2022-05-23 11:19:59,068] {dagbag.py:487} INFO - Filling up the DagBag from /home/airflow/.local/lib/python3.6/site-packages/airflow/example_dags/example_kubernetes_executor_config.py
[2022-05-23 11:20:00,191] {scheduler_job.py:643} INFO - DAG(s) dict_keys(['example_kubernetes_executor_config']) retrieved from /home/airflow/.local/lib/python3.6/site-packages/airflow/example_dags/example_kubernetes_executor_config.py
[2022-05-23 11:20:01,741] {logging_mixin.py:104} INFO - [2022-05-23 11:20:01,740] {dag.py:1832} INFO - Sync 1 DAGs
[2022-05-23 11:20:02,647] {logging_mixin.py:104} INFO - [2022-05-23 11:20:02,618] {dag.py:2305} INFO - Setting next_dagrun for example_kubernetes_executor_config to None
[2022-05-23 11:20:03,316] {scheduler_job.py:190} INFO - Processing /home/airflow/.local/lib/python3.6/site-packages/airflow/example_dags/example_kubernetes_executor_config.py took 4.526 seconds
[2022-05-23 11:21:47,532] {scheduler_job.py:182} INFO - Started process (PID=1483) to work on /home/airflow/.local/lib/python3.6/site-packages/airflow/example_dags/example_kubernetes_executor_config.py
[2022-05-23 11:21:47,570] {scheduler_job.py:633} INFO - Processing file /home/airflow/.local/lib/python3.6/site-packages/airflow/example_dags/example_kubernetes_executor_config.py for tasks to queue
[2022-05-23 11:21:47,592] {logging_mixin.py:104} INFO - [2022-05-23 11:21:47,579] {dagbag.py:487} INFO - Filling up the DagBag from /home/airflow/.local/lib/python3.6/site-packages/airflow/example_dags/example_kubernetes_executor_config.py
[2022-05-23 11:21:48,417] {scheduler_job.py:643} INFO - DAG(s) dict_keys(['example_kubernetes_executor_config']) retrieved from /home/airflow/.local/lib/python3.6/site-packages/airflow/example_dags/example_kubernetes_executor_config.py
[2022-05-23 11:21:49,541] {logging_mixin.py:104} INFO - [2022-05-23 11:21:49,503] {dag.py:1832} INFO - Sync 1 DAGs
[2022-05-23 11:21:50,549] {logging_mixin.py:104} INFO - [2022-05-23 11:21:50,518] {dag.py:2305} INFO - Setting next_dagrun for example_kubernetes_executor_config to None
[2022-05-23 11:21:51,011] {scheduler_job.py:190} INFO - Processing /home/airflow/.local/lib/python3.6/site-packages/airflow/example_dags/example_kubernetes_executor_config.py took 3.579 seconds
[2022-05-23 11:22:51,419] {scheduler_job.py:182} INFO - Started process (PID=1618) to work on /home/airflow/.local/lib/python3.6/site-packages/airflow/example_dags/example_kubernetes_executor_config.py
[2022-05-23 11:22:51,474] {scheduler_job.py:633} INFO - Processing file /home/airflow/.local/lib/python3.6/site-packages/airflow/example_dags/example_kubernetes_executor_config.py for tasks to queue
[2022-05-23 11:22:51,507] {logging_mixin.py:104} INFO - [2022-05-23 11:22:51,507] {dagbag.py:487} INFO - Filling up the DagBag from /home/airflow/.local/lib/python3.6/site-packages/airflow/example_dags/example_kubernetes_executor_config.py
[2022-05-23 11:22:52,385] {scheduler_job.py:643} INFO - DAG(s) dict_keys(['example_kubernetes_executor_config']) retrieved from /home/airflow/.local/lib/python3.6/site-packages/airflow/example_dags/example_kubernetes_executor_config.py
[2022-05-23 11:22:53,759] {logging_mixin.py:104} INFO - [2022-05-23 11:22:53,751] {dag.py:1832} INFO - Sync 1 DAGs
[2022-05-23 11:22:54,525] {logging_mixin.py:104} INFO - [2022-05-23 11:22:54,524] {dag.py:2305} INFO - Setting next_dagrun for example_kubernetes_executor_config to None
[2022-05-23 11:22:55,036] {scheduler_job.py:190} INFO - Processing /home/airflow/.local/lib/python3.6/site-packages/airflow/example_dags/example_kubernetes_executor_config.py took 3.717 seconds
[2022-05-23 11:24:06,425] {scheduler_job.py:182} INFO - Started process (PID=1748) to work on /home/airflow/.local/lib/python3.6/site-packages/airflow/example_dags/example_kubernetes_executor_config.py
[2022-05-23 11:24:06,467] {scheduler_job.py:633} INFO - Processing file /home/airflow/.local/lib/python3.6/site-packages/airflow/example_dags/example_kubernetes_executor_config.py for tasks to queue
[2022-05-23 11:24:06,495] {logging_mixin.py:104} INFO - [2022-05-23 11:24:06,495] {dagbag.py:487} INFO - Filling up the DagBag from /home/airflow/.local/lib/python3.6/site-packages/airflow/example_dags/example_kubernetes_executor_config.py
[2022-05-23 11:24:07,184] {scheduler_job.py:643} INFO - DAG(s) dict_keys(['example_kubernetes_executor_config']) retrieved from /home/airflow/.local/lib/python3.6/site-packages/airflow/example_dags/example_kubernetes_executor_config.py
[2022-05-23 11:24:08,025] {logging_mixin.py:104} INFO - [2022-05-23 11:24:08,024] {dag.py:1832} INFO - Sync 1 DAGs
[2022-05-23 11:24:08,895] {logging_mixin.py:104} INFO - [2022-05-23 11:24:08,895] {dag.py:2305} INFO - Setting next_dagrun for example_kubernetes_executor_config to None
[2022-05-23 11:24:09,284] {scheduler_job.py:190} INFO - Processing /home/airflow/.local/lib/python3.6/site-packages/airflow/example_dags/example_kubernetes_executor_config.py took 2.944 seconds
[2022-05-23 11:24:50,458] {scheduler_job.py:182} INFO - Started process (PID=1846) to work on /home/airflow/.local/lib/python3.6/site-packages/airflow/example_dags/example_kubernetes_executor_config.py
[2022-05-23 11:24:50,510] {scheduler_job.py:633} INFO - Processing file /home/airflow/.local/lib/python3.6/site-packages/airflow/example_dags/example_kubernetes_executor_config.py for tasks to queue
[2022-05-23 11:24:50,532] {logging_mixin.py:104} INFO - [2022-05-23 11:24:50,532] {dagbag.py:487} INFO - Filling up the DagBag from /home/airflow/.local/lib/python3.6/site-packages/airflow/example_dags/example_kubernetes_executor_config.py
[2022-05-23 11:24:51,096] {scheduler_job.py:643} INFO - DAG(s) dict_keys(['example_kubernetes_executor_config']) retrieved from /home/airflow/.local/lib/python3.6/site-packages/airflow/example_dags/example_kubernetes_executor_config.py
[2022-05-23 11:24:52,072] {logging_mixin.py:104} INFO - [2022-05-23 11:24:52,071] {dag.py:1832} INFO - Sync 1 DAGs
[2022-05-23 11:24:53,274] {logging_mixin.py:104} INFO - [2022-05-23 11:24:53,273] {dag.py:2305} INFO - Setting next_dagrun for example_kubernetes_executor_config to None
[2022-05-23 11:24:54,081] {scheduler_job.py:190} INFO - Processing /home/airflow/.local/lib/python3.6/site-packages/airflow/example_dags/example_kubernetes_executor_config.py took 3.733 seconds
[2022-05-23 11:26:08,891] {scheduler_job.py:182} INFO - Started process (PID=1958) to work on /home/airflow/.local/lib/python3.6/site-packages/airflow/example_dags/example_kubernetes_executor_config.py
[2022-05-23 11:26:08,954] {scheduler_job.py:633} INFO - Processing file /home/airflow/.local/lib/python3.6/site-packages/airflow/example_dags/example_kubernetes_executor_config.py for tasks to queue
[2022-05-23 11:26:08,981] {logging_mixin.py:104} INFO - [2022-05-23 11:26:08,980] {dagbag.py:487} INFO - Filling up the DagBag from /home/airflow/.local/lib/python3.6/site-packages/airflow/example_dags/example_kubernetes_executor_config.py
[2022-05-23 11:26:09,647] {scheduler_job.py:643} INFO - DAG(s) dict_keys(['example_kubernetes_executor_config']) retrieved from /home/airflow/.local/lib/python3.6/site-packages/airflow/example_dags/example_kubernetes_executor_config.py
[2022-05-23 11:26:10,984] {logging_mixin.py:104} INFO - [2022-05-23 11:26:10,964] {dag.py:1832} INFO - Sync 1 DAGs
[2022-05-23 11:26:11,968] {logging_mixin.py:104} INFO - [2022-05-23 11:26:11,954] {dag.py:2305} INFO - Setting next_dagrun for example_kubernetes_executor_config to None
[2022-05-23 11:26:12,308] {scheduler_job.py:190} INFO - Processing /home/airflow/.local/lib/python3.6/site-packages/airflow/example_dags/example_kubernetes_executor_config.py took 3.562 seconds
[2022-05-23 11:27:25,378] {scheduler_job.py:182} INFO - Started process (PID=2097) to work on /home/airflow/.local/lib/python3.6/site-packages/airflow/example_dags/example_kubernetes_executor_config.py
[2022-05-23 11:27:25,407] {scheduler_job.py:633} INFO - Processing file /home/airflow/.local/lib/python3.6/site-packages/airflow/example_dags/example_kubernetes_executor_config.py for tasks to queue
[2022-05-23 11:27:25,463] {logging_mixin.py:104} INFO - [2022-05-23 11:27:25,448] {dagbag.py:487} INFO - Filling up the DagBag from /home/airflow/.local/lib/python3.6/site-packages/airflow/example_dags/example_kubernetes_executor_config.py
[2022-05-23 11:27:26,170] {scheduler_job.py:643} INFO - DAG(s) dict_keys(['example_kubernetes_executor_config']) retrieved from /home/airflow/.local/lib/python3.6/site-packages/airflow/example_dags/example_kubernetes_executor_config.py
[2022-05-23 11:27:27,373] {logging_mixin.py:104} INFO - [2022-05-23 11:27:27,372] {dag.py:1832} INFO - Sync 1 DAGs
[2022-05-23 11:27:29,012] {logging_mixin.py:104} INFO - [2022-05-23 11:27:29,011] {dag.py:2305} INFO - Setting next_dagrun for example_kubernetes_executor_config to None
[2022-05-23 11:27:29,797] {scheduler_job.py:190} INFO - Processing /home/airflow/.local/lib/python3.6/site-packages/airflow/example_dags/example_kubernetes_executor_config.py took 4.519 seconds
[2022-05-23 11:29:44,301] {scheduler_job.py:182} INFO - Started process (PID=2297) to work on /home/airflow/.local/lib/python3.6/site-packages/airflow/example_dags/example_kubernetes_executor_config.py
[2022-05-23 11:29:44,359] {scheduler_job.py:633} INFO - Processing file /home/airflow/.local/lib/python3.6/site-packages/airflow/example_dags/example_kubernetes_executor_config.py for tasks to queue
[2022-05-23 11:29:44,386] {logging_mixin.py:104} INFO - [2022-05-23 11:29:44,385] {dagbag.py:487} INFO - Filling up the DagBag from /home/airflow/.local/lib/python3.6/site-packages/airflow/example_dags/example_kubernetes_executor_config.py
[2022-05-23 11:29:45,427] {scheduler_job.py:643} INFO - DAG(s) dict_keys(['example_kubernetes_executor_config']) retrieved from /home/airflow/.local/lib/python3.6/site-packages/airflow/example_dags/example_kubernetes_executor_config.py
[2022-05-23 11:29:46,803] {logging_mixin.py:104} INFO - [2022-05-23 11:29:46,802] {dag.py:1832} INFO - Sync 1 DAGs
[2022-05-23 11:29:48,849] {logging_mixin.py:104} INFO - [2022-05-23 11:29:48,830] {dag.py:2305} INFO - Setting next_dagrun for example_kubernetes_executor_config to None
[2022-05-23 11:29:49,480] {scheduler_job.py:190} INFO - Processing /home/airflow/.local/lib/python3.6/site-packages/airflow/example_dags/example_kubernetes_executor_config.py took 5.310 seconds
[2022-05-23 11:30:47,744] {scheduler_job.py:182} INFO - Started process (PID=2383) to work on /home/airflow/.local/lib/python3.6/site-packages/airflow/example_dags/example_kubernetes_executor_config.py
[2022-05-23 11:30:47,759] {scheduler_job.py:633} INFO - Processing file /home/airflow/.local/lib/python3.6/site-packages/airflow/example_dags/example_kubernetes_executor_config.py for tasks to queue
[2022-05-23 11:30:47,771] {logging_mixin.py:104} INFO - [2022-05-23 11:30:47,770] {dagbag.py:487} INFO - Filling up the DagBag from /home/airflow/.local/lib/python3.6/site-packages/airflow/example_dags/example_kubernetes_executor_config.py
[2022-05-23 11:30:49,735] {scheduler_job.py:643} INFO - DAG(s) dict_keys(['example_kubernetes_executor_config']) retrieved from /home/airflow/.local/lib/python3.6/site-packages/airflow/example_dags/example_kubernetes_executor_config.py
[2022-05-23 11:30:52,485] {logging_mixin.py:104} INFO - [2022-05-23 11:30:52,484] {dag.py:1832} INFO - Sync 1 DAGs
[2022-05-23 11:30:53,634] {logging_mixin.py:104} INFO - [2022-05-23 11:30:53,633] {dag.py:2305} INFO - Setting next_dagrun for example_kubernetes_executor_config to None
[2022-05-23 11:30:54,875] {scheduler_job.py:190} INFO - Processing /home/airflow/.local/lib/python3.6/site-packages/airflow/example_dags/example_kubernetes_executor_config.py took 7.165 seconds
[2022-05-23 11:35:10,384] {scheduler_job.py:182} INFO - Started process (PID=2685) to work on /home/airflow/.local/lib/python3.6/site-packages/airflow/example_dags/example_kubernetes_executor_config.py
[2022-05-23 11:35:10,583] {scheduler_job.py:633} INFO - Processing file /home/airflow/.local/lib/python3.6/site-packages/airflow/example_dags/example_kubernetes_executor_config.py for tasks to queue
[2022-05-23 11:35:10,705] {logging_mixin.py:104} INFO - [2022-05-23 11:35:10,660] {dagbag.py:487} INFO - Filling up the DagBag from /home/airflow/.local/lib/python3.6/site-packages/airflow/example_dags/example_kubernetes_executor_config.py
[2022-05-23 11:35:14,771] {scheduler_job.py:643} INFO - DAG(s) dict_keys(['example_kubernetes_executor_config']) retrieved from /home/airflow/.local/lib/python3.6/site-packages/airflow/example_dags/example_kubernetes_executor_config.py
[2022-05-23 11:35:18,305] {logging_mixin.py:104} INFO - [2022-05-23 11:35:18,268] {dag.py:1832} INFO - Sync 1 DAGs
[2022-05-23 11:35:20,350] {logging_mixin.py:104} INFO - [2022-05-23 11:35:20,348] {dag.py:2305} INFO - Setting next_dagrun for example_kubernetes_executor_config to None
[2022-05-23 11:35:23,555] {scheduler_job.py:190} INFO - Processing /home/airflow/.local/lib/python3.6/site-packages/airflow/example_dags/example_kubernetes_executor_config.py took 13.585 seconds
[2022-05-23 11:35:56,452] {scheduler_job.py:182} INFO - Started process (PID=2747) to work on /home/airflow/.local/lib/python3.6/site-packages/airflow/example_dags/example_kubernetes_executor_config.py
[2022-05-23 11:35:56,529] {scheduler_job.py:633} INFO - Processing file /home/airflow/.local/lib/python3.6/site-packages/airflow/example_dags/example_kubernetes_executor_config.py for tasks to queue
[2022-05-23 11:35:56,597] {logging_mixin.py:104} INFO - [2022-05-23 11:35:56,596] {dagbag.py:487} INFO - Filling up the DagBag from /home/airflow/.local/lib/python3.6/site-packages/airflow/example_dags/example_kubernetes_executor_config.py
[2022-05-23 11:35:58,403] {scheduler_job.py:643} INFO - DAG(s) dict_keys(['example_kubernetes_executor_config']) retrieved from /home/airflow/.local/lib/python3.6/site-packages/airflow/example_dags/example_kubernetes_executor_config.py
[2022-05-23 11:36:00,235] {logging_mixin.py:104} INFO - [2022-05-23 11:36:00,199] {dag.py:1832} INFO - Sync 1 DAGs
[2022-05-23 11:36:01,502] {logging_mixin.py:104} INFO - [2022-05-23 11:36:01,449] {dag.py:2305} INFO - Setting next_dagrun for example_kubernetes_executor_config to None
[2022-05-23 11:36:02,370] {scheduler_job.py:190} INFO - Processing /home/airflow/.local/lib/python3.6/site-packages/airflow/example_dags/example_kubernetes_executor_config.py took 6.106 seconds
[2022-05-23 11:39:09,161] {scheduler_job.py:182} INFO - Started process (PID=3013) to work on /home/airflow/.local/lib/python3.6/site-packages/airflow/example_dags/example_kubernetes_executor_config.py
[2022-05-23 11:39:09,298] {scheduler_job.py:633} INFO - Processing file /home/airflow/.local/lib/python3.6/site-packages/airflow/example_dags/example_kubernetes_executor_config.py for tasks to queue
[2022-05-23 11:39:09,403] {logging_mixin.py:104} INFO - [2022-05-23 11:39:09,402] {dagbag.py:487} INFO - Filling up the DagBag from /home/airflow/.local/lib/python3.6/site-packages/airflow/example_dags/example_kubernetes_executor_config.py
[2022-05-23 11:39:11,822] {scheduler_job.py:643} INFO - DAG(s) dict_keys(['example_kubernetes_executor_config']) retrieved from /home/airflow/.local/lib/python3.6/site-packages/airflow/example_dags/example_kubernetes_executor_config.py
[2022-05-23 11:39:14,748] {logging_mixin.py:104} INFO - [2022-05-23 11:39:14,671] {dag.py:1832} INFO - Sync 1 DAGs
[2022-05-23 11:39:16,599] {logging_mixin.py:104} INFO - [2022-05-23 11:39:16,599] {dag.py:2305} INFO - Setting next_dagrun for example_kubernetes_executor_config to None
[2022-05-23 11:39:17,870] {scheduler_job.py:190} INFO - Processing /home/airflow/.local/lib/python3.6/site-packages/airflow/example_dags/example_kubernetes_executor_config.py took 9.151 seconds
[2022-05-23 11:40:13,755] {scheduler_job.py:182} INFO - Started process (PID=3098) to work on /home/airflow/.local/lib/python3.6/site-packages/airflow/example_dags/example_kubernetes_executor_config.py
[2022-05-23 11:40:13,815] {scheduler_job.py:633} INFO - Processing file /home/airflow/.local/lib/python3.6/site-packages/airflow/example_dags/example_kubernetes_executor_config.py for tasks to queue
[2022-05-23 11:40:13,850] {logging_mixin.py:104} INFO - [2022-05-23 11:40:13,850] {dagbag.py:487} INFO - Filling up the DagBag from /home/airflow/.local/lib/python3.6/site-packages/airflow/example_dags/example_kubernetes_executor_config.py
[2022-05-23 11:40:15,538] {scheduler_job.py:643} INFO - DAG(s) dict_keys(['example_kubernetes_executor_config']) retrieved from /home/airflow/.local/lib/python3.6/site-packages/airflow/example_dags/example_kubernetes_executor_config.py
[2022-05-23 11:40:17,872] {logging_mixin.py:104} INFO - [2022-05-23 11:40:17,872] {dag.py:1832} INFO - Sync 1 DAGs
[2022-05-23 11:40:19,096] {logging_mixin.py:104} INFO - [2022-05-23 11:40:19,049] {dag.py:2305} INFO - Setting next_dagrun for example_kubernetes_executor_config to None
[2022-05-23 11:40:19,944] {scheduler_job.py:190} INFO - Processing /home/airflow/.local/lib/python3.6/site-packages/airflow/example_dags/example_kubernetes_executor_config.py took 6.334 seconds
[2022-05-23 11:43:21,495] {scheduler_job.py:182} INFO - Started process (PID=3369) to work on /home/airflow/.local/lib/python3.6/site-packages/airflow/example_dags/example_kubernetes_executor_config.py
[2022-05-23 11:43:21,598] {scheduler_job.py:633} INFO - Processing file /home/airflow/.local/lib/python3.6/site-packages/airflow/example_dags/example_kubernetes_executor_config.py for tasks to queue
[2022-05-23 11:43:21,689] {logging_mixin.py:104} INFO - [2022-05-23 11:43:21,666] {dagbag.py:487} INFO - Filling up the DagBag from /home/airflow/.local/lib/python3.6/site-packages/airflow/example_dags/example_kubernetes_executor_config.py
[2022-05-23 11:43:23,800] {scheduler_job.py:643} INFO - DAG(s) dict_keys(['example_kubernetes_executor_config']) retrieved from /home/airflow/.local/lib/python3.6/site-packages/airflow/example_dags/example_kubernetes_executor_config.py
[2022-05-23 11:43:26,600] {logging_mixin.py:104} INFO - [2022-05-23 11:43:26,599] {dag.py:1832} INFO - Sync 1 DAGs
[2022-05-23 11:43:28,206] {logging_mixin.py:104} INFO - [2022-05-23 11:43:28,150] {dag.py:2305} INFO - Setting next_dagrun for example_kubernetes_executor_config to None
[2022-05-23 11:43:29,406] {scheduler_job.py:190} INFO - Processing /home/airflow/.local/lib/python3.6/site-packages/airflow/example_dags/example_kubernetes_executor_config.py took 8.080 seconds
[2022-05-23 11:44:23,482] {scheduler_job.py:182} INFO - Started process (PID=3458) to work on /home/airflow/.local/lib/python3.6/site-packages/airflow/example_dags/example_kubernetes_executor_config.py
[2022-05-23 11:44:23,629] {scheduler_job.py:633} INFO - Processing file /home/airflow/.local/lib/python3.6/site-packages/airflow/example_dags/example_kubernetes_executor_config.py for tasks to queue
[2022-05-23 11:44:23,837] {logging_mixin.py:104} INFO - [2022-05-23 11:44:23,766] {dagbag.py:487} INFO - Filling up the DagBag from /home/airflow/.local/lib/python3.6/site-packages/airflow/example_dags/example_kubernetes_executor_config.py
[2022-05-23 11:44:26,550] {scheduler_job.py:643} INFO - DAG(s) dict_keys(['example_kubernetes_executor_config']) retrieved from /home/airflow/.local/lib/python3.6/site-packages/airflow/example_dags/example_kubernetes_executor_config.py
[2022-05-23 11:44:29,424] {logging_mixin.py:104} INFO - [2022-05-23 11:44:29,361] {dag.py:1832} INFO - Sync 1 DAGs
[2022-05-23 11:44:30,779] {logging_mixin.py:104} INFO - [2022-05-23 11:44:30,778] {dag.py:2305} INFO - Setting next_dagrun for example_kubernetes_executor_config to None
[2022-05-23 11:44:31,874] {scheduler_job.py:190} INFO - Processing /home/airflow/.local/lib/python3.6/site-packages/airflow/example_dags/example_kubernetes_executor_config.py took 8.650 seconds
[2022-05-23 11:45:45,364] {scheduler_job.py:182} INFO - Started process (PID=3553) to work on /home/airflow/.local/lib/python3.6/site-packages/airflow/example_dags/example_kubernetes_executor_config.py
[2022-05-23 11:45:45,549] {scheduler_job.py:633} INFO - Processing file /home/airflow/.local/lib/python3.6/site-packages/airflow/example_dags/example_kubernetes_executor_config.py for tasks to queue
[2022-05-23 11:45:45,632] {logging_mixin.py:104} INFO - [2022-05-23 11:45:45,631] {dagbag.py:487} INFO - Filling up the DagBag from /home/airflow/.local/lib/python3.6/site-packages/airflow/example_dags/example_kubernetes_executor_config.py
[2022-05-23 11:45:49,173] {scheduler_job.py:643} INFO - DAG(s) dict_keys(['example_kubernetes_executor_config']) retrieved from /home/airflow/.local/lib/python3.6/site-packages/airflow/example_dags/example_kubernetes_executor_config.py
[2022-05-23 11:45:53,966] {logging_mixin.py:104} INFO - [2022-05-23 11:45:53,852] {dag.py:1832} INFO - Sync 1 DAGs
[2022-05-23 11:45:57,158] {logging_mixin.py:104} INFO - [2022-05-23 11:45:57,061] {dag.py:2305} INFO - Setting next_dagrun for example_kubernetes_executor_config to None
[2022-05-23 11:45:58,876] {scheduler_job.py:190} INFO - Processing /home/airflow/.local/lib/python3.6/site-packages/airflow/example_dags/example_kubernetes_executor_config.py took 13.964 seconds
[2022-05-23 11:47:10,469] {scheduler_job.py:182} INFO - Started process (PID=3654) to work on /home/airflow/.local/lib/python3.6/site-packages/airflow/example_dags/example_kubernetes_executor_config.py
[2022-05-23 11:47:10,661] {scheduler_job.py:633} INFO - Processing file /home/airflow/.local/lib/python3.6/site-packages/airflow/example_dags/example_kubernetes_executor_config.py for tasks to queue
[2022-05-23 11:47:10,682] {logging_mixin.py:104} INFO - [2022-05-23 11:47:10,681] {dagbag.py:487} INFO - Filling up the DagBag from /home/airflow/.local/lib/python3.6/site-packages/airflow/example_dags/example_kubernetes_executor_config.py
[2022-05-23 11:47:13,097] {scheduler_job.py:643} INFO - DAG(s) dict_keys(['example_kubernetes_executor_config']) retrieved from /home/airflow/.local/lib/python3.6/site-packages/airflow/example_dags/example_kubernetes_executor_config.py
[2022-05-23 11:47:15,330] {logging_mixin.py:104} INFO - [2022-05-23 11:47:15,329] {dag.py:1832} INFO - Sync 1 DAGs
[2022-05-23 11:47:16,736] {logging_mixin.py:104} INFO - [2022-05-23 11:47:16,679] {dag.py:2305} INFO - Setting next_dagrun for example_kubernetes_executor_config to None
[2022-05-23 11:47:17,890] {scheduler_job.py:190} INFO - Processing /home/airflow/.local/lib/python3.6/site-packages/airflow/example_dags/example_kubernetes_executor_config.py took 7.610 seconds
[2022-05-23 11:47:59,642] {scheduler_job.py:182} INFO - Started process (PID=3719) to work on /home/airflow/.local/lib/python3.6/site-packages/airflow/example_dags/example_kubernetes_executor_config.py
[2022-05-23 11:47:59,748] {scheduler_job.py:633} INFO - Processing file /home/airflow/.local/lib/python3.6/site-packages/airflow/example_dags/example_kubernetes_executor_config.py for tasks to queue
[2022-05-23 11:47:59,791] {logging_mixin.py:104} INFO - [2022-05-23 11:47:59,791] {dagbag.py:487} INFO - Filling up the DagBag from /home/airflow/.local/lib/python3.6/site-packages/airflow/example_dags/example_kubernetes_executor_config.py
[2022-05-23 11:48:01,932] {scheduler_job.py:643} INFO - DAG(s) dict_keys(['example_kubernetes_executor_config']) retrieved from /home/airflow/.local/lib/python3.6/site-packages/airflow/example_dags/example_kubernetes_executor_config.py
[2022-05-23 11:48:03,568] {logging_mixin.py:104} INFO - [2022-05-23 11:48:03,550] {dag.py:1832} INFO - Sync 1 DAGs
[2022-05-23 11:48:04,457] {logging_mixin.py:104} INFO - [2022-05-23 11:48:04,456] {dag.py:2305} INFO - Setting next_dagrun for example_kubernetes_executor_config to None
[2022-05-23 11:48:05,535] {scheduler_job.py:190} INFO - Processing /home/airflow/.local/lib/python3.6/site-packages/airflow/example_dags/example_kubernetes_executor_config.py took 6.118 seconds
[2022-05-23 11:51:21,549] {scheduler_job.py:182} INFO - Started process (PID=4001) to work on /home/airflow/.local/lib/python3.6/site-packages/airflow/example_dags/example_kubernetes_executor_config.py
[2022-05-23 11:51:21,664] {scheduler_job.py:633} INFO - Processing file /home/airflow/.local/lib/python3.6/site-packages/airflow/example_dags/example_kubernetes_executor_config.py for tasks to queue
[2022-05-23 11:51:21,866] {logging_mixin.py:104} INFO - [2022-05-23 11:51:21,865] {dagbag.py:487} INFO - Filling up the DagBag from /home/airflow/.local/lib/python3.6/site-packages/airflow/example_dags/example_kubernetes_executor_config.py
[2022-05-23 11:51:24,986] {scheduler_job.py:643} INFO - DAG(s) dict_keys(['example_kubernetes_executor_config']) retrieved from /home/airflow/.local/lib/python3.6/site-packages/airflow/example_dags/example_kubernetes_executor_config.py
[2022-05-23 11:51:28,729] {logging_mixin.py:104} INFO - [2022-05-23 11:51:28,728] {dag.py:1832} INFO - Sync 1 DAGs
[2022-05-23 11:51:31,047] {logging_mixin.py:104} INFO - [2022-05-23 11:51:31,045] {dag.py:2305} INFO - Setting next_dagrun for example_kubernetes_executor_config to None
[2022-05-23 11:51:32,786] {scheduler_job.py:190} INFO - Processing /home/airflow/.local/lib/python3.6/site-packages/airflow/example_dags/example_kubernetes_executor_config.py took 11.540 seconds
[2022-05-23 11:52:38,406] {scheduler_job.py:182} INFO - Started process (PID=4094) to work on /home/airflow/.local/lib/python3.6/site-packages/airflow/example_dags/example_kubernetes_executor_config.py
[2022-05-23 11:52:38,569] {scheduler_job.py:633} INFO - Processing file /home/airflow/.local/lib/python3.6/site-packages/airflow/example_dags/example_kubernetes_executor_config.py for tasks to queue
[2022-05-23 11:52:38,655] {logging_mixin.py:104} INFO - [2022-05-23 11:52:38,654] {dagbag.py:487} INFO - Filling up the DagBag from /home/airflow/.local/lib/python3.6/site-packages/airflow/example_dags/example_kubernetes_executor_config.py
[2022-05-23 11:52:41,235] {scheduler_job.py:643} INFO - DAG(s) dict_keys(['example_kubernetes_executor_config']) retrieved from /home/airflow/.local/lib/python3.6/site-packages/airflow/example_dags/example_kubernetes_executor_config.py
[2022-05-23 11:52:46,010] {logging_mixin.py:104} INFO - [2022-05-23 11:52:45,976] {dag.py:1832} INFO - Sync 1 DAGs
[2022-05-23 11:52:53,000] {logging_mixin.py:104} INFO - [2022-05-23 11:52:52,878] {dag.py:2305} INFO - Setting next_dagrun for example_kubernetes_executor_config to None
[2022-05-23 11:52:55,065] {scheduler_job.py:190} INFO - Processing /home/airflow/.local/lib/python3.6/site-packages/airflow/example_dags/example_kubernetes_executor_config.py took 17.082 seconds
[2022-05-23 11:55:40,665] {scheduler_job.py:182} INFO - Started process (PID=4306) to work on /home/airflow/.local/lib/python3.6/site-packages/airflow/example_dags/example_kubernetes_executor_config.py
[2022-05-23 11:55:40,811] {scheduler_job.py:633} INFO - Processing file /home/airflow/.local/lib/python3.6/site-packages/airflow/example_dags/example_kubernetes_executor_config.py for tasks to queue
[2022-05-23 11:55:40,896] {logging_mixin.py:104} INFO - [2022-05-23 11:55:40,895] {dagbag.py:487} INFO - Filling up the DagBag from /home/airflow/.local/lib/python3.6/site-packages/airflow/example_dags/example_kubernetes_executor_config.py
[2022-05-23 11:55:43,807] {scheduler_job.py:643} INFO - DAG(s) dict_keys(['example_kubernetes_executor_config']) retrieved from /home/airflow/.local/lib/python3.6/site-packages/airflow/example_dags/example_kubernetes_executor_config.py
[2022-05-23 11:55:47,852] {logging_mixin.py:104} INFO - [2022-05-23 11:55:47,850] {dag.py:1832} INFO - Sync 1 DAGs
[2022-05-23 11:55:49,374] {logging_mixin.py:104} INFO - [2022-05-23 11:55:49,335] {dag.py:2305} INFO - Setting next_dagrun for example_kubernetes_executor_config to None
[2022-05-23 11:55:52,144] {scheduler_job.py:190} INFO - Processing /home/airflow/.local/lib/python3.6/site-packages/airflow/example_dags/example_kubernetes_executor_config.py took 11.849 seconds
[2022-05-23 11:58:47,070] {scheduler_job.py:182} INFO - Started process (PID=4525) to work on /home/airflow/.local/lib/python3.6/site-packages/airflow/example_dags/example_kubernetes_executor_config.py
[2022-05-23 11:58:47,212] {scheduler_job.py:633} INFO - Processing file /home/airflow/.local/lib/python3.6/site-packages/airflow/example_dags/example_kubernetes_executor_config.py for tasks to queue
[2022-05-23 11:58:47,296] {logging_mixin.py:104} INFO - [2022-05-23 11:58:47,295] {dagbag.py:487} INFO - Filling up the DagBag from /home/airflow/.local/lib/python3.6/site-packages/airflow/example_dags/example_kubernetes_executor_config.py
[2022-05-23 11:58:49,083] {scheduler_job.py:643} INFO - DAG(s) dict_keys(['example_kubernetes_executor_config']) retrieved from /home/airflow/.local/lib/python3.6/site-packages/airflow/example_dags/example_kubernetes_executor_config.py
[2022-05-23 11:58:51,718] {logging_mixin.py:104} INFO - [2022-05-23 11:58:51,717] {dag.py:1832} INFO - Sync 1 DAGs
[2022-05-23 11:58:53,041] {logging_mixin.py:104} INFO - [2022-05-23 11:58:53,041] {dag.py:2305} INFO - Setting next_dagrun for example_kubernetes_executor_config to None
[2022-05-23 11:58:54,054] {scheduler_job.py:190} INFO - Processing /home/airflow/.local/lib/python3.6/site-packages/airflow/example_dags/example_kubernetes_executor_config.py took 7.182 seconds
[2022-05-23 12:00:57,723] {scheduler_job.py:182} INFO - Started process (PID=4727) to work on /home/airflow/.local/lib/python3.6/site-packages/airflow/example_dags/example_kubernetes_executor_config.py
[2022-05-23 12:00:57,885] {scheduler_job.py:633} INFO - Processing file /home/airflow/.local/lib/python3.6/site-packages/airflow/example_dags/example_kubernetes_executor_config.py for tasks to queue
[2022-05-23 12:00:57,999] {logging_mixin.py:104} INFO - [2022-05-23 12:00:57,999] {dagbag.py:487} INFO - Filling up the DagBag from /home/airflow/.local/lib/python3.6/site-packages/airflow/example_dags/example_kubernetes_executor_config.py
[2022-05-23 12:01:01,359] {scheduler_job.py:643} INFO - DAG(s) dict_keys(['example_kubernetes_executor_config']) retrieved from /home/airflow/.local/lib/python3.6/site-packages/airflow/example_dags/example_kubernetes_executor_config.py
[2022-05-23 12:01:05,218] {logging_mixin.py:104} INFO - [2022-05-23 12:01:05,217] {dag.py:1832} INFO - Sync 1 DAGs
[2022-05-23 12:01:07,140] {logging_mixin.py:104} INFO - [2022-05-23 12:01:07,139] {dag.py:2305} INFO - Setting next_dagrun for example_kubernetes_executor_config to None
[2022-05-23 12:01:09,045] {scheduler_job.py:190} INFO - Processing /home/airflow/.local/lib/python3.6/site-packages/airflow/example_dags/example_kubernetes_executor_config.py took 11.702 seconds
[2022-05-23 12:02:02,488] {scheduler_job.py:182} INFO - Started process (PID=4821) to work on /home/airflow/.local/lib/python3.6/site-packages/airflow/example_dags/example_kubernetes_executor_config.py
[2022-05-23 12:02:02,627] {scheduler_job.py:633} INFO - Processing file /home/airflow/.local/lib/python3.6/site-packages/airflow/example_dags/example_kubernetes_executor_config.py for tasks to queue
[2022-05-23 12:02:02,669] {logging_mixin.py:104} INFO - [2022-05-23 12:02:02,668] {dagbag.py:487} INFO - Filling up the DagBag from /home/airflow/.local/lib/python3.6/site-packages/airflow/example_dags/example_kubernetes_executor_config.py
[2022-05-23 12:02:04,910] {scheduler_job.py:643} INFO - DAG(s) dict_keys(['example_kubernetes_executor_config']) retrieved from /home/airflow/.local/lib/python3.6/site-packages/airflow/example_dags/example_kubernetes_executor_config.py
[2022-05-23 12:02:07,643] {logging_mixin.py:104} INFO - [2022-05-23 12:02:07,642] {dag.py:1832} INFO - Sync 1 DAGs
[2022-05-23 12:02:09,146] {logging_mixin.py:104} INFO - [2022-05-23 12:02:09,006] {dag.py:2305} INFO - Setting next_dagrun for example_kubernetes_executor_config to None
[2022-05-23 12:02:10,516] {scheduler_job.py:190} INFO - Processing /home/airflow/.local/lib/python3.6/site-packages/airflow/example_dags/example_kubernetes_executor_config.py took 8.356 seconds
[2022-05-23 12:03:09,066] {scheduler_job.py:182} INFO - Started process (PID=4925) to work on /home/airflow/.local/lib/python3.6/site-packages/airflow/example_dags/example_kubernetes_executor_config.py
[2022-05-23 12:03:09,178] {scheduler_job.py:633} INFO - Processing file /home/airflow/.local/lib/python3.6/site-packages/airflow/example_dags/example_kubernetes_executor_config.py for tasks to queue
[2022-05-23 12:03:09,276] {logging_mixin.py:104} INFO - [2022-05-23 12:03:09,275] {dagbag.py:487} INFO - Filling up the DagBag from /home/airflow/.local/lib/python3.6/site-packages/airflow/example_dags/example_kubernetes_executor_config.py
[2022-05-23 12:03:11,883] {scheduler_job.py:643} INFO - DAG(s) dict_keys(['example_kubernetes_executor_config']) retrieved from /home/airflow/.local/lib/python3.6/site-packages/airflow/example_dags/example_kubernetes_executor_config.py
[2022-05-23 12:03:14,539] {logging_mixin.py:104} INFO - [2022-05-23 12:03:14,538] {dag.py:1832} INFO - Sync 1 DAGs
[2022-05-23 12:03:16,210] {logging_mixin.py:104} INFO - [2022-05-23 12:03:16,136] {dag.py:2305} INFO - Setting next_dagrun for example_kubernetes_executor_config to None
[2022-05-23 12:03:17,253] {scheduler_job.py:190} INFO - Processing /home/airflow/.local/lib/python3.6/site-packages/airflow/example_dags/example_kubernetes_executor_config.py took 8.519 seconds
[2022-05-23 12:04:13,804] {scheduler_job.py:182} INFO - Started process (PID=5029) to work on /home/airflow/.local/lib/python3.6/site-packages/airflow/example_dags/example_kubernetes_executor_config.py
[2022-05-23 12:04:13,871] {scheduler_job.py:633} INFO - Processing file /home/airflow/.local/lib/python3.6/site-packages/airflow/example_dags/example_kubernetes_executor_config.py for tasks to queue
[2022-05-23 12:04:13,957] {logging_mixin.py:104} INFO - [2022-05-23 12:04:13,956] {dagbag.py:487} INFO - Filling up the DagBag from /home/airflow/.local/lib/python3.6/site-packages/airflow/example_dags/example_kubernetes_executor_config.py
[2022-05-23 12:04:16,390] {scheduler_job.py:643} INFO - DAG(s) dict_keys(['example_kubernetes_executor_config']) retrieved from /home/airflow/.local/lib/python3.6/site-packages/airflow/example_dags/example_kubernetes_executor_config.py
[2022-05-23 12:04:18,732] {logging_mixin.py:104} INFO - [2022-05-23 12:04:18,731] {dag.py:1832} INFO - Sync 1 DAGs
[2022-05-23 12:04:19,880] {logging_mixin.py:104} INFO - [2022-05-23 12:04:19,879] {dag.py:2305} INFO - Setting next_dagrun for example_kubernetes_executor_config to None
[2022-05-23 12:04:20,980] {scheduler_job.py:190} INFO - Processing /home/airflow/.local/lib/python3.6/site-packages/airflow/example_dags/example_kubernetes_executor_config.py took 7.392 seconds
[2022-05-23 12:07:56,510] {scheduler_job.py:182} INFO - Started process (PID=5363) to work on /home/airflow/.local/lib/python3.6/site-packages/airflow/example_dags/example_kubernetes_executor_config.py
[2022-05-23 12:07:56,570] {scheduler_job.py:633} INFO - Processing file /home/airflow/.local/lib/python3.6/site-packages/airflow/example_dags/example_kubernetes_executor_config.py for tasks to queue
[2022-05-23 12:07:56,617] {logging_mixin.py:104} INFO - [2022-05-23 12:07:56,616] {dagbag.py:487} INFO - Filling up the DagBag from /home/airflow/.local/lib/python3.6/site-packages/airflow/example_dags/example_kubernetes_executor_config.py
[2022-05-23 12:07:57,871] {scheduler_job.py:643} INFO - DAG(s) dict_keys(['example_kubernetes_executor_config']) retrieved from /home/airflow/.local/lib/python3.6/site-packages/airflow/example_dags/example_kubernetes_executor_config.py
[2022-05-23 12:07:59,485] {logging_mixin.py:104} INFO - [2022-05-23 12:07:59,484] {dag.py:1832} INFO - Sync 1 DAGs
[2022-05-23 12:08:00,390] {logging_mixin.py:104} INFO - [2022-05-23 12:08:00,389] {dag.py:2305} INFO - Setting next_dagrun for example_kubernetes_executor_config to None
[2022-05-23 12:08:01,139] {scheduler_job.py:190} INFO - Processing /home/airflow/.local/lib/python3.6/site-packages/airflow/example_dags/example_kubernetes_executor_config.py took 4.753 seconds
[2022-05-23 12:10:03,780] {scheduler_job.py:182} INFO - Started process (PID=5583) to work on /home/airflow/.local/lib/python3.6/site-packages/airflow/example_dags/example_kubernetes_executor_config.py
[2022-05-23 12:10:03,861] {scheduler_job.py:633} INFO - Processing file /home/airflow/.local/lib/python3.6/site-packages/airflow/example_dags/example_kubernetes_executor_config.py for tasks to queue
[2022-05-23 12:10:03,917] {logging_mixin.py:104} INFO - [2022-05-23 12:10:03,916] {dagbag.py:487} INFO - Filling up the DagBag from /home/airflow/.local/lib/python3.6/site-packages/airflow/example_dags/example_kubernetes_executor_config.py
[2022-05-23 12:10:05,293] {scheduler_job.py:643} INFO - DAG(s) dict_keys(['example_kubernetes_executor_config']) retrieved from /home/airflow/.local/lib/python3.6/site-packages/airflow/example_dags/example_kubernetes_executor_config.py
[2022-05-23 12:10:06,315] {logging_mixin.py:104} INFO - [2022-05-23 12:10:06,314] {dag.py:1832} INFO - Sync 1 DAGs
[2022-05-23 12:10:07,155] {logging_mixin.py:104} INFO - [2022-05-23 12:10:07,154] {dag.py:2305} INFO - Setting next_dagrun for example_kubernetes_executor_config to None
[2022-05-23 12:10:07,596] {scheduler_job.py:190} INFO - Processing /home/airflow/.local/lib/python3.6/site-packages/airflow/example_dags/example_kubernetes_executor_config.py took 3.969 seconds
[2022-05-23 12:27:58,260] {scheduler_job.py:182} INFO - Started process (PID=458) to work on /home/airflow/.local/lib/python3.6/site-packages/airflow/example_dags/example_kubernetes_executor_config.py
[2022-05-23 12:27:58,266] {scheduler_job.py:633} INFO - Processing file /home/airflow/.local/lib/python3.6/site-packages/airflow/example_dags/example_kubernetes_executor_config.py for tasks to queue
[2022-05-23 12:27:58,287] {logging_mixin.py:104} INFO - [2022-05-23 12:27:58,286] {dagbag.py:487} INFO - Filling up the DagBag from /home/airflow/.local/lib/python3.6/site-packages/airflow/example_dags/example_kubernetes_executor_config.py
[2022-05-23 12:27:58,576] {scheduler_job.py:643} INFO - DAG(s) dict_keys(['example_kubernetes_executor_config']) retrieved from /home/airflow/.local/lib/python3.6/site-packages/airflow/example_dags/example_kubernetes_executor_config.py
[2022-05-23 12:28:47,919] {logging_mixin.py:104} INFO - [2022-05-23 12:28:47,899] {dag.py:1832} INFO - Sync 1 DAGs
[2022-05-23 12:28:48,076] {logging_mixin.py:104} INFO - [2022-05-23 12:28:48,056] {dag.py:1851} INFO - Creating ORM DAG for example_kubernetes_executor_config
[2022-05-23 12:28:48,138] {logging_mixin.py:104} INFO - [2022-05-23 12:28:48,137] {dag.py:2305} INFO - Setting next_dagrun for example_kubernetes_executor_config to None
[2022-05-23 12:28:48,274] {scheduler_job.py:190} INFO - Processing /home/airflow/.local/lib/python3.6/site-packages/airflow/example_dags/example_kubernetes_executor_config.py took 50.064 seconds
[2022-05-23 12:28:52,691] {scheduler_job.py:182} INFO - Started process (PID=538) to work on /home/airflow/.local/lib/python3.6/site-packages/airflow/example_dags/example_kubernetes_executor_config.py
[2022-05-23 12:28:52,710] {scheduler_job.py:633} INFO - Processing file /home/airflow/.local/lib/python3.6/site-packages/airflow/example_dags/example_kubernetes_executor_config.py for tasks to queue
[2022-05-23 12:28:52,725] {logging_mixin.py:104} INFO - [2022-05-23 12:28:52,723] {dagbag.py:487} INFO - Filling up the DagBag from /home/airflow/.local/lib/python3.6/site-packages/airflow/example_dags/example_kubernetes_executor_config.py
[2022-05-23 12:28:52,950] {scheduler_job.py:643} INFO - DAG(s) dict_keys(['example_kubernetes_executor_config']) retrieved from /home/airflow/.local/lib/python3.6/site-packages/airflow/example_dags/example_kubernetes_executor_config.py
[2022-05-23 12:28:53,254] {logging_mixin.py:104} INFO - [2022-05-23 12:28:53,253] {dag.py:1832} INFO - Sync 1 DAGs
[2022-05-23 12:28:53,459] {logging_mixin.py:104} INFO - [2022-05-23 12:28:53,458] {dag.py:2305} INFO - Setting next_dagrun for example_kubernetes_executor_config to None
[2022-05-23 12:28:53,564] {scheduler_job.py:190} INFO - Processing /home/airflow/.local/lib/python3.6/site-packages/airflow/example_dags/example_kubernetes_executor_config.py took 0.896 seconds
