[2022-05-23 11:11:08,380] {scheduler_job.py:182} INFO - Started process (PID=517) to work on /home/airflow/.local/lib/python3.6/site-packages/airflow/example_dags/example_task_group.py
[2022-05-23 11:11:08,411] {scheduler_job.py:633} INFO - Processing file /home/airflow/.local/lib/python3.6/site-packages/airflow/example_dags/example_task_group.py for tasks to queue
[2022-05-23 11:11:08,417] {logging_mixin.py:104} INFO - [2022-05-23 11:11:08,416] {dagbag.py:487} INFO - Filling up the DagBag from /home/airflow/.local/lib/python3.6/site-packages/airflow/example_dags/example_task_group.py
[2022-05-23 11:11:08,837] {scheduler_job.py:643} INFO - DAG(s) dict_keys(['example_task_group']) retrieved from /home/airflow/.local/lib/python3.6/site-packages/airflow/example_dags/example_task_group.py
[2022-05-23 11:11:20,459] {logging_mixin.py:104} INFO - [2022-05-23 11:11:20,457] {dag.py:1832} INFO - Sync 1 DAGs
[2022-05-23 11:11:21,073] {logging_mixin.py:104} INFO - [2022-05-23 11:11:21,072] {dag.py:2305} INFO - Setting next_dagrun for example_task_group to 2022-05-21 00:00:00+00:00
[2022-05-23 11:11:21,364] {scheduler_job.py:190} INFO - Processing /home/airflow/.local/lib/python3.6/site-packages/airflow/example_dags/example_task_group.py took 13.041 seconds
[2022-05-23 11:14:29,180] {scheduler_job.py:182} INFO - Started process (PID=781) to work on /home/airflow/.local/lib/python3.6/site-packages/airflow/example_dags/example_task_group.py
[2022-05-23 11:14:29,255] {scheduler_job.py:633} INFO - Processing file /home/airflow/.local/lib/python3.6/site-packages/airflow/example_dags/example_task_group.py for tasks to queue
[2022-05-23 11:14:29,277] {logging_mixin.py:104} INFO - [2022-05-23 11:14:29,275] {dagbag.py:487} INFO - Filling up the DagBag from /home/airflow/.local/lib/python3.6/site-packages/airflow/example_dags/example_task_group.py
[2022-05-23 11:14:30,577] {scheduler_job.py:643} INFO - DAG(s) dict_keys(['example_task_group']) retrieved from /home/airflow/.local/lib/python3.6/site-packages/airflow/example_dags/example_task_group.py
[2022-05-23 11:14:31,696] {logging_mixin.py:104} INFO - [2022-05-23 11:14:31,695] {dag.py:1832} INFO - Sync 1 DAGs
[2022-05-23 11:14:32,861] {logging_mixin.py:104} INFO - [2022-05-23 11:14:32,861] {dag.py:2305} INFO - Setting next_dagrun for example_task_group to 2022-05-21 00:00:00+00:00
[2022-05-23 11:14:33,619] {scheduler_job.py:190} INFO - Processing /home/airflow/.local/lib/python3.6/site-packages/airflow/example_dags/example_task_group.py took 4.534 seconds
[2022-05-23 11:16:44,311] {scheduler_job.py:182} INFO - Started process (PID=985) to work on /home/airflow/.local/lib/python3.6/site-packages/airflow/example_dags/example_task_group.py
[2022-05-23 11:16:44,355] {scheduler_job.py:633} INFO - Processing file /home/airflow/.local/lib/python3.6/site-packages/airflow/example_dags/example_task_group.py for tasks to queue
[2022-05-23 11:16:44,386] {logging_mixin.py:104} INFO - [2022-05-23 11:16:44,386] {dagbag.py:487} INFO - Filling up the DagBag from /home/airflow/.local/lib/python3.6/site-packages/airflow/example_dags/example_task_group.py
[2022-05-23 11:16:45,238] {scheduler_job.py:643} INFO - DAG(s) dict_keys(['example_task_group']) retrieved from /home/airflow/.local/lib/python3.6/site-packages/airflow/example_dags/example_task_group.py
[2022-05-23 11:16:46,200] {logging_mixin.py:104} INFO - [2022-05-23 11:16:46,167] {dag.py:1832} INFO - Sync 1 DAGs
[2022-05-23 11:16:46,963] {logging_mixin.py:104} INFO - [2022-05-23 11:16:46,935] {dag.py:2305} INFO - Setting next_dagrun for example_task_group to 2022-05-21 00:00:00+00:00
[2022-05-23 11:16:47,425] {scheduler_job.py:190} INFO - Processing /home/airflow/.local/lib/python3.6/site-packages/airflow/example_dags/example_task_group.py took 3.210 seconds
[2022-05-23 11:19:13,431] {scheduler_job.py:182} INFO - Started process (PID=1249) to work on /home/airflow/.local/lib/python3.6/site-packages/airflow/example_dags/example_task_group.py
[2022-05-23 11:19:13,457] {scheduler_job.py:633} INFO - Processing file /home/airflow/.local/lib/python3.6/site-packages/airflow/example_dags/example_task_group.py for tasks to queue
[2022-05-23 11:19:13,506] {logging_mixin.py:104} INFO - [2022-05-23 11:19:13,505] {dagbag.py:487} INFO - Filling up the DagBag from /home/airflow/.local/lib/python3.6/site-packages/airflow/example_dags/example_task_group.py
[2022-05-23 11:19:14,818] {scheduler_job.py:643} INFO - DAG(s) dict_keys(['example_task_group']) retrieved from /home/airflow/.local/lib/python3.6/site-packages/airflow/example_dags/example_task_group.py
[2022-05-23 11:19:15,656] {logging_mixin.py:104} INFO - [2022-05-23 11:19:15,655] {dag.py:1832} INFO - Sync 1 DAGs
[2022-05-23 11:19:16,496] {logging_mixin.py:104} INFO - [2022-05-23 11:19:16,495] {dag.py:2305} INFO - Setting next_dagrun for example_task_group to 2022-05-21 00:00:00+00:00
[2022-05-23 11:19:16,941] {scheduler_job.py:190} INFO - Processing /home/airflow/.local/lib/python3.6/site-packages/airflow/example_dags/example_task_group.py took 3.650 seconds
[2022-05-23 11:22:16,575] {scheduler_job.py:182} INFO - Started process (PID=1539) to work on /home/airflow/.local/lib/python3.6/site-packages/airflow/example_dags/example_task_group.py
[2022-05-23 11:22:16,602] {scheduler_job.py:633} INFO - Processing file /home/airflow/.local/lib/python3.6/site-packages/airflow/example_dags/example_task_group.py for tasks to queue
[2022-05-23 11:22:16,644] {logging_mixin.py:104} INFO - [2022-05-23 11:22:16,643] {dagbag.py:487} INFO - Filling up the DagBag from /home/airflow/.local/lib/python3.6/site-packages/airflow/example_dags/example_task_group.py
[2022-05-23 11:22:17,671] {scheduler_job.py:643} INFO - DAG(s) dict_keys(['example_task_group']) retrieved from /home/airflow/.local/lib/python3.6/site-packages/airflow/example_dags/example_task_group.py
[2022-05-23 11:22:18,610] {logging_mixin.py:104} INFO - [2022-05-23 11:22:18,599] {dag.py:1832} INFO - Sync 1 DAGs
[2022-05-23 11:22:19,437] {logging_mixin.py:104} INFO - [2022-05-23 11:22:19,401] {dag.py:2305} INFO - Setting next_dagrun for example_task_group to 2022-05-21 00:00:00+00:00
[2022-05-23 11:22:19,907] {scheduler_job.py:190} INFO - Processing /home/airflow/.local/lib/python3.6/site-packages/airflow/example_dags/example_task_group.py took 3.449 seconds
[2022-05-23 11:24:25,778] {scheduler_job.py:182} INFO - Started process (PID=1790) to work on /home/airflow/.local/lib/python3.6/site-packages/airflow/example_dags/example_task_group.py
[2022-05-23 11:24:25,804] {scheduler_job.py:633} INFO - Processing file /home/airflow/.local/lib/python3.6/site-packages/airflow/example_dags/example_task_group.py for tasks to queue
[2022-05-23 11:24:25,815] {logging_mixin.py:104} INFO - [2022-05-23 11:24:25,815] {dagbag.py:487} INFO - Filling up the DagBag from /home/airflow/.local/lib/python3.6/site-packages/airflow/example_dags/example_task_group.py
[2022-05-23 11:24:26,715] {scheduler_job.py:643} INFO - DAG(s) dict_keys(['example_task_group']) retrieved from /home/airflow/.local/lib/python3.6/site-packages/airflow/example_dags/example_task_group.py
[2022-05-23 11:24:27,647] {logging_mixin.py:104} INFO - [2022-05-23 11:24:27,631] {dag.py:1832} INFO - Sync 1 DAGs
[2022-05-23 11:24:28,388] {logging_mixin.py:104} INFO - [2022-05-23 11:24:28,387] {dag.py:2305} INFO - Setting next_dagrun for example_task_group to 2022-05-21 00:00:00+00:00
[2022-05-23 11:24:28,854] {scheduler_job.py:190} INFO - Processing /home/airflow/.local/lib/python3.6/site-packages/airflow/example_dags/example_task_group.py took 3.151 seconds
[2022-05-23 11:26:42,799] {scheduler_job.py:182} INFO - Started process (PID=2017) to work on /home/airflow/.local/lib/python3.6/site-packages/airflow/example_dags/example_task_group.py
[2022-05-23 11:26:42,833] {scheduler_job.py:633} INFO - Processing file /home/airflow/.local/lib/python3.6/site-packages/airflow/example_dags/example_task_group.py for tasks to queue
[2022-05-23 11:26:42,877] {logging_mixin.py:104} INFO - [2022-05-23 11:26:42,849] {dagbag.py:487} INFO - Filling up the DagBag from /home/airflow/.local/lib/python3.6/site-packages/airflow/example_dags/example_task_group.py
[2022-05-23 11:26:43,788] {scheduler_job.py:643} INFO - DAG(s) dict_keys(['example_task_group']) retrieved from /home/airflow/.local/lib/python3.6/site-packages/airflow/example_dags/example_task_group.py
[2022-05-23 11:26:45,180] {logging_mixin.py:104} INFO - [2022-05-23 11:26:45,152] {dag.py:1832} INFO - Sync 1 DAGs
[2022-05-23 11:26:46,225] {logging_mixin.py:104} INFO - [2022-05-23 11:26:46,224] {dag.py:2305} INFO - Setting next_dagrun for example_task_group to 2022-05-21 00:00:00+00:00
[2022-05-23 11:26:46,807] {scheduler_job.py:190} INFO - Processing /home/airflow/.local/lib/python3.6/site-packages/airflow/example_dags/example_task_group.py took 4.072 seconds
[2022-05-23 11:36:43,509] {scheduler_job.py:182} INFO - Started process (PID=2832) to work on /home/airflow/.local/lib/python3.6/site-packages/airflow/example_dags/example_task_group.py
[2022-05-23 11:36:43,596] {scheduler_job.py:633} INFO - Processing file /home/airflow/.local/lib/python3.6/site-packages/airflow/example_dags/example_task_group.py for tasks to queue
[2022-05-23 11:36:43,666] {logging_mixin.py:104} INFO - [2022-05-23 11:36:43,649] {dagbag.py:487} INFO - Filling up the DagBag from /home/airflow/.local/lib/python3.6/site-packages/airflow/example_dags/example_task_group.py
[2022-05-23 11:36:45,983] {scheduler_job.py:643} INFO - DAG(s) dict_keys(['example_task_group']) retrieved from /home/airflow/.local/lib/python3.6/site-packages/airflow/example_dags/example_task_group.py
[2022-05-23 11:36:48,377] {logging_mixin.py:104} INFO - [2022-05-23 11:36:48,376] {dag.py:1832} INFO - Sync 1 DAGs
[2022-05-23 11:36:49,826] {logging_mixin.py:104} INFO - [2022-05-23 11:36:49,767] {dag.py:2305} INFO - Setting next_dagrun for example_task_group to 2022-05-21 00:00:00+00:00
[2022-05-23 11:36:50,802] {scheduler_job.py:190} INFO - Processing /home/airflow/.local/lib/python3.6/site-packages/airflow/example_dags/example_task_group.py took 7.447 seconds
[2022-05-23 11:40:55,544] {scheduler_job.py:182} INFO - Started process (PID=3175) to work on /home/airflow/.local/lib/python3.6/site-packages/airflow/example_dags/example_task_group.py
[2022-05-23 11:40:55,586] {scheduler_job.py:633} INFO - Processing file /home/airflow/.local/lib/python3.6/site-packages/airflow/example_dags/example_task_group.py for tasks to queue
[2022-05-23 11:40:55,618] {logging_mixin.py:104} INFO - [2022-05-23 11:40:55,617] {dagbag.py:487} INFO - Filling up the DagBag from /home/airflow/.local/lib/python3.6/site-packages/airflow/example_dags/example_task_group.py
[2022-05-23 11:40:57,539] {scheduler_job.py:643} INFO - DAG(s) dict_keys(['example_task_group']) retrieved from /home/airflow/.local/lib/python3.6/site-packages/airflow/example_dags/example_task_group.py
[2022-05-23 11:40:59,146] {logging_mixin.py:104} INFO - [2022-05-23 11:40:59,145] {dag.py:1832} INFO - Sync 1 DAGs
[2022-05-23 11:41:00,231] {logging_mixin.py:104} INFO - [2022-05-23 11:41:00,230] {dag.py:2305} INFO - Setting next_dagrun for example_task_group to 2022-05-21 00:00:00+00:00
[2022-05-23 11:41:01,118] {scheduler_job.py:190} INFO - Processing /home/airflow/.local/lib/python3.6/site-packages/airflow/example_dags/example_task_group.py took 5.727 seconds
[2022-05-23 11:48:52,437] {scheduler_job.py:182} INFO - Started process (PID=3802) to work on /home/airflow/.local/lib/python3.6/site-packages/airflow/example_dags/example_task_group.py
[2022-05-23 11:48:52,557] {scheduler_job.py:633} INFO - Processing file /home/airflow/.local/lib/python3.6/site-packages/airflow/example_dags/example_task_group.py for tasks to queue
[2022-05-23 11:48:52,677] {logging_mixin.py:104} INFO - [2022-05-23 11:48:52,676] {dagbag.py:487} INFO - Filling up the DagBag from /home/airflow/.local/lib/python3.6/site-packages/airflow/example_dags/example_task_group.py
[2022-05-23 11:48:55,348] {scheduler_job.py:643} INFO - DAG(s) dict_keys(['example_task_group']) retrieved from /home/airflow/.local/lib/python3.6/site-packages/airflow/example_dags/example_task_group.py
[2022-05-23 11:48:57,752] {logging_mixin.py:104} INFO - [2022-05-23 11:48:57,751] {dag.py:1832} INFO - Sync 1 DAGs
[2022-05-23 11:48:59,409] {logging_mixin.py:104} INFO - [2022-05-23 11:48:59,408] {dag.py:2305} INFO - Setting next_dagrun for example_task_group to 2022-05-21 00:00:00+00:00
[2022-05-23 11:49:00,552] {scheduler_job.py:190} INFO - Processing /home/airflow/.local/lib/python3.6/site-packages/airflow/example_dags/example_task_group.py took 8.390 seconds
[2022-05-23 11:59:42,772] {scheduler_job.py:182} INFO - Started process (PID=4624) to work on /home/airflow/.local/lib/python3.6/site-packages/airflow/example_dags/example_task_group.py
[2022-05-23 11:59:42,919] {scheduler_job.py:633} INFO - Processing file /home/airflow/.local/lib/python3.6/site-packages/airflow/example_dags/example_task_group.py for tasks to queue
[2022-05-23 11:59:43,037] {logging_mixin.py:104} INFO - [2022-05-23 11:59:42,983] {dagbag.py:487} INFO - Filling up the DagBag from /home/airflow/.local/lib/python3.6/site-packages/airflow/example_dags/example_task_group.py
[2022-05-23 11:59:45,559] {scheduler_job.py:643} INFO - DAG(s) dict_keys(['example_task_group']) retrieved from /home/airflow/.local/lib/python3.6/site-packages/airflow/example_dags/example_task_group.py
[2022-05-23 11:59:48,373] {logging_mixin.py:104} INFO - [2022-05-23 11:59:48,372] {dag.py:1832} INFO - Sync 1 DAGs
[2022-05-23 11:59:50,079] {logging_mixin.py:104} INFO - [2022-05-23 11:59:50,078] {dag.py:2305} INFO - Setting next_dagrun for example_task_group to 2022-05-21 00:00:00+00:00
[2022-05-23 11:59:51,259] {scheduler_job.py:190} INFO - Processing /home/airflow/.local/lib/python3.6/site-packages/airflow/example_dags/example_task_group.py took 8.712 seconds
[2022-05-23 12:05:14,355] {scheduler_job.py:182} INFO - Started process (PID=5120) to work on /home/airflow/.local/lib/python3.6/site-packages/airflow/example_dags/example_task_group.py
[2022-05-23 12:05:14,568] {scheduler_job.py:633} INFO - Processing file /home/airflow/.local/lib/python3.6/site-packages/airflow/example_dags/example_task_group.py for tasks to queue
[2022-05-23 12:05:14,631] {logging_mixin.py:104} INFO - [2022-05-23 12:05:14,630] {dagbag.py:487} INFO - Filling up the DagBag from /home/airflow/.local/lib/python3.6/site-packages/airflow/example_dags/example_task_group.py
[2022-05-23 12:05:16,388] {scheduler_job.py:643} INFO - DAG(s) dict_keys(['example_task_group']) retrieved from /home/airflow/.local/lib/python3.6/site-packages/airflow/example_dags/example_task_group.py
[2022-05-23 12:05:18,498] {logging_mixin.py:104} INFO - [2022-05-23 12:05:18,445] {dag.py:1832} INFO - Sync 1 DAGs
[2022-05-23 12:05:19,909] {logging_mixin.py:104} INFO - [2022-05-23 12:05:19,849] {dag.py:2305} INFO - Setting next_dagrun for example_task_group to 2022-05-21 00:00:00+00:00
[2022-05-23 12:05:20,926] {scheduler_job.py:190} INFO - Processing /home/airflow/.local/lib/python3.6/site-packages/airflow/example_dags/example_task_group.py took 6.848 seconds
[2022-05-23 12:08:36,326] {scheduler_job.py:182} INFO - Started process (PID=5436) to work on /home/airflow/.local/lib/python3.6/site-packages/airflow/example_dags/example_task_group.py
[2022-05-23 12:08:36,461] {scheduler_job.py:633} INFO - Processing file /home/airflow/.local/lib/python3.6/site-packages/airflow/example_dags/example_task_group.py for tasks to queue
[2022-05-23 12:08:36,488] {logging_mixin.py:104} INFO - [2022-05-23 12:08:36,487] {dagbag.py:487} INFO - Filling up the DagBag from /home/airflow/.local/lib/python3.6/site-packages/airflow/example_dags/example_task_group.py
[2022-05-23 12:08:37,866] {scheduler_job.py:643} INFO - DAG(s) dict_keys(['example_task_group']) retrieved from /home/airflow/.local/lib/python3.6/site-packages/airflow/example_dags/example_task_group.py
[2022-05-23 12:08:39,503] {logging_mixin.py:104} INFO - [2022-05-23 12:08:39,503] {dag.py:1832} INFO - Sync 1 DAGs
[2022-05-23 12:08:40,609] {logging_mixin.py:104} INFO - [2022-05-23 12:08:40,561] {dag.py:2305} INFO - Setting next_dagrun for example_task_group to 2022-05-21 00:00:00+00:00
[2022-05-23 12:08:41,357] {scheduler_job.py:190} INFO - Processing /home/airflow/.local/lib/python3.6/site-packages/airflow/example_dags/example_task_group.py took 5.234 seconds
[2022-05-23 12:10:35,542] {scheduler_job.py:182} INFO - Started process (PID=5635) to work on /home/airflow/.local/lib/python3.6/site-packages/airflow/example_dags/example_task_group.py
[2022-05-23 12:10:35,623] {scheduler_job.py:633} INFO - Processing file /home/airflow/.local/lib/python3.6/site-packages/airflow/example_dags/example_task_group.py for tasks to queue
[2022-05-23 12:10:35,672] {logging_mixin.py:104} INFO - [2022-05-23 12:10:35,646] {dagbag.py:487} INFO - Filling up the DagBag from /home/airflow/.local/lib/python3.6/site-packages/airflow/example_dags/example_task_group.py
[2022-05-23 12:10:36,788] {scheduler_job.py:643} INFO - DAG(s) dict_keys(['example_task_group']) retrieved from /home/airflow/.local/lib/python3.6/site-packages/airflow/example_dags/example_task_group.py
[2022-05-23 12:10:37,972] {logging_mixin.py:104} INFO - [2022-05-23 12:10:37,972] {dag.py:1832} INFO - Sync 1 DAGs
[2022-05-23 12:10:38,688] {logging_mixin.py:104} INFO - [2022-05-23 12:10:38,651] {dag.py:2305} INFO - Setting next_dagrun for example_task_group to 2022-05-21 00:00:00+00:00
[2022-05-23 12:10:39,169] {scheduler_job.py:190} INFO - Processing /home/airflow/.local/lib/python3.6/site-packages/airflow/example_dags/example_task_group.py took 3.777 seconds
