[2022-05-23 11:11:45,715] {scheduler_job.py:182} INFO - Started process (PID=572) to work on /home/airflow/.local/lib/python3.6/site-packages/airflow/example_dags/example_xcomargs.py
[2022-05-23 11:11:45,744] {scheduler_job.py:633} INFO - Processing file /home/airflow/.local/lib/python3.6/site-packages/airflow/example_dags/example_xcomargs.py for tasks to queue
[2022-05-23 11:11:45,769] {logging_mixin.py:104} INFO - [2022-05-23 11:11:45,769] {dagbag.py:487} INFO - Filling up the DagBag from /home/airflow/.local/lib/python3.6/site-packages/airflow/example_dags/example_xcomargs.py
[2022-05-23 11:11:46,644] {scheduler_job.py:643} INFO - DAG(s) dict_keys(['example_xcom_args', 'example_xcom_args_with_operators']) retrieved from /home/airflow/.local/lib/python3.6/site-packages/airflow/example_dags/example_xcomargs.py
[2022-05-23 11:11:59,243] {logging_mixin.py:104} INFO - [2022-05-23 11:11:59,242] {dag.py:1832} INFO - Sync 2 DAGs
[2022-05-23 11:11:59,820] {logging_mixin.py:104} INFO - [2022-05-23 11:11:59,819] {dag.py:2305} INFO - Setting next_dagrun for example_xcom_args to None
[2022-05-23 11:11:59,850] {logging_mixin.py:104} INFO - [2022-05-23 11:11:59,849] {dag.py:2305} INFO - Setting next_dagrun for example_xcom_args_with_operators to None
[2022-05-23 11:12:00,240] {scheduler_job.py:190} INFO - Processing /home/airflow/.local/lib/python3.6/site-packages/airflow/example_dags/example_xcomargs.py took 14.596 seconds
[2022-05-23 11:15:12,097] {scheduler_job.py:182} INFO - Started process (PID=833) to work on /home/airflow/.local/lib/python3.6/site-packages/airflow/example_dags/example_xcomargs.py
[2022-05-23 11:15:12,161] {scheduler_job.py:633} INFO - Processing file /home/airflow/.local/lib/python3.6/site-packages/airflow/example_dags/example_xcomargs.py for tasks to queue
[2022-05-23 11:15:12,227] {logging_mixin.py:104} INFO - [2022-05-23 11:15:12,196] {dagbag.py:487} INFO - Filling up the DagBag from /home/airflow/.local/lib/python3.6/site-packages/airflow/example_dags/example_xcomargs.py
[2022-05-23 11:15:14,223] {scheduler_job.py:643} INFO - DAG(s) dict_keys(['example_xcom_args', 'example_xcom_args_with_operators']) retrieved from /home/airflow/.local/lib/python3.6/site-packages/airflow/example_dags/example_xcomargs.py
[2022-05-23 11:15:36,491] {logging_mixin.py:104} INFO - [2022-05-23 11:15:36,466] {dag.py:1832} INFO - Sync 2 DAGs
[2022-05-23 11:15:37,140] {logging_mixin.py:104} INFO - [2022-05-23 11:15:37,139] {dag.py:2305} INFO - Setting next_dagrun for example_xcom_args to None
[2022-05-23 11:15:37,195] {logging_mixin.py:104} INFO - [2022-05-23 11:15:37,170] {dag.py:2305} INFO - Setting next_dagrun for example_xcom_args_with_operators to None
[2022-05-23 11:15:37,643] {scheduler_job.py:190} INFO - Processing /home/airflow/.local/lib/python3.6/site-packages/airflow/example_dags/example_xcomargs.py took 25.663 seconds
[2022-05-23 11:17:40,230] {scheduler_job.py:182} INFO - Started process (PID=1104) to work on /home/airflow/.local/lib/python3.6/site-packages/airflow/example_dags/example_xcomargs.py
[2022-05-23 11:17:40,282] {scheduler_job.py:633} INFO - Processing file /home/airflow/.local/lib/python3.6/site-packages/airflow/example_dags/example_xcomargs.py for tasks to queue
[2022-05-23 11:17:40,317] {logging_mixin.py:104} INFO - [2022-05-23 11:17:40,316] {dagbag.py:487} INFO - Filling up the DagBag from /home/airflow/.local/lib/python3.6/site-packages/airflow/example_dags/example_xcomargs.py
[2022-05-23 11:17:41,578] {scheduler_job.py:643} INFO - DAG(s) dict_keys(['example_xcom_args', 'example_xcom_args_with_operators']) retrieved from /home/airflow/.local/lib/python3.6/site-packages/airflow/example_dags/example_xcomargs.py
[2022-05-23 11:18:01,462] {logging_mixin.py:104} INFO - [2022-05-23 11:18:01,461] {dag.py:1832} INFO - Sync 2 DAGs
[2022-05-23 11:18:02,361] {logging_mixin.py:104} INFO - [2022-05-23 11:18:02,360] {dag.py:2305} INFO - Setting next_dagrun for example_xcom_args to None
[2022-05-23 11:18:02,416] {logging_mixin.py:104} INFO - [2022-05-23 11:18:02,415] {dag.py:2305} INFO - Setting next_dagrun for example_xcom_args_with_operators to None
[2022-05-23 11:18:03,219] {scheduler_job.py:190} INFO - Processing /home/airflow/.local/lib/python3.6/site-packages/airflow/example_dags/example_xcomargs.py took 23.068 seconds
[2022-05-23 11:20:22,146] {scheduler_job.py:182} INFO - Started process (PID=1372) to work on /home/airflow/.local/lib/python3.6/site-packages/airflow/example_dags/example_xcomargs.py
[2022-05-23 11:20:22,202] {scheduler_job.py:633} INFO - Processing file /home/airflow/.local/lib/python3.6/site-packages/airflow/example_dags/example_xcomargs.py for tasks to queue
[2022-05-23 11:20:22,282] {logging_mixin.py:104} INFO - [2022-05-23 11:20:22,257] {dagbag.py:487} INFO - Filling up the DagBag from /home/airflow/.local/lib/python3.6/site-packages/airflow/example_dags/example_xcomargs.py
[2022-05-23 11:20:23,962] {scheduler_job.py:643} INFO - DAG(s) dict_keys(['example_xcom_args', 'example_xcom_args_with_operators']) retrieved from /home/airflow/.local/lib/python3.6/site-packages/airflow/example_dags/example_xcomargs.py
[2022-05-23 11:20:49,643] {logging_mixin.py:104} INFO - [2022-05-23 11:20:49,642] {dag.py:1832} INFO - Sync 2 DAGs
[2022-05-23 11:20:51,213] {logging_mixin.py:104} INFO - [2022-05-23 11:20:51,213] {dag.py:2305} INFO - Setting next_dagrun for example_xcom_args to None
[2022-05-23 11:20:51,284] {logging_mixin.py:104} INFO - [2022-05-23 11:20:51,284] {dag.py:2305} INFO - Setting next_dagrun for example_xcom_args_with_operators to None
[2022-05-23 11:20:51,968] {scheduler_job.py:190} INFO - Processing /home/airflow/.local/lib/python3.6/site-packages/airflow/example_dags/example_xcomargs.py took 29.936 seconds
[2022-05-23 11:23:10,173] {scheduler_job.py:182} INFO - Started process (PID=1654) to work on /home/airflow/.local/lib/python3.6/site-packages/airflow/example_dags/example_xcomargs.py
[2022-05-23 11:23:10,207] {scheduler_job.py:633} INFO - Processing file /home/airflow/.local/lib/python3.6/site-packages/airflow/example_dags/example_xcomargs.py for tasks to queue
[2022-05-23 11:23:10,257] {logging_mixin.py:104} INFO - [2022-05-23 11:23:10,257] {dagbag.py:487} INFO - Filling up the DagBag from /home/airflow/.local/lib/python3.6/site-packages/airflow/example_dags/example_xcomargs.py
[2022-05-23 11:23:11,735] {scheduler_job.py:643} INFO - DAG(s) dict_keys(['example_xcom_args', 'example_xcom_args_with_operators']) retrieved from /home/airflow/.local/lib/python3.6/site-packages/airflow/example_dags/example_xcomargs.py
[2022-05-23 11:23:29,640] {logging_mixin.py:104} INFO - [2022-05-23 11:23:29,640] {dag.py:1832} INFO - Sync 2 DAGs
[2022-05-23 11:23:30,523] {logging_mixin.py:104} INFO - [2022-05-23 11:23:30,522] {dag.py:2305} INFO - Setting next_dagrun for example_xcom_args to None
[2022-05-23 11:23:30,583] {logging_mixin.py:104} INFO - [2022-05-23 11:23:30,583] {dag.py:2305} INFO - Setting next_dagrun for example_xcom_args_with_operators to None
[2022-05-23 11:23:31,144] {scheduler_job.py:190} INFO - Processing /home/airflow/.local/lib/python3.6/site-packages/airflow/example_dags/example_xcomargs.py took 21.067 seconds
[2022-05-23 11:25:04,016] {scheduler_job.py:182} INFO - Started process (PID=1871) to work on /home/airflow/.local/lib/python3.6/site-packages/airflow/example_dags/example_xcomargs.py
[2022-05-23 11:25:04,050] {scheduler_job.py:633} INFO - Processing file /home/airflow/.local/lib/python3.6/site-packages/airflow/example_dags/example_xcomargs.py for tasks to queue
[2022-05-23 11:25:04,101] {logging_mixin.py:104} INFO - [2022-05-23 11:25:04,099] {dagbag.py:487} INFO - Filling up the DagBag from /home/airflow/.local/lib/python3.6/site-packages/airflow/example_dags/example_xcomargs.py
[2022-05-23 11:25:05,603] {scheduler_job.py:643} INFO - DAG(s) dict_keys(['example_xcom_args', 'example_xcom_args_with_operators']) retrieved from /home/airflow/.local/lib/python3.6/site-packages/airflow/example_dags/example_xcomargs.py
[2022-05-23 11:25:27,043] {logging_mixin.py:104} INFO - [2022-05-23 11:25:27,034] {dag.py:1832} INFO - Sync 2 DAGs
[2022-05-23 11:25:27,821] {logging_mixin.py:104} INFO - [2022-05-23 11:25:27,820] {dag.py:2305} INFO - Setting next_dagrun for example_xcom_args to None
[2022-05-23 11:25:27,873] {logging_mixin.py:104} INFO - [2022-05-23 11:25:27,873] {dag.py:2305} INFO - Setting next_dagrun for example_xcom_args_with_operators to None
[2022-05-23 11:25:28,443] {scheduler_job.py:190} INFO - Processing /home/airflow/.local/lib/python3.6/site-packages/airflow/example_dags/example_xcomargs.py took 24.576 seconds
[2022-05-23 11:27:51,043] {scheduler_job.py:182} INFO - Started process (PID=2139) to work on /home/airflow/.local/lib/python3.6/site-packages/airflow/example_dags/example_xcomargs.py
[2022-05-23 11:27:51,110] {scheduler_job.py:633} INFO - Processing file /home/airflow/.local/lib/python3.6/site-packages/airflow/example_dags/example_xcomargs.py for tasks to queue
[2022-05-23 11:27:51,179] {logging_mixin.py:104} INFO - [2022-05-23 11:27:51,159] {dagbag.py:487} INFO - Filling up the DagBag from /home/airflow/.local/lib/python3.6/site-packages/airflow/example_dags/example_xcomargs.py
[2022-05-23 11:27:52,949] {scheduler_job.py:643} INFO - DAG(s) dict_keys(['example_xcom_args', 'example_xcom_args_with_operators']) retrieved from /home/airflow/.local/lib/python3.6/site-packages/airflow/example_dags/example_xcomargs.py
[2022-05-23 11:28:19,086] {logging_mixin.py:104} INFO - [2022-05-23 11:28:19,085] {dag.py:1832} INFO - Sync 2 DAGs
[2022-05-23 11:28:20,362] {logging_mixin.py:104} INFO - [2022-05-23 11:28:20,327] {dag.py:2305} INFO - Setting next_dagrun for example_xcom_args to None
[2022-05-23 11:28:20,412] {logging_mixin.py:104} INFO - [2022-05-23 11:28:20,411] {dag.py:2305} INFO - Setting next_dagrun for example_xcom_args_with_operators to None
[2022-05-23 11:28:21,247] {scheduler_job.py:190} INFO - Processing /home/airflow/.local/lib/python3.6/site-packages/airflow/example_dags/example_xcomargs.py took 30.331 seconds
[2022-05-23 11:37:49,612] {scheduler_job.py:182} INFO - Started process (PID=2909) to work on /home/airflow/.local/lib/python3.6/site-packages/airflow/example_dags/example_xcomargs.py
[2022-05-23 11:37:49,759] {scheduler_job.py:633} INFO - Processing file /home/airflow/.local/lib/python3.6/site-packages/airflow/example_dags/example_xcomargs.py for tasks to queue
[2022-05-23 11:37:49,896] {logging_mixin.py:104} INFO - [2022-05-23 11:37:49,895] {dagbag.py:487} INFO - Filling up the DagBag from /home/airflow/.local/lib/python3.6/site-packages/airflow/example_dags/example_xcomargs.py
[2022-05-23 11:37:53,109] {scheduler_job.py:643} INFO - DAG(s) dict_keys(['example_xcom_args', 'example_xcom_args_with_operators']) retrieved from /home/airflow/.local/lib/python3.6/site-packages/airflow/example_dags/example_xcomargs.py
[2022-05-23 11:38:29,083] {logging_mixin.py:104} INFO - [2022-05-23 11:38:29,082] {dag.py:1832} INFO - Sync 2 DAGs
[2022-05-23 11:38:30,512] {logging_mixin.py:104} INFO - [2022-05-23 11:38:30,480] {dag.py:2305} INFO - Setting next_dagrun for example_xcom_args to None
[2022-05-23 11:38:30,587] {logging_mixin.py:104} INFO - [2022-05-23 11:38:30,587] {dag.py:2305} INFO - Setting next_dagrun for example_xcom_args_with_operators to None
[2022-05-23 11:38:31,949] {scheduler_job.py:190} INFO - Processing /home/airflow/.local/lib/python3.6/site-packages/airflow/example_dags/example_xcomargs.py took 42.802 seconds
[2022-05-23 11:41:39,314] {scheduler_job.py:182} INFO - Started process (PID=3238) to work on /home/airflow/.local/lib/python3.6/site-packages/airflow/example_dags/example_xcomargs.py
[2022-05-23 11:41:39,440] {scheduler_job.py:633} INFO - Processing file /home/airflow/.local/lib/python3.6/site-packages/airflow/example_dags/example_xcomargs.py for tasks to queue
[2022-05-23 11:41:39,471] {logging_mixin.py:104} INFO - [2022-05-23 11:41:39,470] {dagbag.py:487} INFO - Filling up the DagBag from /home/airflow/.local/lib/python3.6/site-packages/airflow/example_dags/example_xcomargs.py
[2022-05-23 11:41:41,968] {scheduler_job.py:643} INFO - DAG(s) dict_keys(['example_xcom_args', 'example_xcom_args_with_operators']) retrieved from /home/airflow/.local/lib/python3.6/site-packages/airflow/example_dags/example_xcomargs.py
[2022-05-23 11:42:23,597] {logging_mixin.py:104} INFO - [2022-05-23 11:42:23,476] {dag.py:1832} INFO - Sync 2 DAGs
[2022-05-23 11:42:25,377] {logging_mixin.py:104} INFO - [2022-05-23 11:42:25,365] {dag.py:2305} INFO - Setting next_dagrun for example_xcom_args to None
[2022-05-23 11:42:25,624] {logging_mixin.py:104} INFO - [2022-05-23 11:42:25,558] {dag.py:2305} INFO - Setting next_dagrun for example_xcom_args_with_operators to None
[2022-05-23 11:42:28,977] {scheduler_job.py:190} INFO - Processing /home/airflow/.local/lib/python3.6/site-packages/airflow/example_dags/example_xcomargs.py took 49.813 seconds
[2022-05-23 11:49:53,898] {scheduler_job.py:182} INFO - Started process (PID=3888) to work on /home/airflow/.local/lib/python3.6/site-packages/airflow/example_dags/example_xcomargs.py
[2022-05-23 11:49:53,997] {scheduler_job.py:633} INFO - Processing file /home/airflow/.local/lib/python3.6/site-packages/airflow/example_dags/example_xcomargs.py for tasks to queue
[2022-05-23 11:49:54,116] {logging_mixin.py:104} INFO - [2022-05-23 11:49:54,072] {dagbag.py:487} INFO - Filling up the DagBag from /home/airflow/.local/lib/python3.6/site-packages/airflow/example_dags/example_xcomargs.py
[2022-05-23 11:49:57,337] {scheduler_job.py:643} INFO - DAG(s) dict_keys(['example_xcom_args', 'example_xcom_args_with_operators']) retrieved from /home/airflow/.local/lib/python3.6/site-packages/airflow/example_dags/example_xcomargs.py
[2022-05-23 11:50:37,421] {logging_mixin.py:104} INFO - [2022-05-23 11:50:37,383] {dag.py:1832} INFO - Sync 2 DAGs
[2022-05-23 11:50:38,756] {logging_mixin.py:104} INFO - [2022-05-23 11:50:38,755] {dag.py:2305} INFO - Setting next_dagrun for example_xcom_args to None
[2022-05-23 11:50:38,850] {logging_mixin.py:104} INFO - [2022-05-23 11:50:38,849] {dag.py:2305} INFO - Setting next_dagrun for example_xcom_args_with_operators to None
[2022-05-23 11:50:40,531] {scheduler_job.py:190} INFO - Processing /home/airflow/.local/lib/python3.6/site-packages/airflow/example_dags/example_xcomargs.py took 46.863 seconds
[2022-05-23 12:05:59,939] {scheduler_job.py:182} INFO - Started process (PID=5192) to work on /home/airflow/.local/lib/python3.6/site-packages/airflow/example_dags/example_xcomargs.py
[2022-05-23 12:06:00,096] {scheduler_job.py:633} INFO - Processing file /home/airflow/.local/lib/python3.6/site-packages/airflow/example_dags/example_xcomargs.py for tasks to queue
[2022-05-23 12:06:00,171] {logging_mixin.py:104} INFO - [2022-05-23 12:06:00,128] {dagbag.py:487} INFO - Filling up the DagBag from /home/airflow/.local/lib/python3.6/site-packages/airflow/example_dags/example_xcomargs.py
[2022-05-23 12:06:02,866] {scheduler_job.py:643} INFO - DAG(s) dict_keys(['example_xcom_args', 'example_xcom_args_with_operators']) retrieved from /home/airflow/.local/lib/python3.6/site-packages/airflow/example_dags/example_xcomargs.py
[2022-05-23 12:06:39,358] {logging_mixin.py:104} INFO - [2022-05-23 12:06:39,357] {dag.py:1832} INFO - Sync 2 DAGs
[2022-05-23 12:06:40,459] {logging_mixin.py:104} INFO - [2022-05-23 12:06:40,416] {dag.py:2305} INFO - Setting next_dagrun for example_xcom_args to None
[2022-05-23 12:06:40,527] {logging_mixin.py:104} INFO - [2022-05-23 12:06:40,527] {dag.py:2305} INFO - Setting next_dagrun for example_xcom_args_with_operators to None
[2022-05-23 12:06:41,588] {scheduler_job.py:190} INFO - Processing /home/airflow/.local/lib/python3.6/site-packages/airflow/example_dags/example_xcomargs.py took 41.836 seconds
[2022-05-23 12:09:16,304] {scheduler_job.py:182} INFO - Started process (PID=5496) to work on /home/airflow/.local/lib/python3.6/site-packages/airflow/example_dags/example_xcomargs.py
[2022-05-23 12:09:16,345] {scheduler_job.py:633} INFO - Processing file /home/airflow/.local/lib/python3.6/site-packages/airflow/example_dags/example_xcomargs.py for tasks to queue
[2022-05-23 12:09:16,365] {logging_mixin.py:104} INFO - [2022-05-23 12:09:16,364] {dagbag.py:487} INFO - Filling up the DagBag from /home/airflow/.local/lib/python3.6/site-packages/airflow/example_dags/example_xcomargs.py
[2022-05-23 12:09:18,417] {scheduler_job.py:643} INFO - DAG(s) dict_keys(['example_xcom_args', 'example_xcom_args_with_operators']) retrieved from /home/airflow/.local/lib/python3.6/site-packages/airflow/example_dags/example_xcomargs.py
[2022-05-23 12:09:45,512] {logging_mixin.py:104} INFO - [2022-05-23 12:09:45,512] {dag.py:1832} INFO - Sync 2 DAGs
[2022-05-23 12:09:46,663] {logging_mixin.py:104} INFO - [2022-05-23 12:09:46,662] {dag.py:2305} INFO - Setting next_dagrun for example_xcom_args to None
[2022-05-23 12:09:46,728] {logging_mixin.py:104} INFO - [2022-05-23 12:09:46,728] {dag.py:2305} INFO - Setting next_dagrun for example_xcom_args_with_operators to None
[2022-05-23 12:09:47,784] {scheduler_job.py:190} INFO - Processing /home/airflow/.local/lib/python3.6/site-packages/airflow/example_dags/example_xcomargs.py took 31.569 seconds
