[2022-05-23 11:10:01,338] {scheduler_job.py:182} INFO - Started process (PID=427) to work on /home/airflow/.local/lib/python3.6/site-packages/airflow/example_dags/example_nested_branch_dag.py
[2022-05-23 11:10:01,368] {scheduler_job.py:633} INFO - Processing file /home/airflow/.local/lib/python3.6/site-packages/airflow/example_dags/example_nested_branch_dag.py for tasks to queue
[2022-05-23 11:10:01,410] {logging_mixin.py:104} INFO - [2022-05-23 11:10:01,409] {dagbag.py:487} INFO - Filling up the DagBag from /home/airflow/.local/lib/python3.6/site-packages/airflow/example_dags/example_nested_branch_dag.py
[2022-05-23 11:10:01,847] {scheduler_job.py:643} INFO - DAG(s) dict_keys(['example_nested_branch_dag']) retrieved from /home/airflow/.local/lib/python3.6/site-packages/airflow/example_dags/example_nested_branch_dag.py
[2022-05-23 11:10:16,359] {logging_mixin.py:104} INFO - [2022-05-23 11:10:16,351] {dag.py:1832} INFO - Sync 1 DAGs
[2022-05-23 11:10:16,750] {logging_mixin.py:104} INFO - [2022-05-23 11:10:16,742] {dag.py:2305} INFO - Setting next_dagrun for example_nested_branch_dag to 2022-05-21 00:00:00+00:00
[2022-05-23 11:10:16,922] {scheduler_job.py:190} INFO - Processing /home/airflow/.local/lib/python3.6/site-packages/airflow/example_dags/example_nested_branch_dag.py took 15.643 seconds
[2022-05-23 11:13:44,073] {scheduler_job.py:182} INFO - Started process (PID=717) to work on /home/airflow/.local/lib/python3.6/site-packages/airflow/example_dags/example_nested_branch_dag.py
[2022-05-23 11:13:44,124] {scheduler_job.py:633} INFO - Processing file /home/airflow/.local/lib/python3.6/site-packages/airflow/example_dags/example_nested_branch_dag.py for tasks to queue
[2022-05-23 11:13:44,185] {logging_mixin.py:104} INFO - [2022-05-23 11:13:44,177] {dagbag.py:487} INFO - Filling up the DagBag from /home/airflow/.local/lib/python3.6/site-packages/airflow/example_dags/example_nested_branch_dag.py
[2022-05-23 11:13:44,911] {scheduler_job.py:643} INFO - DAG(s) dict_keys(['example_nested_branch_dag']) retrieved from /home/airflow/.local/lib/python3.6/site-packages/airflow/example_dags/example_nested_branch_dag.py
[2022-05-23 11:13:45,773] {logging_mixin.py:104} INFO - [2022-05-23 11:13:45,773] {dag.py:1832} INFO - Sync 1 DAGs
[2022-05-23 11:13:46,980] {logging_mixin.py:104} INFO - [2022-05-23 11:13:46,969] {dag.py:2305} INFO - Setting next_dagrun for example_nested_branch_dag to 2022-05-21 00:00:00+00:00
[2022-05-23 11:13:47,384] {scheduler_job.py:190} INFO - Processing /home/airflow/.local/lib/python3.6/site-packages/airflow/example_dags/example_nested_branch_dag.py took 3.484 seconds
[2022-05-23 11:16:00,997] {scheduler_job.py:182} INFO - Started process (PID=920) to work on /home/airflow/.local/lib/python3.6/site-packages/airflow/example_dags/example_nested_branch_dag.py
[2022-05-23 11:16:01,038] {scheduler_job.py:633} INFO - Processing file /home/airflow/.local/lib/python3.6/site-packages/airflow/example_dags/example_nested_branch_dag.py for tasks to queue
[2022-05-23 11:16:01,070] {logging_mixin.py:104} INFO - [2022-05-23 11:16:01,065] {dagbag.py:487} INFO - Filling up the DagBag from /home/airflow/.local/lib/python3.6/site-packages/airflow/example_dags/example_nested_branch_dag.py
[2022-05-23 11:16:01,919] {scheduler_job.py:643} INFO - DAG(s) dict_keys(['example_nested_branch_dag']) retrieved from /home/airflow/.local/lib/python3.6/site-packages/airflow/example_dags/example_nested_branch_dag.py
[2022-05-23 11:16:03,145] {logging_mixin.py:104} INFO - [2022-05-23 11:16:03,145] {dag.py:1832} INFO - Sync 1 DAGs
[2022-05-23 11:16:05,070] {logging_mixin.py:104} INFO - [2022-05-23 11:16:05,041] {dag.py:2305} INFO - Setting next_dagrun for example_nested_branch_dag to 2022-05-21 00:00:00+00:00
[2022-05-23 11:16:05,815] {scheduler_job.py:190} INFO - Processing /home/airflow/.local/lib/python3.6/site-packages/airflow/example_dags/example_nested_branch_dag.py took 4.932 seconds
[2022-05-23 11:17:06,280] {scheduler_job.py:182} INFO - Started process (PID=1043) to work on /home/airflow/.local/lib/python3.6/site-packages/airflow/example_dags/example_nested_branch_dag.py
[2022-05-23 11:17:06,384] {scheduler_job.py:633} INFO - Processing file /home/airflow/.local/lib/python3.6/site-packages/airflow/example_dags/example_nested_branch_dag.py for tasks to queue
[2022-05-23 11:17:06,391] {logging_mixin.py:104} INFO - [2022-05-23 11:17:06,391] {dagbag.py:487} INFO - Filling up the DagBag from /home/airflow/.local/lib/python3.6/site-packages/airflow/example_dags/example_nested_branch_dag.py
[2022-05-23 11:17:07,214] {scheduler_job.py:643} INFO - DAG(s) dict_keys(['example_nested_branch_dag']) retrieved from /home/airflow/.local/lib/python3.6/site-packages/airflow/example_dags/example_nested_branch_dag.py
[2022-05-23 11:17:08,081] {logging_mixin.py:104} INFO - [2022-05-23 11:17:08,080] {dag.py:1832} INFO - Sync 1 DAGs
[2022-05-23 11:17:09,178] {logging_mixin.py:104} INFO - [2022-05-23 11:17:09,177] {dag.py:2305} INFO - Setting next_dagrun for example_nested_branch_dag to 2022-05-21 00:00:00+00:00
[2022-05-23 11:17:09,629] {scheduler_job.py:190} INFO - Processing /home/airflow/.local/lib/python3.6/site-packages/airflow/example_dags/example_nested_branch_dag.py took 3.464 seconds
[2022-05-23 11:18:40,391] {scheduler_job.py:182} INFO - Started process (PID=1188) to work on /home/airflow/.local/lib/python3.6/site-packages/airflow/example_dags/example_nested_branch_dag.py
[2022-05-23 11:18:40,434] {scheduler_job.py:633} INFO - Processing file /home/airflow/.local/lib/python3.6/site-packages/airflow/example_dags/example_nested_branch_dag.py for tasks to queue
[2022-05-23 11:18:40,512] {logging_mixin.py:104} INFO - [2022-05-23 11:18:40,502] {dagbag.py:487} INFO - Filling up the DagBag from /home/airflow/.local/lib/python3.6/site-packages/airflow/example_dags/example_nested_branch_dag.py
[2022-05-23 11:18:42,468] {scheduler_job.py:643} INFO - DAG(s) dict_keys(['example_nested_branch_dag']) retrieved from /home/airflow/.local/lib/python3.6/site-packages/airflow/example_dags/example_nested_branch_dag.py
[2022-05-23 11:18:43,862] {logging_mixin.py:104} INFO - [2022-05-23 11:18:43,861] {dag.py:1832} INFO - Sync 1 DAGs
[2022-05-23 11:18:45,229] {logging_mixin.py:104} INFO - [2022-05-23 11:18:45,227] {dag.py:2305} INFO - Setting next_dagrun for example_nested_branch_dag to 2022-05-21 00:00:00+00:00
[2022-05-23 11:18:45,686] {scheduler_job.py:190} INFO - Processing /home/airflow/.local/lib/python3.6/site-packages/airflow/example_dags/example_nested_branch_dag.py took 5.438 seconds
[2022-05-23 11:19:47,110] {scheduler_job.py:182} INFO - Started process (PID=1308) to work on /home/airflow/.local/lib/python3.6/site-packages/airflow/example_dags/example_nested_branch_dag.py
[2022-05-23 11:19:47,186] {scheduler_job.py:633} INFO - Processing file /home/airflow/.local/lib/python3.6/site-packages/airflow/example_dags/example_nested_branch_dag.py for tasks to queue
[2022-05-23 11:19:47,227] {logging_mixin.py:104} INFO - [2022-05-23 11:19:47,226] {dagbag.py:487} INFO - Filling up the DagBag from /home/airflow/.local/lib/python3.6/site-packages/airflow/example_dags/example_nested_branch_dag.py
[2022-05-23 11:19:48,693] {scheduler_job.py:643} INFO - DAG(s) dict_keys(['example_nested_branch_dag']) retrieved from /home/airflow/.local/lib/python3.6/site-packages/airflow/example_dags/example_nested_branch_dag.py
[2022-05-23 11:19:50,345] {logging_mixin.py:104} INFO - [2022-05-23 11:19:50,326] {dag.py:1832} INFO - Sync 1 DAGs
[2022-05-23 11:19:51,853] {logging_mixin.py:104} INFO - [2022-05-23 11:19:51,852] {dag.py:2305} INFO - Setting next_dagrun for example_nested_branch_dag to 2022-05-21 00:00:00+00:00
[2022-05-23 11:19:52,485] {scheduler_job.py:190} INFO - Processing /home/airflow/.local/lib/python3.6/site-packages/airflow/example_dags/example_nested_branch_dag.py took 5.459 seconds
[2022-05-23 11:21:38,326] {scheduler_job.py:182} INFO - Started process (PID=1466) to work on /home/airflow/.local/lib/python3.6/site-packages/airflow/example_dags/example_nested_branch_dag.py
[2022-05-23 11:21:38,371] {scheduler_job.py:633} INFO - Processing file /home/airflow/.local/lib/python3.6/site-packages/airflow/example_dags/example_nested_branch_dag.py for tasks to queue
[2022-05-23 11:21:38,413] {logging_mixin.py:104} INFO - [2022-05-23 11:21:38,410] {dagbag.py:487} INFO - Filling up the DagBag from /home/airflow/.local/lib/python3.6/site-packages/airflow/example_dags/example_nested_branch_dag.py
[2022-05-23 11:21:39,461] {scheduler_job.py:643} INFO - DAG(s) dict_keys(['example_nested_branch_dag']) retrieved from /home/airflow/.local/lib/python3.6/site-packages/airflow/example_dags/example_nested_branch_dag.py
[2022-05-23 11:21:40,355] {logging_mixin.py:104} INFO - [2022-05-23 11:21:40,328] {dag.py:1832} INFO - Sync 1 DAGs
[2022-05-23 11:21:41,842] {logging_mixin.py:104} INFO - [2022-05-23 11:21:41,841] {dag.py:2305} INFO - Setting next_dagrun for example_nested_branch_dag to 2022-05-21 00:00:00+00:00
[2022-05-23 11:21:42,328] {scheduler_job.py:190} INFO - Processing /home/airflow/.local/lib/python3.6/site-packages/airflow/example_dags/example_nested_branch_dag.py took 4.137 seconds
[2022-05-23 11:22:42,328] {scheduler_job.py:182} INFO - Started process (PID=1605) to work on /home/airflow/.local/lib/python3.6/site-packages/airflow/example_dags/example_nested_branch_dag.py
[2022-05-23 11:22:42,378] {scheduler_job.py:633} INFO - Processing file /home/airflow/.local/lib/python3.6/site-packages/airflow/example_dags/example_nested_branch_dag.py for tasks to queue
[2022-05-23 11:22:42,412] {logging_mixin.py:104} INFO - [2022-05-23 11:22:42,411] {dagbag.py:487} INFO - Filling up the DagBag from /home/airflow/.local/lib/python3.6/site-packages/airflow/example_dags/example_nested_branch_dag.py
[2022-05-23 11:22:43,379] {scheduler_job.py:643} INFO - DAG(s) dict_keys(['example_nested_branch_dag']) retrieved from /home/airflow/.local/lib/python3.6/site-packages/airflow/example_dags/example_nested_branch_dag.py
[2022-05-23 11:22:44,452] {logging_mixin.py:104} INFO - [2022-05-23 11:22:44,423] {dag.py:1832} INFO - Sync 1 DAGs
[2022-05-23 11:22:45,582] {logging_mixin.py:104} INFO - [2022-05-23 11:22:45,581] {dag.py:2305} INFO - Setting next_dagrun for example_nested_branch_dag to 2022-05-21 00:00:00+00:00
[2022-05-23 11:22:46,031] {scheduler_job.py:190} INFO - Processing /home/airflow/.local/lib/python3.6/site-packages/airflow/example_dags/example_nested_branch_dag.py took 3.797 seconds
[2022-05-23 11:23:58,326] {scheduler_job.py:182} INFO - Started process (PID=1726) to work on /home/airflow/.local/lib/python3.6/site-packages/airflow/example_dags/example_nested_branch_dag.py
[2022-05-23 11:23:58,363] {scheduler_job.py:633} INFO - Processing file /home/airflow/.local/lib/python3.6/site-packages/airflow/example_dags/example_nested_branch_dag.py for tasks to queue
[2022-05-23 11:23:58,382] {logging_mixin.py:104} INFO - [2022-05-23 11:23:58,382] {dagbag.py:487} INFO - Filling up the DagBag from /home/airflow/.local/lib/python3.6/site-packages/airflow/example_dags/example_nested_branch_dag.py
[2022-05-23 11:23:59,078] {scheduler_job.py:643} INFO - DAG(s) dict_keys(['example_nested_branch_dag']) retrieved from /home/airflow/.local/lib/python3.6/site-packages/airflow/example_dags/example_nested_branch_dag.py
[2022-05-23 11:23:59,979] {logging_mixin.py:104} INFO - [2022-05-23 11:23:59,978] {dag.py:1832} INFO - Sync 1 DAGs
[2022-05-23 11:24:01,195] {logging_mixin.py:104} INFO - [2022-05-23 11:24:01,184] {dag.py:2305} INFO - Setting next_dagrun for example_nested_branch_dag to 2022-05-21 00:00:00+00:00
[2022-05-23 11:24:01,558] {scheduler_job.py:190} INFO - Processing /home/airflow/.local/lib/python3.6/site-packages/airflow/example_dags/example_nested_branch_dag.py took 3.299 seconds
[2022-05-23 11:24:48,186] {scheduler_job.py:182} INFO - Started process (PID=1842) to work on /home/airflow/.local/lib/python3.6/site-packages/airflow/example_dags/example_nested_branch_dag.py
[2022-05-23 11:24:48,206] {scheduler_job.py:633} INFO - Processing file /home/airflow/.local/lib/python3.6/site-packages/airflow/example_dags/example_nested_branch_dag.py for tasks to queue
[2022-05-23 11:24:48,235] {logging_mixin.py:104} INFO - [2022-05-23 11:24:48,234] {dagbag.py:487} INFO - Filling up the DagBag from /home/airflow/.local/lib/python3.6/site-packages/airflow/example_dags/example_nested_branch_dag.py
[2022-05-23 11:24:48,903] {scheduler_job.py:643} INFO - DAG(s) dict_keys(['example_nested_branch_dag']) retrieved from /home/airflow/.local/lib/python3.6/site-packages/airflow/example_dags/example_nested_branch_dag.py
[2022-05-23 11:24:49,455] {logging_mixin.py:104} INFO - [2022-05-23 11:24:49,454] {dag.py:1832} INFO - Sync 1 DAGs
[2022-05-23 11:24:49,912] {logging_mixin.py:104} INFO - [2022-05-23 11:24:49,912] {dag.py:2305} INFO - Setting next_dagrun for example_nested_branch_dag to 2022-05-21 00:00:00+00:00
[2022-05-23 11:24:50,164] {scheduler_job.py:190} INFO - Processing /home/airflow/.local/lib/python3.6/site-packages/airflow/example_dags/example_nested_branch_dag.py took 2.048 seconds
[2022-05-23 11:25:59,786] {scheduler_job.py:182} INFO - Started process (PID=1951) to work on /home/airflow/.local/lib/python3.6/site-packages/airflow/example_dags/example_nested_branch_dag.py
[2022-05-23 11:25:59,806] {scheduler_job.py:633} INFO - Processing file /home/airflow/.local/lib/python3.6/site-packages/airflow/example_dags/example_nested_branch_dag.py for tasks to queue
[2022-05-23 11:25:59,820] {logging_mixin.py:104} INFO - [2022-05-23 11:25:59,813] {dagbag.py:487} INFO - Filling up the DagBag from /home/airflow/.local/lib/python3.6/site-packages/airflow/example_dags/example_nested_branch_dag.py
[2022-05-23 11:26:00,588] {scheduler_job.py:643} INFO - DAG(s) dict_keys(['example_nested_branch_dag']) retrieved from /home/airflow/.local/lib/python3.6/site-packages/airflow/example_dags/example_nested_branch_dag.py
[2022-05-23 11:26:01,339] {logging_mixin.py:104} INFO - [2022-05-23 11:26:01,339] {dag.py:1832} INFO - Sync 1 DAGs
[2022-05-23 11:26:02,535] {logging_mixin.py:104} INFO - [2022-05-23 11:26:02,534] {dag.py:2305} INFO - Setting next_dagrun for example_nested_branch_dag to 2022-05-21 00:00:00+00:00
[2022-05-23 11:26:02,913] {scheduler_job.py:190} INFO - Processing /home/airflow/.local/lib/python3.6/site-packages/airflow/example_dags/example_nested_branch_dag.py took 3.157 seconds
[2022-05-23 11:27:16,302] {scheduler_job.py:182} INFO - Started process (PID=2078) to work on /home/airflow/.local/lib/python3.6/site-packages/airflow/example_dags/example_nested_branch_dag.py
[2022-05-23 11:27:16,391] {scheduler_job.py:633} INFO - Processing file /home/airflow/.local/lib/python3.6/site-packages/airflow/example_dags/example_nested_branch_dag.py for tasks to queue
[2022-05-23 11:27:16,440] {logging_mixin.py:104} INFO - [2022-05-23 11:27:16,416] {dagbag.py:487} INFO - Filling up the DagBag from /home/airflow/.local/lib/python3.6/site-packages/airflow/example_dags/example_nested_branch_dag.py
[2022-05-23 11:27:17,638] {scheduler_job.py:643} INFO - DAG(s) dict_keys(['example_nested_branch_dag']) retrieved from /home/airflow/.local/lib/python3.6/site-packages/airflow/example_dags/example_nested_branch_dag.py
[2022-05-23 11:27:18,566] {logging_mixin.py:104} INFO - [2022-05-23 11:27:18,565] {dag.py:1832} INFO - Sync 1 DAGs
[2022-05-23 11:27:20,081] {logging_mixin.py:104} INFO - [2022-05-23 11:27:20,080] {dag.py:2305} INFO - Setting next_dagrun for example_nested_branch_dag to 2022-05-21 00:00:00+00:00
[2022-05-23 11:27:20,597] {scheduler_job.py:190} INFO - Processing /home/airflow/.local/lib/python3.6/site-packages/airflow/example_dags/example_nested_branch_dag.py took 4.499 seconds
[2022-05-23 11:29:30,529] {scheduler_job.py:182} INFO - Started process (PID=2273) to work on /home/airflow/.local/lib/python3.6/site-packages/airflow/example_dags/example_nested_branch_dag.py
[2022-05-23 11:29:30,574] {scheduler_job.py:633} INFO - Processing file /home/airflow/.local/lib/python3.6/site-packages/airflow/example_dags/example_nested_branch_dag.py for tasks to queue
[2022-05-23 11:29:30,625] {logging_mixin.py:104} INFO - [2022-05-23 11:29:30,609] {dagbag.py:487} INFO - Filling up the DagBag from /home/airflow/.local/lib/python3.6/site-packages/airflow/example_dags/example_nested_branch_dag.py
[2022-05-23 11:29:32,474] {scheduler_job.py:643} INFO - DAG(s) dict_keys(['example_nested_branch_dag']) retrieved from /home/airflow/.local/lib/python3.6/site-packages/airflow/example_dags/example_nested_branch_dag.py
[2022-05-23 11:29:34,097] {logging_mixin.py:104} INFO - [2022-05-23 11:29:34,058] {dag.py:1832} INFO - Sync 1 DAGs
[2022-05-23 11:29:35,980] {logging_mixin.py:104} INFO - [2022-05-23 11:29:35,979] {dag.py:2305} INFO - Setting next_dagrun for example_nested_branch_dag to 2022-05-21 00:00:00+00:00
[2022-05-23 11:29:36,547] {scheduler_job.py:190} INFO - Processing /home/airflow/.local/lib/python3.6/site-packages/airflow/example_dags/example_nested_branch_dag.py took 6.118 seconds
[2022-05-23 11:30:33,658] {scheduler_job.py:182} INFO - Started process (PID=2357) to work on /home/airflow/.local/lib/python3.6/site-packages/airflow/example_dags/example_nested_branch_dag.py
[2022-05-23 11:30:33,858] {scheduler_job.py:633} INFO - Processing file /home/airflow/.local/lib/python3.6/site-packages/airflow/example_dags/example_nested_branch_dag.py for tasks to queue
[2022-05-23 11:30:33,924] {logging_mixin.py:104} INFO - [2022-05-23 11:30:33,884] {dagbag.py:487} INFO - Filling up the DagBag from /home/airflow/.local/lib/python3.6/site-packages/airflow/example_dags/example_nested_branch_dag.py
[2022-05-23 11:30:35,201] {scheduler_job.py:643} INFO - DAG(s) dict_keys(['example_nested_branch_dag']) retrieved from /home/airflow/.local/lib/python3.6/site-packages/airflow/example_dags/example_nested_branch_dag.py
[2022-05-23 11:30:36,087] {logging_mixin.py:104} INFO - [2022-05-23 11:30:36,086] {dag.py:1832} INFO - Sync 1 DAGs
[2022-05-23 11:30:38,148] {logging_mixin.py:104} INFO - [2022-05-23 11:30:38,147] {dag.py:2305} INFO - Setting next_dagrun for example_nested_branch_dag to 2022-05-21 00:00:00+00:00
[2022-05-23 11:30:38,980] {scheduler_job.py:190} INFO - Processing /home/airflow/.local/lib/python3.6/site-packages/airflow/example_dags/example_nested_branch_dag.py took 5.559 seconds
[2022-05-23 11:31:41,220] {scheduler_job.py:182} INFO - Started process (PID=2447) to work on /home/airflow/.local/lib/python3.6/site-packages/airflow/example_dags/example_nested_branch_dag.py
[2022-05-23 11:31:41,463] {scheduler_job.py:633} INFO - Processing file /home/airflow/.local/lib/python3.6/site-packages/airflow/example_dags/example_nested_branch_dag.py for tasks to queue
[2022-05-23 11:31:41,552] {logging_mixin.py:104} INFO - [2022-05-23 11:31:41,551] {dagbag.py:487} INFO - Filling up the DagBag from /home/airflow/.local/lib/python3.6/site-packages/airflow/example_dags/example_nested_branch_dag.py
[2022-05-23 11:31:43,601] {scheduler_job.py:643} INFO - DAG(s) dict_keys(['example_nested_branch_dag']) retrieved from /home/airflow/.local/lib/python3.6/site-packages/airflow/example_dags/example_nested_branch_dag.py
[2022-05-23 11:31:45,764] {logging_mixin.py:104} INFO - [2022-05-23 11:31:45,722] {dag.py:1832} INFO - Sync 1 DAGs
[2022-05-23 11:31:47,396] {logging_mixin.py:104} INFO - [2022-05-23 11:31:47,351] {dag.py:2305} INFO - Setting next_dagrun for example_nested_branch_dag to 2022-05-21 00:00:00+00:00
[2022-05-23 11:31:48,126] {scheduler_job.py:190} INFO - Processing /home/airflow/.local/lib/python3.6/site-packages/airflow/example_dags/example_nested_branch_dag.py took 7.136 seconds
[2022-05-23 11:32:45,815] {scheduler_job.py:182} INFO - Started process (PID=2522) to work on /home/airflow/.local/lib/python3.6/site-packages/airflow/example_dags/example_nested_branch_dag.py
[2022-05-23 11:32:45,874] {scheduler_job.py:633} INFO - Processing file /home/airflow/.local/lib/python3.6/site-packages/airflow/example_dags/example_nested_branch_dag.py for tasks to queue
[2022-05-23 11:32:45,926] {logging_mixin.py:104} INFO - [2022-05-23 11:32:45,903] {dagbag.py:487} INFO - Filling up the DagBag from /home/airflow/.local/lib/python3.6/site-packages/airflow/example_dags/example_nested_branch_dag.py
[2022-05-23 11:32:49,373] {scheduler_job.py:643} INFO - DAG(s) dict_keys(['example_nested_branch_dag']) retrieved from /home/airflow/.local/lib/python3.6/site-packages/airflow/example_dags/example_nested_branch_dag.py
[2022-05-23 11:32:52,203] {logging_mixin.py:104} INFO - [2022-05-23 11:32:52,106] {dag.py:1832} INFO - Sync 1 DAGs
[2022-05-23 11:32:54,949] {logging_mixin.py:104} INFO - [2022-05-23 11:32:54,947] {dag.py:2305} INFO - Setting next_dagrun for example_nested_branch_dag to 2022-05-21 00:00:00+00:00
[2022-05-23 11:32:56,199] {scheduler_job.py:190} INFO - Processing /home/airflow/.local/lib/python3.6/site-packages/airflow/example_dags/example_nested_branch_dag.py took 10.573 seconds
[2022-05-23 11:34:10,752] {scheduler_job.py:182} INFO - Started process (PID=2612) to work on /home/airflow/.local/lib/python3.6/site-packages/airflow/example_dags/example_nested_branch_dag.py
[2022-05-23 11:34:10,851] {scheduler_job.py:633} INFO - Processing file /home/airflow/.local/lib/python3.6/site-packages/airflow/example_dags/example_nested_branch_dag.py for tasks to queue
[2022-05-23 11:34:10,891] {logging_mixin.py:104} INFO - [2022-05-23 11:34:10,890] {dagbag.py:487} INFO - Filling up the DagBag from /home/airflow/.local/lib/python3.6/site-packages/airflow/example_dags/example_nested_branch_dag.py
[2022-05-23 11:34:13,744] {scheduler_job.py:643} INFO - DAG(s) dict_keys(['example_nested_branch_dag']) retrieved from /home/airflow/.local/lib/python3.6/site-packages/airflow/example_dags/example_nested_branch_dag.py
[2022-05-23 11:34:15,865] {logging_mixin.py:104} INFO - [2022-05-23 11:34:15,864] {dag.py:1832} INFO - Sync 1 DAGs
[2022-05-23 11:34:18,710] {logging_mixin.py:104} INFO - [2022-05-23 11:34:18,670] {dag.py:2305} INFO - Setting next_dagrun for example_nested_branch_dag to 2022-05-21 00:00:00+00:00
[2022-05-23 11:34:19,551] {scheduler_job.py:190} INFO - Processing /home/airflow/.local/lib/python3.6/site-packages/airflow/example_dags/example_nested_branch_dag.py took 9.048 seconds
[2022-05-23 11:34:37,948] {scheduler_job.py:182} INFO - Started process (PID=2655) to work on /home/airflow/.local/lib/python3.6/site-packages/airflow/example_dags/example_nested_branch_dag.py
[2022-05-23 11:34:38,090] {scheduler_job.py:633} INFO - Processing file /home/airflow/.local/lib/python3.6/site-packages/airflow/example_dags/example_nested_branch_dag.py for tasks to queue
[2022-05-23 11:34:38,193] {logging_mixin.py:104} INFO - [2022-05-23 11:34:38,192] {dagbag.py:487} INFO - Filling up the DagBag from /home/airflow/.local/lib/python3.6/site-packages/airflow/example_dags/example_nested_branch_dag.py
[2022-05-23 11:34:41,684] {scheduler_job.py:643} INFO - DAG(s) dict_keys(['example_nested_branch_dag']) retrieved from /home/airflow/.local/lib/python3.6/site-packages/airflow/example_dags/example_nested_branch_dag.py
[2022-05-23 11:34:45,159] {logging_mixin.py:104} INFO - [2022-05-23 11:34:45,126] {dag.py:1832} INFO - Sync 1 DAGs
[2022-05-23 11:34:50,011] {logging_mixin.py:104} INFO - [2022-05-23 11:34:49,982] {dag.py:2305} INFO - Setting next_dagrun for example_nested_branch_dag to 2022-05-21 00:00:00+00:00
[2022-05-23 11:34:51,417] {scheduler_job.py:190} INFO - Processing /home/airflow/.local/lib/python3.6/site-packages/airflow/example_dags/example_nested_branch_dag.py took 13.751 seconds
[2022-05-23 11:35:39,179] {scheduler_job.py:182} INFO - Started process (PID=2717) to work on /home/airflow/.local/lib/python3.6/site-packages/airflow/example_dags/example_nested_branch_dag.py
[2022-05-23 11:35:39,292] {scheduler_job.py:633} INFO - Processing file /home/airflow/.local/lib/python3.6/site-packages/airflow/example_dags/example_nested_branch_dag.py for tasks to queue
[2022-05-23 11:35:39,358] {logging_mixin.py:104} INFO - [2022-05-23 11:35:39,357] {dagbag.py:487} INFO - Filling up the DagBag from /home/airflow/.local/lib/python3.6/site-packages/airflow/example_dags/example_nested_branch_dag.py
[2022-05-23 11:35:41,075] {scheduler_job.py:643} INFO - DAG(s) dict_keys(['example_nested_branch_dag']) retrieved from /home/airflow/.local/lib/python3.6/site-packages/airflow/example_dags/example_nested_branch_dag.py
[2022-05-23 11:35:42,841] {logging_mixin.py:104} INFO - [2022-05-23 11:35:42,812] {dag.py:1832} INFO - Sync 1 DAGs
[2022-05-23 11:35:44,718] {logging_mixin.py:104} INFO - [2022-05-23 11:35:44,650] {dag.py:2305} INFO - Setting next_dagrun for example_nested_branch_dag to 2022-05-21 00:00:00+00:00
[2022-05-23 11:35:45,841] {scheduler_job.py:190} INFO - Processing /home/airflow/.local/lib/python3.6/site-packages/airflow/example_dags/example_nested_branch_dag.py took 6.886 seconds
[2022-05-23 11:38:47,002] {scheduler_job.py:182} INFO - Started process (PID=2983) to work on /home/airflow/.local/lib/python3.6/site-packages/airflow/example_dags/example_nested_branch_dag.py
[2022-05-23 11:38:47,087] {scheduler_job.py:633} INFO - Processing file /home/airflow/.local/lib/python3.6/site-packages/airflow/example_dags/example_nested_branch_dag.py for tasks to queue
[2022-05-23 11:38:47,113] {logging_mixin.py:104} INFO - [2022-05-23 11:38:47,112] {dagbag.py:487} INFO - Filling up the DagBag from /home/airflow/.local/lib/python3.6/site-packages/airflow/example_dags/example_nested_branch_dag.py
[2022-05-23 11:38:49,389] {scheduler_job.py:643} INFO - DAG(s) dict_keys(['example_nested_branch_dag']) retrieved from /home/airflow/.local/lib/python3.6/site-packages/airflow/example_dags/example_nested_branch_dag.py
[2022-05-23 11:38:51,937] {logging_mixin.py:104} INFO - [2022-05-23 11:38:51,894] {dag.py:1832} INFO - Sync 1 DAGs
[2022-05-23 11:38:54,598] {logging_mixin.py:104} INFO - [2022-05-23 11:38:54,597] {dag.py:2305} INFO - Setting next_dagrun for example_nested_branch_dag to 2022-05-21 00:00:00+00:00
[2022-05-23 11:38:55,706] {scheduler_job.py:190} INFO - Processing /home/airflow/.local/lib/python3.6/site-packages/airflow/example_dags/example_nested_branch_dag.py took 8.942 seconds
[2022-05-23 11:39:58,390] {scheduler_job.py:182} INFO - Started process (PID=3070) to work on /home/airflow/.local/lib/python3.6/site-packages/airflow/example_dags/example_nested_branch_dag.py
[2022-05-23 11:39:58,490] {scheduler_job.py:633} INFO - Processing file /home/airflow/.local/lib/python3.6/site-packages/airflow/example_dags/example_nested_branch_dag.py for tasks to queue
[2022-05-23 11:39:58,557] {logging_mixin.py:104} INFO - [2022-05-23 11:39:58,556] {dagbag.py:487} INFO - Filling up the DagBag from /home/airflow/.local/lib/python3.6/site-packages/airflow/example_dags/example_nested_branch_dag.py
[2022-05-23 11:40:00,738] {scheduler_job.py:643} INFO - DAG(s) dict_keys(['example_nested_branch_dag']) retrieved from /home/airflow/.local/lib/python3.6/site-packages/airflow/example_dags/example_nested_branch_dag.py
[2022-05-23 11:40:02,542] {logging_mixin.py:104} INFO - [2022-05-23 11:40:02,488] {dag.py:1832} INFO - Sync 1 DAGs
[2022-05-23 11:40:04,595] {logging_mixin.py:104} INFO - [2022-05-23 11:40:04,594] {dag.py:2305} INFO - Setting next_dagrun for example_nested_branch_dag to 2022-05-21 00:00:00+00:00
[2022-05-23 11:40:05,199] {scheduler_job.py:190} INFO - Processing /home/airflow/.local/lib/python3.6/site-packages/airflow/example_dags/example_nested_branch_dag.py took 6.999 seconds
[2022-05-23 11:42:58,151] {scheduler_job.py:182} INFO - Started process (PID=3336) to work on /home/airflow/.local/lib/python3.6/site-packages/airflow/example_dags/example_nested_branch_dag.py
[2022-05-23 11:42:58,343] {scheduler_job.py:633} INFO - Processing file /home/airflow/.local/lib/python3.6/site-packages/airflow/example_dags/example_nested_branch_dag.py for tasks to queue
[2022-05-23 11:42:58,435] {logging_mixin.py:104} INFO - [2022-05-23 11:42:58,360] {dagbag.py:487} INFO - Filling up the DagBag from /home/airflow/.local/lib/python3.6/site-packages/airflow/example_dags/example_nested_branch_dag.py
[2022-05-23 11:43:00,815] {scheduler_job.py:643} INFO - DAG(s) dict_keys(['example_nested_branch_dag']) retrieved from /home/airflow/.local/lib/python3.6/site-packages/airflow/example_dags/example_nested_branch_dag.py
[2022-05-23 11:43:03,697] {logging_mixin.py:104} INFO - [2022-05-23 11:43:03,662] {dag.py:1832} INFO - Sync 1 DAGs
[2022-05-23 11:43:06,075] {logging_mixin.py:104} INFO - [2022-05-23 11:43:06,074] {dag.py:2305} INFO - Setting next_dagrun for example_nested_branch_dag to 2022-05-21 00:00:00+00:00
[2022-05-23 11:43:07,320] {scheduler_job.py:190} INFO - Processing /home/airflow/.local/lib/python3.6/site-packages/airflow/example_dags/example_nested_branch_dag.py took 9.481 seconds
[2022-05-23 11:44:03,098] {scheduler_job.py:182} INFO - Started process (PID=3422) to work on /home/airflow/.local/lib/python3.6/site-packages/airflow/example_dags/example_nested_branch_dag.py
[2022-05-23 11:44:03,239] {scheduler_job.py:633} INFO - Processing file /home/airflow/.local/lib/python3.6/site-packages/airflow/example_dags/example_nested_branch_dag.py for tasks to queue
[2022-05-23 11:44:03,340] {logging_mixin.py:104} INFO - [2022-05-23 11:44:03,310] {dagbag.py:487} INFO - Filling up the DagBag from /home/airflow/.local/lib/python3.6/site-packages/airflow/example_dags/example_nested_branch_dag.py
[2022-05-23 11:44:05,671] {scheduler_job.py:643} INFO - DAG(s) dict_keys(['example_nested_branch_dag']) retrieved from /home/airflow/.local/lib/python3.6/site-packages/airflow/example_dags/example_nested_branch_dag.py
[2022-05-23 11:44:07,920] {logging_mixin.py:104} INFO - [2022-05-23 11:44:07,919] {dag.py:1832} INFO - Sync 1 DAGs
[2022-05-23 11:44:09,981] {logging_mixin.py:104} INFO - [2022-05-23 11:44:09,906] {dag.py:2305} INFO - Setting next_dagrun for example_nested_branch_dag to 2022-05-21 00:00:00+00:00
[2022-05-23 11:44:10,953] {scheduler_job.py:190} INFO - Processing /home/airflow/.local/lib/python3.6/site-packages/airflow/example_dags/example_nested_branch_dag.py took 8.064 seconds
[2022-05-23 11:45:16,711] {scheduler_job.py:182} INFO - Started process (PID=3509) to work on /home/airflow/.local/lib/python3.6/site-packages/airflow/example_dags/example_nested_branch_dag.py
[2022-05-23 11:45:16,962] {scheduler_job.py:633} INFO - Processing file /home/airflow/.local/lib/python3.6/site-packages/airflow/example_dags/example_nested_branch_dag.py for tasks to queue
[2022-05-23 11:45:17,030] {logging_mixin.py:104} INFO - [2022-05-23 11:45:17,029] {dagbag.py:487} INFO - Filling up the DagBag from /home/airflow/.local/lib/python3.6/site-packages/airflow/example_dags/example_nested_branch_dag.py
[2022-05-23 11:45:20,411] {scheduler_job.py:643} INFO - DAG(s) dict_keys(['example_nested_branch_dag']) retrieved from /home/airflow/.local/lib/python3.6/site-packages/airflow/example_dags/example_nested_branch_dag.py
[2022-05-23 11:45:23,594] {logging_mixin.py:104} INFO - [2022-05-23 11:45:23,534] {dag.py:1832} INFO - Sync 1 DAGs
[2022-05-23 11:45:27,199] {logging_mixin.py:104} INFO - [2022-05-23 11:45:27,137] {dag.py:2305} INFO - Setting next_dagrun for example_nested_branch_dag to 2022-05-21 00:00:00+00:00
[2022-05-23 11:45:28,605] {scheduler_job.py:190} INFO - Processing /home/airflow/.local/lib/python3.6/site-packages/airflow/example_dags/example_nested_branch_dag.py took 12.410 seconds
[2022-05-23 11:46:45,675] {scheduler_job.py:182} INFO - Started process (PID=3622) to work on /home/airflow/.local/lib/python3.6/site-packages/airflow/example_dags/example_nested_branch_dag.py
[2022-05-23 11:46:45,816] {scheduler_job.py:633} INFO - Processing file /home/airflow/.local/lib/python3.6/site-packages/airflow/example_dags/example_nested_branch_dag.py for tasks to queue
[2022-05-23 11:46:45,915] {logging_mixin.py:104} INFO - [2022-05-23 11:46:45,914] {dagbag.py:487} INFO - Filling up the DagBag from /home/airflow/.local/lib/python3.6/site-packages/airflow/example_dags/example_nested_branch_dag.py
[2022-05-23 11:46:49,383] {scheduler_job.py:643} INFO - DAG(s) dict_keys(['example_nested_branch_dag']) retrieved from /home/airflow/.local/lib/python3.6/site-packages/airflow/example_dags/example_nested_branch_dag.py
[2022-05-23 11:46:51,755] {logging_mixin.py:104} INFO - [2022-05-23 11:46:51,753] {dag.py:1832} INFO - Sync 1 DAGs
[2022-05-23 11:46:54,984] {logging_mixin.py:104} INFO - [2022-05-23 11:46:54,983] {dag.py:2305} INFO - Setting next_dagrun for example_nested_branch_dag to 2022-05-21 00:00:00+00:00
[2022-05-23 11:46:56,068] {scheduler_job.py:190} INFO - Processing /home/airflow/.local/lib/python3.6/site-packages/airflow/example_dags/example_nested_branch_dag.py took 10.961 seconds
[2022-05-23 11:47:41,911] {scheduler_job.py:182} INFO - Started process (PID=3697) to work on /home/airflow/.local/lib/python3.6/site-packages/airflow/example_dags/example_nested_branch_dag.py
[2022-05-23 11:47:41,966] {scheduler_job.py:633} INFO - Processing file /home/airflow/.local/lib/python3.6/site-packages/airflow/example_dags/example_nested_branch_dag.py for tasks to queue
[2022-05-23 11:47:42,016] {logging_mixin.py:104} INFO - [2022-05-23 11:47:42,016] {dagbag.py:487} INFO - Filling up the DagBag from /home/airflow/.local/lib/python3.6/site-packages/airflow/example_dags/example_nested_branch_dag.py
[2022-05-23 11:47:44,364] {scheduler_job.py:643} INFO - DAG(s) dict_keys(['example_nested_branch_dag']) retrieved from /home/airflow/.local/lib/python3.6/site-packages/airflow/example_dags/example_nested_branch_dag.py
[2022-05-23 11:47:46,676] {logging_mixin.py:104} INFO - [2022-05-23 11:47:46,676] {dag.py:1832} INFO - Sync 1 DAGs
[2022-05-23 11:47:48,986] {logging_mixin.py:104} INFO - [2022-05-23 11:47:48,961] {dag.py:2305} INFO - Setting next_dagrun for example_nested_branch_dag to 2022-05-21 00:00:00+00:00
[2022-05-23 11:47:49,927] {scheduler_job.py:190} INFO - Processing /home/airflow/.local/lib/python3.6/site-packages/airflow/example_dags/example_nested_branch_dag.py took 8.219 seconds
[2022-05-23 11:50:57,712] {scheduler_job.py:182} INFO - Started process (PID=3972) to work on /home/airflow/.local/lib/python3.6/site-packages/airflow/example_dags/example_nested_branch_dag.py
[2022-05-23 11:50:57,835] {scheduler_job.py:633} INFO - Processing file /home/airflow/.local/lib/python3.6/site-packages/airflow/example_dags/example_nested_branch_dag.py for tasks to queue
[2022-05-23 11:50:57,919] {logging_mixin.py:104} INFO - [2022-05-23 11:50:57,918] {dagbag.py:487} INFO - Filling up the DagBag from /home/airflow/.local/lib/python3.6/site-packages/airflow/example_dags/example_nested_branch_dag.py
[2022-05-23 11:51:00,448] {scheduler_job.py:643} INFO - DAG(s) dict_keys(['example_nested_branch_dag']) retrieved from /home/airflow/.local/lib/python3.6/site-packages/airflow/example_dags/example_nested_branch_dag.py
[2022-05-23 11:51:02,488] {logging_mixin.py:104} INFO - [2022-05-23 11:51:02,487] {dag.py:1832} INFO - Sync 1 DAGs
[2022-05-23 11:51:04,962] {logging_mixin.py:104} INFO - [2022-05-23 11:51:04,878] {dag.py:2305} INFO - Setting next_dagrun for example_nested_branch_dag to 2022-05-21 00:00:00+00:00
[2022-05-23 11:51:05,931] {scheduler_job.py:190} INFO - Processing /home/airflow/.local/lib/python3.6/site-packages/airflow/example_dags/example_nested_branch_dag.py took 8.464 seconds
[2022-05-23 11:52:11,569] {scheduler_job.py:182} INFO - Started process (PID=4074) to work on /home/airflow/.local/lib/python3.6/site-packages/airflow/example_dags/example_nested_branch_dag.py
[2022-05-23 11:52:11,613] {scheduler_job.py:633} INFO - Processing file /home/airflow/.local/lib/python3.6/site-packages/airflow/example_dags/example_nested_branch_dag.py for tasks to queue
[2022-05-23 11:52:11,754] {logging_mixin.py:104} INFO - [2022-05-23 11:52:11,682] {dagbag.py:487} INFO - Filling up the DagBag from /home/airflow/.local/lib/python3.6/site-packages/airflow/example_dags/example_nested_branch_dag.py
[2022-05-23 11:52:14,656] {scheduler_job.py:643} INFO - DAG(s) dict_keys(['example_nested_branch_dag']) retrieved from /home/airflow/.local/lib/python3.6/site-packages/airflow/example_dags/example_nested_branch_dag.py
[2022-05-23 11:52:17,020] {logging_mixin.py:104} INFO - [2022-05-23 11:52:17,019] {dag.py:1832} INFO - Sync 1 DAGs
[2022-05-23 11:52:19,952] {logging_mixin.py:104} INFO - [2022-05-23 11:52:19,950] {dag.py:2305} INFO - Setting next_dagrun for example_nested_branch_dag to 2022-05-21 00:00:00+00:00
[2022-05-23 11:52:21,397] {scheduler_job.py:190} INFO - Processing /home/airflow/.local/lib/python3.6/site-packages/airflow/example_dags/example_nested_branch_dag.py took 10.150 seconds
[2022-05-23 11:54:00,956] {scheduler_job.py:182} INFO - Started process (PID=4183) to work on /home/airflow/.local/lib/python3.6/site-packages/airflow/example_dags/example_nested_branch_dag.py
[2022-05-23 11:54:01,142] {scheduler_job.py:633} INFO - Processing file /home/airflow/.local/lib/python3.6/site-packages/airflow/example_dags/example_nested_branch_dag.py for tasks to queue
[2022-05-23 11:54:01,304] {logging_mixin.py:104} INFO - [2022-05-23 11:54:01,203] {dagbag.py:487} INFO - Filling up the DagBag from /home/airflow/.local/lib/python3.6/site-packages/airflow/example_dags/example_nested_branch_dag.py
[2022-05-23 11:54:04,941] {scheduler_job.py:643} INFO - DAG(s) dict_keys(['example_nested_branch_dag']) retrieved from /home/airflow/.local/lib/python3.6/site-packages/airflow/example_dags/example_nested_branch_dag.py
[2022-05-23 11:54:10,104] {logging_mixin.py:104} INFO - [2022-05-23 11:54:10,090] {dag.py:1832} INFO - Sync 1 DAGs
[2022-05-23 11:54:14,615] {logging_mixin.py:104} INFO - [2022-05-23 11:54:14,466] {dag.py:2305} INFO - Setting next_dagrun for example_nested_branch_dag to 2022-05-21 00:00:00+00:00
[2022-05-23 11:54:24,238] {scheduler_job.py:190} INFO - Processing /home/airflow/.local/lib/python3.6/site-packages/airflow/example_dags/example_nested_branch_dag.py took 23.834 seconds
[2022-05-23 11:55:06,982] {scheduler_job.py:182} INFO - Started process (PID=4275) to work on /home/airflow/.local/lib/python3.6/site-packages/airflow/example_dags/example_nested_branch_dag.py
[2022-05-23 11:55:07,115] {scheduler_job.py:633} INFO - Processing file /home/airflow/.local/lib/python3.6/site-packages/airflow/example_dags/example_nested_branch_dag.py for tasks to queue
[2022-05-23 11:55:07,209] {logging_mixin.py:104} INFO - [2022-05-23 11:55:07,162] {dagbag.py:487} INFO - Filling up the DagBag from /home/airflow/.local/lib/python3.6/site-packages/airflow/example_dags/example_nested_branch_dag.py
[2022-05-23 11:55:10,475] {scheduler_job.py:643} INFO - DAG(s) dict_keys(['example_nested_branch_dag']) retrieved from /home/airflow/.local/lib/python3.6/site-packages/airflow/example_dags/example_nested_branch_dag.py
[2022-05-23 11:55:13,669] {logging_mixin.py:104} INFO - [2022-05-23 11:55:13,667] {dag.py:1832} INFO - Sync 1 DAGs
[2022-05-23 11:55:16,838] {logging_mixin.py:104} INFO - [2022-05-23 11:55:16,836] {dag.py:2305} INFO - Setting next_dagrun for example_nested_branch_dag to 2022-05-21 00:00:00+00:00
[2022-05-23 11:55:18,651] {scheduler_job.py:190} INFO - Processing /home/airflow/.local/lib/python3.6/site-packages/airflow/example_dags/example_nested_branch_dag.py took 12.013 seconds
[2022-05-23 11:57:07,185] {scheduler_job.py:182} INFO - Started process (PID=4396) to work on /home/airflow/.local/lib/python3.6/site-packages/airflow/example_dags/example_nested_branch_dag.py
[2022-05-23 11:57:07,364] {scheduler_job.py:633} INFO - Processing file /home/airflow/.local/lib/python3.6/site-packages/airflow/example_dags/example_nested_branch_dag.py for tasks to queue
[2022-05-23 11:57:07,723] {logging_mixin.py:104} INFO - [2022-05-23 11:57:07,652] {dagbag.py:487} INFO - Filling up the DagBag from /home/airflow/.local/lib/python3.6/site-packages/airflow/example_dags/example_nested_branch_dag.py
[2022-05-23 11:57:14,446] {scheduler_job.py:643} INFO - DAG(s) dict_keys(['example_nested_branch_dag']) retrieved from /home/airflow/.local/lib/python3.6/site-packages/airflow/example_dags/example_nested_branch_dag.py
[2022-05-23 11:57:21,610] {logging_mixin.py:104} INFO - [2022-05-23 11:57:21,524] {dag.py:1832} INFO - Sync 1 DAGs
[2022-05-23 11:57:26,324] {logging_mixin.py:104} INFO - [2022-05-23 11:57:26,236] {dag.py:2305} INFO - Setting next_dagrun for example_nested_branch_dag to 2022-05-21 00:00:00+00:00
[2022-05-23 11:57:29,596] {scheduler_job.py:190} INFO - Processing /home/airflow/.local/lib/python3.6/site-packages/airflow/example_dags/example_nested_branch_dag.py took 23.335 seconds
[2022-05-23 11:58:27,918] {scheduler_job.py:182} INFO - Started process (PID=4493) to work on /home/airflow/.local/lib/python3.6/site-packages/airflow/example_dags/example_nested_branch_dag.py
[2022-05-23 11:58:28,064] {scheduler_job.py:633} INFO - Processing file /home/airflow/.local/lib/python3.6/site-packages/airflow/example_dags/example_nested_branch_dag.py for tasks to queue
[2022-05-23 11:58:28,112] {logging_mixin.py:104} INFO - [2022-05-23 11:58:28,112] {dagbag.py:487} INFO - Filling up the DagBag from /home/airflow/.local/lib/python3.6/site-packages/airflow/example_dags/example_nested_branch_dag.py
[2022-05-23 11:58:30,418] {scheduler_job.py:643} INFO - DAG(s) dict_keys(['example_nested_branch_dag']) retrieved from /home/airflow/.local/lib/python3.6/site-packages/airflow/example_dags/example_nested_branch_dag.py
[2022-05-23 11:58:32,893] {logging_mixin.py:104} INFO - [2022-05-23 11:58:32,892] {dag.py:1832} INFO - Sync 1 DAGs
[2022-05-23 11:58:35,461] {logging_mixin.py:104} INFO - [2022-05-23 11:58:35,460] {dag.py:2305} INFO - Setting next_dagrun for example_nested_branch_dag to 2022-05-21 00:00:00+00:00
[2022-05-23 11:58:36,478] {scheduler_job.py:190} INFO - Processing /home/airflow/.local/lib/python3.6/site-packages/airflow/example_dags/example_nested_branch_dag.py took 8.851 seconds
[2022-05-23 12:00:32,014] {scheduler_job.py:182} INFO - Started process (PID=4698) to work on /home/airflow/.local/lib/python3.6/site-packages/airflow/example_dags/example_nested_branch_dag.py
[2022-05-23 12:00:32,106] {scheduler_job.py:633} INFO - Processing file /home/airflow/.local/lib/python3.6/site-packages/airflow/example_dags/example_nested_branch_dag.py for tasks to queue
[2022-05-23 12:00:32,159] {logging_mixin.py:104} INFO - [2022-05-23 12:00:32,158] {dagbag.py:487} INFO - Filling up the DagBag from /home/airflow/.local/lib/python3.6/site-packages/airflow/example_dags/example_nested_branch_dag.py
[2022-05-23 12:00:35,337] {scheduler_job.py:643} INFO - DAG(s) dict_keys(['example_nested_branch_dag']) retrieved from /home/airflow/.local/lib/python3.6/site-packages/airflow/example_dags/example_nested_branch_dag.py
[2022-05-23 12:00:37,961] {logging_mixin.py:104} INFO - [2022-05-23 12:00:37,960] {dag.py:1832} INFO - Sync 1 DAGs
[2022-05-23 12:00:40,512] {logging_mixin.py:104} INFO - [2022-05-23 12:00:40,511] {dag.py:2305} INFO - Setting next_dagrun for example_nested_branch_dag to 2022-05-21 00:00:00+00:00
[2022-05-23 12:00:41,524] {scheduler_job.py:190} INFO - Processing /home/airflow/.local/lib/python3.6/site-packages/airflow/example_dags/example_nested_branch_dag.py took 10.015 seconds
[2022-05-23 12:01:40,123] {scheduler_job.py:182} INFO - Started process (PID=4781) to work on /home/airflow/.local/lib/python3.6/site-packages/airflow/example_dags/example_nested_branch_dag.py
[2022-05-23 12:01:40,226] {scheduler_job.py:633} INFO - Processing file /home/airflow/.local/lib/python3.6/site-packages/airflow/example_dags/example_nested_branch_dag.py for tasks to queue
[2022-05-23 12:01:40,291] {logging_mixin.py:104} INFO - [2022-05-23 12:01:40,290] {dagbag.py:487} INFO - Filling up the DagBag from /home/airflow/.local/lib/python3.6/site-packages/airflow/example_dags/example_nested_branch_dag.py
[2022-05-23 12:01:42,764] {scheduler_job.py:643} INFO - DAG(s) dict_keys(['example_nested_branch_dag']) retrieved from /home/airflow/.local/lib/python3.6/site-packages/airflow/example_dags/example_nested_branch_dag.py
[2022-05-23 12:01:45,357] {logging_mixin.py:104} INFO - [2022-05-23 12:01:45,271] {dag.py:1832} INFO - Sync 1 DAGs
[2022-05-23 12:01:48,024] {logging_mixin.py:104} INFO - [2022-05-23 12:01:47,943] {dag.py:2305} INFO - Setting next_dagrun for example_nested_branch_dag to 2022-05-21 00:00:00+00:00
[2022-05-23 12:01:49,063] {scheduler_job.py:190} INFO - Processing /home/airflow/.local/lib/python3.6/site-packages/airflow/example_dags/example_nested_branch_dag.py took 9.216 seconds
[2022-05-23 12:02:45,893] {scheduler_job.py:182} INFO - Started process (PID=4896) to work on /home/airflow/.local/lib/python3.6/site-packages/airflow/example_dags/example_nested_branch_dag.py
[2022-05-23 12:02:46,063] {scheduler_job.py:633} INFO - Processing file /home/airflow/.local/lib/python3.6/site-packages/airflow/example_dags/example_nested_branch_dag.py for tasks to queue
[2022-05-23 12:02:46,147] {logging_mixin.py:104} INFO - [2022-05-23 12:02:46,146] {dagbag.py:487} INFO - Filling up the DagBag from /home/airflow/.local/lib/python3.6/site-packages/airflow/example_dags/example_nested_branch_dag.py
[2022-05-23 12:02:48,882] {scheduler_job.py:643} INFO - DAG(s) dict_keys(['example_nested_branch_dag']) retrieved from /home/airflow/.local/lib/python3.6/site-packages/airflow/example_dags/example_nested_branch_dag.py
[2022-05-23 12:02:51,463] {logging_mixin.py:104} INFO - [2022-05-23 12:02:51,462] {dag.py:1832} INFO - Sync 1 DAGs
[2022-05-23 12:02:53,419] {logging_mixin.py:104} INFO - [2022-05-23 12:02:53,379] {dag.py:2305} INFO - Setting next_dagrun for example_nested_branch_dag to 2022-05-21 00:00:00+00:00
[2022-05-23 12:02:54,650] {scheduler_job.py:190} INFO - Processing /home/airflow/.local/lib/python3.6/site-packages/airflow/example_dags/example_nested_branch_dag.py took 8.960 seconds
[2022-05-23 12:03:55,419] {scheduler_job.py:182} INFO - Started process (PID=4994) to work on /home/airflow/.local/lib/python3.6/site-packages/airflow/example_dags/example_nested_branch_dag.py
[2022-05-23 12:03:55,531] {scheduler_job.py:633} INFO - Processing file /home/airflow/.local/lib/python3.6/site-packages/airflow/example_dags/example_nested_branch_dag.py for tasks to queue
[2022-05-23 12:03:55,581] {logging_mixin.py:104} INFO - [2022-05-23 12:03:55,580] {dagbag.py:487} INFO - Filling up the DagBag from /home/airflow/.local/lib/python3.6/site-packages/airflow/example_dags/example_nested_branch_dag.py
[2022-05-23 12:03:57,564] {scheduler_job.py:643} INFO - DAG(s) dict_keys(['example_nested_branch_dag']) retrieved from /home/airflow/.local/lib/python3.6/site-packages/airflow/example_dags/example_nested_branch_dag.py
[2022-05-23 12:03:59,564] {logging_mixin.py:104} INFO - [2022-05-23 12:03:59,563] {dag.py:1832} INFO - Sync 1 DAGs
[2022-05-23 12:04:01,631] {logging_mixin.py:104} INFO - [2022-05-23 12:04:01,631] {dag.py:2305} INFO - Setting next_dagrun for example_nested_branch_dag to 2022-05-21 00:00:00+00:00
[2022-05-23 12:04:02,816] {scheduler_job.py:190} INFO - Processing /home/airflow/.local/lib/python3.6/site-packages/airflow/example_dags/example_nested_branch_dag.py took 7.666 seconds
[2022-05-23 12:07:38,429] {scheduler_job.py:182} INFO - Started process (PID=5342) to work on /home/airflow/.local/lib/python3.6/site-packages/airflow/example_dags/example_nested_branch_dag.py
[2022-05-23 12:07:38,497] {scheduler_job.py:633} INFO - Processing file /home/airflow/.local/lib/python3.6/site-packages/airflow/example_dags/example_nested_branch_dag.py for tasks to queue
[2022-05-23 12:07:38,545] {logging_mixin.py:104} INFO - [2022-05-23 12:07:38,544] {dagbag.py:487} INFO - Filling up the DagBag from /home/airflow/.local/lib/python3.6/site-packages/airflow/example_dags/example_nested_branch_dag.py
[2022-05-23 12:07:40,138] {scheduler_job.py:643} INFO - DAG(s) dict_keys(['example_nested_branch_dag']) retrieved from /home/airflow/.local/lib/python3.6/site-packages/airflow/example_dags/example_nested_branch_dag.py
[2022-05-23 12:07:42,378] {logging_mixin.py:104} INFO - [2022-05-23 12:07:42,336] {dag.py:1832} INFO - Sync 1 DAGs
[2022-05-23 12:07:45,745] {logging_mixin.py:104} INFO - [2022-05-23 12:07:45,696] {dag.py:2305} INFO - Setting next_dagrun for example_nested_branch_dag to 2022-05-21 00:00:00+00:00
[2022-05-23 12:07:46,963] {scheduler_job.py:190} INFO - Processing /home/airflow/.local/lib/python3.6/site-packages/airflow/example_dags/example_nested_branch_dag.py took 8.729 seconds
[2022-05-23 12:09:51,815] {scheduler_job.py:182} INFO - Started process (PID=5559) to work on /home/airflow/.local/lib/python3.6/site-packages/airflow/example_dags/example_nested_branch_dag.py
[2022-05-23 12:09:51,883] {scheduler_job.py:633} INFO - Processing file /home/airflow/.local/lib/python3.6/site-packages/airflow/example_dags/example_nested_branch_dag.py for tasks to queue
[2022-05-23 12:09:51,912] {logging_mixin.py:104} INFO - [2022-05-23 12:09:51,912] {dagbag.py:487} INFO - Filling up the DagBag from /home/airflow/.local/lib/python3.6/site-packages/airflow/example_dags/example_nested_branch_dag.py
[2022-05-23 12:09:53,327] {scheduler_job.py:643} INFO - DAG(s) dict_keys(['example_nested_branch_dag']) retrieved from /home/airflow/.local/lib/python3.6/site-packages/airflow/example_dags/example_nested_branch_dag.py
[2022-05-23 12:09:54,814] {logging_mixin.py:104} INFO - [2022-05-23 12:09:54,813] {dag.py:1832} INFO - Sync 1 DAGs
[2022-05-23 12:09:56,168] {logging_mixin.py:104} INFO - [2022-05-23 12:09:56,110] {dag.py:2305} INFO - Setting next_dagrun for example_nested_branch_dag to 2022-05-21 00:00:00+00:00
[2022-05-23 12:09:56,649] {scheduler_job.py:190} INFO - Processing /home/airflow/.local/lib/python3.6/site-packages/airflow/example_dags/example_nested_branch_dag.py took 4.949 seconds
[2022-05-23 12:25:13,576] {scheduler_job.py:182} INFO - Started process (PID=253) to work on /home/airflow/.local/lib/python3.6/site-packages/airflow/example_dags/example_nested_branch_dag.py
[2022-05-23 12:25:13,588] {scheduler_job.py:633} INFO - Processing file /home/airflow/.local/lib/python3.6/site-packages/airflow/example_dags/example_nested_branch_dag.py for tasks to queue
[2022-05-23 12:25:13,596] {logging_mixin.py:104} INFO - [2022-05-23 12:25:13,596] {dagbag.py:487} INFO - Filling up the DagBag from /home/airflow/.local/lib/python3.6/site-packages/airflow/example_dags/example_nested_branch_dag.py
[2022-05-23 12:25:13,890] {scheduler_job.py:643} INFO - DAG(s) dict_keys(['example_nested_branch_dag']) retrieved from /home/airflow/.local/lib/python3.6/site-packages/airflow/example_dags/example_nested_branch_dag.py
[2022-05-23 12:26:53,543] {logging_mixin.py:104} INFO - [2022-05-23 12:26:53,528] {dag.py:1832} INFO - Sync 1 DAGs
[2022-05-23 12:26:53,718] {logging_mixin.py:104} INFO - [2022-05-23 12:26:53,681] {dag.py:1851} INFO - Creating ORM DAG for example_nested_branch_dag
[2022-05-23 12:26:53,853] {logging_mixin.py:104} INFO - [2022-05-23 12:26:53,852] {dag.py:2305} INFO - Setting next_dagrun for example_nested_branch_dag to 2022-05-21 00:00:00+00:00
[2022-05-23 12:26:54,028] {scheduler_job.py:190} INFO - Processing /home/airflow/.local/lib/python3.6/site-packages/airflow/example_dags/example_nested_branch_dag.py took 100.475 seconds
[2022-05-23 12:26:59,113] {scheduler_job.py:182} INFO - Started process (PID=374) to work on /home/airflow/.local/lib/python3.6/site-packages/airflow/example_dags/example_nested_branch_dag.py
[2022-05-23 12:26:59,136] {scheduler_job.py:633} INFO - Processing file /home/airflow/.local/lib/python3.6/site-packages/airflow/example_dags/example_nested_branch_dag.py for tasks to queue
[2022-05-23 12:26:59,152] {logging_mixin.py:104} INFO - [2022-05-23 12:26:59,151] {dagbag.py:487} INFO - Filling up the DagBag from /home/airflow/.local/lib/python3.6/site-packages/airflow/example_dags/example_nested_branch_dag.py
[2022-05-23 12:26:59,414] {scheduler_job.py:643} INFO - DAG(s) dict_keys(['example_nested_branch_dag']) retrieved from /home/airflow/.local/lib/python3.6/site-packages/airflow/example_dags/example_nested_branch_dag.py
[2022-05-23 12:26:59,669] {logging_mixin.py:104} INFO - [2022-05-23 12:26:59,668] {dag.py:1832} INFO - Sync 1 DAGs
[2022-05-23 12:26:59,917] {logging_mixin.py:104} INFO - [2022-05-23 12:26:59,916] {dag.py:2305} INFO - Setting next_dagrun for example_nested_branch_dag to 2022-05-21 00:00:00+00:00
[2022-05-23 12:27:00,031] {scheduler_job.py:190} INFO - Processing /home/airflow/.local/lib/python3.6/site-packages/airflow/example_dags/example_nested_branch_dag.py took 0.947 seconds
[2022-05-23 12:27:55,540] {scheduler_job.py:182} INFO - Started process (PID=454) to work on /home/airflow/.local/lib/python3.6/site-packages/airflow/example_dags/example_nested_branch_dag.py
[2022-05-23 12:27:55,561] {scheduler_job.py:633} INFO - Processing file /home/airflow/.local/lib/python3.6/site-packages/airflow/example_dags/example_nested_branch_dag.py for tasks to queue
[2022-05-23 12:27:55,595] {logging_mixin.py:104} INFO - [2022-05-23 12:27:55,595] {dagbag.py:487} INFO - Filling up the DagBag from /home/airflow/.local/lib/python3.6/site-packages/airflow/example_dags/example_nested_branch_dag.py
[2022-05-23 12:27:55,930] {scheduler_job.py:643} INFO - DAG(s) dict_keys(['example_nested_branch_dag']) retrieved from /home/airflow/.local/lib/python3.6/site-packages/airflow/example_dags/example_nested_branch_dag.py
[2022-05-23 12:27:56,236] {logging_mixin.py:104} INFO - [2022-05-23 12:27:56,236] {dag.py:1832} INFO - Sync 1 DAGs
[2022-05-23 12:27:56,610] {logging_mixin.py:104} INFO - [2022-05-23 12:27:56,602] {dag.py:2305} INFO - Setting next_dagrun for example_nested_branch_dag to 2022-05-21 00:00:00+00:00
[2022-05-23 12:27:56,790] {scheduler_job.py:190} INFO - Processing /home/airflow/.local/lib/python3.6/site-packages/airflow/example_dags/example_nested_branch_dag.py took 1.284 seconds
[2022-05-23 12:28:50,369] {scheduler_job.py:182} INFO - Started process (PID=528) to work on /home/airflow/.local/lib/python3.6/site-packages/airflow/example_dags/example_nested_branch_dag.py
[2022-05-23 12:28:50,407] {scheduler_job.py:633} INFO - Processing file /home/airflow/.local/lib/python3.6/site-packages/airflow/example_dags/example_nested_branch_dag.py for tasks to queue
[2022-05-23 12:28:50,412] {logging_mixin.py:104} INFO - [2022-05-23 12:28:50,412] {dagbag.py:487} INFO - Filling up the DagBag from /home/airflow/.local/lib/python3.6/site-packages/airflow/example_dags/example_nested_branch_dag.py
[2022-05-23 12:28:50,745] {scheduler_job.py:643} INFO - DAG(s) dict_keys(['example_nested_branch_dag']) retrieved from /home/airflow/.local/lib/python3.6/site-packages/airflow/example_dags/example_nested_branch_dag.py
[2022-05-23 12:28:51,028] {logging_mixin.py:104} INFO - [2022-05-23 12:28:51,027] {dag.py:1832} INFO - Sync 1 DAGs
[2022-05-23 12:28:51,277] {logging_mixin.py:104} INFO - [2022-05-23 12:28:51,276] {dag.py:2305} INFO - Setting next_dagrun for example_nested_branch_dag to 2022-05-21 00:00:00+00:00
[2022-05-23 12:28:51,400] {scheduler_job.py:190} INFO - Processing /home/airflow/.local/lib/python3.6/site-packages/airflow/example_dags/example_nested_branch_dag.py took 1.076 seconds
