[2022-05-23 11:13:18,934] {scheduler_job.py:182} INFO - Started process (PID=682) to work on /home/airflow/.local/lib/python3.6/site-packages/airflow/example_dags/example_python_operator.py
[2022-05-23 11:13:18,973] {scheduler_job.py:633} INFO - Processing file /home/airflow/.local/lib/python3.6/site-packages/airflow/example_dags/example_python_operator.py for tasks to queue
[2022-05-23 11:13:18,992] {logging_mixin.py:104} INFO - [2022-05-23 11:13:18,991] {dagbag.py:487} INFO - Filling up the DagBag from /home/airflow/.local/lib/python3.6/site-packages/airflow/example_dags/example_python_operator.py
[2022-05-23 11:13:19,712] {scheduler_job.py:643} INFO - DAG(s) dict_keys(['example_python_operator']) retrieved from /home/airflow/.local/lib/python3.6/site-packages/airflow/example_dags/example_python_operator.py
[2022-05-23 11:13:37,606] {logging_mixin.py:104} INFO - [2022-05-23 11:13:37,605] {dag.py:1832} INFO - Sync 1 DAGs
[2022-05-23 11:13:38,373] {logging_mixin.py:104} INFO - [2022-05-23 11:13:38,354] {dag.py:2305} INFO - Setting next_dagrun for example_python_operator to None
[2022-05-23 11:13:38,904] {scheduler_job.py:190} INFO - Processing /home/airflow/.local/lib/python3.6/site-packages/airflow/example_dags/example_python_operator.py took 20.008 seconds
[2022-05-23 11:16:59,973] {scheduler_job.py:182} INFO - Started process (PID=1024) to work on /home/airflow/.local/lib/python3.6/site-packages/airflow/example_dags/example_python_operator.py
[2022-05-23 11:17:00,014] {scheduler_job.py:633} INFO - Processing file /home/airflow/.local/lib/python3.6/site-packages/airflow/example_dags/example_python_operator.py for tasks to queue
[2022-05-23 11:17:00,056] {logging_mixin.py:104} INFO - [2022-05-23 11:17:00,035] {dagbag.py:487} INFO - Filling up the DagBag from /home/airflow/.local/lib/python3.6/site-packages/airflow/example_dags/example_python_operator.py
[2022-05-23 11:17:00,754] {scheduler_job.py:643} INFO - DAG(s) dict_keys(['example_python_operator']) retrieved from /home/airflow/.local/lib/python3.6/site-packages/airflow/example_dags/example_python_operator.py
[2022-05-23 11:17:01,689] {logging_mixin.py:104} INFO - [2022-05-23 11:17:01,688] {dag.py:1832} INFO - Sync 1 DAGs
[2022-05-23 11:17:02,519] {logging_mixin.py:104} INFO - [2022-05-23 11:17:02,518] {dag.py:2305} INFO - Setting next_dagrun for example_python_operator to None
[2022-05-23 11:17:02,964] {scheduler_job.py:190} INFO - Processing /home/airflow/.local/lib/python3.6/site-packages/airflow/example_dags/example_python_operator.py took 3.109 seconds
[2022-05-23 11:19:37,664] {scheduler_job.py:182} INFO - Started process (PID=1288) to work on /home/airflow/.local/lib/python3.6/site-packages/airflow/example_dags/example_python_operator.py
[2022-05-23 11:19:37,759] {scheduler_job.py:633} INFO - Processing file /home/airflow/.local/lib/python3.6/site-packages/airflow/example_dags/example_python_operator.py for tasks to queue
[2022-05-23 11:19:37,801] {logging_mixin.py:104} INFO - [2022-05-23 11:19:37,800] {dagbag.py:487} INFO - Filling up the DagBag from /home/airflow/.local/lib/python3.6/site-packages/airflow/example_dags/example_python_operator.py
[2022-05-23 11:19:38,792] {scheduler_job.py:643} INFO - DAG(s) dict_keys(['example_python_operator']) retrieved from /home/airflow/.local/lib/python3.6/site-packages/airflow/example_dags/example_python_operator.py
[2022-05-23 11:19:40,090] {logging_mixin.py:104} INFO - [2022-05-23 11:19:40,090] {dag.py:1832} INFO - Sync 1 DAGs
[2022-05-23 11:19:41,197] {logging_mixin.py:104} INFO - [2022-05-23 11:19:41,176] {dag.py:2305} INFO - Setting next_dagrun for example_python_operator to None
[2022-05-23 11:19:41,703] {scheduler_job.py:190} INFO - Processing /home/airflow/.local/lib/python3.6/site-packages/airflow/example_dags/example_python_operator.py took 4.155 seconds
[2022-05-23 11:22:35,938] {scheduler_job.py:182} INFO - Started process (PID=1578) to work on /home/airflow/.local/lib/python3.6/site-packages/airflow/example_dags/example_python_operator.py
[2022-05-23 11:22:35,995] {scheduler_job.py:633} INFO - Processing file /home/airflow/.local/lib/python3.6/site-packages/airflow/example_dags/example_python_operator.py for tasks to queue
[2022-05-23 11:22:36,020] {logging_mixin.py:104} INFO - [2022-05-23 11:22:36,006] {dagbag.py:487} INFO - Filling up the DagBag from /home/airflow/.local/lib/python3.6/site-packages/airflow/example_dags/example_python_operator.py
[2022-05-23 11:22:36,665] {scheduler_job.py:643} INFO - DAG(s) dict_keys(['example_python_operator']) retrieved from /home/airflow/.local/lib/python3.6/site-packages/airflow/example_dags/example_python_operator.py
[2022-05-23 11:22:37,678] {logging_mixin.py:104} INFO - [2022-05-23 11:22:37,677] {dag.py:1832} INFO - Sync 1 DAGs
[2022-05-23 11:22:38,440] {logging_mixin.py:104} INFO - [2022-05-23 11:22:38,440] {dag.py:2305} INFO - Setting next_dagrun for example_python_operator to None
[2022-05-23 11:22:38,916] {scheduler_job.py:190} INFO - Processing /home/airflow/.local/lib/python3.6/site-packages/airflow/example_dags/example_python_operator.py took 3.085 seconds
[2022-05-23 11:24:42,922] {scheduler_job.py:182} INFO - Started process (PID=1825) to work on /home/airflow/.local/lib/python3.6/site-packages/airflow/example_dags/example_python_operator.py
[2022-05-23 11:24:42,973] {scheduler_job.py:633} INFO - Processing file /home/airflow/.local/lib/python3.6/site-packages/airflow/example_dags/example_python_operator.py for tasks to queue
[2022-05-23 11:24:42,987] {logging_mixin.py:104} INFO - [2022-05-23 11:24:42,987] {dagbag.py:487} INFO - Filling up the DagBag from /home/airflow/.local/lib/python3.6/site-packages/airflow/example_dags/example_python_operator.py
[2022-05-23 11:24:43,805] {scheduler_job.py:643} INFO - DAG(s) dict_keys(['example_python_operator']) retrieved from /home/airflow/.local/lib/python3.6/site-packages/airflow/example_dags/example_python_operator.py
[2022-05-23 11:24:44,903] {logging_mixin.py:104} INFO - [2022-05-23 11:24:44,902] {dag.py:1832} INFO - Sync 1 DAGs
[2022-05-23 11:24:45,722] {logging_mixin.py:104} INFO - [2022-05-23 11:24:45,721] {dag.py:2305} INFO - Setting next_dagrun for example_python_operator to None
[2022-05-23 11:24:46,065] {scheduler_job.py:190} INFO - Processing /home/airflow/.local/lib/python3.6/site-packages/airflow/example_dags/example_python_operator.py took 3.299 seconds
[2022-05-23 11:27:05,976] {scheduler_job.py:182} INFO - Started process (PID=2059) to work on /home/airflow/.local/lib/python3.6/site-packages/airflow/example_dags/example_python_operator.py
[2022-05-23 11:27:06,018] {scheduler_job.py:633} INFO - Processing file /home/airflow/.local/lib/python3.6/site-packages/airflow/example_dags/example_python_operator.py for tasks to queue
[2022-05-23 11:27:06,167] {logging_mixin.py:104} INFO - [2022-05-23 11:27:06,123] {dagbag.py:487} INFO - Filling up the DagBag from /home/airflow/.local/lib/python3.6/site-packages/airflow/example_dags/example_python_operator.py
[2022-05-23 11:27:07,025] {scheduler_job.py:643} INFO - DAG(s) dict_keys(['example_python_operator']) retrieved from /home/airflow/.local/lib/python3.6/site-packages/airflow/example_dags/example_python_operator.py
[2022-05-23 11:27:08,384] {logging_mixin.py:104} INFO - [2022-05-23 11:27:08,342] {dag.py:1832} INFO - Sync 1 DAGs
[2022-05-23 11:27:10,218] {logging_mixin.py:104} INFO - [2022-05-23 11:27:10,184] {dag.py:2305} INFO - Setting next_dagrun for example_python_operator to None
[2022-05-23 11:27:11,033] {scheduler_job.py:190} INFO - Processing /home/airflow/.local/lib/python3.6/site-packages/airflow/example_dags/example_python_operator.py took 5.183 seconds
[2022-05-23 12:07:23,967] {scheduler_job.py:182} INFO - Started process (PID=5320) to work on /home/airflow/.local/lib/python3.6/site-packages/airflow/example_dags/example_python_operator.py
[2022-05-23 12:07:24,027] {scheduler_job.py:633} INFO - Processing file /home/airflow/.local/lib/python3.6/site-packages/airflow/example_dags/example_python_operator.py for tasks to queue
[2022-05-23 12:07:24,068] {logging_mixin.py:104} INFO - [2022-05-23 12:07:24,067] {dagbag.py:487} INFO - Filling up the DagBag from /home/airflow/.local/lib/python3.6/site-packages/airflow/example_dags/example_python_operator.py
[2022-05-23 12:07:26,138] {scheduler_job.py:643} INFO - DAG(s) dict_keys(['example_python_operator']) retrieved from /home/airflow/.local/lib/python3.6/site-packages/airflow/example_dags/example_python_operator.py
[2022-05-23 12:07:28,017] {logging_mixin.py:104} INFO - [2022-05-23 12:07:28,016] {dag.py:1832} INFO - Sync 1 DAGs
[2022-05-23 12:07:29,134] {logging_mixin.py:104} INFO - [2022-05-23 12:07:29,105] {dag.py:2305} INFO - Setting next_dagrun for example_python_operator to None
[2022-05-23 12:07:30,285] {scheduler_job.py:190} INFO - Processing /home/airflow/.local/lib/python3.6/site-packages/airflow/example_dags/example_python_operator.py took 6.558 seconds
