[2022-05-23 11:13:22,254] {scheduler_job.py:182} INFO - Started process (PID=688) to work on /home/airflow/.local/lib/python3.6/site-packages/airflow/example_dags/example_complex.py
[2022-05-23 11:13:22,295] {scheduler_job.py:633} INFO - Processing file /home/airflow/.local/lib/python3.6/site-packages/airflow/example_dags/example_complex.py for tasks to queue
[2022-05-23 11:13:22,330] {logging_mixin.py:104} INFO - [2022-05-23 11:13:22,329] {dagbag.py:487} INFO - Filling up the DagBag from /home/airflow/.local/lib/python3.6/site-packages/airflow/example_dags/example_complex.py
[2022-05-23 11:13:23,956] {scheduler_job.py:643} INFO - DAG(s) dict_keys(['example_complex']) retrieved from /home/airflow/.local/lib/python3.6/site-packages/airflow/example_dags/example_complex.py
[2022-05-23 11:13:41,611] {logging_mixin.py:104} INFO - [2022-05-23 11:13:41,611] {dag.py:1832} INFO - Sync 1 DAGs
[2022-05-23 11:13:42,303] {logging_mixin.py:104} INFO - [2022-05-23 11:13:42,284] {dag.py:2305} INFO - Setting next_dagrun for example_complex to None
[2022-05-23 11:13:42,925] {scheduler_job.py:190} INFO - Processing /home/airflow/.local/lib/python3.6/site-packages/airflow/example_dags/example_complex.py took 20.765 seconds
[2022-05-23 11:17:01,517] {scheduler_job.py:182} INFO - Started process (PID=1029) to work on /home/airflow/.local/lib/python3.6/site-packages/airflow/example_dags/example_complex.py
[2022-05-23 11:17:01,579] {scheduler_job.py:633} INFO - Processing file /home/airflow/.local/lib/python3.6/site-packages/airflow/example_dags/example_complex.py for tasks to queue
[2022-05-23 11:17:01,604] {logging_mixin.py:104} INFO - [2022-05-23 11:17:01,604] {dagbag.py:487} INFO - Filling up the DagBag from /home/airflow/.local/lib/python3.6/site-packages/airflow/example_dags/example_complex.py
[2022-05-23 11:17:03,165] {scheduler_job.py:643} INFO - DAG(s) dict_keys(['example_complex']) retrieved from /home/airflow/.local/lib/python3.6/site-packages/airflow/example_dags/example_complex.py
[2022-05-23 11:17:04,574] {logging_mixin.py:104} INFO - [2022-05-23 11:17:04,573] {dag.py:1832} INFO - Sync 1 DAGs
[2022-05-23 11:17:05,424] {logging_mixin.py:104} INFO - [2022-05-23 11:17:05,423] {dag.py:2305} INFO - Setting next_dagrun for example_complex to None
[2022-05-23 11:17:05,902] {scheduler_job.py:190} INFO - Processing /home/airflow/.local/lib/python3.6/site-packages/airflow/example_dags/example_complex.py took 4.488 seconds
[2022-05-23 11:19:41,478] {scheduler_job.py:182} INFO - Started process (PID=1300) to work on /home/airflow/.local/lib/python3.6/site-packages/airflow/example_dags/example_complex.py
[2022-05-23 11:19:41,578] {scheduler_job.py:633} INFO - Processing file /home/airflow/.local/lib/python3.6/site-packages/airflow/example_dags/example_complex.py for tasks to queue
[2022-05-23 11:19:41,617] {logging_mixin.py:104} INFO - [2022-05-23 11:19:41,595] {dagbag.py:487} INFO - Filling up the DagBag from /home/airflow/.local/lib/python3.6/site-packages/airflow/example_dags/example_complex.py
[2022-05-23 11:19:43,736] {scheduler_job.py:643} INFO - DAG(s) dict_keys(['example_complex']) retrieved from /home/airflow/.local/lib/python3.6/site-packages/airflow/example_dags/example_complex.py
[2022-05-23 11:19:45,234] {logging_mixin.py:104} INFO - [2022-05-23 11:19:45,219] {dag.py:1832} INFO - Sync 1 DAGs
[2022-05-23 11:19:45,961] {logging_mixin.py:104} INFO - [2022-05-23 11:19:45,949] {dag.py:2305} INFO - Setting next_dagrun for example_complex to None
[2022-05-23 11:19:46,499] {scheduler_job.py:190} INFO - Processing /home/airflow/.local/lib/python3.6/site-packages/airflow/example_dags/example_complex.py took 5.134 seconds
[2022-05-23 11:22:37,554] {scheduler_job.py:182} INFO - Started process (PID=1580) to work on /home/airflow/.local/lib/python3.6/site-packages/airflow/example_dags/example_complex.py
[2022-05-23 11:22:37,628] {scheduler_job.py:633} INFO - Processing file /home/airflow/.local/lib/python3.6/site-packages/airflow/example_dags/example_complex.py for tasks to queue
[2022-05-23 11:22:37,658] {logging_mixin.py:104} INFO - [2022-05-23 11:22:37,644] {dagbag.py:487} INFO - Filling up the DagBag from /home/airflow/.local/lib/python3.6/site-packages/airflow/example_dags/example_complex.py
[2022-05-23 11:22:39,161] {scheduler_job.py:643} INFO - DAG(s) dict_keys(['example_complex']) retrieved from /home/airflow/.local/lib/python3.6/site-packages/airflow/example_dags/example_complex.py
[2022-05-23 11:22:40,472] {logging_mixin.py:104} INFO - [2022-05-23 11:22:40,471] {dag.py:1832} INFO - Sync 1 DAGs
[2022-05-23 11:22:41,336] {logging_mixin.py:104} INFO - [2022-05-23 11:22:41,335] {dag.py:2305} INFO - Setting next_dagrun for example_complex to None
[2022-05-23 11:22:41,835] {scheduler_job.py:190} INFO - Processing /home/airflow/.local/lib/python3.6/site-packages/airflow/example_dags/example_complex.py took 4.422 seconds
[2022-05-23 11:24:45,486] {scheduler_job.py:182} INFO - Started process (PID=1833) to work on /home/airflow/.local/lib/python3.6/site-packages/airflow/example_dags/example_complex.py
[2022-05-23 11:24:45,528] {scheduler_job.py:633} INFO - Processing file /home/airflow/.local/lib/python3.6/site-packages/airflow/example_dags/example_complex.py for tasks to queue
[2022-05-23 11:24:45,561] {logging_mixin.py:104} INFO - [2022-05-23 11:24:45,541] {dagbag.py:487} INFO - Filling up the DagBag from /home/airflow/.local/lib/python3.6/site-packages/airflow/example_dags/example_complex.py
[2022-05-23 11:24:46,784] {scheduler_job.py:643} INFO - DAG(s) dict_keys(['example_complex']) retrieved from /home/airflow/.local/lib/python3.6/site-packages/airflow/example_dags/example_complex.py
[2022-05-23 11:24:48,029] {logging_mixin.py:104} INFO - [2022-05-23 11:24:48,029] {dag.py:1832} INFO - Sync 1 DAGs
[2022-05-23 11:24:48,591] {logging_mixin.py:104} INFO - [2022-05-23 11:24:48,590] {dag.py:2305} INFO - Setting next_dagrun for example_complex to None
[2022-05-23 11:24:48,976] {scheduler_job.py:190} INFO - Processing /home/airflow/.local/lib/python3.6/site-packages/airflow/example_dags/example_complex.py took 3.570 seconds
[2022-05-23 11:27:08,357] {scheduler_job.py:182} INFO - Started process (PID=2064) to work on /home/airflow/.local/lib/python3.6/site-packages/airflow/example_dags/example_complex.py
[2022-05-23 11:27:08,453] {scheduler_job.py:633} INFO - Processing file /home/airflow/.local/lib/python3.6/site-packages/airflow/example_dags/example_complex.py for tasks to queue
[2022-05-23 11:27:08,515] {logging_mixin.py:104} INFO - [2022-05-23 11:27:08,514] {dagbag.py:487} INFO - Filling up the DagBag from /home/airflow/.local/lib/python3.6/site-packages/airflow/example_dags/example_complex.py
[2022-05-23 11:27:11,703] {scheduler_job.py:643} INFO - DAG(s) dict_keys(['example_complex']) retrieved from /home/airflow/.local/lib/python3.6/site-packages/airflow/example_dags/example_complex.py
[2022-05-23 11:27:13,465] {logging_mixin.py:104} INFO - [2022-05-23 11:27:13,464] {dag.py:1832} INFO - Sync 1 DAGs
[2022-05-23 11:27:14,321] {logging_mixin.py:104} INFO - [2022-05-23 11:27:14,320] {dag.py:2305} INFO - Setting next_dagrun for example_complex to None
[2022-05-23 11:27:15,149] {scheduler_job.py:190} INFO - Processing /home/airflow/.local/lib/python3.6/site-packages/airflow/example_dags/example_complex.py took 6.915 seconds
[2022-05-23 12:07:28,568] {scheduler_job.py:182} INFO - Started process (PID=5322) to work on /home/airflow/.local/lib/python3.6/site-packages/airflow/example_dags/example_complex.py
[2022-05-23 12:07:28,630] {scheduler_job.py:633} INFO - Processing file /home/airflow/.local/lib/python3.6/site-packages/airflow/example_dags/example_complex.py for tasks to queue
[2022-05-23 12:07:28,732] {logging_mixin.py:104} INFO - [2022-05-23 12:07:28,685] {dagbag.py:487} INFO - Filling up the DagBag from /home/airflow/.local/lib/python3.6/site-packages/airflow/example_dags/example_complex.py
[2022-05-23 12:07:32,413] {scheduler_job.py:643} INFO - DAG(s) dict_keys(['example_complex']) retrieved from /home/airflow/.local/lib/python3.6/site-packages/airflow/example_dags/example_complex.py
[2022-05-23 12:07:35,759] {logging_mixin.py:104} INFO - [2022-05-23 12:07:35,707] {dag.py:1832} INFO - Sync 1 DAGs
[2022-05-23 12:07:36,841] {logging_mixin.py:104} INFO - [2022-05-23 12:07:36,812] {dag.py:2305} INFO - Setting next_dagrun for example_complex to None
[2022-05-23 12:07:37,713] {scheduler_job.py:190} INFO - Processing /home/airflow/.local/lib/python3.6/site-packages/airflow/example_dags/example_complex.py took 9.262 seconds
