[2022-05-23 11:13:02,973] {scheduler_job.py:182} INFO - Started process (PID=660) to work on /home/airflow/.local/lib/python3.6/site-packages/airflow/example_dags/example_trigger_controller_dag.py
[2022-05-23 11:13:03,044] {scheduler_job.py:633} INFO - Processing file /home/airflow/.local/lib/python3.6/site-packages/airflow/example_dags/example_trigger_controller_dag.py for tasks to queue
[2022-05-23 11:13:03,081] {logging_mixin.py:104} INFO - [2022-05-23 11:13:03,062] {dagbag.py:487} INFO - Filling up the DagBag from /home/airflow/.local/lib/python3.6/site-packages/airflow/example_dags/example_trigger_controller_dag.py
[2022-05-23 11:13:04,203] {scheduler_job.py:643} INFO - DAG(s) dict_keys(['example_trigger_controller_dag']) retrieved from /home/airflow/.local/lib/python3.6/site-packages/airflow/example_dags/example_trigger_controller_dag.py
[2022-05-23 11:13:20,699] {logging_mixin.py:104} INFO - [2022-05-23 11:13:20,674] {dag.py:1832} INFO - Sync 1 DAGs
[2022-05-23 11:13:21,403] {logging_mixin.py:104} INFO - [2022-05-23 11:13:21,384] {dag.py:2305} INFO - Setting next_dagrun for example_trigger_controller_dag to 2022-05-21 00:00:00+00:00
[2022-05-23 11:13:21,819] {scheduler_job.py:190} INFO - Processing /home/airflow/.local/lib/python3.6/site-packages/airflow/example_dags/example_trigger_controller_dag.py took 18.996 seconds
[2022-05-23 11:16:58,389] {scheduler_job.py:182} INFO - Started process (PID=1009) to work on /home/airflow/.local/lib/python3.6/site-packages/airflow/example_dags/example_trigger_controller_dag.py
[2022-05-23 11:16:58,414] {scheduler_job.py:633} INFO - Processing file /home/airflow/.local/lib/python3.6/site-packages/airflow/example_dags/example_trigger_controller_dag.py for tasks to queue
[2022-05-23 11:16:58,454] {logging_mixin.py:104} INFO - [2022-05-23 11:16:58,453] {dagbag.py:487} INFO - Filling up the DagBag from /home/airflow/.local/lib/python3.6/site-packages/airflow/example_dags/example_trigger_controller_dag.py
[2022-05-23 11:16:58,950] {scheduler_job.py:643} INFO - DAG(s) dict_keys(['example_trigger_controller_dag']) retrieved from /home/airflow/.local/lib/python3.6/site-packages/airflow/example_dags/example_trigger_controller_dag.py
[2022-05-23 11:16:59,869] {logging_mixin.py:104} INFO - [2022-05-23 11:16:59,833] {dag.py:1832} INFO - Sync 1 DAGs
[2022-05-23 11:17:00,699] {logging_mixin.py:104} INFO - [2022-05-23 11:17:00,669] {dag.py:2305} INFO - Setting next_dagrun for example_trigger_controller_dag to 2022-05-21 00:00:00+00:00
[2022-05-23 11:17:01,092] {scheduler_job.py:190} INFO - Processing /home/airflow/.local/lib/python3.6/site-packages/airflow/example_dags/example_trigger_controller_dag.py took 2.789 seconds
[2022-05-23 11:19:37,065] {scheduler_job.py:182} INFO - Started process (PID=1286) to work on /home/airflow/.local/lib/python3.6/site-packages/airflow/example_dags/example_trigger_controller_dag.py
[2022-05-23 11:19:37,273] {scheduler_job.py:633} INFO - Processing file /home/airflow/.local/lib/python3.6/site-packages/airflow/example_dags/example_trigger_controller_dag.py for tasks to queue
[2022-05-23 11:19:37,310] {logging_mixin.py:104} INFO - [2022-05-23 11:19:37,309] {dagbag.py:487} INFO - Filling up the DagBag from /home/airflow/.local/lib/python3.6/site-packages/airflow/example_dags/example_trigger_controller_dag.py
[2022-05-23 11:19:38,151] {scheduler_job.py:643} INFO - DAG(s) dict_keys(['example_trigger_controller_dag']) retrieved from /home/airflow/.local/lib/python3.6/site-packages/airflow/example_dags/example_trigger_controller_dag.py
[2022-05-23 11:19:39,369] {logging_mixin.py:104} INFO - [2022-05-23 11:19:39,368] {dag.py:1832} INFO - Sync 1 DAGs
[2022-05-23 11:19:40,510] {logging_mixin.py:104} INFO - [2022-05-23 11:19:40,509] {dag.py:2305} INFO - Setting next_dagrun for example_trigger_controller_dag to 2022-05-21 00:00:00+00:00
[2022-05-23 11:19:41,095] {scheduler_job.py:190} INFO - Processing /home/airflow/.local/lib/python3.6/site-packages/airflow/example_dags/example_trigger_controller_dag.py took 4.217 seconds
[2022-05-23 11:22:34,677] {scheduler_job.py:182} INFO - Started process (PID=1576) to work on /home/airflow/.local/lib/python3.6/site-packages/airflow/example_dags/example_trigger_controller_dag.py
[2022-05-23 11:22:34,743] {scheduler_job.py:633} INFO - Processing file /home/airflow/.local/lib/python3.6/site-packages/airflow/example_dags/example_trigger_controller_dag.py for tasks to queue
[2022-05-23 11:22:34,773] {logging_mixin.py:104} INFO - [2022-05-23 11:22:34,773] {dagbag.py:487} INFO - Filling up the DagBag from /home/airflow/.local/lib/python3.6/site-packages/airflow/example_dags/example_trigger_controller_dag.py
[2022-05-23 11:22:35,282] {scheduler_job.py:643} INFO - DAG(s) dict_keys(['example_trigger_controller_dag']) retrieved from /home/airflow/.local/lib/python3.6/site-packages/airflow/example_dags/example_trigger_controller_dag.py
[2022-05-23 11:22:36,133] {logging_mixin.py:104} INFO - [2022-05-23 11:22:36,133] {dag.py:1832} INFO - Sync 1 DAGs
[2022-05-23 11:22:36,873] {logging_mixin.py:104} INFO - [2022-05-23 11:22:36,872] {dag.py:2305} INFO - Setting next_dagrun for example_trigger_controller_dag to 2022-05-21 00:00:00+00:00
[2022-05-23 11:22:37,190] {scheduler_job.py:190} INFO - Processing /home/airflow/.local/lib/python3.6/site-packages/airflow/example_dags/example_trigger_controller_dag.py took 2.626 seconds
[2022-05-23 11:24:41,993] {scheduler_job.py:182} INFO - Started process (PID=1823) to work on /home/airflow/.local/lib/python3.6/site-packages/airflow/example_dags/example_trigger_controller_dag.py
[2022-05-23 11:24:42,050] {scheduler_job.py:633} INFO - Processing file /home/airflow/.local/lib/python3.6/site-packages/airflow/example_dags/example_trigger_controller_dag.py for tasks to queue
[2022-05-23 11:24:42,079] {logging_mixin.py:104} INFO - [2022-05-23 11:24:42,078] {dagbag.py:487} INFO - Filling up the DagBag from /home/airflow/.local/lib/python3.6/site-packages/airflow/example_dags/example_trigger_controller_dag.py
[2022-05-23 11:24:42,703] {scheduler_job.py:643} INFO - DAG(s) dict_keys(['example_trigger_controller_dag']) retrieved from /home/airflow/.local/lib/python3.6/site-packages/airflow/example_dags/example_trigger_controller_dag.py
[2022-05-23 11:24:43,586] {logging_mixin.py:104} INFO - [2022-05-23 11:24:43,584] {dag.py:1832} INFO - Sync 1 DAGs
[2022-05-23 11:24:44,428] {logging_mixin.py:104} INFO - [2022-05-23 11:24:44,397] {dag.py:2305} INFO - Setting next_dagrun for example_trigger_controller_dag to 2022-05-21 00:00:00+00:00
[2022-05-23 11:24:45,110] {scheduler_job.py:190} INFO - Processing /home/airflow/.local/lib/python3.6/site-packages/airflow/example_dags/example_trigger_controller_dag.py took 3.200 seconds
[2022-05-23 11:27:03,940] {scheduler_job.py:182} INFO - Started process (PID=2054) to work on /home/airflow/.local/lib/python3.6/site-packages/airflow/example_dags/example_trigger_controller_dag.py
[2022-05-23 11:27:04,029] {scheduler_job.py:633} INFO - Processing file /home/airflow/.local/lib/python3.6/site-packages/airflow/example_dags/example_trigger_controller_dag.py for tasks to queue
[2022-05-23 11:27:04,086] {logging_mixin.py:104} INFO - [2022-05-23 11:27:04,065] {dagbag.py:487} INFO - Filling up the DagBag from /home/airflow/.local/lib/python3.6/site-packages/airflow/example_dags/example_trigger_controller_dag.py
[2022-05-23 11:27:04,860] {scheduler_job.py:643} INFO - DAG(s) dict_keys(['example_trigger_controller_dag']) retrieved from /home/airflow/.local/lib/python3.6/site-packages/airflow/example_dags/example_trigger_controller_dag.py
[2022-05-23 11:27:05,984] {logging_mixin.py:104} INFO - [2022-05-23 11:27:05,983] {dag.py:1832} INFO - Sync 1 DAGs
[2022-05-23 11:27:07,082] {logging_mixin.py:104} INFO - [2022-05-23 11:27:07,081] {dag.py:2305} INFO - Setting next_dagrun for example_trigger_controller_dag to 2022-05-21 00:00:00+00:00
[2022-05-23 11:27:07,882] {scheduler_job.py:190} INFO - Processing /home/airflow/.local/lib/python3.6/site-packages/airflow/example_dags/example_trigger_controller_dag.py took 4.097 seconds
[2022-05-23 12:07:22,264] {scheduler_job.py:182} INFO - Started process (PID=5308) to work on /home/airflow/.local/lib/python3.6/site-packages/airflow/example_dags/example_trigger_controller_dag.py
[2022-05-23 12:07:22,329] {scheduler_job.py:633} INFO - Processing file /home/airflow/.local/lib/python3.6/site-packages/airflow/example_dags/example_trigger_controller_dag.py for tasks to queue
[2022-05-23 12:07:22,425] {logging_mixin.py:104} INFO - [2022-05-23 12:07:22,394] {dagbag.py:487} INFO - Filling up the DagBag from /home/airflow/.local/lib/python3.6/site-packages/airflow/example_dags/example_trigger_controller_dag.py
[2022-05-23 12:07:23,821] {scheduler_job.py:643} INFO - DAG(s) dict_keys(['example_trigger_controller_dag']) retrieved from /home/airflow/.local/lib/python3.6/site-packages/airflow/example_dags/example_trigger_controller_dag.py
[2022-05-23 12:07:26,072] {logging_mixin.py:104} INFO - [2022-05-23 12:07:26,022] {dag.py:1832} INFO - Sync 1 DAGs
[2022-05-23 12:07:27,204] {logging_mixin.py:104} INFO - [2022-05-23 12:07:27,203] {dag.py:2305} INFO - Setting next_dagrun for example_trigger_controller_dag to 2022-05-21 00:00:00+00:00
[2022-05-23 12:07:28,109] {scheduler_job.py:190} INFO - Processing /home/airflow/.local/lib/python3.6/site-packages/airflow/example_dags/example_trigger_controller_dag.py took 6.371 seconds
