[2022-05-23 11:11:42,220] {scheduler_job.py:182} INFO - Started process (PID=570) to work on /home/airflow/.local/lib/python3.6/site-packages/airflow/example_dags/example_branch_operator.py
[2022-05-23 11:11:42,268] {scheduler_job.py:633} INFO - Processing file /home/airflow/.local/lib/python3.6/site-packages/airflow/example_dags/example_branch_operator.py for tasks to queue
[2022-05-23 11:11:42,291] {logging_mixin.py:104} INFO - [2022-05-23 11:11:42,290] {dagbag.py:487} INFO - Filling up the DagBag from /home/airflow/.local/lib/python3.6/site-packages/airflow/example_dags/example_branch_operator.py
[2022-05-23 11:11:43,001] {scheduler_job.py:643} INFO - DAG(s) dict_keys(['example_branch_operator']) retrieved from /home/airflow/.local/lib/python3.6/site-packages/airflow/example_dags/example_branch_operator.py
[2022-05-23 11:11:54,681] {logging_mixin.py:104} INFO - [2022-05-23 11:11:54,666] {dag.py:1832} INFO - Sync 1 DAGs
[2022-05-23 11:11:55,492] {logging_mixin.py:104} INFO - [2022-05-23 11:11:55,491] {dag.py:2305} INFO - Setting next_dagrun for example_branch_operator to 2022-05-21 00:00:00+00:00
[2022-05-23 11:11:56,008] {scheduler_job.py:190} INFO - Processing /home/airflow/.local/lib/python3.6/site-packages/airflow/example_dags/example_branch_operator.py took 13.854 seconds
[2022-05-23 11:15:05,274] {scheduler_job.py:182} INFO - Started process (PID=831) to work on /home/airflow/.local/lib/python3.6/site-packages/airflow/example_dags/example_branch_operator.py
[2022-05-23 11:15:05,369] {scheduler_job.py:633} INFO - Processing file /home/airflow/.local/lib/python3.6/site-packages/airflow/example_dags/example_branch_operator.py for tasks to queue
[2022-05-23 11:15:05,493] {logging_mixin.py:104} INFO - [2022-05-23 11:15:05,456] {dagbag.py:487} INFO - Filling up the DagBag from /home/airflow/.local/lib/python3.6/site-packages/airflow/example_dags/example_branch_operator.py
[2022-05-23 11:15:07,442] {scheduler_job.py:643} INFO - DAG(s) dict_keys(['example_branch_operator']) retrieved from /home/airflow/.local/lib/python3.6/site-packages/airflow/example_dags/example_branch_operator.py
[2022-05-23 11:15:09,421] {logging_mixin.py:104} INFO - [2022-05-23 11:15:09,401] {dag.py:1832} INFO - Sync 1 DAGs
[2022-05-23 11:15:10,997] {logging_mixin.py:104} INFO - [2022-05-23 11:15:10,994] {dag.py:2305} INFO - Setting next_dagrun for example_branch_operator to 2022-05-21 00:00:00+00:00
[2022-05-23 11:15:11,638] {scheduler_job.py:190} INFO - Processing /home/airflow/.local/lib/python3.6/site-packages/airflow/example_dags/example_branch_operator.py took 6.688 seconds
[2022-05-23 11:17:34,956] {scheduler_job.py:182} INFO - Started process (PID=1089) to work on /home/airflow/.local/lib/python3.6/site-packages/airflow/example_dags/example_branch_operator.py
[2022-05-23 11:17:35,025] {scheduler_job.py:633} INFO - Processing file /home/airflow/.local/lib/python3.6/site-packages/airflow/example_dags/example_branch_operator.py for tasks to queue
[2022-05-23 11:17:35,086] {logging_mixin.py:104} INFO - [2022-05-23 11:17:35,066] {dagbag.py:487} INFO - Filling up the DagBag from /home/airflow/.local/lib/python3.6/site-packages/airflow/example_dags/example_branch_operator.py
[2022-05-23 11:17:36,308] {scheduler_job.py:643} INFO - DAG(s) dict_keys(['example_branch_operator']) retrieved from /home/airflow/.local/lib/python3.6/site-packages/airflow/example_dags/example_branch_operator.py
[2022-05-23 11:17:37,584] {logging_mixin.py:104} INFO - [2022-05-23 11:17:37,561] {dag.py:1832} INFO - Sync 1 DAGs
[2022-05-23 11:17:39,372] {logging_mixin.py:104} INFO - [2022-05-23 11:17:39,371] {dag.py:2305} INFO - Setting next_dagrun for example_branch_operator to 2022-05-21 00:00:00+00:00
[2022-05-23 11:17:39,879] {scheduler_job.py:190} INFO - Processing /home/airflow/.local/lib/python3.6/site-packages/airflow/example_dags/example_branch_operator.py took 5.020 seconds
[2022-05-23 11:19:32,164] {scheduler_job.py:182} INFO - Started process (PID=1270) to work on /home/airflow/.local/lib/python3.6/site-packages/airflow/example_dags/example_branch_operator.py
[2022-05-23 11:19:32,239] {scheduler_job.py:633} INFO - Processing file /home/airflow/.local/lib/python3.6/site-packages/airflow/example_dags/example_branch_operator.py for tasks to queue
[2022-05-23 11:19:32,295] {logging_mixin.py:104} INFO - [2022-05-23 11:19:32,266] {dagbag.py:487} INFO - Filling up the DagBag from /home/airflow/.local/lib/python3.6/site-packages/airflow/example_dags/example_branch_operator.py
[2022-05-23 11:19:33,886] {scheduler_job.py:643} INFO - DAG(s) dict_keys(['example_branch_operator']) retrieved from /home/airflow/.local/lib/python3.6/site-packages/airflow/example_dags/example_branch_operator.py
[2022-05-23 11:19:34,920] {logging_mixin.py:104} INFO - [2022-05-23 11:19:34,919] {dag.py:1832} INFO - Sync 1 DAGs
[2022-05-23 11:19:36,391] {logging_mixin.py:104} INFO - [2022-05-23 11:19:36,375] {dag.py:2305} INFO - Setting next_dagrun for example_branch_operator to 2022-05-21 00:00:00+00:00
[2022-05-23 11:19:36,988] {scheduler_job.py:190} INFO - Processing /home/airflow/.local/lib/python3.6/site-packages/airflow/example_dags/example_branch_operator.py took 4.934 seconds
[2022-05-23 11:22:30,733] {scheduler_job.py:182} INFO - Started process (PID=1572) to work on /home/airflow/.local/lib/python3.6/site-packages/airflow/example_dags/example_branch_operator.py
[2022-05-23 11:22:30,801] {scheduler_job.py:633} INFO - Processing file /home/airflow/.local/lib/python3.6/site-packages/airflow/example_dags/example_branch_operator.py for tasks to queue
[2022-05-23 11:22:30,838] {logging_mixin.py:104} INFO - [2022-05-23 11:22:30,838] {dagbag.py:487} INFO - Filling up the DagBag from /home/airflow/.local/lib/python3.6/site-packages/airflow/example_dags/example_branch_operator.py
[2022-05-23 11:22:31,843] {scheduler_job.py:643} INFO - DAG(s) dict_keys(['example_branch_operator']) retrieved from /home/airflow/.local/lib/python3.6/site-packages/airflow/example_dags/example_branch_operator.py
[2022-05-23 11:22:32,663] {logging_mixin.py:104} INFO - [2022-05-23 11:22:32,662] {dag.py:1832} INFO - Sync 1 DAGs
[2022-05-23 11:22:33,916] {logging_mixin.py:104} INFO - [2022-05-23 11:22:33,915] {dag.py:2305} INFO - Setting next_dagrun for example_branch_operator to 2022-05-21 00:00:00+00:00
[2022-05-23 11:22:34,355] {scheduler_job.py:190} INFO - Processing /home/airflow/.local/lib/python3.6/site-packages/airflow/example_dags/example_branch_operator.py took 3.700 seconds
[2022-05-23 11:24:38,897] {scheduler_job.py:182} INFO - Started process (PID=1809) to work on /home/airflow/.local/lib/python3.6/site-packages/airflow/example_dags/example_branch_operator.py
[2022-05-23 11:24:38,933] {scheduler_job.py:633} INFO - Processing file /home/airflow/.local/lib/python3.6/site-packages/airflow/example_dags/example_branch_operator.py for tasks to queue
[2022-05-23 11:24:38,974] {logging_mixin.py:104} INFO - [2022-05-23 11:24:38,973] {dagbag.py:487} INFO - Filling up the DagBag from /home/airflow/.local/lib/python3.6/site-packages/airflow/example_dags/example_branch_operator.py
[2022-05-23 11:24:39,818] {scheduler_job.py:643} INFO - DAG(s) dict_keys(['example_branch_operator']) retrieved from /home/airflow/.local/lib/python3.6/site-packages/airflow/example_dags/example_branch_operator.py
[2022-05-23 11:24:40,824] {logging_mixin.py:104} INFO - [2022-05-23 11:24:40,823] {dag.py:1832} INFO - Sync 1 DAGs
[2022-05-23 11:24:42,093] {logging_mixin.py:104} INFO - [2022-05-23 11:24:42,062] {dag.py:2305} INFO - Setting next_dagrun for example_branch_operator to 2022-05-21 00:00:00+00:00
[2022-05-23 11:24:42,502] {scheduler_job.py:190} INFO - Processing /home/airflow/.local/lib/python3.6/site-packages/airflow/example_dags/example_branch_operator.py took 3.728 seconds
[2022-05-23 11:26:58,859] {scheduler_job.py:182} INFO - Started process (PID=2036) to work on /home/airflow/.local/lib/python3.6/site-packages/airflow/example_dags/example_branch_operator.py
[2022-05-23 11:26:58,890] {scheduler_job.py:633} INFO - Processing file /home/airflow/.local/lib/python3.6/site-packages/airflow/example_dags/example_branch_operator.py for tasks to queue
[2022-05-23 11:26:58,929] {logging_mixin.py:104} INFO - [2022-05-23 11:26:58,909] {dagbag.py:487} INFO - Filling up the DagBag from /home/airflow/.local/lib/python3.6/site-packages/airflow/example_dags/example_branch_operator.py
[2022-05-23 11:27:00,079] {scheduler_job.py:643} INFO - DAG(s) dict_keys(['example_branch_operator']) retrieved from /home/airflow/.local/lib/python3.6/site-packages/airflow/example_dags/example_branch_operator.py
[2022-05-23 11:27:01,233] {logging_mixin.py:104} INFO - [2022-05-23 11:27:01,232] {dag.py:1832} INFO - Sync 1 DAGs
[2022-05-23 11:27:02,958] {logging_mixin.py:104} INFO - [2022-05-23 11:27:02,957] {dag.py:2305} INFO - Setting next_dagrun for example_branch_operator to 2022-05-21 00:00:00+00:00
[2022-05-23 11:27:03,492] {scheduler_job.py:190} INFO - Processing /home/airflow/.local/lib/python3.6/site-packages/airflow/example_dags/example_branch_operator.py took 4.733 seconds
[2022-05-23 11:37:29,527] {scheduler_job.py:182} INFO - Started process (PID=2885) to work on /home/airflow/.local/lib/python3.6/site-packages/airflow/example_dags/example_branch_operator.py
[2022-05-23 11:37:29,581] {scheduler_job.py:633} INFO - Processing file /home/airflow/.local/lib/python3.6/site-packages/airflow/example_dags/example_branch_operator.py for tasks to queue
[2022-05-23 11:37:29,664] {logging_mixin.py:104} INFO - [2022-05-23 11:37:29,611] {dagbag.py:487} INFO - Filling up the DagBag from /home/airflow/.local/lib/python3.6/site-packages/airflow/example_dags/example_branch_operator.py
[2022-05-23 11:37:32,093] {scheduler_job.py:643} INFO - DAG(s) dict_keys(['example_branch_operator']) retrieved from /home/airflow/.local/lib/python3.6/site-packages/airflow/example_dags/example_branch_operator.py
[2022-05-23 11:37:39,412] {logging_mixin.py:104} INFO - [2022-05-23 11:37:39,374] {dag.py:1832} INFO - Sync 1 DAGs
[2022-05-23 11:37:45,112] {logging_mixin.py:104} INFO - [2022-05-23 11:37:45,051] {dag.py:2305} INFO - Setting next_dagrun for example_branch_operator to 2022-05-21 00:00:00+00:00
[2022-05-23 11:37:47,510] {scheduler_job.py:190} INFO - Processing /home/airflow/.local/lib/python3.6/site-packages/airflow/example_dags/example_branch_operator.py took 18.204 seconds
[2022-05-23 11:41:31,376] {scheduler_job.py:182} INFO - Started process (PID=3233) to work on /home/airflow/.local/lib/python3.6/site-packages/airflow/example_dags/example_branch_operator.py
[2022-05-23 11:41:31,508] {scheduler_job.py:633} INFO - Processing file /home/airflow/.local/lib/python3.6/site-packages/airflow/example_dags/example_branch_operator.py for tasks to queue
[2022-05-23 11:41:31,544] {logging_mixin.py:104} INFO - [2022-05-23 11:41:31,543] {dagbag.py:487} INFO - Filling up the DagBag from /home/airflow/.local/lib/python3.6/site-packages/airflow/example_dags/example_branch_operator.py
[2022-05-23 11:41:33,422] {scheduler_job.py:643} INFO - DAG(s) dict_keys(['example_branch_operator']) retrieved from /home/airflow/.local/lib/python3.6/site-packages/airflow/example_dags/example_branch_operator.py
[2022-05-23 11:41:35,427] {logging_mixin.py:104} INFO - [2022-05-23 11:41:35,426] {dag.py:1832} INFO - Sync 1 DAGs
[2022-05-23 11:41:37,576] {logging_mixin.py:104} INFO - [2022-05-23 11:41:37,502] {dag.py:2305} INFO - Setting next_dagrun for example_branch_operator to 2022-05-21 00:00:00+00:00
[2022-05-23 11:41:38,553] {scheduler_job.py:190} INFO - Processing /home/airflow/.local/lib/python3.6/site-packages/airflow/example_dags/example_branch_operator.py took 7.412 seconds
[2022-05-23 11:49:47,423] {scheduler_job.py:182} INFO - Started process (PID=3880) to work on /home/airflow/.local/lib/python3.6/site-packages/airflow/example_dags/example_branch_operator.py
[2022-05-23 11:49:47,564] {scheduler_job.py:633} INFO - Processing file /home/airflow/.local/lib/python3.6/site-packages/airflow/example_dags/example_branch_operator.py for tasks to queue
[2022-05-23 11:49:47,671] {logging_mixin.py:104} INFO - [2022-05-23 11:49:47,670] {dagbag.py:487} INFO - Filling up the DagBag from /home/airflow/.local/lib/python3.6/site-packages/airflow/example_dags/example_branch_operator.py
[2022-05-23 11:49:50,195] {scheduler_job.py:643} INFO - DAG(s) dict_keys(['example_branch_operator']) retrieved from /home/airflow/.local/lib/python3.6/site-packages/airflow/example_dags/example_branch_operator.py
[2022-05-23 11:49:50,989] {logging_mixin.py:104} INFO - [2022-05-23 11:49:50,984] {dag.py:1832} INFO - Sync 1 DAGs
[2022-05-23 11:49:52,095] {logging_mixin.py:104} INFO - [2022-05-23 11:49:52,094] {dag.py:2305} INFO - Setting next_dagrun for example_branch_operator to 2022-05-21 00:00:00+00:00
[2022-05-23 11:49:53,141] {scheduler_job.py:190} INFO - Processing /home/airflow/.local/lib/python3.6/site-packages/airflow/example_dags/example_branch_operator.py took 6.020 seconds
[2022-05-23 12:05:53,060] {scheduler_job.py:182} INFO - Started process (PID=5181) to work on /home/airflow/.local/lib/python3.6/site-packages/airflow/example_dags/example_branch_operator.py
[2022-05-23 12:05:53,173] {scheduler_job.py:633} INFO - Processing file /home/airflow/.local/lib/python3.6/site-packages/airflow/example_dags/example_branch_operator.py for tasks to queue
[2022-05-23 12:05:53,198] {logging_mixin.py:104} INFO - [2022-05-23 12:05:53,197] {dagbag.py:487} INFO - Filling up the DagBag from /home/airflow/.local/lib/python3.6/site-packages/airflow/example_dags/example_branch_operator.py
[2022-05-23 12:05:54,978] {scheduler_job.py:643} INFO - DAG(s) dict_keys(['example_branch_operator']) retrieved from /home/airflow/.local/lib/python3.6/site-packages/airflow/example_dags/example_branch_operator.py
[2022-05-23 12:05:56,596] {logging_mixin.py:104} INFO - [2022-05-23 12:05:56,595] {dag.py:1832} INFO - Sync 1 DAGs
[2022-05-23 12:05:58,563] {logging_mixin.py:104} INFO - [2022-05-23 12:05:58,562] {dag.py:2305} INFO - Setting next_dagrun for example_branch_operator to 2022-05-21 00:00:00+00:00
[2022-05-23 12:05:59,322] {scheduler_job.py:190} INFO - Processing /home/airflow/.local/lib/python3.6/site-packages/airflow/example_dags/example_branch_operator.py took 6.380 seconds
[2022-05-23 12:09:09,409] {scheduler_job.py:182} INFO - Started process (PID=5493) to work on /home/airflow/.local/lib/python3.6/site-packages/airflow/example_dags/example_branch_operator.py
[2022-05-23 12:09:09,514] {scheduler_job.py:633} INFO - Processing file /home/airflow/.local/lib/python3.6/site-packages/airflow/example_dags/example_branch_operator.py for tasks to queue
[2022-05-23 12:09:09,549] {logging_mixin.py:104} INFO - [2022-05-23 12:09:09,548] {dagbag.py:487} INFO - Filling up the DagBag from /home/airflow/.local/lib/python3.6/site-packages/airflow/example_dags/example_branch_operator.py
[2022-05-23 12:09:11,455] {scheduler_job.py:643} INFO - DAG(s) dict_keys(['example_branch_operator']) retrieved from /home/airflow/.local/lib/python3.6/site-packages/airflow/example_dags/example_branch_operator.py
[2022-05-23 12:09:13,331] {logging_mixin.py:104} INFO - [2022-05-23 12:09:13,330] {dag.py:1832} INFO - Sync 1 DAGs
[2022-05-23 12:09:15,007] {logging_mixin.py:104} INFO - [2022-05-23 12:09:15,006] {dag.py:2305} INFO - Setting next_dagrun for example_branch_operator to 2022-05-21 00:00:00+00:00
[2022-05-23 12:09:15,756] {scheduler_job.py:190} INFO - Processing /home/airflow/.local/lib/python3.6/site-packages/airflow/example_dags/example_branch_operator.py took 6.599 seconds
