[2022-05-23 11:11:34,748] {scheduler_job.py:182} INFO - Started process (PID=552) to work on /home/airflow/.local/lib/python3.6/site-packages/airflow/example_dags/example_trigger_target_dag.py
[2022-05-23 11:11:34,769] {scheduler_job.py:633} INFO - Processing file /home/airflow/.local/lib/python3.6/site-packages/airflow/example_dags/example_trigger_target_dag.py for tasks to queue
[2022-05-23 11:11:34,789] {logging_mixin.py:104} INFO - [2022-05-23 11:11:34,775] {dagbag.py:487} INFO - Filling up the DagBag from /home/airflow/.local/lib/python3.6/site-packages/airflow/example_dags/example_trigger_target_dag.py
[2022-05-23 11:11:35,202] {scheduler_job.py:643} INFO - DAG(s) dict_keys(['example_trigger_target_dag']) retrieved from /home/airflow/.local/lib/python3.6/site-packages/airflow/example_dags/example_trigger_target_dag.py
[2022-05-23 11:11:44,479] {logging_mixin.py:104} INFO - [2022-05-23 11:11:44,470] {dag.py:1832} INFO - Sync 1 DAGs
[2022-05-23 11:11:45,012] {logging_mixin.py:104} INFO - [2022-05-23 11:11:44,998] {dag.py:2305} INFO - Setting next_dagrun for example_trigger_target_dag to None
[2022-05-23 11:11:45,349] {scheduler_job.py:190} INFO - Processing /home/airflow/.local/lib/python3.6/site-packages/airflow/example_dags/example_trigger_target_dag.py took 10.661 seconds
[2022-05-23 11:14:55,389] {scheduler_job.py:182} INFO - Started process (PID=813) to work on /home/airflow/.local/lib/python3.6/site-packages/airflow/example_dags/example_trigger_target_dag.py
[2022-05-23 11:14:55,437] {scheduler_job.py:633} INFO - Processing file /home/airflow/.local/lib/python3.6/site-packages/airflow/example_dags/example_trigger_target_dag.py for tasks to queue
[2022-05-23 11:14:55,461] {logging_mixin.py:104} INFO - [2022-05-23 11:14:55,460] {dagbag.py:487} INFO - Filling up the DagBag from /home/airflow/.local/lib/python3.6/site-packages/airflow/example_dags/example_trigger_target_dag.py
[2022-05-23 11:14:57,272] {scheduler_job.py:643} INFO - DAG(s) dict_keys(['example_trigger_target_dag']) retrieved from /home/airflow/.local/lib/python3.6/site-packages/airflow/example_dags/example_trigger_target_dag.py
[2022-05-23 11:14:58,527] {logging_mixin.py:104} INFO - [2022-05-23 11:14:58,510] {dag.py:1832} INFO - Sync 1 DAGs
[2022-05-23 11:15:00,268] {logging_mixin.py:104} INFO - [2022-05-23 11:15:00,267] {dag.py:2305} INFO - Setting next_dagrun for example_trigger_target_dag to None
[2022-05-23 11:15:01,163] {scheduler_job.py:190} INFO - Processing /home/airflow/.local/lib/python3.6/site-packages/airflow/example_dags/example_trigger_target_dag.py took 5.891 seconds
[2022-05-23 11:16:55,312] {scheduler_job.py:182} INFO - Started process (PID=1002) to work on /home/airflow/.local/lib/python3.6/site-packages/airflow/example_dags/example_trigger_target_dag.py
[2022-05-23 11:16:55,373] {scheduler_job.py:633} INFO - Processing file /home/airflow/.local/lib/python3.6/site-packages/airflow/example_dags/example_trigger_target_dag.py for tasks to queue
[2022-05-23 11:16:55,405] {logging_mixin.py:104} INFO - [2022-05-23 11:16:55,388] {dagbag.py:487} INFO - Filling up the DagBag from /home/airflow/.local/lib/python3.6/site-packages/airflow/example_dags/example_trigger_target_dag.py
[2022-05-23 11:16:56,285] {scheduler_job.py:643} INFO - DAG(s) dict_keys(['example_trigger_target_dag']) retrieved from /home/airflow/.local/lib/python3.6/site-packages/airflow/example_dags/example_trigger_target_dag.py
[2022-05-23 11:16:57,093] {logging_mixin.py:104} INFO - [2022-05-23 11:16:57,092] {dag.py:1832} INFO - Sync 1 DAGs
[2022-05-23 11:16:57,774] {logging_mixin.py:104} INFO - [2022-05-23 11:16:57,763] {dag.py:2305} INFO - Setting next_dagrun for example_trigger_target_dag to None
[2022-05-23 11:16:58,107] {scheduler_job.py:190} INFO - Processing /home/airflow/.local/lib/python3.6/site-packages/airflow/example_dags/example_trigger_target_dag.py took 2.876 seconds
[2022-05-23 11:19:27,955] {scheduler_job.py:182} INFO - Started process (PID=1268) to work on /home/airflow/.local/lib/python3.6/site-packages/airflow/example_dags/example_trigger_target_dag.py
[2022-05-23 11:19:28,012] {scheduler_job.py:633} INFO - Processing file /home/airflow/.local/lib/python3.6/site-packages/airflow/example_dags/example_trigger_target_dag.py for tasks to queue
[2022-05-23 11:19:28,041] {logging_mixin.py:104} INFO - [2022-05-23 11:19:28,040] {dagbag.py:487} INFO - Filling up the DagBag from /home/airflow/.local/lib/python3.6/site-packages/airflow/example_dags/example_trigger_target_dag.py
[2022-05-23 11:19:28,851] {scheduler_job.py:643} INFO - DAG(s) dict_keys(['example_trigger_target_dag']) retrieved from /home/airflow/.local/lib/python3.6/site-packages/airflow/example_dags/example_trigger_target_dag.py
[2022-05-23 11:19:30,179] {logging_mixin.py:104} INFO - [2022-05-23 11:19:30,143] {dag.py:1832} INFO - Sync 1 DAGs
[2022-05-23 11:19:31,880] {logging_mixin.py:104} INFO - [2022-05-23 11:19:31,855] {dag.py:2305} INFO - Setting next_dagrun for example_trigger_target_dag to None
[2022-05-23 11:19:32,337] {scheduler_job.py:190} INFO - Processing /home/airflow/.local/lib/python3.6/site-packages/airflow/example_dags/example_trigger_target_dag.py took 4.456 seconds
[2022-05-23 11:22:29,490] {scheduler_job.py:182} INFO - Started process (PID=1567) to work on /home/airflow/.local/lib/python3.6/site-packages/airflow/example_dags/example_trigger_target_dag.py
[2022-05-23 11:22:29,534] {scheduler_job.py:633} INFO - Processing file /home/airflow/.local/lib/python3.6/site-packages/airflow/example_dags/example_trigger_target_dag.py for tasks to queue
[2022-05-23 11:22:29,583] {logging_mixin.py:104} INFO - [2022-05-23 11:22:29,582] {dagbag.py:487} INFO - Filling up the DagBag from /home/airflow/.local/lib/python3.6/site-packages/airflow/example_dags/example_trigger_target_dag.py
[2022-05-23 11:22:30,462] {scheduler_job.py:643} INFO - DAG(s) dict_keys(['example_trigger_target_dag']) retrieved from /home/airflow/.local/lib/python3.6/site-packages/airflow/example_dags/example_trigger_target_dag.py
[2022-05-23 11:22:31,360] {logging_mixin.py:104} INFO - [2022-05-23 11:22:31,329] {dag.py:1832} INFO - Sync 1 DAGs
[2022-05-23 11:22:32,186] {logging_mixin.py:104} INFO - [2022-05-23 11:22:32,185] {dag.py:2305} INFO - Setting next_dagrun for example_trigger_target_dag to None
[2022-05-23 11:22:32,715] {scheduler_job.py:190} INFO - Processing /home/airflow/.local/lib/python3.6/site-packages/airflow/example_dags/example_trigger_target_dag.py took 3.296 seconds
[2022-05-23 11:24:36,319] {scheduler_job.py:182} INFO - Started process (PID=1804) to work on /home/airflow/.local/lib/python3.6/site-packages/airflow/example_dags/example_trigger_target_dag.py
[2022-05-23 11:24:36,367] {scheduler_job.py:633} INFO - Processing file /home/airflow/.local/lib/python3.6/site-packages/airflow/example_dags/example_trigger_target_dag.py for tasks to queue
[2022-05-23 11:24:36,378] {logging_mixin.py:104} INFO - [2022-05-23 11:24:36,378] {dagbag.py:487} INFO - Filling up the DagBag from /home/airflow/.local/lib/python3.6/site-packages/airflow/example_dags/example_trigger_target_dag.py
[2022-05-23 11:24:37,164] {scheduler_job.py:643} INFO - DAG(s) dict_keys(['example_trigger_target_dag']) retrieved from /home/airflow/.local/lib/python3.6/site-packages/airflow/example_dags/example_trigger_target_dag.py
[2022-05-23 11:24:37,858] {logging_mixin.py:104} INFO - [2022-05-23 11:24:37,850] {dag.py:1832} INFO - Sync 1 DAGs
[2022-05-23 11:24:38,561] {logging_mixin.py:104} INFO - [2022-05-23 11:24:38,529] {dag.py:2305} INFO - Setting next_dagrun for example_trigger_target_dag to None
[2022-05-23 11:24:38,986] {scheduler_job.py:190} INFO - Processing /home/airflow/.local/lib/python3.6/site-packages/airflow/example_dags/example_trigger_target_dag.py took 2.776 seconds
[2022-05-23 11:26:57,849] {scheduler_job.py:182} INFO - Started process (PID=2034) to work on /home/airflow/.local/lib/python3.6/site-packages/airflow/example_dags/example_trigger_target_dag.py
[2022-05-23 11:26:57,874] {scheduler_job.py:633} INFO - Processing file /home/airflow/.local/lib/python3.6/site-packages/airflow/example_dags/example_trigger_target_dag.py for tasks to queue
[2022-05-23 11:26:57,912] {logging_mixin.py:104} INFO - [2022-05-23 11:26:57,911] {dagbag.py:487} INFO - Filling up the DagBag from /home/airflow/.local/lib/python3.6/site-packages/airflow/example_dags/example_trigger_target_dag.py
[2022-05-23 11:26:58,728] {scheduler_job.py:643} INFO - DAG(s) dict_keys(['example_trigger_target_dag']) retrieved from /home/airflow/.local/lib/python3.6/site-packages/airflow/example_dags/example_trigger_target_dag.py
[2022-05-23 11:26:59,635] {logging_mixin.py:104} INFO - [2022-05-23 11:26:59,634] {dag.py:1832} INFO - Sync 1 DAGs
[2022-05-23 11:27:00,698] {logging_mixin.py:104} INFO - [2022-05-23 11:27:00,698] {dag.py:2305} INFO - Setting next_dagrun for example_trigger_target_dag to None
[2022-05-23 11:27:01,137] {scheduler_job.py:190} INFO - Processing /home/airflow/.local/lib/python3.6/site-packages/airflow/example_dags/example_trigger_target_dag.py took 3.400 seconds
[2022-05-23 11:37:21,229] {scheduler_job.py:182} INFO - Started process (PID=2881) to work on /home/airflow/.local/lib/python3.6/site-packages/airflow/example_dags/example_trigger_target_dag.py
[2022-05-23 11:37:21,421] {scheduler_job.py:633} INFO - Processing file /home/airflow/.local/lib/python3.6/site-packages/airflow/example_dags/example_trigger_target_dag.py for tasks to queue
[2022-05-23 11:37:21,513] {logging_mixin.py:104} INFO - [2022-05-23 11:37:21,465] {dagbag.py:487} INFO - Filling up the DagBag from /home/airflow/.local/lib/python3.6/site-packages/airflow/example_dags/example_trigger_target_dag.py
[2022-05-23 11:37:23,772] {scheduler_job.py:643} INFO - DAG(s) dict_keys(['example_trigger_target_dag']) retrieved from /home/airflow/.local/lib/python3.6/site-packages/airflow/example_dags/example_trigger_target_dag.py
[2022-05-23 11:37:26,255] {logging_mixin.py:104} INFO - [2022-05-23 11:37:26,253] {dag.py:1832} INFO - Sync 1 DAGs
[2022-05-23 11:37:27,968] {logging_mixin.py:104} INFO - [2022-05-23 11:37:27,967] {dag.py:2305} INFO - Setting next_dagrun for example_trigger_target_dag to None
[2022-05-23 11:37:28,877] {scheduler_job.py:190} INFO - Processing /home/airflow/.local/lib/python3.6/site-packages/airflow/example_dags/example_trigger_target_dag.py took 7.912 seconds
[2022-05-23 11:41:24,769] {scheduler_job.py:182} INFO - Started process (PID=3222) to work on /home/airflow/.local/lib/python3.6/site-packages/airflow/example_dags/example_trigger_target_dag.py
[2022-05-23 11:41:24,831] {scheduler_job.py:633} INFO - Processing file /home/airflow/.local/lib/python3.6/site-packages/airflow/example_dags/example_trigger_target_dag.py for tasks to queue
[2022-05-23 11:41:24,953] {logging_mixin.py:104} INFO - [2022-05-23 11:41:24,952] {dagbag.py:487} INFO - Filling up the DagBag from /home/airflow/.local/lib/python3.6/site-packages/airflow/example_dags/example_trigger_target_dag.py
[2022-05-23 11:41:27,165] {scheduler_job.py:643} INFO - DAG(s) dict_keys(['example_trigger_target_dag']) retrieved from /home/airflow/.local/lib/python3.6/site-packages/airflow/example_dags/example_trigger_target_dag.py
[2022-05-23 11:41:28,474] {logging_mixin.py:104} INFO - [2022-05-23 11:41:28,473] {dag.py:1832} INFO - Sync 1 DAGs
[2022-05-23 11:41:29,806] {logging_mixin.py:104} INFO - [2022-05-23 11:41:29,805] {dag.py:2305} INFO - Setting next_dagrun for example_trigger_target_dag to None
[2022-05-23 11:41:30,591] {scheduler_job.py:190} INFO - Processing /home/airflow/.local/lib/python3.6/site-packages/airflow/example_dags/example_trigger_target_dag.py took 6.416 seconds
[2022-05-23 11:49:38,404] {scheduler_job.py:182} INFO - Started process (PID=3862) to work on /home/airflow/.local/lib/python3.6/site-packages/airflow/example_dags/example_trigger_target_dag.py
[2022-05-23 11:49:38,456] {scheduler_job.py:633} INFO - Processing file /home/airflow/.local/lib/python3.6/site-packages/airflow/example_dags/example_trigger_target_dag.py for tasks to queue
[2022-05-23 11:49:38,567] {logging_mixin.py:104} INFO - [2022-05-23 11:49:38,566] {dagbag.py:487} INFO - Filling up the DagBag from /home/airflow/.local/lib/python3.6/site-packages/airflow/example_dags/example_trigger_target_dag.py
[2022-05-23 11:49:41,058] {scheduler_job.py:643} INFO - DAG(s) dict_keys(['example_trigger_target_dag']) retrieved from /home/airflow/.local/lib/python3.6/site-packages/airflow/example_dags/example_trigger_target_dag.py
[2022-05-23 11:49:42,856] {logging_mixin.py:104} INFO - [2022-05-23 11:49:42,855] {dag.py:1832} INFO - Sync 1 DAGs
[2022-05-23 11:49:44,399] {logging_mixin.py:104} INFO - [2022-05-23 11:49:44,319] {dag.py:2305} INFO - Setting next_dagrun for example_trigger_target_dag to None
[2022-05-23 11:49:45,739] {scheduler_job.py:190} INFO - Processing /home/airflow/.local/lib/python3.6/site-packages/airflow/example_dags/example_trigger_target_dag.py took 7.634 seconds
[2022-05-23 12:05:46,880] {scheduler_job.py:182} INFO - Started process (PID=5176) to work on /home/airflow/.local/lib/python3.6/site-packages/airflow/example_dags/example_trigger_target_dag.py
[2022-05-23 12:05:46,911] {scheduler_job.py:633} INFO - Processing file /home/airflow/.local/lib/python3.6/site-packages/airflow/example_dags/example_trigger_target_dag.py for tasks to queue
[2022-05-23 12:05:46,951] {logging_mixin.py:104} INFO - [2022-05-23 12:05:46,933] {dagbag.py:487} INFO - Filling up the DagBag from /home/airflow/.local/lib/python3.6/site-packages/airflow/example_dags/example_trigger_target_dag.py
[2022-05-23 12:05:48,839] {scheduler_job.py:643} INFO - DAG(s) dict_keys(['example_trigger_target_dag']) retrieved from /home/airflow/.local/lib/python3.6/site-packages/airflow/example_dags/example_trigger_target_dag.py
[2022-05-23 12:05:50,480] {logging_mixin.py:104} INFO - [2022-05-23 12:05:50,479] {dag.py:1832} INFO - Sync 1 DAGs
[2022-05-23 12:05:51,618] {logging_mixin.py:104} INFO - [2022-05-23 12:05:51,618] {dag.py:2305} INFO - Setting next_dagrun for example_trigger_target_dag to None
[2022-05-23 12:05:52,445] {scheduler_job.py:190} INFO - Processing /home/airflow/.local/lib/python3.6/site-packages/airflow/example_dags/example_trigger_target_dag.py took 5.644 seconds
[2022-05-23 12:09:03,175] {scheduler_job.py:182} INFO - Started process (PID=5483) to work on /home/airflow/.local/lib/python3.6/site-packages/airflow/example_dags/example_trigger_target_dag.py
[2022-05-23 12:09:03,231] {scheduler_job.py:633} INFO - Processing file /home/airflow/.local/lib/python3.6/site-packages/airflow/example_dags/example_trigger_target_dag.py for tasks to queue
[2022-05-23 12:09:03,318] {logging_mixin.py:104} INFO - [2022-05-23 12:09:03,290] {dagbag.py:487} INFO - Filling up the DagBag from /home/airflow/.local/lib/python3.6/site-packages/airflow/example_dags/example_trigger_target_dag.py
[2022-05-23 12:09:04,686] {scheduler_job.py:643} INFO - DAG(s) dict_keys(['example_trigger_target_dag']) retrieved from /home/airflow/.local/lib/python3.6/site-packages/airflow/example_dags/example_trigger_target_dag.py
[2022-05-23 12:09:06,892] {logging_mixin.py:104} INFO - [2022-05-23 12:09:06,840] {dag.py:1832} INFO - Sync 1 DAGs
[2022-05-23 12:09:07,909] {logging_mixin.py:104} INFO - [2022-05-23 12:09:07,909] {dag.py:2305} INFO - Setting next_dagrun for example_trigger_target_dag to None
[2022-05-23 12:09:08,768] {scheduler_job.py:190} INFO - Processing /home/airflow/.local/lib/python3.6/site-packages/airflow/example_dags/example_trigger_target_dag.py took 5.755 seconds
[2022-05-23 12:10:47,286] {scheduler_job.py:182} INFO - Started process (PID=5667) to work on /home/airflow/.local/lib/python3.6/site-packages/airflow/example_dags/example_trigger_target_dag.py
[2022-05-23 12:10:47,380] {scheduler_job.py:633} INFO - Processing file /home/airflow/.local/lib/python3.6/site-packages/airflow/example_dags/example_trigger_target_dag.py for tasks to queue
[2022-05-23 12:10:47,439] {logging_mixin.py:104} INFO - [2022-05-23 12:10:47,438] {dagbag.py:487} INFO - Filling up the DagBag from /home/airflow/.local/lib/python3.6/site-packages/airflow/example_dags/example_trigger_target_dag.py
[2022-05-23 12:10:48,607] {scheduler_job.py:643} INFO - DAG(s) dict_keys(['example_trigger_target_dag']) retrieved from /home/airflow/.local/lib/python3.6/site-packages/airflow/example_dags/example_trigger_target_dag.py
