[2022-05-23 11:12:11,773] {scheduler_job.py:182} INFO - Started process (PID=600) to work on /home/airflow/.local/lib/python3.6/site-packages/airflow/example_dags/example_xcom.py
[2022-05-23 11:12:11,837] {scheduler_job.py:633} INFO - Processing file /home/airflow/.local/lib/python3.6/site-packages/airflow/example_dags/example_xcom.py for tasks to queue
[2022-05-23 11:12:11,870] {logging_mixin.py:104} INFO - [2022-05-23 11:12:11,851] {dagbag.py:487} INFO - Filling up the DagBag from /home/airflow/.local/lib/python3.6/site-packages/airflow/example_dags/example_xcom.py
[2022-05-23 11:12:12,372] {scheduler_job.py:643} INFO - DAG(s) dict_keys(['example_xcom']) retrieved from /home/airflow/.local/lib/python3.6/site-packages/airflow/example_dags/example_xcom.py
[2022-05-23 11:12:30,036] {logging_mixin.py:104} INFO - [2022-05-23 11:12:30,016] {dag.py:1832} INFO - Sync 1 DAGs
[2022-05-23 11:12:31,061] {logging_mixin.py:104} INFO - [2022-05-23 11:12:31,059] {dag.py:2305} INFO - Setting next_dagrun for example_xcom to 2022-05-21 00:00:00+00:00
[2022-05-23 11:12:31,682] {scheduler_job.py:190} INFO - Processing /home/airflow/.local/lib/python3.6/site-packages/airflow/example_dags/example_xcom.py took 19.987 seconds
[2022-05-23 11:15:32,249] {scheduler_job.py:182} INFO - Started process (PID=862) to work on /home/airflow/.local/lib/python3.6/site-packages/airflow/example_dags/example_xcom.py
[2022-05-23 11:15:32,272] {scheduler_job.py:633} INFO - Processing file /home/airflow/.local/lib/python3.6/site-packages/airflow/example_dags/example_xcom.py for tasks to queue
[2022-05-23 11:15:32,297] {logging_mixin.py:104} INFO - [2022-05-23 11:15:32,289] {dagbag.py:487} INFO - Filling up the DagBag from /home/airflow/.local/lib/python3.6/site-packages/airflow/example_dags/example_xcom.py
[2022-05-23 11:15:32,784] {scheduler_job.py:643} INFO - DAG(s) dict_keys(['example_xcom']) retrieved from /home/airflow/.local/lib/python3.6/site-packages/airflow/example_dags/example_xcom.py
[2022-05-23 11:15:33,403] {logging_mixin.py:104} INFO - [2022-05-23 11:15:33,403] {dag.py:1832} INFO - Sync 1 DAGs
[2022-05-23 11:15:34,124] {logging_mixin.py:104} INFO - [2022-05-23 11:15:34,124] {dag.py:2305} INFO - Setting next_dagrun for example_xcom to 2022-05-21 00:00:00+00:00
[2022-05-23 11:15:34,486] {scheduler_job.py:190} INFO - Processing /home/airflow/.local/lib/python3.6/site-packages/airflow/example_dags/example_xcom.py took 2.302 seconds
[2022-05-23 11:18:04,063] {scheduler_job.py:182} INFO - Started process (PID=1136) to work on /home/airflow/.local/lib/python3.6/site-packages/airflow/example_dags/example_xcom.py
[2022-05-23 11:18:04,116] {scheduler_job.py:633} INFO - Processing file /home/airflow/.local/lib/python3.6/site-packages/airflow/example_dags/example_xcom.py for tasks to queue
[2022-05-23 11:18:04,126] {logging_mixin.py:104} INFO - [2022-05-23 11:18:04,125] {dagbag.py:487} INFO - Filling up the DagBag from /home/airflow/.local/lib/python3.6/site-packages/airflow/example_dags/example_xcom.py
[2022-05-23 11:18:05,218] {scheduler_job.py:643} INFO - DAG(s) dict_keys(['example_xcom']) retrieved from /home/airflow/.local/lib/python3.6/site-packages/airflow/example_dags/example_xcom.py
[2022-05-23 11:18:06,309] {logging_mixin.py:104} INFO - [2022-05-23 11:18:06,282] {dag.py:1832} INFO - Sync 1 DAGs
[2022-05-23 11:18:07,256] {logging_mixin.py:104} INFO - [2022-05-23 11:18:07,225] {dag.py:2305} INFO - Setting next_dagrun for example_xcom to 2022-05-21 00:00:00+00:00
[2022-05-23 11:18:07,745] {scheduler_job.py:190} INFO - Processing /home/airflow/.local/lib/python3.6/site-packages/airflow/example_dags/example_xcom.py took 3.801 seconds
[2022-05-23 11:20:58,331] {scheduler_job.py:182} INFO - Started process (PID=1412) to work on /home/airflow/.local/lib/python3.6/site-packages/airflow/example_dags/example_xcom.py
[2022-05-23 11:20:58,406] {scheduler_job.py:633} INFO - Processing file /home/airflow/.local/lib/python3.6/site-packages/airflow/example_dags/example_xcom.py for tasks to queue
[2022-05-23 11:20:58,505] {logging_mixin.py:104} INFO - [2022-05-23 11:20:58,492] {dagbag.py:487} INFO - Filling up the DagBag from /home/airflow/.local/lib/python3.6/site-packages/airflow/example_dags/example_xcom.py
[2022-05-23 11:20:59,640] {scheduler_job.py:643} INFO - DAG(s) dict_keys(['example_xcom']) retrieved from /home/airflow/.local/lib/python3.6/site-packages/airflow/example_dags/example_xcom.py
[2022-05-23 11:21:00,685] {logging_mixin.py:104} INFO - [2022-05-23 11:21:00,679] {dag.py:1832} INFO - Sync 1 DAGs
[2022-05-23 11:21:01,980] {logging_mixin.py:104} INFO - [2022-05-23 11:21:01,958] {dag.py:2305} INFO - Setting next_dagrun for example_xcom to 2022-05-21 00:00:00+00:00
[2022-05-23 11:21:02,572] {scheduler_job.py:190} INFO - Processing /home/airflow/.local/lib/python3.6/site-packages/airflow/example_dags/example_xcom.py took 4.401 seconds
[2022-05-23 11:23:34,977] {scheduler_job.py:182} INFO - Started process (PID=1686) to work on /home/airflow/.local/lib/python3.6/site-packages/airflow/example_dags/example_xcom.py
[2022-05-23 11:23:35,038] {scheduler_job.py:633} INFO - Processing file /home/airflow/.local/lib/python3.6/site-packages/airflow/example_dags/example_xcom.py for tasks to queue
[2022-05-23 11:23:35,045] {logging_mixin.py:104} INFO - [2022-05-23 11:23:35,044] {dagbag.py:487} INFO - Filling up the DagBag from /home/airflow/.local/lib/python3.6/site-packages/airflow/example_dags/example_xcom.py
[2022-05-23 11:23:35,635] {scheduler_job.py:643} INFO - DAG(s) dict_keys(['example_xcom']) retrieved from /home/airflow/.local/lib/python3.6/site-packages/airflow/example_dags/example_xcom.py
[2022-05-23 11:23:36,437] {logging_mixin.py:104} INFO - [2022-05-23 11:23:36,436] {dag.py:1832} INFO - Sync 1 DAGs
[2022-05-23 11:23:37,301] {logging_mixin.py:104} INFO - [2022-05-23 11:23:37,278] {dag.py:2305} INFO - Setting next_dagrun for example_xcom to 2022-05-21 00:00:00+00:00
[2022-05-23 11:23:37,665] {scheduler_job.py:190} INFO - Processing /home/airflow/.local/lib/python3.6/site-packages/airflow/example_dags/example_xcom.py took 2.762 seconds
[2022-05-23 11:25:32,287] {scheduler_job.py:182} INFO - Started process (PID=1904) to work on /home/airflow/.local/lib/python3.6/site-packages/airflow/example_dags/example_xcom.py
[2022-05-23 11:25:32,336] {scheduler_job.py:633} INFO - Processing file /home/airflow/.local/lib/python3.6/site-packages/airflow/example_dags/example_xcom.py for tasks to queue
[2022-05-23 11:25:32,369] {logging_mixin.py:104} INFO - [2022-05-23 11:25:32,369] {dagbag.py:487} INFO - Filling up the DagBag from /home/airflow/.local/lib/python3.6/site-packages/airflow/example_dags/example_xcom.py
[2022-05-23 11:25:33,033] {scheduler_job.py:643} INFO - DAG(s) dict_keys(['example_xcom']) retrieved from /home/airflow/.local/lib/python3.6/site-packages/airflow/example_dags/example_xcom.py
[2022-05-23 11:25:33,918] {logging_mixin.py:104} INFO - [2022-05-23 11:25:33,918] {dag.py:1832} INFO - Sync 1 DAGs
[2022-05-23 11:25:34,714] {logging_mixin.py:104} INFO - [2022-05-23 11:25:34,688] {dag.py:2305} INFO - Setting next_dagrun for example_xcom to 2022-05-21 00:00:00+00:00
[2022-05-23 11:25:35,223] {scheduler_job.py:190} INFO - Processing /home/airflow/.local/lib/python3.6/site-packages/airflow/example_dags/example_xcom.py took 3.061 seconds
[2022-05-23 11:28:26,626] {scheduler_job.py:182} INFO - Started process (PID=2186) to work on /home/airflow/.local/lib/python3.6/site-packages/airflow/example_dags/example_xcom.py
[2022-05-23 11:28:26,662] {scheduler_job.py:633} INFO - Processing file /home/airflow/.local/lib/python3.6/site-packages/airflow/example_dags/example_xcom.py for tasks to queue
[2022-05-23 11:28:26,714] {logging_mixin.py:104} INFO - [2022-05-23 11:28:26,699] {dagbag.py:487} INFO - Filling up the DagBag from /home/airflow/.local/lib/python3.6/site-packages/airflow/example_dags/example_xcom.py
[2022-05-23 11:28:27,378] {scheduler_job.py:643} INFO - DAG(s) dict_keys(['example_xcom']) retrieved from /home/airflow/.local/lib/python3.6/site-packages/airflow/example_dags/example_xcom.py
[2022-05-23 11:28:28,337] {logging_mixin.py:104} INFO - [2022-05-23 11:28:28,306] {dag.py:1832} INFO - Sync 1 DAGs
[2022-05-23 11:28:29,773] {logging_mixin.py:104} INFO - [2022-05-23 11:28:29,747] {dag.py:2305} INFO - Setting next_dagrun for example_xcom to 2022-05-21 00:00:00+00:00
[2022-05-23 11:28:30,372] {scheduler_job.py:190} INFO - Processing /home/airflow/.local/lib/python3.6/site-packages/airflow/example_dags/example_xcom.py took 3.850 seconds
[2022-05-23 11:42:19,184] {scheduler_job.py:182} INFO - Started process (PID=3288) to work on /home/airflow/.local/lib/python3.6/site-packages/airflow/example_dags/example_xcom.py
[2022-05-23 11:42:19,258] {scheduler_job.py:633} INFO - Processing file /home/airflow/.local/lib/python3.6/site-packages/airflow/example_dags/example_xcom.py for tasks to queue
[2022-05-23 11:42:19,281] {logging_mixin.py:104} INFO - [2022-05-23 11:42:19,280] {dagbag.py:487} INFO - Filling up the DagBag from /home/airflow/.local/lib/python3.6/site-packages/airflow/example_dags/example_xcom.py
[2022-05-23 11:42:21,198] {scheduler_job.py:643} INFO - DAG(s) dict_keys(['example_xcom']) retrieved from /home/airflow/.local/lib/python3.6/site-packages/airflow/example_dags/example_xcom.py
[2022-05-23 11:42:23,293] {logging_mixin.py:104} INFO - [2022-05-23 11:42:23,291] {dag.py:1832} INFO - Sync 1 DAGs
[2022-05-23 11:42:25,035] {logging_mixin.py:104} INFO - [2022-05-23 11:42:24,977] {dag.py:2305} INFO - Setting next_dagrun for example_xcom to 2022-05-21 00:00:00+00:00
[2022-05-23 11:42:26,600] {scheduler_job.py:190} INFO - Processing /home/airflow/.local/lib/python3.6/site-packages/airflow/example_dags/example_xcom.py took 7.589 seconds
[2022-05-23 12:06:34,726] {scheduler_job.py:182} INFO - Started process (PID=5237) to work on /home/airflow/.local/lib/python3.6/site-packages/airflow/example_dags/example_xcom.py
[2022-05-23 12:06:34,829] {scheduler_job.py:633} INFO - Processing file /home/airflow/.local/lib/python3.6/site-packages/airflow/example_dags/example_xcom.py for tasks to queue
[2022-05-23 12:06:34,857] {logging_mixin.py:104} INFO - [2022-05-23 12:06:34,857] {dagbag.py:487} INFO - Filling up the DagBag from /home/airflow/.local/lib/python3.6/site-packages/airflow/example_dags/example_xcom.py
[2022-05-23 12:06:36,254] {scheduler_job.py:643} INFO - DAG(s) dict_keys(['example_xcom']) retrieved from /home/airflow/.local/lib/python3.6/site-packages/airflow/example_dags/example_xcom.py
[2022-05-23 12:06:37,888] {logging_mixin.py:104} INFO - [2022-05-23 12:06:37,887] {dag.py:1832} INFO - Sync 1 DAGs
[2022-05-23 12:06:39,068] {logging_mixin.py:104} INFO - [2022-05-23 12:06:39,067] {dag.py:2305} INFO - Setting next_dagrun for example_xcom to 2022-05-21 00:00:00+00:00
[2022-05-23 12:06:39,804] {scheduler_job.py:190} INFO - Processing /home/airflow/.local/lib/python3.6/site-packages/airflow/example_dags/example_xcom.py took 5.268 seconds
[2022-05-23 12:09:42,341] {scheduler_job.py:182} INFO - Started process (PID=5535) to work on /home/airflow/.local/lib/python3.6/site-packages/airflow/example_dags/example_xcom.py
[2022-05-23 12:09:42,409] {scheduler_job.py:633} INFO - Processing file /home/airflow/.local/lib/python3.6/site-packages/airflow/example_dags/example_xcom.py for tasks to queue
[2022-05-23 12:09:42,501] {logging_mixin.py:104} INFO - [2022-05-23 12:09:42,500] {dagbag.py:487} INFO - Filling up the DagBag from /home/airflow/.local/lib/python3.6/site-packages/airflow/example_dags/example_xcom.py
[2022-05-23 12:09:43,583] {scheduler_job.py:643} INFO - DAG(s) dict_keys(['example_xcom']) retrieved from /home/airflow/.local/lib/python3.6/site-packages/airflow/example_dags/example_xcom.py
[2022-05-23 12:09:45,024] {logging_mixin.py:104} INFO - [2022-05-23 12:09:45,024] {dag.py:1832} INFO - Sync 1 DAGs
[2022-05-23 12:09:46,074] {logging_mixin.py:104} INFO - [2022-05-23 12:09:46,073] {dag.py:2305} INFO - Setting next_dagrun for example_xcom to 2022-05-21 00:00:00+00:00
[2022-05-23 12:09:46,734] {scheduler_job.py:190} INFO - Processing /home/airflow/.local/lib/python3.6/site-packages/airflow/example_dags/example_xcom.py took 4.528 seconds
