[2022-05-23 11:10:45,862] {scheduler_job.py:182} INFO - Started process (PID=485) to work on /home/airflow/.local/lib/python3.6/site-packages/airflow/example_dags/example_dag_decorator.py
[2022-05-23 11:10:45,891] {scheduler_job.py:633} INFO - Processing file /home/airflow/.local/lib/python3.6/site-packages/airflow/example_dags/example_dag_decorator.py for tasks to queue
[2022-05-23 11:10:45,906] {logging_mixin.py:104} INFO - [2022-05-23 11:10:45,905] {dagbag.py:487} INFO - Filling up the DagBag from /home/airflow/.local/lib/python3.6/site-packages/airflow/example_dags/example_dag_decorator.py
[2022-05-23 11:10:46,746] {scheduler_job.py:643} INFO - DAG(s) dict_keys(['example_dag_decorator']) retrieved from /home/airflow/.local/lib/python3.6/site-packages/airflow/example_dags/example_dag_decorator.py
[2022-05-23 11:10:56,056] {logging_mixin.py:104} INFO - [2022-05-23 11:10:56,055] {dag.py:1832} INFO - Sync 1 DAGs
[2022-05-23 11:10:56,367] {logging_mixin.py:104} INFO - [2022-05-23 11:10:56,366] {dag.py:2305} INFO - Setting next_dagrun for example_dag_decorator to None
[2022-05-23 11:10:56,555] {scheduler_job.py:190} INFO - Processing /home/airflow/.local/lib/python3.6/site-packages/airflow/example_dags/example_dag_decorator.py took 10.754 seconds
[2022-05-23 11:14:14,658] {scheduler_job.py:182} INFO - Started process (PID=760) to work on /home/airflow/.local/lib/python3.6/site-packages/airflow/example_dags/example_dag_decorator.py
[2022-05-23 11:14:14,729] {scheduler_job.py:633} INFO - Processing file /home/airflow/.local/lib/python3.6/site-packages/airflow/example_dags/example_dag_decorator.py for tasks to queue
[2022-05-23 11:14:14,794] {logging_mixin.py:104} INFO - [2022-05-23 11:14:14,772] {dagbag.py:487} INFO - Filling up the DagBag from /home/airflow/.local/lib/python3.6/site-packages/airflow/example_dags/example_dag_decorator.py
[2022-05-23 11:14:15,994] {scheduler_job.py:643} INFO - DAG(s) dict_keys(['example_dag_decorator']) retrieved from /home/airflow/.local/lib/python3.6/site-packages/airflow/example_dags/example_dag_decorator.py
[2022-05-23 11:14:42,127] {logging_mixin.py:104} INFO - [2022-05-23 11:14:42,126] {dag.py:1832} INFO - Sync 1 DAGs
[2022-05-23 11:14:43,764] {logging_mixin.py:104} INFO - [2022-05-23 11:14:43,762] {dag.py:2305} INFO - Setting next_dagrun for example_dag_decorator to None
[2022-05-23 11:14:44,928] {scheduler_job.py:190} INFO - Processing /home/airflow/.local/lib/python3.6/site-packages/airflow/example_dags/example_dag_decorator.py took 30.396 seconds
[2022-05-23 11:16:31,602] {scheduler_job.py:182} INFO - Started process (PID=959) to work on /home/airflow/.local/lib/python3.6/site-packages/airflow/example_dags/example_dag_decorator.py
[2022-05-23 11:16:31,650] {scheduler_job.py:633} INFO - Processing file /home/airflow/.local/lib/python3.6/site-packages/airflow/example_dags/example_dag_decorator.py for tasks to queue
[2022-05-23 11:16:31,662] {logging_mixin.py:104} INFO - [2022-05-23 11:16:31,662] {dagbag.py:487} INFO - Filling up the DagBag from /home/airflow/.local/lib/python3.6/site-packages/airflow/example_dags/example_dag_decorator.py
[2022-05-23 11:16:32,754] {scheduler_job.py:643} INFO - DAG(s) dict_keys(['example_dag_decorator']) retrieved from /home/airflow/.local/lib/python3.6/site-packages/airflow/example_dags/example_dag_decorator.py
[2022-05-23 11:16:51,281] {logging_mixin.py:104} INFO - [2022-05-23 11:16:51,247] {dag.py:1832} INFO - Sync 1 DAGs
[2022-05-23 11:16:51,982] {logging_mixin.py:104} INFO - [2022-05-23 11:16:51,951] {dag.py:2305} INFO - Setting next_dagrun for example_dag_decorator to None
[2022-05-23 11:16:52,444] {scheduler_job.py:190} INFO - Processing /home/airflow/.local/lib/python3.6/site-packages/airflow/example_dags/example_dag_decorator.py took 20.950 seconds
[2022-05-23 11:18:58,835] {scheduler_job.py:182} INFO - Started process (PID=1214) to work on /home/airflow/.local/lib/python3.6/site-packages/airflow/example_dags/example_dag_decorator.py
[2022-05-23 11:18:58,881] {scheduler_job.py:633} INFO - Processing file /home/airflow/.local/lib/python3.6/site-packages/airflow/example_dags/example_dag_decorator.py for tasks to queue
[2022-05-23 11:18:58,960] {logging_mixin.py:104} INFO - [2022-05-23 11:18:58,922] {dagbag.py:487} INFO - Filling up the DagBag from /home/airflow/.local/lib/python3.6/site-packages/airflow/example_dags/example_dag_decorator.py
[2022-05-23 11:19:00,418] {scheduler_job.py:643} INFO - DAG(s) dict_keys(['example_dag_decorator']) retrieved from /home/airflow/.local/lib/python3.6/site-packages/airflow/example_dags/example_dag_decorator.py
[2022-05-23 11:19:24,692] {logging_mixin.py:104} INFO - [2022-05-23 11:19:24,667] {dag.py:1832} INFO - Sync 1 DAGs
[2022-05-23 11:19:25,683] {logging_mixin.py:104} INFO - [2022-05-23 11:19:25,645] {dag.py:2305} INFO - Setting next_dagrun for example_dag_decorator to None
[2022-05-23 11:19:26,222] {scheduler_job.py:190} INFO - Processing /home/airflow/.local/lib/python3.6/site-packages/airflow/example_dags/example_dag_decorator.py took 27.508 seconds
[2022-05-23 11:22:02,968] {scheduler_job.py:182} INFO - Started process (PID=1519) to work on /home/airflow/.local/lib/python3.6/site-packages/airflow/example_dags/example_dag_decorator.py
[2022-05-23 11:22:03,054] {scheduler_job.py:633} INFO - Processing file /home/airflow/.local/lib/python3.6/site-packages/airflow/example_dags/example_dag_decorator.py for tasks to queue
[2022-05-23 11:22:03,139] {logging_mixin.py:104} INFO - [2022-05-23 11:22:03,095] {dagbag.py:487} INFO - Filling up the DagBag from /home/airflow/.local/lib/python3.6/site-packages/airflow/example_dags/example_dag_decorator.py
[2022-05-23 11:22:04,447] {scheduler_job.py:643} INFO - DAG(s) dict_keys(['example_dag_decorator']) retrieved from /home/airflow/.local/lib/python3.6/site-packages/airflow/example_dags/example_dag_decorator.py
[2022-05-23 11:22:24,849] {logging_mixin.py:104} INFO - [2022-05-23 11:22:24,848] {dag.py:1832} INFO - Sync 1 DAGs
[2022-05-23 11:22:25,673] {logging_mixin.py:104} INFO - [2022-05-23 11:22:25,672] {dag.py:2305} INFO - Setting next_dagrun for example_dag_decorator to None
[2022-05-23 11:22:26,269] {scheduler_job.py:190} INFO - Processing /home/airflow/.local/lib/python3.6/site-packages/airflow/example_dags/example_dag_decorator.py took 23.416 seconds
[2022-05-23 11:24:18,583] {scheduler_job.py:182} INFO - Started process (PID=1764) to work on /home/airflow/.local/lib/python3.6/site-packages/airflow/example_dags/example_dag_decorator.py
[2022-05-23 11:24:18,606] {scheduler_job.py:633} INFO - Processing file /home/airflow/.local/lib/python3.6/site-packages/airflow/example_dags/example_dag_decorator.py for tasks to queue
[2022-05-23 11:24:18,630] {logging_mixin.py:104} INFO - [2022-05-23 11:24:18,630] {dagbag.py:487} INFO - Filling up the DagBag from /home/airflow/.local/lib/python3.6/site-packages/airflow/example_dags/example_dag_decorator.py
[2022-05-23 11:24:19,435] {scheduler_job.py:643} INFO - DAG(s) dict_keys(['example_dag_decorator']) retrieved from /home/airflow/.local/lib/python3.6/site-packages/airflow/example_dags/example_dag_decorator.py
[2022-05-23 11:24:34,660] {logging_mixin.py:104} INFO - [2022-05-23 11:24:34,645] {dag.py:1832} INFO - Sync 1 DAGs
[2022-05-23 11:24:35,272] {logging_mixin.py:104} INFO - [2022-05-23 11:24:35,272] {dag.py:2305} INFO - Setting next_dagrun for example_dag_decorator to None
[2022-05-23 11:24:35,716] {scheduler_job.py:190} INFO - Processing /home/airflow/.local/lib/python3.6/site-packages/airflow/example_dags/example_dag_decorator.py took 17.241 seconds
[2022-05-23 11:26:25,499] {scheduler_job.py:182} INFO - Started process (PID=1987) to work on /home/airflow/.local/lib/python3.6/site-packages/airflow/example_dags/example_dag_decorator.py
[2022-05-23 11:26:25,534] {scheduler_job.py:633} INFO - Processing file /home/airflow/.local/lib/python3.6/site-packages/airflow/example_dags/example_dag_decorator.py for tasks to queue
[2022-05-23 11:26:25,609] {logging_mixin.py:104} INFO - [2022-05-23 11:26:25,609] {dagbag.py:487} INFO - Filling up the DagBag from /home/airflow/.local/lib/python3.6/site-packages/airflow/example_dags/example_dag_decorator.py
[2022-05-23 11:26:27,256] {scheduler_job.py:643} INFO - DAG(s) dict_keys(['example_dag_decorator']) retrieved from /home/airflow/.local/lib/python3.6/site-packages/airflow/example_dags/example_dag_decorator.py
[2022-05-23 11:26:51,784] {logging_mixin.py:104} INFO - [2022-05-23 11:26:51,739] {dag.py:1832} INFO - Sync 1 DAGs
[2022-05-23 11:26:52,828] {logging_mixin.py:104} INFO - [2022-05-23 11:26:52,828] {dag.py:2305} INFO - Setting next_dagrun for example_dag_decorator to None
[2022-05-23 11:26:53,420] {scheduler_job.py:190} INFO - Processing /home/airflow/.local/lib/python3.6/site-packages/airflow/example_dags/example_dag_decorator.py took 28.061 seconds
[2022-05-23 11:36:22,197] {scheduler_job.py:182} INFO - Started process (PID=2803) to work on /home/airflow/.local/lib/python3.6/site-packages/airflow/example_dags/example_dag_decorator.py
[2022-05-23 11:36:22,286] {scheduler_job.py:633} INFO - Processing file /home/airflow/.local/lib/python3.6/site-packages/airflow/example_dags/example_dag_decorator.py for tasks to queue
[2022-05-23 11:36:22,297] {logging_mixin.py:104} INFO - [2022-05-23 11:36:22,297] {dagbag.py:487} INFO - Filling up the DagBag from /home/airflow/.local/lib/python3.6/site-packages/airflow/example_dags/example_dag_decorator.py
[2022-05-23 11:36:24,845] {scheduler_job.py:643} INFO - DAG(s) dict_keys(['example_dag_decorator']) retrieved from /home/airflow/.local/lib/python3.6/site-packages/airflow/example_dags/example_dag_decorator.py
[2022-05-23 11:37:01,242] {logging_mixin.py:104} INFO - [2022-05-23 11:37:01,197] {dag.py:1832} INFO - Sync 1 DAGs
[2022-05-23 11:37:02,457] {logging_mixin.py:104} INFO - [2022-05-23 11:37:02,456] {dag.py:2305} INFO - Setting next_dagrun for example_dag_decorator to None
[2022-05-23 11:37:03,811] {scheduler_job.py:190} INFO - Processing /home/airflow/.local/lib/python3.6/site-packages/airflow/example_dags/example_dag_decorator.py took 41.829 seconds
[2022-05-23 11:40:38,766] {scheduler_job.py:182} INFO - Started process (PID=3139) to work on /home/airflow/.local/lib/python3.6/site-packages/airflow/example_dags/example_dag_decorator.py
[2022-05-23 11:40:38,809] {scheduler_job.py:633} INFO - Processing file /home/airflow/.local/lib/python3.6/site-packages/airflow/example_dags/example_dag_decorator.py for tasks to queue
[2022-05-23 11:40:38,848] {logging_mixin.py:104} INFO - [2022-05-23 11:40:38,848] {dagbag.py:487} INFO - Filling up the DagBag from /home/airflow/.local/lib/python3.6/site-packages/airflow/example_dags/example_dag_decorator.py
[2022-05-23 11:40:40,635] {scheduler_job.py:643} INFO - DAG(s) dict_keys(['example_dag_decorator']) retrieved from /home/airflow/.local/lib/python3.6/site-packages/airflow/example_dags/example_dag_decorator.py
[2022-05-23 11:41:08,146] {logging_mixin.py:104} INFO - [2022-05-23 11:41:08,101] {dag.py:1832} INFO - Sync 1 DAGs
[2022-05-23 11:41:09,163] {logging_mixin.py:104} INFO - [2022-05-23 11:41:09,123] {dag.py:2305} INFO - Setting next_dagrun for example_dag_decorator to None
[2022-05-23 11:41:10,201] {scheduler_job.py:190} INFO - Processing /home/airflow/.local/lib/python3.6/site-packages/airflow/example_dags/example_dag_decorator.py took 31.552 seconds
[2022-05-23 11:48:26,526] {scheduler_job.py:182} INFO - Started process (PID=3771) to work on /home/airflow/.local/lib/python3.6/site-packages/airflow/example_dags/example_dag_decorator.py
[2022-05-23 11:48:26,673] {scheduler_job.py:633} INFO - Processing file /home/airflow/.local/lib/python3.6/site-packages/airflow/example_dags/example_dag_decorator.py for tasks to queue
[2022-05-23 11:48:26,740] {logging_mixin.py:104} INFO - [2022-05-23 11:48:26,739] {dagbag.py:487} INFO - Filling up the DagBag from /home/airflow/.local/lib/python3.6/site-packages/airflow/example_dags/example_dag_decorator.py
[2022-05-23 11:48:29,491] {scheduler_job.py:643} INFO - DAG(s) dict_keys(['example_dag_decorator']) retrieved from /home/airflow/.local/lib/python3.6/site-packages/airflow/example_dags/example_dag_decorator.py
[2022-05-23 11:49:11,355] {logging_mixin.py:104} INFO - [2022-05-23 11:49:11,294] {dag.py:1832} INFO - Sync 1 DAGs
[2022-05-23 11:49:13,233] {logging_mixin.py:104} INFO - [2022-05-23 11:49:13,232] {dag.py:2305} INFO - Setting next_dagrun for example_dag_decorator to None
[2022-05-23 11:49:14,785] {scheduler_job.py:190} INFO - Processing /home/airflow/.local/lib/python3.6/site-packages/airflow/example_dags/example_dag_decorator.py took 48.530 seconds
[2022-05-23 11:59:15,301] {scheduler_job.py:182} INFO - Started process (PID=4578) to work on /home/airflow/.local/lib/python3.6/site-packages/airflow/example_dags/example_dag_decorator.py
[2022-05-23 11:59:15,449] {scheduler_job.py:633} INFO - Processing file /home/airflow/.local/lib/python3.6/site-packages/airflow/example_dags/example_dag_decorator.py for tasks to queue
[2022-05-23 11:59:15,492] {logging_mixin.py:104} INFO - [2022-05-23 11:59:15,492] {dagbag.py:487} INFO - Filling up the DagBag from /home/airflow/.local/lib/python3.6/site-packages/airflow/example_dags/example_dag_decorator.py
[2022-05-23 11:59:18,846] {scheduler_job.py:643} INFO - DAG(s) dict_keys(['example_dag_decorator']) retrieved from /home/airflow/.local/lib/python3.6/site-packages/airflow/example_dags/example_dag_decorator.py
[2022-05-23 12:00:02,383] {logging_mixin.py:104} INFO - [2022-05-23 12:00:02,382] {dag.py:1832} INFO - Sync 1 DAGs
[2022-05-23 12:00:04,111] {logging_mixin.py:104} INFO - [2022-05-23 12:00:04,111] {dag.py:2305} INFO - Setting next_dagrun for example_dag_decorator to None
[2022-05-23 12:04:48,965] {scheduler_job.py:182} INFO - Started process (PID=5088) to work on /home/airflow/.local/lib/python3.6/site-packages/airflow/example_dags/example_dag_decorator.py
[2022-05-23 12:04:49,157] {scheduler_job.py:633} INFO - Processing file /home/airflow/.local/lib/python3.6/site-packages/airflow/example_dags/example_dag_decorator.py for tasks to queue
[2022-05-23 12:04:49,237] {logging_mixin.py:104} INFO - [2022-05-23 12:04:49,192] {dagbag.py:487} INFO - Filling up the DagBag from /home/airflow/.local/lib/python3.6/site-packages/airflow/example_dags/example_dag_decorator.py
[2022-05-23 12:04:52,745] {scheduler_job.py:643} INFO - DAG(s) dict_keys(['example_dag_decorator']) retrieved from /home/airflow/.local/lib/python3.6/site-packages/airflow/example_dags/example_dag_decorator.py
[2022-05-23 12:05:31,830] {logging_mixin.py:104} INFO - [2022-05-23 12:05:31,829] {dag.py:1832} INFO - Sync 1 DAGs
[2022-05-23 12:05:33,033] {logging_mixin.py:104} INFO - [2022-05-23 12:05:33,032] {dag.py:2305} INFO - Setting next_dagrun for example_dag_decorator to None
[2022-05-23 12:05:33,955] {scheduler_job.py:190} INFO - Processing /home/airflow/.local/lib/python3.6/site-packages/airflow/example_dags/example_dag_decorator.py took 45.282 seconds
[2022-05-23 12:08:19,562] {scheduler_job.py:182} INFO - Started process (PID=5406) to work on /home/airflow/.local/lib/python3.6/site-packages/airflow/example_dags/example_dag_decorator.py
[2022-05-23 12:08:19,628] {scheduler_job.py:633} INFO - Processing file /home/airflow/.local/lib/python3.6/site-packages/airflow/example_dags/example_dag_decorator.py for tasks to queue
[2022-05-23 12:08:19,664] {logging_mixin.py:104} INFO - [2022-05-23 12:08:19,663] {dagbag.py:487} INFO - Filling up the DagBag from /home/airflow/.local/lib/python3.6/site-packages/airflow/example_dags/example_dag_decorator.py
[2022-05-23 12:08:21,697] {scheduler_job.py:643} INFO - DAG(s) dict_keys(['example_dag_decorator']) retrieved from /home/airflow/.local/lib/python3.6/site-packages/airflow/example_dags/example_dag_decorator.py
[2022-05-23 12:08:52,283] {logging_mixin.py:104} INFO - [2022-05-23 12:08:52,238] {dag.py:1832} INFO - Sync 1 DAGs
[2022-05-23 12:08:53,713] {logging_mixin.py:104} INFO - [2022-05-23 12:08:53,713] {dag.py:2305} INFO - Setting next_dagrun for example_dag_decorator to None
[2022-05-23 12:08:54,526] {scheduler_job.py:190} INFO - Processing /home/airflow/.local/lib/python3.6/site-packages/airflow/example_dags/example_dag_decorator.py took 34.994 seconds
[2022-05-23 12:10:20,200] {scheduler_job.py:182} INFO - Started process (PID=5611) to work on /home/airflow/.local/lib/python3.6/site-packages/airflow/example_dags/example_dag_decorator.py
[2022-05-23 12:10:20,289] {scheduler_job.py:633} INFO - Processing file /home/airflow/.local/lib/python3.6/site-packages/airflow/example_dags/example_dag_decorator.py for tasks to queue
[2022-05-23 12:10:20,334] {logging_mixin.py:104} INFO - [2022-05-23 12:10:20,333] {dagbag.py:487} INFO - Filling up the DagBag from /home/airflow/.local/lib/python3.6/site-packages/airflow/example_dags/example_dag_decorator.py
[2022-05-23 12:10:21,907] {scheduler_job.py:643} INFO - DAG(s) dict_keys(['example_dag_decorator']) retrieved from /home/airflow/.local/lib/python3.6/site-packages/airflow/example_dags/example_dag_decorator.py
[2022-05-23 12:10:41,574] {logging_mixin.py:104} INFO - [2022-05-23 12:10:41,573] {dag.py:1832} INFO - Sync 1 DAGs
[2022-05-23 12:10:42,409] {logging_mixin.py:104} INFO - [2022-05-23 12:10:42,408] {dag.py:2305} INFO - Setting next_dagrun for example_dag_decorator to None
[2022-05-23 12:10:43,177] {scheduler_job.py:190} INFO - Processing /home/airflow/.local/lib/python3.6/site-packages/airflow/example_dags/example_dag_decorator.py took 23.111 seconds
