[2022-05-23 11:10:36,950] {scheduler_job.py:182} INFO - Started process (PID=473) to work on /home/airflow/.local/lib/python3.6/site-packages/airflow/example_dags/example_branch_datetime_operator.py
[2022-05-23 11:10:36,968] {scheduler_job.py:633} INFO - Processing file /home/airflow/.local/lib/python3.6/site-packages/airflow/example_dags/example_branch_datetime_operator.py for tasks to queue
[2022-05-23 11:10:36,990] {logging_mixin.py:104} INFO - [2022-05-23 11:10:36,990] {dagbag.py:487} INFO - Filling up the DagBag from /home/airflow/.local/lib/python3.6/site-packages/airflow/example_dags/example_branch_datetime_operator.py
[2022-05-23 11:10:37,341] {scheduler_job.py:643} INFO - DAG(s) dict_keys(['example_branch_datetime_operator_2']) retrieved from /home/airflow/.local/lib/python3.6/site-packages/airflow/example_dags/example_branch_datetime_operator.py
[2022-05-23 11:10:45,628] {logging_mixin.py:104} INFO - [2022-05-23 11:10:45,628] {dag.py:1832} INFO - Sync 1 DAGs
[2022-05-23 11:10:46,322] {logging_mixin.py:104} INFO - [2022-05-23 11:10:46,322] {dag.py:2305} INFO - Setting next_dagrun for example_branch_datetime_operator_2 to 2022-05-21 00:00:00+00:00
[2022-05-23 11:10:46,562] {scheduler_job.py:190} INFO - Processing /home/airflow/.local/lib/python3.6/site-packages/airflow/example_dags/example_branch_datetime_operator.py took 9.639 seconds
[2022-05-23 11:14:10,725] {scheduler_job.py:182} INFO - Started process (PID=752) to work on /home/airflow/.local/lib/python3.6/site-packages/airflow/example_dags/example_branch_datetime_operator.py
[2022-05-23 11:14:10,773] {scheduler_job.py:633} INFO - Processing file /home/airflow/.local/lib/python3.6/site-packages/airflow/example_dags/example_branch_datetime_operator.py for tasks to queue
[2022-05-23 11:14:10,825] {logging_mixin.py:104} INFO - [2022-05-23 11:14:10,824] {dagbag.py:487} INFO - Filling up the DagBag from /home/airflow/.local/lib/python3.6/site-packages/airflow/example_dags/example_branch_datetime_operator.py
[2022-05-23 11:14:11,777] {scheduler_job.py:643} INFO - DAG(s) dict_keys(['example_branch_datetime_operator_2']) retrieved from /home/airflow/.local/lib/python3.6/site-packages/airflow/example_dags/example_branch_datetime_operator.py
[2022-05-23 11:14:13,118] {logging_mixin.py:104} INFO - [2022-05-23 11:14:13,117] {dag.py:1832} INFO - Sync 1 DAGs
[2022-05-23 11:14:14,613] {logging_mixin.py:104} INFO - [2022-05-23 11:14:14,612] {dag.py:2305} INFO - Setting next_dagrun for example_branch_datetime_operator_2 to 2022-05-21 00:00:00+00:00
[2022-05-23 11:14:15,085] {scheduler_job.py:190} INFO - Processing /home/airflow/.local/lib/python3.6/site-packages/airflow/example_dags/example_branch_datetime_operator.py took 4.524 seconds
[2022-05-23 11:16:30,221] {scheduler_job.py:182} INFO - Started process (PID=954) to work on /home/airflow/.local/lib/python3.6/site-packages/airflow/example_dags/example_branch_datetime_operator.py
[2022-05-23 11:16:30,259] {scheduler_job.py:633} INFO - Processing file /home/airflow/.local/lib/python3.6/site-packages/airflow/example_dags/example_branch_datetime_operator.py for tasks to queue
[2022-05-23 11:16:30,306] {logging_mixin.py:104} INFO - [2022-05-23 11:16:30,305] {dagbag.py:487} INFO - Filling up the DagBag from /home/airflow/.local/lib/python3.6/site-packages/airflow/example_dags/example_branch_datetime_operator.py
[2022-05-23 11:16:30,900] {scheduler_job.py:643} INFO - DAG(s) dict_keys(['example_branch_datetime_operator_2']) retrieved from /home/airflow/.local/lib/python3.6/site-packages/airflow/example_dags/example_branch_datetime_operator.py
[2022-05-23 11:16:31,798] {logging_mixin.py:104} INFO - [2022-05-23 11:16:31,767] {dag.py:1832} INFO - Sync 1 DAGs
[2022-05-23 11:16:32,879] {logging_mixin.py:104} INFO - [2022-05-23 11:16:32,878] {dag.py:2305} INFO - Setting next_dagrun for example_branch_datetime_operator_2 to 2022-05-21 00:00:00+00:00
[2022-05-23 11:16:33,335] {scheduler_job.py:190} INFO - Processing /home/airflow/.local/lib/python3.6/site-packages/airflow/example_dags/example_branch_datetime_operator.py took 3.236 seconds
[2022-05-23 11:17:29,552] {scheduler_job.py:182} INFO - Started process (PID=1082) to work on /home/airflow/.local/lib/python3.6/site-packages/airflow/example_dags/example_branch_datetime_operator.py
[2022-05-23 11:17:29,577] {scheduler_job.py:633} INFO - Processing file /home/airflow/.local/lib/python3.6/site-packages/airflow/example_dags/example_branch_datetime_operator.py for tasks to queue
[2022-05-23 11:17:29,617] {logging_mixin.py:104} INFO - [2022-05-23 11:17:29,614] {dagbag.py:487} INFO - Filling up the DagBag from /home/airflow/.local/lib/python3.6/site-packages/airflow/example_dags/example_branch_datetime_operator.py
[2022-05-23 11:17:30,442] {scheduler_job.py:643} INFO - DAG(s) dict_keys(['example_branch_datetime_operator_2']) retrieved from /home/airflow/.local/lib/python3.6/site-packages/airflow/example_dags/example_branch_datetime_operator.py
[2022-05-23 11:17:31,726] {logging_mixin.py:104} INFO - [2022-05-23 11:17:31,688] {dag.py:1832} INFO - Sync 1 DAGs
[2022-05-23 11:17:33,379] {logging_mixin.py:104} INFO - [2022-05-23 11:17:33,348] {dag.py:2305} INFO - Setting next_dagrun for example_branch_datetime_operator_2 to 2022-05-21 00:00:00+00:00
[2022-05-23 11:17:34,330] {scheduler_job.py:190} INFO - Processing /home/airflow/.local/lib/python3.6/site-packages/airflow/example_dags/example_branch_datetime_operator.py took 4.858 seconds
[2022-05-23 11:18:54,048] {scheduler_job.py:182} INFO - Started process (PID=1203) to work on /home/airflow/.local/lib/python3.6/site-packages/airflow/example_dags/example_branch_datetime_operator.py
[2022-05-23 11:18:54,085] {scheduler_job.py:633} INFO - Processing file /home/airflow/.local/lib/python3.6/site-packages/airflow/example_dags/example_branch_datetime_operator.py for tasks to queue
[2022-05-23 11:18:54,116] {logging_mixin.py:104} INFO - [2022-05-23 11:18:54,104] {dagbag.py:487} INFO - Filling up the DagBag from /home/airflow/.local/lib/python3.6/site-packages/airflow/example_dags/example_branch_datetime_operator.py
[2022-05-23 11:18:55,524] {scheduler_job.py:643} INFO - DAG(s) dict_keys(['example_branch_datetime_operator_2']) retrieved from /home/airflow/.local/lib/python3.6/site-packages/airflow/example_dags/example_branch_datetime_operator.py
[2022-05-23 11:18:56,763] {logging_mixin.py:104} INFO - [2022-05-23 11:18:56,763] {dag.py:1832} INFO - Sync 1 DAGs
[2022-05-23 11:18:58,371] {logging_mixin.py:104} INFO - [2022-05-23 11:18:58,370] {dag.py:2305} INFO - Setting next_dagrun for example_branch_datetime_operator_2 to 2022-05-21 00:00:00+00:00
[2022-05-23 11:18:58,773] {scheduler_job.py:190} INFO - Processing /home/airflow/.local/lib/python3.6/site-packages/airflow/example_dags/example_branch_datetime_operator.py took 4.828 seconds
[2022-05-23 11:20:12,846] {scheduler_job.py:182} INFO - Started process (PID=1354) to work on /home/airflow/.local/lib/python3.6/site-packages/airflow/example_dags/example_branch_datetime_operator.py
[2022-05-23 11:20:12,936] {scheduler_job.py:633} INFO - Processing file /home/airflow/.local/lib/python3.6/site-packages/airflow/example_dags/example_branch_datetime_operator.py for tasks to queue
[2022-05-23 11:20:12,969] {logging_mixin.py:104} INFO - [2022-05-23 11:20:12,967] {dagbag.py:487} INFO - Filling up the DagBag from /home/airflow/.local/lib/python3.6/site-packages/airflow/example_dags/example_branch_datetime_operator.py
[2022-05-23 11:20:13,835] {scheduler_job.py:643} INFO - DAG(s) dict_keys(['example_branch_datetime_operator_2']) retrieved from /home/airflow/.local/lib/python3.6/site-packages/airflow/example_dags/example_branch_datetime_operator.py
[2022-05-23 11:20:14,623] {logging_mixin.py:104} INFO - [2022-05-23 11:20:14,615] {dag.py:1832} INFO - Sync 1 DAGs
[2022-05-23 11:20:15,791] {logging_mixin.py:104} INFO - [2022-05-23 11:20:15,760] {dag.py:2305} INFO - Setting next_dagrun for example_branch_datetime_operator_2 to 2022-05-21 00:00:00+00:00
[2022-05-23 11:20:16,692] {scheduler_job.py:190} INFO - Processing /home/airflow/.local/lib/python3.6/site-packages/airflow/example_dags/example_branch_datetime_operator.py took 3.937 seconds
[2022-05-23 11:22:01,132] {scheduler_job.py:182} INFO - Started process (PID=1517) to work on /home/airflow/.local/lib/python3.6/site-packages/airflow/example_dags/example_branch_datetime_operator.py
[2022-05-23 11:22:01,190] {scheduler_job.py:633} INFO - Processing file /home/airflow/.local/lib/python3.6/site-packages/airflow/example_dags/example_branch_datetime_operator.py for tasks to queue
[2022-05-23 11:22:01,225] {logging_mixin.py:104} INFO - [2022-05-23 11:22:01,224] {dagbag.py:487} INFO - Filling up the DagBag from /home/airflow/.local/lib/python3.6/site-packages/airflow/example_dags/example_branch_datetime_operator.py
[2022-05-23 11:22:02,058] {scheduler_job.py:643} INFO - DAG(s) dict_keys(['example_branch_datetime_operator_2']) retrieved from /home/airflow/.local/lib/python3.6/site-packages/airflow/example_dags/example_branch_datetime_operator.py
[2022-05-23 11:22:03,076] {logging_mixin.py:104} INFO - [2022-05-23 11:22:03,043] {dag.py:1832} INFO - Sync 1 DAGs
[2022-05-23 11:22:04,561] {logging_mixin.py:104} INFO - [2022-05-23 11:22:04,560] {dag.py:2305} INFO - Setting next_dagrun for example_branch_datetime_operator_2 to 2022-05-21 00:00:00+00:00
[2022-05-23 11:22:05,015] {scheduler_job.py:190} INFO - Processing /home/airflow/.local/lib/python3.6/site-packages/airflow/example_dags/example_branch_datetime_operator.py took 4.014 seconds
[2022-05-23 11:23:05,292] {scheduler_job.py:182} INFO - Started process (PID=1642) to work on /home/airflow/.local/lib/python3.6/site-packages/airflow/example_dags/example_branch_datetime_operator.py
[2022-05-23 11:23:05,371] {scheduler_job.py:633} INFO - Processing file /home/airflow/.local/lib/python3.6/site-packages/airflow/example_dags/example_branch_datetime_operator.py for tasks to queue
[2022-05-23 11:23:05,392] {logging_mixin.py:104} INFO - [2022-05-23 11:23:05,392] {dagbag.py:487} INFO - Filling up the DagBag from /home/airflow/.local/lib/python3.6/site-packages/airflow/example_dags/example_branch_datetime_operator.py
[2022-05-23 11:23:06,279] {scheduler_job.py:643} INFO - DAG(s) dict_keys(['example_branch_datetime_operator_2']) retrieved from /home/airflow/.local/lib/python3.6/site-packages/airflow/example_dags/example_branch_datetime_operator.py
[2022-05-23 11:23:07,242] {logging_mixin.py:104} INFO - [2022-05-23 11:23:07,242] {dag.py:1832} INFO - Sync 1 DAGs
[2022-05-23 11:23:08,318] {logging_mixin.py:104} INFO - [2022-05-23 11:23:08,317] {dag.py:2305} INFO - Setting next_dagrun for example_branch_datetime_operator_2 to 2022-05-21 00:00:00+00:00
[2022-05-23 11:23:08,745] {scheduler_job.py:190} INFO - Processing /home/airflow/.local/lib/python3.6/site-packages/airflow/example_dags/example_branch_datetime_operator.py took 3.586 seconds
[2022-05-23 11:24:17,093] {scheduler_job.py:182} INFO - Started process (PID=1762) to work on /home/airflow/.local/lib/python3.6/site-packages/airflow/example_dags/example_branch_datetime_operator.py
[2022-05-23 11:24:17,144] {scheduler_job.py:633} INFO - Processing file /home/airflow/.local/lib/python3.6/site-packages/airflow/example_dags/example_branch_datetime_operator.py for tasks to queue
[2022-05-23 11:24:17,174] {logging_mixin.py:104} INFO - [2022-05-23 11:24:17,174] {dagbag.py:487} INFO - Filling up the DagBag from /home/airflow/.local/lib/python3.6/site-packages/airflow/example_dags/example_branch_datetime_operator.py
[2022-05-23 11:24:17,716] {scheduler_job.py:643} INFO - DAG(s) dict_keys(['example_branch_datetime_operator_2']) retrieved from /home/airflow/.local/lib/python3.6/site-packages/airflow/example_dags/example_branch_datetime_operator.py
[2022-05-23 11:24:18,213] {logging_mixin.py:104} INFO - [2022-05-23 11:24:18,213] {dag.py:1832} INFO - Sync 1 DAGs
[2022-05-23 11:24:19,133] {logging_mixin.py:104} INFO - [2022-05-23 11:24:19,132] {dag.py:2305} INFO - Setting next_dagrun for example_branch_datetime_operator_2 to 2022-05-21 00:00:00+00:00
[2022-05-23 11:24:19,547] {scheduler_job.py:190} INFO - Processing /home/airflow/.local/lib/python3.6/site-packages/airflow/example_dags/example_branch_datetime_operator.py took 2.542 seconds
[2022-05-23 11:26:24,019] {scheduler_job.py:182} INFO - Started process (PID=1985) to work on /home/airflow/.local/lib/python3.6/site-packages/airflow/example_dags/example_branch_datetime_operator.py
[2022-05-23 11:26:24,068] {scheduler_job.py:633} INFO - Processing file /home/airflow/.local/lib/python3.6/site-packages/airflow/example_dags/example_branch_datetime_operator.py for tasks to queue
[2022-05-23 11:26:24,089] {logging_mixin.py:104} INFO - [2022-05-23 11:26:24,088] {dagbag.py:487} INFO - Filling up the DagBag from /home/airflow/.local/lib/python3.6/site-packages/airflow/example_dags/example_branch_datetime_operator.py
[2022-05-23 11:26:24,907] {scheduler_job.py:643} INFO - DAG(s) dict_keys(['example_branch_datetime_operator_2']) retrieved from /home/airflow/.local/lib/python3.6/site-packages/airflow/example_dags/example_branch_datetime_operator.py
[2022-05-23 11:26:26,122] {logging_mixin.py:104} INFO - [2022-05-23 11:26:26,094] {dag.py:1832} INFO - Sync 1 DAGs
[2022-05-23 11:26:27,705] {logging_mixin.py:104} INFO - [2022-05-23 11:26:27,693] {dag.py:2305} INFO - Setting next_dagrun for example_branch_datetime_operator_2 to 2022-05-21 00:00:00+00:00
[2022-05-23 11:26:28,154] {scheduler_job.py:190} INFO - Processing /home/airflow/.local/lib/python3.6/site-packages/airflow/example_dags/example_branch_datetime_operator.py took 4.262 seconds
[2022-05-23 11:27:40,106] {scheduler_job.py:182} INFO - Started process (PID=2128) to work on /home/airflow/.local/lib/python3.6/site-packages/airflow/example_dags/example_branch_datetime_operator.py
[2022-05-23 11:27:40,164] {scheduler_job.py:633} INFO - Processing file /home/airflow/.local/lib/python3.6/site-packages/airflow/example_dags/example_branch_datetime_operator.py for tasks to queue
[2022-05-23 11:27:40,191] {logging_mixin.py:104} INFO - [2022-05-23 11:27:40,190] {dagbag.py:487} INFO - Filling up the DagBag from /home/airflow/.local/lib/python3.6/site-packages/airflow/example_dags/example_branch_datetime_operator.py
[2022-05-23 11:27:41,040] {scheduler_job.py:643} INFO - DAG(s) dict_keys(['example_branch_datetime_operator_2']) retrieved from /home/airflow/.local/lib/python3.6/site-packages/airflow/example_dags/example_branch_datetime_operator.py
[2022-05-23 11:27:42,130] {logging_mixin.py:104} INFO - [2022-05-23 11:27:42,113] {dag.py:1832} INFO - Sync 1 DAGs
[2022-05-23 11:27:43,501] {logging_mixin.py:104} INFO - [2022-05-23 11:27:43,501] {dag.py:2305} INFO - Setting next_dagrun for example_branch_datetime_operator_2 to 2022-05-21 00:00:00+00:00
[2022-05-23 11:27:44,233] {scheduler_job.py:190} INFO - Processing /home/airflow/.local/lib/python3.6/site-packages/airflow/example_dags/example_branch_datetime_operator.py took 4.221 seconds
[2022-05-23 11:36:15,900] {scheduler_job.py:182} INFO - Started process (PID=2789) to work on /home/airflow/.local/lib/python3.6/site-packages/airflow/example_dags/example_branch_datetime_operator.py
[2022-05-23 11:36:15,962] {scheduler_job.py:633} INFO - Processing file /home/airflow/.local/lib/python3.6/site-packages/airflow/example_dags/example_branch_datetime_operator.py for tasks to queue
[2022-05-23 11:36:16,055] {logging_mixin.py:104} INFO - [2022-05-23 11:36:16,054] {dagbag.py:487} INFO - Filling up the DagBag from /home/airflow/.local/lib/python3.6/site-packages/airflow/example_dags/example_branch_datetime_operator.py
[2022-05-23 11:36:17,609] {scheduler_job.py:643} INFO - DAG(s) dict_keys(['example_branch_datetime_operator_2']) retrieved from /home/airflow/.local/lib/python3.6/site-packages/airflow/example_dags/example_branch_datetime_operator.py
[2022-05-23 11:36:19,052] {logging_mixin.py:104} INFO - [2022-05-23 11:36:19,051] {dag.py:1832} INFO - Sync 1 DAGs
[2022-05-23 11:36:21,389] {logging_mixin.py:104} INFO - [2022-05-23 11:36:21,339] {dag.py:2305} INFO - Setting next_dagrun for example_branch_datetime_operator_2 to 2022-05-21 00:00:00+00:00
[2022-05-23 11:36:22,074] {scheduler_job.py:190} INFO - Processing /home/airflow/.local/lib/python3.6/site-packages/airflow/example_dags/example_branch_datetime_operator.py took 6.403 seconds
[2022-05-23 11:40:34,226] {scheduler_job.py:182} INFO - Started process (PID=3134) to work on /home/airflow/.local/lib/python3.6/site-packages/airflow/example_dags/example_branch_datetime_operator.py
[2022-05-23 11:40:34,313] {scheduler_job.py:633} INFO - Processing file /home/airflow/.local/lib/python3.6/site-packages/airflow/example_dags/example_branch_datetime_operator.py for tasks to queue
[2022-05-23 11:40:34,359] {logging_mixin.py:104} INFO - [2022-05-23 11:40:34,333] {dagbag.py:487} INFO - Filling up the DagBag from /home/airflow/.local/lib/python3.6/site-packages/airflow/example_dags/example_branch_datetime_operator.py
[2022-05-23 11:40:35,676] {scheduler_job.py:643} INFO - DAG(s) dict_keys(['example_branch_datetime_operator_2']) retrieved from /home/airflow/.local/lib/python3.6/site-packages/airflow/example_dags/example_branch_datetime_operator.py
[2022-05-23 11:40:37,287] {logging_mixin.py:104} INFO - [2022-05-23 11:40:37,273] {dag.py:1832} INFO - Sync 1 DAGs
[2022-05-23 11:40:38,852] {logging_mixin.py:104} INFO - [2022-05-23 11:40:38,852] {dag.py:2305} INFO - Setting next_dagrun for example_branch_datetime_operator_2 to 2022-05-21 00:00:00+00:00
[2022-05-23 11:40:39,388] {scheduler_job.py:190} INFO - Processing /home/airflow/.local/lib/python3.6/site-packages/airflow/example_dags/example_branch_datetime_operator.py took 5.352 seconds
[2022-05-23 11:48:20,375] {scheduler_job.py:182} INFO - Started process (PID=3762) to work on /home/airflow/.local/lib/python3.6/site-packages/airflow/example_dags/example_branch_datetime_operator.py
[2022-05-23 11:48:20,415] {scheduler_job.py:633} INFO - Processing file /home/airflow/.local/lib/python3.6/site-packages/airflow/example_dags/example_branch_datetime_operator.py for tasks to queue
[2022-05-23 11:48:20,470] {logging_mixin.py:104} INFO - [2022-05-23 11:48:20,447] {dagbag.py:487} INFO - Filling up the DagBag from /home/airflow/.local/lib/python3.6/site-packages/airflow/example_dags/example_branch_datetime_operator.py
[2022-05-23 11:48:22,094] {scheduler_job.py:643} INFO - DAG(s) dict_keys(['example_branch_datetime_operator_2']) retrieved from /home/airflow/.local/lib/python3.6/site-packages/airflow/example_dags/example_branch_datetime_operator.py
[2022-05-23 11:48:24,350] {logging_mixin.py:104} INFO - [2022-05-23 11:48:24,349] {dag.py:1832} INFO - Sync 1 DAGs
[2022-05-23 11:48:26,664] {logging_mixin.py:104} INFO - [2022-05-23 11:48:26,662] {dag.py:2305} INFO - Setting next_dagrun for example_branch_datetime_operator_2 to 2022-05-21 00:00:00+00:00
[2022-05-23 11:48:27,704] {scheduler_job.py:190} INFO - Processing /home/airflow/.local/lib/python3.6/site-packages/airflow/example_dags/example_branch_datetime_operator.py took 7.435 seconds
[2022-05-23 11:59:08,621] {scheduler_job.py:182} INFO - Started process (PID=4576) to work on /home/airflow/.local/lib/python3.6/site-packages/airflow/example_dags/example_branch_datetime_operator.py
[2022-05-23 11:59:08,790] {scheduler_job.py:633} INFO - Processing file /home/airflow/.local/lib/python3.6/site-packages/airflow/example_dags/example_branch_datetime_operator.py for tasks to queue
[2022-05-23 11:59:08,882] {logging_mixin.py:104} INFO - [2022-05-23 11:59:08,881] {dagbag.py:487} INFO - Filling up the DagBag from /home/airflow/.local/lib/python3.6/site-packages/airflow/example_dags/example_branch_datetime_operator.py
[2022-05-23 11:59:10,776] {scheduler_job.py:643} INFO - DAG(s) dict_keys(['example_branch_datetime_operator_2']) retrieved from /home/airflow/.local/lib/python3.6/site-packages/airflow/example_dags/example_branch_datetime_operator.py
[2022-05-23 11:59:13,028] {logging_mixin.py:104} INFO - [2022-05-23 11:59:12,963] {dag.py:1832} INFO - Sync 1 DAGs
[2022-05-23 11:59:16,001] {logging_mixin.py:104} INFO - [2022-05-23 11:59:15,928] {dag.py:2305} INFO - Setting next_dagrun for example_branch_datetime_operator_2 to 2022-05-21 00:00:00+00:00
[2022-05-23 11:59:17,146] {scheduler_job.py:190} INFO - Processing /home/airflow/.local/lib/python3.6/site-packages/airflow/example_dags/example_branch_datetime_operator.py took 8.761 seconds
[2022-05-23 12:04:40,511] {scheduler_job.py:182} INFO - Started process (PID=5064) to work on /home/airflow/.local/lib/python3.6/site-packages/airflow/example_dags/example_branch_datetime_operator.py
[2022-05-23 12:04:40,695] {scheduler_job.py:633} INFO - Processing file /home/airflow/.local/lib/python3.6/site-packages/airflow/example_dags/example_branch_datetime_operator.py for tasks to queue
[2022-05-23 12:04:40,726] {logging_mixin.py:104} INFO - [2022-05-23 12:04:40,725] {dagbag.py:487} INFO - Filling up the DagBag from /home/airflow/.local/lib/python3.6/site-packages/airflow/example_dags/example_branch_datetime_operator.py
[2022-05-23 12:04:42,762] {scheduler_job.py:643} INFO - DAG(s) dict_keys(['example_branch_datetime_operator_2']) retrieved from /home/airflow/.local/lib/python3.6/site-packages/airflow/example_dags/example_branch_datetime_operator.py
[2022-05-23 12:04:45,097] {logging_mixin.py:104} INFO - [2022-05-23 12:04:45,046] {dag.py:1832} INFO - Sync 1 DAGs
[2022-05-23 12:04:47,752] {logging_mixin.py:104} INFO - [2022-05-23 12:04:47,751] {dag.py:2305} INFO - Setting next_dagrun for example_branch_datetime_operator_2 to 2022-05-21 00:00:00+00:00
[2022-05-23 12:04:49,127] {scheduler_job.py:190} INFO - Processing /home/airflow/.local/lib/python3.6/site-packages/airflow/example_dags/example_branch_datetime_operator.py took 8.861 seconds
[2022-05-23 12:08:14,342] {scheduler_job.py:182} INFO - Started process (PID=5398) to work on /home/airflow/.local/lib/python3.6/site-packages/airflow/example_dags/example_branch_datetime_operator.py
[2022-05-23 12:08:14,391] {scheduler_job.py:633} INFO - Processing file /home/airflow/.local/lib/python3.6/site-packages/airflow/example_dags/example_branch_datetime_operator.py for tasks to queue
[2022-05-23 12:08:14,436] {logging_mixin.py:104} INFO - [2022-05-23 12:08:14,436] {dagbag.py:487} INFO - Filling up the DagBag from /home/airflow/.local/lib/python3.6/site-packages/airflow/example_dags/example_branch_datetime_operator.py
[2022-05-23 12:08:15,693] {scheduler_job.py:643} INFO - DAG(s) dict_keys(['example_branch_datetime_operator_2']) retrieved from /home/airflow/.local/lib/python3.6/site-packages/airflow/example_dags/example_branch_datetime_operator.py
[2022-05-23 12:08:17,397] {logging_mixin.py:104} INFO - [2022-05-23 12:08:17,396] {dag.py:1832} INFO - Sync 1 DAGs
[2022-05-23 12:08:19,159] {logging_mixin.py:104} INFO - [2022-05-23 12:08:19,158] {dag.py:2305} INFO - Setting next_dagrun for example_branch_datetime_operator_2 to 2022-05-21 00:00:00+00:00
[2022-05-23 12:08:19,771] {scheduler_job.py:190} INFO - Processing /home/airflow/.local/lib/python3.6/site-packages/airflow/example_dags/example_branch_datetime_operator.py took 5.527 seconds
[2022-05-23 12:10:18,583] {scheduler_job.py:182} INFO - Started process (PID=5603) to work on /home/airflow/.local/lib/python3.6/site-packages/airflow/example_dags/example_branch_datetime_operator.py
[2022-05-23 12:10:18,645] {scheduler_job.py:633} INFO - Processing file /home/airflow/.local/lib/python3.6/site-packages/airflow/example_dags/example_branch_datetime_operator.py for tasks to queue
[2022-05-23 12:10:18,713] {logging_mixin.py:104} INFO - [2022-05-23 12:10:18,713] {dagbag.py:487} INFO - Filling up the DagBag from /home/airflow/.local/lib/python3.6/site-packages/airflow/example_dags/example_branch_datetime_operator.py
[2022-05-23 12:10:19,688] {scheduler_job.py:643} INFO - DAG(s) dict_keys(['example_branch_datetime_operator_2']) retrieved from /home/airflow/.local/lib/python3.6/site-packages/airflow/example_dags/example_branch_datetime_operator.py
[2022-05-23 12:10:20,623] {logging_mixin.py:104} INFO - [2022-05-23 12:10:20,622] {dag.py:1832} INFO - Sync 1 DAGs
[2022-05-23 12:10:21,861] {logging_mixin.py:104} INFO - [2022-05-23 12:10:21,823] {dag.py:2305} INFO - Setting next_dagrun for example_branch_datetime_operator_2 to 2022-05-21 00:00:00+00:00
[2022-05-23 12:10:22,539] {scheduler_job.py:190} INFO - Processing /home/airflow/.local/lib/python3.6/site-packages/airflow/example_dags/example_branch_datetime_operator.py took 4.069 seconds
[2022-05-23 12:29:42,089] {scheduler_job.py:182} INFO - Started process (PID=594) to work on /home/airflow/.local/lib/python3.6/site-packages/airflow/example_dags/example_branch_datetime_operator.py
[2022-05-23 12:29:42,104] {scheduler_job.py:633} INFO - Processing file /home/airflow/.local/lib/python3.6/site-packages/airflow/example_dags/example_branch_datetime_operator.py for tasks to queue
[2022-05-23 12:29:42,111] {logging_mixin.py:104} INFO - [2022-05-23 12:29:42,110] {dagbag.py:487} INFO - Filling up the DagBag from /home/airflow/.local/lib/python3.6/site-packages/airflow/example_dags/example_branch_datetime_operator.py
[2022-05-23 12:29:42,279] {scheduler_job.py:643} INFO - DAG(s) dict_keys(['example_branch_datetime_operator_2']) retrieved from /home/airflow/.local/lib/python3.6/site-packages/airflow/example_dags/example_branch_datetime_operator.py
