[2022-05-23 11:12:32,212] {scheduler_job.py:182} INFO - Started process (PID=622) to work on /home/airflow/.local/lib/python3.6/site-packages/airflow/example_dags/example_external_task_marker_dag.py
[2022-05-23 11:12:32,270] {scheduler_job.py:633} INFO - Processing file /home/airflow/.local/lib/python3.6/site-packages/airflow/example_dags/example_external_task_marker_dag.py for tasks to queue
[2022-05-23 11:12:32,285] {logging_mixin.py:104} INFO - [2022-05-23 11:12:32,285] {dagbag.py:487} INFO - Filling up the DagBag from /home/airflow/.local/lib/python3.6/site-packages/airflow/example_dags/example_external_task_marker_dag.py
[2022-05-23 11:12:33,250] {scheduler_job.py:643} INFO - DAG(s) dict_keys(['example_external_task_marker_parent', 'example_external_task_marker_child']) retrieved from /home/airflow/.local/lib/python3.6/site-packages/airflow/example_dags/example_external_task_marker_dag.py
[2022-05-23 11:12:56,079] {logging_mixin.py:104} INFO - [2022-05-23 11:12:56,068] {dag.py:1832} INFO - Sync 2 DAGs
[2022-05-23 11:12:56,813] {logging_mixin.py:104} INFO - [2022-05-23 11:12:56,812] {dag.py:2305} INFO - Setting next_dagrun for example_external_task_marker_child to None
[2022-05-23 11:12:56,859] {logging_mixin.py:104} INFO - [2022-05-23 11:12:56,842] {dag.py:2305} INFO - Setting next_dagrun for example_external_task_marker_parent to None
[2022-05-23 11:12:57,483] {scheduler_job.py:190} INFO - Processing /home/airflow/.local/lib/python3.6/site-packages/airflow/example_dags/example_external_task_marker_dag.py took 25.354 seconds
[2022-05-23 11:15:37,724] {scheduler_job.py:182} INFO - Started process (PID=875) to work on /home/airflow/.local/lib/python3.6/site-packages/airflow/example_dags/example_external_task_marker_dag.py
[2022-05-23 11:15:37,777] {scheduler_job.py:633} INFO - Processing file /home/airflow/.local/lib/python3.6/site-packages/airflow/example_dags/example_external_task_marker_dag.py for tasks to queue
[2022-05-23 11:15:37,797] {logging_mixin.py:104} INFO - [2022-05-23 11:15:37,797] {dagbag.py:487} INFO - Filling up the DagBag from /home/airflow/.local/lib/python3.6/site-packages/airflow/example_dags/example_external_task_marker_dag.py
[2022-05-23 11:15:38,442] {scheduler_job.py:643} INFO - DAG(s) dict_keys(['example_external_task_marker_parent', 'example_external_task_marker_child']) retrieved from /home/airflow/.local/lib/python3.6/site-packages/airflow/example_dags/example_external_task_marker_dag.py
[2022-05-23 11:15:57,603] {logging_mixin.py:104} INFO - [2022-05-23 11:15:57,592] {dag.py:1832} INFO - Sync 2 DAGs
[2022-05-23 11:15:58,550] {logging_mixin.py:104} INFO - [2022-05-23 11:15:58,549] {dag.py:2305} INFO - Setting next_dagrun for example_external_task_marker_child to None
[2022-05-23 11:15:58,596] {logging_mixin.py:104} INFO - [2022-05-23 11:15:58,595] {dag.py:2305} INFO - Setting next_dagrun for example_external_task_marker_parent to None
[2022-05-23 11:15:59,182] {scheduler_job.py:190} INFO - Processing /home/airflow/.local/lib/python3.6/site-packages/airflow/example_dags/example_external_task_marker_dag.py took 21.544 seconds
[2022-05-23 11:18:09,109] {scheduler_job.py:182} INFO - Started process (PID=1140) to work on /home/airflow/.local/lib/python3.6/site-packages/airflow/example_dags/example_external_task_marker_dag.py
[2022-05-23 11:18:09,139] {scheduler_job.py:633} INFO - Processing file /home/airflow/.local/lib/python3.6/site-packages/airflow/example_dags/example_external_task_marker_dag.py for tasks to queue
[2022-05-23 11:18:09,185] {logging_mixin.py:104} INFO - [2022-05-23 11:18:09,184] {dagbag.py:487} INFO - Filling up the DagBag from /home/airflow/.local/lib/python3.6/site-packages/airflow/example_dags/example_external_task_marker_dag.py
[2022-05-23 11:18:10,149] {scheduler_job.py:643} INFO - DAG(s) dict_keys(['example_external_task_marker_parent', 'example_external_task_marker_child']) retrieved from /home/airflow/.local/lib/python3.6/site-packages/airflow/example_dags/example_external_task_marker_dag.py
[2022-05-23 11:18:11,433] {logging_mixin.py:104} INFO - [2022-05-23 11:18:11,432] {dag.py:1832} INFO - Sync 2 DAGs
[2022-05-23 11:18:12,478] {logging_mixin.py:104} INFO - [2022-05-23 11:18:12,477] {dag.py:2305} INFO - Setting next_dagrun for example_external_task_marker_child to None
[2022-05-23 11:18:12,558] {logging_mixin.py:104} INFO - [2022-05-23 11:18:12,557] {dag.py:2305} INFO - Setting next_dagrun for example_external_task_marker_parent to None
[2022-05-23 11:18:12,995] {scheduler_job.py:190} INFO - Processing /home/airflow/.local/lib/python3.6/site-packages/airflow/example_dags/example_external_task_marker_dag.py took 4.026 seconds
[2022-05-23 11:21:03,556] {scheduler_job.py:182} INFO - Started process (PID=1426) to work on /home/airflow/.local/lib/python3.6/site-packages/airflow/example_dags/example_external_task_marker_dag.py
[2022-05-23 11:21:03,620] {scheduler_job.py:633} INFO - Processing file /home/airflow/.local/lib/python3.6/site-packages/airflow/example_dags/example_external_task_marker_dag.py for tasks to queue
[2022-05-23 11:21:03,632] {logging_mixin.py:104} INFO - [2022-05-23 11:21:03,632] {dagbag.py:487} INFO - Filling up the DagBag from /home/airflow/.local/lib/python3.6/site-packages/airflow/example_dags/example_external_task_marker_dag.py
[2022-05-23 11:21:04,393] {scheduler_job.py:643} INFO - DAG(s) dict_keys(['example_external_task_marker_parent', 'example_external_task_marker_child']) retrieved from /home/airflow/.local/lib/python3.6/site-packages/airflow/example_dags/example_external_task_marker_dag.py
[2022-05-23 11:21:33,514] {logging_mixin.py:104} INFO - [2022-05-23 11:21:33,437] {dag.py:1832} INFO - Sync 2 DAGs
[2022-05-23 11:21:35,057] {logging_mixin.py:104} INFO - [2022-05-23 11:21:35,057] {dag.py:2305} INFO - Setting next_dagrun for example_external_task_marker_child to None
[2022-05-23 11:21:35,163] {logging_mixin.py:104} INFO - [2022-05-23 11:21:35,162] {dag.py:2305} INFO - Setting next_dagrun for example_external_task_marker_parent to None
[2022-05-23 11:21:35,825] {scheduler_job.py:190} INFO - Processing /home/airflow/.local/lib/python3.6/site-packages/airflow/example_dags/example_external_task_marker_dag.py took 32.485 seconds
[2022-05-23 11:23:37,957] {scheduler_job.py:182} INFO - Started process (PID=1693) to work on /home/airflow/.local/lib/python3.6/site-packages/airflow/example_dags/example_external_task_marker_dag.py
[2022-05-23 11:23:37,980] {scheduler_job.py:633} INFO - Processing file /home/airflow/.local/lib/python3.6/site-packages/airflow/example_dags/example_external_task_marker_dag.py for tasks to queue
[2022-05-23 11:23:38,034] {logging_mixin.py:104} INFO - [2022-05-23 11:23:38,025] {dagbag.py:487} INFO - Filling up the DagBag from /home/airflow/.local/lib/python3.6/site-packages/airflow/example_dags/example_external_task_marker_dag.py
[2022-05-23 11:23:38,620] {scheduler_job.py:643} INFO - DAG(s) dict_keys(['example_external_task_marker_parent', 'example_external_task_marker_child']) retrieved from /home/airflow/.local/lib/python3.6/site-packages/airflow/example_dags/example_external_task_marker_dag.py
[2022-05-23 11:23:55,625] {logging_mixin.py:104} INFO - [2022-05-23 11:23:55,624] {dag.py:1832} INFO - Sync 2 DAGs
[2022-05-23 11:23:56,326] {logging_mixin.py:104} INFO - [2022-05-23 11:23:56,296] {dag.py:2305} INFO - Setting next_dagrun for example_external_task_marker_child to None
[2022-05-23 11:23:56,355] {logging_mixin.py:104} INFO - [2022-05-23 11:23:56,354] {dag.py:2305} INFO - Setting next_dagrun for example_external_task_marker_parent to None
[2022-05-23 11:23:56,947] {scheduler_job.py:190} INFO - Processing /home/airflow/.local/lib/python3.6/site-packages/airflow/example_dags/example_external_task_marker_dag.py took 19.080 seconds
[2022-05-23 11:25:35,633] {scheduler_job.py:182} INFO - Started process (PID=1908) to work on /home/airflow/.local/lib/python3.6/site-packages/airflow/example_dags/example_external_task_marker_dag.py
[2022-05-23 11:25:35,701] {scheduler_job.py:633} INFO - Processing file /home/airflow/.local/lib/python3.6/site-packages/airflow/example_dags/example_external_task_marker_dag.py for tasks to queue
[2022-05-23 11:25:35,724] {logging_mixin.py:104} INFO - [2022-05-23 11:25:35,723] {dagbag.py:487} INFO - Filling up the DagBag from /home/airflow/.local/lib/python3.6/site-packages/airflow/example_dags/example_external_task_marker_dag.py
[2022-05-23 11:25:36,611] {scheduler_job.py:643} INFO - DAG(s) dict_keys(['example_external_task_marker_parent', 'example_external_task_marker_child']) retrieved from /home/airflow/.local/lib/python3.6/site-packages/airflow/example_dags/example_external_task_marker_dag.py
[2022-05-23 11:25:56,414] {logging_mixin.py:104} INFO - [2022-05-23 11:25:56,413] {dag.py:1832} INFO - Sync 2 DAGs
[2022-05-23 11:25:57,267] {logging_mixin.py:104} INFO - [2022-05-23 11:25:57,266] {dag.py:2305} INFO - Setting next_dagrun for example_external_task_marker_child to None
[2022-05-23 11:25:57,299] {logging_mixin.py:104} INFO - [2022-05-23 11:25:57,297] {dag.py:2305} INFO - Setting next_dagrun for example_external_task_marker_parent to None
[2022-05-23 11:25:57,740] {scheduler_job.py:190} INFO - Processing /home/airflow/.local/lib/python3.6/site-packages/airflow/example_dags/example_external_task_marker_dag.py took 22.202 seconds
[2022-05-23 11:28:31,005] {scheduler_job.py:182} INFO - Started process (PID=2190) to work on /home/airflow/.local/lib/python3.6/site-packages/airflow/example_dags/example_external_task_marker_dag.py
[2022-05-23 11:28:31,074] {scheduler_job.py:633} INFO - Processing file /home/airflow/.local/lib/python3.6/site-packages/airflow/example_dags/example_external_task_marker_dag.py for tasks to queue
[2022-05-23 11:28:31,104] {logging_mixin.py:104} INFO - [2022-05-23 11:28:31,103] {dagbag.py:487} INFO - Filling up the DagBag from /home/airflow/.local/lib/python3.6/site-packages/airflow/example_dags/example_external_task_marker_dag.py
[2022-05-23 11:28:32,109] {scheduler_job.py:643} INFO - DAG(s) dict_keys(['example_external_task_marker_parent', 'example_external_task_marker_child']) retrieved from /home/airflow/.local/lib/python3.6/site-packages/airflow/example_dags/example_external_task_marker_dag.py
[2022-05-23 11:28:58,992] {logging_mixin.py:104} INFO - [2022-05-23 11:28:58,959] {dag.py:1832} INFO - Sync 2 DAGs
[2022-05-23 11:29:00,397] {logging_mixin.py:104} INFO - [2022-05-23 11:29:00,396] {dag.py:2305} INFO - Setting next_dagrun for example_external_task_marker_child to None
[2022-05-23 11:29:00,453] {logging_mixin.py:104} INFO - [2022-05-23 11:29:00,436] {dag.py:2305} INFO - Setting next_dagrun for example_external_task_marker_parent to None
[2022-05-23 11:29:01,074] {scheduler_job.py:190} INFO - Processing /home/airflow/.local/lib/python3.6/site-packages/airflow/example_dags/example_external_task_marker_dag.py took 30.185 seconds
[2022-05-23 12:06:42,517] {scheduler_job.py:182} INFO - Started process (PID=5259) to work on /home/airflow/.local/lib/python3.6/site-packages/airflow/example_dags/example_external_task_marker_dag.py
[2022-05-23 12:06:42,603] {scheduler_job.py:633} INFO - Processing file /home/airflow/.local/lib/python3.6/site-packages/airflow/example_dags/example_external_task_marker_dag.py for tasks to queue
[2022-05-23 12:06:42,652] {logging_mixin.py:104} INFO - [2022-05-23 12:06:42,652] {dagbag.py:487} INFO - Filling up the DagBag from /home/airflow/.local/lib/python3.6/site-packages/airflow/example_dags/example_external_task_marker_dag.py
[2022-05-23 12:06:44,203] {scheduler_job.py:643} INFO - DAG(s) dict_keys(['example_external_task_marker_parent', 'example_external_task_marker_child']) retrieved from /home/airflow/.local/lib/python3.6/site-packages/airflow/example_dags/example_external_task_marker_dag.py
[2022-05-23 12:07:14,085] {logging_mixin.py:104} INFO - [2022-05-23 12:07:14,085] {dag.py:1832} INFO - Sync 2 DAGs
[2022-05-23 12:07:15,194] {logging_mixin.py:104} INFO - [2022-05-23 12:07:15,139] {dag.py:2305} INFO - Setting next_dagrun for example_external_task_marker_child to None
[2022-05-23 12:07:15,223] {logging_mixin.py:104} INFO - [2022-05-23 12:07:15,223] {dag.py:2305} INFO - Setting next_dagrun for example_external_task_marker_parent to None
[2022-05-23 12:07:16,107] {scheduler_job.py:190} INFO - Processing /home/airflow/.local/lib/python3.6/site-packages/airflow/example_dags/example_external_task_marker_dag.py took 33.820 seconds
