[2022-05-23 11:10:27,520] {scheduler_job.py:182} INFO - Started process (PID=455) to work on /home/airflow/.local/lib/python3.6/site-packages/airflow/example_dags/example_branch_labels.py
[2022-05-23 11:10:27,530] {scheduler_job.py:633} INFO - Processing file /home/airflow/.local/lib/python3.6/site-packages/airflow/example_dags/example_branch_labels.py for tasks to queue
[2022-05-23 11:10:27,554] {logging_mixin.py:104} INFO - [2022-05-23 11:10:27,553] {dagbag.py:487} INFO - Filling up the DagBag from /home/airflow/.local/lib/python3.6/site-packages/airflow/example_dags/example_branch_labels.py
[2022-05-23 11:10:27,920] {scheduler_job.py:643} INFO - DAG(s) dict_keys(['example_branch_labels']) retrieved from /home/airflow/.local/lib/python3.6/site-packages/airflow/example_dags/example_branch_labels.py
[2022-05-23 11:10:35,177] {logging_mixin.py:104} INFO - [2022-05-23 11:10:35,176] {dag.py:1832} INFO - Sync 1 DAGs
[2022-05-23 11:10:35,789] {logging_mixin.py:104} INFO - [2022-05-23 11:10:35,788] {dag.py:2305} INFO - Setting next_dagrun for example_branch_labels to 2022-05-21 00:00:00+00:00
[2022-05-23 11:10:36,041] {scheduler_job.py:190} INFO - Processing /home/airflow/.local/lib/python3.6/site-packages/airflow/example_dags/example_branch_labels.py took 8.575 seconds
[2022-05-23 11:14:00,176] {scheduler_job.py:182} INFO - Started process (PID=746) to work on /home/airflow/.local/lib/python3.6/site-packages/airflow/example_dags/example_branch_labels.py
[2022-05-23 11:14:00,256] {scheduler_job.py:633} INFO - Processing file /home/airflow/.local/lib/python3.6/site-packages/airflow/example_dags/example_branch_labels.py for tasks to queue
[2022-05-23 11:14:00,310] {logging_mixin.py:104} INFO - [2022-05-23 11:14:00,289] {dagbag.py:487} INFO - Filling up the DagBag from /home/airflow/.local/lib/python3.6/site-packages/airflow/example_dags/example_branch_labels.py
[2022-05-23 11:14:01,448] {scheduler_job.py:643} INFO - DAG(s) dict_keys(['example_branch_labels']) retrieved from /home/airflow/.local/lib/python3.6/site-packages/airflow/example_dags/example_branch_labels.py
[2022-05-23 11:14:02,882] {logging_mixin.py:104} INFO - [2022-05-23 11:14:02,865] {dag.py:1832} INFO - Sync 1 DAGs
[2022-05-23 11:14:04,356] {logging_mixin.py:104} INFO - [2022-05-23 11:14:04,355] {dag.py:2305} INFO - Setting next_dagrun for example_branch_labels to 2022-05-21 00:00:00+00:00
[2022-05-23 11:14:04,849] {scheduler_job.py:190} INFO - Processing /home/airflow/.local/lib/python3.6/site-packages/airflow/example_dags/example_branch_labels.py took 4.832 seconds
[2022-05-23 11:16:19,026] {scheduler_job.py:182} INFO - Started process (PID=935) to work on /home/airflow/.local/lib/python3.6/site-packages/airflow/example_dags/example_branch_labels.py
[2022-05-23 11:16:19,191] {scheduler_job.py:633} INFO - Processing file /home/airflow/.local/lib/python3.6/site-packages/airflow/example_dags/example_branch_labels.py for tasks to queue
[2022-05-23 11:16:19,346] {logging_mixin.py:104} INFO - [2022-05-23 11:16:19,301] {dagbag.py:487} INFO - Filling up the DagBag from /home/airflow/.local/lib/python3.6/site-packages/airflow/example_dags/example_branch_labels.py
[2022-05-23 11:16:20,534] {scheduler_job.py:643} INFO - DAG(s) dict_keys(['example_branch_labels']) retrieved from /home/airflow/.local/lib/python3.6/site-packages/airflow/example_dags/example_branch_labels.py
[2022-05-23 11:16:21,533] {logging_mixin.py:104} INFO - [2022-05-23 11:16:21,532] {dag.py:1832} INFO - Sync 1 DAGs
[2022-05-23 11:16:22,904] {logging_mixin.py:104} INFO - [2022-05-23 11:16:22,904] {dag.py:2305} INFO - Setting next_dagrun for example_branch_labels to 2022-05-21 00:00:00+00:00
[2022-05-23 11:16:23,335] {scheduler_job.py:190} INFO - Processing /home/airflow/.local/lib/python3.6/site-packages/airflow/example_dags/example_branch_labels.py took 4.406 seconds
[2022-05-23 11:17:18,402] {scheduler_job.py:182} INFO - Started process (PID=1052) to work on /home/airflow/.local/lib/python3.6/site-packages/airflow/example_dags/example_branch_labels.py
[2022-05-23 11:17:18,482] {scheduler_job.py:633} INFO - Processing file /home/airflow/.local/lib/python3.6/site-packages/airflow/example_dags/example_branch_labels.py for tasks to queue
[2022-05-23 11:17:18,564] {logging_mixin.py:104} INFO - [2022-05-23 11:17:18,563] {dagbag.py:487} INFO - Filling up the DagBag from /home/airflow/.local/lib/python3.6/site-packages/airflow/example_dags/example_branch_labels.py
[2022-05-23 11:17:19,592] {scheduler_job.py:643} INFO - DAG(s) dict_keys(['example_branch_labels']) retrieved from /home/airflow/.local/lib/python3.6/site-packages/airflow/example_dags/example_branch_labels.py
[2022-05-23 11:17:20,583] {logging_mixin.py:104} INFO - [2022-05-23 11:17:20,583] {dag.py:1832} INFO - Sync 1 DAGs
[2022-05-23 11:17:21,963] {logging_mixin.py:104} INFO - [2022-05-23 11:17:21,929] {dag.py:2305} INFO - Setting next_dagrun for example_branch_labels to 2022-05-21 00:00:00+00:00
[2022-05-23 11:17:22,395] {scheduler_job.py:190} INFO - Processing /home/airflow/.local/lib/python3.6/site-packages/airflow/example_dags/example_branch_labels.py took 4.078 seconds
[2022-05-23 11:18:49,345] {scheduler_job.py:182} INFO - Started process (PID=1194) to work on /home/airflow/.local/lib/python3.6/site-packages/airflow/example_dags/example_branch_labels.py
[2022-05-23 11:18:49,445] {scheduler_job.py:633} INFO - Processing file /home/airflow/.local/lib/python3.6/site-packages/airflow/example_dags/example_branch_labels.py for tasks to queue
[2022-05-23 11:18:49,465] {logging_mixin.py:104} INFO - [2022-05-23 11:18:49,464] {dagbag.py:487} INFO - Filling up the DagBag from /home/airflow/.local/lib/python3.6/site-packages/airflow/example_dags/example_branch_labels.py
[2022-05-23 11:18:50,306] {scheduler_job.py:643} INFO - DAG(s) dict_keys(['example_branch_labels']) retrieved from /home/airflow/.local/lib/python3.6/site-packages/airflow/example_dags/example_branch_labels.py
[2022-05-23 11:18:51,472] {logging_mixin.py:104} INFO - [2022-05-23 11:18:51,438] {dag.py:1832} INFO - Sync 1 DAGs
[2022-05-23 11:18:53,053] {logging_mixin.py:104} INFO - [2022-05-23 11:18:53,052] {dag.py:2305} INFO - Setting next_dagrun for example_branch_labels to 2022-05-21 00:00:00+00:00
[2022-05-23 11:18:53,550] {scheduler_job.py:190} INFO - Processing /home/airflow/.local/lib/python3.6/site-packages/airflow/example_dags/example_branch_labels.py took 4.393 seconds
[2022-05-23 11:20:04,114] {scheduler_job.py:182} INFO - Started process (PID=1339) to work on /home/airflow/.local/lib/python3.6/site-packages/airflow/example_dags/example_branch_labels.py
[2022-05-23 11:20:04,177] {scheduler_job.py:633} INFO - Processing file /home/airflow/.local/lib/python3.6/site-packages/airflow/example_dags/example_branch_labels.py for tasks to queue
[2022-05-23 11:20:04,229] {logging_mixin.py:104} INFO - [2022-05-23 11:20:04,213] {dagbag.py:487} INFO - Filling up the DagBag from /home/airflow/.local/lib/python3.6/site-packages/airflow/example_dags/example_branch_labels.py
[2022-05-23 11:20:04,974] {scheduler_job.py:643} INFO - DAG(s) dict_keys(['example_branch_labels']) retrieved from /home/airflow/.local/lib/python3.6/site-packages/airflow/example_dags/example_branch_labels.py
[2022-05-23 11:20:05,964] {logging_mixin.py:104} INFO - [2022-05-23 11:20:05,963] {dag.py:1832} INFO - Sync 1 DAGs
[2022-05-23 11:20:07,497] {logging_mixin.py:104} INFO - [2022-05-23 11:20:07,479] {dag.py:2305} INFO - Setting next_dagrun for example_branch_labels to 2022-05-21 00:00:00+00:00
[2022-05-23 11:20:07,937] {scheduler_job.py:190} INFO - Processing /home/airflow/.local/lib/python3.6/site-packages/airflow/example_dags/example_branch_labels.py took 3.996 seconds
[2022-05-23 11:21:51,538] {scheduler_job.py:182} INFO - Started process (PID=1488) to work on /home/airflow/.local/lib/python3.6/site-packages/airflow/example_dags/example_branch_labels.py
[2022-05-23 11:21:51,628] {scheduler_job.py:633} INFO - Processing file /home/airflow/.local/lib/python3.6/site-packages/airflow/example_dags/example_branch_labels.py for tasks to queue
[2022-05-23 11:21:51,684] {logging_mixin.py:104} INFO - [2022-05-23 11:21:51,683] {dagbag.py:487} INFO - Filling up the DagBag from /home/airflow/.local/lib/python3.6/site-packages/airflow/example_dags/example_branch_labels.py
[2022-05-23 11:21:52,460] {scheduler_job.py:643} INFO - DAG(s) dict_keys(['example_branch_labels']) retrieved from /home/airflow/.local/lib/python3.6/site-packages/airflow/example_dags/example_branch_labels.py
[2022-05-23 11:21:53,574] {logging_mixin.py:104} INFO - [2022-05-23 11:21:53,573] {dag.py:1832} INFO - Sync 1 DAGs
[2022-05-23 11:21:54,888] {logging_mixin.py:104} INFO - [2022-05-23 11:21:54,887] {dag.py:2305} INFO - Setting next_dagrun for example_branch_labels to 2022-05-21 00:00:00+00:00
[2022-05-23 11:21:55,316] {scheduler_job.py:190} INFO - Processing /home/airflow/.local/lib/python3.6/site-packages/airflow/example_dags/example_branch_labels.py took 3.908 seconds
[2022-05-23 11:22:56,149] {scheduler_job.py:182} INFO - Started process (PID=1620) to work on /home/airflow/.local/lib/python3.6/site-packages/airflow/example_dags/example_branch_labels.py
[2022-05-23 11:22:56,204] {scheduler_job.py:633} INFO - Processing file /home/airflow/.local/lib/python3.6/site-packages/airflow/example_dags/example_branch_labels.py for tasks to queue
[2022-05-23 11:22:56,239] {logging_mixin.py:104} INFO - [2022-05-23 11:22:56,239] {dagbag.py:487} INFO - Filling up the DagBag from /home/airflow/.local/lib/python3.6/site-packages/airflow/example_dags/example_branch_labels.py
[2022-05-23 11:22:57,024] {scheduler_job.py:643} INFO - DAG(s) dict_keys(['example_branch_labels']) retrieved from /home/airflow/.local/lib/python3.6/site-packages/airflow/example_dags/example_branch_labels.py
[2022-05-23 11:22:57,826] {logging_mixin.py:104} INFO - [2022-05-23 11:22:57,826] {dag.py:1832} INFO - Sync 1 DAGs
[2022-05-23 11:22:59,071] {logging_mixin.py:104} INFO - [2022-05-23 11:22:59,070] {dag.py:2305} INFO - Setting next_dagrun for example_branch_labels to 2022-05-21 00:00:00+00:00
[2022-05-23 11:22:59,437] {scheduler_job.py:190} INFO - Processing /home/airflow/.local/lib/python3.6/site-packages/airflow/example_dags/example_branch_labels.py took 3.377 seconds
[2022-05-23 11:24:09,627] {scheduler_job.py:182} INFO - Started process (PID=1750) to work on /home/airflow/.local/lib/python3.6/site-packages/airflow/example_dags/example_branch_labels.py
[2022-05-23 11:24:09,670] {scheduler_job.py:633} INFO - Processing file /home/airflow/.local/lib/python3.6/site-packages/airflow/example_dags/example_branch_labels.py for tasks to queue
[2022-05-23 11:24:09,692] {logging_mixin.py:104} INFO - [2022-05-23 11:24:09,691] {dagbag.py:487} INFO - Filling up the DagBag from /home/airflow/.local/lib/python3.6/site-packages/airflow/example_dags/example_branch_labels.py
[2022-05-23 11:24:10,352] {scheduler_job.py:643} INFO - DAG(s) dict_keys(['example_branch_labels']) retrieved from /home/airflow/.local/lib/python3.6/site-packages/airflow/example_dags/example_branch_labels.py
[2022-05-23 11:24:11,208] {logging_mixin.py:104} INFO - [2022-05-23 11:24:11,208] {dag.py:1832} INFO - Sync 1 DAGs
[2022-05-23 11:24:12,229] {logging_mixin.py:104} INFO - [2022-05-23 11:24:12,201] {dag.py:2305} INFO - Setting next_dagrun for example_branch_labels to 2022-05-21 00:00:00+00:00
[2022-05-23 11:24:12,528] {scheduler_job.py:190} INFO - Processing /home/airflow/.local/lib/python3.6/site-packages/airflow/example_dags/example_branch_labels.py took 2.989 seconds
[2022-05-23 11:24:54,882] {scheduler_job.py:182} INFO - Started process (PID=1848) to work on /home/airflow/.local/lib/python3.6/site-packages/airflow/example_dags/example_branch_labels.py
[2022-05-23 11:24:54,993] {scheduler_job.py:633} INFO - Processing file /home/airflow/.local/lib/python3.6/site-packages/airflow/example_dags/example_branch_labels.py for tasks to queue
[2022-05-23 11:24:55,092] {logging_mixin.py:104} INFO - [2022-05-23 11:24:55,058] {dagbag.py:487} INFO - Filling up the DagBag from /home/airflow/.local/lib/python3.6/site-packages/airflow/example_dags/example_branch_labels.py
[2022-05-23 11:24:56,403] {scheduler_job.py:643} INFO - DAG(s) dict_keys(['example_branch_labels']) retrieved from /home/airflow/.local/lib/python3.6/site-packages/airflow/example_dags/example_branch_labels.py
[2022-05-23 11:24:57,520] {logging_mixin.py:104} INFO - [2022-05-23 11:24:57,519] {dag.py:1832} INFO - Sync 1 DAGs
[2022-05-23 11:24:58,784] {logging_mixin.py:104} INFO - [2022-05-23 11:24:58,783] {dag.py:2305} INFO - Setting next_dagrun for example_branch_labels to 2022-05-21 00:00:00+00:00
[2022-05-23 11:24:59,112] {scheduler_job.py:190} INFO - Processing /home/airflow/.local/lib/python3.6/site-packages/airflow/example_dags/example_branch_labels.py took 4.452 seconds
[2022-05-23 11:26:12,690] {scheduler_job.py:182} INFO - Started process (PID=1966) to work on /home/airflow/.local/lib/python3.6/site-packages/airflow/example_dags/example_branch_labels.py
[2022-05-23 11:26:12,727] {scheduler_job.py:633} INFO - Processing file /home/airflow/.local/lib/python3.6/site-packages/airflow/example_dags/example_branch_labels.py for tasks to queue
[2022-05-23 11:26:12,756] {logging_mixin.py:104} INFO - [2022-05-23 11:26:12,755] {dagbag.py:487} INFO - Filling up the DagBag from /home/airflow/.local/lib/python3.6/site-packages/airflow/example_dags/example_branch_labels.py
[2022-05-23 11:26:13,719] {scheduler_job.py:643} INFO - DAG(s) dict_keys(['example_branch_labels']) retrieved from /home/airflow/.local/lib/python3.6/site-packages/airflow/example_dags/example_branch_labels.py
[2022-05-23 11:26:14,497] {logging_mixin.py:104} INFO - [2022-05-23 11:26:14,496] {dag.py:1832} INFO - Sync 1 DAGs
[2022-05-23 11:26:15,767] {logging_mixin.py:104} INFO - [2022-05-23 11:26:15,747] {dag.py:2305} INFO - Setting next_dagrun for example_branch_labels to 2022-05-21 00:00:00+00:00
[2022-05-23 11:26:16,121] {scheduler_job.py:190} INFO - Processing /home/airflow/.local/lib/python3.6/site-packages/airflow/example_dags/example_branch_labels.py took 3.531 seconds
[2022-05-23 11:27:30,452] {scheduler_job.py:182} INFO - Started process (PID=2105) to work on /home/airflow/.local/lib/python3.6/site-packages/airflow/example_dags/example_branch_labels.py
[2022-05-23 11:27:30,517] {scheduler_job.py:633} INFO - Processing file /home/airflow/.local/lib/python3.6/site-packages/airflow/example_dags/example_branch_labels.py for tasks to queue
[2022-05-23 11:27:30,538] {logging_mixin.py:104} INFO - [2022-05-23 11:27:30,538] {dagbag.py:487} INFO - Filling up the DagBag from /home/airflow/.local/lib/python3.6/site-packages/airflow/example_dags/example_branch_labels.py
[2022-05-23 11:27:31,825] {scheduler_job.py:643} INFO - DAG(s) dict_keys(['example_branch_labels']) retrieved from /home/airflow/.local/lib/python3.6/site-packages/airflow/example_dags/example_branch_labels.py
[2022-05-23 11:27:33,097] {logging_mixin.py:104} INFO - [2022-05-23 11:27:33,097] {dag.py:1832} INFO - Sync 1 DAGs
[2022-05-23 11:27:34,625] {logging_mixin.py:104} INFO - [2022-05-23 11:27:34,624] {dag.py:2305} INFO - Setting next_dagrun for example_branch_labels to 2022-05-21 00:00:00+00:00
[2022-05-23 11:27:34,962] {scheduler_job.py:190} INFO - Processing /home/airflow/.local/lib/python3.6/site-packages/airflow/example_dags/example_branch_labels.py took 4.628 seconds
[2022-05-23 11:29:50,037] {scheduler_job.py:182} INFO - Started process (PID=2299) to work on /home/airflow/.local/lib/python3.6/site-packages/airflow/example_dags/example_branch_labels.py
[2022-05-23 11:29:50,059] {scheduler_job.py:633} INFO - Processing file /home/airflow/.local/lib/python3.6/site-packages/airflow/example_dags/example_branch_labels.py for tasks to queue
[2022-05-23 11:29:50,099] {logging_mixin.py:104} INFO - [2022-05-23 11:29:50,098] {dagbag.py:487} INFO - Filling up the DagBag from /home/airflow/.local/lib/python3.6/site-packages/airflow/example_dags/example_branch_labels.py
[2022-05-23 11:29:51,096] {scheduler_job.py:643} INFO - DAG(s) dict_keys(['example_branch_labels']) retrieved from /home/airflow/.local/lib/python3.6/site-packages/airflow/example_dags/example_branch_labels.py
[2022-05-23 11:29:52,346] {logging_mixin.py:104} INFO - [2022-05-23 11:29:52,310] {dag.py:1832} INFO - Sync 1 DAGs
[2022-05-23 11:29:54,376] {logging_mixin.py:104} INFO - [2022-05-23 11:29:54,362] {dag.py:2305} INFO - Setting next_dagrun for example_branch_labels to 2022-05-21 00:00:00+00:00
[2022-05-23 11:29:54,864] {scheduler_job.py:190} INFO - Processing /home/airflow/.local/lib/python3.6/site-packages/airflow/example_dags/example_branch_labels.py took 4.984 seconds
[2022-05-23 11:36:03,098] {scheduler_job.py:182} INFO - Started process (PID=2765) to work on /home/airflow/.local/lib/python3.6/site-packages/airflow/example_dags/example_branch_labels.py
[2022-05-23 11:36:03,204] {scheduler_job.py:633} INFO - Processing file /home/airflow/.local/lib/python3.6/site-packages/airflow/example_dags/example_branch_labels.py for tasks to queue
[2022-05-23 11:36:03,357] {logging_mixin.py:104} INFO - [2022-05-23 11:36:03,336] {dagbag.py:487} INFO - Filling up the DagBag from /home/airflow/.local/lib/python3.6/site-packages/airflow/example_dags/example_branch_labels.py
[2022-05-23 11:36:04,798] {scheduler_job.py:643} INFO - DAG(s) dict_keys(['example_branch_labels']) retrieved from /home/airflow/.local/lib/python3.6/site-packages/airflow/example_dags/example_branch_labels.py
[2022-05-23 11:36:06,539] {logging_mixin.py:104} INFO - [2022-05-23 11:36:06,474] {dag.py:1832} INFO - Sync 1 DAGs
[2022-05-23 11:36:08,522] {logging_mixin.py:104} INFO - [2022-05-23 11:36:08,521] {dag.py:2305} INFO - Setting next_dagrun for example_branch_labels to 2022-05-21 00:00:00+00:00
[2022-05-23 11:36:09,300] {scheduler_job.py:190} INFO - Processing /home/airflow/.local/lib/python3.6/site-packages/airflow/example_dags/example_branch_labels.py took 6.420 seconds
[2022-05-23 11:39:18,650] {scheduler_job.py:182} INFO - Started process (PID=3021) to work on /home/airflow/.local/lib/python3.6/site-packages/airflow/example_dags/example_branch_labels.py
[2022-05-23 11:39:18,785] {scheduler_job.py:633} INFO - Processing file /home/airflow/.local/lib/python3.6/site-packages/airflow/example_dags/example_branch_labels.py for tasks to queue
[2022-05-23 11:39:18,850] {logging_mixin.py:104} INFO - [2022-05-23 11:39:18,850] {dagbag.py:487} INFO - Filling up the DagBag from /home/airflow/.local/lib/python3.6/site-packages/airflow/example_dags/example_branch_labels.py
[2022-05-23 11:39:20,970] {scheduler_job.py:643} INFO - DAG(s) dict_keys(['example_branch_labels']) retrieved from /home/airflow/.local/lib/python3.6/site-packages/airflow/example_dags/example_branch_labels.py
[2022-05-23 11:39:24,549] {logging_mixin.py:104} INFO - [2022-05-23 11:39:24,443] {dag.py:1832} INFO - Sync 1 DAGs
[2022-05-23 11:39:30,214] {logging_mixin.py:104} INFO - [2022-05-23 11:39:30,122] {dag.py:2305} INFO - Setting next_dagrun for example_branch_labels to 2022-05-21 00:00:00+00:00
[2022-05-23 11:39:32,055] {scheduler_job.py:190} INFO - Processing /home/airflow/.local/lib/python3.6/site-packages/airflow/example_dags/example_branch_labels.py took 13.642 seconds
[2022-05-23 11:40:20,649] {scheduler_job.py:182} INFO - Started process (PID=3110) to work on /home/airflow/.local/lib/python3.6/site-packages/airflow/example_dags/example_branch_labels.py
[2022-05-23 11:40:20,769] {scheduler_job.py:633} INFO - Processing file /home/airflow/.local/lib/python3.6/site-packages/airflow/example_dags/example_branch_labels.py for tasks to queue
[2022-05-23 11:40:20,819] {logging_mixin.py:104} INFO - [2022-05-23 11:40:20,818] {dagbag.py:487} INFO - Filling up the DagBag from /home/airflow/.local/lib/python3.6/site-packages/airflow/example_dags/example_branch_labels.py
[2022-05-23 11:40:22,300] {scheduler_job.py:643} INFO - DAG(s) dict_keys(['example_branch_labels']) retrieved from /home/airflow/.local/lib/python3.6/site-packages/airflow/example_dags/example_branch_labels.py
[2022-05-23 11:40:24,115] {logging_mixin.py:104} INFO - [2022-05-23 11:40:24,035] {dag.py:1832} INFO - Sync 1 DAGs
[2022-05-23 11:40:26,174] {logging_mixin.py:104} INFO - [2022-05-23 11:40:26,153] {dag.py:2305} INFO - Setting next_dagrun for example_branch_labels to 2022-05-21 00:00:00+00:00
[2022-05-23 11:40:26,943] {scheduler_job.py:190} INFO - Processing /home/airflow/.local/lib/python3.6/site-packages/airflow/example_dags/example_branch_labels.py took 6.510 seconds
[2022-05-23 11:43:30,427] {scheduler_job.py:182} INFO - Started process (PID=3377) to work on /home/airflow/.local/lib/python3.6/site-packages/airflow/example_dags/example_branch_labels.py
[2022-05-23 11:43:30,498] {scheduler_job.py:633} INFO - Processing file /home/airflow/.local/lib/python3.6/site-packages/airflow/example_dags/example_branch_labels.py for tasks to queue
[2022-05-23 11:43:30,627] {logging_mixin.py:104} INFO - [2022-05-23 11:43:30,587] {dagbag.py:487} INFO - Filling up the DagBag from /home/airflow/.local/lib/python3.6/site-packages/airflow/example_dags/example_branch_labels.py
[2022-05-23 11:43:32,619] {scheduler_job.py:643} INFO - DAG(s) dict_keys(['example_branch_labels']) retrieved from /home/airflow/.local/lib/python3.6/site-packages/airflow/example_dags/example_branch_labels.py
[2022-05-23 11:43:34,902] {logging_mixin.py:104} INFO - [2022-05-23 11:43:34,826] {dag.py:1832} INFO - Sync 1 DAGs
[2022-05-23 11:43:37,035] {logging_mixin.py:104} INFO - [2022-05-23 11:43:37,034] {dag.py:2305} INFO - Setting next_dagrun for example_branch_labels to 2022-05-21 00:00:00+00:00
[2022-05-23 11:43:37,749] {scheduler_job.py:190} INFO - Processing /home/airflow/.local/lib/python3.6/site-packages/airflow/example_dags/example_branch_labels.py took 7.554 seconds
[2022-05-23 11:44:33,696] {scheduler_job.py:182} INFO - Started process (PID=3460) to work on /home/airflow/.local/lib/python3.6/site-packages/airflow/example_dags/example_branch_labels.py
[2022-05-23 11:44:33,791] {scheduler_job.py:633} INFO - Processing file /home/airflow/.local/lib/python3.6/site-packages/airflow/example_dags/example_branch_labels.py for tasks to queue
[2022-05-23 11:44:33,943] {logging_mixin.py:104} INFO - [2022-05-23 11:44:33,905] {dagbag.py:487} INFO - Filling up the DagBag from /home/airflow/.local/lib/python3.6/site-packages/airflow/example_dags/example_branch_labels.py
[2022-05-23 11:44:36,459] {scheduler_job.py:643} INFO - DAG(s) dict_keys(['example_branch_labels']) retrieved from /home/airflow/.local/lib/python3.6/site-packages/airflow/example_dags/example_branch_labels.py
[2022-05-23 11:44:39,546] {logging_mixin.py:104} INFO - [2022-05-23 11:44:39,545] {dag.py:1832} INFO - Sync 1 DAGs
[2022-05-23 11:44:42,116] {logging_mixin.py:104} INFO - [2022-05-23 11:44:42,028] {dag.py:2305} INFO - Setting next_dagrun for example_branch_labels to 2022-05-21 00:00:00+00:00
[2022-05-23 11:44:42,972] {scheduler_job.py:190} INFO - Processing /home/airflow/.local/lib/python3.6/site-packages/airflow/example_dags/example_branch_labels.py took 9.702 seconds
[2022-05-23 11:46:00,378] {scheduler_job.py:182} INFO - Started process (PID=3564) to work on /home/airflow/.local/lib/python3.6/site-packages/airflow/example_dags/example_branch_labels.py
[2022-05-23 11:46:00,563] {scheduler_job.py:633} INFO - Processing file /home/airflow/.local/lib/python3.6/site-packages/airflow/example_dags/example_branch_labels.py for tasks to queue
[2022-05-23 11:46:00,694] {logging_mixin.py:104} INFO - [2022-05-23 11:46:00,624] {dagbag.py:487} INFO - Filling up the DagBag from /home/airflow/.local/lib/python3.6/site-packages/airflow/example_dags/example_branch_labels.py
[2022-05-23 11:46:03,324] {scheduler_job.py:643} INFO - DAG(s) dict_keys(['example_branch_labels']) retrieved from /home/airflow/.local/lib/python3.6/site-packages/airflow/example_dags/example_branch_labels.py
[2022-05-23 11:46:06,652] {logging_mixin.py:104} INFO - [2022-05-23 11:46:06,599] {dag.py:1832} INFO - Sync 1 DAGs
[2022-05-23 11:46:10,434] {logging_mixin.py:104} INFO - [2022-05-23 11:46:10,433] {dag.py:2305} INFO - Setting next_dagrun for example_branch_labels to 2022-05-21 00:00:00+00:00
[2022-05-23 11:46:11,620] {scheduler_job.py:190} INFO - Processing /home/airflow/.local/lib/python3.6/site-packages/airflow/example_dags/example_branch_labels.py took 11.757 seconds
[2022-05-23 11:47:18,712] {scheduler_job.py:182} INFO - Started process (PID=3659) to work on /home/airflow/.local/lib/python3.6/site-packages/airflow/example_dags/example_branch_labels.py
[2022-05-23 11:47:18,827] {scheduler_job.py:633} INFO - Processing file /home/airflow/.local/lib/python3.6/site-packages/airflow/example_dags/example_branch_labels.py for tasks to queue
[2022-05-23 11:47:18,880] {logging_mixin.py:104} INFO - [2022-05-23 11:47:18,879] {dagbag.py:487} INFO - Filling up the DagBag from /home/airflow/.local/lib/python3.6/site-packages/airflow/example_dags/example_branch_labels.py
[2022-05-23 11:47:21,127] {scheduler_job.py:643} INFO - DAG(s) dict_keys(['example_branch_labels']) retrieved from /home/airflow/.local/lib/python3.6/site-packages/airflow/example_dags/example_branch_labels.py
[2022-05-23 11:47:23,517] {logging_mixin.py:104} INFO - [2022-05-23 11:47:23,461] {dag.py:1832} INFO - Sync 1 DAGs
[2022-05-23 11:47:26,300] {logging_mixin.py:104} INFO - [2022-05-23 11:47:26,263] {dag.py:2305} INFO - Setting next_dagrun for example_branch_labels to 2022-05-21 00:00:00+00:00
[2022-05-23 11:47:27,051] {scheduler_job.py:190} INFO - Processing /home/airflow/.local/lib/python3.6/site-packages/airflow/example_dags/example_branch_labels.py took 8.588 seconds
[2022-05-23 11:48:06,201] {scheduler_job.py:182} INFO - Started process (PID=3737) to work on /home/airflow/.local/lib/python3.6/site-packages/airflow/example_dags/example_branch_labels.py
[2022-05-23 11:48:06,322] {scheduler_job.py:633} INFO - Processing file /home/airflow/.local/lib/python3.6/site-packages/airflow/example_dags/example_branch_labels.py for tasks to queue
[2022-05-23 11:48:06,370] {logging_mixin.py:104} INFO - [2022-05-23 11:48:06,369] {dagbag.py:487} INFO - Filling up the DagBag from /home/airflow/.local/lib/python3.6/site-packages/airflow/example_dags/example_branch_labels.py
[2022-05-23 11:48:08,058] {scheduler_job.py:643} INFO - DAG(s) dict_keys(['example_branch_labels']) retrieved from /home/airflow/.local/lib/python3.6/site-packages/airflow/example_dags/example_branch_labels.py
[2022-05-23 11:48:10,183] {logging_mixin.py:104} INFO - [2022-05-23 11:48:10,132] {dag.py:1832} INFO - Sync 1 DAGs
[2022-05-23 11:48:12,249] {logging_mixin.py:104} INFO - [2022-05-23 11:48:12,197] {dag.py:2305} INFO - Setting next_dagrun for example_branch_labels to 2022-05-21 00:00:00+00:00
[2022-05-23 11:48:12,863] {scheduler_job.py:190} INFO - Processing /home/airflow/.local/lib/python3.6/site-packages/airflow/example_dags/example_branch_labels.py took 6.883 seconds
[2022-05-23 11:51:34,463] {scheduler_job.py:182} INFO - Started process (PID=4018) to work on /home/airflow/.local/lib/python3.6/site-packages/airflow/example_dags/example_branch_labels.py
[2022-05-23 11:51:34,730] {scheduler_job.py:633} INFO - Processing file /home/airflow/.local/lib/python3.6/site-packages/airflow/example_dags/example_branch_labels.py for tasks to queue
[2022-05-23 11:51:35,011] {logging_mixin.py:104} INFO - [2022-05-23 11:51:35,010] {dagbag.py:487} INFO - Filling up the DagBag from /home/airflow/.local/lib/python3.6/site-packages/airflow/example_dags/example_branch_labels.py
[2022-05-23 11:51:38,232] {scheduler_job.py:643} INFO - DAG(s) dict_keys(['example_branch_labels']) retrieved from /home/airflow/.local/lib/python3.6/site-packages/airflow/example_dags/example_branch_labels.py
[2022-05-23 11:51:45,243] {logging_mixin.py:104} INFO - [2022-05-23 11:51:45,159] {dag.py:1832} INFO - Sync 1 DAGs
[2022-05-23 11:51:50,412] {logging_mixin.py:104} INFO - [2022-05-23 11:51:50,358] {dag.py:2305} INFO - Setting next_dagrun for example_branch_labels to 2022-05-21 00:00:00+00:00
[2022-05-23 11:51:51,639] {scheduler_job.py:190} INFO - Processing /home/airflow/.local/lib/python3.6/site-packages/airflow/example_dags/example_branch_labels.py took 17.598 seconds
[2022-05-23 11:52:56,669] {scheduler_job.py:182} INFO - Started process (PID=4119) to work on /home/airflow/.local/lib/python3.6/site-packages/airflow/example_dags/example_branch_labels.py
[2022-05-23 11:52:56,881] {scheduler_job.py:633} INFO - Processing file /home/airflow/.local/lib/python3.6/site-packages/airflow/example_dags/example_branch_labels.py for tasks to queue
[2022-05-23 11:52:57,041] {logging_mixin.py:104} INFO - [2022-05-23 11:52:57,005] {dagbag.py:487} INFO - Filling up the DagBag from /home/airflow/.local/lib/python3.6/site-packages/airflow/example_dags/example_branch_labels.py
[2022-05-23 11:53:02,367] {scheduler_job.py:643} INFO - DAG(s) dict_keys(['example_branch_labels']) retrieved from /home/airflow/.local/lib/python3.6/site-packages/airflow/example_dags/example_branch_labels.py
[2022-05-23 11:53:06,964] {logging_mixin.py:104} INFO - [2022-05-23 11:53:06,857] {dag.py:1832} INFO - Sync 1 DAGs
[2022-05-23 11:53:12,574] {logging_mixin.py:104} INFO - [2022-05-23 11:53:12,496] {dag.py:2305} INFO - Setting next_dagrun for example_branch_labels to 2022-05-21 00:00:00+00:00
[2022-05-23 11:53:14,651] {scheduler_job.py:190} INFO - Processing /home/airflow/.local/lib/python3.6/site-packages/airflow/example_dags/example_branch_labels.py took 18.338 seconds
[2022-05-23 11:55:57,207] {scheduler_job.py:182} INFO - Started process (PID=4327) to work on /home/airflow/.local/lib/python3.6/site-packages/airflow/example_dags/example_branch_labels.py
[2022-05-23 11:55:57,506] {scheduler_job.py:633} INFO - Processing file /home/airflow/.local/lib/python3.6/site-packages/airflow/example_dags/example_branch_labels.py for tasks to queue
[2022-05-23 11:55:57,832] {logging_mixin.py:104} INFO - [2022-05-23 11:55:57,709] {dagbag.py:487} INFO - Filling up the DagBag from /home/airflow/.local/lib/python3.6/site-packages/airflow/example_dags/example_branch_labels.py
[2022-05-23 11:56:08,293] {scheduler_job.py:643} INFO - DAG(s) dict_keys(['example_branch_labels']) retrieved from /home/airflow/.local/lib/python3.6/site-packages/airflow/example_dags/example_branch_labels.py
[2022-05-23 11:56:16,075] {logging_mixin.py:104} INFO - [2022-05-23 11:56:15,946] {dag.py:1832} INFO - Sync 1 DAGs
[2022-05-23 11:56:20,555] {logging_mixin.py:104} INFO - [2022-05-23 11:56:20,533] {dag.py:2305} INFO - Setting next_dagrun for example_branch_labels to 2022-05-21 00:00:00+00:00
[2022-05-23 11:56:22,702] {scheduler_job.py:190} INFO - Processing /home/airflow/.local/lib/python3.6/site-packages/airflow/example_dags/example_branch_labels.py took 26.520 seconds
[2022-05-23 11:58:54,552] {scheduler_job.py:182} INFO - Started process (PID=4539) to work on /home/airflow/.local/lib/python3.6/site-packages/airflow/example_dags/example_branch_labels.py
[2022-05-23 11:58:54,634] {scheduler_job.py:633} INFO - Processing file /home/airflow/.local/lib/python3.6/site-packages/airflow/example_dags/example_branch_labels.py for tasks to queue
[2022-05-23 11:58:54,687] {logging_mixin.py:104} INFO - [2022-05-23 11:58:54,662] {dagbag.py:487} INFO - Filling up the DagBag from /home/airflow/.local/lib/python3.6/site-packages/airflow/example_dags/example_branch_labels.py
[2022-05-23 11:58:55,893] {scheduler_job.py:643} INFO - DAG(s) dict_keys(['example_branch_labels']) retrieved from /home/airflow/.local/lib/python3.6/site-packages/airflow/example_dags/example_branch_labels.py
[2022-05-23 11:58:57,732] {logging_mixin.py:104} INFO - [2022-05-23 11:58:57,731] {dag.py:1832} INFO - Sync 1 DAGs
[2022-05-23 11:58:59,934] {logging_mixin.py:104} INFO - [2022-05-23 11:58:59,895] {dag.py:2305} INFO - Setting next_dagrun for example_branch_labels to 2022-05-21 00:00:00+00:00
[2022-05-23 11:59:00,685] {scheduler_job.py:190} INFO - Processing /home/airflow/.local/lib/python3.6/site-packages/airflow/example_dags/example_branch_labels.py took 6.249 seconds
[2022-05-23 12:01:10,281] {scheduler_job.py:182} INFO - Started process (PID=4746) to work on /home/airflow/.local/lib/python3.6/site-packages/airflow/example_dags/example_branch_labels.py
[2022-05-23 12:01:10,530] {scheduler_job.py:633} INFO - Processing file /home/airflow/.local/lib/python3.6/site-packages/airflow/example_dags/example_branch_labels.py for tasks to queue
[2022-05-23 12:01:10,558] {logging_mixin.py:104} INFO - [2022-05-23 12:01:10,557] {dagbag.py:487} INFO - Filling up the DagBag from /home/airflow/.local/lib/python3.6/site-packages/airflow/example_dags/example_branch_labels.py
[2022-05-23 12:01:14,770] {scheduler_job.py:643} INFO - DAG(s) dict_keys(['example_branch_labels']) retrieved from /home/airflow/.local/lib/python3.6/site-packages/airflow/example_dags/example_branch_labels.py
[2022-05-23 12:01:17,601] {logging_mixin.py:104} INFO - [2022-05-23 12:01:17,546] {dag.py:1832} INFO - Sync 1 DAGs
[2022-05-23 12:01:20,378] {logging_mixin.py:104} INFO - [2022-05-23 12:01:20,264] {dag.py:2305} INFO - Setting next_dagrun for example_branch_labels to 2022-05-21 00:00:00+00:00
[2022-05-23 12:01:21,327] {scheduler_job.py:190} INFO - Processing /home/airflow/.local/lib/python3.6/site-packages/airflow/example_dags/example_branch_labels.py took 11.354 seconds
[2022-05-23 12:02:11,345] {scheduler_job.py:182} INFO - Started process (PID=4836) to work on /home/airflow/.local/lib/python3.6/site-packages/airflow/example_dags/example_branch_labels.py
[2022-05-23 12:02:11,554] {scheduler_job.py:633} INFO - Processing file /home/airflow/.local/lib/python3.6/site-packages/airflow/example_dags/example_branch_labels.py for tasks to queue
[2022-05-23 12:02:11,619] {logging_mixin.py:104} INFO - [2022-05-23 12:02:11,619] {dagbag.py:487} INFO - Filling up the DagBag from /home/airflow/.local/lib/python3.6/site-packages/airflow/example_dags/example_branch_labels.py
[2022-05-23 12:02:13,907] {scheduler_job.py:643} INFO - DAG(s) dict_keys(['example_branch_labels']) retrieved from /home/airflow/.local/lib/python3.6/site-packages/airflow/example_dags/example_branch_labels.py
[2022-05-23 12:02:17,327] {logging_mixin.py:104} INFO - [2022-05-23 12:02:17,326] {dag.py:1832} INFO - Sync 1 DAGs
[2022-05-23 12:02:20,102] {logging_mixin.py:104} INFO - [2022-05-23 12:02:20,075] {dag.py:2305} INFO - Setting next_dagrun for example_branch_labels to 2022-05-21 00:00:00+00:00
[2022-05-23 12:02:21,004] {scheduler_job.py:190} INFO - Processing /home/airflow/.local/lib/python3.6/site-packages/airflow/example_dags/example_branch_labels.py took 9.931 seconds
[2022-05-23 12:03:18,524] {scheduler_job.py:182} INFO - Started process (PID=4933) to work on /home/airflow/.local/lib/python3.6/site-packages/airflow/example_dags/example_branch_labels.py
[2022-05-23 12:03:18,686] {scheduler_job.py:633} INFO - Processing file /home/airflow/.local/lib/python3.6/site-packages/airflow/example_dags/example_branch_labels.py for tasks to queue
[2022-05-23 12:03:18,718] {logging_mixin.py:104} INFO - [2022-05-23 12:03:18,717] {dagbag.py:487} INFO - Filling up the DagBag from /home/airflow/.local/lib/python3.6/site-packages/airflow/example_dags/example_branch_labels.py
[2022-05-23 12:03:21,241] {scheduler_job.py:643} INFO - DAG(s) dict_keys(['example_branch_labels']) retrieved from /home/airflow/.local/lib/python3.6/site-packages/airflow/example_dags/example_branch_labels.py
[2022-05-23 12:03:24,216] {logging_mixin.py:104} INFO - [2022-05-23 12:03:24,140] {dag.py:1832} INFO - Sync 1 DAGs
[2022-05-23 12:03:27,712] {logging_mixin.py:104} INFO - [2022-05-23 12:03:27,711] {dag.py:2305} INFO - Setting next_dagrun for example_branch_labels to 2022-05-21 00:00:00+00:00
[2022-05-23 12:03:28,440] {scheduler_job.py:190} INFO - Processing /home/airflow/.local/lib/python3.6/site-packages/airflow/example_dags/example_branch_labels.py took 10.188 seconds
[2022-05-23 12:04:21,727] {scheduler_job.py:182} INFO - Started process (PID=5034) to work on /home/airflow/.local/lib/python3.6/site-packages/airflow/example_dags/example_branch_labels.py
[2022-05-23 12:04:21,834] {scheduler_job.py:633} INFO - Processing file /home/airflow/.local/lib/python3.6/site-packages/airflow/example_dags/example_branch_labels.py for tasks to queue
[2022-05-23 12:04:21,998] {logging_mixin.py:104} INFO - [2022-05-23 12:04:21,975] {dagbag.py:487} INFO - Filling up the DagBag from /home/airflow/.local/lib/python3.6/site-packages/airflow/example_dags/example_branch_labels.py
[2022-05-23 12:04:24,336] {scheduler_job.py:643} INFO - DAG(s) dict_keys(['example_branch_labels']) retrieved from /home/airflow/.local/lib/python3.6/site-packages/airflow/example_dags/example_branch_labels.py
[2022-05-23 12:04:27,519] {logging_mixin.py:104} INFO - [2022-05-23 12:04:27,425] {dag.py:1832} INFO - Sync 1 DAGs
[2022-05-23 12:04:29,566] {logging_mixin.py:104} INFO - [2022-05-23 12:04:29,565] {dag.py:2305} INFO - Setting next_dagrun for example_branch_labels to 2022-05-21 00:00:00+00:00
[2022-05-23 12:04:30,371] {scheduler_job.py:190} INFO - Processing /home/airflow/.local/lib/python3.6/site-packages/airflow/example_dags/example_branch_labels.py took 8.928 seconds
[2022-05-23 12:08:01,622] {scheduler_job.py:182} INFO - Started process (PID=5369) to work on /home/airflow/.local/lib/python3.6/site-packages/airflow/example_dags/example_branch_labels.py
[2022-05-23 12:08:01,685] {scheduler_job.py:633} INFO - Processing file /home/airflow/.local/lib/python3.6/site-packages/airflow/example_dags/example_branch_labels.py for tasks to queue
[2022-05-23 12:08:01,719] {logging_mixin.py:104} INFO - [2022-05-23 12:08:01,719] {dagbag.py:487} INFO - Filling up the DagBag from /home/airflow/.local/lib/python3.6/site-packages/airflow/example_dags/example_branch_labels.py
[2022-05-23 12:08:03,194] {scheduler_job.py:643} INFO - DAG(s) dict_keys(['example_branch_labels']) retrieved from /home/airflow/.local/lib/python3.6/site-packages/airflow/example_dags/example_branch_labels.py
[2022-05-23 12:08:05,044] {logging_mixin.py:104} INFO - [2022-05-23 12:08:04,986] {dag.py:1832} INFO - Sync 1 DAGs
[2022-05-23 12:08:07,099] {logging_mixin.py:104} INFO - [2022-05-23 12:08:07,023] {dag.py:2305} INFO - Setting next_dagrun for example_branch_labels to 2022-05-21 00:00:00+00:00
[2022-05-23 12:08:07,559] {scheduler_job.py:190} INFO - Processing /home/airflow/.local/lib/python3.6/site-packages/airflow/example_dags/example_branch_labels.py took 6.082 seconds
[2022-05-23 12:10:08,028] {scheduler_job.py:182} INFO - Started process (PID=5591) to work on /home/airflow/.local/lib/python3.6/site-packages/airflow/example_dags/example_branch_labels.py
[2022-05-23 12:10:08,103] {scheduler_job.py:633} INFO - Processing file /home/airflow/.local/lib/python3.6/site-packages/airflow/example_dags/example_branch_labels.py for tasks to queue
[2022-05-23 12:10:08,146] {logging_mixin.py:104} INFO - [2022-05-23 12:10:08,146] {dagbag.py:487} INFO - Filling up the DagBag from /home/airflow/.local/lib/python3.6/site-packages/airflow/example_dags/example_branch_labels.py
[2022-05-23 12:10:09,230] {scheduler_job.py:643} INFO - DAG(s) dict_keys(['example_branch_labels']) retrieved from /home/airflow/.local/lib/python3.6/site-packages/airflow/example_dags/example_branch_labels.py
[2022-05-23 12:10:10,231] {logging_mixin.py:104} INFO - [2022-05-23 12:10:10,211] {dag.py:1832} INFO - Sync 1 DAGs
[2022-05-23 12:10:11,373] {logging_mixin.py:104} INFO - [2022-05-23 12:10:11,372] {dag.py:2305} INFO - Setting next_dagrun for example_branch_labels to 2022-05-21 00:00:00+00:00
[2022-05-23 12:10:11,891] {scheduler_job.py:190} INFO - Processing /home/airflow/.local/lib/python3.6/site-packages/airflow/example_dags/example_branch_labels.py took 3.960 seconds
[2022-05-23 12:28:53,702] {scheduler_job.py:182} INFO - Started process (PID=540) to work on /home/airflow/.local/lib/python3.6/site-packages/airflow/example_dags/example_branch_labels.py
[2022-05-23 12:28:53,720] {scheduler_job.py:633} INFO - Processing file /home/airflow/.local/lib/python3.6/site-packages/airflow/example_dags/example_branch_labels.py for tasks to queue
[2022-05-23 12:28:53,734] {logging_mixin.py:104} INFO - [2022-05-23 12:28:53,734] {dagbag.py:487} INFO - Filling up the DagBag from /home/airflow/.local/lib/python3.6/site-packages/airflow/example_dags/example_branch_labels.py
[2022-05-23 12:28:53,914] {scheduler_job.py:643} INFO - DAG(s) dict_keys(['example_branch_labels']) retrieved from /home/airflow/.local/lib/python3.6/site-packages/airflow/example_dags/example_branch_labels.py
[2022-05-23 12:29:38,473] {logging_mixin.py:104} INFO - [2022-05-23 12:29:38,451] {dag.py:1832} INFO - Sync 1 DAGs
[2022-05-23 12:29:38,638] {logging_mixin.py:104} INFO - [2022-05-23 12:29:38,617] {dag.py:1851} INFO - Creating ORM DAG for example_branch_labels
[2022-05-23 12:29:38,785] {logging_mixin.py:104} INFO - [2022-05-23 12:29:38,784] {dag.py:2305} INFO - Setting next_dagrun for example_branch_labels to 2022-05-21 00:00:00+00:00
[2022-05-23 12:29:38,892] {scheduler_job.py:190} INFO - Processing /home/airflow/.local/lib/python3.6/site-packages/airflow/example_dags/example_branch_labels.py took 45.216 seconds
