[2022-05-23 11:10:36,223] {scheduler_job.py:182} INFO - Started process (PID=471) to work on /home/airflow/.local/lib/python3.6/site-packages/airflow/example_dags/example_skip_dag.py
[2022-05-23 11:10:36,236] {scheduler_job.py:633} INFO - Processing file /home/airflow/.local/lib/python3.6/site-packages/airflow/example_dags/example_skip_dag.py for tasks to queue
[2022-05-23 11:10:36,252] {logging_mixin.py:104} INFO - [2022-05-23 11:10:36,250] {dagbag.py:487} INFO - Filling up the DagBag from /home/airflow/.local/lib/python3.6/site-packages/airflow/example_dags/example_skip_dag.py
[2022-05-23 11:10:36,555] {scheduler_job.py:643} INFO - DAG(s) dict_keys(['example_skip_dag']) retrieved from /home/airflow/.local/lib/python3.6/site-packages/airflow/example_dags/example_skip_dag.py
[2022-05-23 11:10:45,032] {logging_mixin.py:104} INFO - [2022-05-23 11:10:45,031] {dag.py:1832} INFO - Sync 1 DAGs
[2022-05-23 11:10:45,350] {logging_mixin.py:104} INFO - [2022-05-23 11:10:45,340] {dag.py:2305} INFO - Setting next_dagrun for example_skip_dag to 2022-05-21 00:00:00+00:00
[2022-05-23 11:10:45,536] {scheduler_job.py:190} INFO - Processing /home/airflow/.local/lib/python3.6/site-packages/airflow/example_dags/example_skip_dag.py took 9.342 seconds
[2022-05-23 11:14:10,017] {scheduler_job.py:182} INFO - Started process (PID=750) to work on /home/airflow/.local/lib/python3.6/site-packages/airflow/example_dags/example_skip_dag.py
[2022-05-23 11:14:10,102] {scheduler_job.py:633} INFO - Processing file /home/airflow/.local/lib/python3.6/site-packages/airflow/example_dags/example_skip_dag.py for tasks to queue
[2022-05-23 11:14:10,156] {logging_mixin.py:104} INFO - [2022-05-23 11:14:10,137] {dagbag.py:487} INFO - Filling up the DagBag from /home/airflow/.local/lib/python3.6/site-packages/airflow/example_dags/example_skip_dag.py
[2022-05-23 11:14:11,177] {scheduler_job.py:643} INFO - DAG(s) dict_keys(['example_skip_dag']) retrieved from /home/airflow/.local/lib/python3.6/site-packages/airflow/example_dags/example_skip_dag.py
[2022-05-23 11:14:12,495] {logging_mixin.py:104} INFO - [2022-05-23 11:14:12,495] {dag.py:1832} INFO - Sync 1 DAGs
[2022-05-23 11:14:13,726] {logging_mixin.py:104} INFO - [2022-05-23 11:14:13,725] {dag.py:2305} INFO - Setting next_dagrun for example_skip_dag to 2022-05-21 00:00:00+00:00
[2022-05-23 11:14:14,250] {scheduler_job.py:190} INFO - Processing /home/airflow/.local/lib/python3.6/site-packages/airflow/example_dags/example_skip_dag.py took 4.402 seconds
[2022-05-23 11:16:28,094] {scheduler_job.py:182} INFO - Started process (PID=952) to work on /home/airflow/.local/lib/python3.6/site-packages/airflow/example_dags/example_skip_dag.py
[2022-05-23 11:16:28,194] {scheduler_job.py:633} INFO - Processing file /home/airflow/.local/lib/python3.6/site-packages/airflow/example_dags/example_skip_dag.py for tasks to queue
[2022-05-23 11:16:28,296] {logging_mixin.py:104} INFO - [2022-05-23 11:16:28,267] {dagbag.py:487} INFO - Filling up the DagBag from /home/airflow/.local/lib/python3.6/site-packages/airflow/example_dags/example_skip_dag.py
[2022-05-23 11:16:28,826] {scheduler_job.py:643} INFO - DAG(s) dict_keys(['example_skip_dag']) retrieved from /home/airflow/.local/lib/python3.6/site-packages/airflow/example_dags/example_skip_dag.py
[2022-05-23 11:16:29,999] {logging_mixin.py:104} INFO - [2022-05-23 11:16:29,998] {dag.py:1832} INFO - Sync 1 DAGs
[2022-05-23 11:16:30,903] {logging_mixin.py:104} INFO - [2022-05-23 11:16:30,871] {dag.py:2305} INFO - Setting next_dagrun for example_skip_dag to 2022-05-21 00:00:00+00:00
[2022-05-23 11:16:31,274] {scheduler_job.py:190} INFO - Processing /home/airflow/.local/lib/python3.6/site-packages/airflow/example_dags/example_skip_dag.py took 3.358 seconds
[2022-05-23 11:17:27,507] {scheduler_job.py:182} INFO - Started process (PID=1074) to work on /home/airflow/.local/lib/python3.6/site-packages/airflow/example_dags/example_skip_dag.py
[2022-05-23 11:17:27,540] {scheduler_job.py:633} INFO - Processing file /home/airflow/.local/lib/python3.6/site-packages/airflow/example_dags/example_skip_dag.py for tasks to queue
[2022-05-23 11:17:27,580] {logging_mixin.py:104} INFO - [2022-05-23 11:17:27,579] {dagbag.py:487} INFO - Filling up the DagBag from /home/airflow/.local/lib/python3.6/site-packages/airflow/example_dags/example_skip_dag.py
[2022-05-23 11:17:28,099] {scheduler_job.py:643} INFO - DAG(s) dict_keys(['example_skip_dag']) retrieved from /home/airflow/.local/lib/python3.6/site-packages/airflow/example_dags/example_skip_dag.py
[2022-05-23 11:17:29,608] {logging_mixin.py:104} INFO - [2022-05-23 11:17:29,607] {dag.py:1832} INFO - Sync 1 DAGs
[2022-05-23 11:17:30,740] {logging_mixin.py:104} INFO - [2022-05-23 11:17:30,738] {dag.py:2305} INFO - Setting next_dagrun for example_skip_dag to 2022-05-21 00:00:00+00:00
[2022-05-23 11:17:31,462] {scheduler_job.py:190} INFO - Processing /home/airflow/.local/lib/python3.6/site-packages/airflow/example_dags/example_skip_dag.py took 4.004 seconds
[2022-05-23 11:18:53,779] {scheduler_job.py:182} INFO - Started process (PID=1201) to work on /home/airflow/.local/lib/python3.6/site-packages/airflow/example_dags/example_skip_dag.py
[2022-05-23 11:18:53,841] {scheduler_job.py:633} INFO - Processing file /home/airflow/.local/lib/python3.6/site-packages/airflow/example_dags/example_skip_dag.py for tasks to queue
[2022-05-23 11:18:53,901] {logging_mixin.py:104} INFO - [2022-05-23 11:18:53,900] {dagbag.py:487} INFO - Filling up the DagBag from /home/airflow/.local/lib/python3.6/site-packages/airflow/example_dags/example_skip_dag.py
[2022-05-23 11:18:55,226] {scheduler_job.py:643} INFO - DAG(s) dict_keys(['example_skip_dag']) retrieved from /home/airflow/.local/lib/python3.6/site-packages/airflow/example_dags/example_skip_dag.py
[2022-05-23 11:18:56,539] {logging_mixin.py:104} INFO - [2022-05-23 11:18:56,538] {dag.py:1832} INFO - Sync 1 DAGs
[2022-05-23 11:18:57,788] {logging_mixin.py:104} INFO - [2022-05-23 11:18:57,764] {dag.py:2305} INFO - Setting next_dagrun for example_skip_dag to 2022-05-21 00:00:00+00:00
[2022-05-23 11:18:58,401] {scheduler_job.py:190} INFO - Processing /home/airflow/.local/lib/python3.6/site-packages/airflow/example_dags/example_skip_dag.py took 4.742 seconds
[2022-05-23 11:20:12,809] {scheduler_job.py:182} INFO - Started process (PID=1352) to work on /home/airflow/.local/lib/python3.6/site-packages/airflow/example_dags/example_skip_dag.py
[2022-05-23 11:20:12,869] {scheduler_job.py:633} INFO - Processing file /home/airflow/.local/lib/python3.6/site-packages/airflow/example_dags/example_skip_dag.py for tasks to queue
[2022-05-23 11:20:12,914] {logging_mixin.py:104} INFO - [2022-05-23 11:20:12,913] {dagbag.py:487} INFO - Filling up the DagBag from /home/airflow/.local/lib/python3.6/site-packages/airflow/example_dags/example_skip_dag.py
[2022-05-23 11:20:13,780] {scheduler_job.py:643} INFO - DAG(s) dict_keys(['example_skip_dag']) retrieved from /home/airflow/.local/lib/python3.6/site-packages/airflow/example_dags/example_skip_dag.py
[2022-05-23 11:20:14,995] {logging_mixin.py:104} INFO - [2022-05-23 11:20:14,994] {dag.py:1832} INFO - Sync 1 DAGs
[2022-05-23 11:20:16,089] {logging_mixin.py:104} INFO - [2022-05-23 11:20:16,057] {dag.py:2305} INFO - Setting next_dagrun for example_skip_dag to 2022-05-21 00:00:00+00:00
[2022-05-23 11:20:16,877] {scheduler_job.py:190} INFO - Processing /home/airflow/.local/lib/python3.6/site-packages/airflow/example_dags/example_skip_dag.py took 4.205 seconds
[2022-05-23 11:21:59,086] {scheduler_job.py:182} INFO - Started process (PID=1501) to work on /home/airflow/.local/lib/python3.6/site-packages/airflow/example_dags/example_skip_dag.py
[2022-05-23 11:21:59,123] {scheduler_job.py:633} INFO - Processing file /home/airflow/.local/lib/python3.6/site-packages/airflow/example_dags/example_skip_dag.py for tasks to queue
[2022-05-23 11:21:59,145] {logging_mixin.py:104} INFO - [2022-05-23 11:21:59,144] {dagbag.py:487} INFO - Filling up the DagBag from /home/airflow/.local/lib/python3.6/site-packages/airflow/example_dags/example_skip_dag.py
[2022-05-23 11:21:59,923] {scheduler_job.py:643} INFO - DAG(s) dict_keys(['example_skip_dag']) retrieved from /home/airflow/.local/lib/python3.6/site-packages/airflow/example_dags/example_skip_dag.py
[2022-05-23 11:22:00,867] {logging_mixin.py:104} INFO - [2022-05-23 11:22:00,866] {dag.py:1832} INFO - Sync 1 DAGs
[2022-05-23 11:22:01,898] {logging_mixin.py:104} INFO - [2022-05-23 11:22:01,897] {dag.py:2305} INFO - Setting next_dagrun for example_skip_dag to 2022-05-21 00:00:00+00:00
[2022-05-23 11:22:02,486] {scheduler_job.py:190} INFO - Processing /home/airflow/.local/lib/python3.6/site-packages/airflow/example_dags/example_skip_dag.py took 3.495 seconds
[2022-05-23 11:23:03,062] {scheduler_job.py:182} INFO - Started process (PID=1640) to work on /home/airflow/.local/lib/python3.6/site-packages/airflow/example_dags/example_skip_dag.py
[2022-05-23 11:23:03,123] {scheduler_job.py:633} INFO - Processing file /home/airflow/.local/lib/python3.6/site-packages/airflow/example_dags/example_skip_dag.py for tasks to queue
[2022-05-23 11:23:03,176] {logging_mixin.py:104} INFO - [2022-05-23 11:23:03,176] {dagbag.py:487} INFO - Filling up the DagBag from /home/airflow/.local/lib/python3.6/site-packages/airflow/example_dags/example_skip_dag.py
[2022-05-23 11:23:03,924] {scheduler_job.py:643} INFO - DAG(s) dict_keys(['example_skip_dag']) retrieved from /home/airflow/.local/lib/python3.6/site-packages/airflow/example_dags/example_skip_dag.py
[2022-05-23 11:23:04,866] {logging_mixin.py:104} INFO - [2022-05-23 11:23:04,865] {dag.py:1832} INFO - Sync 1 DAGs
[2022-05-23 11:23:05,990] {logging_mixin.py:104} INFO - [2022-05-23 11:23:05,959] {dag.py:2305} INFO - Setting next_dagrun for example_skip_dag to 2022-05-21 00:00:00+00:00
[2022-05-23 11:23:06,390] {scheduler_job.py:190} INFO - Processing /home/airflow/.local/lib/python3.6/site-packages/airflow/example_dags/example_skip_dag.py took 3.454 seconds
[2022-05-23 11:24:15,604] {scheduler_job.py:182} INFO - Started process (PID=1760) to work on /home/airflow/.local/lib/python3.6/site-packages/airflow/example_dags/example_skip_dag.py
[2022-05-23 11:24:15,643] {scheduler_job.py:633} INFO - Processing file /home/airflow/.local/lib/python3.6/site-packages/airflow/example_dags/example_skip_dag.py for tasks to queue
[2022-05-23 11:24:15,662] {logging_mixin.py:104} INFO - [2022-05-23 11:24:15,662] {dagbag.py:487} INFO - Filling up the DagBag from /home/airflow/.local/lib/python3.6/site-packages/airflow/example_dags/example_skip_dag.py
[2022-05-23 11:24:16,157] {scheduler_job.py:643} INFO - DAG(s) dict_keys(['example_skip_dag']) retrieved from /home/airflow/.local/lib/python3.6/site-packages/airflow/example_dags/example_skip_dag.py
[2022-05-23 11:24:16,969] {logging_mixin.py:104} INFO - [2022-05-23 11:24:16,969] {dag.py:1832} INFO - Sync 1 DAGs
[2022-05-23 11:24:17,770] {logging_mixin.py:104} INFO - [2022-05-23 11:24:17,769] {dag.py:2305} INFO - Setting next_dagrun for example_skip_dag to 2022-05-21 00:00:00+00:00
[2022-05-23 11:24:18,179] {scheduler_job.py:190} INFO - Processing /home/airflow/.local/lib/python3.6/site-packages/airflow/example_dags/example_skip_dag.py took 2.653 seconds
[2022-05-23 11:26:21,033] {scheduler_job.py:182} INFO - Started process (PID=1981) to work on /home/airflow/.local/lib/python3.6/site-packages/airflow/example_dags/example_skip_dag.py
[2022-05-23 11:26:21,087] {scheduler_job.py:633} INFO - Processing file /home/airflow/.local/lib/python3.6/site-packages/airflow/example_dags/example_skip_dag.py for tasks to queue
[2022-05-23 11:26:21,131] {logging_mixin.py:104} INFO - [2022-05-23 11:26:21,100] {dagbag.py:487} INFO - Filling up the DagBag from /home/airflow/.local/lib/python3.6/site-packages/airflow/example_dags/example_skip_dag.py
[2022-05-23 11:26:21,983] {scheduler_job.py:643} INFO - DAG(s) dict_keys(['example_skip_dag']) retrieved from /home/airflow/.local/lib/python3.6/site-packages/airflow/example_dags/example_skip_dag.py
[2022-05-23 11:26:23,062] {logging_mixin.py:104} INFO - [2022-05-23 11:26:23,058] {dag.py:1832} INFO - Sync 1 DAGs
[2022-05-23 11:26:24,370] {logging_mixin.py:104} INFO - [2022-05-23 11:26:24,370] {dag.py:2305} INFO - Setting next_dagrun for example_skip_dag to 2022-05-21 00:00:00+00:00
[2022-05-23 11:26:25,029] {scheduler_job.py:190} INFO - Processing /home/airflow/.local/lib/python3.6/site-packages/airflow/example_dags/example_skip_dag.py took 4.111 seconds
[2022-05-23 11:27:39,677] {scheduler_job.py:182} INFO - Started process (PID=2123) to work on /home/airflow/.local/lib/python3.6/site-packages/airflow/example_dags/example_skip_dag.py
[2022-05-23 11:27:39,716] {scheduler_job.py:633} INFO - Processing file /home/airflow/.local/lib/python3.6/site-packages/airflow/example_dags/example_skip_dag.py for tasks to queue
[2022-05-23 11:27:39,768] {logging_mixin.py:104} INFO - [2022-05-23 11:27:39,767] {dagbag.py:487} INFO - Filling up the DagBag from /home/airflow/.local/lib/python3.6/site-packages/airflow/example_dags/example_skip_dag.py
[2022-05-23 11:27:40,499] {scheduler_job.py:643} INFO - DAG(s) dict_keys(['example_skip_dag']) retrieved from /home/airflow/.local/lib/python3.6/site-packages/airflow/example_dags/example_skip_dag.py
[2022-05-23 11:27:41,950] {logging_mixin.py:104} INFO - [2022-05-23 11:27:41,922] {dag.py:1832} INFO - Sync 1 DAGs
[2022-05-23 11:27:43,071] {logging_mixin.py:104} INFO - [2022-05-23 11:27:43,037] {dag.py:2305} INFO - Setting next_dagrun for example_skip_dag to 2022-05-21 00:00:00+00:00
[2022-05-23 11:27:43,640] {scheduler_job.py:190} INFO - Processing /home/airflow/.local/lib/python3.6/site-packages/airflow/example_dags/example_skip_dag.py took 4.102 seconds
[2022-05-23 11:36:15,402] {scheduler_job.py:182} INFO - Started process (PID=2787) to work on /home/airflow/.local/lib/python3.6/site-packages/airflow/example_dags/example_skip_dag.py
[2022-05-23 11:36:15,560] {scheduler_job.py:633} INFO - Processing file /home/airflow/.local/lib/python3.6/site-packages/airflow/example_dags/example_skip_dag.py for tasks to queue
[2022-05-23 11:36:15,585] {logging_mixin.py:104} INFO - [2022-05-23 11:36:15,584] {dagbag.py:487} INFO - Filling up the DagBag from /home/airflow/.local/lib/python3.6/site-packages/airflow/example_dags/example_skip_dag.py
[2022-05-23 11:36:16,932] {scheduler_job.py:643} INFO - DAG(s) dict_keys(['example_skip_dag']) retrieved from /home/airflow/.local/lib/python3.6/site-packages/airflow/example_dags/example_skip_dag.py
[2022-05-23 11:36:18,884] {logging_mixin.py:104} INFO - [2022-05-23 11:36:18,837] {dag.py:1832} INFO - Sync 1 DAGs
[2022-05-23 11:36:20,448] {logging_mixin.py:104} INFO - [2022-05-23 11:36:20,447] {dag.py:2305} INFO - Setting next_dagrun for example_skip_dag to 2022-05-21 00:00:00+00:00
[2022-05-23 11:36:21,475] {scheduler_job.py:190} INFO - Processing /home/airflow/.local/lib/python3.6/site-packages/airflow/example_dags/example_skip_dag.py took 6.355 seconds
[2022-05-23 11:40:33,515] {scheduler_job.py:182} INFO - Started process (PID=3132) to work on /home/airflow/.local/lib/python3.6/site-packages/airflow/example_dags/example_skip_dag.py
[2022-05-23 11:40:33,590] {scheduler_job.py:633} INFO - Processing file /home/airflow/.local/lib/python3.6/site-packages/airflow/example_dags/example_skip_dag.py for tasks to queue
[2022-05-23 11:40:33,605] {logging_mixin.py:104} INFO - [2022-05-23 11:40:33,605] {dagbag.py:487} INFO - Filling up the DagBag from /home/airflow/.local/lib/python3.6/site-packages/airflow/example_dags/example_skip_dag.py
[2022-05-23 11:40:35,010] {scheduler_job.py:643} INFO - DAG(s) dict_keys(['example_skip_dag']) retrieved from /home/airflow/.local/lib/python3.6/site-packages/airflow/example_dags/example_skip_dag.py
[2022-05-23 11:40:36,794] {logging_mixin.py:104} INFO - [2022-05-23 11:40:36,794] {dag.py:1832} INFO - Sync 1 DAGs
[2022-05-23 11:40:37,824] {logging_mixin.py:104} INFO - [2022-05-23 11:40:37,786] {dag.py:2305} INFO - Setting next_dagrun for example_skip_dag to 2022-05-21 00:00:00+00:00
[2022-05-23 11:40:38,298] {scheduler_job.py:190} INFO - Processing /home/airflow/.local/lib/python3.6/site-packages/airflow/example_dags/example_skip_dag.py took 4.998 seconds
[2022-05-23 11:48:19,912] {scheduler_job.py:182} INFO - Started process (PID=3753) to work on /home/airflow/.local/lib/python3.6/site-packages/airflow/example_dags/example_skip_dag.py
[2022-05-23 11:48:19,945] {scheduler_job.py:633} INFO - Processing file /home/airflow/.local/lib/python3.6/site-packages/airflow/example_dags/example_skip_dag.py for tasks to queue
[2022-05-23 11:48:19,966] {logging_mixin.py:104} INFO - [2022-05-23 11:48:19,953] {dagbag.py:487} INFO - Filling up the DagBag from /home/airflow/.local/lib/python3.6/site-packages/airflow/example_dags/example_skip_dag.py
[2022-05-23 11:48:20,640] {scheduler_job.py:643} INFO - DAG(s) dict_keys(['example_skip_dag']) retrieved from /home/airflow/.local/lib/python3.6/site-packages/airflow/example_dags/example_skip_dag.py
[2022-05-23 11:48:22,812] {logging_mixin.py:104} INFO - [2022-05-23 11:48:22,760] {dag.py:1832} INFO - Sync 1 DAGs
[2022-05-23 11:48:24,416] {logging_mixin.py:104} INFO - [2022-05-23 11:48:24,362] {dag.py:2305} INFO - Setting next_dagrun for example_skip_dag to 2022-05-21 00:00:00+00:00
[2022-05-23 11:48:25,409] {scheduler_job.py:190} INFO - Processing /home/airflow/.local/lib/python3.6/site-packages/airflow/example_dags/example_skip_dag.py took 5.543 seconds
[2022-05-23 11:59:07,663] {scheduler_job.py:182} INFO - Started process (PID=4574) to work on /home/airflow/.local/lib/python3.6/site-packages/airflow/example_dags/example_skip_dag.py
[2022-05-23 11:59:07,792] {scheduler_job.py:633} INFO - Processing file /home/airflow/.local/lib/python3.6/site-packages/airflow/example_dags/example_skip_dag.py for tasks to queue
[2022-05-23 11:59:07,897] {logging_mixin.py:104} INFO - [2022-05-23 11:59:07,867] {dagbag.py:487} INFO - Filling up the DagBag from /home/airflow/.local/lib/python3.6/site-packages/airflow/example_dags/example_skip_dag.py
[2022-05-23 11:59:09,502] {scheduler_job.py:643} INFO - DAG(s) dict_keys(['example_skip_dag']) retrieved from /home/airflow/.local/lib/python3.6/site-packages/airflow/example_dags/example_skip_dag.py
[2022-05-23 11:59:11,842] {logging_mixin.py:104} INFO - [2022-05-23 11:59:11,842] {dag.py:1832} INFO - Sync 1 DAGs
[2022-05-23 11:59:13,372] {logging_mixin.py:104} INFO - [2022-05-23 11:59:13,309] {dag.py:2305} INFO - Setting next_dagrun for example_skip_dag to 2022-05-21 00:00:00+00:00
[2022-05-23 11:59:14,433] {scheduler_job.py:190} INFO - Processing /home/airflow/.local/lib/python3.6/site-packages/airflow/example_dags/example_skip_dag.py took 6.977 seconds
[2022-05-23 12:04:39,581] {scheduler_job.py:182} INFO - Started process (PID=5062) to work on /home/airflow/.local/lib/python3.6/site-packages/airflow/example_dags/example_skip_dag.py
[2022-05-23 12:04:40,052] {scheduler_job.py:633} INFO - Processing file /home/airflow/.local/lib/python3.6/site-packages/airflow/example_dags/example_skip_dag.py for tasks to queue
[2022-05-23 12:04:40,086] {logging_mixin.py:104} INFO - [2022-05-23 12:04:40,085] {dagbag.py:487} INFO - Filling up the DagBag from /home/airflow/.local/lib/python3.6/site-packages/airflow/example_dags/example_skip_dag.py
[2022-05-23 12:04:42,029] {scheduler_job.py:643} INFO - DAG(s) dict_keys(['example_skip_dag']) retrieved from /home/airflow/.local/lib/python3.6/site-packages/airflow/example_dags/example_skip_dag.py
[2022-05-23 12:04:44,663] {logging_mixin.py:104} INFO - [2022-05-23 12:04:44,662] {dag.py:1832} INFO - Sync 1 DAGs
[2022-05-23 12:04:46,501] {logging_mixin.py:104} INFO - [2022-05-23 12:04:46,500] {dag.py:2305} INFO - Setting next_dagrun for example_skip_dag to 2022-05-21 00:00:00+00:00
[2022-05-23 12:04:47,772] {scheduler_job.py:190} INFO - Processing /home/airflow/.local/lib/python3.6/site-packages/airflow/example_dags/example_skip_dag.py took 8.450 seconds
[2022-05-23 12:08:13,934] {scheduler_job.py:182} INFO - Started process (PID=5393) to work on /home/airflow/.local/lib/python3.6/site-packages/airflow/example_dags/example_skip_dag.py
[2022-05-23 12:08:13,992] {scheduler_job.py:633} INFO - Processing file /home/airflow/.local/lib/python3.6/site-packages/airflow/example_dags/example_skip_dag.py for tasks to queue
[2022-05-23 12:08:14,037] {logging_mixin.py:104} INFO - [2022-05-23 12:08:14,036] {dagbag.py:487} INFO - Filling up the DagBag from /home/airflow/.local/lib/python3.6/site-packages/airflow/example_dags/example_skip_dag.py
[2022-05-23 12:08:15,145] {scheduler_job.py:643} INFO - DAG(s) dict_keys(['example_skip_dag']) retrieved from /home/airflow/.local/lib/python3.6/site-packages/airflow/example_dags/example_skip_dag.py
[2022-05-23 12:08:16,823] {logging_mixin.py:104} INFO - [2022-05-23 12:08:16,822] {dag.py:1832} INFO - Sync 1 DAGs
[2022-05-23 12:08:18,271] {logging_mixin.py:104} INFO - [2022-05-23 12:08:18,219] {dag.py:2305} INFO - Setting next_dagrun for example_skip_dag to 2022-05-21 00:00:00+00:00
[2022-05-23 12:08:19,016] {scheduler_job.py:190} INFO - Processing /home/airflow/.local/lib/python3.6/site-packages/airflow/example_dags/example_skip_dag.py took 5.197 seconds
[2022-05-23 12:10:16,424] {scheduler_job.py:182} INFO - Started process (PID=5598) to work on /home/airflow/.local/lib/python3.6/site-packages/airflow/example_dags/example_skip_dag.py
[2022-05-23 12:10:16,497] {scheduler_job.py:633} INFO - Processing file /home/airflow/.local/lib/python3.6/site-packages/airflow/example_dags/example_skip_dag.py for tasks to queue
[2022-05-23 12:10:16,527] {logging_mixin.py:104} INFO - [2022-05-23 12:10:16,526] {dagbag.py:487} INFO - Filling up the DagBag from /home/airflow/.local/lib/python3.6/site-packages/airflow/example_dags/example_skip_dag.py
[2022-05-23 12:10:17,267] {scheduler_job.py:643} INFO - DAG(s) dict_keys(['example_skip_dag']) retrieved from /home/airflow/.local/lib/python3.6/site-packages/airflow/example_dags/example_skip_dag.py
[2022-05-23 12:10:18,277] {logging_mixin.py:104} INFO - [2022-05-23 12:10:18,276] {dag.py:1832} INFO - Sync 1 DAGs
[2022-05-23 12:10:19,131] {logging_mixin.py:104} INFO - [2022-05-23 12:10:19,093] {dag.py:2305} INFO - Setting next_dagrun for example_skip_dag to 2022-05-21 00:00:00+00:00
[2022-05-23 12:10:19,726] {scheduler_job.py:190} INFO - Processing /home/airflow/.local/lib/python3.6/site-packages/airflow/example_dags/example_skip_dag.py took 3.380 seconds
[2022-05-23 12:29:39,083] {scheduler_job.py:182} INFO - Started process (PID=592) to work on /home/airflow/.local/lib/python3.6/site-packages/airflow/example_dags/example_skip_dag.py
[2022-05-23 12:29:39,096] {scheduler_job.py:633} INFO - Processing file /home/airflow/.local/lib/python3.6/site-packages/airflow/example_dags/example_skip_dag.py for tasks to queue
[2022-05-23 12:29:39,101] {logging_mixin.py:104} INFO - [2022-05-23 12:29:39,100] {dagbag.py:487} INFO - Filling up the DagBag from /home/airflow/.local/lib/python3.6/site-packages/airflow/example_dags/example_skip_dag.py
[2022-05-23 12:29:39,218] {scheduler_job.py:643} INFO - DAG(s) dict_keys(['example_skip_dag']) retrieved from /home/airflow/.local/lib/python3.6/site-packages/airflow/example_dags/example_skip_dag.py
