[2022-05-23 11:10:46,720] {scheduler_job.py:182} INFO - Started process (PID=487) to work on /home/airflow/.local/lib/python3.6/site-packages/airflow/example_dags/example_short_circuit_operator.py
[2022-05-23 11:10:46,731] {scheduler_job.py:633} INFO - Processing file /home/airflow/.local/lib/python3.6/site-packages/airflow/example_dags/example_short_circuit_operator.py for tasks to queue
[2022-05-23 11:10:46,743] {logging_mixin.py:104} INFO - [2022-05-23 11:10:46,743] {dagbag.py:487} INFO - Filling up the DagBag from /home/airflow/.local/lib/python3.6/site-packages/airflow/example_dags/example_short_circuit_operator.py
[2022-05-23 11:10:47,070] {scheduler_job.py:643} INFO - DAG(s) dict_keys(['example_short_circuit_operator']) retrieved from /home/airflow/.local/lib/python3.6/site-packages/airflow/example_dags/example_short_circuit_operator.py
[2022-05-23 11:10:56,377] {logging_mixin.py:104} INFO - [2022-05-23 11:10:56,377] {dag.py:1832} INFO - Sync 1 DAGs
[2022-05-23 11:10:56,611] {logging_mixin.py:104} INFO - [2022-05-23 11:10:56,611] {dag.py:2305} INFO - Setting next_dagrun for example_short_circuit_operator to 2022-05-21 00:00:00+00:00
[2022-05-23 11:10:56,750] {scheduler_job.py:190} INFO - Processing /home/airflow/.local/lib/python3.6/site-packages/airflow/example_dags/example_short_circuit_operator.py took 10.067 seconds
[2022-05-23 11:14:15,472] {scheduler_job.py:182} INFO - Started process (PID=762) to work on /home/airflow/.local/lib/python3.6/site-packages/airflow/example_dags/example_short_circuit_operator.py
[2022-05-23 11:14:15,531] {scheduler_job.py:633} INFO - Processing file /home/airflow/.local/lib/python3.6/site-packages/airflow/example_dags/example_short_circuit_operator.py for tasks to queue
[2022-05-23 11:14:15,553] {logging_mixin.py:104} INFO - [2022-05-23 11:14:15,553] {dagbag.py:487} INFO - Filling up the DagBag from /home/airflow/.local/lib/python3.6/site-packages/airflow/example_dags/example_short_circuit_operator.py
[2022-05-23 11:14:16,523] {scheduler_job.py:643} INFO - DAG(s) dict_keys(['example_short_circuit_operator']) retrieved from /home/airflow/.local/lib/python3.6/site-packages/airflow/example_dags/example_short_circuit_operator.py
[2022-05-23 11:14:17,433] {logging_mixin.py:104} INFO - [2022-05-23 11:14:17,402] {dag.py:1832} INFO - Sync 1 DAGs
[2022-05-23 11:14:18,305] {logging_mixin.py:104} INFO - [2022-05-23 11:14:18,304] {dag.py:2305} INFO - Setting next_dagrun for example_short_circuit_operator to 2022-05-21 00:00:00+00:00
[2022-05-23 11:14:18,736] {scheduler_job.py:190} INFO - Processing /home/airflow/.local/lib/python3.6/site-packages/airflow/example_dags/example_short_circuit_operator.py took 3.363 seconds
[2022-05-23 11:16:33,694] {scheduler_job.py:182} INFO - Started process (PID=967) to work on /home/airflow/.local/lib/python3.6/site-packages/airflow/example_dags/example_short_circuit_operator.py
[2022-05-23 11:16:33,745] {scheduler_job.py:633} INFO - Processing file /home/airflow/.local/lib/python3.6/site-packages/airflow/example_dags/example_short_circuit_operator.py for tasks to queue
[2022-05-23 11:16:33,758] {logging_mixin.py:104} INFO - [2022-05-23 11:16:33,758] {dagbag.py:487} INFO - Filling up the DagBag from /home/airflow/.local/lib/python3.6/site-packages/airflow/example_dags/example_short_circuit_operator.py
[2022-05-23 11:16:34,498] {scheduler_job.py:643} INFO - DAG(s) dict_keys(['example_short_circuit_operator']) retrieved from /home/airflow/.local/lib/python3.6/site-packages/airflow/example_dags/example_short_circuit_operator.py
[2022-05-23 11:16:35,654] {logging_mixin.py:104} INFO - [2022-05-23 11:16:35,633] {dag.py:1832} INFO - Sync 1 DAGs
[2022-05-23 11:16:36,594] {logging_mixin.py:104} INFO - [2022-05-23 11:16:36,566] {dag.py:2305} INFO - Setting next_dagrun for example_short_circuit_operator to 2022-05-21 00:00:00+00:00
[2022-05-23 11:16:36,964] {scheduler_job.py:190} INFO - Processing /home/airflow/.local/lib/python3.6/site-packages/airflow/example_dags/example_short_circuit_operator.py took 3.383 seconds
[2022-05-23 11:18:59,282] {scheduler_job.py:182} INFO - Started process (PID=1227) to work on /home/airflow/.local/lib/python3.6/site-packages/airflow/example_dags/example_short_circuit_operator.py
[2022-05-23 11:18:59,296] {scheduler_job.py:633} INFO - Processing file /home/airflow/.local/lib/python3.6/site-packages/airflow/example_dags/example_short_circuit_operator.py for tasks to queue
[2022-05-23 11:18:59,368] {logging_mixin.py:104} INFO - [2022-05-23 11:18:59,367] {dagbag.py:487} INFO - Filling up the DagBag from /home/airflow/.local/lib/python3.6/site-packages/airflow/example_dags/example_short_circuit_operator.py
[2022-05-23 11:19:00,324] {scheduler_job.py:643} INFO - DAG(s) dict_keys(['example_short_circuit_operator']) retrieved from /home/airflow/.local/lib/python3.6/site-packages/airflow/example_dags/example_short_circuit_operator.py
[2022-05-23 11:19:01,170] {logging_mixin.py:104} INFO - [2022-05-23 11:19:01,169] {dag.py:1832} INFO - Sync 1 DAGs
[2022-05-23 11:19:02,193] {logging_mixin.py:104} INFO - [2022-05-23 11:19:02,192] {dag.py:2305} INFO - Setting next_dagrun for example_short_circuit_operator to 2022-05-21 00:00:00+00:00
[2022-05-23 11:19:02,762] {scheduler_job.py:190} INFO - Processing /home/airflow/.local/lib/python3.6/site-packages/airflow/example_dags/example_short_circuit_operator.py took 3.625 seconds
[2022-05-23 11:20:17,360] {scheduler_job.py:182} INFO - Started process (PID=1356) to work on /home/airflow/.local/lib/python3.6/site-packages/airflow/example_dags/example_short_circuit_operator.py
[2022-05-23 11:20:17,416] {scheduler_job.py:633} INFO - Processing file /home/airflow/.local/lib/python3.6/site-packages/airflow/example_dags/example_short_circuit_operator.py for tasks to queue
[2022-05-23 11:20:17,464] {logging_mixin.py:104} INFO - [2022-05-23 11:20:17,464] {dagbag.py:487} INFO - Filling up the DagBag from /home/airflow/.local/lib/python3.6/site-packages/airflow/example_dags/example_short_circuit_operator.py
[2022-05-23 11:20:18,378] {scheduler_job.py:643} INFO - DAG(s) dict_keys(['example_short_circuit_operator']) retrieved from /home/airflow/.local/lib/python3.6/site-packages/airflow/example_dags/example_short_circuit_operator.py
[2022-05-23 11:20:19,464] {logging_mixin.py:104} INFO - [2022-05-23 11:20:19,463] {dag.py:1832} INFO - Sync 1 DAGs
[2022-05-23 11:20:20,527] {logging_mixin.py:104} INFO - [2022-05-23 11:20:20,496] {dag.py:2305} INFO - Setting next_dagrun for example_short_circuit_operator to 2022-05-21 00:00:00+00:00
[2022-05-23 11:20:21,453] {scheduler_job.py:190} INFO - Processing /home/airflow/.local/lib/python3.6/site-packages/airflow/example_dags/example_short_circuit_operator.py took 4.351 seconds
[2022-05-23 11:22:05,472] {scheduler_job.py:182} INFO - Started process (PID=1521) to work on /home/airflow/.local/lib/python3.6/site-packages/airflow/example_dags/example_short_circuit_operator.py
[2022-05-23 11:22:05,523] {scheduler_job.py:633} INFO - Processing file /home/airflow/.local/lib/python3.6/site-packages/airflow/example_dags/example_short_circuit_operator.py for tasks to queue
[2022-05-23 11:22:05,558] {logging_mixin.py:104} INFO - [2022-05-23 11:22:05,557] {dagbag.py:487} INFO - Filling up the DagBag from /home/airflow/.local/lib/python3.6/site-packages/airflow/example_dags/example_short_circuit_operator.py
[2022-05-23 11:22:06,489] {scheduler_job.py:643} INFO - DAG(s) dict_keys(['example_short_circuit_operator']) retrieved from /home/airflow/.local/lib/python3.6/site-packages/airflow/example_dags/example_short_circuit_operator.py
[2022-05-23 11:22:07,621] {logging_mixin.py:104} INFO - [2022-05-23 11:22:07,603] {dag.py:1832} INFO - Sync 1 DAGs
[2022-05-23 11:22:08,632] {logging_mixin.py:104} INFO - [2022-05-23 11:22:08,631] {dag.py:2305} INFO - Setting next_dagrun for example_short_circuit_operator to 2022-05-21 00:00:00+00:00
[2022-05-23 11:22:09,048] {scheduler_job.py:190} INFO - Processing /home/airflow/.local/lib/python3.6/site-packages/airflow/example_dags/example_short_circuit_operator.py took 3.692 seconds
[2022-05-23 11:23:06,749] {scheduler_job.py:182} INFO - Started process (PID=1644) to work on /home/airflow/.local/lib/python3.6/site-packages/airflow/example_dags/example_short_circuit_operator.py
[2022-05-23 11:23:06,823] {scheduler_job.py:633} INFO - Processing file /home/airflow/.local/lib/python3.6/site-packages/airflow/example_dags/example_short_circuit_operator.py for tasks to queue
[2022-05-23 11:23:06,888] {logging_mixin.py:104} INFO - [2022-05-23 11:23:06,859] {dagbag.py:487} INFO - Filling up the DagBag from /home/airflow/.local/lib/python3.6/site-packages/airflow/example_dags/example_short_circuit_operator.py
[2022-05-23 11:23:07,691] {scheduler_job.py:643} INFO - DAG(s) dict_keys(['example_short_circuit_operator']) retrieved from /home/airflow/.local/lib/python3.6/site-packages/airflow/example_dags/example_short_circuit_operator.py
[2022-05-23 11:23:08,545] {logging_mixin.py:104} INFO - [2022-05-23 11:23:08,544] {dag.py:1832} INFO - Sync 1 DAGs
[2022-05-23 11:23:09,460] {logging_mixin.py:104} INFO - [2022-05-23 11:23:09,459] {dag.py:2305} INFO - Setting next_dagrun for example_short_circuit_operator to 2022-05-21 00:00:00+00:00
[2022-05-23 11:23:09,878] {scheduler_job.py:190} INFO - Processing /home/airflow/.local/lib/python3.6/site-packages/airflow/example_dags/example_short_circuit_operator.py took 3.226 seconds
[2022-05-23 11:24:59,247] {scheduler_job.py:182} INFO - Started process (PID=1852) to work on /home/airflow/.local/lib/python3.6/site-packages/airflow/example_dags/example_short_circuit_operator.py
[2022-05-23 11:24:59,311] {scheduler_job.py:633} INFO - Processing file /home/airflow/.local/lib/python3.6/site-packages/airflow/example_dags/example_short_circuit_operator.py for tasks to queue
[2022-05-23 11:24:59,340] {logging_mixin.py:104} INFO - [2022-05-23 11:24:59,339] {dagbag.py:487} INFO - Filling up the DagBag from /home/airflow/.local/lib/python3.6/site-packages/airflow/example_dags/example_short_circuit_operator.py
[2022-05-23 11:25:00,127] {scheduler_job.py:643} INFO - DAG(s) dict_keys(['example_short_circuit_operator']) retrieved from /home/airflow/.local/lib/python3.6/site-packages/airflow/example_dags/example_short_circuit_operator.py
[2022-05-23 11:25:01,413] {logging_mixin.py:104} INFO - [2022-05-23 11:25:01,412] {dag.py:1832} INFO - Sync 1 DAGs
[2022-05-23 11:25:02,595] {logging_mixin.py:104} INFO - [2022-05-23 11:25:02,545] {dag.py:2305} INFO - Setting next_dagrun for example_short_circuit_operator to 2022-05-21 00:00:00+00:00
[2022-05-23 11:25:03,151] {scheduler_job.py:190} INFO - Processing /home/airflow/.local/lib/python3.6/site-packages/airflow/example_dags/example_short_circuit_operator.py took 4.002 seconds
[2022-05-23 11:26:28,670] {scheduler_job.py:182} INFO - Started process (PID=1989) to work on /home/airflow/.local/lib/python3.6/site-packages/airflow/example_dags/example_short_circuit_operator.py
[2022-05-23 11:26:28,726] {scheduler_job.py:633} INFO - Processing file /home/airflow/.local/lib/python3.6/site-packages/airflow/example_dags/example_short_circuit_operator.py for tasks to queue
[2022-05-23 11:26:28,759] {logging_mixin.py:104} INFO - [2022-05-23 11:26:28,759] {dagbag.py:487} INFO - Filling up the DagBag from /home/airflow/.local/lib/python3.6/site-packages/airflow/example_dags/example_short_circuit_operator.py
[2022-05-23 11:26:29,561] {scheduler_job.py:643} INFO - DAG(s) dict_keys(['example_short_circuit_operator']) retrieved from /home/airflow/.local/lib/python3.6/site-packages/airflow/example_dags/example_short_circuit_operator.py
[2022-05-23 11:26:30,374] {logging_mixin.py:104} INFO - [2022-05-23 11:26:30,373] {dag.py:1832} INFO - Sync 1 DAGs
[2022-05-23 11:26:31,650] {logging_mixin.py:104} INFO - [2022-05-23 11:26:31,647] {dag.py:2305} INFO - Setting next_dagrun for example_short_circuit_operator to 2022-05-21 00:00:00+00:00
[2022-05-23 11:26:32,143] {scheduler_job.py:190} INFO - Processing /home/airflow/.local/lib/python3.6/site-packages/airflow/example_dags/example_short_circuit_operator.py took 3.568 seconds
[2022-05-23 11:27:44,367] {scheduler_job.py:182} INFO - Started process (PID=2130) to work on /home/airflow/.local/lib/python3.6/site-packages/airflow/example_dags/example_short_circuit_operator.py
[2022-05-23 11:27:44,445] {scheduler_job.py:633} INFO - Processing file /home/airflow/.local/lib/python3.6/site-packages/airflow/example_dags/example_short_circuit_operator.py for tasks to queue
[2022-05-23 11:27:44,520] {logging_mixin.py:104} INFO - [2022-05-23 11:27:44,514] {dagbag.py:487} INFO - Filling up the DagBag from /home/airflow/.local/lib/python3.6/site-packages/airflow/example_dags/example_short_circuit_operator.py
[2022-05-23 11:27:45,548] {scheduler_job.py:643} INFO - DAG(s) dict_keys(['example_short_circuit_operator']) retrieved from /home/airflow/.local/lib/python3.6/site-packages/airflow/example_dags/example_short_circuit_operator.py
[2022-05-23 11:27:47,219] {logging_mixin.py:104} INFO - [2022-05-23 11:27:47,218] {dag.py:1832} INFO - Sync 1 DAGs
[2022-05-23 11:27:48,716] {logging_mixin.py:104} INFO - [2022-05-23 11:27:48,715] {dag.py:2305} INFO - Setting next_dagrun for example_short_circuit_operator to 2022-05-21 00:00:00+00:00
[2022-05-23 11:27:49,522] {scheduler_job.py:190} INFO - Processing /home/airflow/.local/lib/python3.6/site-packages/airflow/example_dags/example_short_circuit_operator.py took 5.349 seconds
[2022-05-23 11:36:22,890] {scheduler_job.py:182} INFO - Started process (PID=2805) to work on /home/airflow/.local/lib/python3.6/site-packages/airflow/example_dags/example_short_circuit_operator.py
[2022-05-23 11:36:22,993] {scheduler_job.py:633} INFO - Processing file /home/airflow/.local/lib/python3.6/site-packages/airflow/example_dags/example_short_circuit_operator.py for tasks to queue
[2022-05-23 11:36:23,044] {logging_mixin.py:104} INFO - [2022-05-23 11:36:23,043] {dagbag.py:487} INFO - Filling up the DagBag from /home/airflow/.local/lib/python3.6/site-packages/airflow/example_dags/example_short_circuit_operator.py
[2022-05-23 11:36:24,582] {scheduler_job.py:643} INFO - DAG(s) dict_keys(['example_short_circuit_operator']) retrieved from /home/airflow/.local/lib/python3.6/site-packages/airflow/example_dags/example_short_circuit_operator.py
[2022-05-23 11:36:26,460] {logging_mixin.py:104} INFO - [2022-05-23 11:36:26,420] {dag.py:1832} INFO - Sync 1 DAGs
[2022-05-23 11:36:27,911] {logging_mixin.py:104} INFO - [2022-05-23 11:36:27,870] {dag.py:2305} INFO - Setting next_dagrun for example_short_circuit_operator to 2022-05-21 00:00:00+00:00
[2022-05-23 11:36:28,802] {scheduler_job.py:190} INFO - Processing /home/airflow/.local/lib/python3.6/site-packages/airflow/example_dags/example_short_circuit_operator.py took 6.095 seconds
[2022-05-23 11:40:40,197] {scheduler_job.py:182} INFO - Started process (PID=3151) to work on /home/airflow/.local/lib/python3.6/site-packages/airflow/example_dags/example_short_circuit_operator.py
[2022-05-23 11:40:40,242] {scheduler_job.py:633} INFO - Processing file /home/airflow/.local/lib/python3.6/site-packages/airflow/example_dags/example_short_circuit_operator.py for tasks to queue
[2022-05-23 11:40:40,286] {logging_mixin.py:104} INFO - [2022-05-23 11:40:40,286] {dagbag.py:487} INFO - Filling up the DagBag from /home/airflow/.local/lib/python3.6/site-packages/airflow/example_dags/example_short_circuit_operator.py
[2022-05-23 11:40:41,633] {scheduler_job.py:643} INFO - DAG(s) dict_keys(['example_short_circuit_operator']) retrieved from /home/airflow/.local/lib/python3.6/site-packages/airflow/example_dags/example_short_circuit_operator.py
[2022-05-23 11:40:42,871] {logging_mixin.py:104} INFO - [2022-05-23 11:40:42,856] {dag.py:1832} INFO - Sync 1 DAGs
[2022-05-23 11:40:43,804] {logging_mixin.py:104} INFO - [2022-05-23 11:40:43,736] {dag.py:2305} INFO - Setting next_dagrun for example_short_circuit_operator to 2022-05-21 00:00:00+00:00
[2022-05-23 11:40:44,574] {scheduler_job.py:190} INFO - Processing /home/airflow/.local/lib/python3.6/site-packages/airflow/example_dags/example_short_circuit_operator.py took 4.587 seconds
[2022-05-23 11:48:28,303] {scheduler_job.py:182} INFO - Started process (PID=3773) to work on /home/airflow/.local/lib/python3.6/site-packages/airflow/example_dags/example_short_circuit_operator.py
[2022-05-23 11:48:28,424] {scheduler_job.py:633} INFO - Processing file /home/airflow/.local/lib/python3.6/site-packages/airflow/example_dags/example_short_circuit_operator.py for tasks to queue
[2022-05-23 11:48:28,493] {logging_mixin.py:104} INFO - [2022-05-23 11:48:28,492] {dagbag.py:487} INFO - Filling up the DagBag from /home/airflow/.local/lib/python3.6/site-packages/airflow/example_dags/example_short_circuit_operator.py
[2022-05-23 11:48:30,204] {scheduler_job.py:643} INFO - DAG(s) dict_keys(['example_short_circuit_operator']) retrieved from /home/airflow/.local/lib/python3.6/site-packages/airflow/example_dags/example_short_circuit_operator.py
[2022-05-23 11:48:31,786] {logging_mixin.py:104} INFO - [2022-05-23 11:48:31,785] {dag.py:1832} INFO - Sync 1 DAGs
[2022-05-23 11:48:33,052] {logging_mixin.py:104} INFO - [2022-05-23 11:48:33,051] {dag.py:2305} INFO - Setting next_dagrun for example_short_circuit_operator to 2022-05-21 00:00:00+00:00
[2022-05-23 11:48:34,015] {scheduler_job.py:190} INFO - Processing /home/airflow/.local/lib/python3.6/site-packages/airflow/example_dags/example_short_circuit_operator.py took 5.916 seconds
[2022-05-23 11:59:18,101] {scheduler_job.py:182} INFO - Started process (PID=4580) to work on /home/airflow/.local/lib/python3.6/site-packages/airflow/example_dags/example_short_circuit_operator.py
[2022-05-23 11:59:18,255] {scheduler_job.py:633} INFO - Processing file /home/airflow/.local/lib/python3.6/site-packages/airflow/example_dags/example_short_circuit_operator.py for tasks to queue
[2022-05-23 11:59:18,359] {logging_mixin.py:104} INFO - [2022-05-23 11:59:18,305] {dagbag.py:487} INFO - Filling up the DagBag from /home/airflow/.local/lib/python3.6/site-packages/airflow/example_dags/example_short_circuit_operator.py
[2022-05-23 11:59:20,526] {scheduler_job.py:643} INFO - DAG(s) dict_keys(['example_short_circuit_operator']) retrieved from /home/airflow/.local/lib/python3.6/site-packages/airflow/example_dags/example_short_circuit_operator.py
[2022-05-23 11:59:22,838] {logging_mixin.py:104} INFO - [2022-05-23 11:59:22,838] {dag.py:1832} INFO - Sync 1 DAGs
[2022-05-23 11:59:24,638] {logging_mixin.py:104} INFO - [2022-05-23 11:59:24,548] {dag.py:2305} INFO - Setting next_dagrun for example_short_circuit_operator to 2022-05-21 00:00:00+00:00
[2022-05-23 11:59:25,857] {scheduler_job.py:190} INFO - Processing /home/airflow/.local/lib/python3.6/site-packages/airflow/example_dags/example_short_circuit_operator.py took 8.058 seconds
[2022-05-23 12:04:50,270] {scheduler_job.py:182} INFO - Started process (PID=5090) to work on /home/airflow/.local/lib/python3.6/site-packages/airflow/example_dags/example_short_circuit_operator.py
[2022-05-23 12:04:50,328] {scheduler_job.py:633} INFO - Processing file /home/airflow/.local/lib/python3.6/site-packages/airflow/example_dags/example_short_circuit_operator.py for tasks to queue
[2022-05-23 12:04:50,527] {logging_mixin.py:104} INFO - [2022-05-23 12:04:50,462] {dagbag.py:487} INFO - Filling up the DagBag from /home/airflow/.local/lib/python3.6/site-packages/airflow/example_dags/example_short_circuit_operator.py
[2022-05-23 12:04:52,721] {scheduler_job.py:643} INFO - DAG(s) dict_keys(['example_short_circuit_operator']) retrieved from /home/airflow/.local/lib/python3.6/site-packages/airflow/example_dags/example_short_circuit_operator.py
[2022-05-23 12:04:55,039] {logging_mixin.py:104} INFO - [2022-05-23 12:04:55,038] {dag.py:1832} INFO - Sync 1 DAGs
[2022-05-23 12:04:56,430] {logging_mixin.py:104} INFO - [2022-05-23 12:04:56,364] {dag.py:2305} INFO - Setting next_dagrun for example_short_circuit_operator to 2022-05-21 00:00:00+00:00
[2022-05-23 12:04:57,245] {scheduler_job.py:190} INFO - Processing /home/airflow/.local/lib/python3.6/site-packages/airflow/example_dags/example_short_circuit_operator.py took 7.248 seconds
[2022-05-23 12:08:20,185] {scheduler_job.py:182} INFO - Started process (PID=5408) to work on /home/airflow/.local/lib/python3.6/site-packages/airflow/example_dags/example_short_circuit_operator.py
[2022-05-23 12:08:20,247] {scheduler_job.py:633} INFO - Processing file /home/airflow/.local/lib/python3.6/site-packages/airflow/example_dags/example_short_circuit_operator.py for tasks to queue
[2022-05-23 12:08:20,269] {logging_mixin.py:104} INFO - [2022-05-23 12:08:20,269] {dagbag.py:487} INFO - Filling up the DagBag from /home/airflow/.local/lib/python3.6/site-packages/airflow/example_dags/example_short_circuit_operator.py
[2022-05-23 12:08:21,663] {scheduler_job.py:643} INFO - DAG(s) dict_keys(['example_short_circuit_operator']) retrieved from /home/airflow/.local/lib/python3.6/site-packages/airflow/example_dags/example_short_circuit_operator.py
[2022-05-23 12:08:23,587] {logging_mixin.py:104} INFO - [2022-05-23 12:08:23,557] {dag.py:1832} INFO - Sync 1 DAGs
[2022-05-23 12:08:24,838] {logging_mixin.py:104} INFO - [2022-05-23 12:08:24,838] {dag.py:2305} INFO - Setting next_dagrun for example_short_circuit_operator to 2022-05-21 00:00:00+00:00
[2022-05-23 12:08:25,677] {scheduler_job.py:190} INFO - Processing /home/airflow/.local/lib/python3.6/site-packages/airflow/example_dags/example_short_circuit_operator.py took 5.543 seconds
[2022-05-23 12:10:23,116] {scheduler_job.py:182} INFO - Started process (PID=5626) to work on /home/airflow/.local/lib/python3.6/site-packages/airflow/example_dags/example_short_circuit_operator.py
[2022-05-23 12:10:23,200] {scheduler_job.py:633} INFO - Processing file /home/airflow/.local/lib/python3.6/site-packages/airflow/example_dags/example_short_circuit_operator.py for tasks to queue
[2022-05-23 12:10:23,250] {logging_mixin.py:104} INFO - [2022-05-23 12:10:23,249] {dagbag.py:487} INFO - Filling up the DagBag from /home/airflow/.local/lib/python3.6/site-packages/airflow/example_dags/example_short_circuit_operator.py
[2022-05-23 12:10:24,296] {scheduler_job.py:643} INFO - DAG(s) dict_keys(['example_short_circuit_operator']) retrieved from /home/airflow/.local/lib/python3.6/site-packages/airflow/example_dags/example_short_circuit_operator.py
[2022-05-23 12:10:25,636] {logging_mixin.py:104} INFO - [2022-05-23 12:10:25,622] {dag.py:1832} INFO - Sync 1 DAGs
[2022-05-23 12:10:26,342] {logging_mixin.py:104} INFO - [2022-05-23 12:10:26,341] {dag.py:2305} INFO - Setting next_dagrun for example_short_circuit_operator to 2022-05-21 00:00:00+00:00
[2022-05-23 12:10:26,974] {scheduler_job.py:190} INFO - Processing /home/airflow/.local/lib/python3.6/site-packages/airflow/example_dags/example_short_circuit_operator.py took 3.990 seconds
