[2022-05-23 11:11:32,818] {scheduler_job.py:182} INFO - Started process (PID=544) to work on /home/airflow/.local/lib/python3.6/site-packages/airflow/example_dags/example_bash_operator.py
[2022-05-23 11:11:32,832] {scheduler_job.py:633} INFO - Processing file /home/airflow/.local/lib/python3.6/site-packages/airflow/example_dags/example_bash_operator.py for tasks to queue
[2022-05-23 11:11:32,848] {logging_mixin.py:104} INFO - [2022-05-23 11:11:32,847] {dagbag.py:487} INFO - Filling up the DagBag from /home/airflow/.local/lib/python3.6/site-packages/airflow/example_dags/example_bash_operator.py
[2022-05-23 11:11:33,315] {scheduler_job.py:643} INFO - DAG(s) dict_keys(['example_bash_operator']) retrieved from /home/airflow/.local/lib/python3.6/site-packages/airflow/example_dags/example_bash_operator.py
[2022-05-23 11:11:40,953] {logging_mixin.py:104} INFO - [2022-05-23 11:11:40,943] {dag.py:1832} INFO - Sync 1 DAGs
[2022-05-23 11:11:41,655] {logging_mixin.py:104} INFO - [2022-05-23 11:11:41,644] {dag.py:2305} INFO - Setting next_dagrun for example_bash_operator to 2022-05-21 00:00:00+00:00
[2022-05-23 11:11:41,953] {scheduler_job.py:190} INFO - Processing /home/airflow/.local/lib/python3.6/site-packages/airflow/example_dags/example_bash_operator.py took 9.171 seconds
[2022-05-23 11:14:48,971] {scheduler_job.py:182} INFO - Started process (PID=808) to work on /home/airflow/.local/lib/python3.6/site-packages/airflow/example_dags/example_bash_operator.py
[2022-05-23 11:14:49,139] {scheduler_job.py:633} INFO - Processing file /home/airflow/.local/lib/python3.6/site-packages/airflow/example_dags/example_bash_operator.py for tasks to queue
[2022-05-23 11:14:49,216] {logging_mixin.py:104} INFO - [2022-05-23 11:14:49,182] {dagbag.py:487} INFO - Filling up the DagBag from /home/airflow/.local/lib/python3.6/site-packages/airflow/example_dags/example_bash_operator.py
[2022-05-23 11:14:50,540] {scheduler_job.py:643} INFO - DAG(s) dict_keys(['example_bash_operator']) retrieved from /home/airflow/.local/lib/python3.6/site-packages/airflow/example_dags/example_bash_operator.py
[2022-05-23 11:14:52,073] {logging_mixin.py:104} INFO - [2022-05-23 11:14:52,051] {dag.py:1832} INFO - Sync 1 DAGs
[2022-05-23 11:14:54,064] {logging_mixin.py:104} INFO - [2022-05-23 11:14:54,035] {dag.py:2305} INFO - Setting next_dagrun for example_bash_operator to 2022-05-21 00:00:00+00:00
[2022-05-23 11:14:54,802] {scheduler_job.py:190} INFO - Processing /home/airflow/.local/lib/python3.6/site-packages/airflow/example_dags/example_bash_operator.py took 6.123 seconds
[2022-05-23 11:16:52,813] {scheduler_job.py:182} INFO - Started process (PID=1000) to work on /home/airflow/.local/lib/python3.6/site-packages/airflow/example_dags/example_bash_operator.py
[2022-05-23 11:16:52,877] {scheduler_job.py:633} INFO - Processing file /home/airflow/.local/lib/python3.6/site-packages/airflow/example_dags/example_bash_operator.py for tasks to queue
[2022-05-23 11:16:52,920] {logging_mixin.py:104} INFO - [2022-05-23 11:16:52,900] {dagbag.py:487} INFO - Filling up the DagBag from /home/airflow/.local/lib/python3.6/site-packages/airflow/example_dags/example_bash_operator.py
[2022-05-23 11:16:53,716] {scheduler_job.py:643} INFO - DAG(s) dict_keys(['example_bash_operator']) retrieved from /home/airflow/.local/lib/python3.6/site-packages/airflow/example_dags/example_bash_operator.py
[2022-05-23 11:16:54,583] {logging_mixin.py:104} INFO - [2022-05-23 11:16:54,583] {dag.py:1832} INFO - Sync 1 DAGs
[2022-05-23 11:16:55,737] {logging_mixin.py:104} INFO - [2022-05-23 11:16:55,647] {dag.py:2305} INFO - Setting next_dagrun for example_bash_operator to 2022-05-21 00:00:00+00:00
[2022-05-23 11:16:56,308] {scheduler_job.py:190} INFO - Processing /home/airflow/.local/lib/python3.6/site-packages/airflow/example_dags/example_bash_operator.py took 3.544 seconds
[2022-05-23 11:19:26,873] {scheduler_job.py:182} INFO - Started process (PID=1266) to work on /home/airflow/.local/lib/python3.6/site-packages/airflow/example_dags/example_bash_operator.py
[2022-05-23 11:19:26,917] {scheduler_job.py:633} INFO - Processing file /home/airflow/.local/lib/python3.6/site-packages/airflow/example_dags/example_bash_operator.py for tasks to queue
[2022-05-23 11:19:26,948] {logging_mixin.py:104} INFO - [2022-05-23 11:19:26,947] {dagbag.py:487} INFO - Filling up the DagBag from /home/airflow/.local/lib/python3.6/site-packages/airflow/example_dags/example_bash_operator.py
[2022-05-23 11:19:27,839] {scheduler_job.py:643} INFO - DAG(s) dict_keys(['example_bash_operator']) retrieved from /home/airflow/.local/lib/python3.6/site-packages/airflow/example_dags/example_bash_operator.py
[2022-05-23 11:19:28,750] {logging_mixin.py:104} INFO - [2022-05-23 11:19:28,750] {dag.py:1832} INFO - Sync 1 DAGs
[2022-05-23 11:19:30,584] {logging_mixin.py:104} INFO - [2022-05-23 11:19:30,546] {dag.py:2305} INFO - Setting next_dagrun for example_bash_operator to 2022-05-21 00:00:00+00:00
[2022-05-23 11:19:31,582] {scheduler_job.py:190} INFO - Processing /home/airflow/.local/lib/python3.6/site-packages/airflow/example_dags/example_bash_operator.py took 4.829 seconds
[2022-05-23 11:22:26,781] {scheduler_job.py:182} INFO - Started process (PID=1556) to work on /home/airflow/.local/lib/python3.6/site-packages/airflow/example_dags/example_bash_operator.py
[2022-05-23 11:22:26,862] {scheduler_job.py:633} INFO - Processing file /home/airflow/.local/lib/python3.6/site-packages/airflow/example_dags/example_bash_operator.py for tasks to queue
[2022-05-23 11:22:26,874] {logging_mixin.py:104} INFO - [2022-05-23 11:22:26,874] {dagbag.py:487} INFO - Filling up the DagBag from /home/airflow/.local/lib/python3.6/site-packages/airflow/example_dags/example_bash_operator.py
[2022-05-23 11:22:27,821] {scheduler_job.py:643} INFO - DAG(s) dict_keys(['example_bash_operator']) retrieved from /home/airflow/.local/lib/python3.6/site-packages/airflow/example_dags/example_bash_operator.py
[2022-05-23 11:22:28,736] {logging_mixin.py:104} INFO - [2022-05-23 11:22:28,736] {dag.py:1832} INFO - Sync 1 DAGs
[2022-05-23 11:22:29,947] {logging_mixin.py:104} INFO - [2022-05-23 11:22:29,946] {dag.py:2305} INFO - Setting next_dagrun for example_bash_operator to 2022-05-21 00:00:00+00:00
[2022-05-23 11:22:30,388] {scheduler_job.py:190} INFO - Processing /home/airflow/.local/lib/python3.6/site-packages/airflow/example_dags/example_bash_operator.py took 3.702 seconds
[2022-05-23 11:24:35,492] {scheduler_job.py:182} INFO - Started process (PID=1802) to work on /home/airflow/.local/lib/python3.6/site-packages/airflow/example_dags/example_bash_operator.py
[2022-05-23 11:24:35,536] {scheduler_job.py:633} INFO - Processing file /home/airflow/.local/lib/python3.6/site-packages/airflow/example_dags/example_bash_operator.py for tasks to queue
[2022-05-23 11:24:35,553] {logging_mixin.py:104} INFO - [2022-05-23 11:24:35,553] {dagbag.py:487} INFO - Filling up the DagBag from /home/airflow/.local/lib/python3.6/site-packages/airflow/example_dags/example_bash_operator.py
[2022-05-23 11:24:36,329] {scheduler_job.py:643} INFO - DAG(s) dict_keys(['example_bash_operator']) retrieved from /home/airflow/.local/lib/python3.6/site-packages/airflow/example_dags/example_bash_operator.py
[2022-05-23 11:24:37,002] {logging_mixin.py:104} INFO - [2022-05-23 11:24:36,977] {dag.py:1832} INFO - Sync 1 DAGs
[2022-05-23 11:24:37,971] {logging_mixin.py:104} INFO - [2022-05-23 11:24:37,970] {dag.py:2305} INFO - Setting next_dagrun for example_bash_operator to 2022-05-21 00:00:00+00:00
[2022-05-23 11:24:38,406] {scheduler_job.py:190} INFO - Processing /home/airflow/.local/lib/python3.6/site-packages/airflow/example_dags/example_bash_operator.py took 3.004 seconds
[2022-05-23 11:26:54,555] {scheduler_job.py:182} INFO - Started process (PID=2032) to work on /home/airflow/.local/lib/python3.6/site-packages/airflow/example_dags/example_bash_operator.py
[2022-05-23 11:26:54,588] {scheduler_job.py:633} INFO - Processing file /home/airflow/.local/lib/python3.6/site-packages/airflow/example_dags/example_bash_operator.py for tasks to queue
[2022-05-23 11:26:54,621] {logging_mixin.py:104} INFO - [2022-05-23 11:26:54,620] {dagbag.py:487} INFO - Filling up the DagBag from /home/airflow/.local/lib/python3.6/site-packages/airflow/example_dags/example_bash_operator.py
[2022-05-23 11:26:55,629] {scheduler_job.py:643} INFO - DAG(s) dict_keys(['example_bash_operator']) retrieved from /home/airflow/.local/lib/python3.6/site-packages/airflow/example_dags/example_bash_operator.py
[2022-05-23 11:26:56,699] {logging_mixin.py:104} INFO - [2022-05-23 11:26:56,698] {dag.py:1832} INFO - Sync 1 DAGs
[2022-05-23 11:26:58,069] {logging_mixin.py:104} INFO - [2022-05-23 11:26:58,068] {dag.py:2305} INFO - Setting next_dagrun for example_bash_operator to 2022-05-21 00:00:00+00:00
[2022-05-23 11:26:58,487] {scheduler_job.py:190} INFO - Processing /home/airflow/.local/lib/python3.6/site-packages/airflow/example_dags/example_bash_operator.py took 4.054 seconds
[2022-05-23 11:37:09,877] {scheduler_job.py:182} INFO - Started process (PID=2865) to work on /home/airflow/.local/lib/python3.6/site-packages/airflow/example_dags/example_bash_operator.py
[2022-05-23 11:37:10,012] {scheduler_job.py:633} INFO - Processing file /home/airflow/.local/lib/python3.6/site-packages/airflow/example_dags/example_bash_operator.py for tasks to queue
[2022-05-23 11:37:10,093] {logging_mixin.py:104} INFO - [2022-05-23 11:37:10,055] {dagbag.py:487} INFO - Filling up the DagBag from /home/airflow/.local/lib/python3.6/site-packages/airflow/example_dags/example_bash_operator.py
[2022-05-23 11:37:12,421] {scheduler_job.py:643} INFO - DAG(s) dict_keys(['example_bash_operator']) retrieved from /home/airflow/.local/lib/python3.6/site-packages/airflow/example_dags/example_bash_operator.py
[2022-05-23 11:37:14,815] {logging_mixin.py:104} INFO - [2022-05-23 11:37:14,766] {dag.py:1832} INFO - Sync 1 DAGs
[2022-05-23 11:37:17,992] {logging_mixin.py:104} INFO - [2022-05-23 11:37:17,970] {dag.py:2305} INFO - Setting next_dagrun for example_bash_operator to 2022-05-21 00:00:00+00:00
[2022-05-23 11:37:20,073] {scheduler_job.py:190} INFO - Processing /home/airflow/.local/lib/python3.6/site-packages/airflow/example_dags/example_bash_operator.py took 10.392 seconds
[2022-05-23 11:41:15,546] {scheduler_job.py:182} INFO - Started process (PID=3208) to work on /home/airflow/.local/lib/python3.6/site-packages/airflow/example_dags/example_bash_operator.py
[2022-05-23 11:41:15,855] {scheduler_job.py:633} INFO - Processing file /home/airflow/.local/lib/python3.6/site-packages/airflow/example_dags/example_bash_operator.py for tasks to queue
[2022-05-23 11:41:15,885] {logging_mixin.py:104} INFO - [2022-05-23 11:41:15,885] {dagbag.py:487} INFO - Filling up the DagBag from /home/airflow/.local/lib/python3.6/site-packages/airflow/example_dags/example_bash_operator.py
[2022-05-23 11:41:18,563] {scheduler_job.py:643} INFO - DAG(s) dict_keys(['example_bash_operator']) retrieved from /home/airflow/.local/lib/python3.6/site-packages/airflow/example_dags/example_bash_operator.py
[2022-05-23 11:41:20,401] {logging_mixin.py:104} INFO - [2022-05-23 11:41:20,400] {dag.py:1832} INFO - Sync 1 DAGs
[2022-05-23 11:41:22,656] {logging_mixin.py:104} INFO - [2022-05-23 11:41:22,604] {dag.py:2305} INFO - Setting next_dagrun for example_bash_operator to 2022-05-21 00:00:00+00:00
[2022-05-23 11:41:23,593] {scheduler_job.py:190} INFO - Processing /home/airflow/.local/lib/python3.6/site-packages/airflow/example_dags/example_bash_operator.py took 8.217 seconds
[2022-05-23 11:49:24,187] {scheduler_job.py:182} INFO - Started process (PID=3854) to work on /home/airflow/.local/lib/python3.6/site-packages/airflow/example_dags/example_bash_operator.py
[2022-05-23 11:49:24,323] {scheduler_job.py:633} INFO - Processing file /home/airflow/.local/lib/python3.6/site-packages/airflow/example_dags/example_bash_operator.py for tasks to queue
[2022-05-23 11:49:24,380] {logging_mixin.py:104} INFO - [2022-05-23 11:49:24,380] {dagbag.py:487} INFO - Filling up the DagBag from /home/airflow/.local/lib/python3.6/site-packages/airflow/example_dags/example_bash_operator.py
[2022-05-23 11:49:31,864] {scheduler_job.py:643} INFO - DAG(s) dict_keys(['example_bash_operator']) retrieved from /home/airflow/.local/lib/python3.6/site-packages/airflow/example_dags/example_bash_operator.py
[2022-05-23 11:49:33,583] {logging_mixin.py:104} INFO - [2022-05-23 11:49:33,521] {dag.py:1832} INFO - Sync 1 DAGs
[2022-05-23 11:49:35,924] {logging_mixin.py:104} INFO - [2022-05-23 11:49:35,850] {dag.py:2305} INFO - Setting next_dagrun for example_bash_operator to 2022-05-21 00:00:00+00:00
[2022-05-23 11:49:37,049] {scheduler_job.py:190} INFO - Processing /home/airflow/.local/lib/python3.6/site-packages/airflow/example_dags/example_bash_operator.py took 12.940 seconds
[2022-05-23 12:05:38,224] {scheduler_job.py:182} INFO - Started process (PID=5155) to work on /home/airflow/.local/lib/python3.6/site-packages/airflow/example_dags/example_bash_operator.py
[2022-05-23 12:05:38,341] {scheduler_job.py:633} INFO - Processing file /home/airflow/.local/lib/python3.6/site-packages/airflow/example_dags/example_bash_operator.py for tasks to queue
[2022-05-23 12:05:38,421] {logging_mixin.py:104} INFO - [2022-05-23 12:05:38,404] {dagbag.py:487} INFO - Filling up the DagBag from /home/airflow/.local/lib/python3.6/site-packages/airflow/example_dags/example_bash_operator.py
[2022-05-23 12:05:40,213] {scheduler_job.py:643} INFO - DAG(s) dict_keys(['example_bash_operator']) retrieved from /home/airflow/.local/lib/python3.6/site-packages/airflow/example_dags/example_bash_operator.py
[2022-05-23 12:05:42,184] {logging_mixin.py:104} INFO - [2022-05-23 12:05:42,183] {dag.py:1832} INFO - Sync 1 DAGs
[2022-05-23 12:05:44,793] {logging_mixin.py:104} INFO - [2022-05-23 12:05:44,792] {dag.py:2305} INFO - Setting next_dagrun for example_bash_operator to 2022-05-21 00:00:00+00:00
[2022-05-23 12:05:45,929] {scheduler_job.py:190} INFO - Processing /home/airflow/.local/lib/python3.6/site-packages/airflow/example_dags/example_bash_operator.py took 7.873 seconds
[2022-05-23 12:08:56,739] {scheduler_job.py:182} INFO - Started process (PID=5465) to work on /home/airflow/.local/lib/python3.6/site-packages/airflow/example_dags/example_bash_operator.py
[2022-05-23 12:08:56,823] {scheduler_job.py:633} INFO - Processing file /home/airflow/.local/lib/python3.6/site-packages/airflow/example_dags/example_bash_operator.py for tasks to queue
[2022-05-23 12:08:56,847] {logging_mixin.py:104} INFO - [2022-05-23 12:08:56,847] {dagbag.py:487} INFO - Filling up the DagBag from /home/airflow/.local/lib/python3.6/site-packages/airflow/example_dags/example_bash_operator.py
[2022-05-23 12:08:58,749] {scheduler_job.py:643} INFO - DAG(s) dict_keys(['example_bash_operator']) retrieved from /home/airflow/.local/lib/python3.6/site-packages/airflow/example_dags/example_bash_operator.py
[2022-05-23 12:09:00,213] {logging_mixin.py:104} INFO - [2022-05-23 12:09:00,212] {dag.py:1832} INFO - Sync 1 DAGs
[2022-05-23 12:09:01,878] {logging_mixin.py:104} INFO - [2022-05-23 12:09:01,844] {dag.py:2305} INFO - Setting next_dagrun for example_bash_operator to 2022-05-21 00:00:00+00:00
[2022-05-23 12:09:02,596] {scheduler_job.py:190} INFO - Processing /home/airflow/.local/lib/python3.6/site-packages/airflow/example_dags/example_bash_operator.py took 6.048 seconds
[2022-05-23 12:10:45,592] {scheduler_job.py:182} INFO - Started process (PID=5665) to work on /home/airflow/.local/lib/python3.6/site-packages/airflow/example_dags/example_bash_operator.py
[2022-05-23 12:10:45,660] {scheduler_job.py:633} INFO - Processing file /home/airflow/.local/lib/python3.6/site-packages/airflow/example_dags/example_bash_operator.py for tasks to queue
[2022-05-23 12:10:45,664] {logging_mixin.py:104} INFO - [2022-05-23 12:10:45,664] {dagbag.py:487} INFO - Filling up the DagBag from /home/airflow/.local/lib/python3.6/site-packages/airflow/example_dags/example_bash_operator.py
[2022-05-23 12:10:46,718] {scheduler_job.py:643} INFO - DAG(s) dict_keys(['example_bash_operator']) retrieved from /home/airflow/.local/lib/python3.6/site-packages/airflow/example_dags/example_bash_operator.py
[2022-05-23 12:10:48,335] {logging_mixin.py:104} INFO - [2022-05-23 12:10:48,311] {dag.py:1832} INFO - Sync 1 DAGs
