[2022-05-23 11:11:56,440] {scheduler_job.py:182} INFO - Started process (PID=580) to work on /home/airflow/.local/lib/python3.6/site-packages/airflow/example_dags/example_branch_python_dop_operator_3.py
[2022-05-23 11:11:56,492] {scheduler_job.py:633} INFO - Processing file /home/airflow/.local/lib/python3.6/site-packages/airflow/example_dags/example_branch_python_dop_operator_3.py for tasks to queue
[2022-05-23 11:11:56,497] {logging_mixin.py:104} INFO - [2022-05-23 11:11:56,496] {dagbag.py:487} INFO - Filling up the DagBag from /home/airflow/.local/lib/python3.6/site-packages/airflow/example_dags/example_branch_python_dop_operator_3.py
[2022-05-23 11:11:57,074] {scheduler_job.py:643} INFO - DAG(s) dict_keys(['example_branch_dop_operator_v3']) retrieved from /home/airflow/.local/lib/python3.6/site-packages/airflow/example_dags/example_branch_python_dop_operator_3.py
[2022-05-23 11:12:09,653] {logging_mixin.py:104} INFO - [2022-05-23 11:12:09,637] {dag.py:1832} INFO - Sync 1 DAGs
[2022-05-23 11:12:11,091] {logging_mixin.py:104} INFO - [2022-05-23 11:12:11,086] {dag.py:2305} INFO - Setting next_dagrun for example_branch_dop_operator_v3 to 2022-05-21 00:00:00+00:00
[2022-05-23 11:12:11,434] {scheduler_job.py:190} INFO - Processing /home/airflow/.local/lib/python3.6/site-packages/airflow/example_dags/example_branch_python_dop_operator_3.py took 15.065 seconds
[2022-05-23 11:15:23,948] {scheduler_job.py:182} INFO - Started process (PID=858) to work on /home/airflow/.local/lib/python3.6/site-packages/airflow/example_dags/example_branch_python_dop_operator_3.py
[2022-05-23 11:15:24,002] {scheduler_job.py:633} INFO - Processing file /home/airflow/.local/lib/python3.6/site-packages/airflow/example_dags/example_branch_python_dop_operator_3.py for tasks to queue
[2022-05-23 11:15:24,058] {logging_mixin.py:104} INFO - [2022-05-23 11:15:24,057] {dagbag.py:487} INFO - Filling up the DagBag from /home/airflow/.local/lib/python3.6/site-packages/airflow/example_dags/example_branch_python_dop_operator_3.py
[2022-05-23 11:15:24,884] {scheduler_job.py:643} INFO - DAG(s) dict_keys(['example_branch_dop_operator_v3']) retrieved from /home/airflow/.local/lib/python3.6/site-packages/airflow/example_dags/example_branch_python_dop_operator_3.py
[2022-05-23 11:15:25,921] {logging_mixin.py:104} INFO - [2022-05-23 11:15:25,920] {dag.py:1832} INFO - Sync 1 DAGs
[2022-05-23 11:15:27,895] {logging_mixin.py:104} INFO - [2022-05-23 11:15:27,894] {dag.py:2305} INFO - Setting next_dagrun for example_branch_dop_operator_v3 to 2022-05-21 00:00:00+00:00
[2022-05-23 11:15:28,436] {scheduler_job.py:190} INFO - Processing /home/airflow/.local/lib/python3.6/site-packages/airflow/example_dags/example_branch_python_dop_operator_3.py took 4.624 seconds
[2022-05-23 11:17:57,764] {scheduler_job.py:182} INFO - Started process (PID=1115) to work on /home/airflow/.local/lib/python3.6/site-packages/airflow/example_dags/example_branch_python_dop_operator_3.py
[2022-05-23 11:17:57,825] {scheduler_job.py:633} INFO - Processing file /home/airflow/.local/lib/python3.6/site-packages/airflow/example_dags/example_branch_python_dop_operator_3.py for tasks to queue
[2022-05-23 11:17:57,862] {logging_mixin.py:104} INFO - [2022-05-23 11:17:57,861] {dagbag.py:487} INFO - Filling up the DagBag from /home/airflow/.local/lib/python3.6/site-packages/airflow/example_dags/example_branch_python_dop_operator_3.py
[2022-05-23 11:17:59,359] {scheduler_job.py:643} INFO - DAG(s) dict_keys(['example_branch_dop_operator_v3']) retrieved from /home/airflow/.local/lib/python3.6/site-packages/airflow/example_dags/example_branch_python_dop_operator_3.py
[2022-05-23 11:18:00,198] {logging_mixin.py:104} INFO - [2022-05-23 11:18:00,198] {dag.py:1832} INFO - Sync 1 DAGs
[2022-05-23 11:18:02,286] {logging_mixin.py:104} INFO - [2022-05-23 11:18:02,285] {dag.py:2305} INFO - Setting next_dagrun for example_branch_dop_operator_v3 to 2022-05-21 00:00:00+00:00
[2022-05-23 11:18:02,777] {scheduler_job.py:190} INFO - Processing /home/airflow/.local/lib/python3.6/site-packages/airflow/example_dags/example_branch_python_dop_operator_3.py took 5.172 seconds
[2022-05-23 11:20:53,145] {scheduler_job.py:182} INFO - Started process (PID=1402) to work on /home/airflow/.local/lib/python3.6/site-packages/airflow/example_dags/example_branch_python_dop_operator_3.py
[2022-05-23 11:20:53,225] {scheduler_job.py:633} INFO - Processing file /home/airflow/.local/lib/python3.6/site-packages/airflow/example_dags/example_branch_python_dop_operator_3.py for tasks to queue
[2022-05-23 11:20:53,245] {logging_mixin.py:104} INFO - [2022-05-23 11:20:53,244] {dagbag.py:487} INFO - Filling up the DagBag from /home/airflow/.local/lib/python3.6/site-packages/airflow/example_dags/example_branch_python_dop_operator_3.py
[2022-05-23 11:20:54,604] {scheduler_job.py:643} INFO - DAG(s) dict_keys(['example_branch_dop_operator_v3']) retrieved from /home/airflow/.local/lib/python3.6/site-packages/airflow/example_dags/example_branch_python_dop_operator_3.py
[2022-05-23 11:20:55,590] {logging_mixin.py:104} INFO - [2022-05-23 11:20:55,589] {dag.py:1832} INFO - Sync 1 DAGs
[2022-05-23 11:20:58,629] {logging_mixin.py:104} INFO - [2022-05-23 11:20:58,583] {dag.py:2305} INFO - Setting next_dagrun for example_branch_dop_operator_v3 to 2022-05-21 00:00:00+00:00
[2022-05-23 11:20:59,213] {scheduler_job.py:190} INFO - Processing /home/airflow/.local/lib/python3.6/site-packages/airflow/example_dags/example_branch_python_dop_operator_3.py took 6.231 seconds
[2022-05-23 11:23:31,547] {scheduler_job.py:182} INFO - Started process (PID=1682) to work on /home/airflow/.local/lib/python3.6/site-packages/airflow/example_dags/example_branch_python_dop_operator_3.py
[2022-05-23 11:23:31,581] {scheduler_job.py:633} INFO - Processing file /home/airflow/.local/lib/python3.6/site-packages/airflow/example_dags/example_branch_python_dop_operator_3.py for tasks to queue
[2022-05-23 11:23:31,625] {logging_mixin.py:104} INFO - [2022-05-23 11:23:31,624] {dagbag.py:487} INFO - Filling up the DagBag from /home/airflow/.local/lib/python3.6/site-packages/airflow/example_dags/example_branch_python_dop_operator_3.py
[2022-05-23 11:23:32,457] {scheduler_job.py:643} INFO - DAG(s) dict_keys(['example_branch_dop_operator_v3']) retrieved from /home/airflow/.local/lib/python3.6/site-packages/airflow/example_dags/example_branch_python_dop_operator_3.py
[2022-05-23 11:23:33,334] {logging_mixin.py:104} INFO - [2022-05-23 11:23:33,334] {dag.py:1832} INFO - Sync 1 DAGs
[2022-05-23 11:23:35,404] {logging_mixin.py:104} INFO - [2022-05-23 11:23:35,403] {dag.py:2305} INFO - Setting next_dagrun for example_branch_dop_operator_v3 to 2022-05-21 00:00:00+00:00
[2022-05-23 11:23:35,825] {scheduler_job.py:190} INFO - Processing /home/airflow/.local/lib/python3.6/site-packages/airflow/example_dags/example_branch_python_dop_operator_3.py took 4.377 seconds
[2022-05-23 11:25:27,008] {scheduler_job.py:182} INFO - Started process (PID=1891) to work on /home/airflow/.local/lib/python3.6/site-packages/airflow/example_dags/example_branch_python_dop_operator_3.py
[2022-05-23 11:25:27,072] {scheduler_job.py:633} INFO - Processing file /home/airflow/.local/lib/python3.6/site-packages/airflow/example_dags/example_branch_python_dop_operator_3.py for tasks to queue
[2022-05-23 11:25:27,104] {logging_mixin.py:104} INFO - [2022-05-23 11:25:27,103] {dagbag.py:487} INFO - Filling up the DagBag from /home/airflow/.local/lib/python3.6/site-packages/airflow/example_dags/example_branch_python_dop_operator_3.py
[2022-05-23 11:25:27,998] {scheduler_job.py:643} INFO - DAG(s) dict_keys(['example_branch_dop_operator_v3']) retrieved from /home/airflow/.local/lib/python3.6/site-packages/airflow/example_dags/example_branch_python_dop_operator_3.py
[2022-05-23 11:25:28,925] {logging_mixin.py:104} INFO - [2022-05-23 11:25:28,925] {dag.py:1832} INFO - Sync 1 DAGs
[2022-05-23 11:25:31,093] {logging_mixin.py:104} INFO - [2022-05-23 11:25:31,060] {dag.py:2305} INFO - Setting next_dagrun for example_branch_dop_operator_v3 to 2022-05-21 00:00:00+00:00
[2022-05-23 11:25:31,842] {scheduler_job.py:190} INFO - Processing /home/airflow/.local/lib/python3.6/site-packages/airflow/example_dags/example_branch_python_dop_operator_3.py took 4.914 seconds
[2022-05-23 11:28:21,584] {scheduler_job.py:182} INFO - Started process (PID=2182) to work on /home/airflow/.local/lib/python3.6/site-packages/airflow/example_dags/example_branch_python_dop_operator_3.py
[2022-05-23 11:28:21,660] {scheduler_job.py:633} INFO - Processing file /home/airflow/.local/lib/python3.6/site-packages/airflow/example_dags/example_branch_python_dop_operator_3.py for tasks to queue
[2022-05-23 11:28:21,731] {logging_mixin.py:104} INFO - [2022-05-23 11:28:21,730] {dagbag.py:487} INFO - Filling up the DagBag from /home/airflow/.local/lib/python3.6/site-packages/airflow/example_dags/example_branch_python_dop_operator_3.py
[2022-05-23 11:28:22,922] {scheduler_job.py:643} INFO - DAG(s) dict_keys(['example_branch_dop_operator_v3']) retrieved from /home/airflow/.local/lib/python3.6/site-packages/airflow/example_dags/example_branch_python_dop_operator_3.py
[2022-05-23 11:28:24,175] {logging_mixin.py:104} INFO - [2022-05-23 11:28:24,175] {dag.py:1832} INFO - Sync 1 DAGs
[2022-05-23 11:28:26,406] {logging_mixin.py:104} INFO - [2022-05-23 11:28:26,405] {dag.py:2305} INFO - Setting next_dagrun for example_branch_dop_operator_v3 to 2022-05-21 00:00:00+00:00
[2022-05-23 11:28:26,896] {scheduler_job.py:190} INFO - Processing /home/airflow/.local/lib/python3.6/site-packages/airflow/example_dags/example_branch_python_dop_operator_3.py took 5.485 seconds
[2022-05-23 11:41:56,518] {scheduler_job.py:182} INFO - Started process (PID=3262) to work on /home/airflow/.local/lib/python3.6/site-packages/airflow/example_dags/example_branch_python_dop_operator_3.py
[2022-05-23 11:41:56,634] {scheduler_job.py:633} INFO - Processing file /home/airflow/.local/lib/python3.6/site-packages/airflow/example_dags/example_branch_python_dop_operator_3.py for tasks to queue
[2022-05-23 11:41:56,674] {logging_mixin.py:104} INFO - [2022-05-23 11:41:56,673] {dagbag.py:487} INFO - Filling up the DagBag from /home/airflow/.local/lib/python3.6/site-packages/airflow/example_dags/example_branch_python_dop_operator_3.py
[2022-05-23 11:41:58,620] {scheduler_job.py:643} INFO - DAG(s) dict_keys(['example_branch_dop_operator_v3']) retrieved from /home/airflow/.local/lib/python3.6/site-packages/airflow/example_dags/example_branch_python_dop_operator_3.py
[2022-05-23 11:42:00,880] {logging_mixin.py:104} INFO - [2022-05-23 11:42:00,879] {dag.py:1832} INFO - Sync 1 DAGs
[2022-05-23 11:42:05,244] {logging_mixin.py:104} INFO - [2022-05-23 11:42:05,243] {dag.py:2305} INFO - Setting next_dagrun for example_branch_dop_operator_v3 to 2022-05-21 00:00:00+00:00
[2022-05-23 11:42:06,097] {scheduler_job.py:190} INFO - Processing /home/airflow/.local/lib/python3.6/site-packages/airflow/example_dags/example_branch_python_dop_operator_3.py took 9.821 seconds
[2022-05-23 12:06:16,149] {scheduler_job.py:182} INFO - Started process (PID=5211) to work on /home/airflow/.local/lib/python3.6/site-packages/airflow/example_dags/example_branch_python_dop_operator_3.py
[2022-05-23 12:06:16,261] {scheduler_job.py:633} INFO - Processing file /home/airflow/.local/lib/python3.6/site-packages/airflow/example_dags/example_branch_python_dop_operator_3.py for tasks to queue
[2022-05-23 12:06:16,291] {logging_mixin.py:104} INFO - [2022-05-23 12:06:16,290] {dagbag.py:487} INFO - Filling up the DagBag from /home/airflow/.local/lib/python3.6/site-packages/airflow/example_dags/example_branch_python_dop_operator_3.py
[2022-05-23 12:06:18,074] {scheduler_job.py:643} INFO - DAG(s) dict_keys(['example_branch_dop_operator_v3']) retrieved from /home/airflow/.local/lib/python3.6/site-packages/airflow/example_dags/example_branch_python_dop_operator_3.py
[2022-05-23 12:06:19,277] {logging_mixin.py:104} INFO - [2022-05-23 12:06:19,244] {dag.py:1832} INFO - Sync 1 DAGs
[2022-05-23 12:06:22,330] {logging_mixin.py:104} INFO - [2022-05-23 12:06:22,329] {dag.py:2305} INFO - Setting next_dagrun for example_branch_dop_operator_v3 to 2022-05-21 00:00:00+00:00
[2022-05-23 12:06:23,828] {scheduler_job.py:190} INFO - Processing /home/airflow/.local/lib/python3.6/site-packages/airflow/example_dags/example_branch_python_dop_operator_3.py took 7.908 seconds
[2022-05-23 12:09:31,190] {scheduler_job.py:182} INFO - Started process (PID=5525) to work on /home/airflow/.local/lib/python3.6/site-packages/airflow/example_dags/example_branch_python_dop_operator_3.py
[2022-05-23 12:09:31,258] {scheduler_job.py:633} INFO - Processing file /home/airflow/.local/lib/python3.6/site-packages/airflow/example_dags/example_branch_python_dop_operator_3.py for tasks to queue
[2022-05-23 12:09:31,312] {logging_mixin.py:104} INFO - [2022-05-23 12:09:31,286] {dagbag.py:487} INFO - Filling up the DagBag from /home/airflow/.local/lib/python3.6/site-packages/airflow/example_dags/example_branch_python_dop_operator_3.py
[2022-05-23 12:09:32,703] {scheduler_job.py:643} INFO - DAG(s) dict_keys(['example_branch_dop_operator_v3']) retrieved from /home/airflow/.local/lib/python3.6/site-packages/airflow/example_dags/example_branch_python_dop_operator_3.py
[2022-05-23 12:09:34,057] {logging_mixin.py:104} INFO - [2022-05-23 12:09:34,056] {dag.py:1832} INFO - Sync 1 DAGs
[2022-05-23 12:09:36,494] {logging_mixin.py:104} INFO - [2022-05-23 12:09:36,493] {dag.py:2305} INFO - Setting next_dagrun for example_branch_dop_operator_v3 to 2022-05-21 00:00:00+00:00
[2022-05-23 12:09:37,186] {scheduler_job.py:190} INFO - Processing /home/airflow/.local/lib/python3.6/site-packages/airflow/example_dags/example_branch_python_dop_operator_3.py took 6.198 seconds
