[2022-05-23 11:11:21,623] {scheduler_job.py:182} INFO - Started process (PID=540) to work on /home/airflow/.local/lib/python3.6/site-packages/airflow/example_dags/tutorial.py
[2022-05-23 11:11:21,663] {scheduler_job.py:633} INFO - Processing file /home/airflow/.local/lib/python3.6/site-packages/airflow/example_dags/tutorial.py for tasks to queue
[2022-05-23 11:11:21,669] {logging_mixin.py:104} INFO - [2022-05-23 11:11:21,667] {dagbag.py:487} INFO - Filling up the DagBag from /home/airflow/.local/lib/python3.6/site-packages/airflow/example_dags/tutorial.py
[2022-05-23 11:11:22,060] {scheduler_job.py:643} INFO - DAG(s) dict_keys(['tutorial']) retrieved from /home/airflow/.local/lib/python3.6/site-packages/airflow/example_dags/tutorial.py
[2022-05-23 11:11:32,183] {logging_mixin.py:104} INFO - [2022-05-23 11:11:32,182] {dag.py:1832} INFO - Sync 1 DAGs
[2022-05-23 11:11:32,482] {logging_mixin.py:104} INFO - [2022-05-23 11:11:32,481] {dag.py:2305} INFO - Setting next_dagrun for tutorial to 2022-05-21 00:00:00+00:00
[2022-05-23 11:11:32,642] {scheduler_job.py:190} INFO - Processing /home/airflow/.local/lib/python3.6/site-packages/airflow/example_dags/tutorial.py took 11.065 seconds
[2022-05-23 11:14:42,473] {scheduler_job.py:182} INFO - Started process (PID=804) to work on /home/airflow/.local/lib/python3.6/site-packages/airflow/example_dags/tutorial.py
[2022-05-23 11:14:42,610] {scheduler_job.py:633} INFO - Processing file /home/airflow/.local/lib/python3.6/site-packages/airflow/example_dags/tutorial.py for tasks to queue
[2022-05-23 11:14:42,660] {logging_mixin.py:104} INFO - [2022-05-23 11:14:42,659] {dagbag.py:487} INFO - Filling up the DagBag from /home/airflow/.local/lib/python3.6/site-packages/airflow/example_dags/tutorial.py
[2022-05-23 11:14:44,195] {scheduler_job.py:643} INFO - DAG(s) dict_keys(['tutorial']) retrieved from /home/airflow/.local/lib/python3.6/site-packages/airflow/example_dags/tutorial.py
[2022-05-23 11:14:45,491] {logging_mixin.py:104} INFO - [2022-05-23 11:14:45,483] {dag.py:1832} INFO - Sync 1 DAGs
[2022-05-23 11:14:46,785] {logging_mixin.py:104} INFO - [2022-05-23 11:14:46,784] {dag.py:2305} INFO - Setting next_dagrun for tutorial to 2022-05-21 00:00:00+00:00
[2022-05-23 11:14:47,611] {scheduler_job.py:190} INFO - Processing /home/airflow/.local/lib/python3.6/site-packages/airflow/example_dags/tutorial.py took 5.320 seconds
[2022-05-23 11:16:52,343] {scheduler_job.py:182} INFO - Started process (PID=998) to work on /home/airflow/.local/lib/python3.6/site-packages/airflow/example_dags/tutorial.py
[2022-05-23 11:16:52,396] {scheduler_job.py:633} INFO - Processing file /home/airflow/.local/lib/python3.6/site-packages/airflow/example_dags/tutorial.py for tasks to queue
[2022-05-23 11:16:52,447] {logging_mixin.py:104} INFO - [2022-05-23 11:16:52,432] {dagbag.py:487} INFO - Filling up the DagBag from /home/airflow/.local/lib/python3.6/site-packages/airflow/example_dags/tutorial.py
[2022-05-23 11:16:53,151] {scheduler_job.py:643} INFO - DAG(s) dict_keys(['tutorial']) retrieved from /home/airflow/.local/lib/python3.6/site-packages/airflow/example_dags/tutorial.py
[2022-05-23 11:16:53,815] {logging_mixin.py:104} INFO - [2022-05-23 11:16:53,814] {dag.py:1832} INFO - Sync 1 DAGs
[2022-05-23 11:16:54,637] {logging_mixin.py:104} INFO - [2022-05-23 11:16:54,616] {dag.py:2305} INFO - Setting next_dagrun for tutorial to 2022-05-21 00:00:00+00:00
[2022-05-23 11:16:55,021] {scheduler_job.py:190} INFO - Processing /home/airflow/.local/lib/python3.6/site-packages/airflow/example_dags/tutorial.py took 2.793 seconds
[2022-05-23 11:19:24,122] {scheduler_job.py:182} INFO - Started process (PID=1264) to work on /home/airflow/.local/lib/python3.6/site-packages/airflow/example_dags/tutorial.py
[2022-05-23 11:19:24,182] {scheduler_job.py:633} INFO - Processing file /home/airflow/.local/lib/python3.6/site-packages/airflow/example_dags/tutorial.py for tasks to queue
[2022-05-23 11:19:24,194] {logging_mixin.py:104} INFO - [2022-05-23 11:19:24,193] {dagbag.py:487} INFO - Filling up the DagBag from /home/airflow/.local/lib/python3.6/site-packages/airflow/example_dags/tutorial.py
[2022-05-23 11:19:25,198] {scheduler_job.py:643} INFO - DAG(s) dict_keys(['tutorial']) retrieved from /home/airflow/.local/lib/python3.6/site-packages/airflow/example_dags/tutorial.py
[2022-05-23 11:19:26,223] {logging_mixin.py:104} INFO - [2022-05-23 11:19:26,222] {dag.py:1832} INFO - Sync 1 DAGs
[2022-05-23 11:19:27,181] {logging_mixin.py:104} INFO - [2022-05-23 11:19:27,180] {dag.py:2305} INFO - Setting next_dagrun for tutorial to 2022-05-21 00:00:00+00:00
[2022-05-23 11:19:27,665] {scheduler_job.py:190} INFO - Processing /home/airflow/.local/lib/python3.6/site-packages/airflow/example_dags/tutorial.py took 3.733 seconds
[2022-05-23 11:22:26,022] {scheduler_job.py:182} INFO - Started process (PID=1554) to work on /home/airflow/.local/lib/python3.6/site-packages/airflow/example_dags/tutorial.py
[2022-05-23 11:22:26,110] {scheduler_job.py:633} INFO - Processing file /home/airflow/.local/lib/python3.6/site-packages/airflow/example_dags/tutorial.py for tasks to queue
[2022-05-23 11:22:26,121] {logging_mixin.py:104} INFO - [2022-05-23 11:22:26,121] {dagbag.py:487} INFO - Filling up the DagBag from /home/airflow/.local/lib/python3.6/site-packages/airflow/example_dags/tutorial.py
[2022-05-23 11:22:26,825] {scheduler_job.py:643} INFO - DAG(s) dict_keys(['tutorial']) retrieved from /home/airflow/.local/lib/python3.6/site-packages/airflow/example_dags/tutorial.py
[2022-05-23 11:22:27,627] {logging_mixin.py:104} INFO - [2022-05-23 11:22:27,627] {dag.py:1832} INFO - Sync 1 DAGs
[2022-05-23 11:22:28,653] {logging_mixin.py:104} INFO - [2022-05-23 11:22:28,614] {dag.py:2305} INFO - Setting next_dagrun for tutorial to 2022-05-21 00:00:00+00:00
[2022-05-23 11:22:29,036] {scheduler_job.py:190} INFO - Processing /home/airflow/.local/lib/python3.6/site-packages/airflow/example_dags/tutorial.py took 3.121 seconds
[2022-05-23 11:24:32,703] {scheduler_job.py:182} INFO - Started process (PID=1800) to work on /home/airflow/.local/lib/python3.6/site-packages/airflow/example_dags/tutorial.py
[2022-05-23 11:24:32,738] {scheduler_job.py:633} INFO - Processing file /home/airflow/.local/lib/python3.6/site-packages/airflow/example_dags/tutorial.py for tasks to queue
[2022-05-23 11:24:32,743] {logging_mixin.py:104} INFO - [2022-05-23 11:24:32,742] {dagbag.py:487} INFO - Filling up the DagBag from /home/airflow/.local/lib/python3.6/site-packages/airflow/example_dags/tutorial.py
[2022-05-23 11:24:33,302] {scheduler_job.py:643} INFO - DAG(s) dict_keys(['tutorial']) retrieved from /home/airflow/.local/lib/python3.6/site-packages/airflow/example_dags/tutorial.py
[2022-05-23 11:24:34,050] {logging_mixin.py:104} INFO - [2022-05-23 11:24:34,049] {dag.py:1832} INFO - Sync 1 DAGs
[2022-05-23 11:24:34,765] {logging_mixin.py:104} INFO - [2022-05-23 11:24:34,741] {dag.py:2305} INFO - Setting next_dagrun for tutorial to 2022-05-21 00:00:00+00:00
[2022-05-23 11:24:35,099] {scheduler_job.py:190} INFO - Processing /home/airflow/.local/lib/python3.6/site-packages/airflow/example_dags/tutorial.py took 2.459 seconds
[2022-05-23 11:26:53,394] {scheduler_job.py:182} INFO - Started process (PID=2030) to work on /home/airflow/.local/lib/python3.6/site-packages/airflow/example_dags/tutorial.py
[2022-05-23 11:26:53,461] {scheduler_job.py:633} INFO - Processing file /home/airflow/.local/lib/python3.6/site-packages/airflow/example_dags/tutorial.py for tasks to queue
[2022-05-23 11:26:53,485] {logging_mixin.py:104} INFO - [2022-05-23 11:26:53,485] {dagbag.py:487} INFO - Filling up the DagBag from /home/airflow/.local/lib/python3.6/site-packages/airflow/example_dags/tutorial.py
[2022-05-23 11:26:54,437] {scheduler_job.py:643} INFO - DAG(s) dict_keys(['tutorial']) retrieved from /home/airflow/.local/lib/python3.6/site-packages/airflow/example_dags/tutorial.py
[2022-05-23 11:26:55,553] {logging_mixin.py:104} INFO - [2022-05-23 11:26:55,553] {dag.py:1832} INFO - Sync 1 DAGs
[2022-05-23 11:26:56,464] {logging_mixin.py:104} INFO - [2022-05-23 11:26:56,463] {dag.py:2305} INFO - Setting next_dagrun for tutorial to 2022-05-21 00:00:00+00:00
[2022-05-23 11:26:57,162] {scheduler_job.py:190} INFO - Processing /home/airflow/.local/lib/python3.6/site-packages/airflow/example_dags/tutorial.py took 3.884 seconds
[2022-05-23 11:37:01,980] {scheduler_job.py:182} INFO - Started process (PID=2858) to work on /home/airflow/.local/lib/python3.6/site-packages/airflow/example_dags/tutorial.py
[2022-05-23 11:37:02,151] {scheduler_job.py:633} INFO - Processing file /home/airflow/.local/lib/python3.6/site-packages/airflow/example_dags/tutorial.py for tasks to queue
[2022-05-23 11:37:02,239] {logging_mixin.py:104} INFO - [2022-05-23 11:37:02,199] {dagbag.py:487} INFO - Filling up the DagBag from /home/airflow/.local/lib/python3.6/site-packages/airflow/example_dags/tutorial.py
[2022-05-23 11:37:04,228] {scheduler_job.py:643} INFO - DAG(s) dict_keys(['tutorial']) retrieved from /home/airflow/.local/lib/python3.6/site-packages/airflow/example_dags/tutorial.py
[2022-05-23 11:37:06,402] {logging_mixin.py:104} INFO - [2022-05-23 11:37:06,401] {dag.py:1832} INFO - Sync 1 DAGs
[2022-05-23 11:37:07,830] {logging_mixin.py:104} INFO - [2022-05-23 11:37:07,829] {dag.py:2305} INFO - Setting next_dagrun for tutorial to 2022-05-21 00:00:00+00:00
[2022-05-23 11:37:08,974] {scheduler_job.py:190} INFO - Processing /home/airflow/.local/lib/python3.6/site-packages/airflow/example_dags/tutorial.py took 7.181 seconds
[2022-05-23 11:41:09,842] {scheduler_job.py:182} INFO - Started process (PID=3201) to work on /home/airflow/.local/lib/python3.6/site-packages/airflow/example_dags/tutorial.py
[2022-05-23 11:41:09,953] {scheduler_job.py:633} INFO - Processing file /home/airflow/.local/lib/python3.6/site-packages/airflow/example_dags/tutorial.py for tasks to queue
[2022-05-23 11:41:10,011] {logging_mixin.py:104} INFO - [2022-05-23 11:41:09,996] {dagbag.py:487} INFO - Filling up the DagBag from /home/airflow/.local/lib/python3.6/site-packages/airflow/example_dags/tutorial.py
[2022-05-23 11:41:11,309] {scheduler_job.py:643} INFO - DAG(s) dict_keys(['tutorial']) retrieved from /home/airflow/.local/lib/python3.6/site-packages/airflow/example_dags/tutorial.py
[2022-05-23 11:41:12,996] {logging_mixin.py:104} INFO - [2022-05-23 11:41:12,996] {dag.py:1832} INFO - Sync 1 DAGs
[2022-05-23 11:41:14,090] {logging_mixin.py:104} INFO - [2022-05-23 11:41:14,090] {dag.py:2305} INFO - Setting next_dagrun for tutorial to 2022-05-21 00:00:00+00:00
[2022-05-23 11:41:14,875] {scheduler_job.py:190} INFO - Processing /home/airflow/.local/lib/python3.6/site-packages/airflow/example_dags/tutorial.py took 5.122 seconds
[2022-05-23 11:49:13,706] {scheduler_job.py:182} INFO - Started process (PID=3832) to work on /home/airflow/.local/lib/python3.6/site-packages/airflow/example_dags/tutorial.py
[2022-05-23 11:49:13,825] {scheduler_job.py:633} INFO - Processing file /home/airflow/.local/lib/python3.6/site-packages/airflow/example_dags/tutorial.py for tasks to queue
[2022-05-23 11:49:13,898] {logging_mixin.py:104} INFO - [2022-05-23 11:49:13,897] {dagbag.py:487} INFO - Filling up the DagBag from /home/airflow/.local/lib/python3.6/site-packages/airflow/example_dags/tutorial.py
[2022-05-23 11:49:16,315] {scheduler_job.py:643} INFO - DAG(s) dict_keys(['tutorial']) retrieved from /home/airflow/.local/lib/python3.6/site-packages/airflow/example_dags/tutorial.py
[2022-05-23 11:49:19,213] {logging_mixin.py:104} INFO - [2022-05-23 11:49:19,157] {dag.py:1832} INFO - Sync 1 DAGs
[2022-05-23 11:49:21,749] {logging_mixin.py:104} INFO - [2022-05-23 11:49:21,748] {dag.py:2305} INFO - Setting next_dagrun for tutorial to 2022-05-21 00:00:00+00:00
[2022-05-23 11:49:23,251] {scheduler_job.py:190} INFO - Processing /home/airflow/.local/lib/python3.6/site-packages/airflow/example_dags/tutorial.py took 9.910 seconds
[2022-05-23 12:00:04,347] {scheduler_job.py:182} INFO - Started process (PID=4656) to work on /home/airflow/.local/lib/python3.6/site-packages/airflow/example_dags/tutorial.py
[2022-05-23 12:00:04,483] {scheduler_job.py:633} INFO - Processing file /home/airflow/.local/lib/python3.6/site-packages/airflow/example_dags/tutorial.py for tasks to queue
[2022-05-23 12:00:04,560] {logging_mixin.py:104} INFO - [2022-05-23 12:00:04,560] {dagbag.py:487} INFO - Filling up the DagBag from /home/airflow/.local/lib/python3.6/site-packages/airflow/example_dags/tutorial.py
[2022-05-23 12:00:06,785] {scheduler_job.py:643} INFO - DAG(s) dict_keys(['tutorial']) retrieved from /home/airflow/.local/lib/python3.6/site-packages/airflow/example_dags/tutorial.py
[2022-05-23 12:00:09,336] {logging_mixin.py:104} INFO - [2022-05-23 12:00:09,336] {dag.py:1832} INFO - Sync 1 DAGs
[2022-05-23 12:00:11,081] {logging_mixin.py:104} INFO - [2022-05-23 12:00:11,003] {dag.py:2305} INFO - Setting next_dagrun for tutorial to 2022-05-21 00:00:00+00:00
[2022-05-23 12:00:12,129] {scheduler_job.py:190} INFO - Processing /home/airflow/.local/lib/python3.6/site-packages/airflow/example_dags/tutorial.py took 8.005 seconds
[2022-05-23 12:05:32,503] {scheduler_job.py:182} INFO - Started process (PID=5148) to work on /home/airflow/.local/lib/python3.6/site-packages/airflow/example_dags/tutorial.py
[2022-05-23 12:05:32,631] {scheduler_job.py:633} INFO - Processing file /home/airflow/.local/lib/python3.6/site-packages/airflow/example_dags/tutorial.py for tasks to queue
[2022-05-23 12:05:32,652] {logging_mixin.py:104} INFO - [2022-05-23 12:05:32,652] {dagbag.py:487} INFO - Filling up the DagBag from /home/airflow/.local/lib/python3.6/site-packages/airflow/example_dags/tutorial.py
[2022-05-23 12:05:33,990] {scheduler_job.py:643} INFO - DAG(s) dict_keys(['tutorial']) retrieved from /home/airflow/.local/lib/python3.6/site-packages/airflow/example_dags/tutorial.py
[2022-05-23 12:05:35,593] {logging_mixin.py:104} INFO - [2022-05-23 12:05:35,493] {dag.py:1832} INFO - Sync 1 DAGs
[2022-05-23 12:05:36,843] {logging_mixin.py:104} INFO - [2022-05-23 12:05:36,788] {dag.py:2305} INFO - Setting next_dagrun for tutorial to 2022-05-21 00:00:00+00:00
[2022-05-23 12:05:37,553] {scheduler_job.py:190} INFO - Processing /home/airflow/.local/lib/python3.6/site-packages/airflow/example_dags/tutorial.py took 5.277 seconds
[2022-05-23 12:08:51,789] {scheduler_job.py:182} INFO - Started process (PID=5461) to work on /home/airflow/.local/lib/python3.6/site-packages/airflow/example_dags/tutorial.py
[2022-05-23 12:08:51,876] {scheduler_job.py:633} INFO - Processing file /home/airflow/.local/lib/python3.6/site-packages/airflow/example_dags/tutorial.py for tasks to queue
[2022-05-23 12:08:52,006] {logging_mixin.py:104} INFO - [2022-05-23 12:08:51,961] {dagbag.py:487} INFO - Filling up the DagBag from /home/airflow/.local/lib/python3.6/site-packages/airflow/example_dags/tutorial.py
[2022-05-23 12:08:53,646] {scheduler_job.py:643} INFO - DAG(s) dict_keys(['tutorial']) retrieved from /home/airflow/.local/lib/python3.6/site-packages/airflow/example_dags/tutorial.py
[2022-05-23 12:08:55,067] {logging_mixin.py:104} INFO - [2022-05-23 12:08:55,067] {dag.py:1832} INFO - Sync 1 DAGs
[2022-05-23 12:08:55,653] {logging_mixin.py:104} INFO - [2022-05-23 12:08:55,652] {dag.py:2305} INFO - Setting next_dagrun for tutorial to 2022-05-21 00:00:00+00:00
[2022-05-23 12:08:56,053] {scheduler_job.py:190} INFO - Processing /home/airflow/.local/lib/python3.6/site-packages/airflow/example_dags/tutorial.py took 4.384 seconds
[2022-05-23 12:10:43,713] {scheduler_job.py:182} INFO - Started process (PID=5660) to work on /home/airflow/.local/lib/python3.6/site-packages/airflow/example_dags/tutorial.py
[2022-05-23 12:10:43,773] {scheduler_job.py:633} INFO - Processing file /home/airflow/.local/lib/python3.6/site-packages/airflow/example_dags/tutorial.py for tasks to queue
[2022-05-23 12:10:43,801] {logging_mixin.py:104} INFO - [2022-05-23 12:10:43,801] {dagbag.py:487} INFO - Filling up the DagBag from /home/airflow/.local/lib/python3.6/site-packages/airflow/example_dags/tutorial.py
[2022-05-23 12:10:44,645] {scheduler_job.py:643} INFO - DAG(s) dict_keys(['tutorial']) retrieved from /home/airflow/.local/lib/python3.6/site-packages/airflow/example_dags/tutorial.py
[2022-05-23 12:10:45,673] {logging_mixin.py:104} INFO - [2022-05-23 12:10:45,673] {dag.py:1832} INFO - Sync 1 DAGs
[2022-05-23 12:10:46,321] {logging_mixin.py:104} INFO - [2022-05-23 12:10:46,289] {dag.py:2305} INFO - Setting next_dagrun for tutorial to 2022-05-21 00:00:00+00:00
[2022-05-23 12:10:46,803] {scheduler_job.py:190} INFO - Processing /home/airflow/.local/lib/python3.6/site-packages/airflow/example_dags/tutorial.py took 3.271 seconds
