[2022-05-23 11:12:15,491] {scheduler_job.py:182} INFO - Started process (PID=602) to work on /home/airflow/.local/lib/python3.6/site-packages/airflow/example_dags/tutorial_etl_dag.py
[2022-05-23 11:12:15,532] {scheduler_job.py:633} INFO - Processing file /home/airflow/.local/lib/python3.6/site-packages/airflow/example_dags/tutorial_etl_dag.py for tasks to queue
[2022-05-23 11:12:15,552] {logging_mixin.py:104} INFO - [2022-05-23 11:12:15,552] {dagbag.py:487} INFO - Filling up the DagBag from /home/airflow/.local/lib/python3.6/site-packages/airflow/example_dags/tutorial_etl_dag.py
[2022-05-23 11:12:16,072] {scheduler_job.py:643} INFO - DAG(s) dict_keys(['tutorial_etl_dag']) retrieved from /home/airflow/.local/lib/python3.6/site-packages/airflow/example_dags/tutorial_etl_dag.py
[2022-05-23 11:12:35,334] {logging_mixin.py:104} INFO - [2022-05-23 11:12:35,333] {dag.py:1832} INFO - Sync 1 DAGs
[2022-05-23 11:12:36,013] {logging_mixin.py:104} INFO - [2022-05-23 11:12:36,013] {dag.py:2305} INFO - Setting next_dagrun for tutorial_etl_dag to None
[2022-05-23 11:12:36,565] {scheduler_job.py:190} INFO - Processing /home/airflow/.local/lib/python3.6/site-packages/airflow/example_dags/tutorial_etl_dag.py took 21.157 seconds
[2022-05-23 11:15:34,814] {scheduler_job.py:182} INFO - Started process (PID=864) to work on /home/airflow/.local/lib/python3.6/site-packages/airflow/example_dags/tutorial_etl_dag.py
[2022-05-23 11:15:34,858] {scheduler_job.py:633} INFO - Processing file /home/airflow/.local/lib/python3.6/site-packages/airflow/example_dags/tutorial_etl_dag.py for tasks to queue
[2022-05-23 11:15:34,889] {logging_mixin.py:104} INFO - [2022-05-23 11:15:34,888] {dagbag.py:487} INFO - Filling up the DagBag from /home/airflow/.local/lib/python3.6/site-packages/airflow/example_dags/tutorial_etl_dag.py
[2022-05-23 11:15:35,514] {scheduler_job.py:643} INFO - DAG(s) dict_keys(['tutorial_etl_dag']) retrieved from /home/airflow/.local/lib/python3.6/site-packages/airflow/example_dags/tutorial_etl_dag.py
[2022-05-23 11:15:36,369] {logging_mixin.py:104} INFO - [2022-05-23 11:15:36,368] {dag.py:1832} INFO - Sync 1 DAGs
[2022-05-23 11:15:37,044] {logging_mixin.py:104} INFO - [2022-05-23 11:15:37,043] {dag.py:2305} INFO - Setting next_dagrun for tutorial_etl_dag to None
[2022-05-23 11:15:37,444] {scheduler_job.py:190} INFO - Processing /home/airflow/.local/lib/python3.6/site-packages/airflow/example_dags/tutorial_etl_dag.py took 2.718 seconds
[2022-05-23 11:18:08,114] {scheduler_job.py:182} INFO - Started process (PID=1138) to work on /home/airflow/.local/lib/python3.6/site-packages/airflow/example_dags/tutorial_etl_dag.py
[2022-05-23 11:18:08,146] {scheduler_job.py:633} INFO - Processing file /home/airflow/.local/lib/python3.6/site-packages/airflow/example_dags/tutorial_etl_dag.py for tasks to queue
[2022-05-23 11:18:08,180] {logging_mixin.py:104} INFO - [2022-05-23 11:18:08,168] {dagbag.py:487} INFO - Filling up the DagBag from /home/airflow/.local/lib/python3.6/site-packages/airflow/example_dags/tutorial_etl_dag.py
[2022-05-23 11:18:08,975] {scheduler_job.py:643} INFO - DAG(s) dict_keys(['tutorial_etl_dag']) retrieved from /home/airflow/.local/lib/python3.6/site-packages/airflow/example_dags/tutorial_etl_dag.py
[2022-05-23 11:18:10,042] {logging_mixin.py:104} INFO - [2022-05-23 11:18:10,041] {dag.py:1832} INFO - Sync 1 DAGs
[2022-05-23 11:18:11,009] {logging_mixin.py:104} INFO - [2022-05-23 11:18:10,982] {dag.py:2305} INFO - Setting next_dagrun for tutorial_etl_dag to None
[2022-05-23 11:18:11,476] {scheduler_job.py:190} INFO - Processing /home/airflow/.local/lib/python3.6/site-packages/airflow/example_dags/tutorial_etl_dag.py took 3.453 seconds
[2022-05-23 11:20:59,631] {scheduler_job.py:182} INFO - Started process (PID=1423) to work on /home/airflow/.local/lib/python3.6/site-packages/airflow/example_dags/tutorial_etl_dag.py
[2022-05-23 11:20:59,691] {scheduler_job.py:633} INFO - Processing file /home/airflow/.local/lib/python3.6/site-packages/airflow/example_dags/tutorial_etl_dag.py for tasks to queue
[2022-05-23 11:20:59,724] {logging_mixin.py:104} INFO - [2022-05-23 11:20:59,723] {dagbag.py:487} INFO - Filling up the DagBag from /home/airflow/.local/lib/python3.6/site-packages/airflow/example_dags/tutorial_etl_dag.py
[2022-05-23 11:21:00,541] {scheduler_job.py:643} INFO - DAG(s) dict_keys(['tutorial_etl_dag']) retrieved from /home/airflow/.local/lib/python3.6/site-packages/airflow/example_dags/tutorial_etl_dag.py
[2022-05-23 11:21:01,722] {logging_mixin.py:104} INFO - [2022-05-23 11:21:01,720] {dag.py:1832} INFO - Sync 1 DAGs
[2022-05-23 11:21:02,830] {logging_mixin.py:104} INFO - [2022-05-23 11:21:02,829] {dag.py:2305} INFO - Setting next_dagrun for tutorial_etl_dag to None
[2022-05-23 11:21:03,499] {scheduler_job.py:190} INFO - Processing /home/airflow/.local/lib/python3.6/site-packages/airflow/example_dags/tutorial_etl_dag.py took 3.969 seconds
[2022-05-23 11:23:36,243] {scheduler_job.py:182} INFO - Started process (PID=1691) to work on /home/airflow/.local/lib/python3.6/site-packages/airflow/example_dags/tutorial_etl_dag.py
[2022-05-23 11:23:36,294] {scheduler_job.py:633} INFO - Processing file /home/airflow/.local/lib/python3.6/site-packages/airflow/example_dags/tutorial_etl_dag.py for tasks to queue
[2022-05-23 11:23:36,300] {logging_mixin.py:104} INFO - [2022-05-23 11:23:36,299] {dagbag.py:487} INFO - Filling up the DagBag from /home/airflow/.local/lib/python3.6/site-packages/airflow/example_dags/tutorial_etl_dag.py
[2022-05-23 11:23:36,884] {scheduler_job.py:643} INFO - DAG(s) dict_keys(['tutorial_etl_dag']) retrieved from /home/airflow/.local/lib/python3.6/site-packages/airflow/example_dags/tutorial_etl_dag.py
[2022-05-23 11:23:37,434] {logging_mixin.py:104} INFO - [2022-05-23 11:23:37,419] {dag.py:1832} INFO - Sync 1 DAGs
[2022-05-23 11:23:38,227] {logging_mixin.py:104} INFO - [2022-05-23 11:23:38,226] {dag.py:2305} INFO - Setting next_dagrun for tutorial_etl_dag to None
[2022-05-23 11:23:38,622] {scheduler_job.py:190} INFO - Processing /home/airflow/.local/lib/python3.6/site-packages/airflow/example_dags/tutorial_etl_dag.py took 2.513 seconds
[2022-05-23 11:25:33,484] {scheduler_job.py:182} INFO - Started process (PID=1906) to work on /home/airflow/.local/lib/python3.6/site-packages/airflow/example_dags/tutorial_etl_dag.py
[2022-05-23 11:25:33,543] {scheduler_job.py:633} INFO - Processing file /home/airflow/.local/lib/python3.6/site-packages/airflow/example_dags/tutorial_etl_dag.py for tasks to queue
[2022-05-23 11:25:33,571] {logging_mixin.py:104} INFO - [2022-05-23 11:25:33,571] {dagbag.py:487} INFO - Filling up the DagBag from /home/airflow/.local/lib/python3.6/site-packages/airflow/example_dags/tutorial_etl_dag.py
[2022-05-23 11:25:34,180] {scheduler_job.py:643} INFO - DAG(s) dict_keys(['tutorial_etl_dag']) retrieved from /home/airflow/.local/lib/python3.6/site-packages/airflow/example_dags/tutorial_etl_dag.py
[2022-05-23 11:25:34,968] {logging_mixin.py:104} INFO - [2022-05-23 11:25:34,967] {dag.py:1832} INFO - Sync 1 DAGs
[2022-05-23 11:25:35,810] {logging_mixin.py:104} INFO - [2022-05-23 11:25:35,810] {dag.py:2305} INFO - Setting next_dagrun for tutorial_etl_dag to None
[2022-05-23 11:25:36,314] {scheduler_job.py:190} INFO - Processing /home/airflow/.local/lib/python3.6/site-packages/airflow/example_dags/tutorial_etl_dag.py took 2.898 seconds
[2022-05-23 11:28:27,214] {scheduler_job.py:182} INFO - Started process (PID=2188) to work on /home/airflow/.local/lib/python3.6/site-packages/airflow/example_dags/tutorial_etl_dag.py
[2022-05-23 11:28:27,247] {scheduler_job.py:633} INFO - Processing file /home/airflow/.local/lib/python3.6/site-packages/airflow/example_dags/tutorial_etl_dag.py for tasks to queue
[2022-05-23 11:28:27,286] {logging_mixin.py:104} INFO - [2022-05-23 11:28:27,270] {dagbag.py:487} INFO - Filling up the DagBag from /home/airflow/.local/lib/python3.6/site-packages/airflow/example_dags/tutorial_etl_dag.py
[2022-05-23 11:28:27,910] {scheduler_job.py:643} INFO - DAG(s) dict_keys(['tutorial_etl_dag']) retrieved from /home/airflow/.local/lib/python3.6/site-packages/airflow/example_dags/tutorial_etl_dag.py
[2022-05-23 11:28:29,411] {logging_mixin.py:104} INFO - [2022-05-23 11:28:29,409] {dag.py:1832} INFO - Sync 1 DAGs
[2022-05-23 11:28:30,798] {logging_mixin.py:104} INFO - [2022-05-23 11:28:30,762] {dag.py:2305} INFO - Setting next_dagrun for tutorial_etl_dag to None
[2022-05-23 11:28:31,452] {scheduler_job.py:190} INFO - Processing /home/airflow/.local/lib/python3.6/site-packages/airflow/example_dags/tutorial_etl_dag.py took 4.315 seconds
[2022-05-23 11:42:30,568] {scheduler_job.py:182} INFO - Started process (PID=3306) to work on /home/airflow/.local/lib/python3.6/site-packages/airflow/example_dags/tutorial_etl_dag.py
[2022-05-23 11:42:30,961] {scheduler_job.py:633} INFO - Processing file /home/airflow/.local/lib/python3.6/site-packages/airflow/example_dags/tutorial_etl_dag.py for tasks to queue
[2022-05-23 11:42:31,257] {logging_mixin.py:104} INFO - [2022-05-23 11:42:31,159] {dagbag.py:487} INFO - Filling up the DagBag from /home/airflow/.local/lib/python3.6/site-packages/airflow/example_dags/tutorial_etl_dag.py
[2022-05-23 11:42:35,480] {scheduler_job.py:643} INFO - DAG(s) dict_keys(['tutorial_etl_dag']) retrieved from /home/airflow/.local/lib/python3.6/site-packages/airflow/example_dags/tutorial_etl_dag.py
[2022-05-23 11:42:39,599] {logging_mixin.py:104} INFO - [2022-05-23 11:42:39,535] {dag.py:1832} INFO - Sync 1 DAGs
[2022-05-23 11:42:41,583] {logging_mixin.py:104} INFO - [2022-05-23 11:42:41,556] {dag.py:2305} INFO - Setting next_dagrun for tutorial_etl_dag to None
[2022-05-23 11:42:43,039] {scheduler_job.py:190} INFO - Processing /home/airflow/.local/lib/python3.6/site-packages/airflow/example_dags/tutorial_etl_dag.py took 13.758 seconds
[2022-05-23 12:06:40,260] {scheduler_job.py:182} INFO - Started process (PID=5245) to work on /home/airflow/.local/lib/python3.6/site-packages/airflow/example_dags/tutorial_etl_dag.py
[2022-05-23 12:06:40,346] {scheduler_job.py:633} INFO - Processing file /home/airflow/.local/lib/python3.6/site-packages/airflow/example_dags/tutorial_etl_dag.py for tasks to queue
[2022-05-23 12:06:40,403] {logging_mixin.py:104} INFO - [2022-05-23 12:06:40,402] {dagbag.py:487} INFO - Filling up the DagBag from /home/airflow/.local/lib/python3.6/site-packages/airflow/example_dags/tutorial_etl_dag.py
[2022-05-23 12:06:41,749] {scheduler_job.py:643} INFO - DAG(s) dict_keys(['tutorial_etl_dag']) retrieved from /home/airflow/.local/lib/python3.6/site-packages/airflow/example_dags/tutorial_etl_dag.py
[2022-05-23 12:06:43,358] {logging_mixin.py:104} INFO - [2022-05-23 12:06:43,357] {dag.py:1832} INFO - Sync 1 DAGs
[2022-05-23 12:06:44,734] {logging_mixin.py:104} INFO - [2022-05-23 12:06:44,670] {dag.py:2305} INFO - Setting next_dagrun for tutorial_etl_dag to None
[2022-05-23 12:06:45,570] {scheduler_job.py:190} INFO - Processing /home/airflow/.local/lib/python3.6/site-packages/airflow/example_dags/tutorial_etl_dag.py took 5.513 seconds
[2022-05-23 12:09:47,078] {scheduler_job.py:182} INFO - Started process (PID=5553) to work on /home/airflow/.local/lib/python3.6/site-packages/airflow/example_dags/tutorial_etl_dag.py
[2022-05-23 12:09:47,115] {scheduler_job.py:633} INFO - Processing file /home/airflow/.local/lib/python3.6/site-packages/airflow/example_dags/tutorial_etl_dag.py for tasks to queue
[2022-05-23 12:09:47,140] {logging_mixin.py:104} INFO - [2022-05-23 12:09:47,140] {dagbag.py:487} INFO - Filling up the DagBag from /home/airflow/.local/lib/python3.6/site-packages/airflow/example_dags/tutorial_etl_dag.py
[2022-05-23 12:09:48,362] {scheduler_job.py:643} INFO - DAG(s) dict_keys(['tutorial_etl_dag']) retrieved from /home/airflow/.local/lib/python3.6/site-packages/airflow/example_dags/tutorial_etl_dag.py
[2022-05-23 12:09:49,472] {logging_mixin.py:104} INFO - [2022-05-23 12:09:49,452] {dag.py:1832} INFO - Sync 1 DAGs
[2022-05-23 12:09:50,839] {logging_mixin.py:104} INFO - [2022-05-23 12:09:50,838] {dag.py:2305} INFO - Setting next_dagrun for tutorial_etl_dag to None
[2022-05-23 12:09:51,344] {scheduler_job.py:190} INFO - Processing /home/airflow/.local/lib/python3.6/site-packages/airflow/example_dags/tutorial_etl_dag.py took 4.342 seconds
