[2022-07-31 17:25:44,850] {taskinstance.py:1159} INFO - Dependencies all met for <TaskInstance: my_python_dag.task_3 scheduled__2022-07-30T00:00:00+00:00 [queued]>
[2022-07-31 17:25:44,861] {taskinstance.py:1159} INFO - Dependencies all met for <TaskInstance: my_python_dag.task_3 scheduled__2022-07-30T00:00:00+00:00 [queued]>
[2022-07-31 17:25:44,861] {taskinstance.py:1356} INFO - 
--------------------------------------------------------------------------------
[2022-07-31 17:25:44,861] {taskinstance.py:1357} INFO - Starting attempt 1 of 1
[2022-07-31 17:25:44,861] {taskinstance.py:1358} INFO - 
--------------------------------------------------------------------------------
[2022-07-31 17:25:44,869] {taskinstance.py:1377} INFO - Executing <Task(PythonOperator): task_3> on 2022-07-30 00:00:00+00:00
[2022-07-31 17:25:44,875] {standard_task_runner.py:52} INFO - Started process 2030 to run task
[2022-07-31 17:25:44,879] {standard_task_runner.py:79} INFO - Running: ['airflow', 'tasks', 'run', 'my_python_dag', 'task_3', 'scheduled__2022-07-30T00:00:00+00:00', '--job-id', '225', '--raw', '--subdir', 'DAGS_FOLDER/test3.py', '--cfg-path', '/var/folders/6v/f1q42tlx39bf4xb4nltqccj00000gn/T/tmpa1q9wbqb', '--error-file', '/var/folders/6v/f1q42tlx39bf4xb4nltqccj00000gn/T/tmpyewhp1kf']
[2022-07-31 17:25:44,880] {standard_task_runner.py:80} INFO - Job 225: Subtask task_3
[2022-07-31 17:25:44,929] {task_command.py:369} INFO - Running <TaskInstance: my_python_dag.task_3 scheduled__2022-07-30T00:00:00+00:00 [running]> on host janghuisuui-macbookair.local
[2022-07-31 17:25:44,984] {taskinstance.py:1569} INFO - Exporting the following env vars:
AIRFLOW_CTX_DAG_OWNER=testJang
AIRFLOW_CTX_DAG_ID=my_python_dag
AIRFLOW_CTX_TASK_ID=task_3
AIRFLOW_CTX_EXECUTION_DATE=2022-07-30T00:00:00+00:00
AIRFLOW_CTX_TRY_NUMBER=1
AIRFLOW_CTX_DAG_RUN_ID=scheduled__2022-07-30T00:00:00+00:00
[2022-07-31 17:25:44,985] {logging_mixin.py:115} INFO - ====================================================================================================
[2022-07-31 17:25:44,985] {logging_mixin.py:115} INFO - seconds: 10
[2022-07-31 17:25:44,985] {logging_mixin.py:115} INFO - ====================================================================================================
[2022-07-31 17:25:44,985] {logging_mixin.py:115} INFO - {'conf': <airflow.configuration.AirflowConfigParser object at 0x7fa7e836ab50>, 'dag': <DAG: my_python_dag>, 'dag_run': <DagRun my_python_dag @ 2022-07-30 00:00:00+00:00: scheduled__2022-07-30T00:00:00+00:00, externally triggered: False>, 'data_interval_end': DateTime(2022, 7, 31, 0, 0, 0, tzinfo=Timezone('UTC')), 'data_interval_start': DateTime(2022, 7, 30, 0, 0, 0, tzinfo=Timezone('UTC')), 'ds': '2022-07-30', 'ds_nodash': '20220730', 'execution_date': <Proxy at 0x7fa7c8685400 with factory functools.partial(<function lazy_mapping_from_context.<locals>._deprecated_proxy_factory at 0x7fa7f8b48ee0>, 'execution_date', DateTime(2022, 7, 30, 0, 0, 0, tzinfo=Timezone('UTC')))>, 'inlets': [], 'logical_date': DateTime(2022, 7, 30, 0, 0, 0, tzinfo=Timezone('UTC')), 'macros': <module 'airflow.macros' from '/Users/jangheesu/opt/anaconda3/envs/airflow2.3.0/lib/python3.8/site-packages/airflow/macros/__init__.py'>, 'next_ds': <Proxy at 0x7fa7d872d1c0 with factory functools.partial(<function lazy_mapping_from_context.<locals>._deprecated_proxy_factory at 0x7fa7f8b48ee0>, 'next_ds', '2022-07-31')>, 'next_ds_nodash': <Proxy at 0x7fa7d872d800 with factory functools.partial(<function lazy_mapping_from_context.<locals>._deprecated_proxy_factory at 0x7fa7f8b48ee0>, 'next_ds_nodash', '20220731')>, 'next_execution_date': <Proxy at 0x7fa7d872d640 with factory functools.partial(<function lazy_mapping_from_context.<locals>._deprecated_proxy_factory at 0x7fa7f8b48ee0>, 'next_execution_date', DateTime(2022, 7, 31, 0, 0, 0, tzinfo=Timezone('UTC')))>, 'outlets': [], 'params': {}, 'prev_data_interval_start_success': DateTime(2022, 7, 29, 0, 0, 0, tzinfo=Timezone('UTC')), 'prev_data_interval_end_success': DateTime(2022, 7, 30, 0, 0, 0, tzinfo=Timezone('UTC')), 'prev_ds': <Proxy at 0x7fa7d872dc80 with factory functools.partial(<function lazy_mapping_from_context.<locals>._deprecated_proxy_factory at 0x7fa7f8b48ee0>, 'prev_ds', '2022-07-29')>, 'prev_ds_nodash': <Proxy at 0x7fa7d872dcc0 with factory functools.partial(<function lazy_mapping_from_context.<locals>._deprecated_proxy_factory at 0x7fa7f8b48ee0>, 'prev_ds_nodash', '20220729')>, 'prev_execution_date': <Proxy at 0x7fa7d872dd00 with factory functools.partial(<function lazy_mapping_from_context.<locals>._deprecated_proxy_factory at 0x7fa7f8b48ee0>, 'prev_execution_date', DateTime(2022, 7, 29, 0, 0, 0, tzinfo=Timezone('UTC')))>, 'prev_execution_date_success': <Proxy at 0x7fa7d872dd80 with factory functools.partial(<function lazy_mapping_from_context.<locals>._deprecated_proxy_factory at 0x7fa7f8b48ee0>, 'prev_execution_date_success', DateTime(2022, 7, 29, 0, 0, 0, tzinfo=Timezone('UTC')))>, 'prev_start_date_success': DateTime(2022, 7, 30, 5, 51, 45, 20849, tzinfo=Timezone('UTC')), 'run_id': 'scheduled__2022-07-30T00:00:00+00:00', 'task': <Task(PythonOperator): task_3>, 'task_instance': <TaskInstance: my_python_dag.task_3 scheduled__2022-07-30T00:00:00+00:00 [running]>, 'task_instance_key_str': 'my_python_dag__task_3__20220730', 'test_mode': False, 'ti': <TaskInstance: my_python_dag.task_3 scheduled__2022-07-30T00:00:00+00:00 [running]>, 'tomorrow_ds': <Proxy at 0x7fa7d872de80 with factory functools.partial(<function lazy_mapping_from_context.<locals>._deprecated_proxy_factory at 0x7fa7f8b48ee0>, 'tomorrow_ds', '2022-07-31')>, 'tomorrow_ds_nodash': <Proxy at 0x7fa7d872dec0 with factory functools.partial(<function lazy_mapping_from_context.<locals>._deprecated_proxy_factory at 0x7fa7f8b48ee0>, 'tomorrow_ds_nodash', '20220731')>, 'ts': '2022-07-30T00:00:00+00:00', 'ts_nodash': '20220730T000000', 'ts_nodash_with_tz': '20220730T000000+0000', 'var': {'json': None, 'value': None}, 'conn': None, 'yesterday_ds': <Proxy at 0x7fa7d872df40 with factory functools.partial(<function lazy_mapping_from_context.<locals>._deprecated_proxy_factory at 0x7fa7f8b48ee0>, 'yesterday_ds', '2022-07-29')>, 'yesterday_ds_nodash': <Proxy at 0x7fa7d872df80 with factory functools.partial(<function lazy_mapping_from_context.<locals>._deprecated_proxy_factory at 0x7fa7f8b48ee0>, 'yesterday_ds_nodash', '20220729')>, 'templates_dict': None}
[2022-07-31 17:25:44,985] {logging_mixin.py:115} INFO - ====================================================================================================
[2022-07-31 17:25:49,941] {local_task_job.py:193} ERROR - The recorded hostname janghuisuui-macbookair.local does not match this instance's hostname 1.0.0.127.in-addr.arpa
[2022-07-31 17:25:49,954] {process_utils.py:125} INFO - Sending Signals.SIGTERM to group 2030. PIDs of all processes in the group: [2030]
[2022-07-31 17:25:49,954] {process_utils.py:80} INFO - Sending the signal Signals.SIGTERM to group 2030
[2022-07-31 17:25:49,955] {taskinstance.py:1541} ERROR - Received SIGTERM. Terminating subprocesses.
[2022-07-31 17:25:49,970] {taskinstance.py:1889} ERROR - Task failed with exception
Traceback (most recent call last):
  File "/Users/jangheesu/opt/anaconda3/envs/airflow2.3.0/lib/python3.8/site-packages/airflow/operators/python.py", line 171, in execute
    return_value = self.execute_callable()
  File "/Users/jangheesu/opt/anaconda3/envs/airflow2.3.0/lib/python3.8/site-packages/airflow/operators/python.py", line 189, in execute_callable
    return self.python_callable(*self.op_args, **self.op_kwargs)
  File "/Users/jangheesu/airflow/dags/test3.py", line 31, in sleep_seconds
    time.sleep(seconds)
  File "/Users/jangheesu/opt/anaconda3/envs/airflow2.3.0/lib/python3.8/site-packages/airflow/models/taskinstance.py", line 1543, in signal_handler
    raise AirflowException("Task received SIGTERM signal")
airflow.exceptions.AirflowException: Task received SIGTERM signal
[2022-07-31 17:25:49,976] {taskinstance.py:1395} INFO - Marking task as FAILED. dag_id=my_python_dag, task_id=task_3, execution_date=20220730T000000, start_date=20220731T082544, end_date=20220731T082549
[2022-07-31 17:25:49,987] {standard_task_runner.py:92} ERROR - Failed to execute job 225 for task task_3 (Task received SIGTERM signal; 2030)
[2022-07-31 17:25:50,009] {process_utils.py:75} INFO - Process psutil.Process(pid=2030, status='terminated', exitcode=1, started='17:25:44') (2030) terminated with exit code 1
