[2022-07-24 19:47:05,685] {taskinstance.py:1159} INFO - Dependencies all met for <TaskInstance: my_first_dag.print_whoami manual__2022-07-24T10:46:59.454886+00:00 [queued]>
[2022-07-24 19:47:05,692] {taskinstance.py:1159} INFO - Dependencies all met for <TaskInstance: my_first_dag.print_whoami manual__2022-07-24T10:46:59.454886+00:00 [queued]>
[2022-07-24 19:47:05,692] {taskinstance.py:1356} INFO - 
--------------------------------------------------------------------------------
[2022-07-24 19:47:05,692] {taskinstance.py:1357} INFO - Starting attempt 1 of 1
[2022-07-24 19:47:05,692] {taskinstance.py:1358} INFO - 
--------------------------------------------------------------------------------
[2022-07-24 19:47:05,700] {taskinstance.py:1377} INFO - Executing <Task(BashOperator): print_whoami> on 2022-07-24 10:46:59.454886+00:00
[2022-07-24 19:47:05,708] {standard_task_runner.py:52} INFO - Started process 84405 to run task
[2022-07-24 19:47:05,713] {standard_task_runner.py:79} INFO - Running: ['airflow', 'tasks', 'run', 'my_first_dag', 'print_whoami', 'manual__2022-07-24T10:46:59.454886+00:00', '--job-id', '12', '--raw', '--subdir', 'DAGS_FOLDER/test.py', '--cfg-path', '/var/folders/6v/f1q42tlx39bf4xb4nltqccj00000gn/T/tmpfzbxooqd', '--error-file', '/var/folders/6v/f1q42tlx39bf4xb4nltqccj00000gn/T/tmpiqnk6bd4']
[2022-07-24 19:47:05,714] {standard_task_runner.py:80} INFO - Job 12: Subtask print_whoami
[2022-07-24 19:47:05,759] {task_command.py:369} INFO - Running <TaskInstance: my_first_dag.print_whoami manual__2022-07-24T10:46:59.454886+00:00 [running]> on host janghuisuui-MacBookAir.local
[2022-07-24 19:47:05,815] {taskinstance.py:1569} INFO - Exporting the following env vars:
AIRFLOW_CTX_DAG_OWNER=jovyan
AIRFLOW_CTX_DAG_ID=my_first_dag
AIRFLOW_CTX_TASK_ID=print_whoami
AIRFLOW_CTX_EXECUTION_DATE=2022-07-24T10:46:59.454886+00:00
AIRFLOW_CTX_TRY_NUMBER=1
AIRFLOW_CTX_DAG_RUN_ID=manual__2022-07-24T10:46:59.454886+00:00
[2022-07-24 19:47:05,816] {subprocess.py:62} INFO - Tmp dir root location: 
 /var/folders/6v/f1q42tlx39bf4xb4nltqccj00000gn/T
[2022-07-24 19:47:05,816] {subprocess.py:74} INFO - Running command: ['bash', '-c', 'whoami']
[2022-07-24 19:47:05,826] {subprocess.py:85} INFO - Output:
[2022-07-24 19:47:05,844] {subprocess.py:92} INFO - jangheesu
[2022-07-24 19:47:05,844] {subprocess.py:96} INFO - Command exited with return code 0
[2022-07-24 19:47:05,874] {taskinstance.py:1395} INFO - Marking task as SUCCESS. dag_id=my_first_dag, task_id=print_whoami, execution_date=20220724T104659, start_date=20220724T104705, end_date=20220724T104705
[2022-07-24 19:47:05,890] {local_task_job.py:156} INFO - Task exited with return code 0
[2022-07-24 19:47:05,921] {local_task_job.py:273} INFO - 0 downstream tasks scheduled from follow-on schedule check
