[2022-07-27 23:22:40,527] {taskinstance.py:1159} INFO - Dependencies all met for <TaskInstance: tutorial-python-op.msg manual__2022-07-27T14:18:16.417249+00:00 [queued]>
[2022-07-27 23:22:40,535] {taskinstance.py:1159} INFO - Dependencies all met for <TaskInstance: tutorial-python-op.msg manual__2022-07-27T14:18:16.417249+00:00 [queued]>
[2022-07-27 23:22:40,535] {taskinstance.py:1356} INFO - 
--------------------------------------------------------------------------------
[2022-07-27 23:22:40,536] {taskinstance.py:1357} INFO - Starting attempt 1 of 2
[2022-07-27 23:22:40,536] {taskinstance.py:1358} INFO - 
--------------------------------------------------------------------------------
[2022-07-27 23:22:40,546] {taskinstance.py:1377} INFO - Executing <Task(PythonOperator): msg> on 2022-07-27 14:18:16.417249+00:00
[2022-07-27 23:22:40,556] {standard_task_runner.py:52} INFO - Started process 51241 to run task
[2022-07-27 23:22:40,562] {standard_task_runner.py:79} INFO - Running: ['airflow', 'tasks', 'run', 'tutorial-python-op', 'msg', 'manual__2022-07-27T14:18:16.417249+00:00', '--job-id', '98', '--raw', '--subdir', 'DAGS_FOLDER/test5.py', '--cfg-path', '/var/folders/6v/f1q42tlx39bf4xb4nltqccj00000gn/T/tmpsoxq7cwr', '--error-file', '/var/folders/6v/f1q42tlx39bf4xb4nltqccj00000gn/T/tmpp1bsdyox']
[2022-07-27 23:22:40,563] {standard_task_runner.py:80} INFO - Job 98: Subtask msg
[2022-07-27 23:22:40,615] {task_command.py:369} INFO - Running <TaskInstance: tutorial-python-op.msg manual__2022-07-27T14:18:16.417249+00:00 [running]> on host janghuisuui-MacBookAir.local
[2022-07-27 23:22:40,680] {taskinstance.py:1569} INFO - Exporting the following env vars:
AIRFLOW_CTX_DAG_EMAIL=your-email@g.com
AIRFLOW_CTX_DAG_OWNER=owner-name
AIRFLOW_CTX_DAG_ID=tutorial-python-op
AIRFLOW_CTX_TASK_ID=msg
AIRFLOW_CTX_EXECUTION_DATE=2022-07-27T14:18:16.417249+00:00
AIRFLOW_CTX_TRY_NUMBER=1
AIRFLOW_CTX_DAG_RUN_ID=manual__2022-07-27T14:18:16.417249+00:00
[2022-07-27 23:22:40,691] {logging_mixin.py:115} INFO - message :  40
[2022-07-27 23:22:40,691] {logging_mixin.py:115} INFO - ****************************************************************************************************
[2022-07-27 23:22:40,692] {logging_mixin.py:115} INFO - {'conf': <airflow.configuration.AirflowConfigParser object at 0x7f8e900aab50>, 'dag': <DAG: tutorial-python-op>, 'dag_run': <DagRun tutorial-python-op @ 2022-07-27 14:18:16.417249+00:00: manual__2022-07-27T14:18:16.417249+00:00, externally triggered: True>, 'data_interval_end': DateTime(2022, 7, 27, 14, 18, 16, 417249, tzinfo=Timezone('UTC')), 'data_interval_start': DateTime(2022, 7, 27, 13, 28, 16, 417249, tzinfo=Timezone('UTC')), 'ds': '2022-07-27', 'ds_nodash': '20220727', 'execution_date': <Proxy at 0x7f8eb0798040 with factory functools.partial(<function lazy_mapping_from_context.<locals>._deprecated_proxy_factory at 0x7f8ed096dc10>, 'execution_date', DateTime(2022, 7, 27, 14, 18, 16, 417249, tzinfo=Timezone('UTC')))>, 'inlets': [], 'logical_date': DateTime(2022, 7, 27, 14, 18, 16, 417249, tzinfo=Timezone('UTC')), 'macros': <module 'airflow.macros' from '/Users/jangheesu/opt/anaconda3/envs/airflow2.3.0/lib/python3.8/site-packages/airflow/macros/__init__.py'>, 'next_ds': <Proxy at 0x7f8ed09b4080 with factory functools.partial(<function lazy_mapping_from_context.<locals>._deprecated_proxy_factory at 0x7f8ed096dc10>, 'next_ds', '2022-07-27')>, 'next_ds_nodash': <Proxy at 0x7f8ed09b4a40 with factory functools.partial(<function lazy_mapping_from_context.<locals>._deprecated_proxy_factory at 0x7f8ed096dc10>, 'next_ds_nodash', '20220727')>, 'next_execution_date': <Proxy at 0x7f8ed09bbd00 with factory functools.partial(<function lazy_mapping_from_context.<locals>._deprecated_proxy_factory at 0x7f8ed096dc10>, 'next_execution_date', DateTime(2022, 7, 27, 14, 18, 16, 417249, tzinfo=Timezone('UTC')))>, 'outlets': [], 'params': {}, 'prev_data_interval_start_success': None, 'prev_data_interval_end_success': None, 'prev_ds': <Proxy at 0x7f8ed09bbac0 with factory functools.partial(<function lazy_mapping_from_context.<locals>._deprecated_proxy_factory at 0x7f8ed096dc10>, 'prev_ds', '2022-07-27')>, 'prev_ds_nodash': <Proxy at 0x7f8ed09bb8c0 with factory functools.partial(<function lazy_mapping_from_context.<locals>._deprecated_proxy_factory at 0x7f8ed096dc10>, 'prev_ds_nodash', '20220727')>, 'prev_execution_date': <Proxy at 0x7f8ed09be340 with factory functools.partial(<function lazy_mapping_from_context.<locals>._deprecated_proxy_factory at 0x7f8ed096dc10>, 'prev_execution_date', DateTime(2022, 7, 27, 14, 18, 16, 417249, tzinfo=Timezone('UTC')))>, 'prev_execution_date_success': <Proxy at 0x7f8ed09be380 with factory functools.partial(<function lazy_mapping_from_context.<locals>._deprecated_proxy_factory at 0x7f8ed096dc10>, 'prev_execution_date_success', None)>, 'prev_start_date_success': None, 'run_id': 'manual__2022-07-27T14:18:16.417249+00:00', 'task': <Task(PythonOperator): msg>, 'task_instance': <TaskInstance: tutorial-python-op.msg manual__2022-07-27T14:18:16.417249+00:00 [running]>, 'task_instance_key_str': 'tutorial-python-op__msg__20220727', 'test_mode': False, 'ti': <TaskInstance: tutorial-python-op.msg manual__2022-07-27T14:18:16.417249+00:00 [running]>, 'tomorrow_ds': <Proxy at 0x7f8ed09be3c0 with factory functools.partial(<function lazy_mapping_from_context.<locals>._deprecated_proxy_factory at 0x7f8ed096dc10>, 'tomorrow_ds', '2022-07-28')>, 'tomorrow_ds_nodash': <Proxy at 0x7f8ed09be400 with factory functools.partial(<function lazy_mapping_from_context.<locals>._deprecated_proxy_factory at 0x7f8ed096dc10>, 'tomorrow_ds_nodash', '20220728')>, 'ts': '2022-07-27T14:18:16.417249+00:00', 'ts_nodash': '20220727T141816', 'ts_nodash_with_tz': '20220727T141816.417249+0000', 'var': {'json': None, 'value': None}, 'conn': None, 'yesterday_ds': <Proxy at 0x7f8ed09be480 with factory functools.partial(<function lazy_mapping_from_context.<locals>._deprecated_proxy_factory at 0x7f8ed096dc10>, 'yesterday_ds', '2022-07-26')>, 'yesterday_ds_nodash': <Proxy at 0x7f8ed09be580 with factory functools.partial(<function lazy_mapping_from_context.<locals>._deprecated_proxy_factory at 0x7f8ed096dc10>, 'yesterday_ds_nodash', '20220726')>, 'templates_dict': None}
[2022-07-27 23:22:40,692] {python.py:173} INFO - Done. Returned value was: None
[2022-07-27 23:22:40,705] {taskinstance.py:1395} INFO - Marking task as SUCCESS. dag_id=tutorial-python-op, task_id=msg, execution_date=20220727T141816, start_date=20220727T142240, end_date=20220727T142240
[2022-07-27 23:22:40,738] {local_task_job.py:156} INFO - Task exited with return code 0
[2022-07-27 23:22:40,774] {local_task_job.py:273} INFO - 1 downstream tasks scheduled from follow-on schedule check
