[2022-05-21 14:46:24,264] {scheduler_job.py:182} INFO - Started process (PID=585) to work on /home/airflow/.local/lib/python3.6/site-packages/airflow/example_dags/example_branch_python_dop_operator_3.py
[2022-05-21 14:46:24,269] {scheduler_job.py:633} INFO - Processing file /home/airflow/.local/lib/python3.6/site-packages/airflow/example_dags/example_branch_python_dop_operator_3.py for tasks to queue
[2022-05-21 14:46:24,274] {logging_mixin.py:104} INFO - [2022-05-21 14:46:24,273] {dagbag.py:487} INFO - Filling up the DagBag from /home/airflow/.local/lib/python3.6/site-packages/airflow/example_dags/example_branch_python_dop_operator_3.py
[2022-05-21 14:46:24,336] {scheduler_job.py:643} INFO - DAG(s) dict_keys(['example_branch_dop_operator_v3']) retrieved from /home/airflow/.local/lib/python3.6/site-packages/airflow/example_dags/example_branch_python_dop_operator_3.py
[2022-05-21 14:46:36,792] {logging_mixin.py:104} INFO - [2022-05-21 14:46:36,785] {dag.py:1832} INFO - Sync 1 DAGs
[2022-05-21 14:46:36,842] {logging_mixin.py:104} INFO - [2022-05-21 14:46:36,836] {dag.py:1851} INFO - Creating ORM DAG for example_branch_dop_operator_v3
[2022-05-21 14:46:36,940] {logging_mixin.py:104} INFO - [2022-05-21 14:46:36,940] {dag.py:2305} INFO - Setting next_dagrun for example_branch_dop_operator_v3 to 2022-05-19 00:00:00+00:00
[2022-05-21 14:46:36,977] {scheduler_job.py:190} INFO - Processing /home/airflow/.local/lib/python3.6/site-packages/airflow/example_dags/example_branch_python_dop_operator_3.py took 12.721 seconds
[2022-05-21 14:47:31,089] {scheduler_job.py:182} INFO - Started process (PID=729) to work on /home/airflow/.local/lib/python3.6/site-packages/airflow/example_dags/example_branch_python_dop_operator_3.py
[2022-05-21 14:47:31,094] {scheduler_job.py:633} INFO - Processing file /home/airflow/.local/lib/python3.6/site-packages/airflow/example_dags/example_branch_python_dop_operator_3.py for tasks to queue
[2022-05-21 14:47:31,098] {logging_mixin.py:104} INFO - [2022-05-21 14:47:31,098] {dagbag.py:487} INFO - Filling up the DagBag from /home/airflow/.local/lib/python3.6/site-packages/airflow/example_dags/example_branch_python_dop_operator_3.py
[2022-05-21 14:47:31,158] {scheduler_job.py:643} INFO - DAG(s) dict_keys(['example_branch_dop_operator_v3']) retrieved from /home/airflow/.local/lib/python3.6/site-packages/airflow/example_dags/example_branch_python_dop_operator_3.py
[2022-05-21 14:47:31,221] {logging_mixin.py:104} INFO - [2022-05-21 14:47:31,220] {dag.py:1832} INFO - Sync 1 DAGs
[2022-05-21 14:47:31,423] {logging_mixin.py:104} INFO - [2022-05-21 14:47:31,422] {dag.py:2305} INFO - Setting next_dagrun for example_branch_dop_operator_v3 to 2022-05-19 00:00:00+00:00
[2022-05-21 14:47:31,461] {scheduler_job.py:190} INFO - Processing /home/airflow/.local/lib/python3.6/site-packages/airflow/example_dags/example_branch_python_dop_operator_3.py took 0.381 seconds
[2022-05-21 14:48:02,308] {scheduler_job.py:182} INFO - Started process (PID=829) to work on /home/airflow/.local/lib/python3.6/site-packages/airflow/example_dags/example_branch_python_dop_operator_3.py
[2022-05-21 14:48:02,312] {scheduler_job.py:633} INFO - Processing file /home/airflow/.local/lib/python3.6/site-packages/airflow/example_dags/example_branch_python_dop_operator_3.py for tasks to queue
[2022-05-21 14:48:02,316] {logging_mixin.py:104} INFO - [2022-05-21 14:48:02,315] {dagbag.py:487} INFO - Filling up the DagBag from /home/airflow/.local/lib/python3.6/site-packages/airflow/example_dags/example_branch_python_dop_operator_3.py
[2022-05-21 14:48:02,370] {scheduler_job.py:643} INFO - DAG(s) dict_keys(['example_branch_dop_operator_v3']) retrieved from /home/airflow/.local/lib/python3.6/site-packages/airflow/example_dags/example_branch_python_dop_operator_3.py
[2022-05-21 14:48:02,431] {logging_mixin.py:104} INFO - [2022-05-21 14:48:02,431] {dag.py:1832} INFO - Sync 1 DAGs
[2022-05-21 14:48:02,552] {logging_mixin.py:104} INFO - [2022-05-21 14:48:02,551] {dag.py:2305} INFO - Setting next_dagrun for example_branch_dop_operator_v3 to 2022-05-19 00:00:00+00:00
[2022-05-21 14:48:02,584] {scheduler_job.py:190} INFO - Processing /home/airflow/.local/lib/python3.6/site-packages/airflow/example_dags/example_branch_python_dop_operator_3.py took 0.291 seconds
[2022-05-21 14:48:33,712] {scheduler_job.py:182} INFO - Started process (PID=928) to work on /home/airflow/.local/lib/python3.6/site-packages/airflow/example_dags/example_branch_python_dop_operator_3.py
[2022-05-21 14:48:33,717] {scheduler_job.py:633} INFO - Processing file /home/airflow/.local/lib/python3.6/site-packages/airflow/example_dags/example_branch_python_dop_operator_3.py for tasks to queue
[2022-05-21 14:48:33,720] {logging_mixin.py:104} INFO - [2022-05-21 14:48:33,720] {dagbag.py:487} INFO - Filling up the DagBag from /home/airflow/.local/lib/python3.6/site-packages/airflow/example_dags/example_branch_python_dop_operator_3.py
[2022-05-21 14:48:33,775] {scheduler_job.py:643} INFO - DAG(s) dict_keys(['example_branch_dop_operator_v3']) retrieved from /home/airflow/.local/lib/python3.6/site-packages/airflow/example_dags/example_branch_python_dop_operator_3.py
[2022-05-21 14:48:33,833] {logging_mixin.py:104} INFO - [2022-05-21 14:48:33,833] {dag.py:1832} INFO - Sync 1 DAGs
[2022-05-21 14:48:33,943] {logging_mixin.py:104} INFO - [2022-05-21 14:48:33,942] {dag.py:2305} INFO - Setting next_dagrun for example_branch_dop_operator_v3 to 2022-05-19 00:00:00+00:00
[2022-05-21 14:48:33,972] {scheduler_job.py:190} INFO - Processing /home/airflow/.local/lib/python3.6/site-packages/airflow/example_dags/example_branch_python_dop_operator_3.py took 0.268 seconds
[2022-05-21 14:49:05,799] {scheduler_job.py:182} INFO - Started process (PID=1032) to work on /home/airflow/.local/lib/python3.6/site-packages/airflow/example_dags/example_branch_python_dop_operator_3.py
[2022-05-21 14:49:05,803] {scheduler_job.py:633} INFO - Processing file /home/airflow/.local/lib/python3.6/site-packages/airflow/example_dags/example_branch_python_dop_operator_3.py for tasks to queue
[2022-05-21 14:49:05,806] {logging_mixin.py:104} INFO - [2022-05-21 14:49:05,806] {dagbag.py:487} INFO - Filling up the DagBag from /home/airflow/.local/lib/python3.6/site-packages/airflow/example_dags/example_branch_python_dop_operator_3.py
[2022-05-21 14:49:05,866] {scheduler_job.py:643} INFO - DAG(s) dict_keys(['example_branch_dop_operator_v3']) retrieved from /home/airflow/.local/lib/python3.6/site-packages/airflow/example_dags/example_branch_python_dop_operator_3.py
[2022-05-21 14:49:05,926] {logging_mixin.py:104} INFO - [2022-05-21 14:49:05,926] {dag.py:1832} INFO - Sync 1 DAGs
[2022-05-21 14:49:06,043] {logging_mixin.py:104} INFO - [2022-05-21 14:49:06,043] {dag.py:2305} INFO - Setting next_dagrun for example_branch_dop_operator_v3 to 2022-05-19 00:00:00+00:00
[2022-05-21 14:49:06,074] {scheduler_job.py:190} INFO - Processing /home/airflow/.local/lib/python3.6/site-packages/airflow/example_dags/example_branch_python_dop_operator_3.py took 0.285 seconds
[2022-05-21 14:49:36,873] {scheduler_job.py:182} INFO - Started process (PID=1124) to work on /home/airflow/.local/lib/python3.6/site-packages/airflow/example_dags/example_branch_python_dop_operator_3.py
[2022-05-21 14:49:36,878] {scheduler_job.py:633} INFO - Processing file /home/airflow/.local/lib/python3.6/site-packages/airflow/example_dags/example_branch_python_dop_operator_3.py for tasks to queue
[2022-05-21 14:49:36,880] {logging_mixin.py:104} INFO - [2022-05-21 14:49:36,880] {dagbag.py:487} INFO - Filling up the DagBag from /home/airflow/.local/lib/python3.6/site-packages/airflow/example_dags/example_branch_python_dop_operator_3.py
[2022-05-21 14:49:36,924] {scheduler_job.py:643} INFO - DAG(s) dict_keys(['example_branch_dop_operator_v3']) retrieved from /home/airflow/.local/lib/python3.6/site-packages/airflow/example_dags/example_branch_python_dop_operator_3.py
[2022-05-21 14:49:36,974] {logging_mixin.py:104} INFO - [2022-05-21 14:49:36,973] {dag.py:1832} INFO - Sync 1 DAGs
[2022-05-21 14:49:37,079] {logging_mixin.py:104} INFO - [2022-05-21 14:49:37,078] {dag.py:2305} INFO - Setting next_dagrun for example_branch_dop_operator_v3 to 2022-05-19 00:00:00+00:00
[2022-05-21 14:49:37,104] {scheduler_job.py:190} INFO - Processing /home/airflow/.local/lib/python3.6/site-packages/airflow/example_dags/example_branch_python_dop_operator_3.py took 0.237 seconds
[2022-05-21 14:50:07,166] {scheduler_job.py:182} INFO - Started process (PID=1227) to work on /home/airflow/.local/lib/python3.6/site-packages/airflow/example_dags/example_branch_python_dop_operator_3.py
[2022-05-21 14:50:07,170] {scheduler_job.py:633} INFO - Processing file /home/airflow/.local/lib/python3.6/site-packages/airflow/example_dags/example_branch_python_dop_operator_3.py for tasks to queue
[2022-05-21 14:50:07,174] {logging_mixin.py:104} INFO - [2022-05-21 14:50:07,173] {dagbag.py:487} INFO - Filling up the DagBag from /home/airflow/.local/lib/python3.6/site-packages/airflow/example_dags/example_branch_python_dop_operator_3.py
[2022-05-21 14:50:07,231] {scheduler_job.py:643} INFO - DAG(s) dict_keys(['example_branch_dop_operator_v3']) retrieved from /home/airflow/.local/lib/python3.6/site-packages/airflow/example_dags/example_branch_python_dop_operator_3.py
[2022-05-21 14:50:07,289] {logging_mixin.py:104} INFO - [2022-05-21 14:50:07,289] {dag.py:1832} INFO - Sync 1 DAGs
[2022-05-21 14:50:07,404] {logging_mixin.py:104} INFO - [2022-05-21 14:50:07,404] {dag.py:2305} INFO - Setting next_dagrun for example_branch_dop_operator_v3 to 2022-05-19 00:00:00+00:00
[2022-05-21 14:50:07,436] {scheduler_job.py:190} INFO - Processing /home/airflow/.local/lib/python3.6/site-packages/airflow/example_dags/example_branch_python_dop_operator_3.py took 0.277 seconds
[2022-05-21 14:50:37,634] {scheduler_job.py:182} INFO - Started process (PID=1314) to work on /home/airflow/.local/lib/python3.6/site-packages/airflow/example_dags/example_branch_python_dop_operator_3.py
[2022-05-21 14:50:37,637] {scheduler_job.py:633} INFO - Processing file /home/airflow/.local/lib/python3.6/site-packages/airflow/example_dags/example_branch_python_dop_operator_3.py for tasks to queue
[2022-05-21 14:50:37,640] {logging_mixin.py:104} INFO - [2022-05-21 14:50:37,639] {dagbag.py:487} INFO - Filling up the DagBag from /home/airflow/.local/lib/python3.6/site-packages/airflow/example_dags/example_branch_python_dop_operator_3.py
[2022-05-21 14:50:37,681] {scheduler_job.py:643} INFO - DAG(s) dict_keys(['example_branch_dop_operator_v3']) retrieved from /home/airflow/.local/lib/python3.6/site-packages/airflow/example_dags/example_branch_python_dop_operator_3.py
[2022-05-21 14:50:37,729] {logging_mixin.py:104} INFO - [2022-05-21 14:50:37,728] {dag.py:1832} INFO - Sync 1 DAGs
[2022-05-21 14:50:37,817] {logging_mixin.py:104} INFO - [2022-05-21 14:50:37,816] {dag.py:2305} INFO - Setting next_dagrun for example_branch_dop_operator_v3 to 2022-05-19 00:00:00+00:00
[2022-05-21 14:50:37,839] {scheduler_job.py:190} INFO - Processing /home/airflow/.local/lib/python3.6/site-packages/airflow/example_dags/example_branch_python_dop_operator_3.py took 0.211 seconds
[2022-05-21 14:51:07,951] {scheduler_job.py:182} INFO - Started process (PID=1420) to work on /home/airflow/.local/lib/python3.6/site-packages/airflow/example_dags/example_branch_python_dop_operator_3.py
[2022-05-21 14:51:07,954] {scheduler_job.py:633} INFO - Processing file /home/airflow/.local/lib/python3.6/site-packages/airflow/example_dags/example_branch_python_dop_operator_3.py for tasks to queue
[2022-05-21 14:51:07,957] {logging_mixin.py:104} INFO - [2022-05-21 14:51:07,957] {dagbag.py:487} INFO - Filling up the DagBag from /home/airflow/.local/lib/python3.6/site-packages/airflow/example_dags/example_branch_python_dop_operator_3.py
[2022-05-21 14:51:08,008] {scheduler_job.py:643} INFO - DAG(s) dict_keys(['example_branch_dop_operator_v3']) retrieved from /home/airflow/.local/lib/python3.6/site-packages/airflow/example_dags/example_branch_python_dop_operator_3.py
[2022-05-21 14:51:08,078] {logging_mixin.py:104} INFO - [2022-05-21 14:51:08,077] {dag.py:1832} INFO - Sync 1 DAGs
[2022-05-21 14:51:08,191] {logging_mixin.py:104} INFO - [2022-05-21 14:51:08,191] {dag.py:2305} INFO - Setting next_dagrun for example_branch_dop_operator_v3 to 2022-05-19 00:00:00+00:00
[2022-05-21 14:51:08,224] {scheduler_job.py:190} INFO - Processing /home/airflow/.local/lib/python3.6/site-packages/airflow/example_dags/example_branch_python_dop_operator_3.py took 0.280 seconds
[2022-05-21 14:51:38,348] {scheduler_job.py:182} INFO - Started process (PID=1506) to work on /home/airflow/.local/lib/python3.6/site-packages/airflow/example_dags/example_branch_python_dop_operator_3.py
[2022-05-21 14:51:38,353] {scheduler_job.py:633} INFO - Processing file /home/airflow/.local/lib/python3.6/site-packages/airflow/example_dags/example_branch_python_dop_operator_3.py for tasks to queue
[2022-05-21 14:51:38,356] {logging_mixin.py:104} INFO - [2022-05-21 14:51:38,356] {dagbag.py:487} INFO - Filling up the DagBag from /home/airflow/.local/lib/python3.6/site-packages/airflow/example_dags/example_branch_python_dop_operator_3.py
[2022-05-21 14:51:38,400] {scheduler_job.py:643} INFO - DAG(s) dict_keys(['example_branch_dop_operator_v3']) retrieved from /home/airflow/.local/lib/python3.6/site-packages/airflow/example_dags/example_branch_python_dop_operator_3.py
[2022-05-21 14:51:38,446] {logging_mixin.py:104} INFO - [2022-05-21 14:51:38,446] {dag.py:1832} INFO - Sync 1 DAGs
[2022-05-21 14:51:38,534] {logging_mixin.py:104} INFO - [2022-05-21 14:51:38,533] {dag.py:2305} INFO - Setting next_dagrun for example_branch_dop_operator_v3 to 2022-05-19 00:00:00+00:00
[2022-05-21 14:51:38,557] {scheduler_job.py:190} INFO - Processing /home/airflow/.local/lib/python3.6/site-packages/airflow/example_dags/example_branch_python_dop_operator_3.py took 0.220 seconds
[2022-05-21 14:52:08,722] {scheduler_job.py:182} INFO - Started process (PID=1611) to work on /home/airflow/.local/lib/python3.6/site-packages/airflow/example_dags/example_branch_python_dop_operator_3.py
[2022-05-21 14:52:08,727] {scheduler_job.py:633} INFO - Processing file /home/airflow/.local/lib/python3.6/site-packages/airflow/example_dags/example_branch_python_dop_operator_3.py for tasks to queue
[2022-05-21 14:52:08,731] {logging_mixin.py:104} INFO - [2022-05-21 14:52:08,730] {dagbag.py:487} INFO - Filling up the DagBag from /home/airflow/.local/lib/python3.6/site-packages/airflow/example_dags/example_branch_python_dop_operator_3.py
[2022-05-21 14:52:08,799] {scheduler_job.py:643} INFO - DAG(s) dict_keys(['example_branch_dop_operator_v3']) retrieved from /home/airflow/.local/lib/python3.6/site-packages/airflow/example_dags/example_branch_python_dop_operator_3.py
[2022-05-21 14:52:08,853] {logging_mixin.py:104} INFO - [2022-05-21 14:52:08,853] {dag.py:1832} INFO - Sync 1 DAGs
[2022-05-21 14:52:08,973] {logging_mixin.py:104} INFO - [2022-05-21 14:52:08,972] {dag.py:2305} INFO - Setting next_dagrun for example_branch_dop_operator_v3 to 2022-05-19 00:00:00+00:00
[2022-05-21 14:52:09,001] {scheduler_job.py:190} INFO - Processing /home/airflow/.local/lib/python3.6/site-packages/airflow/example_dags/example_branch_python_dop_operator_3.py took 0.291 seconds
[2022-05-21 14:54:38,891] {scheduler_job.py:182} INFO - Started process (PID=1722) to work on /home/airflow/.local/lib/python3.6/site-packages/airflow/example_dags/example_branch_python_dop_operator_3.py
[2022-05-21 14:54:38,905] {scheduler_job.py:633} INFO - Processing file /home/airflow/.local/lib/python3.6/site-packages/airflow/example_dags/example_branch_python_dop_operator_3.py for tasks to queue
[2022-05-21 14:54:38,908] {logging_mixin.py:104} INFO - [2022-05-21 14:54:38,908] {dagbag.py:487} INFO - Filling up the DagBag from /home/airflow/.local/lib/python3.6/site-packages/airflow/example_dags/example_branch_python_dop_operator_3.py
[2022-05-21 14:54:38,963] {scheduler_job.py:643} INFO - DAG(s) dict_keys(['example_branch_dop_operator_v3']) retrieved from /home/airflow/.local/lib/python3.6/site-packages/airflow/example_dags/example_branch_python_dop_operator_3.py
[2022-05-21 14:54:39,061] {logging_mixin.py:104} INFO - [2022-05-21 14:54:39,061] {dag.py:1832} INFO - Sync 1 DAGs
[2022-05-21 14:54:39,236] {logging_mixin.py:104} INFO - [2022-05-21 14:54:39,235] {dag.py:2305} INFO - Setting next_dagrun for example_branch_dop_operator_v3 to 2022-05-19 00:00:00+00:00
[2022-05-21 14:54:39,302] {scheduler_job.py:190} INFO - Processing /home/airflow/.local/lib/python3.6/site-packages/airflow/example_dags/example_branch_python_dop_operator_3.py took 0.417 seconds
[2022-05-21 14:55:10,409] {scheduler_job.py:182} INFO - Started process (PID=1826) to work on /home/airflow/.local/lib/python3.6/site-packages/airflow/example_dags/example_branch_python_dop_operator_3.py
[2022-05-21 14:55:10,428] {scheduler_job.py:633} INFO - Processing file /home/airflow/.local/lib/python3.6/site-packages/airflow/example_dags/example_branch_python_dop_operator_3.py for tasks to queue
[2022-05-21 14:55:10,441] {logging_mixin.py:104} INFO - [2022-05-21 14:55:10,441] {dagbag.py:487} INFO - Filling up the DagBag from /home/airflow/.local/lib/python3.6/site-packages/airflow/example_dags/example_branch_python_dop_operator_3.py
[2022-05-21 14:55:10,587] {scheduler_job.py:643} INFO - DAG(s) dict_keys(['example_branch_dop_operator_v3']) retrieved from /home/airflow/.local/lib/python3.6/site-packages/airflow/example_dags/example_branch_python_dop_operator_3.py
[2022-05-21 14:55:10,806] {logging_mixin.py:104} INFO - [2022-05-21 14:55:10,798] {dag.py:1832} INFO - Sync 1 DAGs
[2022-05-21 14:55:11,058] {logging_mixin.py:104} INFO - [2022-05-21 14:55:11,057] {dag.py:2305} INFO - Setting next_dagrun for example_branch_dop_operator_v3 to 2022-05-19 00:00:00+00:00
[2022-05-21 14:55:11,135] {scheduler_job.py:190} INFO - Processing /home/airflow/.local/lib/python3.6/site-packages/airflow/example_dags/example_branch_python_dop_operator_3.py took 0.750 seconds
