[2022-05-21 14:45:23,646] {scheduler_job.py:182} INFO - Started process (PID=486) to work on /home/airflow/.local/lib/python3.6/site-packages/airflow/example_dags/example_latest_only_with_trigger.py
[2022-05-21 14:45:23,651] {scheduler_job.py:633} INFO - Processing file /home/airflow/.local/lib/python3.6/site-packages/airflow/example_dags/example_latest_only_with_trigger.py for tasks to queue
[2022-05-21 14:45:23,655] {logging_mixin.py:104} INFO - [2022-05-21 14:45:23,654] {dagbag.py:487} INFO - Filling up the DagBag from /home/airflow/.local/lib/python3.6/site-packages/airflow/example_dags/example_latest_only_with_trigger.py
[2022-05-21 14:45:23,706] {scheduler_job.py:643} INFO - DAG(s) dict_keys(['latest_only_with_trigger']) retrieved from /home/airflow/.local/lib/python3.6/site-packages/airflow/example_dags/example_latest_only_with_trigger.py
[2022-05-21 14:45:36,280] {logging_mixin.py:104} INFO - [2022-05-21 14:45:36,274] {dag.py:1832} INFO - Sync 1 DAGs
[2022-05-21 14:45:36,329] {logging_mixin.py:104} INFO - [2022-05-21 14:45:36,322] {dag.py:1851} INFO - Creating ORM DAG for latest_only_with_trigger
[2022-05-21 14:45:36,347] {logging_mixin.py:104} INFO - [2022-05-21 14:45:36,346] {dag.py:2305} INFO - Setting next_dagrun for latest_only_with_trigger to 2022-05-19 00:00:00+00:00
[2022-05-21 14:45:36,385] {scheduler_job.py:190} INFO - Processing /home/airflow/.local/lib/python3.6/site-packages/airflow/example_dags/example_latest_only_with_trigger.py took 12.747 seconds
[2022-05-21 14:47:28,341] {scheduler_job.py:182} INFO - Started process (PID=711) to work on /home/airflow/.local/lib/python3.6/site-packages/airflow/example_dags/example_latest_only_with_trigger.py
[2022-05-21 14:47:28,347] {scheduler_job.py:633} INFO - Processing file /home/airflow/.local/lib/python3.6/site-packages/airflow/example_dags/example_latest_only_with_trigger.py for tasks to queue
[2022-05-21 14:47:28,351] {logging_mixin.py:104} INFO - [2022-05-21 14:47:28,350] {dagbag.py:487} INFO - Filling up the DagBag from /home/airflow/.local/lib/python3.6/site-packages/airflow/example_dags/example_latest_only_with_trigger.py
[2022-05-21 14:47:28,397] {scheduler_job.py:643} INFO - DAG(s) dict_keys(['latest_only_with_trigger']) retrieved from /home/airflow/.local/lib/python3.6/site-packages/airflow/example_dags/example_latest_only_with_trigger.py
[2022-05-21 14:47:28,463] {logging_mixin.py:104} INFO - [2022-05-21 14:47:28,462] {dag.py:1832} INFO - Sync 1 DAGs
[2022-05-21 14:47:28,508] {logging_mixin.py:104} INFO - [2022-05-21 14:47:28,508] {dag.py:2305} INFO - Setting next_dagrun for latest_only_with_trigger to 2022-05-19 00:00:00+00:00
[2022-05-21 14:47:28,541] {scheduler_job.py:190} INFO - Processing /home/airflow/.local/lib/python3.6/site-packages/airflow/example_dags/example_latest_only_with_trigger.py took 0.208 seconds
[2022-05-21 14:47:58,716] {scheduler_job.py:182} INFO - Started process (PID=796) to work on /home/airflow/.local/lib/python3.6/site-packages/airflow/example_dags/example_latest_only_with_trigger.py
[2022-05-21 14:47:58,720] {scheduler_job.py:633} INFO - Processing file /home/airflow/.local/lib/python3.6/site-packages/airflow/example_dags/example_latest_only_with_trigger.py for tasks to queue
[2022-05-21 14:47:58,722] {logging_mixin.py:104} INFO - [2022-05-21 14:47:58,722] {dagbag.py:487} INFO - Filling up the DagBag from /home/airflow/.local/lib/python3.6/site-packages/airflow/example_dags/example_latest_only_with_trigger.py
[2022-05-21 14:47:58,758] {scheduler_job.py:643} INFO - DAG(s) dict_keys(['latest_only_with_trigger']) retrieved from /home/airflow/.local/lib/python3.6/site-packages/airflow/example_dags/example_latest_only_with_trigger.py
[2022-05-21 14:47:58,808] {logging_mixin.py:104} INFO - [2022-05-21 14:47:58,808] {dag.py:1832} INFO - Sync 1 DAGs
[2022-05-21 14:47:58,842] {logging_mixin.py:104} INFO - [2022-05-21 14:47:58,841] {dag.py:2305} INFO - Setting next_dagrun for latest_only_with_trigger to 2022-05-19 00:00:00+00:00
[2022-05-21 14:47:58,863] {scheduler_job.py:190} INFO - Processing /home/airflow/.local/lib/python3.6/site-packages/airflow/example_dags/example_latest_only_with_trigger.py took 0.154 seconds
[2022-05-21 14:48:29,665] {scheduler_job.py:182} INFO - Started process (PID=905) to work on /home/airflow/.local/lib/python3.6/site-packages/airflow/example_dags/example_latest_only_with_trigger.py
[2022-05-21 14:48:29,677] {scheduler_job.py:633} INFO - Processing file /home/airflow/.local/lib/python3.6/site-packages/airflow/example_dags/example_latest_only_with_trigger.py for tasks to queue
[2022-05-21 14:48:29,682] {logging_mixin.py:104} INFO - [2022-05-21 14:48:29,680] {dagbag.py:487} INFO - Filling up the DagBag from /home/airflow/.local/lib/python3.6/site-packages/airflow/example_dags/example_latest_only_with_trigger.py
[2022-05-21 14:48:29,769] {scheduler_job.py:643} INFO - DAG(s) dict_keys(['latest_only_with_trigger']) retrieved from /home/airflow/.local/lib/python3.6/site-packages/airflow/example_dags/example_latest_only_with_trigger.py
[2022-05-21 14:48:29,829] {logging_mixin.py:104} INFO - [2022-05-21 14:48:29,828] {dag.py:1832} INFO - Sync 1 DAGs
[2022-05-21 14:48:29,891] {logging_mixin.py:104} INFO - [2022-05-21 14:48:29,888] {dag.py:2305} INFO - Setting next_dagrun for latest_only_with_trigger to 2022-05-19 00:00:00+00:00
[2022-05-21 14:48:29,950] {scheduler_job.py:190} INFO - Processing /home/airflow/.local/lib/python3.6/site-packages/airflow/example_dags/example_latest_only_with_trigger.py took 0.294 seconds
[2022-05-21 14:49:00,347] {scheduler_job.py:182} INFO - Started process (PID=994) to work on /home/airflow/.local/lib/python3.6/site-packages/airflow/example_dags/example_latest_only_with_trigger.py
[2022-05-21 14:49:00,350] {scheduler_job.py:633} INFO - Processing file /home/airflow/.local/lib/python3.6/site-packages/airflow/example_dags/example_latest_only_with_trigger.py for tasks to queue
[2022-05-21 14:49:00,352] {logging_mixin.py:104} INFO - [2022-05-21 14:49:00,352] {dagbag.py:487} INFO - Filling up the DagBag from /home/airflow/.local/lib/python3.6/site-packages/airflow/example_dags/example_latest_only_with_trigger.py
[2022-05-21 14:49:00,386] {scheduler_job.py:643} INFO - DAG(s) dict_keys(['latest_only_with_trigger']) retrieved from /home/airflow/.local/lib/python3.6/site-packages/airflow/example_dags/example_latest_only_with_trigger.py
[2022-05-21 14:49:00,433] {logging_mixin.py:104} INFO - [2022-05-21 14:49:00,433] {dag.py:1832} INFO - Sync 1 DAGs
[2022-05-21 14:49:00,463] {logging_mixin.py:104} INFO - [2022-05-21 14:49:00,463] {dag.py:2305} INFO - Setting next_dagrun for latest_only_with_trigger to 2022-05-19 00:00:00+00:00
[2022-05-21 14:49:00,485] {scheduler_job.py:190} INFO - Processing /home/airflow/.local/lib/python3.6/site-packages/airflow/example_dags/example_latest_only_with_trigger.py took 0.144 seconds
[2022-05-21 14:49:31,574] {scheduler_job.py:182} INFO - Started process (PID=1104) to work on /home/airflow/.local/lib/python3.6/site-packages/airflow/example_dags/example_latest_only_with_trigger.py
[2022-05-21 14:49:31,579] {scheduler_job.py:633} INFO - Processing file /home/airflow/.local/lib/python3.6/site-packages/airflow/example_dags/example_latest_only_with_trigger.py for tasks to queue
[2022-05-21 14:49:31,582] {logging_mixin.py:104} INFO - [2022-05-21 14:49:31,582] {dagbag.py:487} INFO - Filling up the DagBag from /home/airflow/.local/lib/python3.6/site-packages/airflow/example_dags/example_latest_only_with_trigger.py
[2022-05-21 14:49:31,626] {scheduler_job.py:643} INFO - DAG(s) dict_keys(['latest_only_with_trigger']) retrieved from /home/airflow/.local/lib/python3.6/site-packages/airflow/example_dags/example_latest_only_with_trigger.py
[2022-05-21 14:49:31,687] {logging_mixin.py:104} INFO - [2022-05-21 14:49:31,687] {dag.py:1832} INFO - Sync 1 DAGs
[2022-05-21 14:49:31,728] {logging_mixin.py:104} INFO - [2022-05-21 14:49:31,728] {dag.py:2305} INFO - Setting next_dagrun for latest_only_with_trigger to 2022-05-19 00:00:00+00:00
[2022-05-21 14:49:31,755] {scheduler_job.py:190} INFO - Processing /home/airflow/.local/lib/python3.6/site-packages/airflow/example_dags/example_latest_only_with_trigger.py took 0.191 seconds
[2022-05-21 14:50:01,852] {scheduler_job.py:182} INFO - Started process (PID=1198) to work on /home/airflow/.local/lib/python3.6/site-packages/airflow/example_dags/example_latest_only_with_trigger.py
[2022-05-21 14:50:01,856] {scheduler_job.py:633} INFO - Processing file /home/airflow/.local/lib/python3.6/site-packages/airflow/example_dags/example_latest_only_with_trigger.py for tasks to queue
[2022-05-21 14:50:01,859] {logging_mixin.py:104} INFO - [2022-05-21 14:50:01,858] {dagbag.py:487} INFO - Filling up the DagBag from /home/airflow/.local/lib/python3.6/site-packages/airflow/example_dags/example_latest_only_with_trigger.py
[2022-05-21 14:50:01,899] {scheduler_job.py:643} INFO - DAG(s) dict_keys(['latest_only_with_trigger']) retrieved from /home/airflow/.local/lib/python3.6/site-packages/airflow/example_dags/example_latest_only_with_trigger.py
[2022-05-21 14:50:01,954] {logging_mixin.py:104} INFO - [2022-05-21 14:50:01,954] {dag.py:1832} INFO - Sync 1 DAGs
[2022-05-21 14:50:01,991] {logging_mixin.py:104} INFO - [2022-05-21 14:50:01,990] {dag.py:2305} INFO - Setting next_dagrun for latest_only_with_trigger to 2022-05-19 00:00:00+00:00
[2022-05-21 14:50:02,019] {scheduler_job.py:190} INFO - Processing /home/airflow/.local/lib/python3.6/site-packages/airflow/example_dags/example_latest_only_with_trigger.py took 0.174 seconds
[2022-05-21 14:50:32,354] {scheduler_job.py:182} INFO - Started process (PID=1296) to work on /home/airflow/.local/lib/python3.6/site-packages/airflow/example_dags/example_latest_only_with_trigger.py
[2022-05-21 14:50:32,358] {scheduler_job.py:633} INFO - Processing file /home/airflow/.local/lib/python3.6/site-packages/airflow/example_dags/example_latest_only_with_trigger.py for tasks to queue
[2022-05-21 14:50:32,361] {logging_mixin.py:104} INFO - [2022-05-21 14:50:32,360] {dagbag.py:487} INFO - Filling up the DagBag from /home/airflow/.local/lib/python3.6/site-packages/airflow/example_dags/example_latest_only_with_trigger.py
[2022-05-21 14:50:32,398] {scheduler_job.py:643} INFO - DAG(s) dict_keys(['latest_only_with_trigger']) retrieved from /home/airflow/.local/lib/python3.6/site-packages/airflow/example_dags/example_latest_only_with_trigger.py
[2022-05-21 14:50:32,450] {logging_mixin.py:104} INFO - [2022-05-21 14:50:32,450] {dag.py:1832} INFO - Sync 1 DAGs
[2022-05-21 14:50:32,485] {logging_mixin.py:104} INFO - [2022-05-21 14:50:32,485] {dag.py:2305} INFO - Setting next_dagrun for latest_only_with_trigger to 2022-05-19 00:00:00+00:00
[2022-05-21 14:50:32,510] {scheduler_job.py:190} INFO - Processing /home/airflow/.local/lib/python3.6/site-packages/airflow/example_dags/example_latest_only_with_trigger.py took 0.163 seconds
[2022-05-21 14:51:02,632] {scheduler_job.py:182} INFO - Started process (PID=1393) to work on /home/airflow/.local/lib/python3.6/site-packages/airflow/example_dags/example_latest_only_with_trigger.py
[2022-05-21 14:51:02,636] {scheduler_job.py:633} INFO - Processing file /home/airflow/.local/lib/python3.6/site-packages/airflow/example_dags/example_latest_only_with_trigger.py for tasks to queue
[2022-05-21 14:51:02,639] {logging_mixin.py:104} INFO - [2022-05-21 14:51:02,639] {dagbag.py:487} INFO - Filling up the DagBag from /home/airflow/.local/lib/python3.6/site-packages/airflow/example_dags/example_latest_only_with_trigger.py
[2022-05-21 14:51:02,680] {scheduler_job.py:643} INFO - DAG(s) dict_keys(['latest_only_with_trigger']) retrieved from /home/airflow/.local/lib/python3.6/site-packages/airflow/example_dags/example_latest_only_with_trigger.py
[2022-05-21 14:51:02,745] {logging_mixin.py:104} INFO - [2022-05-21 14:51:02,745] {dag.py:1832} INFO - Sync 1 DAGs
[2022-05-21 14:51:02,783] {logging_mixin.py:104} INFO - [2022-05-21 14:51:02,782] {dag.py:2305} INFO - Setting next_dagrun for latest_only_with_trigger to 2022-05-19 00:00:00+00:00
[2022-05-21 14:51:02,818] {scheduler_job.py:190} INFO - Processing /home/airflow/.local/lib/python3.6/site-packages/airflow/example_dags/example_latest_only_with_trigger.py took 0.193 seconds
[2022-05-21 14:51:33,094] {scheduler_job.py:182} INFO - Started process (PID=1490) to work on /home/airflow/.local/lib/python3.6/site-packages/airflow/example_dags/example_latest_only_with_trigger.py
[2022-05-21 14:51:33,106] {scheduler_job.py:633} INFO - Processing file /home/airflow/.local/lib/python3.6/site-packages/airflow/example_dags/example_latest_only_with_trigger.py for tasks to queue
[2022-05-21 14:51:33,110] {logging_mixin.py:104} INFO - [2022-05-21 14:51:33,109] {dagbag.py:487} INFO - Filling up the DagBag from /home/airflow/.local/lib/python3.6/site-packages/airflow/example_dags/example_latest_only_with_trigger.py
[2022-05-21 14:51:33,149] {scheduler_job.py:643} INFO - DAG(s) dict_keys(['latest_only_with_trigger']) retrieved from /home/airflow/.local/lib/python3.6/site-packages/airflow/example_dags/example_latest_only_with_trigger.py
[2022-05-21 14:51:33,204] {logging_mixin.py:104} INFO - [2022-05-21 14:51:33,204] {dag.py:1832} INFO - Sync 1 DAGs
[2022-05-21 14:51:33,241] {logging_mixin.py:104} INFO - [2022-05-21 14:51:33,241] {dag.py:2305} INFO - Setting next_dagrun for latest_only_with_trigger to 2022-05-19 00:00:00+00:00
[2022-05-21 14:51:33,270] {scheduler_job.py:190} INFO - Processing /home/airflow/.local/lib/python3.6/site-packages/airflow/example_dags/example_latest_only_with_trigger.py took 0.183 seconds
[2022-05-21 14:52:03,456] {scheduler_job.py:182} INFO - Started process (PID=1592) to work on /home/airflow/.local/lib/python3.6/site-packages/airflow/example_dags/example_latest_only_with_trigger.py
[2022-05-21 14:52:03,461] {scheduler_job.py:633} INFO - Processing file /home/airflow/.local/lib/python3.6/site-packages/airflow/example_dags/example_latest_only_with_trigger.py for tasks to queue
[2022-05-21 14:52:03,463] {logging_mixin.py:104} INFO - [2022-05-21 14:52:03,463] {dagbag.py:487} INFO - Filling up the DagBag from /home/airflow/.local/lib/python3.6/site-packages/airflow/example_dags/example_latest_only_with_trigger.py
[2022-05-21 14:52:03,504] {scheduler_job.py:643} INFO - DAG(s) dict_keys(['latest_only_with_trigger']) retrieved from /home/airflow/.local/lib/python3.6/site-packages/airflow/example_dags/example_latest_only_with_trigger.py
[2022-05-21 14:52:03,564] {logging_mixin.py:104} INFO - [2022-05-21 14:52:03,564] {dag.py:1832} INFO - Sync 1 DAGs
[2022-05-21 14:52:03,611] {logging_mixin.py:104} INFO - [2022-05-21 14:52:03,610] {dag.py:2305} INFO - Setting next_dagrun for latest_only_with_trigger to 2022-05-19 00:00:00+00:00
[2022-05-21 14:52:03,639] {scheduler_job.py:190} INFO - Processing /home/airflow/.local/lib/python3.6/site-packages/airflow/example_dags/example_latest_only_with_trigger.py took 0.191 seconds
[2022-05-21 14:54:36,070] {scheduler_job.py:182} INFO - Started process (PID=1704) to work on /home/airflow/.local/lib/python3.6/site-packages/airflow/example_dags/example_latest_only_with_trigger.py
[2022-05-21 14:54:36,075] {scheduler_job.py:633} INFO - Processing file /home/airflow/.local/lib/python3.6/site-packages/airflow/example_dags/example_latest_only_with_trigger.py for tasks to queue
[2022-05-21 14:54:36,079] {logging_mixin.py:104} INFO - [2022-05-21 14:54:36,078] {dagbag.py:487} INFO - Filling up the DagBag from /home/airflow/.local/lib/python3.6/site-packages/airflow/example_dags/example_latest_only_with_trigger.py
[2022-05-21 14:54:36,133] {scheduler_job.py:643} INFO - DAG(s) dict_keys(['latest_only_with_trigger']) retrieved from /home/airflow/.local/lib/python3.6/site-packages/airflow/example_dags/example_latest_only_with_trigger.py
[2022-05-21 14:54:36,203] {logging_mixin.py:104} INFO - [2022-05-21 14:54:36,202] {dag.py:1832} INFO - Sync 1 DAGs
[2022-05-21 14:54:36,253] {logging_mixin.py:104} INFO - [2022-05-21 14:54:36,252] {dag.py:2305} INFO - Setting next_dagrun for latest_only_with_trigger to 2022-05-19 00:00:00+00:00
[2022-05-21 14:54:36,290] {scheduler_job.py:190} INFO - Processing /home/airflow/.local/lib/python3.6/site-packages/airflow/example_dags/example_latest_only_with_trigger.py took 0.234 seconds
[2022-05-21 14:55:06,740] {scheduler_job.py:182} INFO - Started process (PID=1808) to work on /home/airflow/.local/lib/python3.6/site-packages/airflow/example_dags/example_latest_only_with_trigger.py
[2022-05-21 14:55:06,762] {scheduler_job.py:633} INFO - Processing file /home/airflow/.local/lib/python3.6/site-packages/airflow/example_dags/example_latest_only_with_trigger.py for tasks to queue
[2022-05-21 14:55:06,777] {logging_mixin.py:104} INFO - [2022-05-21 14:55:06,777] {dagbag.py:487} INFO - Filling up the DagBag from /home/airflow/.local/lib/python3.6/site-packages/airflow/example_dags/example_latest_only_with_trigger.py
[2022-05-21 14:55:06,884] {scheduler_job.py:643} INFO - DAG(s) dict_keys(['latest_only_with_trigger']) retrieved from /home/airflow/.local/lib/python3.6/site-packages/airflow/example_dags/example_latest_only_with_trigger.py
[2022-05-21 14:55:07,002] {logging_mixin.py:104} INFO - [2022-05-21 14:55:07,002] {dag.py:1832} INFO - Sync 1 DAGs
[2022-05-21 14:55:07,060] {logging_mixin.py:104} INFO - [2022-05-21 14:55:07,060] {dag.py:2305} INFO - Setting next_dagrun for latest_only_with_trigger to 2022-05-19 00:00:00+00:00
[2022-05-21 14:55:07,127] {scheduler_job.py:190} INFO - Processing /home/airflow/.local/lib/python3.6/site-packages/airflow/example_dags/example_latest_only_with_trigger.py took 0.408 seconds
