[2022-05-21 14:46:37,036] {scheduler_job.py:182} INFO - Started process (PID=597) to work on /home/airflow/.local/lib/python3.6/site-packages/airflow/example_dags/example_xcom.py
[2022-05-21 14:46:37,040] {scheduler_job.py:633} INFO - Processing file /home/airflow/.local/lib/python3.6/site-packages/airflow/example_dags/example_xcom.py for tasks to queue
[2022-05-21 14:46:37,043] {logging_mixin.py:104} INFO - [2022-05-21 14:46:37,042] {dagbag.py:487} INFO - Filling up the DagBag from /home/airflow/.local/lib/python3.6/site-packages/airflow/example_dags/example_xcom.py
[2022-05-21 14:46:37,092] {scheduler_job.py:643} INFO - DAG(s) dict_keys(['example_xcom']) retrieved from /home/airflow/.local/lib/python3.6/site-packages/airflow/example_dags/example_xcom.py
[2022-05-21 14:46:48,579] {logging_mixin.py:104} INFO - [2022-05-21 14:46:48,572] {dag.py:1832} INFO - Sync 1 DAGs
[2022-05-21 14:46:48,633] {logging_mixin.py:104} INFO - [2022-05-21 14:46:48,626] {dag.py:1851} INFO - Creating ORM DAG for example_xcom
[2022-05-21 14:46:48,653] {logging_mixin.py:104} INFO - [2022-05-21 14:46:48,652] {dag.py:2305} INFO - Setting next_dagrun for example_xcom to 2022-05-19 00:00:00+00:00
[2022-05-21 14:46:48,705] {scheduler_job.py:190} INFO - Processing /home/airflow/.local/lib/python3.6/site-packages/airflow/example_dags/example_xcom.py took 11.676 seconds
[2022-05-21 14:47:31,785] {scheduler_job.py:182} INFO - Started process (PID=733) to work on /home/airflow/.local/lib/python3.6/site-packages/airflow/example_dags/example_xcom.py
[2022-05-21 14:47:31,790] {scheduler_job.py:633} INFO - Processing file /home/airflow/.local/lib/python3.6/site-packages/airflow/example_dags/example_xcom.py for tasks to queue
[2022-05-21 14:47:31,794] {logging_mixin.py:104} INFO - [2022-05-21 14:47:31,793] {dagbag.py:487} INFO - Filling up the DagBag from /home/airflow/.local/lib/python3.6/site-packages/airflow/example_dags/example_xcom.py
[2022-05-21 14:47:31,842] {scheduler_job.py:643} INFO - DAG(s) dict_keys(['example_xcom']) retrieved from /home/airflow/.local/lib/python3.6/site-packages/airflow/example_dags/example_xcom.py
[2022-05-21 14:47:31,907] {logging_mixin.py:104} INFO - [2022-05-21 14:47:31,907] {dag.py:1832} INFO - Sync 1 DAGs
[2022-05-21 14:47:31,970] {logging_mixin.py:104} INFO - [2022-05-21 14:47:31,970] {dag.py:2305} INFO - Setting next_dagrun for example_xcom to 2022-05-19 00:00:00+00:00
[2022-05-21 14:47:32,001] {scheduler_job.py:190} INFO - Processing /home/airflow/.local/lib/python3.6/site-packages/airflow/example_dags/example_xcom.py took 0.225 seconds
[2022-05-21 14:48:02,610] {scheduler_job.py:182} INFO - Started process (PID=833) to work on /home/airflow/.local/lib/python3.6/site-packages/airflow/example_dags/example_xcom.py
[2022-05-21 14:48:02,615] {scheduler_job.py:633} INFO - Processing file /home/airflow/.local/lib/python3.6/site-packages/airflow/example_dags/example_xcom.py for tasks to queue
[2022-05-21 14:48:02,619] {logging_mixin.py:104} INFO - [2022-05-21 14:48:02,618] {dagbag.py:487} INFO - Filling up the DagBag from /home/airflow/.local/lib/python3.6/site-packages/airflow/example_dags/example_xcom.py
[2022-05-21 14:48:02,659] {scheduler_job.py:643} INFO - DAG(s) dict_keys(['example_xcom']) retrieved from /home/airflow/.local/lib/python3.6/site-packages/airflow/example_dags/example_xcom.py
[2022-05-21 14:48:02,721] {logging_mixin.py:104} INFO - [2022-05-21 14:48:02,721] {dag.py:1832} INFO - Sync 1 DAGs
[2022-05-21 14:48:02,763] {logging_mixin.py:104} INFO - [2022-05-21 14:48:02,763] {dag.py:2305} INFO - Setting next_dagrun for example_xcom to 2022-05-19 00:00:00+00:00
[2022-05-21 14:48:02,793] {scheduler_job.py:190} INFO - Processing /home/airflow/.local/lib/python3.6/site-packages/airflow/example_dags/example_xcom.py took 0.211 seconds
[2022-05-21 14:48:33,967] {scheduler_job.py:182} INFO - Started process (PID=932) to work on /home/airflow/.local/lib/python3.6/site-packages/airflow/example_dags/example_xcom.py
[2022-05-21 14:48:33,971] {scheduler_job.py:633} INFO - Processing file /home/airflow/.local/lib/python3.6/site-packages/airflow/example_dags/example_xcom.py for tasks to queue
[2022-05-21 14:48:33,975] {logging_mixin.py:104} INFO - [2022-05-21 14:48:33,975] {dagbag.py:487} INFO - Filling up the DagBag from /home/airflow/.local/lib/python3.6/site-packages/airflow/example_dags/example_xcom.py
[2022-05-21 14:48:34,020] {scheduler_job.py:643} INFO - DAG(s) dict_keys(['example_xcom']) retrieved from /home/airflow/.local/lib/python3.6/site-packages/airflow/example_dags/example_xcom.py
[2022-05-21 14:48:34,072] {logging_mixin.py:104} INFO - [2022-05-21 14:48:34,072] {dag.py:1832} INFO - Sync 1 DAGs
[2022-05-21 14:48:34,110] {logging_mixin.py:104} INFO - [2022-05-21 14:48:34,109] {dag.py:2305} INFO - Setting next_dagrun for example_xcom to 2022-05-19 00:00:00+00:00
[2022-05-21 14:48:34,138] {scheduler_job.py:190} INFO - Processing /home/airflow/.local/lib/python3.6/site-packages/airflow/example_dags/example_xcom.py took 0.179 seconds
[2022-05-21 14:49:06,112] {scheduler_job.py:182} INFO - Started process (PID=1036) to work on /home/airflow/.local/lib/python3.6/site-packages/airflow/example_dags/example_xcom.py
[2022-05-21 14:49:06,116] {scheduler_job.py:633} INFO - Processing file /home/airflow/.local/lib/python3.6/site-packages/airflow/example_dags/example_xcom.py for tasks to queue
[2022-05-21 14:49:06,120] {logging_mixin.py:104} INFO - [2022-05-21 14:49:06,119] {dagbag.py:487} INFO - Filling up the DagBag from /home/airflow/.local/lib/python3.6/site-packages/airflow/example_dags/example_xcom.py
[2022-05-21 14:49:06,168] {scheduler_job.py:643} INFO - DAG(s) dict_keys(['example_xcom']) retrieved from /home/airflow/.local/lib/python3.6/site-packages/airflow/example_dags/example_xcom.py
[2022-05-21 14:49:06,226] {logging_mixin.py:104} INFO - [2022-05-21 14:49:06,226] {dag.py:1832} INFO - Sync 1 DAGs
[2022-05-21 14:49:06,313] {logging_mixin.py:104} INFO - [2022-05-21 14:49:06,310] {dag.py:2305} INFO - Setting next_dagrun for example_xcom to 2022-05-19 00:00:00+00:00
[2022-05-21 14:49:06,357] {scheduler_job.py:190} INFO - Processing /home/airflow/.local/lib/python3.6/site-packages/airflow/example_dags/example_xcom.py took 0.252 seconds
[2022-05-21 14:49:37,330] {scheduler_job.py:182} INFO - Started process (PID=1128) to work on /home/airflow/.local/lib/python3.6/site-packages/airflow/example_dags/example_xcom.py
[2022-05-21 14:49:37,334] {scheduler_job.py:633} INFO - Processing file /home/airflow/.local/lib/python3.6/site-packages/airflow/example_dags/example_xcom.py for tasks to queue
[2022-05-21 14:49:37,336] {logging_mixin.py:104} INFO - [2022-05-21 14:49:37,335] {dagbag.py:487} INFO - Filling up the DagBag from /home/airflow/.local/lib/python3.6/site-packages/airflow/example_dags/example_xcom.py
[2022-05-21 14:49:37,368] {scheduler_job.py:643} INFO - DAG(s) dict_keys(['example_xcom']) retrieved from /home/airflow/.local/lib/python3.6/site-packages/airflow/example_dags/example_xcom.py
[2022-05-21 14:49:37,416] {logging_mixin.py:104} INFO - [2022-05-21 14:49:37,415] {dag.py:1832} INFO - Sync 1 DAGs
[2022-05-21 14:49:37,448] {logging_mixin.py:104} INFO - [2022-05-21 14:49:37,447] {dag.py:2305} INFO - Setting next_dagrun for example_xcom to 2022-05-19 00:00:00+00:00
[2022-05-21 14:49:37,472] {scheduler_job.py:190} INFO - Processing /home/airflow/.local/lib/python3.6/site-packages/airflow/example_dags/example_xcom.py took 0.148 seconds
[2022-05-21 14:50:07,747] {scheduler_job.py:182} INFO - Started process (PID=1231) to work on /home/airflow/.local/lib/python3.6/site-packages/airflow/example_dags/example_xcom.py
[2022-05-21 14:50:07,754] {scheduler_job.py:633} INFO - Processing file /home/airflow/.local/lib/python3.6/site-packages/airflow/example_dags/example_xcom.py for tasks to queue
[2022-05-21 14:50:07,762] {logging_mixin.py:104} INFO - [2022-05-21 14:50:07,761] {dagbag.py:487} INFO - Filling up the DagBag from /home/airflow/.local/lib/python3.6/site-packages/airflow/example_dags/example_xcom.py
[2022-05-21 14:50:07,829] {scheduler_job.py:643} INFO - DAG(s) dict_keys(['example_xcom']) retrieved from /home/airflow/.local/lib/python3.6/site-packages/airflow/example_dags/example_xcom.py
[2022-05-21 14:50:07,904] {logging_mixin.py:104} INFO - [2022-05-21 14:50:07,904] {dag.py:1832} INFO - Sync 1 DAGs
[2022-05-21 14:50:07,944] {logging_mixin.py:104} INFO - [2022-05-21 14:50:07,944] {dag.py:2305} INFO - Setting next_dagrun for example_xcom to 2022-05-19 00:00:00+00:00
[2022-05-21 14:50:07,973] {scheduler_job.py:190} INFO - Processing /home/airflow/.local/lib/python3.6/site-packages/airflow/example_dags/example_xcom.py took 0.234 seconds
[2022-05-21 14:50:38,058] {scheduler_job.py:182} INFO - Started process (PID=1318) to work on /home/airflow/.local/lib/python3.6/site-packages/airflow/example_dags/example_xcom.py
[2022-05-21 14:50:38,061] {scheduler_job.py:633} INFO - Processing file /home/airflow/.local/lib/python3.6/site-packages/airflow/example_dags/example_xcom.py for tasks to queue
[2022-05-21 14:50:38,063] {logging_mixin.py:104} INFO - [2022-05-21 14:50:38,063] {dagbag.py:487} INFO - Filling up the DagBag from /home/airflow/.local/lib/python3.6/site-packages/airflow/example_dags/example_xcom.py
[2022-05-21 14:50:38,095] {scheduler_job.py:643} INFO - DAG(s) dict_keys(['example_xcom']) retrieved from /home/airflow/.local/lib/python3.6/site-packages/airflow/example_dags/example_xcom.py
[2022-05-21 14:50:38,140] {logging_mixin.py:104} INFO - [2022-05-21 14:50:38,140] {dag.py:1832} INFO - Sync 1 DAGs
[2022-05-21 14:50:38,170] {logging_mixin.py:104} INFO - [2022-05-21 14:50:38,170] {dag.py:2305} INFO - Setting next_dagrun for example_xcom to 2022-05-19 00:00:00+00:00
[2022-05-21 14:50:38,193] {scheduler_job.py:190} INFO - Processing /home/airflow/.local/lib/python3.6/site-packages/airflow/example_dags/example_xcom.py took 0.141 seconds
[2022-05-21 14:51:08,584] {scheduler_job.py:182} INFO - Started process (PID=1424) to work on /home/airflow/.local/lib/python3.6/site-packages/airflow/example_dags/example_xcom.py
[2022-05-21 14:51:08,589] {scheduler_job.py:633} INFO - Processing file /home/airflow/.local/lib/python3.6/site-packages/airflow/example_dags/example_xcom.py for tasks to queue
[2022-05-21 14:51:08,593] {logging_mixin.py:104} INFO - [2022-05-21 14:51:08,591] {dagbag.py:487} INFO - Filling up the DagBag from /home/airflow/.local/lib/python3.6/site-packages/airflow/example_dags/example_xcom.py
[2022-05-21 14:51:08,633] {scheduler_job.py:643} INFO - DAG(s) dict_keys(['example_xcom']) retrieved from /home/airflow/.local/lib/python3.6/site-packages/airflow/example_dags/example_xcom.py
[2022-05-21 14:51:08,689] {logging_mixin.py:104} INFO - [2022-05-21 14:51:08,689] {dag.py:1832} INFO - Sync 1 DAGs
[2022-05-21 14:51:08,728] {logging_mixin.py:104} INFO - [2022-05-21 14:51:08,727] {dag.py:2305} INFO - Setting next_dagrun for example_xcom to 2022-05-19 00:00:00+00:00
[2022-05-21 14:51:08,757] {scheduler_job.py:190} INFO - Processing /home/airflow/.local/lib/python3.6/site-packages/airflow/example_dags/example_xcom.py took 0.181 seconds
[2022-05-21 14:51:39,657] {scheduler_job.py:182} INFO - Started process (PID=1512) to work on /home/airflow/.local/lib/python3.6/site-packages/airflow/example_dags/example_xcom.py
[2022-05-21 14:51:39,662] {scheduler_job.py:633} INFO - Processing file /home/airflow/.local/lib/python3.6/site-packages/airflow/example_dags/example_xcom.py for tasks to queue
[2022-05-21 14:51:39,666] {logging_mixin.py:104} INFO - [2022-05-21 14:51:39,666] {dagbag.py:487} INFO - Filling up the DagBag from /home/airflow/.local/lib/python3.6/site-packages/airflow/example_dags/example_xcom.py
[2022-05-21 14:51:39,704] {scheduler_job.py:643} INFO - DAG(s) dict_keys(['example_xcom']) retrieved from /home/airflow/.local/lib/python3.6/site-packages/airflow/example_dags/example_xcom.py
[2022-05-21 14:51:39,755] {logging_mixin.py:104} INFO - [2022-05-21 14:51:39,755] {dag.py:1832} INFO - Sync 1 DAGs
[2022-05-21 14:51:39,788] {logging_mixin.py:104} INFO - [2022-05-21 14:51:39,787] {dag.py:2305} INFO - Setting next_dagrun for example_xcom to 2022-05-19 00:00:00+00:00
[2022-05-21 14:51:39,812] {scheduler_job.py:190} INFO - Processing /home/airflow/.local/lib/python3.6/site-packages/airflow/example_dags/example_xcom.py took 0.166 seconds
[2022-05-21 14:52:10,187] {scheduler_job.py:182} INFO - Started process (PID=1615) to work on /home/airflow/.local/lib/python3.6/site-packages/airflow/example_dags/example_xcom.py
[2022-05-21 14:52:10,198] {scheduler_job.py:633} INFO - Processing file /home/airflow/.local/lib/python3.6/site-packages/airflow/example_dags/example_xcom.py for tasks to queue
[2022-05-21 14:52:10,216] {logging_mixin.py:104} INFO - [2022-05-21 14:52:10,214] {dagbag.py:487} INFO - Filling up the DagBag from /home/airflow/.local/lib/python3.6/site-packages/airflow/example_dags/example_xcom.py
[2022-05-21 14:52:10,300] {scheduler_job.py:643} INFO - DAG(s) dict_keys(['example_xcom']) retrieved from /home/airflow/.local/lib/python3.6/site-packages/airflow/example_dags/example_xcom.py
[2022-05-21 14:52:10,416] {logging_mixin.py:104} INFO - [2022-05-21 14:52:10,415] {dag.py:1832} INFO - Sync 1 DAGs
[2022-05-21 14:52:10,468] {logging_mixin.py:104} INFO - [2022-05-21 14:52:10,468] {dag.py:2305} INFO - Setting next_dagrun for example_xcom to 2022-05-19 00:00:00+00:00
[2022-05-21 14:52:10,508] {scheduler_job.py:190} INFO - Processing /home/airflow/.local/lib/python3.6/site-packages/airflow/example_dags/example_xcom.py took 0.340 seconds
[2022-05-21 14:54:39,870] {scheduler_job.py:182} INFO - Started process (PID=1737) to work on /home/airflow/.local/lib/python3.6/site-packages/airflow/example_dags/example_xcom.py
[2022-05-21 14:54:39,879] {scheduler_job.py:633} INFO - Processing file /home/airflow/.local/lib/python3.6/site-packages/airflow/example_dags/example_xcom.py for tasks to queue
[2022-05-21 14:54:39,888] {logging_mixin.py:104} INFO - [2022-05-21 14:54:39,888] {dagbag.py:487} INFO - Filling up the DagBag from /home/airflow/.local/lib/python3.6/site-packages/airflow/example_dags/example_xcom.py
[2022-05-21 14:54:39,969] {scheduler_job.py:643} INFO - DAG(s) dict_keys(['example_xcom']) retrieved from /home/airflow/.local/lib/python3.6/site-packages/airflow/example_dags/example_xcom.py
[2022-05-21 14:54:40,090] {logging_mixin.py:104} INFO - [2022-05-21 14:54:40,090] {dag.py:1832} INFO - Sync 1 DAGs
[2022-05-21 14:54:40,168] {logging_mixin.py:104} INFO - [2022-05-21 14:54:40,167] {dag.py:2305} INFO - Setting next_dagrun for example_xcom to 2022-05-19 00:00:00+00:00
[2022-05-21 14:54:40,237] {scheduler_job.py:190} INFO - Processing /home/airflow/.local/lib/python3.6/site-packages/airflow/example_dags/example_xcom.py took 0.380 seconds
[2022-05-21 14:55:11,217] {scheduler_job.py:182} INFO - Started process (PID=1830) to work on /home/airflow/.local/lib/python3.6/site-packages/airflow/example_dags/example_xcom.py
[2022-05-21 14:55:11,232] {scheduler_job.py:633} INFO - Processing file /home/airflow/.local/lib/python3.6/site-packages/airflow/example_dags/example_xcom.py for tasks to queue
[2022-05-21 14:55:11,240] {logging_mixin.py:104} INFO - [2022-05-21 14:55:11,239] {dagbag.py:487} INFO - Filling up the DagBag from /home/airflow/.local/lib/python3.6/site-packages/airflow/example_dags/example_xcom.py
[2022-05-21 14:55:11,330] {scheduler_job.py:643} INFO - DAG(s) dict_keys(['example_xcom']) retrieved from /home/airflow/.local/lib/python3.6/site-packages/airflow/example_dags/example_xcom.py
[2022-05-21 14:55:11,474] {logging_mixin.py:104} INFO - [2022-05-21 14:55:11,472] {dag.py:1832} INFO - Sync 1 DAGs
[2022-05-21 14:55:11,548] {logging_mixin.py:104} INFO - [2022-05-21 14:55:11,547] {dag.py:2305} INFO - Setting next_dagrun for example_xcom to 2022-05-19 00:00:00+00:00
[2022-05-21 14:55:11,618] {scheduler_job.py:190} INFO - Processing /home/airflow/.local/lib/python3.6/site-packages/airflow/example_dags/example_xcom.py took 0.413 seconds
