[2022-05-21 14:44:47,302] {scheduler_job.py:182} INFO - Started process (PID=423) to work on /home/airflow/.local/lib/python3.6/site-packages/airflow/example_dags/example_latest_only.py
[2022-05-21 14:44:47,307] {scheduler_job.py:633} INFO - Processing file /home/airflow/.local/lib/python3.6/site-packages/airflow/example_dags/example_latest_only.py for tasks to queue
[2022-05-21 14:44:47,310] {logging_mixin.py:104} INFO - [2022-05-21 14:44:47,309] {dagbag.py:487} INFO - Filling up the DagBag from /home/airflow/.local/lib/python3.6/site-packages/airflow/example_dags/example_latest_only.py
[2022-05-21 14:44:47,362] {scheduler_job.py:643} INFO - DAG(s) dict_keys(['latest_only']) retrieved from /home/airflow/.local/lib/python3.6/site-packages/airflow/example_dags/example_latest_only.py
[2022-05-21 14:44:59,357] {logging_mixin.py:104} INFO - [2022-05-21 14:44:59,351] {dag.py:1832} INFO - Sync 1 DAGs
[2022-05-21 14:44:59,401] {logging_mixin.py:104} INFO - [2022-05-21 14:44:59,396] {dag.py:1851} INFO - Creating ORM DAG for latest_only
[2022-05-21 14:44:59,417] {logging_mixin.py:104} INFO - [2022-05-21 14:44:59,416] {dag.py:2305} INFO - Setting next_dagrun for latest_only to 2022-05-19 00:00:00+00:00
[2022-05-21 14:44:59,450] {scheduler_job.py:190} INFO - Processing /home/airflow/.local/lib/python3.6/site-packages/airflow/example_dags/example_latest_only.py took 12.155 seconds
[2022-05-21 14:47:27,108] {scheduler_job.py:182} INFO - Started process (PID=699) to work on /home/airflow/.local/lib/python3.6/site-packages/airflow/example_dags/example_latest_only.py
[2022-05-21 14:47:27,113] {scheduler_job.py:633} INFO - Processing file /home/airflow/.local/lib/python3.6/site-packages/airflow/example_dags/example_latest_only.py for tasks to queue
[2022-05-21 14:47:27,117] {logging_mixin.py:104} INFO - [2022-05-21 14:47:27,117] {dagbag.py:487} INFO - Filling up the DagBag from /home/airflow/.local/lib/python3.6/site-packages/airflow/example_dags/example_latest_only.py
[2022-05-21 14:47:27,162] {scheduler_job.py:643} INFO - DAG(s) dict_keys(['latest_only']) retrieved from /home/airflow/.local/lib/python3.6/site-packages/airflow/example_dags/example_latest_only.py
[2022-05-21 14:47:27,225] {logging_mixin.py:104} INFO - [2022-05-21 14:47:27,224] {dag.py:1832} INFO - Sync 1 DAGs
[2022-05-21 14:47:27,298] {logging_mixin.py:104} INFO - [2022-05-21 14:47:27,292] {dag.py:2305} INFO - Setting next_dagrun for latest_only to 2022-05-19 00:00:00+00:00
[2022-05-21 14:47:27,414] {scheduler_job.py:190} INFO - Processing /home/airflow/.local/lib/python3.6/site-packages/airflow/example_dags/example_latest_only.py took 0.314 seconds
[2022-05-21 14:47:58,163] {scheduler_job.py:182} INFO - Started process (PID=786) to work on /home/airflow/.local/lib/python3.6/site-packages/airflow/example_dags/example_latest_only.py
[2022-05-21 14:47:58,167] {scheduler_job.py:633} INFO - Processing file /home/airflow/.local/lib/python3.6/site-packages/airflow/example_dags/example_latest_only.py for tasks to queue
[2022-05-21 14:47:58,170] {logging_mixin.py:104} INFO - [2022-05-21 14:47:58,169] {dagbag.py:487} INFO - Filling up the DagBag from /home/airflow/.local/lib/python3.6/site-packages/airflow/example_dags/example_latest_only.py
[2022-05-21 14:47:58,205] {scheduler_job.py:643} INFO - DAG(s) dict_keys(['latest_only']) retrieved from /home/airflow/.local/lib/python3.6/site-packages/airflow/example_dags/example_latest_only.py
[2022-05-21 14:47:58,254] {logging_mixin.py:104} INFO - [2022-05-21 14:47:58,254] {dag.py:1832} INFO - Sync 1 DAGs
[2022-05-21 14:47:58,287] {logging_mixin.py:104} INFO - [2022-05-21 14:47:58,287] {dag.py:2305} INFO - Setting next_dagrun for latest_only to 2022-05-19 00:00:00+00:00
[2022-05-21 14:47:58,311] {scheduler_job.py:190} INFO - Processing /home/airflow/.local/lib/python3.6/site-packages/airflow/example_dags/example_latest_only.py took 0.154 seconds
[2022-05-21 14:48:28,370] {scheduler_job.py:182} INFO - Started process (PID=893) to work on /home/airflow/.local/lib/python3.6/site-packages/airflow/example_dags/example_latest_only.py
[2022-05-21 14:48:28,375] {scheduler_job.py:633} INFO - Processing file /home/airflow/.local/lib/python3.6/site-packages/airflow/example_dags/example_latest_only.py for tasks to queue
[2022-05-21 14:48:28,379] {logging_mixin.py:104} INFO - [2022-05-21 14:48:28,379] {dagbag.py:487} INFO - Filling up the DagBag from /home/airflow/.local/lib/python3.6/site-packages/airflow/example_dags/example_latest_only.py
[2022-05-21 14:48:28,475] {scheduler_job.py:643} INFO - DAG(s) dict_keys(['latest_only']) retrieved from /home/airflow/.local/lib/python3.6/site-packages/airflow/example_dags/example_latest_only.py
[2022-05-21 14:48:28,580] {logging_mixin.py:104} INFO - [2022-05-21 14:48:28,579] {dag.py:1832} INFO - Sync 1 DAGs
[2022-05-21 14:48:28,621] {logging_mixin.py:104} INFO - [2022-05-21 14:48:28,621] {dag.py:2305} INFO - Setting next_dagrun for latest_only to 2022-05-19 00:00:00+00:00
[2022-05-21 14:48:28,653] {scheduler_job.py:190} INFO - Processing /home/airflow/.local/lib/python3.6/site-packages/airflow/example_dags/example_latest_only.py took 0.291 seconds
[2022-05-21 14:48:59,674] {scheduler_job.py:182} INFO - Started process (PID=982) to work on /home/airflow/.local/lib/python3.6/site-packages/airflow/example_dags/example_latest_only.py
[2022-05-21 14:48:59,678] {scheduler_job.py:633} INFO - Processing file /home/airflow/.local/lib/python3.6/site-packages/airflow/example_dags/example_latest_only.py for tasks to queue
[2022-05-21 14:48:59,680] {logging_mixin.py:104} INFO - [2022-05-21 14:48:59,680] {dagbag.py:487} INFO - Filling up the DagBag from /home/airflow/.local/lib/python3.6/site-packages/airflow/example_dags/example_latest_only.py
[2022-05-21 14:48:59,714] {scheduler_job.py:643} INFO - DAG(s) dict_keys(['latest_only']) retrieved from /home/airflow/.local/lib/python3.6/site-packages/airflow/example_dags/example_latest_only.py
[2022-05-21 14:48:59,764] {logging_mixin.py:104} INFO - [2022-05-21 14:48:59,763] {dag.py:1832} INFO - Sync 1 DAGs
[2022-05-21 14:48:59,798] {logging_mixin.py:104} INFO - [2022-05-21 14:48:59,797] {dag.py:2305} INFO - Setting next_dagrun for latest_only to 2022-05-19 00:00:00+00:00
[2022-05-21 14:48:59,825] {scheduler_job.py:190} INFO - Processing /home/airflow/.local/lib/python3.6/site-packages/airflow/example_dags/example_latest_only.py took 0.158 seconds
[2022-05-21 14:49:30,024] {scheduler_job.py:182} INFO - Started process (PID=1092) to work on /home/airflow/.local/lib/python3.6/site-packages/airflow/example_dags/example_latest_only.py
[2022-05-21 14:49:30,028] {scheduler_job.py:633} INFO - Processing file /home/airflow/.local/lib/python3.6/site-packages/airflow/example_dags/example_latest_only.py for tasks to queue
[2022-05-21 14:49:30,032] {logging_mixin.py:104} INFO - [2022-05-21 14:49:30,031] {dagbag.py:487} INFO - Filling up the DagBag from /home/airflow/.local/lib/python3.6/site-packages/airflow/example_dags/example_latest_only.py
[2022-05-21 14:49:30,070] {scheduler_job.py:643} INFO - DAG(s) dict_keys(['latest_only']) retrieved from /home/airflow/.local/lib/python3.6/site-packages/airflow/example_dags/example_latest_only.py
[2022-05-21 14:49:30,129] {logging_mixin.py:104} INFO - [2022-05-21 14:49:30,128] {dag.py:1832} INFO - Sync 1 DAGs
[2022-05-21 14:49:30,222] {logging_mixin.py:104} INFO - [2022-05-21 14:49:30,221] {dag.py:2305} INFO - Setting next_dagrun for latest_only to 2022-05-19 00:00:00+00:00
[2022-05-21 14:49:30,262] {scheduler_job.py:190} INFO - Processing /home/airflow/.local/lib/python3.6/site-packages/airflow/example_dags/example_latest_only.py took 0.247 seconds
[2022-05-21 14:50:00,441] {scheduler_job.py:182} INFO - Started process (PID=1177) to work on /home/airflow/.local/lib/python3.6/site-packages/airflow/example_dags/example_latest_only.py
[2022-05-21 14:50:00,445] {scheduler_job.py:633} INFO - Processing file /home/airflow/.local/lib/python3.6/site-packages/airflow/example_dags/example_latest_only.py for tasks to queue
[2022-05-21 14:50:00,448] {logging_mixin.py:104} INFO - [2022-05-21 14:50:00,447] {dagbag.py:487} INFO - Filling up the DagBag from /home/airflow/.local/lib/python3.6/site-packages/airflow/example_dags/example_latest_only.py
[2022-05-21 14:50:00,485] {scheduler_job.py:643} INFO - DAG(s) dict_keys(['latest_only']) retrieved from /home/airflow/.local/lib/python3.6/site-packages/airflow/example_dags/example_latest_only.py
[2022-05-21 14:50:00,534] {logging_mixin.py:104} INFO - [2022-05-21 14:50:00,534] {dag.py:1832} INFO - Sync 1 DAGs
[2022-05-21 14:50:00,568] {logging_mixin.py:104} INFO - [2022-05-21 14:50:00,568] {dag.py:2305} INFO - Setting next_dagrun for latest_only to 2022-05-19 00:00:00+00:00
[2022-05-21 14:50:00,593] {scheduler_job.py:190} INFO - Processing /home/airflow/.local/lib/python3.6/site-packages/airflow/example_dags/example_latest_only.py took 0.160 seconds
[2022-05-21 14:50:30,880] {scheduler_job.py:182} INFO - Started process (PID=1286) to work on /home/airflow/.local/lib/python3.6/site-packages/airflow/example_dags/example_latest_only.py
[2022-05-21 14:50:30,884] {scheduler_job.py:633} INFO - Processing file /home/airflow/.local/lib/python3.6/site-packages/airflow/example_dags/example_latest_only.py for tasks to queue
[2022-05-21 14:50:30,887] {logging_mixin.py:104} INFO - [2022-05-21 14:50:30,887] {dagbag.py:487} INFO - Filling up the DagBag from /home/airflow/.local/lib/python3.6/site-packages/airflow/example_dags/example_latest_only.py
[2022-05-21 14:50:30,929] {scheduler_job.py:643} INFO - DAG(s) dict_keys(['latest_only']) retrieved from /home/airflow/.local/lib/python3.6/site-packages/airflow/example_dags/example_latest_only.py
[2022-05-21 14:50:30,988] {logging_mixin.py:104} INFO - [2022-05-21 14:50:30,987] {dag.py:1832} INFO - Sync 1 DAGs
[2022-05-21 14:50:31,028] {logging_mixin.py:104} INFO - [2022-05-21 14:50:31,027] {dag.py:2305} INFO - Setting next_dagrun for latest_only to 2022-05-19 00:00:00+00:00
[2022-05-21 14:50:31,058] {scheduler_job.py:190} INFO - Processing /home/airflow/.local/lib/python3.6/site-packages/airflow/example_dags/example_latest_only.py took 0.186 seconds
[2022-05-21 14:51:01,169] {scheduler_job.py:182} INFO - Started process (PID=1383) to work on /home/airflow/.local/lib/python3.6/site-packages/airflow/example_dags/example_latest_only.py
[2022-05-21 14:51:01,174] {scheduler_job.py:633} INFO - Processing file /home/airflow/.local/lib/python3.6/site-packages/airflow/example_dags/example_latest_only.py for tasks to queue
[2022-05-21 14:51:01,177] {logging_mixin.py:104} INFO - [2022-05-21 14:51:01,177] {dagbag.py:487} INFO - Filling up the DagBag from /home/airflow/.local/lib/python3.6/site-packages/airflow/example_dags/example_latest_only.py
[2022-05-21 14:51:01,220] {scheduler_job.py:643} INFO - DAG(s) dict_keys(['latest_only']) retrieved from /home/airflow/.local/lib/python3.6/site-packages/airflow/example_dags/example_latest_only.py
[2022-05-21 14:51:01,273] {logging_mixin.py:104} INFO - [2022-05-21 14:51:01,272] {dag.py:1832} INFO - Sync 1 DAGs
[2022-05-21 14:51:01,319] {logging_mixin.py:104} INFO - [2022-05-21 14:51:01,318] {dag.py:2305} INFO - Setting next_dagrun for latest_only to 2022-05-19 00:00:00+00:00
[2022-05-21 14:51:01,351] {scheduler_job.py:190} INFO - Processing /home/airflow/.local/lib/python3.6/site-packages/airflow/example_dags/example_latest_only.py took 0.192 seconds
[2022-05-21 14:51:31,644] {scheduler_job.py:182} INFO - Started process (PID=1480) to work on /home/airflow/.local/lib/python3.6/site-packages/airflow/example_dags/example_latest_only.py
[2022-05-21 14:51:31,650] {scheduler_job.py:633} INFO - Processing file /home/airflow/.local/lib/python3.6/site-packages/airflow/example_dags/example_latest_only.py for tasks to queue
[2022-05-21 14:51:31,655] {logging_mixin.py:104} INFO - [2022-05-21 14:51:31,655] {dagbag.py:487} INFO - Filling up the DagBag from /home/airflow/.local/lib/python3.6/site-packages/airflow/example_dags/example_latest_only.py
[2022-05-21 14:51:31,697] {scheduler_job.py:643} INFO - DAG(s) dict_keys(['latest_only']) retrieved from /home/airflow/.local/lib/python3.6/site-packages/airflow/example_dags/example_latest_only.py
[2022-05-21 14:51:31,751] {logging_mixin.py:104} INFO - [2022-05-21 14:51:31,751] {dag.py:1832} INFO - Sync 1 DAGs
[2022-05-21 14:51:31,796] {logging_mixin.py:104} INFO - [2022-05-21 14:51:31,796] {dag.py:2305} INFO - Setting next_dagrun for latest_only to 2022-05-19 00:00:00+00:00
[2022-05-21 14:51:31,824] {scheduler_job.py:190} INFO - Processing /home/airflow/.local/lib/python3.6/site-packages/airflow/example_dags/example_latest_only.py took 0.189 seconds
[2022-05-21 14:52:01,958] {scheduler_job.py:182} INFO - Started process (PID=1576) to work on /home/airflow/.local/lib/python3.6/site-packages/airflow/example_dags/example_latest_only.py
[2022-05-21 14:52:01,966] {scheduler_job.py:633} INFO - Processing file /home/airflow/.local/lib/python3.6/site-packages/airflow/example_dags/example_latest_only.py for tasks to queue
[2022-05-21 14:52:01,973] {logging_mixin.py:104} INFO - [2022-05-21 14:52:01,973] {dagbag.py:487} INFO - Filling up the DagBag from /home/airflow/.local/lib/python3.6/site-packages/airflow/example_dags/example_latest_only.py
[2022-05-21 14:52:02,020] {scheduler_job.py:643} INFO - DAG(s) dict_keys(['latest_only']) retrieved from /home/airflow/.local/lib/python3.6/site-packages/airflow/example_dags/example_latest_only.py
[2022-05-21 14:52:02,079] {logging_mixin.py:104} INFO - [2022-05-21 14:52:02,079] {dag.py:1832} INFO - Sync 1 DAGs
[2022-05-21 14:52:02,120] {logging_mixin.py:104} INFO - [2022-05-21 14:52:02,119] {dag.py:2305} INFO - Setting next_dagrun for latest_only to 2022-05-19 00:00:00+00:00
[2022-05-21 14:52:02,149] {scheduler_job.py:190} INFO - Processing /home/airflow/.local/lib/python3.6/site-packages/airflow/example_dags/example_latest_only.py took 0.205 seconds
[2022-05-21 14:52:33,005] {scheduler_job.py:182} INFO - Started process (PID=1674) to work on /home/airflow/.local/lib/python3.6/site-packages/airflow/example_dags/example_latest_only.py
[2022-05-21 14:52:33,011] {scheduler_job.py:633} INFO - Processing file /home/airflow/.local/lib/python3.6/site-packages/airflow/example_dags/example_latest_only.py for tasks to queue
[2022-05-21 14:52:33,016] {logging_mixin.py:104} INFO - [2022-05-21 14:52:33,015] {dagbag.py:487} INFO - Filling up the DagBag from /home/airflow/.local/lib/python3.6/site-packages/airflow/example_dags/example_latest_only.py
[2022-05-21 14:52:33,066] {scheduler_job.py:643} INFO - DAG(s) dict_keys(['latest_only']) retrieved from /home/airflow/.local/lib/python3.6/site-packages/airflow/example_dags/example_latest_only.py
[2022-05-21 14:52:33,151] {logging_mixin.py:104} INFO - [2022-05-21 14:52:33,151] {dag.py:1832} INFO - Sync 1 DAGs
[2022-05-21 14:52:33,218] {logging_mixin.py:104} INFO - [2022-05-21 14:52:33,217] {dag.py:2305} INFO - Setting next_dagrun for latest_only to 2022-05-19 00:00:00+00:00
[2022-05-21 14:52:33,275] {scheduler_job.py:190} INFO - Processing /home/airflow/.local/lib/python3.6/site-packages/airflow/example_dags/example_latest_only.py took 0.280 seconds
[2022-05-21 14:54:34,679] {scheduler_job.py:182} INFO - Started process (PID=1692) to work on /home/airflow/.local/lib/python3.6/site-packages/airflow/example_dags/example_latest_only.py
[2022-05-21 14:54:34,683] {scheduler_job.py:633} INFO - Processing file /home/airflow/.local/lib/python3.6/site-packages/airflow/example_dags/example_latest_only.py for tasks to queue
[2022-05-21 14:54:34,690] {logging_mixin.py:104} INFO - [2022-05-21 14:54:34,689] {dagbag.py:487} INFO - Filling up the DagBag from /home/airflow/.local/lib/python3.6/site-packages/airflow/example_dags/example_latest_only.py
[2022-05-21 14:54:34,773] {scheduler_job.py:643} INFO - DAG(s) dict_keys(['latest_only']) retrieved from /home/airflow/.local/lib/python3.6/site-packages/airflow/example_dags/example_latest_only.py
[2022-05-21 14:54:34,904] {logging_mixin.py:104} INFO - [2022-05-21 14:54:34,903] {dag.py:1832} INFO - Sync 1 DAGs
[2022-05-21 14:54:34,968] {logging_mixin.py:104} INFO - [2022-05-21 14:54:34,967] {dag.py:2305} INFO - Setting next_dagrun for latest_only to 2022-05-19 00:00:00+00:00
[2022-05-21 14:54:35,018] {scheduler_job.py:190} INFO - Processing /home/airflow/.local/lib/python3.6/site-packages/airflow/example_dags/example_latest_only.py took 0.352 seconds
[2022-05-21 14:55:05,541] {scheduler_job.py:182} INFO - Started process (PID=1795) to work on /home/airflow/.local/lib/python3.6/site-packages/airflow/example_dags/example_latest_only.py
[2022-05-21 14:55:05,550] {scheduler_job.py:633} INFO - Processing file /home/airflow/.local/lib/python3.6/site-packages/airflow/example_dags/example_latest_only.py for tasks to queue
[2022-05-21 14:55:05,571] {logging_mixin.py:104} INFO - [2022-05-21 14:55:05,570] {dagbag.py:487} INFO - Filling up the DagBag from /home/airflow/.local/lib/python3.6/site-packages/airflow/example_dags/example_latest_only.py
[2022-05-21 14:55:05,685] {scheduler_job.py:643} INFO - DAG(s) dict_keys(['latest_only']) retrieved from /home/airflow/.local/lib/python3.6/site-packages/airflow/example_dags/example_latest_only.py
[2022-05-21 14:55:05,847] {logging_mixin.py:104} INFO - [2022-05-21 14:55:05,847] {dag.py:1832} INFO - Sync 1 DAGs
[2022-05-21 14:55:05,954] {logging_mixin.py:104} INFO - [2022-05-21 14:55:05,953] {dag.py:2305} INFO - Setting next_dagrun for latest_only to 2022-05-19 00:00:00+00:00
[2022-05-21 14:55:06,050] {scheduler_job.py:190} INFO - Processing /home/airflow/.local/lib/python3.6/site-packages/airflow/example_dags/example_latest_only.py took 0.518 seconds
