[2022-05-21 14:44:34,744] {scheduler_job.py:182} INFO - Started process (PID=395) to work on /home/airflow/.local/lib/python3.6/site-packages/airflow/example_dags/example_kubernetes_executor_config.py
[2022-05-21 14:44:34,749] {scheduler_job.py:633} INFO - Processing file /home/airflow/.local/lib/python3.6/site-packages/airflow/example_dags/example_kubernetes_executor_config.py for tasks to queue
[2022-05-21 14:44:34,752] {logging_mixin.py:104} INFO - [2022-05-21 14:44:34,751] {dagbag.py:487} INFO - Filling up the DagBag from /home/airflow/.local/lib/python3.6/site-packages/airflow/example_dags/example_kubernetes_executor_config.py
[2022-05-21 14:44:34,816] {scheduler_job.py:643} INFO - DAG(s) dict_keys(['example_kubernetes_executor_config']) retrieved from /home/airflow/.local/lib/python3.6/site-packages/airflow/example_dags/example_kubernetes_executor_config.py
[2022-05-21 14:44:47,113] {logging_mixin.py:104} INFO - [2022-05-21 14:44:47,105] {dag.py:1832} INFO - Sync 1 DAGs
[2022-05-21 14:44:47,165] {logging_mixin.py:104} INFO - [2022-05-21 14:44:47,158] {dag.py:1851} INFO - Creating ORM DAG for example_kubernetes_executor_config
[2022-05-21 14:44:47,183] {logging_mixin.py:104} INFO - [2022-05-21 14:44:47,183] {dag.py:2305} INFO - Setting next_dagrun for example_kubernetes_executor_config to None
[2022-05-21 14:44:47,227] {scheduler_job.py:190} INFO - Processing /home/airflow/.local/lib/python3.6/site-packages/airflow/example_dags/example_kubernetes_executor_config.py took 12.491 seconds
[2022-05-21 14:47:26,828] {scheduler_job.py:182} INFO - Started process (PID=695) to work on /home/airflow/.local/lib/python3.6/site-packages/airflow/example_dags/example_kubernetes_executor_config.py
[2022-05-21 14:47:26,833] {scheduler_job.py:633} INFO - Processing file /home/airflow/.local/lib/python3.6/site-packages/airflow/example_dags/example_kubernetes_executor_config.py for tasks to queue
[2022-05-21 14:47:26,837] {logging_mixin.py:104} INFO - [2022-05-21 14:47:26,836] {dagbag.py:487} INFO - Filling up the DagBag from /home/airflow/.local/lib/python3.6/site-packages/airflow/example_dags/example_kubernetes_executor_config.py
[2022-05-21 14:47:26,897] {scheduler_job.py:643} INFO - DAG(s) dict_keys(['example_kubernetes_executor_config']) retrieved from /home/airflow/.local/lib/python3.6/site-packages/airflow/example_dags/example_kubernetes_executor_config.py
[2022-05-21 14:47:26,987] {logging_mixin.py:104} INFO - [2022-05-21 14:47:26,987] {dag.py:1832} INFO - Sync 1 DAGs
[2022-05-21 14:47:27,032] {logging_mixin.py:104} INFO - [2022-05-21 14:47:27,031] {dag.py:2305} INFO - Setting next_dagrun for example_kubernetes_executor_config to None
[2022-05-21 14:47:27,064] {scheduler_job.py:190} INFO - Processing /home/airflow/.local/lib/python3.6/site-packages/airflow/example_dags/example_kubernetes_executor_config.py took 0.245 seconds
[2022-05-21 14:47:57,735] {scheduler_job.py:182} INFO - Started process (PID=782) to work on /home/airflow/.local/lib/python3.6/site-packages/airflow/example_dags/example_kubernetes_executor_config.py
[2022-05-21 14:47:57,739] {scheduler_job.py:633} INFO - Processing file /home/airflow/.local/lib/python3.6/site-packages/airflow/example_dags/example_kubernetes_executor_config.py for tasks to queue
[2022-05-21 14:47:57,741] {logging_mixin.py:104} INFO - [2022-05-21 14:47:57,741] {dagbag.py:487} INFO - Filling up the DagBag from /home/airflow/.local/lib/python3.6/site-packages/airflow/example_dags/example_kubernetes_executor_config.py
[2022-05-21 14:47:57,785] {scheduler_job.py:643} INFO - DAG(s) dict_keys(['example_kubernetes_executor_config']) retrieved from /home/airflow/.local/lib/python3.6/site-packages/airflow/example_dags/example_kubernetes_executor_config.py
[2022-05-21 14:47:57,845] {logging_mixin.py:104} INFO - [2022-05-21 14:47:57,845] {dag.py:1832} INFO - Sync 1 DAGs
[2022-05-21 14:47:57,879] {logging_mixin.py:104} INFO - [2022-05-21 14:47:57,879] {dag.py:2305} INFO - Setting next_dagrun for example_kubernetes_executor_config to None
[2022-05-21 14:47:57,905] {scheduler_job.py:190} INFO - Processing /home/airflow/.local/lib/python3.6/site-packages/airflow/example_dags/example_kubernetes_executor_config.py took 0.176 seconds
[2022-05-21 14:48:28,111] {scheduler_job.py:182} INFO - Started process (PID=889) to work on /home/airflow/.local/lib/python3.6/site-packages/airflow/example_dags/example_kubernetes_executor_config.py
[2022-05-21 14:48:28,115] {scheduler_job.py:633} INFO - Processing file /home/airflow/.local/lib/python3.6/site-packages/airflow/example_dags/example_kubernetes_executor_config.py for tasks to queue
[2022-05-21 14:48:28,119] {logging_mixin.py:104} INFO - [2022-05-21 14:48:28,118] {dagbag.py:487} INFO - Filling up the DagBag from /home/airflow/.local/lib/python3.6/site-packages/airflow/example_dags/example_kubernetes_executor_config.py
[2022-05-21 14:48:28,184] {scheduler_job.py:643} INFO - DAG(s) dict_keys(['example_kubernetes_executor_config']) retrieved from /home/airflow/.local/lib/python3.6/site-packages/airflow/example_dags/example_kubernetes_executor_config.py
[2022-05-21 14:48:28,250] {logging_mixin.py:104} INFO - [2022-05-21 14:48:28,249] {dag.py:1832} INFO - Sync 1 DAGs
[2022-05-21 14:48:28,294] {logging_mixin.py:104} INFO - [2022-05-21 14:48:28,293] {dag.py:2305} INFO - Setting next_dagrun for example_kubernetes_executor_config to None
[2022-05-21 14:48:28,324] {scheduler_job.py:190} INFO - Processing /home/airflow/.local/lib/python3.6/site-packages/airflow/example_dags/example_kubernetes_executor_config.py took 0.221 seconds
[2022-05-21 14:48:58,406] {scheduler_job.py:182} INFO - Started process (PID=978) to work on /home/airflow/.local/lib/python3.6/site-packages/airflow/example_dags/example_kubernetes_executor_config.py
[2022-05-21 14:48:58,409] {scheduler_job.py:633} INFO - Processing file /home/airflow/.local/lib/python3.6/site-packages/airflow/example_dags/example_kubernetes_executor_config.py for tasks to queue
[2022-05-21 14:48:58,411] {logging_mixin.py:104} INFO - [2022-05-21 14:48:58,411] {dagbag.py:487} INFO - Filling up the DagBag from /home/airflow/.local/lib/python3.6/site-packages/airflow/example_dags/example_kubernetes_executor_config.py
[2022-05-21 14:48:58,460] {scheduler_job.py:643} INFO - DAG(s) dict_keys(['example_kubernetes_executor_config']) retrieved from /home/airflow/.local/lib/python3.6/site-packages/airflow/example_dags/example_kubernetes_executor_config.py
[2022-05-21 14:48:58,516] {logging_mixin.py:104} INFO - [2022-05-21 14:48:58,516] {dag.py:1832} INFO - Sync 1 DAGs
[2022-05-21 14:48:58,549] {logging_mixin.py:104} INFO - [2022-05-21 14:48:58,548] {dag.py:2305} INFO - Setting next_dagrun for example_kubernetes_executor_config to None
[2022-05-21 14:48:58,573] {scheduler_job.py:190} INFO - Processing /home/airflow/.local/lib/python3.6/site-packages/airflow/example_dags/example_kubernetes_executor_config.py took 0.173 seconds
[2022-05-21 14:49:28,769] {scheduler_job.py:182} INFO - Started process (PID=1085) to work on /home/airflow/.local/lib/python3.6/site-packages/airflow/example_dags/example_kubernetes_executor_config.py
[2022-05-21 14:49:28,773] {scheduler_job.py:633} INFO - Processing file /home/airflow/.local/lib/python3.6/site-packages/airflow/example_dags/example_kubernetes_executor_config.py for tasks to queue
[2022-05-21 14:49:28,776] {logging_mixin.py:104} INFO - [2022-05-21 14:49:28,775] {dagbag.py:487} INFO - Filling up the DagBag from /home/airflow/.local/lib/python3.6/site-packages/airflow/example_dags/example_kubernetes_executor_config.py
[2022-05-21 14:49:28,835] {scheduler_job.py:643} INFO - DAG(s) dict_keys(['example_kubernetes_executor_config']) retrieved from /home/airflow/.local/lib/python3.6/site-packages/airflow/example_dags/example_kubernetes_executor_config.py
[2022-05-21 14:49:28,902] {logging_mixin.py:104} INFO - [2022-05-21 14:49:28,901] {dag.py:1832} INFO - Sync 1 DAGs
[2022-05-21 14:49:28,946] {logging_mixin.py:104} INFO - [2022-05-21 14:49:28,946] {dag.py:2305} INFO - Setting next_dagrun for example_kubernetes_executor_config to None
[2022-05-21 14:49:28,975] {scheduler_job.py:190} INFO - Processing /home/airflow/.local/lib/python3.6/site-packages/airflow/example_dags/example_kubernetes_executor_config.py took 0.213 seconds
[2022-05-21 14:49:59,050] {scheduler_job.py:182} INFO - Started process (PID=1173) to work on /home/airflow/.local/lib/python3.6/site-packages/airflow/example_dags/example_kubernetes_executor_config.py
[2022-05-21 14:49:59,053] {scheduler_job.py:633} INFO - Processing file /home/airflow/.local/lib/python3.6/site-packages/airflow/example_dags/example_kubernetes_executor_config.py for tasks to queue
[2022-05-21 14:49:59,055] {logging_mixin.py:104} INFO - [2022-05-21 14:49:59,055] {dagbag.py:487} INFO - Filling up the DagBag from /home/airflow/.local/lib/python3.6/site-packages/airflow/example_dags/example_kubernetes_executor_config.py
[2022-05-21 14:49:59,097] {scheduler_job.py:643} INFO - DAG(s) dict_keys(['example_kubernetes_executor_config']) retrieved from /home/airflow/.local/lib/python3.6/site-packages/airflow/example_dags/example_kubernetes_executor_config.py
[2022-05-21 14:49:59,149] {logging_mixin.py:104} INFO - [2022-05-21 14:49:59,149] {dag.py:1832} INFO - Sync 1 DAGs
[2022-05-21 14:49:59,178] {logging_mixin.py:104} INFO - [2022-05-21 14:49:59,178] {dag.py:2305} INFO - Setting next_dagrun for example_kubernetes_executor_config to None
[2022-05-21 14:49:59,200] {scheduler_job.py:190} INFO - Processing /home/airflow/.local/lib/python3.6/site-packages/airflow/example_dags/example_kubernetes_executor_config.py took 0.156 seconds
[2022-05-21 14:50:29,621] {scheduler_job.py:182} INFO - Started process (PID=1282) to work on /home/airflow/.local/lib/python3.6/site-packages/airflow/example_dags/example_kubernetes_executor_config.py
[2022-05-21 14:50:29,625] {scheduler_job.py:633} INFO - Processing file /home/airflow/.local/lib/python3.6/site-packages/airflow/example_dags/example_kubernetes_executor_config.py for tasks to queue
[2022-05-21 14:50:29,628] {logging_mixin.py:104} INFO - [2022-05-21 14:50:29,628] {dagbag.py:487} INFO - Filling up the DagBag from /home/airflow/.local/lib/python3.6/site-packages/airflow/example_dags/example_kubernetes_executor_config.py
[2022-05-21 14:50:29,683] {scheduler_job.py:643} INFO - DAG(s) dict_keys(['example_kubernetes_executor_config']) retrieved from /home/airflow/.local/lib/python3.6/site-packages/airflow/example_dags/example_kubernetes_executor_config.py
[2022-05-21 14:50:29,770] {logging_mixin.py:104} INFO - [2022-05-21 14:50:29,769] {dag.py:1832} INFO - Sync 1 DAGs
[2022-05-21 14:50:29,808] {logging_mixin.py:104} INFO - [2022-05-21 14:50:29,808] {dag.py:2305} INFO - Setting next_dagrun for example_kubernetes_executor_config to None
[2022-05-21 14:50:29,836] {scheduler_job.py:190} INFO - Processing /home/airflow/.local/lib/python3.6/site-packages/airflow/example_dags/example_kubernetes_executor_config.py took 0.222 seconds
[2022-05-21 14:50:59,902] {scheduler_job.py:182} INFO - Started process (PID=1369) to work on /home/airflow/.local/lib/python3.6/site-packages/airflow/example_dags/example_kubernetes_executor_config.py
[2022-05-21 14:50:59,905] {scheduler_job.py:633} INFO - Processing file /home/airflow/.local/lib/python3.6/site-packages/airflow/example_dags/example_kubernetes_executor_config.py for tasks to queue
[2022-05-21 14:50:59,907] {logging_mixin.py:104} INFO - [2022-05-21 14:50:59,907] {dagbag.py:487} INFO - Filling up the DagBag from /home/airflow/.local/lib/python3.6/site-packages/airflow/example_dags/example_kubernetes_executor_config.py
[2022-05-21 14:50:59,952] {scheduler_job.py:643} INFO - DAG(s) dict_keys(['example_kubernetes_executor_config']) retrieved from /home/airflow/.local/lib/python3.6/site-packages/airflow/example_dags/example_kubernetes_executor_config.py
[2022-05-21 14:51:00,007] {logging_mixin.py:104} INFO - [2022-05-21 14:51:00,006] {dag.py:1832} INFO - Sync 1 DAGs
[2022-05-21 14:51:00,040] {logging_mixin.py:104} INFO - [2022-05-21 14:51:00,039] {dag.py:2305} INFO - Setting next_dagrun for example_kubernetes_executor_config to None
[2022-05-21 14:51:00,066] {scheduler_job.py:190} INFO - Processing /home/airflow/.local/lib/python3.6/site-packages/airflow/example_dags/example_kubernetes_executor_config.py took 0.170 seconds
[2022-05-21 14:51:30,125] {scheduler_job.py:182} INFO - Started process (PID=1474) to work on /home/airflow/.local/lib/python3.6/site-packages/airflow/example_dags/example_kubernetes_executor_config.py
[2022-05-21 14:51:30,138] {scheduler_job.py:633} INFO - Processing file /home/airflow/.local/lib/python3.6/site-packages/airflow/example_dags/example_kubernetes_executor_config.py for tasks to queue
[2022-05-21 14:51:30,143] {logging_mixin.py:104} INFO - [2022-05-21 14:51:30,142] {dagbag.py:487} INFO - Filling up the DagBag from /home/airflow/.local/lib/python3.6/site-packages/airflow/example_dags/example_kubernetes_executor_config.py
[2022-05-21 14:51:30,235] {scheduler_job.py:643} INFO - DAG(s) dict_keys(['example_kubernetes_executor_config']) retrieved from /home/airflow/.local/lib/python3.6/site-packages/airflow/example_dags/example_kubernetes_executor_config.py
[2022-05-21 14:51:30,327] {logging_mixin.py:104} INFO - [2022-05-21 14:51:30,326] {dag.py:1832} INFO - Sync 1 DAGs
[2022-05-21 14:51:30,366] {logging_mixin.py:104} INFO - [2022-05-21 14:51:30,365] {dag.py:2305} INFO - Setting next_dagrun for example_kubernetes_executor_config to None
[2022-05-21 14:51:30,395] {scheduler_job.py:190} INFO - Processing /home/airflow/.local/lib/python3.6/site-packages/airflow/example_dags/example_kubernetes_executor_config.py took 0.280 seconds
[2022-05-21 14:52:00,517] {scheduler_job.py:182} INFO - Started process (PID=1559) to work on /home/airflow/.local/lib/python3.6/site-packages/airflow/example_dags/example_kubernetes_executor_config.py
[2022-05-21 14:52:00,521] {scheduler_job.py:633} INFO - Processing file /home/airflow/.local/lib/python3.6/site-packages/airflow/example_dags/example_kubernetes_executor_config.py for tasks to queue
[2022-05-21 14:52:00,527] {logging_mixin.py:104} INFO - [2022-05-21 14:52:00,527] {dagbag.py:487} INFO - Filling up the DagBag from /home/airflow/.local/lib/python3.6/site-packages/airflow/example_dags/example_kubernetes_executor_config.py
[2022-05-21 14:52:00,567] {scheduler_job.py:643} INFO - DAG(s) dict_keys(['example_kubernetes_executor_config']) retrieved from /home/airflow/.local/lib/python3.6/site-packages/airflow/example_dags/example_kubernetes_executor_config.py
[2022-05-21 14:52:00,620] {logging_mixin.py:104} INFO - [2022-05-21 14:52:00,620] {dag.py:1832} INFO - Sync 1 DAGs
[2022-05-21 14:52:00,651] {logging_mixin.py:104} INFO - [2022-05-21 14:52:00,651] {dag.py:2305} INFO - Setting next_dagrun for example_kubernetes_executor_config to None
[2022-05-21 14:52:00,675] {scheduler_job.py:190} INFO - Processing /home/airflow/.local/lib/python3.6/site-packages/airflow/example_dags/example_kubernetes_executor_config.py took 0.164 seconds
[2022-05-21 14:52:31,745] {scheduler_job.py:182} INFO - Started process (PID=1670) to work on /home/airflow/.local/lib/python3.6/site-packages/airflow/example_dags/example_kubernetes_executor_config.py
[2022-05-21 14:52:31,749] {scheduler_job.py:633} INFO - Processing file /home/airflow/.local/lib/python3.6/site-packages/airflow/example_dags/example_kubernetes_executor_config.py for tasks to queue
[2022-05-21 14:52:31,752] {logging_mixin.py:104} INFO - [2022-05-21 14:52:31,752] {dagbag.py:487} INFO - Filling up the DagBag from /home/airflow/.local/lib/python3.6/site-packages/airflow/example_dags/example_kubernetes_executor_config.py
[2022-05-21 14:52:31,803] {scheduler_job.py:643} INFO - DAG(s) dict_keys(['example_kubernetes_executor_config']) retrieved from /home/airflow/.local/lib/python3.6/site-packages/airflow/example_dags/example_kubernetes_executor_config.py
[2022-05-21 14:52:31,887] {logging_mixin.py:104} INFO - [2022-05-21 14:52:31,887] {dag.py:1832} INFO - Sync 1 DAGs
[2022-05-21 14:52:31,927] {logging_mixin.py:104} INFO - [2022-05-21 14:52:31,926] {dag.py:2305} INFO - Setting next_dagrun for example_kubernetes_executor_config to None
[2022-05-21 14:52:31,956] {scheduler_job.py:190} INFO - Processing /home/airflow/.local/lib/python3.6/site-packages/airflow/example_dags/example_kubernetes_executor_config.py took 0.218 seconds
[2022-05-21 14:54:33,936] {scheduler_job.py:182} INFO - Started process (PID=1688) to work on /home/airflow/.local/lib/python3.6/site-packages/airflow/example_dags/example_kubernetes_executor_config.py
[2022-05-21 14:54:33,943] {scheduler_job.py:633} INFO - Processing file /home/airflow/.local/lib/python3.6/site-packages/airflow/example_dags/example_kubernetes_executor_config.py for tasks to queue
[2022-05-21 14:54:33,949] {logging_mixin.py:104} INFO - [2022-05-21 14:54:33,949] {dagbag.py:487} INFO - Filling up the DagBag from /home/airflow/.local/lib/python3.6/site-packages/airflow/example_dags/example_kubernetes_executor_config.py
[2022-05-21 14:54:34,029] {scheduler_job.py:643} INFO - DAG(s) dict_keys(['example_kubernetes_executor_config']) retrieved from /home/airflow/.local/lib/python3.6/site-packages/airflow/example_dags/example_kubernetes_executor_config.py
[2022-05-21 14:54:34,134] {logging_mixin.py:104} INFO - [2022-05-21 14:54:34,134] {dag.py:1832} INFO - Sync 1 DAGs
[2022-05-21 14:54:34,189] {logging_mixin.py:104} INFO - [2022-05-21 14:54:34,189] {dag.py:2305} INFO - Setting next_dagrun for example_kubernetes_executor_config to None
[2022-05-21 14:54:34,231] {scheduler_job.py:190} INFO - Processing /home/airflow/.local/lib/python3.6/site-packages/airflow/example_dags/example_kubernetes_executor_config.py took 0.312 seconds
[2022-05-21 14:55:04,539] {scheduler_job.py:182} INFO - Started process (PID=1789) to work on /home/airflow/.local/lib/python3.6/site-packages/airflow/example_dags/example_kubernetes_executor_config.py
[2022-05-21 14:55:04,550] {scheduler_job.py:633} INFO - Processing file /home/airflow/.local/lib/python3.6/site-packages/airflow/example_dags/example_kubernetes_executor_config.py for tasks to queue
[2022-05-21 14:55:04,554] {logging_mixin.py:104} INFO - [2022-05-21 14:55:04,554] {dagbag.py:487} INFO - Filling up the DagBag from /home/airflow/.local/lib/python3.6/site-packages/airflow/example_dags/example_kubernetes_executor_config.py
[2022-05-21 14:55:04,643] {scheduler_job.py:643} INFO - DAG(s) dict_keys(['example_kubernetes_executor_config']) retrieved from /home/airflow/.local/lib/python3.6/site-packages/airflow/example_dags/example_kubernetes_executor_config.py
[2022-05-21 14:55:04,726] {logging_mixin.py:104} INFO - [2022-05-21 14:55:04,725] {dag.py:1832} INFO - Sync 1 DAGs
[2022-05-21 14:55:04,827] {logging_mixin.py:104} INFO - [2022-05-21 14:55:04,827] {dag.py:2305} INFO - Setting next_dagrun for example_kubernetes_executor_config to None
[2022-05-21 14:55:04,887] {scheduler_job.py:190} INFO - Processing /home/airflow/.local/lib/python3.6/site-packages/airflow/example_dags/example_kubernetes_executor_config.py took 0.370 seconds
