[2022-05-21 14:47:13,378] {scheduler_job.py:182} INFO - Started process (PID=660) to work on /home/airflow/.local/lib/python3.6/site-packages/airflow/example_dags/example_python_operator.py
[2022-05-21 14:47:13,384] {scheduler_job.py:633} INFO - Processing file /home/airflow/.local/lib/python3.6/site-packages/airflow/example_dags/example_python_operator.py for tasks to queue
[2022-05-21 14:47:13,390] {logging_mixin.py:104} INFO - [2022-05-21 14:47:13,389] {dagbag.py:487} INFO - Filling up the DagBag from /home/airflow/.local/lib/python3.6/site-packages/airflow/example_dags/example_python_operator.py
[2022-05-21 14:47:13,502] {scheduler_job.py:643} INFO - DAG(s) dict_keys(['example_python_operator']) retrieved from /home/airflow/.local/lib/python3.6/site-packages/airflow/example_dags/example_python_operator.py
[2022-05-21 14:47:25,219] {logging_mixin.py:104} INFO - [2022-05-21 14:47:25,212] {dag.py:1832} INFO - Sync 1 DAGs
[2022-05-21 14:47:25,271] {logging_mixin.py:104} INFO - [2022-05-21 14:47:25,264] {dag.py:1851} INFO - Creating ORM DAG for example_python_operator
[2022-05-21 14:47:25,290] {logging_mixin.py:104} INFO - [2022-05-21 14:47:25,290] {dag.py:2305} INFO - Setting next_dagrun for example_python_operator to None
[2022-05-21 14:47:25,328] {scheduler_job.py:190} INFO - Processing /home/airflow/.local/lib/python3.6/site-packages/airflow/example_dags/example_python_operator.py took 11.964 seconds
[2022-05-21 14:47:56,059] {scheduler_job.py:182} INFO - Started process (PID=770) to work on /home/airflow/.local/lib/python3.6/site-packages/airflow/example_dags/example_python_operator.py
[2022-05-21 14:47:56,064] {scheduler_job.py:633} INFO - Processing file /home/airflow/.local/lib/python3.6/site-packages/airflow/example_dags/example_python_operator.py for tasks to queue
[2022-05-21 14:47:56,067] {logging_mixin.py:104} INFO - [2022-05-21 14:47:56,067] {dagbag.py:487} INFO - Filling up the DagBag from /home/airflow/.local/lib/python3.6/site-packages/airflow/example_dags/example_python_operator.py
[2022-05-21 14:47:56,113] {scheduler_job.py:643} INFO - DAG(s) dict_keys(['example_python_operator']) retrieved from /home/airflow/.local/lib/python3.6/site-packages/airflow/example_dags/example_python_operator.py
[2022-05-21 14:47:56,168] {logging_mixin.py:104} INFO - [2022-05-21 14:47:56,167] {dag.py:1832} INFO - Sync 1 DAGs
[2022-05-21 14:47:56,199] {logging_mixin.py:104} INFO - [2022-05-21 14:47:56,199] {dag.py:2305} INFO - Setting next_dagrun for example_python_operator to None
[2022-05-21 14:47:56,224] {scheduler_job.py:190} INFO - Processing /home/airflow/.local/lib/python3.6/site-packages/airflow/example_dags/example_python_operator.py took 0.176 seconds
[2022-05-21 14:48:26,498] {scheduler_job.py:182} INFO - Started process (PID=879) to work on /home/airflow/.local/lib/python3.6/site-packages/airflow/example_dags/example_python_operator.py
[2022-05-21 14:48:26,505] {scheduler_job.py:633} INFO - Processing file /home/airflow/.local/lib/python3.6/site-packages/airflow/example_dags/example_python_operator.py for tasks to queue
[2022-05-21 14:48:26,511] {logging_mixin.py:104} INFO - [2022-05-21 14:48:26,510] {dagbag.py:487} INFO - Filling up the DagBag from /home/airflow/.local/lib/python3.6/site-packages/airflow/example_dags/example_python_operator.py
[2022-05-21 14:48:26,564] {scheduler_job.py:643} INFO - DAG(s) dict_keys(['example_python_operator']) retrieved from /home/airflow/.local/lib/python3.6/site-packages/airflow/example_dags/example_python_operator.py
[2022-05-21 14:48:26,625] {logging_mixin.py:104} INFO - [2022-05-21 14:48:26,625] {dag.py:1832} INFO - Sync 1 DAGs
[2022-05-21 14:48:26,663] {logging_mixin.py:104} INFO - [2022-05-21 14:48:26,663] {dag.py:2305} INFO - Setting next_dagrun for example_python_operator to None
[2022-05-21 14:48:26,691] {scheduler_job.py:190} INFO - Processing /home/airflow/.local/lib/python3.6/site-packages/airflow/example_dags/example_python_operator.py took 0.202 seconds
[2022-05-21 14:48:56,855] {scheduler_job.py:182} INFO - Started process (PID=968) to work on /home/airflow/.local/lib/python3.6/site-packages/airflow/example_dags/example_python_operator.py
[2022-05-21 14:48:56,861] {scheduler_job.py:633} INFO - Processing file /home/airflow/.local/lib/python3.6/site-packages/airflow/example_dags/example_python_operator.py for tasks to queue
[2022-05-21 14:48:56,864] {logging_mixin.py:104} INFO - [2022-05-21 14:48:56,863] {dagbag.py:487} INFO - Filling up the DagBag from /home/airflow/.local/lib/python3.6/site-packages/airflow/example_dags/example_python_operator.py
[2022-05-21 14:48:56,908] {scheduler_job.py:643} INFO - DAG(s) dict_keys(['example_python_operator']) retrieved from /home/airflow/.local/lib/python3.6/site-packages/airflow/example_dags/example_python_operator.py
[2022-05-21 14:48:56,960] {logging_mixin.py:104} INFO - [2022-05-21 14:48:56,960] {dag.py:1832} INFO - Sync 1 DAGs
[2022-05-21 14:48:56,992] {logging_mixin.py:104} INFO - [2022-05-21 14:48:56,992] {dag.py:2305} INFO - Setting next_dagrun for example_python_operator to None
[2022-05-21 14:48:57,016] {scheduler_job.py:190} INFO - Processing /home/airflow/.local/lib/python3.6/site-packages/airflow/example_dags/example_python_operator.py took 0.174 seconds
[2022-05-21 14:49:27,113] {scheduler_job.py:182} INFO - Started process (PID=1075) to work on /home/airflow/.local/lib/python3.6/site-packages/airflow/example_dags/example_python_operator.py
[2022-05-21 14:49:27,118] {scheduler_job.py:633} INFO - Processing file /home/airflow/.local/lib/python3.6/site-packages/airflow/example_dags/example_python_operator.py for tasks to queue
[2022-05-21 14:49:27,121] {logging_mixin.py:104} INFO - [2022-05-21 14:49:27,120] {dagbag.py:487} INFO - Filling up the DagBag from /home/airflow/.local/lib/python3.6/site-packages/airflow/example_dags/example_python_operator.py
[2022-05-21 14:49:27,178] {scheduler_job.py:643} INFO - DAG(s) dict_keys(['example_python_operator']) retrieved from /home/airflow/.local/lib/python3.6/site-packages/airflow/example_dags/example_python_operator.py
[2022-05-21 14:49:27,246] {logging_mixin.py:104} INFO - [2022-05-21 14:49:27,245] {dag.py:1832} INFO - Sync 1 DAGs
[2022-05-21 14:49:27,284] {logging_mixin.py:104} INFO - [2022-05-21 14:49:27,283] {dag.py:2305} INFO - Setting next_dagrun for example_python_operator to None
[2022-05-21 14:49:27,312] {scheduler_job.py:190} INFO - Processing /home/airflow/.local/lib/python3.6/site-packages/airflow/example_dags/example_python_operator.py took 0.207 seconds
[2022-05-21 14:49:57,493] {scheduler_job.py:182} INFO - Started process (PID=1163) to work on /home/airflow/.local/lib/python3.6/site-packages/airflow/example_dags/example_python_operator.py
[2022-05-21 14:49:57,498] {scheduler_job.py:633} INFO - Processing file /home/airflow/.local/lib/python3.6/site-packages/airflow/example_dags/example_python_operator.py for tasks to queue
[2022-05-21 14:49:57,500] {logging_mixin.py:104} INFO - [2022-05-21 14:49:57,500] {dagbag.py:487} INFO - Filling up the DagBag from /home/airflow/.local/lib/python3.6/site-packages/airflow/example_dags/example_python_operator.py
[2022-05-21 14:49:57,546] {scheduler_job.py:643} INFO - DAG(s) dict_keys(['example_python_operator']) retrieved from /home/airflow/.local/lib/python3.6/site-packages/airflow/example_dags/example_python_operator.py
[2022-05-21 14:49:57,600] {logging_mixin.py:104} INFO - [2022-05-21 14:49:57,600] {dag.py:1832} INFO - Sync 1 DAGs
[2022-05-21 14:49:57,632] {logging_mixin.py:104} INFO - [2022-05-21 14:49:57,631] {dag.py:2305} INFO - Setting next_dagrun for example_python_operator to None
[2022-05-21 14:49:57,657] {scheduler_job.py:190} INFO - Processing /home/airflow/.local/lib/python3.6/site-packages/airflow/example_dags/example_python_operator.py took 0.172 seconds
[2022-05-21 14:50:27,918] {scheduler_job.py:182} INFO - Started process (PID=1269) to work on /home/airflow/.local/lib/python3.6/site-packages/airflow/example_dags/example_python_operator.py
[2022-05-21 14:50:27,922] {scheduler_job.py:633} INFO - Processing file /home/airflow/.local/lib/python3.6/site-packages/airflow/example_dags/example_python_operator.py for tasks to queue
[2022-05-21 14:50:27,927] {logging_mixin.py:104} INFO - [2022-05-21 14:50:27,926] {dagbag.py:487} INFO - Filling up the DagBag from /home/airflow/.local/lib/python3.6/site-packages/airflow/example_dags/example_python_operator.py
[2022-05-21 14:50:27,975] {scheduler_job.py:643} INFO - DAG(s) dict_keys(['example_python_operator']) retrieved from /home/airflow/.local/lib/python3.6/site-packages/airflow/example_dags/example_python_operator.py
[2022-05-21 14:50:28,036] {logging_mixin.py:104} INFO - [2022-05-21 14:50:28,035] {dag.py:1832} INFO - Sync 1 DAGs
[2022-05-21 14:50:28,074] {logging_mixin.py:104} INFO - [2022-05-21 14:50:28,073] {dag.py:2305} INFO - Setting next_dagrun for example_python_operator to None
[2022-05-21 14:50:28,102] {scheduler_job.py:190} INFO - Processing /home/airflow/.local/lib/python3.6/site-packages/airflow/example_dags/example_python_operator.py took 0.193 seconds
[2022-05-21 14:50:58,238] {scheduler_job.py:182} INFO - Started process (PID=1359) to work on /home/airflow/.local/lib/python3.6/site-packages/airflow/example_dags/example_python_operator.py
[2022-05-21 14:50:58,242] {scheduler_job.py:633} INFO - Processing file /home/airflow/.local/lib/python3.6/site-packages/airflow/example_dags/example_python_operator.py for tasks to queue
[2022-05-21 14:50:58,245] {logging_mixin.py:104} INFO - [2022-05-21 14:50:58,244] {dagbag.py:487} INFO - Filling up the DagBag from /home/airflow/.local/lib/python3.6/site-packages/airflow/example_dags/example_python_operator.py
[2022-05-21 14:50:58,282] {scheduler_job.py:643} INFO - DAG(s) dict_keys(['example_python_operator']) retrieved from /home/airflow/.local/lib/python3.6/site-packages/airflow/example_dags/example_python_operator.py
[2022-05-21 14:50:58,332] {logging_mixin.py:104} INFO - [2022-05-21 14:50:58,332] {dag.py:1832} INFO - Sync 1 DAGs
[2022-05-21 14:50:58,361] {logging_mixin.py:104} INFO - [2022-05-21 14:50:58,361] {dag.py:2305} INFO - Setting next_dagrun for example_python_operator to None
[2022-05-21 14:50:58,388] {scheduler_job.py:190} INFO - Processing /home/airflow/.local/lib/python3.6/site-packages/airflow/example_dags/example_python_operator.py took 0.157 seconds
[2022-05-21 14:51:28,726] {scheduler_job.py:182} INFO - Started process (PID=1463) to work on /home/airflow/.local/lib/python3.6/site-packages/airflow/example_dags/example_python_operator.py
[2022-05-21 14:51:28,734] {scheduler_job.py:633} INFO - Processing file /home/airflow/.local/lib/python3.6/site-packages/airflow/example_dags/example_python_operator.py for tasks to queue
[2022-05-21 14:51:28,745] {logging_mixin.py:104} INFO - [2022-05-21 14:51:28,745] {dagbag.py:487} INFO - Filling up the DagBag from /home/airflow/.local/lib/python3.6/site-packages/airflow/example_dags/example_python_operator.py
[2022-05-21 14:51:28,796] {scheduler_job.py:643} INFO - DAG(s) dict_keys(['example_python_operator']) retrieved from /home/airflow/.local/lib/python3.6/site-packages/airflow/example_dags/example_python_operator.py
[2022-05-21 14:51:28,858] {logging_mixin.py:104} INFO - [2022-05-21 14:51:28,857] {dag.py:1832} INFO - Sync 1 DAGs
[2022-05-21 14:51:28,901] {logging_mixin.py:104} INFO - [2022-05-21 14:51:28,901] {dag.py:2305} INFO - Setting next_dagrun for example_python_operator to None
[2022-05-21 14:51:28,929] {scheduler_job.py:190} INFO - Processing /home/airflow/.local/lib/python3.6/site-packages/airflow/example_dags/example_python_operator.py took 0.213 seconds
[2022-05-21 14:51:59,250] {scheduler_job.py:182} INFO - Started process (PID=1551) to work on /home/airflow/.local/lib/python3.6/site-packages/airflow/example_dags/example_python_operator.py
[2022-05-21 14:51:59,255] {scheduler_job.py:633} INFO - Processing file /home/airflow/.local/lib/python3.6/site-packages/airflow/example_dags/example_python_operator.py for tasks to queue
[2022-05-21 14:51:59,258] {logging_mixin.py:104} INFO - [2022-05-21 14:51:59,258] {dagbag.py:487} INFO - Filling up the DagBag from /home/airflow/.local/lib/python3.6/site-packages/airflow/example_dags/example_python_operator.py
[2022-05-21 14:51:59,304] {scheduler_job.py:643} INFO - DAG(s) dict_keys(['example_python_operator']) retrieved from /home/airflow/.local/lib/python3.6/site-packages/airflow/example_dags/example_python_operator.py
[2022-05-21 14:51:59,357] {logging_mixin.py:104} INFO - [2022-05-21 14:51:59,356] {dag.py:1832} INFO - Sync 1 DAGs
[2022-05-21 14:51:59,391] {logging_mixin.py:104} INFO - [2022-05-21 14:51:59,391] {dag.py:2305} INFO - Setting next_dagrun for example_python_operator to None
[2022-05-21 14:51:59,416] {scheduler_job.py:190} INFO - Processing /home/airflow/.local/lib/python3.6/site-packages/airflow/example_dags/example_python_operator.py took 0.178 seconds
[2022-05-21 14:52:30,127] {scheduler_job.py:182} INFO - Started process (PID=1660) to work on /home/airflow/.local/lib/python3.6/site-packages/airflow/example_dags/example_python_operator.py
[2022-05-21 14:52:30,131] {scheduler_job.py:633} INFO - Processing file /home/airflow/.local/lib/python3.6/site-packages/airflow/example_dags/example_python_operator.py for tasks to queue
[2022-05-21 14:52:30,134] {logging_mixin.py:104} INFO - [2022-05-21 14:52:30,134] {dagbag.py:487} INFO - Filling up the DagBag from /home/airflow/.local/lib/python3.6/site-packages/airflow/example_dags/example_python_operator.py
[2022-05-21 14:52:30,186] {scheduler_job.py:643} INFO - DAG(s) dict_keys(['example_python_operator']) retrieved from /home/airflow/.local/lib/python3.6/site-packages/airflow/example_dags/example_python_operator.py
[2022-05-21 14:52:30,253] {logging_mixin.py:104} INFO - [2022-05-21 14:52:30,253] {dag.py:1832} INFO - Sync 1 DAGs
[2022-05-21 14:52:30,318] {logging_mixin.py:104} INFO - [2022-05-21 14:52:30,318] {dag.py:2305} INFO - Setting next_dagrun for example_python_operator to None
[2022-05-21 14:52:30,347] {scheduler_job.py:190} INFO - Processing /home/airflow/.local/lib/python3.6/site-packages/airflow/example_dags/example_python_operator.py took 0.228 seconds
[2022-05-21 14:54:44,325] {scheduler_job.py:182} INFO - Started process (PID=1755) to work on /home/airflow/.local/lib/python3.6/site-packages/airflow/example_dags/example_python_operator.py
[2022-05-21 14:54:44,331] {scheduler_job.py:633} INFO - Processing file /home/airflow/.local/lib/python3.6/site-packages/airflow/example_dags/example_python_operator.py for tasks to queue
[2022-05-21 14:54:44,336] {logging_mixin.py:104} INFO - [2022-05-21 14:54:44,336] {dagbag.py:487} INFO - Filling up the DagBag from /home/airflow/.local/lib/python3.6/site-packages/airflow/example_dags/example_python_operator.py
[2022-05-21 14:54:44,428] {scheduler_job.py:643} INFO - DAG(s) dict_keys(['example_python_operator']) retrieved from /home/airflow/.local/lib/python3.6/site-packages/airflow/example_dags/example_python_operator.py
[2022-05-21 14:54:44,575] {logging_mixin.py:104} INFO - [2022-05-21 14:54:44,575] {dag.py:1832} INFO - Sync 1 DAGs
[2022-05-21 14:54:44,739] {logging_mixin.py:104} INFO - [2022-05-21 14:54:44,739] {dag.py:2305} INFO - Setting next_dagrun for example_python_operator to None
[2022-05-21 14:54:44,829] {scheduler_job.py:190} INFO - Processing /home/airflow/.local/lib/python3.6/site-packages/airflow/example_dags/example_python_operator.py took 0.516 seconds
[2022-05-21 14:55:15,742] {scheduler_job.py:182} INFO - Started process (PID=1847) to work on /home/airflow/.local/lib/python3.6/site-packages/airflow/example_dags/example_python_operator.py
[2022-05-21 14:55:15,771] {scheduler_job.py:633} INFO - Processing file /home/airflow/.local/lib/python3.6/site-packages/airflow/example_dags/example_python_operator.py for tasks to queue
[2022-05-21 14:55:15,776] {logging_mixin.py:104} INFO - [2022-05-21 14:55:15,775] {dagbag.py:487} INFO - Filling up the DagBag from /home/airflow/.local/lib/python3.6/site-packages/airflow/example_dags/example_python_operator.py
[2022-05-21 14:55:15,941] {scheduler_job.py:643} INFO - DAG(s) dict_keys(['example_python_operator']) retrieved from /home/airflow/.local/lib/python3.6/site-packages/airflow/example_dags/example_python_operator.py
[2022-05-21 14:55:16,095] {logging_mixin.py:104} INFO - [2022-05-21 14:55:16,094] {dag.py:1832} INFO - Sync 1 DAGs
[2022-05-21 14:55:16,169] {logging_mixin.py:104} INFO - [2022-05-21 14:55:16,168] {dag.py:2305} INFO - Setting next_dagrun for example_python_operator to None
[2022-05-21 14:55:16,222] {scheduler_job.py:190} INFO - Processing /home/airflow/.local/lib/python3.6/site-packages/airflow/example_dags/example_python_operator.py took 0.512 seconds
