[2022-05-21 14:46:13,099] {scheduler_job.py:182} INFO - Started process (PID=563) to work on /home/airflow/.local/lib/python3.6/site-packages/airflow/example_dags/example_xcomargs.py
[2022-05-21 14:46:13,104] {scheduler_job.py:633} INFO - Processing file /home/airflow/.local/lib/python3.6/site-packages/airflow/example_dags/example_xcomargs.py for tasks to queue
[2022-05-21 14:46:13,108] {logging_mixin.py:104} INFO - [2022-05-21 14:46:13,108] {dagbag.py:487} INFO - Filling up the DagBag from /home/airflow/.local/lib/python3.6/site-packages/airflow/example_dags/example_xcomargs.py
[2022-05-21 14:46:13,206] {scheduler_job.py:643} INFO - DAG(s) dict_keys(['example_xcom_args', 'example_xcom_args_with_operators']) retrieved from /home/airflow/.local/lib/python3.6/site-packages/airflow/example_dags/example_xcomargs.py
[2022-05-21 14:46:24,565] {logging_mixin.py:104} INFO - [2022-05-21 14:46:24,557] {dag.py:1832} INFO - Sync 2 DAGs
[2022-05-21 14:46:24,616] {logging_mixin.py:104} INFO - [2022-05-21 14:46:24,610] {dag.py:1851} INFO - Creating ORM DAG for example_xcom_args
[2022-05-21 14:46:24,621] {logging_mixin.py:104} INFO - [2022-05-21 14:46:24,621] {dag.py:1851} INFO - Creating ORM DAG for example_xcom_args_with_operators
[2022-05-21 14:46:24,644] {logging_mixin.py:104} INFO - [2022-05-21 14:46:24,643] {dag.py:2305} INFO - Setting next_dagrun for example_xcom_args to None
[2022-05-21 14:46:24,649] {logging_mixin.py:104} INFO - [2022-05-21 14:46:24,648] {dag.py:2305} INFO - Setting next_dagrun for example_xcom_args_with_operators to None
[2022-05-21 14:46:24,700] {scheduler_job.py:190} INFO - Processing /home/airflow/.local/lib/python3.6/site-packages/airflow/example_dags/example_xcomargs.py took 11.610 seconds
[2022-05-21 14:47:30,438] {scheduler_job.py:182} INFO - Started process (PID=727) to work on /home/airflow/.local/lib/python3.6/site-packages/airflow/example_dags/example_xcomargs.py
[2022-05-21 14:47:30,444] {scheduler_job.py:633} INFO - Processing file /home/airflow/.local/lib/python3.6/site-packages/airflow/example_dags/example_xcomargs.py for tasks to queue
[2022-05-21 14:47:30,447] {logging_mixin.py:104} INFO - [2022-05-21 14:47:30,447] {dagbag.py:487} INFO - Filling up the DagBag from /home/airflow/.local/lib/python3.6/site-packages/airflow/example_dags/example_xcomargs.py
[2022-05-21 14:47:30,535] {scheduler_job.py:643} INFO - DAG(s) dict_keys(['example_xcom_args', 'example_xcom_args_with_operators']) retrieved from /home/airflow/.local/lib/python3.6/site-packages/airflow/example_dags/example_xcomargs.py
[2022-05-21 14:47:31,816] {logging_mixin.py:104} INFO - [2022-05-21 14:47:31,816] {dag.py:1832} INFO - Sync 2 DAGs
[2022-05-21 14:47:31,862] {logging_mixin.py:104} INFO - [2022-05-21 14:47:31,862] {dag.py:2305} INFO - Setting next_dagrun for example_xcom_args to None
[2022-05-21 14:47:31,866] {logging_mixin.py:104} INFO - [2022-05-21 14:47:31,866] {dag.py:2305} INFO - Setting next_dagrun for example_xcom_args_with_operators to None
[2022-05-21 14:47:31,908] {scheduler_job.py:190} INFO - Processing /home/airflow/.local/lib/python3.6/site-packages/airflow/example_dags/example_xcomargs.py took 1.478 seconds
[2022-05-21 14:48:02,018] {scheduler_job.py:182} INFO - Started process (PID=826) to work on /home/airflow/.local/lib/python3.6/site-packages/airflow/example_dags/example_xcomargs.py
[2022-05-21 14:48:02,022] {scheduler_job.py:633} INFO - Processing file /home/airflow/.local/lib/python3.6/site-packages/airflow/example_dags/example_xcomargs.py for tasks to queue
[2022-05-21 14:48:02,025] {logging_mixin.py:104} INFO - [2022-05-21 14:48:02,024] {dagbag.py:487} INFO - Filling up the DagBag from /home/airflow/.local/lib/python3.6/site-packages/airflow/example_dags/example_xcomargs.py
[2022-05-21 14:48:02,103] {scheduler_job.py:643} INFO - DAG(s) dict_keys(['example_xcom_args', 'example_xcom_args_with_operators']) retrieved from /home/airflow/.local/lib/python3.6/site-packages/airflow/example_dags/example_xcomargs.py
[2022-05-21 14:48:02,180] {logging_mixin.py:104} INFO - [2022-05-21 14:48:02,180] {dag.py:1832} INFO - Sync 2 DAGs
[2022-05-21 14:48:02,224] {logging_mixin.py:104} INFO - [2022-05-21 14:48:02,224] {dag.py:2305} INFO - Setting next_dagrun for example_xcom_args to None
[2022-05-21 14:48:02,228] {logging_mixin.py:104} INFO - [2022-05-21 14:48:02,227] {dag.py:2305} INFO - Setting next_dagrun for example_xcom_args_with_operators to None
[2022-05-21 14:48:02,261] {scheduler_job.py:190} INFO - Processing /home/airflow/.local/lib/python3.6/site-packages/airflow/example_dags/example_xcomargs.py took 0.250 seconds
[2022-05-21 14:48:32,379] {scheduler_job.py:182} INFO - Started process (PID=926) to work on /home/airflow/.local/lib/python3.6/site-packages/airflow/example_dags/example_xcomargs.py
[2022-05-21 14:48:32,382] {scheduler_job.py:633} INFO - Processing file /home/airflow/.local/lib/python3.6/site-packages/airflow/example_dags/example_xcomargs.py for tasks to queue
[2022-05-21 14:48:32,385] {logging_mixin.py:104} INFO - [2022-05-21 14:48:32,384] {dagbag.py:487} INFO - Filling up the DagBag from /home/airflow/.local/lib/python3.6/site-packages/airflow/example_dags/example_xcomargs.py
[2022-05-21 14:48:32,458] {scheduler_job.py:643} INFO - DAG(s) dict_keys(['example_xcom_args', 'example_xcom_args_with_operators']) retrieved from /home/airflow/.local/lib/python3.6/site-packages/airflow/example_dags/example_xcomargs.py
[2022-05-21 14:48:33,596] {logging_mixin.py:104} INFO - [2022-05-21 14:48:33,596] {dag.py:1832} INFO - Sync 2 DAGs
[2022-05-21 14:48:33,633] {logging_mixin.py:104} INFO - [2022-05-21 14:48:33,633] {dag.py:2305} INFO - Setting next_dagrun for example_xcom_args to None
[2022-05-21 14:48:33,638] {logging_mixin.py:104} INFO - [2022-05-21 14:48:33,638] {dag.py:2305} INFO - Setting next_dagrun for example_xcom_args_with_operators to None
[2022-05-21 14:48:33,673] {scheduler_job.py:190} INFO - Processing /home/airflow/.local/lib/python3.6/site-packages/airflow/example_dags/example_xcomargs.py took 1.301 seconds
[2022-05-21 14:49:04,464] {scheduler_job.py:182} INFO - Started process (PID=1026) to work on /home/airflow/.local/lib/python3.6/site-packages/airflow/example_dags/example_xcomargs.py
[2022-05-21 14:49:04,468] {scheduler_job.py:633} INFO - Processing file /home/airflow/.local/lib/python3.6/site-packages/airflow/example_dags/example_xcomargs.py for tasks to queue
[2022-05-21 14:49:04,472] {logging_mixin.py:104} INFO - [2022-05-21 14:49:04,471] {dagbag.py:487} INFO - Filling up the DagBag from /home/airflow/.local/lib/python3.6/site-packages/airflow/example_dags/example_xcomargs.py
[2022-05-21 14:49:04,548] {scheduler_job.py:643} INFO - DAG(s) dict_keys(['example_xcom_args', 'example_xcom_args_with_operators']) retrieved from /home/airflow/.local/lib/python3.6/site-packages/airflow/example_dags/example_xcomargs.py
[2022-05-21 14:49:05,659] {logging_mixin.py:104} INFO - [2022-05-21 14:49:05,659] {dag.py:1832} INFO - Sync 2 DAGs
[2022-05-21 14:49:05,699] {logging_mixin.py:104} INFO - [2022-05-21 14:49:05,699] {dag.py:2305} INFO - Setting next_dagrun for example_xcom_args to None
[2022-05-21 14:49:05,704] {logging_mixin.py:104} INFO - [2022-05-21 14:49:05,703] {dag.py:2305} INFO - Setting next_dagrun for example_xcom_args_with_operators to None
[2022-05-21 14:49:05,742] {scheduler_job.py:190} INFO - Processing /home/airflow/.local/lib/python3.6/site-packages/airflow/example_dags/example_xcomargs.py took 1.296 seconds
[2022-05-21 14:49:35,836] {scheduler_job.py:182} INFO - Started process (PID=1120) to work on /home/airflow/.local/lib/python3.6/site-packages/airflow/example_dags/example_xcomargs.py
[2022-05-21 14:49:35,841] {scheduler_job.py:633} INFO - Processing file /home/airflow/.local/lib/python3.6/site-packages/airflow/example_dags/example_xcomargs.py for tasks to queue
[2022-05-21 14:49:35,844] {logging_mixin.py:104} INFO - [2022-05-21 14:49:35,844] {dagbag.py:487} INFO - Filling up the DagBag from /home/airflow/.local/lib/python3.6/site-packages/airflow/example_dags/example_xcomargs.py
[2022-05-21 14:49:35,906] {scheduler_job.py:643} INFO - DAG(s) dict_keys(['example_xcom_args', 'example_xcom_args_with_operators']) retrieved from /home/airflow/.local/lib/python3.6/site-packages/airflow/example_dags/example_xcomargs.py
[2022-05-21 14:49:36,774] {logging_mixin.py:104} INFO - [2022-05-21 14:49:36,773] {dag.py:1832} INFO - Sync 2 DAGs
[2022-05-21 14:49:36,805] {logging_mixin.py:104} INFO - [2022-05-21 14:49:36,804] {dag.py:2305} INFO - Setting next_dagrun for example_xcom_args to None
[2022-05-21 14:49:36,808] {logging_mixin.py:104} INFO - [2022-05-21 14:49:36,808] {dag.py:2305} INFO - Setting next_dagrun for example_xcom_args_with_operators to None
[2022-05-21 14:49:36,838] {scheduler_job.py:190} INFO - Processing /home/airflow/.local/lib/python3.6/site-packages/airflow/example_dags/example_xcomargs.py took 1.009 seconds
[2022-05-21 14:50:06,974] {scheduler_job.py:182} INFO - Started process (PID=1225) to work on /home/airflow/.local/lib/python3.6/site-packages/airflow/example_dags/example_xcomargs.py
[2022-05-21 14:50:06,978] {scheduler_job.py:633} INFO - Processing file /home/airflow/.local/lib/python3.6/site-packages/airflow/example_dags/example_xcomargs.py for tasks to queue
[2022-05-21 14:50:06,981] {logging_mixin.py:104} INFO - [2022-05-21 14:50:06,981] {dagbag.py:487} INFO - Filling up the DagBag from /home/airflow/.local/lib/python3.6/site-packages/airflow/example_dags/example_xcomargs.py
[2022-05-21 14:50:07,059] {scheduler_job.py:643} INFO - DAG(s) dict_keys(['example_xcom_args', 'example_xcom_args_with_operators']) retrieved from /home/airflow/.local/lib/python3.6/site-packages/airflow/example_dags/example_xcomargs.py
[2022-05-21 14:50:08,223] {logging_mixin.py:104} INFO - [2022-05-21 14:50:08,223] {dag.py:1832} INFO - Sync 2 DAGs
[2022-05-21 14:50:08,272] {logging_mixin.py:104} INFO - [2022-05-21 14:50:08,271] {dag.py:2305} INFO - Setting next_dagrun for example_xcom_args to None
[2022-05-21 14:50:08,276] {logging_mixin.py:104} INFO - [2022-05-21 14:50:08,275] {dag.py:2305} INFO - Setting next_dagrun for example_xcom_args_with_operators to None
[2022-05-21 14:50:08,313] {scheduler_job.py:190} INFO - Processing /home/airflow/.local/lib/python3.6/site-packages/airflow/example_dags/example_xcomargs.py took 1.346 seconds
[2022-05-21 14:50:38,398] {scheduler_job.py:182} INFO - Started process (PID=1322) to work on /home/airflow/.local/lib/python3.6/site-packages/airflow/example_dags/example_xcomargs.py
[2022-05-21 14:50:38,402] {scheduler_job.py:633} INFO - Processing file /home/airflow/.local/lib/python3.6/site-packages/airflow/example_dags/example_xcomargs.py for tasks to queue
[2022-05-21 14:50:38,404] {logging_mixin.py:104} INFO - [2022-05-21 14:50:38,404] {dagbag.py:487} INFO - Filling up the DagBag from /home/airflow/.local/lib/python3.6/site-packages/airflow/example_dags/example_xcomargs.py
[2022-05-21 14:50:38,470] {scheduler_job.py:643} INFO - DAG(s) dict_keys(['example_xcom_args', 'example_xcom_args_with_operators']) retrieved from /home/airflow/.local/lib/python3.6/site-packages/airflow/example_dags/example_xcomargs.py
[2022-05-21 14:50:39,318] {logging_mixin.py:104} INFO - [2022-05-21 14:50:39,318] {dag.py:1832} INFO - Sync 2 DAGs
[2022-05-21 14:50:39,348] {logging_mixin.py:104} INFO - [2022-05-21 14:50:39,347] {dag.py:2305} INFO - Setting next_dagrun for example_xcom_args to None
[2022-05-21 14:50:39,350] {logging_mixin.py:104} INFO - [2022-05-21 14:50:39,350] {dag.py:2305} INFO - Setting next_dagrun for example_xcom_args_with_operators to None
[2022-05-21 14:50:39,377] {scheduler_job.py:190} INFO - Processing /home/airflow/.local/lib/python3.6/site-packages/airflow/example_dags/example_xcomargs.py took 0.984 seconds
[2022-05-21 14:51:10,033] {scheduler_job.py:182} INFO - Started process (PID=1431) to work on /home/airflow/.local/lib/python3.6/site-packages/airflow/example_dags/example_xcomargs.py
[2022-05-21 14:51:10,044] {scheduler_job.py:633} INFO - Processing file /home/airflow/.local/lib/python3.6/site-packages/airflow/example_dags/example_xcomargs.py for tasks to queue
[2022-05-21 14:51:10,050] {logging_mixin.py:104} INFO - [2022-05-21 14:51:10,048] {dagbag.py:487} INFO - Filling up the DagBag from /home/airflow/.local/lib/python3.6/site-packages/airflow/example_dags/example_xcomargs.py
[2022-05-21 14:51:10,179] {scheduler_job.py:643} INFO - DAG(s) dict_keys(['example_xcom_args', 'example_xcom_args_with_operators']) retrieved from /home/airflow/.local/lib/python3.6/site-packages/airflow/example_dags/example_xcomargs.py
[2022-05-21 14:51:11,402] {logging_mixin.py:104} INFO - [2022-05-21 14:51:11,402] {dag.py:1832} INFO - Sync 2 DAGs
[2022-05-21 14:51:11,441] {logging_mixin.py:104} INFO - [2022-05-21 14:51:11,440] {dag.py:2305} INFO - Setting next_dagrun for example_xcom_args to None
[2022-05-21 14:51:11,444] {logging_mixin.py:104} INFO - [2022-05-21 14:51:11,444] {dag.py:2305} INFO - Setting next_dagrun for example_xcom_args_with_operators to None
[2022-05-21 14:51:11,479] {scheduler_job.py:190} INFO - Processing /home/airflow/.local/lib/python3.6/site-packages/airflow/example_dags/example_xcomargs.py took 1.453 seconds
[2022-05-21 14:51:41,719] {scheduler_job.py:182} INFO - Started process (PID=1527) to work on /home/airflow/.local/lib/python3.6/site-packages/airflow/example_dags/example_xcomargs.py
[2022-05-21 14:51:41,723] {scheduler_job.py:633} INFO - Processing file /home/airflow/.local/lib/python3.6/site-packages/airflow/example_dags/example_xcomargs.py for tasks to queue
[2022-05-21 14:51:41,726] {logging_mixin.py:104} INFO - [2022-05-21 14:51:41,726] {dagbag.py:487} INFO - Filling up the DagBag from /home/airflow/.local/lib/python3.6/site-packages/airflow/example_dags/example_xcomargs.py
[2022-05-21 14:51:41,804] {scheduler_job.py:643} INFO - DAG(s) dict_keys(['example_xcom_args', 'example_xcom_args_with_operators']) retrieved from /home/airflow/.local/lib/python3.6/site-packages/airflow/example_dags/example_xcomargs.py
[2022-05-21 14:51:42,885] {logging_mixin.py:104} INFO - [2022-05-21 14:51:42,885] {dag.py:1832} INFO - Sync 2 DAGs
[2022-05-21 14:51:42,923] {logging_mixin.py:104} INFO - [2022-05-21 14:51:42,922] {dag.py:2305} INFO - Setting next_dagrun for example_xcom_args to None
[2022-05-21 14:51:42,931] {logging_mixin.py:104} INFO - [2022-05-21 14:51:42,929] {dag.py:2305} INFO - Setting next_dagrun for example_xcom_args_with_operators to None
[2022-05-21 14:51:43,005] {scheduler_job.py:190} INFO - Processing /home/airflow/.local/lib/python3.6/site-packages/airflow/example_dags/example_xcomargs.py took 1.298 seconds
[2022-05-21 14:52:13,619] {scheduler_job.py:182} INFO - Started process (PID=1624) to work on /home/airflow/.local/lib/python3.6/site-packages/airflow/example_dags/example_xcomargs.py
[2022-05-21 14:52:13,624] {scheduler_job.py:633} INFO - Processing file /home/airflow/.local/lib/python3.6/site-packages/airflow/example_dags/example_xcomargs.py for tasks to queue
[2022-05-21 14:52:13,626] {logging_mixin.py:104} INFO - [2022-05-21 14:52:13,626] {dagbag.py:487} INFO - Filling up the DagBag from /home/airflow/.local/lib/python3.6/site-packages/airflow/example_dags/example_xcomargs.py
[2022-05-21 14:52:13,693] {scheduler_job.py:643} INFO - DAG(s) dict_keys(['example_xcom_args', 'example_xcom_args_with_operators']) retrieved from /home/airflow/.local/lib/python3.6/site-packages/airflow/example_dags/example_xcomargs.py
[2022-05-21 14:52:14,721] {logging_mixin.py:104} INFO - [2022-05-21 14:52:14,720] {dag.py:1832} INFO - Sync 2 DAGs
[2022-05-21 14:52:14,764] {logging_mixin.py:104} INFO - [2022-05-21 14:52:14,763] {dag.py:2305} INFO - Setting next_dagrun for example_xcom_args to None
[2022-05-21 14:52:14,768] {logging_mixin.py:104} INFO - [2022-05-21 14:52:14,767] {dag.py:2305} INFO - Setting next_dagrun for example_xcom_args_with_operators to None
[2022-05-21 14:52:14,800] {scheduler_job.py:190} INFO - Processing /home/airflow/.local/lib/python3.6/site-packages/airflow/example_dags/example_xcomargs.py took 1.187 seconds
[2022-05-21 14:54:38,557] {scheduler_job.py:182} INFO - Started process (PID=1720) to work on /home/airflow/.local/lib/python3.6/site-packages/airflow/example_dags/example_xcomargs.py
[2022-05-21 14:54:38,562] {scheduler_job.py:633} INFO - Processing file /home/airflow/.local/lib/python3.6/site-packages/airflow/example_dags/example_xcomargs.py for tasks to queue
[2022-05-21 14:54:38,568] {logging_mixin.py:104} INFO - [2022-05-21 14:54:38,568] {dagbag.py:487} INFO - Filling up the DagBag from /home/airflow/.local/lib/python3.6/site-packages/airflow/example_dags/example_xcomargs.py
[2022-05-21 14:54:38,698] {scheduler_job.py:643} INFO - DAG(s) dict_keys(['example_xcom_args', 'example_xcom_args_with_operators']) retrieved from /home/airflow/.local/lib/python3.6/site-packages/airflow/example_dags/example_xcomargs.py
[2022-05-21 14:54:40,790] {logging_mixin.py:104} INFO - [2022-05-21 14:54:40,789] {dag.py:1832} INFO - Sync 2 DAGs
[2022-05-21 14:54:40,887] {logging_mixin.py:104} INFO - [2022-05-21 14:54:40,885] {dag.py:2305} INFO - Setting next_dagrun for example_xcom_args to None
[2022-05-21 14:54:40,895] {logging_mixin.py:104} INFO - [2022-05-21 14:54:40,893] {dag.py:2305} INFO - Setting next_dagrun for example_xcom_args_with_operators to None
[2022-05-21 14:54:40,998] {scheduler_job.py:190} INFO - Processing /home/airflow/.local/lib/python3.6/site-packages/airflow/example_dags/example_xcomargs.py took 2.453 seconds
[2022-05-21 14:55:11,713] {scheduler_job.py:182} INFO - Started process (PID=1834) to work on /home/airflow/.local/lib/python3.6/site-packages/airflow/example_dags/example_xcomargs.py
[2022-05-21 14:55:11,722] {scheduler_job.py:633} INFO - Processing file /home/airflow/.local/lib/python3.6/site-packages/airflow/example_dags/example_xcomargs.py for tasks to queue
[2022-05-21 14:55:11,726] {logging_mixin.py:104} INFO - [2022-05-21 14:55:11,725] {dagbag.py:487} INFO - Filling up the DagBag from /home/airflow/.local/lib/python3.6/site-packages/airflow/example_dags/example_xcomargs.py
[2022-05-21 14:55:11,872] {scheduler_job.py:643} INFO - DAG(s) dict_keys(['example_xcom_args', 'example_xcom_args_with_operators']) retrieved from /home/airflow/.local/lib/python3.6/site-packages/airflow/example_dags/example_xcomargs.py
[2022-05-21 14:55:12,013] {logging_mixin.py:104} INFO - [2022-05-21 14:55:12,013] {dag.py:1832} INFO - Sync 2 DAGs
[2022-05-21 14:55:12,083] {logging_mixin.py:104} INFO - [2022-05-21 14:55:12,082] {dag.py:2305} INFO - Setting next_dagrun for example_xcom_args to None
[2022-05-21 14:55:12,092] {logging_mixin.py:104} INFO - [2022-05-21 14:55:12,090] {dag.py:2305} INFO - Setting next_dagrun for example_xcom_args_with_operators to None
[2022-05-21 14:55:12,142] {scheduler_job.py:190} INFO - Processing /home/airflow/.local/lib/python3.6/site-packages/airflow/example_dags/example_xcomargs.py took 0.437 seconds
