[2022-05-21 14:46:12,679] {scheduler_job.py:182} INFO - Started process (PID=561) to work on /home/airflow/.local/lib/python3.6/site-packages/airflow/example_dags/example_branch_operator.py
[2022-05-21 14:46:12,683] {scheduler_job.py:633} INFO - Processing file /home/airflow/.local/lib/python3.6/site-packages/airflow/example_dags/example_branch_operator.py for tasks to queue
[2022-05-21 14:46:12,687] {logging_mixin.py:104} INFO - [2022-05-21 14:46:12,686] {dagbag.py:487} INFO - Filling up the DagBag from /home/airflow/.local/lib/python3.6/site-packages/airflow/example_dags/example_branch_operator.py
[2022-05-21 14:46:12,758] {scheduler_job.py:643} INFO - DAG(s) dict_keys(['example_branch_operator']) retrieved from /home/airflow/.local/lib/python3.6/site-packages/airflow/example_dags/example_branch_operator.py
[2022-05-21 14:46:24,051] {logging_mixin.py:104} INFO - [2022-05-21 14:46:24,043] {dag.py:1832} INFO - Sync 1 DAGs
[2022-05-21 14:46:24,104] {logging_mixin.py:104} INFO - [2022-05-21 14:46:24,097] {dag.py:1851} INFO - Creating ORM DAG for example_branch_operator
[2022-05-21 14:46:24,149] {logging_mixin.py:104} INFO - [2022-05-21 14:46:24,148] {dag.py:2305} INFO - Setting next_dagrun for example_branch_operator to 2022-05-19 00:00:00+00:00
[2022-05-21 14:46:24,189] {scheduler_job.py:190} INFO - Processing /home/airflow/.local/lib/python3.6/site-packages/airflow/example_dags/example_branch_operator.py took 11.518 seconds
[2022-05-21 14:47:30,071] {scheduler_job.py:182} INFO - Started process (PID=725) to work on /home/airflow/.local/lib/python3.6/site-packages/airflow/example_dags/example_branch_operator.py
[2022-05-21 14:47:30,076] {scheduler_job.py:633} INFO - Processing file /home/airflow/.local/lib/python3.6/site-packages/airflow/example_dags/example_branch_operator.py for tasks to queue
[2022-05-21 14:47:30,080] {logging_mixin.py:104} INFO - [2022-05-21 14:47:30,079] {dagbag.py:487} INFO - Filling up the DagBag from /home/airflow/.local/lib/python3.6/site-packages/airflow/example_dags/example_branch_operator.py
[2022-05-21 14:47:30,153] {scheduler_job.py:643} INFO - DAG(s) dict_keys(['example_branch_operator']) retrieved from /home/airflow/.local/lib/python3.6/site-packages/airflow/example_dags/example_branch_operator.py
[2022-05-21 14:47:30,288] {logging_mixin.py:104} INFO - [2022-05-21 14:47:30,288] {dag.py:1832} INFO - Sync 1 DAGs
[2022-05-21 14:47:30,358] {logging_mixin.py:104} INFO - [2022-05-21 14:47:30,357] {dag.py:2305} INFO - Setting next_dagrun for example_branch_operator to 2022-05-19 00:00:00+00:00
[2022-05-21 14:47:30,392] {scheduler_job.py:190} INFO - Processing /home/airflow/.local/lib/python3.6/site-packages/airflow/example_dags/example_branch_operator.py took 0.329 seconds
[2022-05-21 14:48:00,774] {scheduler_job.py:182} INFO - Started process (PID=810) to work on /home/airflow/.local/lib/python3.6/site-packages/airflow/example_dags/example_branch_operator.py
[2022-05-21 14:48:00,778] {scheduler_job.py:633} INFO - Processing file /home/airflow/.local/lib/python3.6/site-packages/airflow/example_dags/example_branch_operator.py for tasks to queue
[2022-05-21 14:48:00,780] {logging_mixin.py:104} INFO - [2022-05-21 14:48:00,779] {dagbag.py:487} INFO - Filling up the DagBag from /home/airflow/.local/lib/python3.6/site-packages/airflow/example_dags/example_branch_operator.py
[2022-05-21 14:48:00,830] {scheduler_job.py:643} INFO - DAG(s) dict_keys(['example_branch_operator']) retrieved from /home/airflow/.local/lib/python3.6/site-packages/airflow/example_dags/example_branch_operator.py
[2022-05-21 14:48:00,888] {logging_mixin.py:104} INFO - [2022-05-21 14:48:00,887] {dag.py:1832} INFO - Sync 1 DAGs
[2022-05-21 14:48:00,944] {logging_mixin.py:104} INFO - [2022-05-21 14:48:00,944] {dag.py:2305} INFO - Setting next_dagrun for example_branch_operator to 2022-05-19 00:00:00+00:00
[2022-05-21 14:48:00,971] {scheduler_job.py:190} INFO - Processing /home/airflow/.local/lib/python3.6/site-packages/airflow/example_dags/example_branch_operator.py took 0.203 seconds
[2022-05-21 14:48:31,080] {scheduler_job.py:182} INFO - Started process (PID=922) to work on /home/airflow/.local/lib/python3.6/site-packages/airflow/example_dags/example_branch_operator.py
[2022-05-21 14:48:31,085] {scheduler_job.py:633} INFO - Processing file /home/airflow/.local/lib/python3.6/site-packages/airflow/example_dags/example_branch_operator.py for tasks to queue
[2022-05-21 14:48:31,088] {logging_mixin.py:104} INFO - [2022-05-21 14:48:31,088] {dagbag.py:487} INFO - Filling up the DagBag from /home/airflow/.local/lib/python3.6/site-packages/airflow/example_dags/example_branch_operator.py
[2022-05-21 14:48:31,153] {scheduler_job.py:643} INFO - DAG(s) dict_keys(['example_branch_operator']) retrieved from /home/airflow/.local/lib/python3.6/site-packages/airflow/example_dags/example_branch_operator.py
[2022-05-21 14:48:31,218] {logging_mixin.py:104} INFO - [2022-05-21 14:48:31,217] {dag.py:1832} INFO - Sync 1 DAGs
[2022-05-21 14:48:31,292] {logging_mixin.py:104} INFO - [2022-05-21 14:48:31,291] {dag.py:2305} INFO - Setting next_dagrun for example_branch_operator to 2022-05-19 00:00:00+00:00
[2022-05-21 14:48:31,325] {scheduler_job.py:190} INFO - Processing /home/airflow/.local/lib/python3.6/site-packages/airflow/example_dags/example_branch_operator.py took 0.253 seconds
[2022-05-21 14:49:01,414] {scheduler_job.py:182} INFO - Started process (PID=1015) to work on /home/airflow/.local/lib/python3.6/site-packages/airflow/example_dags/example_branch_operator.py
[2022-05-21 14:49:01,418] {scheduler_job.py:633} INFO - Processing file /home/airflow/.local/lib/python3.6/site-packages/airflow/example_dags/example_branch_operator.py for tasks to queue
[2022-05-21 14:49:01,422] {logging_mixin.py:104} INFO - [2022-05-21 14:49:01,421] {dagbag.py:487} INFO - Filling up the DagBag from /home/airflow/.local/lib/python3.6/site-packages/airflow/example_dags/example_branch_operator.py
[2022-05-21 14:49:01,479] {scheduler_job.py:643} INFO - DAG(s) dict_keys(['example_branch_operator']) retrieved from /home/airflow/.local/lib/python3.6/site-packages/airflow/example_dags/example_branch_operator.py
[2022-05-21 14:49:01,541] {logging_mixin.py:104} INFO - [2022-05-21 14:49:01,540] {dag.py:1832} INFO - Sync 1 DAGs
[2022-05-21 14:49:01,598] {logging_mixin.py:104} INFO - [2022-05-21 14:49:01,598] {dag.py:2305} INFO - Setting next_dagrun for example_branch_operator to 2022-05-19 00:00:00+00:00
[2022-05-21 14:49:01,628] {scheduler_job.py:190} INFO - Processing /home/airflow/.local/lib/python3.6/site-packages/airflow/example_dags/example_branch_operator.py took 0.223 seconds
[2022-05-21 14:49:32,411] {scheduler_job.py:182} INFO - Started process (PID=1116) to work on /home/airflow/.local/lib/python3.6/site-packages/airflow/example_dags/example_branch_operator.py
[2022-05-21 14:49:32,415] {scheduler_job.py:633} INFO - Processing file /home/airflow/.local/lib/python3.6/site-packages/airflow/example_dags/example_branch_operator.py for tasks to queue
[2022-05-21 14:49:32,418] {logging_mixin.py:104} INFO - [2022-05-21 14:49:32,417] {dagbag.py:487} INFO - Filling up the DagBag from /home/airflow/.local/lib/python3.6/site-packages/airflow/example_dags/example_branch_operator.py
[2022-05-21 14:49:32,478] {scheduler_job.py:643} INFO - DAG(s) dict_keys(['example_branch_operator']) retrieved from /home/airflow/.local/lib/python3.6/site-packages/airflow/example_dags/example_branch_operator.py
[2022-05-21 14:49:32,549] {logging_mixin.py:104} INFO - [2022-05-21 14:49:32,549] {dag.py:1832} INFO - Sync 1 DAGs
[2022-05-21 14:49:32,624] {logging_mixin.py:104} INFO - [2022-05-21 14:49:32,624] {dag.py:2305} INFO - Setting next_dagrun for example_branch_operator to 2022-05-19 00:00:00+00:00
[2022-05-21 14:49:32,655] {scheduler_job.py:190} INFO - Processing /home/airflow/.local/lib/python3.6/site-packages/airflow/example_dags/example_branch_operator.py took 0.251 seconds
[2022-05-21 14:50:03,675] {scheduler_job.py:182} INFO - Started process (PID=1218) to work on /home/airflow/.local/lib/python3.6/site-packages/airflow/example_dags/example_branch_operator.py
[2022-05-21 14:50:03,682] {scheduler_job.py:633} INFO - Processing file /home/airflow/.local/lib/python3.6/site-packages/airflow/example_dags/example_branch_operator.py for tasks to queue
[2022-05-21 14:50:03,686] {logging_mixin.py:104} INFO - [2022-05-21 14:50:03,686] {dagbag.py:487} INFO - Filling up the DagBag from /home/airflow/.local/lib/python3.6/site-packages/airflow/example_dags/example_branch_operator.py
[2022-05-21 14:50:03,772] {scheduler_job.py:643} INFO - DAG(s) dict_keys(['example_branch_operator']) retrieved from /home/airflow/.local/lib/python3.6/site-packages/airflow/example_dags/example_branch_operator.py
[2022-05-21 14:50:03,834] {logging_mixin.py:104} INFO - [2022-05-21 14:50:03,833] {dag.py:1832} INFO - Sync 1 DAGs
[2022-05-21 14:50:03,891] {logging_mixin.py:104} INFO - [2022-05-21 14:50:03,891] {dag.py:2305} INFO - Setting next_dagrun for example_branch_operator to 2022-05-19 00:00:00+00:00
[2022-05-21 14:50:03,919] {scheduler_job.py:190} INFO - Processing /home/airflow/.local/lib/python3.6/site-packages/airflow/example_dags/example_branch_operator.py took 0.252 seconds
[2022-05-21 14:50:34,526] {scheduler_job.py:182} INFO - Started process (PID=1310) to work on /home/airflow/.local/lib/python3.6/site-packages/airflow/example_dags/example_branch_operator.py
[2022-05-21 14:50:34,529] {scheduler_job.py:633} INFO - Processing file /home/airflow/.local/lib/python3.6/site-packages/airflow/example_dags/example_branch_operator.py for tasks to queue
[2022-05-21 14:50:34,532] {logging_mixin.py:104} INFO - [2022-05-21 14:50:34,531] {dagbag.py:487} INFO - Filling up the DagBag from /home/airflow/.local/lib/python3.6/site-packages/airflow/example_dags/example_branch_operator.py
[2022-05-21 14:50:34,586] {scheduler_job.py:643} INFO - DAG(s) dict_keys(['example_branch_operator']) retrieved from /home/airflow/.local/lib/python3.6/site-packages/airflow/example_dags/example_branch_operator.py
[2022-05-21 14:50:34,640] {logging_mixin.py:104} INFO - [2022-05-21 14:50:34,640] {dag.py:1832} INFO - Sync 1 DAGs
[2022-05-21 14:50:34,685] {logging_mixin.py:104} INFO - [2022-05-21 14:50:34,685] {dag.py:2305} INFO - Setting next_dagrun for example_branch_operator to 2022-05-19 00:00:00+00:00
[2022-05-21 14:50:34,708] {scheduler_job.py:190} INFO - Processing /home/airflow/.local/lib/python3.6/site-packages/airflow/example_dags/example_branch_operator.py took 0.189 seconds
[2022-05-21 14:51:04,886] {scheduler_job.py:182} INFO - Started process (PID=1413) to work on /home/airflow/.local/lib/python3.6/site-packages/airflow/example_dags/example_branch_operator.py
[2022-05-21 14:51:04,890] {scheduler_job.py:633} INFO - Processing file /home/airflow/.local/lib/python3.6/site-packages/airflow/example_dags/example_branch_operator.py for tasks to queue
[2022-05-21 14:51:04,894] {logging_mixin.py:104} INFO - [2022-05-21 14:51:04,893] {dagbag.py:487} INFO - Filling up the DagBag from /home/airflow/.local/lib/python3.6/site-packages/airflow/example_dags/example_branch_operator.py
[2022-05-21 14:51:04,953] {scheduler_job.py:643} INFO - DAG(s) dict_keys(['example_branch_operator']) retrieved from /home/airflow/.local/lib/python3.6/site-packages/airflow/example_dags/example_branch_operator.py
[2022-05-21 14:51:05,021] {logging_mixin.py:104} INFO - [2022-05-21 14:51:05,020] {dag.py:1832} INFO - Sync 1 DAGs
[2022-05-21 14:51:05,082] {logging_mixin.py:104} INFO - [2022-05-21 14:51:05,081] {dag.py:2305} INFO - Setting next_dagrun for example_branch_operator to 2022-05-19 00:00:00+00:00
[2022-05-21 14:51:05,129] {scheduler_job.py:190} INFO - Processing /home/airflow/.local/lib/python3.6/site-packages/airflow/example_dags/example_branch_operator.py took 0.251 seconds
[2022-05-21 14:51:36,083] {scheduler_job.py:182} INFO - Started process (PID=1504) to work on /home/airflow/.local/lib/python3.6/site-packages/airflow/example_dags/example_branch_operator.py
[2022-05-21 14:51:36,087] {scheduler_job.py:633} INFO - Processing file /home/airflow/.local/lib/python3.6/site-packages/airflow/example_dags/example_branch_operator.py for tasks to queue
[2022-05-21 14:51:36,090] {logging_mixin.py:104} INFO - [2022-05-21 14:51:36,090] {dagbag.py:487} INFO - Filling up the DagBag from /home/airflow/.local/lib/python3.6/site-packages/airflow/example_dags/example_branch_operator.py
[2022-05-21 14:51:36,145] {scheduler_job.py:643} INFO - DAG(s) dict_keys(['example_branch_operator']) retrieved from /home/airflow/.local/lib/python3.6/site-packages/airflow/example_dags/example_branch_operator.py
[2022-05-21 14:51:36,198] {logging_mixin.py:104} INFO - [2022-05-21 14:51:36,198] {dag.py:1832} INFO - Sync 1 DAGs
[2022-05-21 14:51:36,251] {logging_mixin.py:104} INFO - [2022-05-21 14:51:36,251] {dag.py:2305} INFO - Setting next_dagrun for example_branch_operator to 2022-05-19 00:00:00+00:00
[2022-05-21 14:51:36,279] {scheduler_job.py:190} INFO - Processing /home/airflow/.local/lib/python3.6/site-packages/airflow/example_dags/example_branch_operator.py took 0.208 seconds
[2022-05-21 14:52:06,535] {scheduler_job.py:182} INFO - Started process (PID=1607) to work on /home/airflow/.local/lib/python3.6/site-packages/airflow/example_dags/example_branch_operator.py
[2022-05-21 14:52:06,544] {scheduler_job.py:633} INFO - Processing file /home/airflow/.local/lib/python3.6/site-packages/airflow/example_dags/example_branch_operator.py for tasks to queue
[2022-05-21 14:52:06,550] {logging_mixin.py:104} INFO - [2022-05-21 14:52:06,550] {dagbag.py:487} INFO - Filling up the DagBag from /home/airflow/.local/lib/python3.6/site-packages/airflow/example_dags/example_branch_operator.py
[2022-05-21 14:52:06,610] {scheduler_job.py:643} INFO - DAG(s) dict_keys(['example_branch_operator']) retrieved from /home/airflow/.local/lib/python3.6/site-packages/airflow/example_dags/example_branch_operator.py
[2022-05-21 14:52:06,675] {logging_mixin.py:104} INFO - [2022-05-21 14:52:06,674] {dag.py:1832} INFO - Sync 1 DAGs
[2022-05-21 14:52:06,731] {logging_mixin.py:104} INFO - [2022-05-21 14:52:06,731] {dag.py:2305} INFO - Setting next_dagrun for example_branch_operator to 2022-05-19 00:00:00+00:00
[2022-05-21 14:52:06,760] {scheduler_job.py:190} INFO - Processing /home/airflow/.local/lib/python3.6/site-packages/airflow/example_dags/example_branch_operator.py took 0.246 seconds
[2022-05-21 14:54:38,167] {scheduler_job.py:182} INFO - Started process (PID=1718) to work on /home/airflow/.local/lib/python3.6/site-packages/airflow/example_dags/example_branch_operator.py
[2022-05-21 14:54:38,180] {scheduler_job.py:633} INFO - Processing file /home/airflow/.local/lib/python3.6/site-packages/airflow/example_dags/example_branch_operator.py for tasks to queue
[2022-05-21 14:54:38,183] {logging_mixin.py:104} INFO - [2022-05-21 14:54:38,183] {dagbag.py:487} INFO - Filling up the DagBag from /home/airflow/.local/lib/python3.6/site-packages/airflow/example_dags/example_branch_operator.py
[2022-05-21 14:54:38,267] {scheduler_job.py:643} INFO - DAG(s) dict_keys(['example_branch_operator']) retrieved from /home/airflow/.local/lib/python3.6/site-packages/airflow/example_dags/example_branch_operator.py
[2022-05-21 14:54:38,372] {logging_mixin.py:104} INFO - [2022-05-21 14:54:38,371] {dag.py:1832} INFO - Sync 1 DAGs
[2022-05-21 14:54:38,461] {logging_mixin.py:104} INFO - [2022-05-21 14:54:38,461] {dag.py:2305} INFO - Setting next_dagrun for example_branch_operator to 2022-05-19 00:00:00+00:00
[2022-05-21 14:54:38,506] {scheduler_job.py:190} INFO - Processing /home/airflow/.local/lib/python3.6/site-packages/airflow/example_dags/example_branch_operator.py took 0.346 seconds
[2022-05-21 14:55:10,198] {scheduler_job.py:182} INFO - Started process (PID=1824) to work on /home/airflow/.local/lib/python3.6/site-packages/airflow/example_dags/example_branch_operator.py
[2022-05-21 14:55:10,204] {scheduler_job.py:633} INFO - Processing file /home/airflow/.local/lib/python3.6/site-packages/airflow/example_dags/example_branch_operator.py for tasks to queue
[2022-05-21 14:55:10,211] {logging_mixin.py:104} INFO - [2022-05-21 14:55:10,211] {dagbag.py:487} INFO - Filling up the DagBag from /home/airflow/.local/lib/python3.6/site-packages/airflow/example_dags/example_branch_operator.py
[2022-05-21 14:55:10,325] {scheduler_job.py:643} INFO - DAG(s) dict_keys(['example_branch_operator']) retrieved from /home/airflow/.local/lib/python3.6/site-packages/airflow/example_dags/example_branch_operator.py
[2022-05-21 14:55:10,454] {logging_mixin.py:104} INFO - [2022-05-21 14:55:10,453] {dag.py:1832} INFO - Sync 1 DAGs
[2022-05-21 14:55:10,604] {logging_mixin.py:104} INFO - [2022-05-21 14:55:10,601] {dag.py:2305} INFO - Setting next_dagrun for example_branch_operator to 2022-05-19 00:00:00+00:00
[2022-05-21 14:55:10,696] {scheduler_job.py:190} INFO - Processing /home/airflow/.local/lib/python3.6/site-packages/airflow/example_dags/example_branch_operator.py took 0.510 seconds
