[2022-05-21 14:45:11,605] {scheduler_job.py:182} INFO - Started process (PID=457) to work on /home/airflow/.local/lib/python3.6/site-packages/airflow/example_dags/example_dag_decorator.py
[2022-05-21 14:45:11,611] {scheduler_job.py:633} INFO - Processing file /home/airflow/.local/lib/python3.6/site-packages/airflow/example_dags/example_dag_decorator.py for tasks to queue
[2022-05-21 14:45:11,615] {logging_mixin.py:104} INFO - [2022-05-21 14:45:11,615] {dagbag.py:487} INFO - Filling up the DagBag from /home/airflow/.local/lib/python3.6/site-packages/airflow/example_dags/example_dag_decorator.py
[2022-05-21 14:45:11,723] {scheduler_job.py:643} INFO - DAG(s) dict_keys(['example_dag_decorator']) retrieved from /home/airflow/.local/lib/python3.6/site-packages/airflow/example_dags/example_dag_decorator.py
[2022-05-21 14:45:23,348] {logging_mixin.py:104} INFO - [2022-05-21 14:45:23,341] {dag.py:1832} INFO - Sync 1 DAGs
[2022-05-21 14:45:23,401] {logging_mixin.py:104} INFO - [2022-05-21 14:45:23,394] {dag.py:1851} INFO - Creating ORM DAG for example_dag_decorator
[2022-05-21 14:45:23,420] {logging_mixin.py:104} INFO - [2022-05-21 14:45:23,419] {dag.py:2305} INFO - Setting next_dagrun for example_dag_decorator to None
[2022-05-21 14:45:23,459] {scheduler_job.py:190} INFO - Processing /home/airflow/.local/lib/python3.6/site-packages/airflow/example_dags/example_dag_decorator.py took 11.861 seconds
[2022-05-21 14:47:27,613] {scheduler_job.py:182} INFO - Started process (PID=705) to work on /home/airflow/.local/lib/python3.6/site-packages/airflow/example_dags/example_dag_decorator.py
[2022-05-21 14:47:27,617] {scheduler_job.py:633} INFO - Processing file /home/airflow/.local/lib/python3.6/site-packages/airflow/example_dags/example_dag_decorator.py for tasks to queue
[2022-05-21 14:47:27,621] {logging_mixin.py:104} INFO - [2022-05-21 14:47:27,621] {dagbag.py:487} INFO - Filling up the DagBag from /home/airflow/.local/lib/python3.6/site-packages/airflow/example_dags/example_dag_decorator.py
[2022-05-21 14:47:27,703] {scheduler_job.py:643} INFO - DAG(s) dict_keys(['example_dag_decorator']) retrieved from /home/airflow/.local/lib/python3.6/site-packages/airflow/example_dags/example_dag_decorator.py
[2022-05-21 14:47:29,135] {logging_mixin.py:104} INFO - [2022-05-21 14:47:29,135] {dag.py:1832} INFO - Sync 1 DAGs
[2022-05-21 14:47:29,181] {logging_mixin.py:104} INFO - [2022-05-21 14:47:29,180] {dag.py:2305} INFO - Setting next_dagrun for example_dag_decorator to None
[2022-05-21 14:47:29,220] {scheduler_job.py:190} INFO - Processing /home/airflow/.local/lib/python3.6/site-packages/airflow/example_dags/example_dag_decorator.py took 1.616 seconds
[2022-05-21 14:47:59,904] {scheduler_job.py:182} INFO - Started process (PID=800) to work on /home/airflow/.local/lib/python3.6/site-packages/airflow/example_dags/example_dag_decorator.py
[2022-05-21 14:47:59,908] {scheduler_job.py:633} INFO - Processing file /home/airflow/.local/lib/python3.6/site-packages/airflow/example_dags/example_dag_decorator.py for tasks to queue
[2022-05-21 14:47:59,911] {logging_mixin.py:104} INFO - [2022-05-21 14:47:59,910] {dagbag.py:487} INFO - Filling up the DagBag from /home/airflow/.local/lib/python3.6/site-packages/airflow/example_dags/example_dag_decorator.py
[2022-05-21 14:47:59,971] {scheduler_job.py:643} INFO - DAG(s) dict_keys(['example_dag_decorator']) retrieved from /home/airflow/.local/lib/python3.6/site-packages/airflow/example_dags/example_dag_decorator.py
[2022-05-21 14:48:00,943] {logging_mixin.py:104} INFO - [2022-05-21 14:48:00,942] {dag.py:1832} INFO - Sync 1 DAGs
[2022-05-21 14:48:00,978] {logging_mixin.py:104} INFO - [2022-05-21 14:48:00,977] {dag.py:2305} INFO - Setting next_dagrun for example_dag_decorator to None
[2022-05-21 14:48:01,007] {scheduler_job.py:190} INFO - Processing /home/airflow/.local/lib/python3.6/site-packages/airflow/example_dags/example_dag_decorator.py took 1.110 seconds
[2022-05-21 14:48:31,064] {scheduler_job.py:182} INFO - Started process (PID=920) to work on /home/airflow/.local/lib/python3.6/site-packages/airflow/example_dags/example_dag_decorator.py
[2022-05-21 14:48:31,070] {scheduler_job.py:633} INFO - Processing file /home/airflow/.local/lib/python3.6/site-packages/airflow/example_dags/example_dag_decorator.py for tasks to queue
[2022-05-21 14:48:31,073] {logging_mixin.py:104} INFO - [2022-05-21 14:48:31,073] {dagbag.py:487} INFO - Filling up the DagBag from /home/airflow/.local/lib/python3.6/site-packages/airflow/example_dags/example_dag_decorator.py
[2022-05-21 14:48:31,150] {scheduler_job.py:643} INFO - DAG(s) dict_keys(['example_dag_decorator']) retrieved from /home/airflow/.local/lib/python3.6/site-packages/airflow/example_dags/example_dag_decorator.py
[2022-05-21 14:48:32,257] {logging_mixin.py:104} INFO - [2022-05-21 14:48:32,257] {dag.py:1832} INFO - Sync 1 DAGs
[2022-05-21 14:48:32,294] {logging_mixin.py:104} INFO - [2022-05-21 14:48:32,294] {dag.py:2305} INFO - Setting next_dagrun for example_dag_decorator to None
[2022-05-21 14:48:32,327] {scheduler_job.py:190} INFO - Processing /home/airflow/.local/lib/python3.6/site-packages/airflow/example_dags/example_dag_decorator.py took 1.270 seconds
[2022-05-21 14:49:02,415] {scheduler_job.py:182} INFO - Started process (PID=1017) to work on /home/airflow/.local/lib/python3.6/site-packages/airflow/example_dags/example_dag_decorator.py
[2022-05-21 14:49:02,419] {scheduler_job.py:633} INFO - Processing file /home/airflow/.local/lib/python3.6/site-packages/airflow/example_dags/example_dag_decorator.py for tasks to queue
[2022-05-21 14:49:02,422] {logging_mixin.py:104} INFO - [2022-05-21 14:49:02,421] {dagbag.py:487} INFO - Filling up the DagBag from /home/airflow/.local/lib/python3.6/site-packages/airflow/example_dags/example_dag_decorator.py
[2022-05-21 14:49:02,490] {scheduler_job.py:643} INFO - DAG(s) dict_keys(['example_dag_decorator']) retrieved from /home/airflow/.local/lib/python3.6/site-packages/airflow/example_dags/example_dag_decorator.py
[2022-05-21 14:49:03,524] {logging_mixin.py:104} INFO - [2022-05-21 14:49:03,524] {dag.py:1832} INFO - Sync 1 DAGs
[2022-05-21 14:49:03,560] {logging_mixin.py:104} INFO - [2022-05-21 14:49:03,559] {dag.py:2305} INFO - Setting next_dagrun for example_dag_decorator to None
[2022-05-21 14:49:03,591] {scheduler_job.py:190} INFO - Processing /home/airflow/.local/lib/python3.6/site-packages/airflow/example_dags/example_dag_decorator.py took 1.183 seconds
[2022-05-21 14:49:33,698] {scheduler_job.py:182} INFO - Started process (PID=1118) to work on /home/airflow/.local/lib/python3.6/site-packages/airflow/example_dags/example_dag_decorator.py
[2022-05-21 14:49:33,702] {scheduler_job.py:633} INFO - Processing file /home/airflow/.local/lib/python3.6/site-packages/airflow/example_dags/example_dag_decorator.py for tasks to queue
[2022-05-21 14:49:33,705] {logging_mixin.py:104} INFO - [2022-05-21 14:49:33,704] {dagbag.py:487} INFO - Filling up the DagBag from /home/airflow/.local/lib/python3.6/site-packages/airflow/example_dags/example_dag_decorator.py
[2022-05-21 14:49:33,767] {scheduler_job.py:643} INFO - DAG(s) dict_keys(['example_dag_decorator']) retrieved from /home/airflow/.local/lib/python3.6/site-packages/airflow/example_dags/example_dag_decorator.py
[2022-05-21 14:49:34,725] {logging_mixin.py:104} INFO - [2022-05-21 14:49:34,724] {dag.py:1832} INFO - Sync 1 DAGs
[2022-05-21 14:49:34,758] {logging_mixin.py:104} INFO - [2022-05-21 14:49:34,758] {dag.py:2305} INFO - Setting next_dagrun for example_dag_decorator to None
[2022-05-21 14:49:34,789] {scheduler_job.py:190} INFO - Processing /home/airflow/.local/lib/python3.6/site-packages/airflow/example_dags/example_dag_decorator.py took 1.099 seconds
[2022-05-21 14:50:04,957] {scheduler_job.py:182} INFO - Started process (PID=1220) to work on /home/airflow/.local/lib/python3.6/site-packages/airflow/example_dags/example_dag_decorator.py
[2022-05-21 14:50:04,961] {scheduler_job.py:633} INFO - Processing file /home/airflow/.local/lib/python3.6/site-packages/airflow/example_dags/example_dag_decorator.py for tasks to queue
[2022-05-21 14:50:04,963] {logging_mixin.py:104} INFO - [2022-05-21 14:50:04,963] {dagbag.py:487} INFO - Filling up the DagBag from /home/airflow/.local/lib/python3.6/site-packages/airflow/example_dags/example_dag_decorator.py
[2022-05-21 14:50:05,034] {scheduler_job.py:643} INFO - DAG(s) dict_keys(['example_dag_decorator']) retrieved from /home/airflow/.local/lib/python3.6/site-packages/airflow/example_dags/example_dag_decorator.py
[2022-05-21 14:50:06,055] {logging_mixin.py:104} INFO - [2022-05-21 14:50:06,055] {dag.py:1832} INFO - Sync 1 DAGs
[2022-05-21 14:50:06,089] {logging_mixin.py:104} INFO - [2022-05-21 14:50:06,089] {dag.py:2305} INFO - Setting next_dagrun for example_dag_decorator to None
[2022-05-21 14:50:06,120] {scheduler_job.py:190} INFO - Processing /home/airflow/.local/lib/python3.6/site-packages/airflow/example_dags/example_dag_decorator.py took 1.170 seconds
[2022-05-21 14:50:36,636] {scheduler_job.py:182} INFO - Started process (PID=1312) to work on /home/airflow/.local/lib/python3.6/site-packages/airflow/example_dags/example_dag_decorator.py
[2022-05-21 14:50:36,640] {scheduler_job.py:633} INFO - Processing file /home/airflow/.local/lib/python3.6/site-packages/airflow/example_dags/example_dag_decorator.py for tasks to queue
[2022-05-21 14:50:36,644] {logging_mixin.py:104} INFO - [2022-05-21 14:50:36,643] {dagbag.py:487} INFO - Filling up the DagBag from /home/airflow/.local/lib/python3.6/site-packages/airflow/example_dags/example_dag_decorator.py
[2022-05-21 14:50:36,712] {scheduler_job.py:643} INFO - DAG(s) dict_keys(['example_dag_decorator']) retrieved from /home/airflow/.local/lib/python3.6/site-packages/airflow/example_dags/example_dag_decorator.py
[2022-05-21 14:50:37,552] {logging_mixin.py:104} INFO - [2022-05-21 14:50:37,552] {dag.py:1832} INFO - Sync 1 DAGs
[2022-05-21 14:50:37,581] {logging_mixin.py:104} INFO - [2022-05-21 14:50:37,581] {dag.py:2305} INFO - Setting next_dagrun for example_dag_decorator to None
[2022-05-21 14:50:37,607] {scheduler_job.py:190} INFO - Processing /home/airflow/.local/lib/python3.6/site-packages/airflow/example_dags/example_dag_decorator.py took 0.981 seconds
[2022-05-21 14:51:07,946] {scheduler_job.py:182} INFO - Started process (PID=1418) to work on /home/airflow/.local/lib/python3.6/site-packages/airflow/example_dags/example_dag_decorator.py
[2022-05-21 14:51:07,951] {scheduler_job.py:633} INFO - Processing file /home/airflow/.local/lib/python3.6/site-packages/airflow/example_dags/example_dag_decorator.py for tasks to queue
[2022-05-21 14:51:07,954] {logging_mixin.py:104} INFO - [2022-05-21 14:51:07,953] {dagbag.py:487} INFO - Filling up the DagBag from /home/airflow/.local/lib/python3.6/site-packages/airflow/example_dags/example_dag_decorator.py
[2022-05-21 14:51:08,029] {scheduler_job.py:643} INFO - DAG(s) dict_keys(['example_dag_decorator']) retrieved from /home/airflow/.local/lib/python3.6/site-packages/airflow/example_dags/example_dag_decorator.py
[2022-05-21 14:51:09,199] {logging_mixin.py:104} INFO - [2022-05-21 14:51:09,198] {dag.py:1832} INFO - Sync 1 DAGs
[2022-05-21 14:51:09,233] {logging_mixin.py:104} INFO - [2022-05-21 14:51:09,233] {dag.py:2305} INFO - Setting next_dagrun for example_dag_decorator to None
[2022-05-21 14:51:09,266] {scheduler_job.py:190} INFO - Processing /home/airflow/.local/lib/python3.6/site-packages/airflow/example_dags/example_dag_decorator.py took 1.331 seconds
[2022-05-21 14:51:39,652] {scheduler_job.py:182} INFO - Started process (PID=1510) to work on /home/airflow/.local/lib/python3.6/site-packages/airflow/example_dags/example_dag_decorator.py
[2022-05-21 14:51:39,658] {scheduler_job.py:633} INFO - Processing file /home/airflow/.local/lib/python3.6/site-packages/airflow/example_dags/example_dag_decorator.py for tasks to queue
[2022-05-21 14:51:39,662] {logging_mixin.py:104} INFO - [2022-05-21 14:51:39,661] {dagbag.py:487} INFO - Filling up the DagBag from /home/airflow/.local/lib/python3.6/site-packages/airflow/example_dags/example_dag_decorator.py
[2022-05-21 14:51:39,731] {scheduler_job.py:643} INFO - DAG(s) dict_keys(['example_dag_decorator']) retrieved from /home/airflow/.local/lib/python3.6/site-packages/airflow/example_dags/example_dag_decorator.py
[2022-05-21 14:51:40,606] {logging_mixin.py:104} INFO - [2022-05-21 14:51:40,606] {dag.py:1832} INFO - Sync 1 DAGs
[2022-05-21 14:51:40,635] {logging_mixin.py:104} INFO - [2022-05-21 14:51:40,634] {dag.py:2305} INFO - Setting next_dagrun for example_dag_decorator to None
[2022-05-21 14:51:40,661] {scheduler_job.py:190} INFO - Processing /home/airflow/.local/lib/python3.6/site-packages/airflow/example_dags/example_dag_decorator.py took 1.021 seconds
[2022-05-21 14:52:11,564] {scheduler_job.py:182} INFO - Started process (PID=1622) to work on /home/airflow/.local/lib/python3.6/site-packages/airflow/example_dags/example_dag_decorator.py
[2022-05-21 14:52:11,570] {scheduler_job.py:633} INFO - Processing file /home/airflow/.local/lib/python3.6/site-packages/airflow/example_dags/example_dag_decorator.py for tasks to queue
[2022-05-21 14:52:11,573] {logging_mixin.py:104} INFO - [2022-05-21 14:52:11,573] {dagbag.py:487} INFO - Filling up the DagBag from /home/airflow/.local/lib/python3.6/site-packages/airflow/example_dags/example_dag_decorator.py
[2022-05-21 14:52:11,657] {scheduler_job.py:643} INFO - DAG(s) dict_keys(['example_dag_decorator']) retrieved from /home/airflow/.local/lib/python3.6/site-packages/airflow/example_dags/example_dag_decorator.py
[2022-05-21 14:52:12,860] {logging_mixin.py:104} INFO - [2022-05-21 14:52:12,860] {dag.py:1832} INFO - Sync 1 DAGs
[2022-05-21 14:52:12,904] {logging_mixin.py:104} INFO - [2022-05-21 14:52:12,903] {dag.py:2305} INFO - Setting next_dagrun for example_dag_decorator to None
[2022-05-21 14:52:12,945] {scheduler_job.py:190} INFO - Processing /home/airflow/.local/lib/python3.6/site-packages/airflow/example_dags/example_dag_decorator.py took 1.389 seconds
[2022-05-21 14:54:35,180] {scheduler_job.py:182} INFO - Started process (PID=1698) to work on /home/airflow/.local/lib/python3.6/site-packages/airflow/example_dags/example_dag_decorator.py
[2022-05-21 14:54:35,185] {scheduler_job.py:633} INFO - Processing file /home/airflow/.local/lib/python3.6/site-packages/airflow/example_dags/example_dag_decorator.py for tasks to queue
[2022-05-21 14:54:35,192] {logging_mixin.py:104} INFO - [2022-05-21 14:54:35,191] {dagbag.py:487} INFO - Filling up the DagBag from /home/airflow/.local/lib/python3.6/site-packages/airflow/example_dags/example_dag_decorator.py
[2022-05-21 14:54:35,320] {scheduler_job.py:643} INFO - DAG(s) dict_keys(['example_dag_decorator']) retrieved from /home/airflow/.local/lib/python3.6/site-packages/airflow/example_dags/example_dag_decorator.py
[2022-05-21 14:54:36,884] {logging_mixin.py:104} INFO - [2022-05-21 14:54:36,884] {dag.py:1832} INFO - Sync 1 DAGs
[2022-05-21 14:54:36,930] {logging_mixin.py:104} INFO - [2022-05-21 14:54:36,929] {dag.py:2305} INFO - Setting next_dagrun for example_dag_decorator to None
[2022-05-21 14:54:36,972] {scheduler_job.py:190} INFO - Processing /home/airflow/.local/lib/python3.6/site-packages/airflow/example_dags/example_dag_decorator.py took 1.805 seconds
[2022-05-21 14:55:07,074] {scheduler_job.py:182} INFO - Started process (PID=1810) to work on /home/airflow/.local/lib/python3.6/site-packages/airflow/example_dags/example_dag_decorator.py
[2022-05-21 14:55:07,091] {scheduler_job.py:633} INFO - Processing file /home/airflow/.local/lib/python3.6/site-packages/airflow/example_dags/example_dag_decorator.py for tasks to queue
[2022-05-21 14:55:07,094] {logging_mixin.py:104} INFO - [2022-05-21 14:55:07,093] {dagbag.py:487} INFO - Filling up the DagBag from /home/airflow/.local/lib/python3.6/site-packages/airflow/example_dags/example_dag_decorator.py
[2022-05-21 14:55:07,242] {scheduler_job.py:643} INFO - DAG(s) dict_keys(['example_dag_decorator']) retrieved from /home/airflow/.local/lib/python3.6/site-packages/airflow/example_dags/example_dag_decorator.py
[2022-05-21 14:55:09,524] {logging_mixin.py:104} INFO - [2022-05-21 14:55:09,524] {dag.py:1832} INFO - Sync 1 DAGs
[2022-05-21 14:55:09,593] {logging_mixin.py:104} INFO - [2022-05-21 14:55:09,593] {dag.py:2305} INFO - Setting next_dagrun for example_dag_decorator to None
[2022-05-21 14:55:09,659] {scheduler_job.py:190} INFO - Processing /home/airflow/.local/lib/python3.6/site-packages/airflow/example_dags/example_dag_decorator.py took 2.592 seconds
