[2022-05-21 14:46:24,798] {scheduler_job.py:182} INFO - Started process (PID=587) to work on /home/airflow/.local/lib/python3.6/site-packages/airflow/example_dags/example_branch_day_of_week_operator.py
[2022-05-21 14:46:24,807] {scheduler_job.py:633} INFO - Processing file /home/airflow/.local/lib/python3.6/site-packages/airflow/example_dags/example_branch_day_of_week_operator.py for tasks to queue
[2022-05-21 14:46:24,814] {logging_mixin.py:104} INFO - [2022-05-21 14:46:24,813] {dagbag.py:487} INFO - Filling up the DagBag from /home/airflow/.local/lib/python3.6/site-packages/airflow/example_dags/example_branch_day_of_week_operator.py
[2022-05-21 14:46:24,918] {scheduler_job.py:643} INFO - DAG(s) dict_keys(['example_weekday_branch_operator']) retrieved from /home/airflow/.local/lib/python3.6/site-packages/airflow/example_dags/example_branch_day_of_week_operator.py
[2022-05-21 14:46:37,526] {logging_mixin.py:104} INFO - [2022-05-21 14:46:37,520] {dag.py:1832} INFO - Sync 1 DAGs
[2022-05-21 14:46:37,575] {logging_mixin.py:104} INFO - [2022-05-21 14:46:37,568] {dag.py:1851} INFO - Creating ORM DAG for example_weekday_branch_operator
[2022-05-21 14:46:37,615] {logging_mixin.py:104} INFO - [2022-05-21 14:46:37,614] {dag.py:2305} INFO - Setting next_dagrun for example_weekday_branch_operator to 2022-05-19 00:00:00+00:00
[2022-05-21 14:46:37,651] {scheduler_job.py:190} INFO - Processing /home/airflow/.local/lib/python3.6/site-packages/airflow/example_dags/example_branch_day_of_week_operator.py took 12.871 seconds
[2022-05-21 14:47:31,507] {scheduler_job.py:182} INFO - Started process (PID=731) to work on /home/airflow/.local/lib/python3.6/site-packages/airflow/example_dags/example_branch_day_of_week_operator.py
[2022-05-21 14:47:31,512] {scheduler_job.py:633} INFO - Processing file /home/airflow/.local/lib/python3.6/site-packages/airflow/example_dags/example_branch_day_of_week_operator.py for tasks to queue
[2022-05-21 14:47:31,516] {logging_mixin.py:104} INFO - [2022-05-21 14:47:31,516] {dagbag.py:487} INFO - Filling up the DagBag from /home/airflow/.local/lib/python3.6/site-packages/airflow/example_dags/example_branch_day_of_week_operator.py
[2022-05-21 14:47:31,568] {scheduler_job.py:643} INFO - DAG(s) dict_keys(['example_weekday_branch_operator']) retrieved from /home/airflow/.local/lib/python3.6/site-packages/airflow/example_dags/example_branch_day_of_week_operator.py
[2022-05-21 14:47:31,638] {logging_mixin.py:104} INFO - [2022-05-21 14:47:31,638] {dag.py:1832} INFO - Sync 1 DAGs
[2022-05-21 14:47:31,709] {logging_mixin.py:104} INFO - [2022-05-21 14:47:31,709] {dag.py:2305} INFO - Setting next_dagrun for example_weekday_branch_operator to 2022-05-19 00:00:00+00:00
[2022-05-21 14:47:31,741] {scheduler_job.py:190} INFO - Processing /home/airflow/.local/lib/python3.6/site-packages/airflow/example_dags/example_branch_day_of_week_operator.py took 0.242 seconds
[2022-05-21 14:48:02,333] {scheduler_job.py:182} INFO - Started process (PID=831) to work on /home/airflow/.local/lib/python3.6/site-packages/airflow/example_dags/example_branch_day_of_week_operator.py
[2022-05-21 14:48:02,338] {scheduler_job.py:633} INFO - Processing file /home/airflow/.local/lib/python3.6/site-packages/airflow/example_dags/example_branch_day_of_week_operator.py for tasks to queue
[2022-05-21 14:48:02,342] {logging_mixin.py:104} INFO - [2022-05-21 14:48:02,341] {dagbag.py:487} INFO - Filling up the DagBag from /home/airflow/.local/lib/python3.6/site-packages/airflow/example_dags/example_branch_day_of_week_operator.py
[2022-05-21 14:48:02,388] {scheduler_job.py:643} INFO - DAG(s) dict_keys(['example_weekday_branch_operator']) retrieved from /home/airflow/.local/lib/python3.6/site-packages/airflow/example_dags/example_branch_day_of_week_operator.py
[2022-05-21 14:48:02,451] {logging_mixin.py:104} INFO - [2022-05-21 14:48:02,450] {dag.py:1832} INFO - Sync 1 DAGs
[2022-05-21 14:48:02,518] {logging_mixin.py:104} INFO - [2022-05-21 14:48:02,517] {dag.py:2305} INFO - Setting next_dagrun for example_weekday_branch_operator to 2022-05-19 00:00:00+00:00
[2022-05-21 14:48:02,546] {scheduler_job.py:190} INFO - Processing /home/airflow/.local/lib/python3.6/site-packages/airflow/example_dags/example_branch_day_of_week_operator.py took 0.220 seconds
[2022-05-21 14:48:33,742] {scheduler_job.py:182} INFO - Started process (PID=930) to work on /home/airflow/.local/lib/python3.6/site-packages/airflow/example_dags/example_branch_day_of_week_operator.py
[2022-05-21 14:48:33,747] {scheduler_job.py:633} INFO - Processing file /home/airflow/.local/lib/python3.6/site-packages/airflow/example_dags/example_branch_day_of_week_operator.py for tasks to queue
[2022-05-21 14:48:33,750] {logging_mixin.py:104} INFO - [2022-05-21 14:48:33,750] {dagbag.py:487} INFO - Filling up the DagBag from /home/airflow/.local/lib/python3.6/site-packages/airflow/example_dags/example_branch_day_of_week_operator.py
[2022-05-21 14:48:33,793] {scheduler_job.py:643} INFO - DAG(s) dict_keys(['example_weekday_branch_operator']) retrieved from /home/airflow/.local/lib/python3.6/site-packages/airflow/example_dags/example_branch_day_of_week_operator.py
[2022-05-21 14:48:33,847] {logging_mixin.py:104} INFO - [2022-05-21 14:48:33,847] {dag.py:1832} INFO - Sync 1 DAGs
[2022-05-21 14:48:33,904] {logging_mixin.py:104} INFO - [2022-05-21 14:48:33,903] {dag.py:2305} INFO - Setting next_dagrun for example_weekday_branch_operator to 2022-05-19 00:00:00+00:00
[2022-05-21 14:48:33,931] {scheduler_job.py:190} INFO - Processing /home/airflow/.local/lib/python3.6/site-packages/airflow/example_dags/example_branch_day_of_week_operator.py took 0.196 seconds
[2022-05-21 14:49:05,940] {scheduler_job.py:182} INFO - Started process (PID=1034) to work on /home/airflow/.local/lib/python3.6/site-packages/airflow/example_dags/example_branch_day_of_week_operator.py
[2022-05-21 14:49:05,946] {scheduler_job.py:633} INFO - Processing file /home/airflow/.local/lib/python3.6/site-packages/airflow/example_dags/example_branch_day_of_week_operator.py for tasks to queue
[2022-05-21 14:49:05,950] {logging_mixin.py:104} INFO - [2022-05-21 14:49:05,949] {dagbag.py:487} INFO - Filling up the DagBag from /home/airflow/.local/lib/python3.6/site-packages/airflow/example_dags/example_branch_day_of_week_operator.py
[2022-05-21 14:49:05,996] {scheduler_job.py:643} INFO - DAG(s) dict_keys(['example_weekday_branch_operator']) retrieved from /home/airflow/.local/lib/python3.6/site-packages/airflow/example_dags/example_branch_day_of_week_operator.py
[2022-05-21 14:49:06,051] {logging_mixin.py:104} INFO - [2022-05-21 14:49:06,051] {dag.py:1832} INFO - Sync 1 DAGs
[2022-05-21 14:49:06,123] {logging_mixin.py:104} INFO - [2022-05-21 14:49:06,123] {dag.py:2305} INFO - Setting next_dagrun for example_weekday_branch_operator to 2022-05-19 00:00:00+00:00
[2022-05-21 14:49:06,151] {scheduler_job.py:190} INFO - Processing /home/airflow/.local/lib/python3.6/site-packages/airflow/example_dags/example_branch_day_of_week_operator.py took 0.217 seconds
[2022-05-21 14:49:37,135] {scheduler_job.py:182} INFO - Started process (PID=1126) to work on /home/airflow/.local/lib/python3.6/site-packages/airflow/example_dags/example_branch_day_of_week_operator.py
[2022-05-21 14:49:37,139] {scheduler_job.py:633} INFO - Processing file /home/airflow/.local/lib/python3.6/site-packages/airflow/example_dags/example_branch_day_of_week_operator.py for tasks to queue
[2022-05-21 14:49:37,142] {logging_mixin.py:104} INFO - [2022-05-21 14:49:37,141] {dagbag.py:487} INFO - Filling up the DagBag from /home/airflow/.local/lib/python3.6/site-packages/airflow/example_dags/example_branch_day_of_week_operator.py
[2022-05-21 14:49:37,179] {scheduler_job.py:643} INFO - DAG(s) dict_keys(['example_weekday_branch_operator']) retrieved from /home/airflow/.local/lib/python3.6/site-packages/airflow/example_dags/example_branch_day_of_week_operator.py
[2022-05-21 14:49:37,226] {logging_mixin.py:104} INFO - [2022-05-21 14:49:37,226] {dag.py:1832} INFO - Sync 1 DAGs
[2022-05-21 14:49:37,275] {logging_mixin.py:104} INFO - [2022-05-21 14:49:37,275] {dag.py:2305} INFO - Setting next_dagrun for example_weekday_branch_operator to 2022-05-19 00:00:00+00:00
[2022-05-21 14:49:37,299] {scheduler_job.py:190} INFO - Processing /home/airflow/.local/lib/python3.6/site-packages/airflow/example_dags/example_branch_day_of_week_operator.py took 0.171 seconds
[2022-05-21 14:50:07,483] {scheduler_job.py:182} INFO - Started process (PID=1229) to work on /home/airflow/.local/lib/python3.6/site-packages/airflow/example_dags/example_branch_day_of_week_operator.py
[2022-05-21 14:50:07,487] {scheduler_job.py:633} INFO - Processing file /home/airflow/.local/lib/python3.6/site-packages/airflow/example_dags/example_branch_day_of_week_operator.py for tasks to queue
[2022-05-21 14:50:07,490] {logging_mixin.py:104} INFO - [2022-05-21 14:50:07,490] {dagbag.py:487} INFO - Filling up the DagBag from /home/airflow/.local/lib/python3.6/site-packages/airflow/example_dags/example_branch_day_of_week_operator.py
[2022-05-21 14:50:07,534] {scheduler_job.py:643} INFO - DAG(s) dict_keys(['example_weekday_branch_operator']) retrieved from /home/airflow/.local/lib/python3.6/site-packages/airflow/example_dags/example_branch_day_of_week_operator.py
[2022-05-21 14:50:07,589] {logging_mixin.py:104} INFO - [2022-05-21 14:50:07,588] {dag.py:1832} INFO - Sync 1 DAGs
[2022-05-21 14:50:07,649] {logging_mixin.py:104} INFO - [2022-05-21 14:50:07,649] {dag.py:2305} INFO - Setting next_dagrun for example_weekday_branch_operator to 2022-05-19 00:00:00+00:00
[2022-05-21 14:50:07,693] {scheduler_job.py:190} INFO - Processing /home/airflow/.local/lib/python3.6/site-packages/airflow/example_dags/example_branch_day_of_week_operator.py took 0.218 seconds
[2022-05-21 14:50:37,872] {scheduler_job.py:182} INFO - Started process (PID=1316) to work on /home/airflow/.local/lib/python3.6/site-packages/airflow/example_dags/example_branch_day_of_week_operator.py
[2022-05-21 14:50:37,875] {scheduler_job.py:633} INFO - Processing file /home/airflow/.local/lib/python3.6/site-packages/airflow/example_dags/example_branch_day_of_week_operator.py for tasks to queue
[2022-05-21 14:50:37,877] {logging_mixin.py:104} INFO - [2022-05-21 14:50:37,877] {dagbag.py:487} INFO - Filling up the DagBag from /home/airflow/.local/lib/python3.6/site-packages/airflow/example_dags/example_branch_day_of_week_operator.py
[2022-05-21 14:50:37,913] {scheduler_job.py:643} INFO - DAG(s) dict_keys(['example_weekday_branch_operator']) retrieved from /home/airflow/.local/lib/python3.6/site-packages/airflow/example_dags/example_branch_day_of_week_operator.py
[2022-05-21 14:50:37,958] {logging_mixin.py:104} INFO - [2022-05-21 14:50:37,958] {dag.py:1832} INFO - Sync 1 DAGs
[2022-05-21 14:50:38,004] {logging_mixin.py:104} INFO - [2022-05-21 14:50:38,003] {dag.py:2305} INFO - Setting next_dagrun for example_weekday_branch_operator to 2022-05-19 00:00:00+00:00
[2022-05-21 14:50:38,025] {scheduler_job.py:190} INFO - Processing /home/airflow/.local/lib/python3.6/site-packages/airflow/example_dags/example_branch_day_of_week_operator.py took 0.160 seconds
[2022-05-21 14:51:08,277] {scheduler_job.py:182} INFO - Started process (PID=1422) to work on /home/airflow/.local/lib/python3.6/site-packages/airflow/example_dags/example_branch_day_of_week_operator.py
[2022-05-21 14:51:08,282] {scheduler_job.py:633} INFO - Processing file /home/airflow/.local/lib/python3.6/site-packages/airflow/example_dags/example_branch_day_of_week_operator.py for tasks to queue
[2022-05-21 14:51:08,286] {logging_mixin.py:104} INFO - [2022-05-21 14:51:08,285] {dagbag.py:487} INFO - Filling up the DagBag from /home/airflow/.local/lib/python3.6/site-packages/airflow/example_dags/example_branch_day_of_week_operator.py
[2022-05-21 14:51:08,383] {scheduler_job.py:643} INFO - DAG(s) dict_keys(['example_weekday_branch_operator']) retrieved from /home/airflow/.local/lib/python3.6/site-packages/airflow/example_dags/example_branch_day_of_week_operator.py
[2022-05-21 14:51:08,453] {logging_mixin.py:104} INFO - [2022-05-21 14:51:08,453] {dag.py:1832} INFO - Sync 1 DAGs
[2022-05-21 14:51:08,514] {logging_mixin.py:104} INFO - [2022-05-21 14:51:08,514] {dag.py:2305} INFO - Setting next_dagrun for example_weekday_branch_operator to 2022-05-19 00:00:00+00:00
[2022-05-21 14:51:08,545] {scheduler_job.py:190} INFO - Processing /home/airflow/.local/lib/python3.6/site-packages/airflow/example_dags/example_branch_day_of_week_operator.py took 0.275 seconds
[2022-05-21 14:51:38,588] {scheduler_job.py:182} INFO - Started process (PID=1508) to work on /home/airflow/.local/lib/python3.6/site-packages/airflow/example_dags/example_branch_day_of_week_operator.py
[2022-05-21 14:51:38,592] {scheduler_job.py:633} INFO - Processing file /home/airflow/.local/lib/python3.6/site-packages/airflow/example_dags/example_branch_day_of_week_operator.py for tasks to queue
[2022-05-21 14:51:38,594] {logging_mixin.py:104} INFO - [2022-05-21 14:51:38,593] {dagbag.py:487} INFO - Filling up the DagBag from /home/airflow/.local/lib/python3.6/site-packages/airflow/example_dags/example_branch_day_of_week_operator.py
[2022-05-21 14:51:38,627] {scheduler_job.py:643} INFO - DAG(s) dict_keys(['example_weekday_branch_operator']) retrieved from /home/airflow/.local/lib/python3.6/site-packages/airflow/example_dags/example_branch_day_of_week_operator.py
[2022-05-21 14:51:38,672] {logging_mixin.py:104} INFO - [2022-05-21 14:51:38,671] {dag.py:1832} INFO - Sync 1 DAGs
[2022-05-21 14:51:38,717] {logging_mixin.py:104} INFO - [2022-05-21 14:51:38,717] {dag.py:2305} INFO - Setting next_dagrun for example_weekday_branch_operator to 2022-05-19 00:00:00+00:00
[2022-05-21 14:51:38,739] {scheduler_job.py:190} INFO - Processing /home/airflow/.local/lib/python3.6/site-packages/airflow/example_dags/example_branch_day_of_week_operator.py took 0.157 seconds
[2022-05-21 14:52:08,970] {scheduler_job.py:182} INFO - Started process (PID=1613) to work on /home/airflow/.local/lib/python3.6/site-packages/airflow/example_dags/example_branch_day_of_week_operator.py
[2022-05-21 14:52:08,974] {scheduler_job.py:633} INFO - Processing file /home/airflow/.local/lib/python3.6/site-packages/airflow/example_dags/example_branch_day_of_week_operator.py for tasks to queue
[2022-05-21 14:52:08,977] {logging_mixin.py:104} INFO - [2022-05-21 14:52:08,977] {dagbag.py:487} INFO - Filling up the DagBag from /home/airflow/.local/lib/python3.6/site-packages/airflow/example_dags/example_branch_day_of_week_operator.py
[2022-05-21 14:52:09,028] {scheduler_job.py:643} INFO - DAG(s) dict_keys(['example_weekday_branch_operator']) retrieved from /home/airflow/.local/lib/python3.6/site-packages/airflow/example_dags/example_branch_day_of_week_operator.py
[2022-05-21 14:52:09,082] {logging_mixin.py:104} INFO - [2022-05-21 14:52:09,082] {dag.py:1832} INFO - Sync 1 DAGs
[2022-05-21 14:52:09,140] {logging_mixin.py:104} INFO - [2022-05-21 14:52:09,139] {dag.py:2305} INFO - Setting next_dagrun for example_weekday_branch_operator to 2022-05-19 00:00:00+00:00
[2022-05-21 14:52:09,170] {scheduler_job.py:190} INFO - Processing /home/airflow/.local/lib/python3.6/site-packages/airflow/example_dags/example_branch_day_of_week_operator.py took 0.207 seconds
[2022-05-21 14:54:39,367] {scheduler_job.py:182} INFO - Started process (PID=1735) to work on /home/airflow/.local/lib/python3.6/site-packages/airflow/example_dags/example_branch_day_of_week_operator.py
[2022-05-21 14:54:39,374] {scheduler_job.py:633} INFO - Processing file /home/airflow/.local/lib/python3.6/site-packages/airflow/example_dags/example_branch_day_of_week_operator.py for tasks to queue
[2022-05-21 14:54:39,380] {logging_mixin.py:104} INFO - [2022-05-21 14:54:39,380] {dagbag.py:487} INFO - Filling up the DagBag from /home/airflow/.local/lib/python3.6/site-packages/airflow/example_dags/example_branch_day_of_week_operator.py
[2022-05-21 14:54:39,502] {scheduler_job.py:643} INFO - DAG(s) dict_keys(['example_weekday_branch_operator']) retrieved from /home/airflow/.local/lib/python3.6/site-packages/airflow/example_dags/example_branch_day_of_week_operator.py
[2022-05-21 14:54:39,624] {logging_mixin.py:104} INFO - [2022-05-21 14:54:39,623] {dag.py:1832} INFO - Sync 1 DAGs
[2022-05-21 14:54:39,753] {logging_mixin.py:104} INFO - [2022-05-21 14:54:39,752] {dag.py:2305} INFO - Setting next_dagrun for example_weekday_branch_operator to 2022-05-19 00:00:00+00:00
[2022-05-21 14:54:39,811] {scheduler_job.py:190} INFO - Processing /home/airflow/.local/lib/python3.6/site-packages/airflow/example_dags/example_branch_day_of_week_operator.py took 0.455 seconds
[2022-05-21 14:55:10,773] {scheduler_job.py:182} INFO - Started process (PID=1828) to work on /home/airflow/.local/lib/python3.6/site-packages/airflow/example_dags/example_branch_day_of_week_operator.py
[2022-05-21 14:55:10,781] {scheduler_job.py:633} INFO - Processing file /home/airflow/.local/lib/python3.6/site-packages/airflow/example_dags/example_branch_day_of_week_operator.py for tasks to queue
[2022-05-21 14:55:10,787] {logging_mixin.py:104} INFO - [2022-05-21 14:55:10,786] {dagbag.py:487} INFO - Filling up the DagBag from /home/airflow/.local/lib/python3.6/site-packages/airflow/example_dags/example_branch_day_of_week_operator.py
[2022-05-21 14:55:10,867] {scheduler_job.py:643} INFO - DAG(s) dict_keys(['example_weekday_branch_operator']) retrieved from /home/airflow/.local/lib/python3.6/site-packages/airflow/example_dags/example_branch_day_of_week_operator.py
[2022-05-21 14:55:10,968] {logging_mixin.py:104} INFO - [2022-05-21 14:55:10,968] {dag.py:1832} INFO - Sync 1 DAGs
[2022-05-21 14:55:11,098] {logging_mixin.py:104} INFO - [2022-05-21 14:55:11,097] {dag.py:2305} INFO - Setting next_dagrun for example_weekday_branch_operator to 2022-05-19 00:00:00+00:00
[2022-05-21 14:55:11,158] {scheduler_job.py:190} INFO - Processing /home/airflow/.local/lib/python3.6/site-packages/airflow/example_dags/example_branch_day_of_week_operator.py took 0.392 seconds
