[2022-05-21 14:47:01,493] {scheduler_job.py:182} INFO - Started process (PID=644) to work on /home/airflow/.local/lib/python3.6/site-packages/airflow/example_dags/example_trigger_controller_dag.py
[2022-05-21 14:47:01,499] {scheduler_job.py:633} INFO - Processing file /home/airflow/.local/lib/python3.6/site-packages/airflow/example_dags/example_trigger_controller_dag.py for tasks to queue
[2022-05-21 14:47:01,503] {logging_mixin.py:104} INFO - [2022-05-21 14:47:01,502] {dagbag.py:487} INFO - Filling up the DagBag from /home/airflow/.local/lib/python3.6/site-packages/airflow/example_dags/example_trigger_controller_dag.py
[2022-05-21 14:47:01,558] {scheduler_job.py:643} INFO - DAG(s) dict_keys(['example_trigger_controller_dag']) retrieved from /home/airflow/.local/lib/python3.6/site-packages/airflow/example_dags/example_trigger_controller_dag.py
[2022-05-21 14:47:14,305] {logging_mixin.py:104} INFO - [2022-05-21 14:47:14,298] {dag.py:1832} INFO - Sync 1 DAGs
[2022-05-21 14:47:14,360] {logging_mixin.py:104} INFO - [2022-05-21 14:47:14,353] {dag.py:1851} INFO - Creating ORM DAG for example_trigger_controller_dag
[2022-05-21 14:47:14,380] {logging_mixin.py:104} INFO - [2022-05-21 14:47:14,379] {dag.py:2305} INFO - Setting next_dagrun for example_trigger_controller_dag to 2022-05-19 00:00:00+00:00
[2022-05-21 14:47:14,420] {scheduler_job.py:190} INFO - Processing /home/airflow/.local/lib/python3.6/site-packages/airflow/example_dags/example_trigger_controller_dag.py took 12.936 seconds
[2022-05-21 14:47:44,741] {scheduler_job.py:182} INFO - Started process (PID=762) to work on /home/airflow/.local/lib/python3.6/site-packages/airflow/example_dags/example_trigger_controller_dag.py
[2022-05-21 14:47:44,746] {scheduler_job.py:633} INFO - Processing file /home/airflow/.local/lib/python3.6/site-packages/airflow/example_dags/example_trigger_controller_dag.py for tasks to queue
[2022-05-21 14:47:44,749] {logging_mixin.py:104} INFO - [2022-05-21 14:47:44,749] {dagbag.py:487} INFO - Filling up the DagBag from /home/airflow/.local/lib/python3.6/site-packages/airflow/example_dags/example_trigger_controller_dag.py
[2022-05-21 14:47:44,788] {scheduler_job.py:643} INFO - DAG(s) dict_keys(['example_trigger_controller_dag']) retrieved from /home/airflow/.local/lib/python3.6/site-packages/airflow/example_dags/example_trigger_controller_dag.py
[2022-05-21 14:47:44,839] {logging_mixin.py:104} INFO - [2022-05-21 14:47:44,838] {dag.py:1832} INFO - Sync 1 DAGs
[2022-05-21 14:47:44,879] {logging_mixin.py:104} INFO - [2022-05-21 14:47:44,878] {dag.py:2305} INFO - Setting next_dagrun for example_trigger_controller_dag to 2022-05-19 00:00:00+00:00
[2022-05-21 14:47:44,916] {scheduler_job.py:190} INFO - Processing /home/airflow/.local/lib/python3.6/site-packages/airflow/example_dags/example_trigger_controller_dag.py took 0.183 seconds
[2022-05-21 14:48:15,223] {scheduler_job.py:182} INFO - Started process (PID=855) to work on /home/airflow/.local/lib/python3.6/site-packages/airflow/example_dags/example_trigger_controller_dag.py
[2022-05-21 14:48:15,227] {scheduler_job.py:633} INFO - Processing file /home/airflow/.local/lib/python3.6/site-packages/airflow/example_dags/example_trigger_controller_dag.py for tasks to queue
[2022-05-21 14:48:15,229] {logging_mixin.py:104} INFO - [2022-05-21 14:48:15,229] {dagbag.py:487} INFO - Filling up the DagBag from /home/airflow/.local/lib/python3.6/site-packages/airflow/example_dags/example_trigger_controller_dag.py
[2022-05-21 14:48:15,257] {scheduler_job.py:643} INFO - DAG(s) dict_keys(['example_trigger_controller_dag']) retrieved from /home/airflow/.local/lib/python3.6/site-packages/airflow/example_dags/example_trigger_controller_dag.py
[2022-05-21 14:48:15,301] {logging_mixin.py:104} INFO - [2022-05-21 14:48:15,300] {dag.py:1832} INFO - Sync 1 DAGs
[2022-05-21 14:48:15,331] {logging_mixin.py:104} INFO - [2022-05-21 14:48:15,330] {dag.py:2305} INFO - Setting next_dagrun for example_trigger_controller_dag to 2022-05-19 00:00:00+00:00
[2022-05-21 14:48:15,353] {scheduler_job.py:190} INFO - Processing /home/airflow/.local/lib/python3.6/site-packages/airflow/example_dags/example_trigger_controller_dag.py took 0.136 seconds
[2022-05-21 14:48:45,560] {scheduler_job.py:182} INFO - Started process (PID=963) to work on /home/airflow/.local/lib/python3.6/site-packages/airflow/example_dags/example_trigger_controller_dag.py
[2022-05-21 14:48:45,564] {scheduler_job.py:633} INFO - Processing file /home/airflow/.local/lib/python3.6/site-packages/airflow/example_dags/example_trigger_controller_dag.py for tasks to queue
[2022-05-21 14:48:45,566] {logging_mixin.py:104} INFO - [2022-05-21 14:48:45,566] {dagbag.py:487} INFO - Filling up the DagBag from /home/airflow/.local/lib/python3.6/site-packages/airflow/example_dags/example_trigger_controller_dag.py
[2022-05-21 14:48:45,600] {scheduler_job.py:643} INFO - DAG(s) dict_keys(['example_trigger_controller_dag']) retrieved from /home/airflow/.local/lib/python3.6/site-packages/airflow/example_dags/example_trigger_controller_dag.py
[2022-05-21 14:48:45,650] {logging_mixin.py:104} INFO - [2022-05-21 14:48:45,649] {dag.py:1832} INFO - Sync 1 DAGs
[2022-05-21 14:48:45,686] {logging_mixin.py:104} INFO - [2022-05-21 14:48:45,685] {dag.py:2305} INFO - Setting next_dagrun for example_trigger_controller_dag to 2022-05-19 00:00:00+00:00
[2022-05-21 14:48:45,711] {scheduler_job.py:190} INFO - Processing /home/airflow/.local/lib/python3.6/site-packages/airflow/example_dags/example_trigger_controller_dag.py took 0.161 seconds
[2022-05-21 14:49:15,867] {scheduler_job.py:182} INFO - Started process (PID=1049) to work on /home/airflow/.local/lib/python3.6/site-packages/airflow/example_dags/example_trigger_controller_dag.py
[2022-05-21 14:49:15,872] {scheduler_job.py:633} INFO - Processing file /home/airflow/.local/lib/python3.6/site-packages/airflow/example_dags/example_trigger_controller_dag.py for tasks to queue
[2022-05-21 14:49:15,876] {logging_mixin.py:104} INFO - [2022-05-21 14:49:15,875] {dagbag.py:487} INFO - Filling up the DagBag from /home/airflow/.local/lib/python3.6/site-packages/airflow/example_dags/example_trigger_controller_dag.py
[2022-05-21 14:49:15,911] {scheduler_job.py:643} INFO - DAG(s) dict_keys(['example_trigger_controller_dag']) retrieved from /home/airflow/.local/lib/python3.6/site-packages/airflow/example_dags/example_trigger_controller_dag.py
[2022-05-21 14:49:15,954] {logging_mixin.py:104} INFO - [2022-05-21 14:49:15,953] {dag.py:1832} INFO - Sync 1 DAGs
[2022-05-21 14:49:15,984] {logging_mixin.py:104} INFO - [2022-05-21 14:49:15,984] {dag.py:2305} INFO - Setting next_dagrun for example_trigger_controller_dag to 2022-05-19 00:00:00+00:00
[2022-05-21 14:49:16,007] {scheduler_job.py:190} INFO - Processing /home/airflow/.local/lib/python3.6/site-packages/airflow/example_dags/example_trigger_controller_dag.py took 0.152 seconds
[2022-05-21 14:49:46,170] {scheduler_job.py:182} INFO - Started process (PID=1158) to work on /home/airflow/.local/lib/python3.6/site-packages/airflow/example_dags/example_trigger_controller_dag.py
[2022-05-21 14:49:46,176] {scheduler_job.py:633} INFO - Processing file /home/airflow/.local/lib/python3.6/site-packages/airflow/example_dags/example_trigger_controller_dag.py for tasks to queue
[2022-05-21 14:49:46,179] {logging_mixin.py:104} INFO - [2022-05-21 14:49:46,179] {dagbag.py:487} INFO - Filling up the DagBag from /home/airflow/.local/lib/python3.6/site-packages/airflow/example_dags/example_trigger_controller_dag.py
[2022-05-21 14:49:46,217] {scheduler_job.py:643} INFO - DAG(s) dict_keys(['example_trigger_controller_dag']) retrieved from /home/airflow/.local/lib/python3.6/site-packages/airflow/example_dags/example_trigger_controller_dag.py
[2022-05-21 14:49:46,268] {logging_mixin.py:104} INFO - [2022-05-21 14:49:46,267] {dag.py:1832} INFO - Sync 1 DAGs
[2022-05-21 14:49:46,305] {logging_mixin.py:104} INFO - [2022-05-21 14:49:46,304] {dag.py:2305} INFO - Setting next_dagrun for example_trigger_controller_dag to 2022-05-19 00:00:00+00:00
[2022-05-21 14:49:46,332] {scheduler_job.py:190} INFO - Processing /home/airflow/.local/lib/python3.6/site-packages/airflow/example_dags/example_trigger_controller_dag.py took 0.169 seconds
[2022-05-21 14:50:16,802] {scheduler_job.py:182} INFO - Started process (PID=1246) to work on /home/airflow/.local/lib/python3.6/site-packages/airflow/example_dags/example_trigger_controller_dag.py
[2022-05-21 14:50:16,805] {scheduler_job.py:633} INFO - Processing file /home/airflow/.local/lib/python3.6/site-packages/airflow/example_dags/example_trigger_controller_dag.py for tasks to queue
[2022-05-21 14:50:16,808] {logging_mixin.py:104} INFO - [2022-05-21 14:50:16,807] {dagbag.py:487} INFO - Filling up the DagBag from /home/airflow/.local/lib/python3.6/site-packages/airflow/example_dags/example_trigger_controller_dag.py
[2022-05-21 14:50:16,835] {scheduler_job.py:643} INFO - DAG(s) dict_keys(['example_trigger_controller_dag']) retrieved from /home/airflow/.local/lib/python3.6/site-packages/airflow/example_dags/example_trigger_controller_dag.py
[2022-05-21 14:50:16,878] {logging_mixin.py:104} INFO - [2022-05-21 14:50:16,878] {dag.py:1832} INFO - Sync 1 DAGs
[2022-05-21 14:50:16,908] {logging_mixin.py:104} INFO - [2022-05-21 14:50:16,908] {dag.py:2305} INFO - Setting next_dagrun for example_trigger_controller_dag to 2022-05-19 00:00:00+00:00
[2022-05-21 14:50:16,930] {scheduler_job.py:190} INFO - Processing /home/airflow/.local/lib/python3.6/site-packages/airflow/example_dags/example_trigger_controller_dag.py took 0.135 seconds
[2022-05-21 14:50:47,098] {scheduler_job.py:182} INFO - Started process (PID=1354) to work on /home/airflow/.local/lib/python3.6/site-packages/airflow/example_dags/example_trigger_controller_dag.py
[2022-05-21 14:50:47,102] {scheduler_job.py:633} INFO - Processing file /home/airflow/.local/lib/python3.6/site-packages/airflow/example_dags/example_trigger_controller_dag.py for tasks to queue
[2022-05-21 14:50:47,105] {logging_mixin.py:104} INFO - [2022-05-21 14:50:47,104] {dagbag.py:487} INFO - Filling up the DagBag from /home/airflow/.local/lib/python3.6/site-packages/airflow/example_dags/example_trigger_controller_dag.py
[2022-05-21 14:50:47,140] {scheduler_job.py:643} INFO - DAG(s) dict_keys(['example_trigger_controller_dag']) retrieved from /home/airflow/.local/lib/python3.6/site-packages/airflow/example_dags/example_trigger_controller_dag.py
[2022-05-21 14:50:47,190] {logging_mixin.py:104} INFO - [2022-05-21 14:50:47,189] {dag.py:1832} INFO - Sync 1 DAGs
[2022-05-21 14:50:47,227] {logging_mixin.py:104} INFO - [2022-05-21 14:50:47,226] {dag.py:2305} INFO - Setting next_dagrun for example_trigger_controller_dag to 2022-05-19 00:00:00+00:00
[2022-05-21 14:50:47,253] {scheduler_job.py:190} INFO - Processing /home/airflow/.local/lib/python3.6/site-packages/airflow/example_dags/example_trigger_controller_dag.py took 0.161 seconds
[2022-05-21 14:51:17,607] {scheduler_job.py:182} INFO - Started process (PID=1441) to work on /home/airflow/.local/lib/python3.6/site-packages/airflow/example_dags/example_trigger_controller_dag.py
[2022-05-21 14:51:17,613] {scheduler_job.py:633} INFO - Processing file /home/airflow/.local/lib/python3.6/site-packages/airflow/example_dags/example_trigger_controller_dag.py for tasks to queue
[2022-05-21 14:51:17,617] {logging_mixin.py:104} INFO - [2022-05-21 14:51:17,616] {dagbag.py:487} INFO - Filling up the DagBag from /home/airflow/.local/lib/python3.6/site-packages/airflow/example_dags/example_trigger_controller_dag.py
[2022-05-21 14:51:17,647] {scheduler_job.py:643} INFO - DAG(s) dict_keys(['example_trigger_controller_dag']) retrieved from /home/airflow/.local/lib/python3.6/site-packages/airflow/example_dags/example_trigger_controller_dag.py
[2022-05-21 14:51:17,692] {logging_mixin.py:104} INFO - [2022-05-21 14:51:17,692] {dag.py:1832} INFO - Sync 1 DAGs
[2022-05-21 14:51:17,723] {logging_mixin.py:104} INFO - [2022-05-21 14:51:17,723] {dag.py:2305} INFO - Setting next_dagrun for example_trigger_controller_dag to 2022-05-19 00:00:00+00:00
[2022-05-21 14:51:17,746] {scheduler_job.py:190} INFO - Processing /home/airflow/.local/lib/python3.6/site-packages/airflow/example_dags/example_trigger_controller_dag.py took 0.148 seconds
[2022-05-21 14:51:48,031] {scheduler_job.py:182} INFO - Started process (PID=1546) to work on /home/airflow/.local/lib/python3.6/site-packages/airflow/example_dags/example_trigger_controller_dag.py
[2022-05-21 14:51:48,035] {scheduler_job.py:633} INFO - Processing file /home/airflow/.local/lib/python3.6/site-packages/airflow/example_dags/example_trigger_controller_dag.py for tasks to queue
[2022-05-21 14:51:48,039] {logging_mixin.py:104} INFO - [2022-05-21 14:51:48,038] {dagbag.py:487} INFO - Filling up the DagBag from /home/airflow/.local/lib/python3.6/site-packages/airflow/example_dags/example_trigger_controller_dag.py
[2022-05-21 14:51:48,078] {scheduler_job.py:643} INFO - DAG(s) dict_keys(['example_trigger_controller_dag']) retrieved from /home/airflow/.local/lib/python3.6/site-packages/airflow/example_dags/example_trigger_controller_dag.py
[2022-05-21 14:51:48,133] {logging_mixin.py:104} INFO - [2022-05-21 14:51:48,132] {dag.py:1832} INFO - Sync 1 DAGs
[2022-05-21 14:51:48,169] {logging_mixin.py:104} INFO - [2022-05-21 14:51:48,168] {dag.py:2305} INFO - Setting next_dagrun for example_trigger_controller_dag to 2022-05-19 00:00:00+00:00
[2022-05-21 14:51:48,195] {scheduler_job.py:190} INFO - Processing /home/airflow/.local/lib/python3.6/site-packages/airflow/example_dags/example_trigger_controller_dag.py took 0.171 seconds
[2022-05-21 14:52:18,939] {scheduler_job.py:182} INFO - Started process (PID=1634) to work on /home/airflow/.local/lib/python3.6/site-packages/airflow/example_dags/example_trigger_controller_dag.py
[2022-05-21 14:52:18,943] {scheduler_job.py:633} INFO - Processing file /home/airflow/.local/lib/python3.6/site-packages/airflow/example_dags/example_trigger_controller_dag.py for tasks to queue
[2022-05-21 14:52:18,946] {logging_mixin.py:104} INFO - [2022-05-21 14:52:18,946] {dagbag.py:487} INFO - Filling up the DagBag from /home/airflow/.local/lib/python3.6/site-packages/airflow/example_dags/example_trigger_controller_dag.py
[2022-05-21 14:52:18,980] {scheduler_job.py:643} INFO - DAG(s) dict_keys(['example_trigger_controller_dag']) retrieved from /home/airflow/.local/lib/python3.6/site-packages/airflow/example_dags/example_trigger_controller_dag.py
[2022-05-21 14:52:19,031] {logging_mixin.py:104} INFO - [2022-05-21 14:52:19,031] {dag.py:1832} INFO - Sync 1 DAGs
[2022-05-21 14:52:19,067] {logging_mixin.py:104} INFO - [2022-05-21 14:52:19,067] {dag.py:2305} INFO - Setting next_dagrun for example_trigger_controller_dag to 2022-05-19 00:00:00+00:00
[2022-05-21 14:52:19,093] {scheduler_job.py:190} INFO - Processing /home/airflow/.local/lib/python3.6/site-packages/airflow/example_dags/example_trigger_controller_dag.py took 0.162 seconds
[2022-05-21 14:54:44,039] {scheduler_job.py:182} INFO - Started process (PID=1753) to work on /home/airflow/.local/lib/python3.6/site-packages/airflow/example_dags/example_trigger_controller_dag.py
[2022-05-21 14:54:44,062] {scheduler_job.py:633} INFO - Processing file /home/airflow/.local/lib/python3.6/site-packages/airflow/example_dags/example_trigger_controller_dag.py for tasks to queue
[2022-05-21 14:54:44,070] {logging_mixin.py:104} INFO - [2022-05-21 14:54:44,067] {dagbag.py:487} INFO - Filling up the DagBag from /home/airflow/.local/lib/python3.6/site-packages/airflow/example_dags/example_trigger_controller_dag.py
[2022-05-21 14:54:44,185] {scheduler_job.py:643} INFO - DAG(s) dict_keys(['example_trigger_controller_dag']) retrieved from /home/airflow/.local/lib/python3.6/site-packages/airflow/example_dags/example_trigger_controller_dag.py
[2022-05-21 14:54:44,365] {logging_mixin.py:104} INFO - [2022-05-21 14:54:44,365] {dag.py:1832} INFO - Sync 1 DAGs
[2022-05-21 14:54:44,470] {logging_mixin.py:104} INFO - [2022-05-21 14:54:44,470] {dag.py:2305} INFO - Setting next_dagrun for example_trigger_controller_dag to 2022-05-19 00:00:00+00:00
[2022-05-21 14:54:44,532] {scheduler_job.py:190} INFO - Processing /home/airflow/.local/lib/python3.6/site-packages/airflow/example_dags/example_trigger_controller_dag.py took 0.511 seconds
[2022-05-21 14:55:15,274] {scheduler_job.py:182} INFO - Started process (PID=1845) to work on /home/airflow/.local/lib/python3.6/site-packages/airflow/example_dags/example_trigger_controller_dag.py
[2022-05-21 14:55:15,286] {scheduler_job.py:633} INFO - Processing file /home/airflow/.local/lib/python3.6/site-packages/airflow/example_dags/example_trigger_controller_dag.py for tasks to queue
[2022-05-21 14:55:15,293] {logging_mixin.py:104} INFO - [2022-05-21 14:55:15,291] {dagbag.py:487} INFO - Filling up the DagBag from /home/airflow/.local/lib/python3.6/site-packages/airflow/example_dags/example_trigger_controller_dag.py
[2022-05-21 14:55:15,364] {scheduler_job.py:643} INFO - DAG(s) dict_keys(['example_trigger_controller_dag']) retrieved from /home/airflow/.local/lib/python3.6/site-packages/airflow/example_dags/example_trigger_controller_dag.py
[2022-05-21 14:55:15,483] {logging_mixin.py:104} INFO - [2022-05-21 14:55:15,482] {dag.py:1832} INFO - Sync 1 DAGs
[2022-05-21 14:55:15,557] {logging_mixin.py:104} INFO - [2022-05-21 14:55:15,556] {dag.py:2305} INFO - Setting next_dagrun for example_trigger_controller_dag to 2022-05-19 00:00:00+00:00
[2022-05-21 14:55:15,611] {scheduler_job.py:190} INFO - Processing /home/airflow/.local/lib/python3.6/site-packages/airflow/example_dags/example_trigger_controller_dag.py took 0.354 seconds
