[2022-05-21 14:45:36,426] {scheduler_job.py:182} INFO - Started process (PID=496) to work on /home/airflow/.local/lib/python3.6/site-packages/airflow/example_dags/example_task_group.py
[2022-05-21 14:45:36,436] {scheduler_job.py:633} INFO - Processing file /home/airflow/.local/lib/python3.6/site-packages/airflow/example_dags/example_task_group.py for tasks to queue
[2022-05-21 14:45:36,442] {logging_mixin.py:104} INFO - [2022-05-21 14:45:36,440] {dagbag.py:487} INFO - Filling up the DagBag from /home/airflow/.local/lib/python3.6/site-packages/airflow/example_dags/example_task_group.py
[2022-05-21 14:45:36,513] {scheduler_job.py:643} INFO - DAG(s) dict_keys(['example_task_group']) retrieved from /home/airflow/.local/lib/python3.6/site-packages/airflow/example_dags/example_task_group.py
[2022-05-21 14:45:48,093] {logging_mixin.py:104} INFO - [2022-05-21 14:45:48,086] {dag.py:1832} INFO - Sync 1 DAGs
[2022-05-21 14:45:48,146] {logging_mixin.py:104} INFO - [2022-05-21 14:45:48,139] {dag.py:1851} INFO - Creating ORM DAG for example_task_group
[2022-05-21 14:45:48,165] {logging_mixin.py:104} INFO - [2022-05-21 14:45:48,164] {dag.py:2305} INFO - Setting next_dagrun for example_task_group to 2022-05-19 00:00:00+00:00
[2022-05-21 14:45:48,203] {scheduler_job.py:190} INFO - Processing /home/airflow/.local/lib/python3.6/site-packages/airflow/example_dags/example_task_group.py took 11.787 seconds
[2022-05-21 14:47:28,586] {scheduler_job.py:182} INFO - Started process (PID=713) to work on /home/airflow/.local/lib/python3.6/site-packages/airflow/example_dags/example_task_group.py
[2022-05-21 14:47:28,592] {scheduler_job.py:633} INFO - Processing file /home/airflow/.local/lib/python3.6/site-packages/airflow/example_dags/example_task_group.py for tasks to queue
[2022-05-21 14:47:28,596] {logging_mixin.py:104} INFO - [2022-05-21 14:47:28,595] {dagbag.py:487} INFO - Filling up the DagBag from /home/airflow/.local/lib/python3.6/site-packages/airflow/example_dags/example_task_group.py
[2022-05-21 14:47:28,658] {scheduler_job.py:643} INFO - DAG(s) dict_keys(['example_task_group']) retrieved from /home/airflow/.local/lib/python3.6/site-packages/airflow/example_dags/example_task_group.py
[2022-05-21 14:47:28,726] {logging_mixin.py:104} INFO - [2022-05-21 14:47:28,725] {dag.py:1832} INFO - Sync 1 DAGs
[2022-05-21 14:47:28,770] {logging_mixin.py:104} INFO - [2022-05-21 14:47:28,769] {dag.py:2305} INFO - Setting next_dagrun for example_task_group to 2022-05-19 00:00:00+00:00
[2022-05-21 14:47:28,802] {scheduler_job.py:190} INFO - Processing /home/airflow/.local/lib/python3.6/site-packages/airflow/example_dags/example_task_group.py took 0.223 seconds
[2022-05-21 14:47:58,894] {scheduler_job.py:182} INFO - Started process (PID=798) to work on /home/airflow/.local/lib/python3.6/site-packages/airflow/example_dags/example_task_group.py
[2022-05-21 14:47:58,898] {scheduler_job.py:633} INFO - Processing file /home/airflow/.local/lib/python3.6/site-packages/airflow/example_dags/example_task_group.py for tasks to queue
[2022-05-21 14:47:58,900] {logging_mixin.py:104} INFO - [2022-05-21 14:47:58,900] {dagbag.py:487} INFO - Filling up the DagBag from /home/airflow/.local/lib/python3.6/site-packages/airflow/example_dags/example_task_group.py
[2022-05-21 14:47:58,945] {scheduler_job.py:643} INFO - DAG(s) dict_keys(['example_task_group']) retrieved from /home/airflow/.local/lib/python3.6/site-packages/airflow/example_dags/example_task_group.py
[2022-05-21 14:47:58,996] {logging_mixin.py:104} INFO - [2022-05-21 14:47:58,996] {dag.py:1832} INFO - Sync 1 DAGs
[2022-05-21 14:47:59,026] {logging_mixin.py:104} INFO - [2022-05-21 14:47:59,025] {dag.py:2305} INFO - Setting next_dagrun for example_task_group to 2022-05-19 00:00:00+00:00
[2022-05-21 14:47:59,048] {scheduler_job.py:190} INFO - Processing /home/airflow/.local/lib/python3.6/site-packages/airflow/example_dags/example_task_group.py took 0.160 seconds
[2022-05-21 14:48:29,981] {scheduler_job.py:182} INFO - Started process (PID=910) to work on /home/airflow/.local/lib/python3.6/site-packages/airflow/example_dags/example_task_group.py
[2022-05-21 14:48:29,998] {scheduler_job.py:633} INFO - Processing file /home/airflow/.local/lib/python3.6/site-packages/airflow/example_dags/example_task_group.py for tasks to queue
[2022-05-21 14:48:30,002] {logging_mixin.py:104} INFO - [2022-05-21 14:48:30,001] {dagbag.py:487} INFO - Filling up the DagBag from /home/airflow/.local/lib/python3.6/site-packages/airflow/example_dags/example_task_group.py
[2022-05-21 14:48:30,108] {scheduler_job.py:643} INFO - DAG(s) dict_keys(['example_task_group']) retrieved from /home/airflow/.local/lib/python3.6/site-packages/airflow/example_dags/example_task_group.py
[2022-05-21 14:48:30,170] {logging_mixin.py:104} INFO - [2022-05-21 14:48:30,169] {dag.py:1832} INFO - Sync 1 DAGs
[2022-05-21 14:48:30,209] {logging_mixin.py:104} INFO - [2022-05-21 14:48:30,208] {dag.py:2305} INFO - Setting next_dagrun for example_task_group to 2022-05-19 00:00:00+00:00
[2022-05-21 14:48:30,239] {scheduler_job.py:190} INFO - Processing /home/airflow/.local/lib/python3.6/site-packages/airflow/example_dags/example_task_group.py took 0.266 seconds
[2022-05-21 14:49:00,517] {scheduler_job.py:182} INFO - Started process (PID=996) to work on /home/airflow/.local/lib/python3.6/site-packages/airflow/example_dags/example_task_group.py
[2022-05-21 14:49:00,521] {scheduler_job.py:633} INFO - Processing file /home/airflow/.local/lib/python3.6/site-packages/airflow/example_dags/example_task_group.py for tasks to queue
[2022-05-21 14:49:00,523] {logging_mixin.py:104} INFO - [2022-05-21 14:49:00,523] {dagbag.py:487} INFO - Filling up the DagBag from /home/airflow/.local/lib/python3.6/site-packages/airflow/example_dags/example_task_group.py
[2022-05-21 14:49:00,567] {scheduler_job.py:643} INFO - DAG(s) dict_keys(['example_task_group']) retrieved from /home/airflow/.local/lib/python3.6/site-packages/airflow/example_dags/example_task_group.py
[2022-05-21 14:49:00,616] {logging_mixin.py:104} INFO - [2022-05-21 14:49:00,616] {dag.py:1832} INFO - Sync 1 DAGs
[2022-05-21 14:49:00,646] {logging_mixin.py:104} INFO - [2022-05-21 14:49:00,646] {dag.py:2305} INFO - Setting next_dagrun for example_task_group to 2022-05-19 00:00:00+00:00
[2022-05-21 14:49:00,668] {scheduler_job.py:190} INFO - Processing /home/airflow/.local/lib/python3.6/site-packages/airflow/example_dags/example_task_group.py took 0.158 seconds
[2022-05-21 14:49:31,789] {scheduler_job.py:182} INFO - Started process (PID=1106) to work on /home/airflow/.local/lib/python3.6/site-packages/airflow/example_dags/example_task_group.py
[2022-05-21 14:49:31,794] {scheduler_job.py:633} INFO - Processing file /home/airflow/.local/lib/python3.6/site-packages/airflow/example_dags/example_task_group.py for tasks to queue
[2022-05-21 14:49:31,796] {logging_mixin.py:104} INFO - [2022-05-21 14:49:31,796] {dagbag.py:487} INFO - Filling up the DagBag from /home/airflow/.local/lib/python3.6/site-packages/airflow/example_dags/example_task_group.py
[2022-05-21 14:49:31,850] {scheduler_job.py:643} INFO - DAG(s) dict_keys(['example_task_group']) retrieved from /home/airflow/.local/lib/python3.6/site-packages/airflow/example_dags/example_task_group.py
[2022-05-21 14:49:31,911] {logging_mixin.py:104} INFO - [2022-05-21 14:49:31,910] {dag.py:1832} INFO - Sync 1 DAGs
[2022-05-21 14:49:31,952] {logging_mixin.py:104} INFO - [2022-05-21 14:49:31,951] {dag.py:2305} INFO - Setting next_dagrun for example_task_group to 2022-05-19 00:00:00+00:00
[2022-05-21 14:49:31,980] {scheduler_job.py:190} INFO - Processing /home/airflow/.local/lib/python3.6/site-packages/airflow/example_dags/example_task_group.py took 0.197 seconds
[2022-05-21 14:50:02,858] {scheduler_job.py:182} INFO - Started process (PID=1208) to work on /home/airflow/.local/lib/python3.6/site-packages/airflow/example_dags/example_task_group.py
[2022-05-21 14:50:02,871] {scheduler_job.py:633} INFO - Processing file /home/airflow/.local/lib/python3.6/site-packages/airflow/example_dags/example_task_group.py for tasks to queue
[2022-05-21 14:50:02,874] {logging_mixin.py:104} INFO - [2022-05-21 14:50:02,873] {dagbag.py:487} INFO - Filling up the DagBag from /home/airflow/.local/lib/python3.6/site-packages/airflow/example_dags/example_task_group.py
[2022-05-21 14:50:02,927] {scheduler_job.py:643} INFO - DAG(s) dict_keys(['example_task_group']) retrieved from /home/airflow/.local/lib/python3.6/site-packages/airflow/example_dags/example_task_group.py
[2022-05-21 14:50:02,987] {logging_mixin.py:104} INFO - [2022-05-21 14:50:02,986] {dag.py:1832} INFO - Sync 1 DAGs
[2022-05-21 14:50:03,026] {logging_mixin.py:104} INFO - [2022-05-21 14:50:03,025] {dag.py:2305} INFO - Setting next_dagrun for example_task_group to 2022-05-19 00:00:00+00:00
[2022-05-21 14:50:03,059] {scheduler_job.py:190} INFO - Processing /home/airflow/.local/lib/python3.6/site-packages/airflow/example_dags/example_task_group.py took 0.207 seconds
[2022-05-21 14:50:33,380] {scheduler_job.py:182} INFO - Started process (PID=1300) to work on /home/airflow/.local/lib/python3.6/site-packages/airflow/example_dags/example_task_group.py
[2022-05-21 14:50:33,383] {scheduler_job.py:633} INFO - Processing file /home/airflow/.local/lib/python3.6/site-packages/airflow/example_dags/example_task_group.py for tasks to queue
[2022-05-21 14:50:33,386] {logging_mixin.py:104} INFO - [2022-05-21 14:50:33,386] {dagbag.py:487} INFO - Filling up the DagBag from /home/airflow/.local/lib/python3.6/site-packages/airflow/example_dags/example_task_group.py
[2022-05-21 14:50:33,439] {scheduler_job.py:643} INFO - DAG(s) dict_keys(['example_task_group']) retrieved from /home/airflow/.local/lib/python3.6/site-packages/airflow/example_dags/example_task_group.py
[2022-05-21 14:50:33,494] {logging_mixin.py:104} INFO - [2022-05-21 14:50:33,494] {dag.py:1832} INFO - Sync 1 DAGs
[2022-05-21 14:50:33,530] {logging_mixin.py:104} INFO - [2022-05-21 14:50:33,530] {dag.py:2305} INFO - Setting next_dagrun for example_task_group to 2022-05-19 00:00:00+00:00
[2022-05-21 14:50:33,558] {scheduler_job.py:190} INFO - Processing /home/airflow/.local/lib/python3.6/site-packages/airflow/example_dags/example_task_group.py took 0.184 seconds
[2022-05-21 14:51:03,851] {scheduler_job.py:182} INFO - Started process (PID=1401) to work on /home/airflow/.local/lib/python3.6/site-packages/airflow/example_dags/example_task_group.py
[2022-05-21 14:51:03,855] {scheduler_job.py:633} INFO - Processing file /home/airflow/.local/lib/python3.6/site-packages/airflow/example_dags/example_task_group.py for tasks to queue
[2022-05-21 14:51:03,858] {logging_mixin.py:104} INFO - [2022-05-21 14:51:03,858] {dagbag.py:487} INFO - Filling up the DagBag from /home/airflow/.local/lib/python3.6/site-packages/airflow/example_dags/example_task_group.py
[2022-05-21 14:51:03,911] {scheduler_job.py:643} INFO - DAG(s) dict_keys(['example_task_group']) retrieved from /home/airflow/.local/lib/python3.6/site-packages/airflow/example_dags/example_task_group.py
[2022-05-21 14:51:03,968] {logging_mixin.py:104} INFO - [2022-05-21 14:51:03,968] {dag.py:1832} INFO - Sync 1 DAGs
[2022-05-21 14:51:04,006] {logging_mixin.py:104} INFO - [2022-05-21 14:51:04,006] {dag.py:2305} INFO - Setting next_dagrun for example_task_group to 2022-05-19 00:00:00+00:00
[2022-05-21 14:51:04,034] {scheduler_job.py:190} INFO - Processing /home/airflow/.local/lib/python3.6/site-packages/airflow/example_dags/example_task_group.py took 0.190 seconds
[2022-05-21 14:51:34,301] {scheduler_job.py:182} INFO - Started process (PID=1492) to work on /home/airflow/.local/lib/python3.6/site-packages/airflow/example_dags/example_task_group.py
[2022-05-21 14:51:34,306] {scheduler_job.py:633} INFO - Processing file /home/airflow/.local/lib/python3.6/site-packages/airflow/example_dags/example_task_group.py for tasks to queue
[2022-05-21 14:51:34,309] {logging_mixin.py:104} INFO - [2022-05-21 14:51:34,308] {dagbag.py:487} INFO - Filling up the DagBag from /home/airflow/.local/lib/python3.6/site-packages/airflow/example_dags/example_task_group.py
[2022-05-21 14:51:34,358] {scheduler_job.py:643} INFO - DAG(s) dict_keys(['example_task_group']) retrieved from /home/airflow/.local/lib/python3.6/site-packages/airflow/example_dags/example_task_group.py
[2022-05-21 14:51:34,415] {logging_mixin.py:104} INFO - [2022-05-21 14:51:34,414] {dag.py:1832} INFO - Sync 1 DAGs
[2022-05-21 14:51:34,450] {logging_mixin.py:104} INFO - [2022-05-21 14:51:34,450] {dag.py:2305} INFO - Setting next_dagrun for example_task_group to 2022-05-19 00:00:00+00:00
[2022-05-21 14:51:34,476] {scheduler_job.py:190} INFO - Processing /home/airflow/.local/lib/python3.6/site-packages/airflow/example_dags/example_task_group.py took 0.181 seconds
[2022-05-21 14:52:04,671] {scheduler_job.py:182} INFO - Started process (PID=1594) to work on /home/airflow/.local/lib/python3.6/site-packages/airflow/example_dags/example_task_group.py
[2022-05-21 14:52:04,675] {scheduler_job.py:633} INFO - Processing file /home/airflow/.local/lib/python3.6/site-packages/airflow/example_dags/example_task_group.py for tasks to queue
[2022-05-21 14:52:04,678] {logging_mixin.py:104} INFO - [2022-05-21 14:52:04,678] {dagbag.py:487} INFO - Filling up the DagBag from /home/airflow/.local/lib/python3.6/site-packages/airflow/example_dags/example_task_group.py
[2022-05-21 14:52:04,730] {scheduler_job.py:643} INFO - DAG(s) dict_keys(['example_task_group']) retrieved from /home/airflow/.local/lib/python3.6/site-packages/airflow/example_dags/example_task_group.py
[2022-05-21 14:52:04,803] {logging_mixin.py:104} INFO - [2022-05-21 14:52:04,802] {dag.py:1832} INFO - Sync 1 DAGs
[2022-05-21 14:52:04,840] {logging_mixin.py:104} INFO - [2022-05-21 14:52:04,839] {dag.py:2305} INFO - Setting next_dagrun for example_task_group to 2022-05-19 00:00:00+00:00
[2022-05-21 14:52:04,866] {scheduler_job.py:190} INFO - Processing /home/airflow/.local/lib/python3.6/site-packages/airflow/example_dags/example_task_group.py took 0.201 seconds
[2022-05-21 14:54:36,361] {scheduler_job.py:182} INFO - Started process (PID=1706) to work on /home/airflow/.local/lib/python3.6/site-packages/airflow/example_dags/example_task_group.py
[2022-05-21 14:54:36,369] {scheduler_job.py:633} INFO - Processing file /home/airflow/.local/lib/python3.6/site-packages/airflow/example_dags/example_task_group.py for tasks to queue
[2022-05-21 14:54:36,377] {logging_mixin.py:104} INFO - [2022-05-21 14:54:36,373] {dagbag.py:487} INFO - Filling up the DagBag from /home/airflow/.local/lib/python3.6/site-packages/airflow/example_dags/example_task_group.py
[2022-05-21 14:54:36,434] {scheduler_job.py:643} INFO - DAG(s) dict_keys(['example_task_group']) retrieved from /home/airflow/.local/lib/python3.6/site-packages/airflow/example_dags/example_task_group.py
[2022-05-21 14:54:36,526] {logging_mixin.py:104} INFO - [2022-05-21 14:54:36,525] {dag.py:1832} INFO - Sync 1 DAGs
[2022-05-21 14:54:36,598] {logging_mixin.py:104} INFO - [2022-05-21 14:54:36,597] {dag.py:2305} INFO - Setting next_dagrun for example_task_group to 2022-05-19 00:00:00+00:00
[2022-05-21 14:54:36,649] {scheduler_job.py:190} INFO - Processing /home/airflow/.local/lib/python3.6/site-packages/airflow/example_dags/example_task_group.py took 0.311 seconds
[2022-05-21 14:55:07,191] {scheduler_job.py:182} INFO - Started process (PID=1812) to work on /home/airflow/.local/lib/python3.6/site-packages/airflow/example_dags/example_task_group.py
[2022-05-21 14:55:07,201] {scheduler_job.py:633} INFO - Processing file /home/airflow/.local/lib/python3.6/site-packages/airflow/example_dags/example_task_group.py for tasks to queue
[2022-05-21 14:55:07,206] {logging_mixin.py:104} INFO - [2022-05-21 14:55:07,206] {dagbag.py:487} INFO - Filling up the DagBag from /home/airflow/.local/lib/python3.6/site-packages/airflow/example_dags/example_task_group.py
[2022-05-21 14:55:07,372] {scheduler_job.py:643} INFO - DAG(s) dict_keys(['example_task_group']) retrieved from /home/airflow/.local/lib/python3.6/site-packages/airflow/example_dags/example_task_group.py
[2022-05-21 14:55:07,570] {logging_mixin.py:104} INFO - [2022-05-21 14:55:07,569] {dag.py:1832} INFO - Sync 1 DAGs
[2022-05-21 14:55:07,699] {logging_mixin.py:104} INFO - [2022-05-21 14:55:07,698] {dag.py:2305} INFO - Setting next_dagrun for example_task_group to 2022-05-19 00:00:00+00:00
[2022-05-21 14:55:07,765] {scheduler_job.py:190} INFO - Processing /home/airflow/.local/lib/python3.6/site-packages/airflow/example_dags/example_task_group.py took 0.582 seconds
