[2022-05-21 14:45:23,522] {scheduler_job.py:182} INFO - Started process (PID=484) to work on /home/airflow/.local/lib/python3.6/site-packages/airflow/example_dags/example_kubernetes_executor.py
[2022-05-21 14:45:23,527] {scheduler_job.py:633} INFO - Processing file /home/airflow/.local/lib/python3.6/site-packages/airflow/example_dags/example_kubernetes_executor.py for tasks to queue
[2022-05-21 14:45:23,531] {logging_mixin.py:104} INFO - [2022-05-21 14:45:23,530] {dagbag.py:487} INFO - Filling up the DagBag from /home/airflow/.local/lib/python3.6/site-packages/airflow/example_dags/example_kubernetes_executor.py
[2022-05-21 14:45:23,587] {scheduler_job.py:643} INFO - DAG(s) dict_keys(['example_kubernetes_executor']) retrieved from /home/airflow/.local/lib/python3.6/site-packages/airflow/example_dags/example_kubernetes_executor.py
[2022-05-21 14:45:36,255] {logging_mixin.py:104} INFO - [2022-05-21 14:45:36,248] {dag.py:1832} INFO - Sync 1 DAGs
[2022-05-21 14:45:36,304] {logging_mixin.py:104} INFO - [2022-05-21 14:45:36,298] {dag.py:1851} INFO - Creating ORM DAG for example_kubernetes_executor
[2022-05-21 14:45:36,320] {logging_mixin.py:104} INFO - [2022-05-21 14:45:36,320] {dag.py:2305} INFO - Setting next_dagrun for example_kubernetes_executor to None
[2022-05-21 14:45:36,359] {scheduler_job.py:190} INFO - Processing /home/airflow/.local/lib/python3.6/site-packages/airflow/example_dags/example_kubernetes_executor.py took 12.845 seconds
[2022-05-21 14:47:28,081] {scheduler_job.py:182} INFO - Started process (PID=709) to work on /home/airflow/.local/lib/python3.6/site-packages/airflow/example_dags/example_kubernetes_executor.py
[2022-05-21 14:47:28,088] {scheduler_job.py:633} INFO - Processing file /home/airflow/.local/lib/python3.6/site-packages/airflow/example_dags/example_kubernetes_executor.py for tasks to queue
[2022-05-21 14:47:28,092] {logging_mixin.py:104} INFO - [2022-05-21 14:47:28,091] {dagbag.py:487} INFO - Filling up the DagBag from /home/airflow/.local/lib/python3.6/site-packages/airflow/example_dags/example_kubernetes_executor.py
[2022-05-21 14:47:28,147] {scheduler_job.py:643} INFO - DAG(s) dict_keys(['example_kubernetes_executor']) retrieved from /home/airflow/.local/lib/python3.6/site-packages/airflow/example_dags/example_kubernetes_executor.py
[2022-05-21 14:47:28,216] {logging_mixin.py:104} INFO - [2022-05-21 14:47:28,215] {dag.py:1832} INFO - Sync 1 DAGs
[2022-05-21 14:47:28,261] {logging_mixin.py:104} INFO - [2022-05-21 14:47:28,260] {dag.py:2305} INFO - Setting next_dagrun for example_kubernetes_executor to None
[2022-05-21 14:47:28,295] {scheduler_job.py:190} INFO - Processing /home/airflow/.local/lib/python3.6/site-packages/airflow/example_dags/example_kubernetes_executor.py took 0.222 seconds
[2022-05-21 14:47:58,644] {scheduler_job.py:182} INFO - Started process (PID=794) to work on /home/airflow/.local/lib/python3.6/site-packages/airflow/example_dags/example_kubernetes_executor.py
[2022-05-21 14:47:58,648] {scheduler_job.py:633} INFO - Processing file /home/airflow/.local/lib/python3.6/site-packages/airflow/example_dags/example_kubernetes_executor.py for tasks to queue
[2022-05-21 14:47:58,650] {logging_mixin.py:104} INFO - [2022-05-21 14:47:58,650] {dagbag.py:487} INFO - Filling up the DagBag from /home/airflow/.local/lib/python3.6/site-packages/airflow/example_dags/example_kubernetes_executor.py
[2022-05-21 14:47:58,689] {scheduler_job.py:643} INFO - DAG(s) dict_keys(['example_kubernetes_executor']) retrieved from /home/airflow/.local/lib/python3.6/site-packages/airflow/example_dags/example_kubernetes_executor.py
[2022-05-21 14:47:58,747] {logging_mixin.py:104} INFO - [2022-05-21 14:47:58,746] {dag.py:1832} INFO - Sync 1 DAGs
[2022-05-21 14:47:58,781] {logging_mixin.py:104} INFO - [2022-05-21 14:47:58,781] {dag.py:2305} INFO - Setting next_dagrun for example_kubernetes_executor to None
[2022-05-21 14:47:58,806] {scheduler_job.py:190} INFO - Processing /home/airflow/.local/lib/python3.6/site-packages/airflow/example_dags/example_kubernetes_executor.py took 0.168 seconds
[2022-05-21 14:48:29,416] {scheduler_job.py:182} INFO - Started process (PID=903) to work on /home/airflow/.local/lib/python3.6/site-packages/airflow/example_dags/example_kubernetes_executor.py
[2022-05-21 14:48:29,423] {scheduler_job.py:633} INFO - Processing file /home/airflow/.local/lib/python3.6/site-packages/airflow/example_dags/example_kubernetes_executor.py for tasks to queue
[2022-05-21 14:48:29,427] {logging_mixin.py:104} INFO - [2022-05-21 14:48:29,426] {dagbag.py:487} INFO - Filling up the DagBag from /home/airflow/.local/lib/python3.6/site-packages/airflow/example_dags/example_kubernetes_executor.py
[2022-05-21 14:48:29,477] {scheduler_job.py:643} INFO - DAG(s) dict_keys(['example_kubernetes_executor']) retrieved from /home/airflow/.local/lib/python3.6/site-packages/airflow/example_dags/example_kubernetes_executor.py
[2022-05-21 14:48:29,537] {logging_mixin.py:104} INFO - [2022-05-21 14:48:29,536] {dag.py:1832} INFO - Sync 1 DAGs
[2022-05-21 14:48:29,577] {logging_mixin.py:104} INFO - [2022-05-21 14:48:29,576] {dag.py:2305} INFO - Setting next_dagrun for example_kubernetes_executor to None
[2022-05-21 14:48:29,615] {scheduler_job.py:190} INFO - Processing /home/airflow/.local/lib/python3.6/site-packages/airflow/example_dags/example_kubernetes_executor.py took 0.206 seconds
[2022-05-21 14:49:00,046] {scheduler_job.py:182} INFO - Started process (PID=990) to work on /home/airflow/.local/lib/python3.6/site-packages/airflow/example_dags/example_kubernetes_executor.py
[2022-05-21 14:49:00,050] {scheduler_job.py:633} INFO - Processing file /home/airflow/.local/lib/python3.6/site-packages/airflow/example_dags/example_kubernetes_executor.py for tasks to queue
[2022-05-21 14:49:00,053] {logging_mixin.py:104} INFO - [2022-05-21 14:49:00,052] {dagbag.py:487} INFO - Filling up the DagBag from /home/airflow/.local/lib/python3.6/site-packages/airflow/example_dags/example_kubernetes_executor.py
[2022-05-21 14:49:00,091] {scheduler_job.py:643} INFO - DAG(s) dict_keys(['example_kubernetes_executor']) retrieved from /home/airflow/.local/lib/python3.6/site-packages/airflow/example_dags/example_kubernetes_executor.py
[2022-05-21 14:49:00,143] {logging_mixin.py:104} INFO - [2022-05-21 14:49:00,142] {dag.py:1832} INFO - Sync 1 DAGs
[2022-05-21 14:49:00,182] {logging_mixin.py:104} INFO - [2022-05-21 14:49:00,181] {dag.py:2305} INFO - Setting next_dagrun for example_kubernetes_executor to None
[2022-05-21 14:49:00,212] {scheduler_job.py:190} INFO - Processing /home/airflow/.local/lib/python3.6/site-packages/airflow/example_dags/example_kubernetes_executor.py took 0.172 seconds
[2022-05-21 14:49:31,313] {scheduler_job.py:182} INFO - Started process (PID=1102) to work on /home/airflow/.local/lib/python3.6/site-packages/airflow/example_dags/example_kubernetes_executor.py
[2022-05-21 14:49:31,319] {scheduler_job.py:633} INFO - Processing file /home/airflow/.local/lib/python3.6/site-packages/airflow/example_dags/example_kubernetes_executor.py for tasks to queue
[2022-05-21 14:49:31,326] {logging_mixin.py:104} INFO - [2022-05-21 14:49:31,322] {dagbag.py:487} INFO - Filling up the DagBag from /home/airflow/.local/lib/python3.6/site-packages/airflow/example_dags/example_kubernetes_executor.py
[2022-05-21 14:49:31,392] {scheduler_job.py:643} INFO - DAG(s) dict_keys(['example_kubernetes_executor']) retrieved from /home/airflow/.local/lib/python3.6/site-packages/airflow/example_dags/example_kubernetes_executor.py
[2022-05-21 14:49:31,454] {logging_mixin.py:104} INFO - [2022-05-21 14:49:31,453] {dag.py:1832} INFO - Sync 1 DAGs
[2022-05-21 14:49:31,493] {logging_mixin.py:104} INFO - [2022-05-21 14:49:31,493] {dag.py:2305} INFO - Setting next_dagrun for example_kubernetes_executor to None
[2022-05-21 14:49:31,527] {scheduler_job.py:190} INFO - Processing /home/airflow/.local/lib/python3.6/site-packages/airflow/example_dags/example_kubernetes_executor.py took 0.226 seconds
[2022-05-21 14:50:01,842] {scheduler_job.py:182} INFO - Started process (PID=1196) to work on /home/airflow/.local/lib/python3.6/site-packages/airflow/example_dags/example_kubernetes_executor.py
[2022-05-21 14:50:01,847] {scheduler_job.py:633} INFO - Processing file /home/airflow/.local/lib/python3.6/site-packages/airflow/example_dags/example_kubernetes_executor.py for tasks to queue
[2022-05-21 14:50:01,852] {logging_mixin.py:104} INFO - [2022-05-21 14:50:01,851] {dagbag.py:487} INFO - Filling up the DagBag from /home/airflow/.local/lib/python3.6/site-packages/airflow/example_dags/example_kubernetes_executor.py
[2022-05-21 14:50:01,898] {scheduler_job.py:643} INFO - DAG(s) dict_keys(['example_kubernetes_executor']) retrieved from /home/airflow/.local/lib/python3.6/site-packages/airflow/example_dags/example_kubernetes_executor.py
[2022-05-21 14:50:01,953] {logging_mixin.py:104} INFO - [2022-05-21 14:50:01,953] {dag.py:1832} INFO - Sync 1 DAGs
[2022-05-21 14:50:01,990] {logging_mixin.py:104} INFO - [2022-05-21 14:50:01,990] {dag.py:2305} INFO - Setting next_dagrun for example_kubernetes_executor to None
[2022-05-21 14:50:02,022] {scheduler_job.py:190} INFO - Processing /home/airflow/.local/lib/python3.6/site-packages/airflow/example_dags/example_kubernetes_executor.py took 0.189 seconds
[2022-05-21 14:50:32,343] {scheduler_job.py:182} INFO - Started process (PID=1294) to work on /home/airflow/.local/lib/python3.6/site-packages/airflow/example_dags/example_kubernetes_executor.py
[2022-05-21 14:50:32,347] {scheduler_job.py:633} INFO - Processing file /home/airflow/.local/lib/python3.6/site-packages/airflow/example_dags/example_kubernetes_executor.py for tasks to queue
[2022-05-21 14:50:32,350] {logging_mixin.py:104} INFO - [2022-05-21 14:50:32,349] {dagbag.py:487} INFO - Filling up the DagBag from /home/airflow/.local/lib/python3.6/site-packages/airflow/example_dags/example_kubernetes_executor.py
[2022-05-21 14:50:32,393] {scheduler_job.py:643} INFO - DAG(s) dict_keys(['example_kubernetes_executor']) retrieved from /home/airflow/.local/lib/python3.6/site-packages/airflow/example_dags/example_kubernetes_executor.py
[2022-05-21 14:50:32,449] {logging_mixin.py:104} INFO - [2022-05-21 14:50:32,448] {dag.py:1832} INFO - Sync 1 DAGs
[2022-05-21 14:50:32,485] {logging_mixin.py:104} INFO - [2022-05-21 14:50:32,484] {dag.py:2305} INFO - Setting next_dagrun for example_kubernetes_executor to None
[2022-05-21 14:50:32,510] {scheduler_job.py:190} INFO - Processing /home/airflow/.local/lib/python3.6/site-packages/airflow/example_dags/example_kubernetes_executor.py took 0.175 seconds
[2022-05-21 14:51:02,617] {scheduler_job.py:182} INFO - Started process (PID=1391) to work on /home/airflow/.local/lib/python3.6/site-packages/airflow/example_dags/example_kubernetes_executor.py
[2022-05-21 14:51:02,626] {scheduler_job.py:633} INFO - Processing file /home/airflow/.local/lib/python3.6/site-packages/airflow/example_dags/example_kubernetes_executor.py for tasks to queue
[2022-05-21 14:51:02,629] {logging_mixin.py:104} INFO - [2022-05-21 14:51:02,629] {dagbag.py:487} INFO - Filling up the DagBag from /home/airflow/.local/lib/python3.6/site-packages/airflow/example_dags/example_kubernetes_executor.py
[2022-05-21 14:51:02,677] {scheduler_job.py:643} INFO - DAG(s) dict_keys(['example_kubernetes_executor']) retrieved from /home/airflow/.local/lib/python3.6/site-packages/airflow/example_dags/example_kubernetes_executor.py
[2022-05-21 14:51:02,733] {logging_mixin.py:104} INFO - [2022-05-21 14:51:02,733] {dag.py:1832} INFO - Sync 1 DAGs
[2022-05-21 14:51:02,772] {logging_mixin.py:104} INFO - [2022-05-21 14:51:02,772] {dag.py:2305} INFO - Setting next_dagrun for example_kubernetes_executor to None
[2022-05-21 14:51:02,803] {scheduler_job.py:190} INFO - Processing /home/airflow/.local/lib/python3.6/site-packages/airflow/example_dags/example_kubernetes_executor.py took 0.194 seconds
[2022-05-21 14:51:33,078] {scheduler_job.py:182} INFO - Started process (PID=1488) to work on /home/airflow/.local/lib/python3.6/site-packages/airflow/example_dags/example_kubernetes_executor.py
[2022-05-21 14:51:33,083] {scheduler_job.py:633} INFO - Processing file /home/airflow/.local/lib/python3.6/site-packages/airflow/example_dags/example_kubernetes_executor.py for tasks to queue
[2022-05-21 14:51:33,086] {logging_mixin.py:104} INFO - [2022-05-21 14:51:33,086] {dagbag.py:487} INFO - Filling up the DagBag from /home/airflow/.local/lib/python3.6/site-packages/airflow/example_dags/example_kubernetes_executor.py
[2022-05-21 14:51:33,128] {scheduler_job.py:643} INFO - DAG(s) dict_keys(['example_kubernetes_executor']) retrieved from /home/airflow/.local/lib/python3.6/site-packages/airflow/example_dags/example_kubernetes_executor.py
[2022-05-21 14:51:33,185] {logging_mixin.py:104} INFO - [2022-05-21 14:51:33,185] {dag.py:1832} INFO - Sync 1 DAGs
[2022-05-21 14:51:33,223] {logging_mixin.py:104} INFO - [2022-05-21 14:51:33,223] {dag.py:2305} INFO - Setting next_dagrun for example_kubernetes_executor to None
[2022-05-21 14:51:33,256] {scheduler_job.py:190} INFO - Processing /home/airflow/.local/lib/python3.6/site-packages/airflow/example_dags/example_kubernetes_executor.py took 0.185 seconds
[2022-05-21 14:52:03,445] {scheduler_job.py:182} INFO - Started process (PID=1590) to work on /home/airflow/.local/lib/python3.6/site-packages/airflow/example_dags/example_kubernetes_executor.py
[2022-05-21 14:52:03,451] {scheduler_job.py:633} INFO - Processing file /home/airflow/.local/lib/python3.6/site-packages/airflow/example_dags/example_kubernetes_executor.py for tasks to queue
[2022-05-21 14:52:03,453] {logging_mixin.py:104} INFO - [2022-05-21 14:52:03,453] {dagbag.py:487} INFO - Filling up the DagBag from /home/airflow/.local/lib/python3.6/site-packages/airflow/example_dags/example_kubernetes_executor.py
[2022-05-21 14:52:03,499] {scheduler_job.py:643} INFO - DAG(s) dict_keys(['example_kubernetes_executor']) retrieved from /home/airflow/.local/lib/python3.6/site-packages/airflow/example_dags/example_kubernetes_executor.py
[2022-05-21 14:52:03,559] {logging_mixin.py:104} INFO - [2022-05-21 14:52:03,559] {dag.py:1832} INFO - Sync 1 DAGs
[2022-05-21 14:52:03,598] {logging_mixin.py:104} INFO - [2022-05-21 14:52:03,598] {dag.py:2305} INFO - Setting next_dagrun for example_kubernetes_executor to None
[2022-05-21 14:52:03,628] {scheduler_job.py:190} INFO - Processing /home/airflow/.local/lib/python3.6/site-packages/airflow/example_dags/example_kubernetes_executor.py took 0.190 seconds
[2022-05-21 14:54:35,734] {scheduler_job.py:182} INFO - Started process (PID=1702) to work on /home/airflow/.local/lib/python3.6/site-packages/airflow/example_dags/example_kubernetes_executor.py
[2022-05-21 14:54:35,740] {scheduler_job.py:633} INFO - Processing file /home/airflow/.local/lib/python3.6/site-packages/airflow/example_dags/example_kubernetes_executor.py for tasks to queue
[2022-05-21 14:54:35,746] {logging_mixin.py:104} INFO - [2022-05-21 14:54:35,746] {dagbag.py:487} INFO - Filling up the DagBag from /home/airflow/.local/lib/python3.6/site-packages/airflow/example_dags/example_kubernetes_executor.py
[2022-05-21 14:54:35,815] {scheduler_job.py:643} INFO - DAG(s) dict_keys(['example_kubernetes_executor']) retrieved from /home/airflow/.local/lib/python3.6/site-packages/airflow/example_dags/example_kubernetes_executor.py
[2022-05-21 14:54:35,902] {logging_mixin.py:104} INFO - [2022-05-21 14:54:35,901] {dag.py:1832} INFO - Sync 1 DAGs
[2022-05-21 14:54:35,958] {logging_mixin.py:104} INFO - [2022-05-21 14:54:35,958] {dag.py:2305} INFO - Setting next_dagrun for example_kubernetes_executor to None
[2022-05-21 14:54:36,005] {scheduler_job.py:190} INFO - Processing /home/airflow/.local/lib/python3.6/site-packages/airflow/example_dags/example_kubernetes_executor.py took 0.283 seconds
[2022-05-21 14:55:06,643] {scheduler_job.py:182} INFO - Started process (PID=1806) to work on /home/airflow/.local/lib/python3.6/site-packages/airflow/example_dags/example_kubernetes_executor.py
[2022-05-21 14:55:06,648] {scheduler_job.py:633} INFO - Processing file /home/airflow/.local/lib/python3.6/site-packages/airflow/example_dags/example_kubernetes_executor.py for tasks to queue
[2022-05-21 14:55:06,657] {logging_mixin.py:104} INFO - [2022-05-21 14:55:06,656] {dagbag.py:487} INFO - Filling up the DagBag from /home/airflow/.local/lib/python3.6/site-packages/airflow/example_dags/example_kubernetes_executor.py
[2022-05-21 14:55:06,743] {scheduler_job.py:643} INFO - DAG(s) dict_keys(['example_kubernetes_executor']) retrieved from /home/airflow/.local/lib/python3.6/site-packages/airflow/example_dags/example_kubernetes_executor.py
[2022-05-21 14:55:06,864] {logging_mixin.py:104} INFO - [2022-05-21 14:55:06,864] {dag.py:1832} INFO - Sync 1 DAGs
[2022-05-21 14:55:06,945] {logging_mixin.py:104} INFO - [2022-05-21 14:55:06,944] {dag.py:2305} INFO - Setting next_dagrun for example_kubernetes_executor to None
[2022-05-21 14:55:07,000] {scheduler_job.py:190} INFO - Processing /home/airflow/.local/lib/python3.6/site-packages/airflow/example_dags/example_kubernetes_executor.py took 0.370 seconds
