[2022-05-21 14:45:59,987] {scheduler_job.py:182} INFO - Started process (PID=531) to work on /home/airflow/.local/lib/python3.6/site-packages/airflow/example_dags/example_bash_operator.py
[2022-05-21 14:45:59,990] {scheduler_job.py:633} INFO - Processing file /home/airflow/.local/lib/python3.6/site-packages/airflow/example_dags/example_bash_operator.py for tasks to queue
[2022-05-21 14:45:59,993] {logging_mixin.py:104} INFO - [2022-05-21 14:45:59,992] {dagbag.py:487} INFO - Filling up the DagBag from /home/airflow/.local/lib/python3.6/site-packages/airflow/example_dags/example_bash_operator.py
[2022-05-21 14:46:00,046] {scheduler_job.py:643} INFO - DAG(s) dict_keys(['example_bash_operator']) retrieved from /home/airflow/.local/lib/python3.6/site-packages/airflow/example_dags/example_bash_operator.py
[2022-05-21 14:46:12,470] {logging_mixin.py:104} INFO - [2022-05-21 14:46:12,463] {dag.py:1832} INFO - Sync 1 DAGs
[2022-05-21 14:46:12,523] {logging_mixin.py:104} INFO - [2022-05-21 14:46:12,516] {dag.py:1851} INFO - Creating ORM DAG for example_bash_operator
[2022-05-21 14:46:12,568] {logging_mixin.py:104} INFO - [2022-05-21 14:46:12,567] {dag.py:2305} INFO - Setting next_dagrun for example_bash_operator to 2022-05-19 00:00:00+00:00
[2022-05-21 14:46:12,612] {scheduler_job.py:190} INFO - Processing /home/airflow/.local/lib/python3.6/site-packages/airflow/example_dags/example_bash_operator.py took 12.631 seconds
[2022-05-21 14:47:29,511] {scheduler_job.py:182} INFO - Started process (PID=721) to work on /home/airflow/.local/lib/python3.6/site-packages/airflow/example_dags/example_bash_operator.py
[2022-05-21 14:47:29,516] {scheduler_job.py:633} INFO - Processing file /home/airflow/.local/lib/python3.6/site-packages/airflow/example_dags/example_bash_operator.py for tasks to queue
[2022-05-21 14:47:29,519] {logging_mixin.py:104} INFO - [2022-05-21 14:47:29,519] {dagbag.py:487} INFO - Filling up the DagBag from /home/airflow/.local/lib/python3.6/site-packages/airflow/example_dags/example_bash_operator.py
[2022-05-21 14:47:29,584] {scheduler_job.py:643} INFO - DAG(s) dict_keys(['example_bash_operator']) retrieved from /home/airflow/.local/lib/python3.6/site-packages/airflow/example_dags/example_bash_operator.py
[2022-05-21 14:47:29,663] {logging_mixin.py:104} INFO - [2022-05-21 14:47:29,663] {dag.py:1832} INFO - Sync 1 DAGs
[2022-05-21 14:47:29,742] {logging_mixin.py:104} INFO - [2022-05-21 14:47:29,741] {dag.py:2305} INFO - Setting next_dagrun for example_bash_operator to 2022-05-19 00:00:00+00:00
[2022-05-21 14:47:29,777] {scheduler_job.py:190} INFO - Processing /home/airflow/.local/lib/python3.6/site-packages/airflow/example_dags/example_bash_operator.py took 0.272 seconds
[2022-05-21 14:48:00,374] {scheduler_job.py:182} INFO - Started process (PID=806) to work on /home/airflow/.local/lib/python3.6/site-packages/airflow/example_dags/example_bash_operator.py
[2022-05-21 14:48:00,378] {scheduler_job.py:633} INFO - Processing file /home/airflow/.local/lib/python3.6/site-packages/airflow/example_dags/example_bash_operator.py for tasks to queue
[2022-05-21 14:48:00,381] {logging_mixin.py:104} INFO - [2022-05-21 14:48:00,380] {dagbag.py:487} INFO - Filling up the DagBag from /home/airflow/.local/lib/python3.6/site-packages/airflow/example_dags/example_bash_operator.py
[2022-05-21 14:48:00,429] {scheduler_job.py:643} INFO - DAG(s) dict_keys(['example_bash_operator']) retrieved from /home/airflow/.local/lib/python3.6/site-packages/airflow/example_dags/example_bash_operator.py
[2022-05-21 14:48:00,483] {logging_mixin.py:104} INFO - [2022-05-21 14:48:00,482] {dag.py:1832} INFO - Sync 1 DAGs
[2022-05-21 14:48:00,533] {logging_mixin.py:104} INFO - [2022-05-21 14:48:00,533] {dag.py:2305} INFO - Setting next_dagrun for example_bash_operator to 2022-05-19 00:00:00+00:00
[2022-05-21 14:48:00,561] {scheduler_job.py:190} INFO - Processing /home/airflow/.local/lib/python3.6/site-packages/airflow/example_dags/example_bash_operator.py took 0.193 seconds
[2022-05-21 14:48:30,620] {scheduler_job.py:182} INFO - Started process (PID=916) to work on /home/airflow/.local/lib/python3.6/site-packages/airflow/example_dags/example_bash_operator.py
[2022-05-21 14:48:30,625] {scheduler_job.py:633} INFO - Processing file /home/airflow/.local/lib/python3.6/site-packages/airflow/example_dags/example_bash_operator.py for tasks to queue
[2022-05-21 14:48:30,628] {logging_mixin.py:104} INFO - [2022-05-21 14:48:30,628] {dagbag.py:487} INFO - Filling up the DagBag from /home/airflow/.local/lib/python3.6/site-packages/airflow/example_dags/example_bash_operator.py
[2022-05-21 14:48:30,694] {scheduler_job.py:643} INFO - DAG(s) dict_keys(['example_bash_operator']) retrieved from /home/airflow/.local/lib/python3.6/site-packages/airflow/example_dags/example_bash_operator.py
[2022-05-21 14:48:30,757] {logging_mixin.py:104} INFO - [2022-05-21 14:48:30,757] {dag.py:1832} INFO - Sync 1 DAGs
[2022-05-21 14:48:30,833] {logging_mixin.py:104} INFO - [2022-05-21 14:48:30,832] {dag.py:2305} INFO - Setting next_dagrun for example_bash_operator to 2022-05-19 00:00:00+00:00
[2022-05-21 14:48:30,866] {scheduler_job.py:190} INFO - Processing /home/airflow/.local/lib/python3.6/site-packages/airflow/example_dags/example_bash_operator.py took 0.256 seconds
[2022-05-21 14:49:00,967] {scheduler_job.py:182} INFO - Started process (PID=1008) to work on /home/airflow/.local/lib/python3.6/site-packages/airflow/example_dags/example_bash_operator.py
[2022-05-21 14:49:00,970] {scheduler_job.py:633} INFO - Processing file /home/airflow/.local/lib/python3.6/site-packages/airflow/example_dags/example_bash_operator.py for tasks to queue
[2022-05-21 14:49:00,973] {logging_mixin.py:104} INFO - [2022-05-21 14:49:00,972] {dagbag.py:487} INFO - Filling up the DagBag from /home/airflow/.local/lib/python3.6/site-packages/airflow/example_dags/example_bash_operator.py
[2022-05-21 14:49:01,024] {scheduler_job.py:643} INFO - DAG(s) dict_keys(['example_bash_operator']) retrieved from /home/airflow/.local/lib/python3.6/site-packages/airflow/example_dags/example_bash_operator.py
[2022-05-21 14:49:01,081] {logging_mixin.py:104} INFO - [2022-05-21 14:49:01,081] {dag.py:1832} INFO - Sync 1 DAGs
[2022-05-21 14:49:01,144] {logging_mixin.py:104} INFO - [2022-05-21 14:49:01,143] {dag.py:2305} INFO - Setting next_dagrun for example_bash_operator to 2022-05-19 00:00:00+00:00
[2022-05-21 14:49:01,181] {scheduler_job.py:190} INFO - Processing /home/airflow/.local/lib/python3.6/site-packages/airflow/example_dags/example_bash_operator.py took 0.221 seconds
[2022-05-21 14:49:32,161] {scheduler_job.py:182} INFO - Started process (PID=1112) to work on /home/airflow/.local/lib/python3.6/site-packages/airflow/example_dags/example_bash_operator.py
[2022-05-21 14:49:32,165] {scheduler_job.py:633} INFO - Processing file /home/airflow/.local/lib/python3.6/site-packages/airflow/example_dags/example_bash_operator.py for tasks to queue
[2022-05-21 14:49:32,168] {logging_mixin.py:104} INFO - [2022-05-21 14:49:32,168] {dagbag.py:487} INFO - Filling up the DagBag from /home/airflow/.local/lib/python3.6/site-packages/airflow/example_dags/example_bash_operator.py
[2022-05-21 14:49:32,224] {scheduler_job.py:643} INFO - DAG(s) dict_keys(['example_bash_operator']) retrieved from /home/airflow/.local/lib/python3.6/site-packages/airflow/example_dags/example_bash_operator.py
[2022-05-21 14:49:32,281] {logging_mixin.py:104} INFO - [2022-05-21 14:49:32,280] {dag.py:1832} INFO - Sync 1 DAGs
[2022-05-21 14:49:32,339] {logging_mixin.py:104} INFO - [2022-05-21 14:49:32,338] {dag.py:2305} INFO - Setting next_dagrun for example_bash_operator to 2022-05-19 00:00:00+00:00
[2022-05-21 14:49:32,370] {scheduler_job.py:190} INFO - Processing /home/airflow/.local/lib/python3.6/site-packages/airflow/example_dags/example_bash_operator.py took 0.215 seconds
[2022-05-21 14:50:03,406] {scheduler_job.py:182} INFO - Started process (PID=1214) to work on /home/airflow/.local/lib/python3.6/site-packages/airflow/example_dags/example_bash_operator.py
[2022-05-21 14:50:03,410] {scheduler_job.py:633} INFO - Processing file /home/airflow/.local/lib/python3.6/site-packages/airflow/example_dags/example_bash_operator.py for tasks to queue
[2022-05-21 14:50:03,414] {logging_mixin.py:104} INFO - [2022-05-21 14:50:03,414] {dagbag.py:487} INFO - Filling up the DagBag from /home/airflow/.local/lib/python3.6/site-packages/airflow/example_dags/example_bash_operator.py
[2022-05-21 14:50:03,476] {scheduler_job.py:643} INFO - DAG(s) dict_keys(['example_bash_operator']) retrieved from /home/airflow/.local/lib/python3.6/site-packages/airflow/example_dags/example_bash_operator.py
[2022-05-21 14:50:03,550] {logging_mixin.py:104} INFO - [2022-05-21 14:50:03,550] {dag.py:1832} INFO - Sync 1 DAGs
[2022-05-21 14:50:03,609] {logging_mixin.py:104} INFO - [2022-05-21 14:50:03,609] {dag.py:2305} INFO - Setting next_dagrun for example_bash_operator to 2022-05-19 00:00:00+00:00
[2022-05-21 14:50:03,638] {scheduler_job.py:190} INFO - Processing /home/airflow/.local/lib/python3.6/site-packages/airflow/example_dags/example_bash_operator.py took 0.238 seconds
[2022-05-21 14:50:34,078] {scheduler_job.py:182} INFO - Started process (PID=1306) to work on /home/airflow/.local/lib/python3.6/site-packages/airflow/example_dags/example_bash_operator.py
[2022-05-21 14:50:34,081] {scheduler_job.py:633} INFO - Processing file /home/airflow/.local/lib/python3.6/site-packages/airflow/example_dags/example_bash_operator.py for tasks to queue
[2022-05-21 14:50:34,085] {logging_mixin.py:104} INFO - [2022-05-21 14:50:34,084] {dagbag.py:487} INFO - Filling up the DagBag from /home/airflow/.local/lib/python3.6/site-packages/airflow/example_dags/example_bash_operator.py
[2022-05-21 14:50:34,139] {scheduler_job.py:643} INFO - DAG(s) dict_keys(['example_bash_operator']) retrieved from /home/airflow/.local/lib/python3.6/site-packages/airflow/example_dags/example_bash_operator.py
[2022-05-21 14:50:34,197] {logging_mixin.py:104} INFO - [2022-05-21 14:50:34,197] {dag.py:1832} INFO - Sync 1 DAGs
[2022-05-21 14:50:34,254] {logging_mixin.py:104} INFO - [2022-05-21 14:50:34,254] {dag.py:2305} INFO - Setting next_dagrun for example_bash_operator to 2022-05-19 00:00:00+00:00
[2022-05-21 14:50:34,283] {scheduler_job.py:190} INFO - Processing /home/airflow/.local/lib/python3.6/site-packages/airflow/example_dags/example_bash_operator.py took 0.213 seconds
[2022-05-21 14:51:04,409] {scheduler_job.py:182} INFO - Started process (PID=1407) to work on /home/airflow/.local/lib/python3.6/site-packages/airflow/example_dags/example_bash_operator.py
[2022-05-21 14:51:04,414] {scheduler_job.py:633} INFO - Processing file /home/airflow/.local/lib/python3.6/site-packages/airflow/example_dags/example_bash_operator.py for tasks to queue
[2022-05-21 14:51:04,417] {logging_mixin.py:104} INFO - [2022-05-21 14:51:04,416] {dagbag.py:487} INFO - Filling up the DagBag from /home/airflow/.local/lib/python3.6/site-packages/airflow/example_dags/example_bash_operator.py
[2022-05-21 14:51:04,473] {scheduler_job.py:643} INFO - DAG(s) dict_keys(['example_bash_operator']) retrieved from /home/airflow/.local/lib/python3.6/site-packages/airflow/example_dags/example_bash_operator.py
[2022-05-21 14:51:04,532] {logging_mixin.py:104} INFO - [2022-05-21 14:51:04,532] {dag.py:1832} INFO - Sync 1 DAGs
[2022-05-21 14:51:04,591] {logging_mixin.py:104} INFO - [2022-05-21 14:51:04,591] {dag.py:2305} INFO - Setting next_dagrun for example_bash_operator to 2022-05-19 00:00:00+00:00
[2022-05-21 14:51:04,630] {scheduler_job.py:190} INFO - Processing /home/airflow/.local/lib/python3.6/site-packages/airflow/example_dags/example_bash_operator.py took 0.230 seconds
[2022-05-21 14:51:34,792] {scheduler_job.py:182} INFO - Started process (PID=1498) to work on /home/airflow/.local/lib/python3.6/site-packages/airflow/example_dags/example_bash_operator.py
[2022-05-21 14:51:34,796] {scheduler_job.py:633} INFO - Processing file /home/airflow/.local/lib/python3.6/site-packages/airflow/example_dags/example_bash_operator.py for tasks to queue
[2022-05-21 14:51:34,798] {logging_mixin.py:104} INFO - [2022-05-21 14:51:34,798] {dagbag.py:487} INFO - Filling up the DagBag from /home/airflow/.local/lib/python3.6/site-packages/airflow/example_dags/example_bash_operator.py
[2022-05-21 14:51:34,847] {scheduler_job.py:643} INFO - DAG(s) dict_keys(['example_bash_operator']) retrieved from /home/airflow/.local/lib/python3.6/site-packages/airflow/example_dags/example_bash_operator.py
[2022-05-21 14:51:34,902] {logging_mixin.py:104} INFO - [2022-05-21 14:51:34,901] {dag.py:1832} INFO - Sync 1 DAGs
[2022-05-21 14:51:34,956] {logging_mixin.py:104} INFO - [2022-05-21 14:51:34,955] {dag.py:2305} INFO - Setting next_dagrun for example_bash_operator to 2022-05-19 00:00:00+00:00
[2022-05-21 14:51:34,983] {scheduler_job.py:190} INFO - Processing /home/airflow/.local/lib/python3.6/site-packages/airflow/example_dags/example_bash_operator.py took 0.198 seconds
[2022-05-21 14:52:05,230] {scheduler_job.py:182} INFO - Started process (PID=1600) to work on /home/airflow/.local/lib/python3.6/site-packages/airflow/example_dags/example_bash_operator.py
[2022-05-21 14:52:05,234] {scheduler_job.py:633} INFO - Processing file /home/airflow/.local/lib/python3.6/site-packages/airflow/example_dags/example_bash_operator.py for tasks to queue
[2022-05-21 14:52:05,237] {logging_mixin.py:104} INFO - [2022-05-21 14:52:05,237] {dagbag.py:487} INFO - Filling up the DagBag from /home/airflow/.local/lib/python3.6/site-packages/airflow/example_dags/example_bash_operator.py
[2022-05-21 14:52:05,290] {scheduler_job.py:643} INFO - DAG(s) dict_keys(['example_bash_operator']) retrieved from /home/airflow/.local/lib/python3.6/site-packages/airflow/example_dags/example_bash_operator.py
[2022-05-21 14:52:05,353] {logging_mixin.py:104} INFO - [2022-05-21 14:52:05,353] {dag.py:1832} INFO - Sync 1 DAGs
[2022-05-21 14:52:05,411] {logging_mixin.py:104} INFO - [2022-05-21 14:52:05,411] {dag.py:2305} INFO - Setting next_dagrun for example_bash_operator to 2022-05-19 00:00:00+00:00
[2022-05-21 14:52:05,443] {scheduler_job.py:190} INFO - Processing /home/airflow/.local/lib/python3.6/site-packages/airflow/example_dags/example_bash_operator.py took 0.219 seconds
[2022-05-21 14:54:37,385] {scheduler_job.py:182} INFO - Started process (PID=1714) to work on /home/airflow/.local/lib/python3.6/site-packages/airflow/example_dags/example_bash_operator.py
[2022-05-21 14:54:37,389] {scheduler_job.py:633} INFO - Processing file /home/airflow/.local/lib/python3.6/site-packages/airflow/example_dags/example_bash_operator.py for tasks to queue
[2022-05-21 14:54:37,392] {logging_mixin.py:104} INFO - [2022-05-21 14:54:37,392] {dagbag.py:487} INFO - Filling up the DagBag from /home/airflow/.local/lib/python3.6/site-packages/airflow/example_dags/example_bash_operator.py
[2022-05-21 14:54:37,485] {scheduler_job.py:643} INFO - DAG(s) dict_keys(['example_bash_operator']) retrieved from /home/airflow/.local/lib/python3.6/site-packages/airflow/example_dags/example_bash_operator.py
[2022-05-21 14:54:37,580] {logging_mixin.py:104} INFO - [2022-05-21 14:54:37,580] {dag.py:1832} INFO - Sync 1 DAGs
[2022-05-21 14:54:37,697] {logging_mixin.py:104} INFO - [2022-05-21 14:54:37,697] {dag.py:2305} INFO - Setting next_dagrun for example_bash_operator to 2022-05-19 00:00:00+00:00
[2022-05-21 14:54:37,764] {scheduler_job.py:190} INFO - Processing /home/airflow/.local/lib/python3.6/site-packages/airflow/example_dags/example_bash_operator.py took 0.390 seconds
[2022-05-21 14:55:08,959] {scheduler_job.py:182} INFO - Started process (PID=1818) to work on /home/airflow/.local/lib/python3.6/site-packages/airflow/example_dags/example_bash_operator.py
[2022-05-21 14:55:08,980] {scheduler_job.py:633} INFO - Processing file /home/airflow/.local/lib/python3.6/site-packages/airflow/example_dags/example_bash_operator.py for tasks to queue
[2022-05-21 14:55:08,984] {logging_mixin.py:104} INFO - [2022-05-21 14:55:08,984] {dagbag.py:487} INFO - Filling up the DagBag from /home/airflow/.local/lib/python3.6/site-packages/airflow/example_dags/example_bash_operator.py
[2022-05-21 14:55:09,100] {scheduler_job.py:643} INFO - DAG(s) dict_keys(['example_bash_operator']) retrieved from /home/airflow/.local/lib/python3.6/site-packages/airflow/example_dags/example_bash_operator.py
[2022-05-21 14:55:09,234] {logging_mixin.py:104} INFO - [2022-05-21 14:55:09,233] {dag.py:1832} INFO - Sync 1 DAGs
[2022-05-21 14:55:09,352] {logging_mixin.py:104} INFO - [2022-05-21 14:55:09,351] {dag.py:2305} INFO - Setting next_dagrun for example_bash_operator to 2022-05-19 00:00:00+00:00
[2022-05-21 14:55:09,412] {scheduler_job.py:190} INFO - Processing /home/airflow/.local/lib/python3.6/site-packages/airflow/example_dags/example_bash_operator.py took 0.475 seconds
