[2022-05-21 14:44:59,493] {scheduler_job.py:182} INFO - Started process (PID=430) to work on /home/airflow/.local/lib/python3.6/site-packages/airflow/example_dags/example_skip_dag.py
[2022-05-21 14:44:59,497] {scheduler_job.py:633} INFO - Processing file /home/airflow/.local/lib/python3.6/site-packages/airflow/example_dags/example_skip_dag.py for tasks to queue
[2022-05-21 14:44:59,499] {logging_mixin.py:104} INFO - [2022-05-21 14:44:59,499] {dagbag.py:487} INFO - Filling up the DagBag from /home/airflow/.local/lib/python3.6/site-packages/airflow/example_dags/example_skip_dag.py
[2022-05-21 14:44:59,539] {scheduler_job.py:643} INFO - DAG(s) dict_keys(['example_skip_dag']) retrieved from /home/airflow/.local/lib/python3.6/site-packages/airflow/example_dags/example_skip_dag.py
[2022-05-21 14:45:11,830] {logging_mixin.py:104} INFO - [2022-05-21 14:45:11,823] {dag.py:1832} INFO - Sync 1 DAGs
[2022-05-21 14:45:11,883] {logging_mixin.py:104} INFO - [2022-05-21 14:45:11,876] {dag.py:1851} INFO - Creating ORM DAG for example_skip_dag
[2022-05-21 14:45:11,903] {logging_mixin.py:104} INFO - [2022-05-21 14:45:11,902] {dag.py:2305} INFO - Setting next_dagrun for example_skip_dag to 2022-05-19 00:00:00+00:00
[2022-05-21 14:45:11,952] {scheduler_job.py:190} INFO - Processing /home/airflow/.local/lib/python3.6/site-packages/airflow/example_dags/example_skip_dag.py took 12.466 seconds
[2022-05-21 14:47:27,261] {scheduler_job.py:182} INFO - Started process (PID=701) to work on /home/airflow/.local/lib/python3.6/site-packages/airflow/example_dags/example_skip_dag.py
[2022-05-21 14:47:27,269] {scheduler_job.py:633} INFO - Processing file /home/airflow/.local/lib/python3.6/site-packages/airflow/example_dags/example_skip_dag.py for tasks to queue
[2022-05-21 14:47:27,277] {logging_mixin.py:104} INFO - [2022-05-21 14:47:27,276] {dagbag.py:487} INFO - Filling up the DagBag from /home/airflow/.local/lib/python3.6/site-packages/airflow/example_dags/example_skip_dag.py
[2022-05-21 14:47:27,332] {scheduler_job.py:643} INFO - DAG(s) dict_keys(['example_skip_dag']) retrieved from /home/airflow/.local/lib/python3.6/site-packages/airflow/example_dags/example_skip_dag.py
[2022-05-21 14:47:27,471] {logging_mixin.py:104} INFO - [2022-05-21 14:47:27,470] {dag.py:1832} INFO - Sync 1 DAGs
[2022-05-21 14:47:27,535] {logging_mixin.py:104} INFO - [2022-05-21 14:47:27,534] {dag.py:2305} INFO - Setting next_dagrun for example_skip_dag to 2022-05-19 00:00:00+00:00
[2022-05-21 14:47:27,568] {scheduler_job.py:190} INFO - Processing /home/airflow/.local/lib/python3.6/site-packages/airflow/example_dags/example_skip_dag.py took 0.326 seconds
[2022-05-21 14:47:58,341] {scheduler_job.py:182} INFO - Started process (PID=788) to work on /home/airflow/.local/lib/python3.6/site-packages/airflow/example_dags/example_skip_dag.py
[2022-05-21 14:47:58,345] {scheduler_job.py:633} INFO - Processing file /home/airflow/.local/lib/python3.6/site-packages/airflow/example_dags/example_skip_dag.py for tasks to queue
[2022-05-21 14:47:58,347] {logging_mixin.py:104} INFO - [2022-05-21 14:47:58,347] {dagbag.py:487} INFO - Filling up the DagBag from /home/airflow/.local/lib/python3.6/site-packages/airflow/example_dags/example_skip_dag.py
[2022-05-21 14:47:58,382] {scheduler_job.py:643} INFO - DAG(s) dict_keys(['example_skip_dag']) retrieved from /home/airflow/.local/lib/python3.6/site-packages/airflow/example_dags/example_skip_dag.py
[2022-05-21 14:47:58,437] {logging_mixin.py:104} INFO - [2022-05-21 14:47:58,436] {dag.py:1832} INFO - Sync 1 DAGs
[2022-05-21 14:47:58,470] {logging_mixin.py:104} INFO - [2022-05-21 14:47:58,470] {dag.py:2305} INFO - Setting next_dagrun for example_skip_dag to 2022-05-19 00:00:00+00:00
[2022-05-21 14:47:58,495] {scheduler_job.py:190} INFO - Processing /home/airflow/.local/lib/python3.6/site-packages/airflow/example_dags/example_skip_dag.py took 0.159 seconds
[2022-05-21 14:48:28,695] {scheduler_job.py:182} INFO - Started process (PID=897) to work on /home/airflow/.local/lib/python3.6/site-packages/airflow/example_dags/example_skip_dag.py
[2022-05-21 14:48:28,700] {scheduler_job.py:633} INFO - Processing file /home/airflow/.local/lib/python3.6/site-packages/airflow/example_dags/example_skip_dag.py for tasks to queue
[2022-05-21 14:48:28,704] {logging_mixin.py:104} INFO - [2022-05-21 14:48:28,704] {dagbag.py:487} INFO - Filling up the DagBag from /home/airflow/.local/lib/python3.6/site-packages/airflow/example_dags/example_skip_dag.py
[2022-05-21 14:48:28,746] {scheduler_job.py:643} INFO - DAG(s) dict_keys(['example_skip_dag']) retrieved from /home/airflow/.local/lib/python3.6/site-packages/airflow/example_dags/example_skip_dag.py
[2022-05-21 14:48:28,807] {logging_mixin.py:104} INFO - [2022-05-21 14:48:28,807] {dag.py:1832} INFO - Sync 1 DAGs
[2022-05-21 14:48:28,848] {logging_mixin.py:104} INFO - [2022-05-21 14:48:28,847] {dag.py:2305} INFO - Setting next_dagrun for example_skip_dag to 2022-05-19 00:00:00+00:00
[2022-05-21 14:48:28,877] {scheduler_job.py:190} INFO - Processing /home/airflow/.local/lib/python3.6/site-packages/airflow/example_dags/example_skip_dag.py took 0.189 seconds
[2022-05-21 14:48:59,681] {scheduler_job.py:182} INFO - Started process (PID=984) to work on /home/airflow/.local/lib/python3.6/site-packages/airflow/example_dags/example_skip_dag.py
[2022-05-21 14:48:59,684] {scheduler_job.py:633} INFO - Processing file /home/airflow/.local/lib/python3.6/site-packages/airflow/example_dags/example_skip_dag.py for tasks to queue
[2022-05-21 14:48:59,686] {logging_mixin.py:104} INFO - [2022-05-21 14:48:59,686] {dagbag.py:487} INFO - Filling up the DagBag from /home/airflow/.local/lib/python3.6/site-packages/airflow/example_dags/example_skip_dag.py
[2022-05-21 14:48:59,720] {scheduler_job.py:643} INFO - DAG(s) dict_keys(['example_skip_dag']) retrieved from /home/airflow/.local/lib/python3.6/site-packages/airflow/example_dags/example_skip_dag.py
[2022-05-21 14:48:59,770] {logging_mixin.py:104} INFO - [2022-05-21 14:48:59,770] {dag.py:1832} INFO - Sync 1 DAGs
[2022-05-21 14:48:59,802] {logging_mixin.py:104} INFO - [2022-05-21 14:48:59,802] {dag.py:2305} INFO - Setting next_dagrun for example_skip_dag to 2022-05-19 00:00:00+00:00
[2022-05-21 14:48:59,825] {scheduler_job.py:190} INFO - Processing /home/airflow/.local/lib/python3.6/site-packages/airflow/example_dags/example_skip_dag.py took 0.152 seconds
[2022-05-21 14:49:30,029] {scheduler_job.py:182} INFO - Started process (PID=1094) to work on /home/airflow/.local/lib/python3.6/site-packages/airflow/example_dags/example_skip_dag.py
[2022-05-21 14:49:30,033] {scheduler_job.py:633} INFO - Processing file /home/airflow/.local/lib/python3.6/site-packages/airflow/example_dags/example_skip_dag.py for tasks to queue
[2022-05-21 14:49:30,035] {logging_mixin.py:104} INFO - [2022-05-21 14:49:30,035] {dagbag.py:487} INFO - Filling up the DagBag from /home/airflow/.local/lib/python3.6/site-packages/airflow/example_dags/example_skip_dag.py
[2022-05-21 14:49:30,075] {scheduler_job.py:643} INFO - DAG(s) dict_keys(['example_skip_dag']) retrieved from /home/airflow/.local/lib/python3.6/site-packages/airflow/example_dags/example_skip_dag.py
[2022-05-21 14:49:30,134] {logging_mixin.py:104} INFO - [2022-05-21 14:49:30,133] {dag.py:1832} INFO - Sync 1 DAGs
[2022-05-21 14:49:30,178] {logging_mixin.py:104} INFO - [2022-05-21 14:49:30,178] {dag.py:2305} INFO - Setting next_dagrun for example_skip_dag to 2022-05-19 00:00:00+00:00
[2022-05-21 14:49:30,214] {scheduler_job.py:190} INFO - Processing /home/airflow/.local/lib/python3.6/site-packages/airflow/example_dags/example_skip_dag.py took 0.192 seconds
[2022-05-21 14:50:00,447] {scheduler_job.py:182} INFO - Started process (PID=1179) to work on /home/airflow/.local/lib/python3.6/site-packages/airflow/example_dags/example_skip_dag.py
[2022-05-21 14:50:00,451] {scheduler_job.py:633} INFO - Processing file /home/airflow/.local/lib/python3.6/site-packages/airflow/example_dags/example_skip_dag.py for tasks to queue
[2022-05-21 14:50:00,453] {logging_mixin.py:104} INFO - [2022-05-21 14:50:00,453] {dagbag.py:487} INFO - Filling up the DagBag from /home/airflow/.local/lib/python3.6/site-packages/airflow/example_dags/example_skip_dag.py
[2022-05-21 14:50:00,488] {scheduler_job.py:643} INFO - DAG(s) dict_keys(['example_skip_dag']) retrieved from /home/airflow/.local/lib/python3.6/site-packages/airflow/example_dags/example_skip_dag.py
[2022-05-21 14:50:00,537] {logging_mixin.py:104} INFO - [2022-05-21 14:50:00,537] {dag.py:1832} INFO - Sync 1 DAGs
[2022-05-21 14:50:00,570] {logging_mixin.py:104} INFO - [2022-05-21 14:50:00,569] {dag.py:2305} INFO - Setting next_dagrun for example_skip_dag to 2022-05-19 00:00:00+00:00
[2022-05-21 14:50:00,593] {scheduler_job.py:190} INFO - Processing /home/airflow/.local/lib/python3.6/site-packages/airflow/example_dags/example_skip_dag.py took 0.153 seconds
[2022-05-21 14:50:30,886] {scheduler_job.py:182} INFO - Started process (PID=1288) to work on /home/airflow/.local/lib/python3.6/site-packages/airflow/example_dags/example_skip_dag.py
[2022-05-21 14:50:30,891] {scheduler_job.py:633} INFO - Processing file /home/airflow/.local/lib/python3.6/site-packages/airflow/example_dags/example_skip_dag.py for tasks to queue
[2022-05-21 14:50:30,894] {logging_mixin.py:104} INFO - [2022-05-21 14:50:30,893] {dagbag.py:487} INFO - Filling up the DagBag from /home/airflow/.local/lib/python3.6/site-packages/airflow/example_dags/example_skip_dag.py
[2022-05-21 14:50:30,935] {scheduler_job.py:643} INFO - DAG(s) dict_keys(['example_skip_dag']) retrieved from /home/airflow/.local/lib/python3.6/site-packages/airflow/example_dags/example_skip_dag.py
[2022-05-21 14:50:30,995] {logging_mixin.py:104} INFO - [2022-05-21 14:50:30,995] {dag.py:1832} INFO - Sync 1 DAGs
[2022-05-21 14:50:31,035] {logging_mixin.py:104} INFO - [2022-05-21 14:50:31,035] {dag.py:2305} INFO - Setting next_dagrun for example_skip_dag to 2022-05-19 00:00:00+00:00
[2022-05-21 14:50:31,065] {scheduler_job.py:190} INFO - Processing /home/airflow/.local/lib/python3.6/site-packages/airflow/example_dags/example_skip_dag.py took 0.187 seconds
[2022-05-21 14:51:01,169] {scheduler_job.py:182} INFO - Started process (PID=1385) to work on /home/airflow/.local/lib/python3.6/site-packages/airflow/example_dags/example_skip_dag.py
[2022-05-21 14:51:01,174] {scheduler_job.py:633} INFO - Processing file /home/airflow/.local/lib/python3.6/site-packages/airflow/example_dags/example_skip_dag.py for tasks to queue
[2022-05-21 14:51:01,177] {logging_mixin.py:104} INFO - [2022-05-21 14:51:01,177] {dagbag.py:487} INFO - Filling up the DagBag from /home/airflow/.local/lib/python3.6/site-packages/airflow/example_dags/example_skip_dag.py
[2022-05-21 14:51:01,220] {scheduler_job.py:643} INFO - DAG(s) dict_keys(['example_skip_dag']) retrieved from /home/airflow/.local/lib/python3.6/site-packages/airflow/example_dags/example_skip_dag.py
[2022-05-21 14:51:01,276] {logging_mixin.py:104} INFO - [2022-05-21 14:51:01,275] {dag.py:1832} INFO - Sync 1 DAGs
[2022-05-21 14:51:01,313] {logging_mixin.py:104} INFO - [2022-05-21 14:51:01,313] {dag.py:2305} INFO - Setting next_dagrun for example_skip_dag to 2022-05-19 00:00:00+00:00
[2022-05-21 14:51:01,341] {scheduler_job.py:190} INFO - Processing /home/airflow/.local/lib/python3.6/site-packages/airflow/example_dags/example_skip_dag.py took 0.178 seconds
[2022-05-21 14:51:31,647] {scheduler_job.py:182} INFO - Started process (PID=1482) to work on /home/airflow/.local/lib/python3.6/site-packages/airflow/example_dags/example_skip_dag.py
[2022-05-21 14:51:31,653] {scheduler_job.py:633} INFO - Processing file /home/airflow/.local/lib/python3.6/site-packages/airflow/example_dags/example_skip_dag.py for tasks to queue
[2022-05-21 14:51:31,655] {logging_mixin.py:104} INFO - [2022-05-21 14:51:31,655] {dagbag.py:487} INFO - Filling up the DagBag from /home/airflow/.local/lib/python3.6/site-packages/airflow/example_dags/example_skip_dag.py
[2022-05-21 14:51:31,694] {scheduler_job.py:643} INFO - DAG(s) dict_keys(['example_skip_dag']) retrieved from /home/airflow/.local/lib/python3.6/site-packages/airflow/example_dags/example_skip_dag.py
[2022-05-21 14:51:31,755] {logging_mixin.py:104} INFO - [2022-05-21 14:51:31,755] {dag.py:1832} INFO - Sync 1 DAGs
[2022-05-21 14:51:31,805] {logging_mixin.py:104} INFO - [2022-05-21 14:51:31,805] {dag.py:2305} INFO - Setting next_dagrun for example_skip_dag to 2022-05-19 00:00:00+00:00
[2022-05-21 14:51:31,831] {scheduler_job.py:190} INFO - Processing /home/airflow/.local/lib/python3.6/site-packages/airflow/example_dags/example_skip_dag.py took 0.192 seconds
[2022-05-21 14:52:01,952] {scheduler_job.py:182} INFO - Started process (PID=1577) to work on /home/airflow/.local/lib/python3.6/site-packages/airflow/example_dags/example_skip_dag.py
[2022-05-21 14:52:01,963] {scheduler_job.py:633} INFO - Processing file /home/airflow/.local/lib/python3.6/site-packages/airflow/example_dags/example_skip_dag.py for tasks to queue
[2022-05-21 14:52:01,969] {logging_mixin.py:104} INFO - [2022-05-21 14:52:01,969] {dagbag.py:487} INFO - Filling up the DagBag from /home/airflow/.local/lib/python3.6/site-packages/airflow/example_dags/example_skip_dag.py
[2022-05-21 14:52:02,020] {scheduler_job.py:643} INFO - DAG(s) dict_keys(['example_skip_dag']) retrieved from /home/airflow/.local/lib/python3.6/site-packages/airflow/example_dags/example_skip_dag.py
[2022-05-21 14:52:02,086] {logging_mixin.py:104} INFO - [2022-05-21 14:52:02,085] {dag.py:1832} INFO - Sync 1 DAGs
[2022-05-21 14:52:02,123] {logging_mixin.py:104} INFO - [2022-05-21 14:52:02,123] {dag.py:2305} INFO - Setting next_dagrun for example_skip_dag to 2022-05-19 00:00:00+00:00
[2022-05-21 14:52:02,149] {scheduler_job.py:190} INFO - Processing /home/airflow/.local/lib/python3.6/site-packages/airflow/example_dags/example_skip_dag.py took 0.216 seconds
[2022-05-21 14:52:33,011] {scheduler_job.py:182} INFO - Started process (PID=1676) to work on /home/airflow/.local/lib/python3.6/site-packages/airflow/example_dags/example_skip_dag.py
[2022-05-21 14:52:33,015] {scheduler_job.py:633} INFO - Processing file /home/airflow/.local/lib/python3.6/site-packages/airflow/example_dags/example_skip_dag.py for tasks to queue
[2022-05-21 14:52:33,019] {logging_mixin.py:104} INFO - [2022-05-21 14:52:33,018] {dagbag.py:487} INFO - Filling up the DagBag from /home/airflow/.local/lib/python3.6/site-packages/airflow/example_dags/example_skip_dag.py
[2022-05-21 14:52:33,075] {scheduler_job.py:643} INFO - DAG(s) dict_keys(['example_skip_dag']) retrieved from /home/airflow/.local/lib/python3.6/site-packages/airflow/example_dags/example_skip_dag.py
[2022-05-21 14:52:33,158] {logging_mixin.py:104} INFO - [2022-05-21 14:52:33,158] {dag.py:1832} INFO - Sync 1 DAGs
[2022-05-21 14:52:33,207] {logging_mixin.py:104} INFO - [2022-05-21 14:52:33,206] {dag.py:2305} INFO - Setting next_dagrun for example_skip_dag to 2022-05-19 00:00:00+00:00
[2022-05-21 14:52:33,245] {scheduler_job.py:190} INFO - Processing /home/airflow/.local/lib/python3.6/site-packages/airflow/example_dags/example_skip_dag.py took 0.243 seconds
[2022-05-21 14:54:34,796] {scheduler_job.py:182} INFO - Started process (PID=1694) to work on /home/airflow/.local/lib/python3.6/site-packages/airflow/example_dags/example_skip_dag.py
[2022-05-21 14:54:34,807] {scheduler_job.py:633} INFO - Processing file /home/airflow/.local/lib/python3.6/site-packages/airflow/example_dags/example_skip_dag.py for tasks to queue
[2022-05-21 14:54:34,810] {logging_mixin.py:104} INFO - [2022-05-21 14:54:34,810] {dagbag.py:487} INFO - Filling up the DagBag from /home/airflow/.local/lib/python3.6/site-packages/airflow/example_dags/example_skip_dag.py
[2022-05-21 14:54:34,891] {scheduler_job.py:643} INFO - DAG(s) dict_keys(['example_skip_dag']) retrieved from /home/airflow/.local/lib/python3.6/site-packages/airflow/example_dags/example_skip_dag.py
[2022-05-21 14:54:34,996] {logging_mixin.py:104} INFO - [2022-05-21 14:54:34,996] {dag.py:1832} INFO - Sync 1 DAGs
[2022-05-21 14:54:35,072] {logging_mixin.py:104} INFO - [2022-05-21 14:54:35,071] {dag.py:2305} INFO - Setting next_dagrun for example_skip_dag to 2022-05-19 00:00:00+00:00
[2022-05-21 14:54:35,122] {scheduler_job.py:190} INFO - Processing /home/airflow/.local/lib/python3.6/site-packages/airflow/example_dags/example_skip_dag.py took 0.333 seconds
[2022-05-21 14:55:05,583] {scheduler_job.py:182} INFO - Started process (PID=1797) to work on /home/airflow/.local/lib/python3.6/site-packages/airflow/example_dags/example_skip_dag.py
[2022-05-21 14:55:05,589] {scheduler_job.py:633} INFO - Processing file /home/airflow/.local/lib/python3.6/site-packages/airflow/example_dags/example_skip_dag.py for tasks to queue
[2022-05-21 14:55:05,607] {logging_mixin.py:104} INFO - [2022-05-21 14:55:05,606] {dagbag.py:487} INFO - Filling up the DagBag from /home/airflow/.local/lib/python3.6/site-packages/airflow/example_dags/example_skip_dag.py
[2022-05-21 14:55:05,706] {scheduler_job.py:643} INFO - DAG(s) dict_keys(['example_skip_dag']) retrieved from /home/airflow/.local/lib/python3.6/site-packages/airflow/example_dags/example_skip_dag.py
[2022-05-21 14:55:05,852] {logging_mixin.py:104} INFO - [2022-05-21 14:55:05,851] {dag.py:1832} INFO - Sync 1 DAGs
[2022-05-21 14:55:05,925] {logging_mixin.py:104} INFO - [2022-05-21 14:55:05,925] {dag.py:2305} INFO - Setting next_dagrun for example_skip_dag to 2022-05-19 00:00:00+00:00
[2022-05-21 14:55:05,979] {scheduler_job.py:190} INFO - Processing /home/airflow/.local/lib/python3.6/site-packages/airflow/example_dags/example_skip_dag.py took 0.421 seconds
