[2022-05-21 14:44:59,508] {scheduler_job.py:182} INFO - Started process (PID=432) to work on /home/airflow/.local/lib/python3.6/site-packages/airflow/example_dags/example_branch_datetime_operator.py
[2022-05-21 14:44:59,512] {scheduler_job.py:633} INFO - Processing file /home/airflow/.local/lib/python3.6/site-packages/airflow/example_dags/example_branch_datetime_operator.py for tasks to queue
[2022-05-21 14:44:59,514] {logging_mixin.py:104} INFO - [2022-05-21 14:44:59,514] {dagbag.py:487} INFO - Filling up the DagBag from /home/airflow/.local/lib/python3.6/site-packages/airflow/example_dags/example_branch_datetime_operator.py
[2022-05-21 14:44:59,560] {scheduler_job.py:643} INFO - DAG(s) dict_keys(['example_branch_datetime_operator_2']) retrieved from /home/airflow/.local/lib/python3.6/site-packages/airflow/example_dags/example_branch_datetime_operator.py
[2022-05-21 14:45:11,402] {logging_mixin.py:104} INFO - [2022-05-21 14:45:11,395] {dag.py:1832} INFO - Sync 1 DAGs
[2022-05-21 14:45:11,456] {logging_mixin.py:104} INFO - [2022-05-21 14:45:11,449] {dag.py:1851} INFO - Creating ORM DAG for example_branch_datetime_operator_2
[2022-05-21 14:45:11,502] {logging_mixin.py:104} INFO - [2022-05-21 14:45:11,501] {dag.py:2305} INFO - Setting next_dagrun for example_branch_datetime_operator_2 to 2022-05-19 00:00:00+00:00
[2022-05-21 14:45:11,543] {scheduler_job.py:190} INFO - Processing /home/airflow/.local/lib/python3.6/site-packages/airflow/example_dags/example_branch_datetime_operator.py took 12.041 seconds
[2022-05-21 14:47:27,507] {scheduler_job.py:182} INFO - Started process (PID=703) to work on /home/airflow/.local/lib/python3.6/site-packages/airflow/example_dags/example_branch_datetime_operator.py
[2022-05-21 14:47:27,513] {scheduler_job.py:633} INFO - Processing file /home/airflow/.local/lib/python3.6/site-packages/airflow/example_dags/example_branch_datetime_operator.py for tasks to queue
[2022-05-21 14:47:27,517] {logging_mixin.py:104} INFO - [2022-05-21 14:47:27,516] {dagbag.py:487} INFO - Filling up the DagBag from /home/airflow/.local/lib/python3.6/site-packages/airflow/example_dags/example_branch_datetime_operator.py
[2022-05-21 14:47:27,572] {scheduler_job.py:643} INFO - DAG(s) dict_keys(['example_branch_datetime_operator_2']) retrieved from /home/airflow/.local/lib/python3.6/site-packages/airflow/example_dags/example_branch_datetime_operator.py
[2022-05-21 14:47:27,649] {logging_mixin.py:104} INFO - [2022-05-21 14:47:27,648] {dag.py:1832} INFO - Sync 1 DAGs
[2022-05-21 14:47:27,726] {logging_mixin.py:104} INFO - [2022-05-21 14:47:27,725] {dag.py:2305} INFO - Setting next_dagrun for example_branch_datetime_operator_2 to 2022-05-19 00:00:00+00:00
[2022-05-21 14:47:27,758] {scheduler_job.py:190} INFO - Processing /home/airflow/.local/lib/python3.6/site-packages/airflow/example_dags/example_branch_datetime_operator.py took 0.258 seconds
[2022-05-21 14:47:58,441] {scheduler_job.py:182} INFO - Started process (PID=790) to work on /home/airflow/.local/lib/python3.6/site-packages/airflow/example_dags/example_branch_datetime_operator.py
[2022-05-21 14:47:58,444] {scheduler_job.py:633} INFO - Processing file /home/airflow/.local/lib/python3.6/site-packages/airflow/example_dags/example_branch_datetime_operator.py for tasks to queue
[2022-05-21 14:47:58,446] {logging_mixin.py:104} INFO - [2022-05-21 14:47:58,446] {dagbag.py:487} INFO - Filling up the DagBag from /home/airflow/.local/lib/python3.6/site-packages/airflow/example_dags/example_branch_datetime_operator.py
[2022-05-21 14:47:58,484] {scheduler_job.py:643} INFO - DAG(s) dict_keys(['example_branch_datetime_operator_2']) retrieved from /home/airflow/.local/lib/python3.6/site-packages/airflow/example_dags/example_branch_datetime_operator.py
[2022-05-21 14:47:58,536] {logging_mixin.py:104} INFO - [2022-05-21 14:47:58,535] {dag.py:1832} INFO - Sync 1 DAGs
[2022-05-21 14:47:58,588] {logging_mixin.py:104} INFO - [2022-05-21 14:47:58,587] {dag.py:2305} INFO - Setting next_dagrun for example_branch_datetime_operator_2 to 2022-05-19 00:00:00+00:00
[2022-05-21 14:47:58,611] {scheduler_job.py:190} INFO - Processing /home/airflow/.local/lib/python3.6/site-packages/airflow/example_dags/example_branch_datetime_operator.py took 0.176 seconds
[2022-05-21 14:48:28,920] {scheduler_job.py:182} INFO - Started process (PID=899) to work on /home/airflow/.local/lib/python3.6/site-packages/airflow/example_dags/example_branch_datetime_operator.py
[2022-05-21 14:48:28,926] {scheduler_job.py:633} INFO - Processing file /home/airflow/.local/lib/python3.6/site-packages/airflow/example_dags/example_branch_datetime_operator.py for tasks to queue
[2022-05-21 14:48:28,931] {logging_mixin.py:104} INFO - [2022-05-21 14:48:28,930] {dagbag.py:487} INFO - Filling up the DagBag from /home/airflow/.local/lib/python3.6/site-packages/airflow/example_dags/example_branch_datetime_operator.py
[2022-05-21 14:48:28,983] {scheduler_job.py:643} INFO - DAG(s) dict_keys(['example_branch_datetime_operator_2']) retrieved from /home/airflow/.local/lib/python3.6/site-packages/airflow/example_dags/example_branch_datetime_operator.py
[2022-05-21 14:48:29,044] {logging_mixin.py:104} INFO - [2022-05-21 14:48:29,043] {dag.py:1832} INFO - Sync 1 DAGs
[2022-05-21 14:48:29,106] {logging_mixin.py:104} INFO - [2022-05-21 14:48:29,106] {dag.py:2305} INFO - Setting next_dagrun for example_branch_datetime_operator_2 to 2022-05-19 00:00:00+00:00
[2022-05-21 14:48:29,137] {scheduler_job.py:190} INFO - Processing /home/airflow/.local/lib/python3.6/site-packages/airflow/example_dags/example_branch_datetime_operator.py took 0.224 seconds
[2022-05-21 14:48:59,860] {scheduler_job.py:182} INFO - Started process (PID=986) to work on /home/airflow/.local/lib/python3.6/site-packages/airflow/example_dags/example_branch_datetime_operator.py
[2022-05-21 14:48:59,863] {scheduler_job.py:633} INFO - Processing file /home/airflow/.local/lib/python3.6/site-packages/airflow/example_dags/example_branch_datetime_operator.py for tasks to queue
[2022-05-21 14:48:59,866] {logging_mixin.py:104} INFO - [2022-05-21 14:48:59,865] {dagbag.py:487} INFO - Filling up the DagBag from /home/airflow/.local/lib/python3.6/site-packages/airflow/example_dags/example_branch_datetime_operator.py
[2022-05-21 14:48:59,904] {scheduler_job.py:643} INFO - DAG(s) dict_keys(['example_branch_datetime_operator_2']) retrieved from /home/airflow/.local/lib/python3.6/site-packages/airflow/example_dags/example_branch_datetime_operator.py
[2022-05-21 14:48:59,953] {logging_mixin.py:104} INFO - [2022-05-21 14:48:59,952] {dag.py:1832} INFO - Sync 1 DAGs
[2022-05-21 14:49:00,003] {logging_mixin.py:104} INFO - [2022-05-21 14:49:00,002] {dag.py:2305} INFO - Setting next_dagrun for example_branch_datetime_operator_2 to 2022-05-19 00:00:00+00:00
[2022-05-21 14:49:00,030] {scheduler_job.py:190} INFO - Processing /home/airflow/.local/lib/python3.6/site-packages/airflow/example_dags/example_branch_datetime_operator.py took 0.177 seconds
[2022-05-21 14:49:30,266] {scheduler_job.py:182} INFO - Started process (PID=1096) to work on /home/airflow/.local/lib/python3.6/site-packages/airflow/example_dags/example_branch_datetime_operator.py
[2022-05-21 14:49:30,277] {scheduler_job.py:633} INFO - Processing file /home/airflow/.local/lib/python3.6/site-packages/airflow/example_dags/example_branch_datetime_operator.py for tasks to queue
[2022-05-21 14:49:30,280] {logging_mixin.py:104} INFO - [2022-05-21 14:49:30,279] {dagbag.py:487} INFO - Filling up the DagBag from /home/airflow/.local/lib/python3.6/site-packages/airflow/example_dags/example_branch_datetime_operator.py
[2022-05-21 14:49:30,327] {scheduler_job.py:643} INFO - DAG(s) dict_keys(['example_branch_datetime_operator_2']) retrieved from /home/airflow/.local/lib/python3.6/site-packages/airflow/example_dags/example_branch_datetime_operator.py
[2022-05-21 14:49:30,392] {logging_mixin.py:104} INFO - [2022-05-21 14:49:30,392] {dag.py:1832} INFO - Sync 1 DAGs
[2022-05-21 14:49:30,455] {logging_mixin.py:104} INFO - [2022-05-21 14:49:30,454] {dag.py:2305} INFO - Setting next_dagrun for example_branch_datetime_operator_2 to 2022-05-19 00:00:00+00:00
[2022-05-21 14:49:30,482] {scheduler_job.py:190} INFO - Processing /home/airflow/.local/lib/python3.6/site-packages/airflow/example_dags/example_branch_datetime_operator.py took 0.224 seconds
[2022-05-21 14:50:00,630] {scheduler_job.py:182} INFO - Started process (PID=1181) to work on /home/airflow/.local/lib/python3.6/site-packages/airflow/example_dags/example_branch_datetime_operator.py
[2022-05-21 14:50:00,634] {scheduler_job.py:633} INFO - Processing file /home/airflow/.local/lib/python3.6/site-packages/airflow/example_dags/example_branch_datetime_operator.py for tasks to queue
[2022-05-21 14:50:00,636] {logging_mixin.py:104} INFO - [2022-05-21 14:50:00,636] {dagbag.py:487} INFO - Filling up the DagBag from /home/airflow/.local/lib/python3.6/site-packages/airflow/example_dags/example_branch_datetime_operator.py
[2022-05-21 14:50:00,674] {scheduler_job.py:643} INFO - DAG(s) dict_keys(['example_branch_datetime_operator_2']) retrieved from /home/airflow/.local/lib/python3.6/site-packages/airflow/example_dags/example_branch_datetime_operator.py
[2022-05-21 14:50:00,722] {logging_mixin.py:104} INFO - [2022-05-21 14:50:00,722] {dag.py:1832} INFO - Sync 1 DAGs
[2022-05-21 14:50:00,771] {logging_mixin.py:104} INFO - [2022-05-21 14:50:00,771] {dag.py:2305} INFO - Setting next_dagrun for example_branch_datetime_operator_2 to 2022-05-19 00:00:00+00:00
[2022-05-21 14:50:00,796] {scheduler_job.py:190} INFO - Processing /home/airflow/.local/lib/python3.6/site-packages/airflow/example_dags/example_branch_datetime_operator.py took 0.172 seconds
[2022-05-21 14:50:31,097] {scheduler_job.py:182} INFO - Started process (PID=1290) to work on /home/airflow/.local/lib/python3.6/site-packages/airflow/example_dags/example_branch_datetime_operator.py
[2022-05-21 14:50:31,101] {scheduler_job.py:633} INFO - Processing file /home/airflow/.local/lib/python3.6/site-packages/airflow/example_dags/example_branch_datetime_operator.py for tasks to queue
[2022-05-21 14:50:31,104] {logging_mixin.py:104} INFO - [2022-05-21 14:50:31,104] {dagbag.py:487} INFO - Filling up the DagBag from /home/airflow/.local/lib/python3.6/site-packages/airflow/example_dags/example_branch_datetime_operator.py
[2022-05-21 14:50:31,150] {scheduler_job.py:643} INFO - DAG(s) dict_keys(['example_branch_datetime_operator_2']) retrieved from /home/airflow/.local/lib/python3.6/site-packages/airflow/example_dags/example_branch_datetime_operator.py
[2022-05-21 14:50:31,207] {logging_mixin.py:104} INFO - [2022-05-21 14:50:31,207] {dag.py:1832} INFO - Sync 1 DAGs
[2022-05-21 14:50:31,267] {logging_mixin.py:104} INFO - [2022-05-21 14:50:31,267] {dag.py:2305} INFO - Setting next_dagrun for example_branch_datetime_operator_2 to 2022-05-19 00:00:00+00:00
[2022-05-21 14:50:31,296] {scheduler_job.py:190} INFO - Processing /home/airflow/.local/lib/python3.6/site-packages/airflow/example_dags/example_branch_datetime_operator.py took 0.206 seconds
[2022-05-21 14:51:01,385] {scheduler_job.py:182} INFO - Started process (PID=1387) to work on /home/airflow/.local/lib/python3.6/site-packages/airflow/example_dags/example_branch_datetime_operator.py
[2022-05-21 14:51:01,389] {scheduler_job.py:633} INFO - Processing file /home/airflow/.local/lib/python3.6/site-packages/airflow/example_dags/example_branch_datetime_operator.py for tasks to queue
[2022-05-21 14:51:01,391] {logging_mixin.py:104} INFO - [2022-05-21 14:51:01,391] {dagbag.py:487} INFO - Filling up the DagBag from /home/airflow/.local/lib/python3.6/site-packages/airflow/example_dags/example_branch_datetime_operator.py
[2022-05-21 14:51:01,435] {scheduler_job.py:643} INFO - DAG(s) dict_keys(['example_branch_datetime_operator_2']) retrieved from /home/airflow/.local/lib/python3.6/site-packages/airflow/example_dags/example_branch_datetime_operator.py
[2022-05-21 14:51:01,487] {logging_mixin.py:104} INFO - [2022-05-21 14:51:01,486] {dag.py:1832} INFO - Sync 1 DAGs
[2022-05-21 14:51:01,544] {logging_mixin.py:104} INFO - [2022-05-21 14:51:01,544] {dag.py:2305} INFO - Setting next_dagrun for example_branch_datetime_operator_2 to 2022-05-19 00:00:00+00:00
[2022-05-21 14:51:01,571] {scheduler_job.py:190} INFO - Processing /home/airflow/.local/lib/python3.6/site-packages/airflow/example_dags/example_branch_datetime_operator.py took 0.193 seconds
[2022-05-21 14:51:31,862] {scheduler_job.py:182} INFO - Started process (PID=1484) to work on /home/airflow/.local/lib/python3.6/site-packages/airflow/example_dags/example_branch_datetime_operator.py
[2022-05-21 14:51:31,868] {scheduler_job.py:633} INFO - Processing file /home/airflow/.local/lib/python3.6/site-packages/airflow/example_dags/example_branch_datetime_operator.py for tasks to queue
[2022-05-21 14:51:31,870] {logging_mixin.py:104} INFO - [2022-05-21 14:51:31,870] {dagbag.py:487} INFO - Filling up the DagBag from /home/airflow/.local/lib/python3.6/site-packages/airflow/example_dags/example_branch_datetime_operator.py
[2022-05-21 14:51:31,908] {scheduler_job.py:643} INFO - DAG(s) dict_keys(['example_branch_datetime_operator_2']) retrieved from /home/airflow/.local/lib/python3.6/site-packages/airflow/example_dags/example_branch_datetime_operator.py
[2022-05-21 14:51:31,957] {logging_mixin.py:104} INFO - [2022-05-21 14:51:31,957] {dag.py:1832} INFO - Sync 1 DAGs
[2022-05-21 14:51:32,008] {logging_mixin.py:104} INFO - [2022-05-21 14:51:32,007] {dag.py:2305} INFO - Setting next_dagrun for example_branch_datetime_operator_2 to 2022-05-19 00:00:00+00:00
[2022-05-21 14:51:32,032] {scheduler_job.py:190} INFO - Processing /home/airflow/.local/lib/python3.6/site-packages/airflow/example_dags/example_branch_datetime_operator.py took 0.177 seconds
[2022-05-21 14:52:02,186] {scheduler_job.py:182} INFO - Started process (PID=1580) to work on /home/airflow/.local/lib/python3.6/site-packages/airflow/example_dags/example_branch_datetime_operator.py
[2022-05-21 14:52:02,190] {scheduler_job.py:633} INFO - Processing file /home/airflow/.local/lib/python3.6/site-packages/airflow/example_dags/example_branch_datetime_operator.py for tasks to queue
[2022-05-21 14:52:02,192] {logging_mixin.py:104} INFO - [2022-05-21 14:52:02,192] {dagbag.py:487} INFO - Filling up the DagBag from /home/airflow/.local/lib/python3.6/site-packages/airflow/example_dags/example_branch_datetime_operator.py
[2022-05-21 14:52:02,235] {scheduler_job.py:643} INFO - DAG(s) dict_keys(['example_branch_datetime_operator_2']) retrieved from /home/airflow/.local/lib/python3.6/site-packages/airflow/example_dags/example_branch_datetime_operator.py
[2022-05-21 14:52:02,300] {logging_mixin.py:104} INFO - [2022-05-21 14:52:02,300] {dag.py:1832} INFO - Sync 1 DAGs
[2022-05-21 14:52:02,361] {logging_mixin.py:104} INFO - [2022-05-21 14:52:02,361] {dag.py:2305} INFO - Setting next_dagrun for example_branch_datetime_operator_2 to 2022-05-19 00:00:00+00:00
[2022-05-21 14:52:02,390] {scheduler_job.py:190} INFO - Processing /home/airflow/.local/lib/python3.6/site-packages/airflow/example_dags/example_branch_datetime_operator.py took 0.210 seconds
[2022-05-21 14:52:33,324] {scheduler_job.py:182} INFO - Started process (PID=1678) to work on /home/airflow/.local/lib/python3.6/site-packages/airflow/example_dags/example_branch_datetime_operator.py
[2022-05-21 14:52:33,329] {scheduler_job.py:633} INFO - Processing file /home/airflow/.local/lib/python3.6/site-packages/airflow/example_dags/example_branch_datetime_operator.py for tasks to queue
[2022-05-21 14:52:33,334] {logging_mixin.py:104} INFO - [2022-05-21 14:52:33,334] {dagbag.py:487} INFO - Filling up the DagBag from /home/airflow/.local/lib/python3.6/site-packages/airflow/example_dags/example_branch_datetime_operator.py
[2022-05-21 14:52:33,386] {scheduler_job.py:643} INFO - DAG(s) dict_keys(['example_branch_datetime_operator_2']) retrieved from /home/airflow/.local/lib/python3.6/site-packages/airflow/example_dags/example_branch_datetime_operator.py
[2022-05-21 14:52:33,446] {logging_mixin.py:104} INFO - [2022-05-21 14:52:33,446] {dag.py:1832} INFO - Sync 1 DAGs
[2022-05-21 14:52:33,509] {logging_mixin.py:104} INFO - [2022-05-21 14:52:33,508] {dag.py:2305} INFO - Setting next_dagrun for example_branch_datetime_operator_2 to 2022-05-19 00:00:00+00:00
[2022-05-21 14:52:33,544] {scheduler_job.py:190} INFO - Processing /home/airflow/.local/lib/python3.6/site-packages/airflow/example_dags/example_branch_datetime_operator.py took 0.232 seconds
[2022-05-21 14:54:35,067] {scheduler_job.py:182} INFO - Started process (PID=1696) to work on /home/airflow/.local/lib/python3.6/site-packages/airflow/example_dags/example_branch_datetime_operator.py
[2022-05-21 14:54:35,072] {scheduler_job.py:633} INFO - Processing file /home/airflow/.local/lib/python3.6/site-packages/airflow/example_dags/example_branch_datetime_operator.py for tasks to queue
[2022-05-21 14:54:35,076] {logging_mixin.py:104} INFO - [2022-05-21 14:54:35,075] {dagbag.py:487} INFO - Filling up the DagBag from /home/airflow/.local/lib/python3.6/site-packages/airflow/example_dags/example_branch_datetime_operator.py
[2022-05-21 14:54:35,131] {scheduler_job.py:643} INFO - DAG(s) dict_keys(['example_branch_datetime_operator_2']) retrieved from /home/airflow/.local/lib/python3.6/site-packages/airflow/example_dags/example_branch_datetime_operator.py
[2022-05-21 14:54:35,210] {logging_mixin.py:104} INFO - [2022-05-21 14:54:35,210] {dag.py:1832} INFO - Sync 1 DAGs
[2022-05-21 14:54:35,271] {logging_mixin.py:104} INFO - [2022-05-21 14:54:35,270] {dag.py:2305} INFO - Setting next_dagrun for example_branch_datetime_operator_2 to 2022-05-19 00:00:00+00:00
[2022-05-21 14:54:35,300] {scheduler_job.py:190} INFO - Processing /home/airflow/.local/lib/python3.6/site-packages/airflow/example_dags/example_branch_datetime_operator.py took 0.242 seconds
[2022-05-21 14:55:06,061] {scheduler_job.py:182} INFO - Started process (PID=1802) to work on /home/airflow/.local/lib/python3.6/site-packages/airflow/example_dags/example_branch_datetime_operator.py
[2022-05-21 14:55:06,067] {scheduler_job.py:633} INFO - Processing file /home/airflow/.local/lib/python3.6/site-packages/airflow/example_dags/example_branch_datetime_operator.py for tasks to queue
[2022-05-21 14:55:06,071] {logging_mixin.py:104} INFO - [2022-05-21 14:55:06,070] {dagbag.py:487} INFO - Filling up the DagBag from /home/airflow/.local/lib/python3.6/site-packages/airflow/example_dags/example_branch_datetime_operator.py
[2022-05-21 14:55:06,214] {scheduler_job.py:643} INFO - DAG(s) dict_keys(['example_branch_datetime_operator_2']) retrieved from /home/airflow/.local/lib/python3.6/site-packages/airflow/example_dags/example_branch_datetime_operator.py
[2022-05-21 14:55:06,392] {logging_mixin.py:104} INFO - [2022-05-21 14:55:06,391] {dag.py:1832} INFO - Sync 1 DAGs
[2022-05-21 14:55:06,547] {logging_mixin.py:104} INFO - [2022-05-21 14:55:06,546] {dag.py:2305} INFO - Setting next_dagrun for example_branch_datetime_operator_2 to 2022-05-19 00:00:00+00:00
[2022-05-21 14:55:06,616] {scheduler_job.py:190} INFO - Processing /home/airflow/.local/lib/python3.6/site-packages/airflow/example_dags/example_branch_datetime_operator.py took 0.579 seconds
