[2022-05-21 14:46:00,428] {scheduler_job.py:182} INFO - Started process (PID=533) to work on /home/airflow/.local/lib/python3.6/site-packages/airflow/example_dags/example_trigger_target_dag.py
[2022-05-21 14:46:00,432] {scheduler_job.py:633} INFO - Processing file /home/airflow/.local/lib/python3.6/site-packages/airflow/example_dags/example_trigger_target_dag.py for tasks to queue
[2022-05-21 14:46:00,434] {logging_mixin.py:104} INFO - [2022-05-21 14:46:00,434] {dagbag.py:487} INFO - Filling up the DagBag from /home/airflow/.local/lib/python3.6/site-packages/airflow/example_dags/example_trigger_target_dag.py
[2022-05-21 14:46:00,479] {scheduler_job.py:643} INFO - DAG(s) dict_keys(['example_trigger_target_dag']) retrieved from /home/airflow/.local/lib/python3.6/site-packages/airflow/example_dags/example_trigger_target_dag.py
[2022-05-21 14:46:12,917] {logging_mixin.py:104} INFO - [2022-05-21 14:46:12,909] {dag.py:1832} INFO - Sync 1 DAGs
[2022-05-21 14:46:12,969] {logging_mixin.py:104} INFO - [2022-05-21 14:46:12,963] {dag.py:1851} INFO - Creating ORM DAG for example_trigger_target_dag
[2022-05-21 14:46:12,989] {logging_mixin.py:104} INFO - [2022-05-21 14:46:12,988] {dag.py:2305} INFO - Setting next_dagrun for example_trigger_target_dag to None
[2022-05-21 14:46:13,028] {scheduler_job.py:190} INFO - Processing /home/airflow/.local/lib/python3.6/site-packages/airflow/example_dags/example_trigger_target_dag.py took 12.608 seconds
[2022-05-21 14:47:29,820] {scheduler_job.py:182} INFO - Started process (PID=723) to work on /home/airflow/.local/lib/python3.6/site-packages/airflow/example_dags/example_trigger_target_dag.py
[2022-05-21 14:47:29,826] {scheduler_job.py:633} INFO - Processing file /home/airflow/.local/lib/python3.6/site-packages/airflow/example_dags/example_trigger_target_dag.py for tasks to queue
[2022-05-21 14:47:29,829] {logging_mixin.py:104} INFO - [2022-05-21 14:47:29,829] {dagbag.py:487} INFO - Filling up the DagBag from /home/airflow/.local/lib/python3.6/site-packages/airflow/example_dags/example_trigger_target_dag.py
[2022-05-21 14:47:29,884] {scheduler_job.py:643} INFO - DAG(s) dict_keys(['example_trigger_target_dag']) retrieved from /home/airflow/.local/lib/python3.6/site-packages/airflow/example_dags/example_trigger_target_dag.py
[2022-05-21 14:47:29,945] {logging_mixin.py:104} INFO - [2022-05-21 14:47:29,944] {dag.py:1832} INFO - Sync 1 DAGs
[2022-05-21 14:47:29,991] {logging_mixin.py:104} INFO - [2022-05-21 14:47:29,990] {dag.py:2305} INFO - Setting next_dagrun for example_trigger_target_dag to None
[2022-05-21 14:47:30,025] {scheduler_job.py:190} INFO - Processing /home/airflow/.local/lib/python3.6/site-packages/airflow/example_dags/example_trigger_target_dag.py took 0.214 seconds
[2022-05-21 14:48:00,593] {scheduler_job.py:182} INFO - Started process (PID=808) to work on /home/airflow/.local/lib/python3.6/site-packages/airflow/example_dags/example_trigger_target_dag.py
[2022-05-21 14:48:00,596] {scheduler_job.py:633} INFO - Processing file /home/airflow/.local/lib/python3.6/site-packages/airflow/example_dags/example_trigger_target_dag.py for tasks to queue
[2022-05-21 14:48:00,599] {logging_mixin.py:104} INFO - [2022-05-21 14:48:00,599] {dagbag.py:487} INFO - Filling up the DagBag from /home/airflow/.local/lib/python3.6/site-packages/airflow/example_dags/example_trigger_target_dag.py
[2022-05-21 14:48:00,640] {scheduler_job.py:643} INFO - DAG(s) dict_keys(['example_trigger_target_dag']) retrieved from /home/airflow/.local/lib/python3.6/site-packages/airflow/example_dags/example_trigger_target_dag.py
[2022-05-21 14:48:00,687] {logging_mixin.py:104} INFO - [2022-05-21 14:48:00,686] {dag.py:1832} INFO - Sync 1 DAGs
[2022-05-21 14:48:00,718] {logging_mixin.py:104} INFO - [2022-05-21 14:48:00,718] {dag.py:2305} INFO - Setting next_dagrun for example_trigger_target_dag to None
[2022-05-21 14:48:00,742] {scheduler_job.py:190} INFO - Processing /home/airflow/.local/lib/python3.6/site-packages/airflow/example_dags/example_trigger_target_dag.py took 0.156 seconds
[2022-05-21 14:48:30,837] {scheduler_job.py:182} INFO - Started process (PID=918) to work on /home/airflow/.local/lib/python3.6/site-packages/airflow/example_dags/example_trigger_target_dag.py
[2022-05-21 14:48:30,843] {scheduler_job.py:633} INFO - Processing file /home/airflow/.local/lib/python3.6/site-packages/airflow/example_dags/example_trigger_target_dag.py for tasks to queue
[2022-05-21 14:48:30,846] {logging_mixin.py:104} INFO - [2022-05-21 14:48:30,846] {dagbag.py:487} INFO - Filling up the DagBag from /home/airflow/.local/lib/python3.6/site-packages/airflow/example_dags/example_trigger_target_dag.py
[2022-05-21 14:48:30,907] {scheduler_job.py:643} INFO - DAG(s) dict_keys(['example_trigger_target_dag']) retrieved from /home/airflow/.local/lib/python3.6/site-packages/airflow/example_dags/example_trigger_target_dag.py
[2022-05-21 14:48:30,961] {logging_mixin.py:104} INFO - [2022-05-21 14:48:30,960] {dag.py:1832} INFO - Sync 1 DAGs
[2022-05-21 14:48:30,999] {logging_mixin.py:104} INFO - [2022-05-21 14:48:30,999] {dag.py:2305} INFO - Setting next_dagrun for example_trigger_target_dag to None
[2022-05-21 14:48:31,027] {scheduler_job.py:190} INFO - Processing /home/airflow/.local/lib/python3.6/site-packages/airflow/example_dags/example_trigger_target_dag.py took 0.198 seconds
[2022-05-21 14:49:01,197] {scheduler_job.py:182} INFO - Started process (PID=1013) to work on /home/airflow/.local/lib/python3.6/site-packages/airflow/example_dags/example_trigger_target_dag.py
[2022-05-21 14:49:01,201] {scheduler_job.py:633} INFO - Processing file /home/airflow/.local/lib/python3.6/site-packages/airflow/example_dags/example_trigger_target_dag.py for tasks to queue
[2022-05-21 14:49:01,204] {logging_mixin.py:104} INFO - [2022-05-21 14:49:01,204] {dagbag.py:487} INFO - Filling up the DagBag from /home/airflow/.local/lib/python3.6/site-packages/airflow/example_dags/example_trigger_target_dag.py
[2022-05-21 14:49:01,257] {scheduler_job.py:643} INFO - DAG(s) dict_keys(['example_trigger_target_dag']) retrieved from /home/airflow/.local/lib/python3.6/site-packages/airflow/example_dags/example_trigger_target_dag.py
[2022-05-21 14:49:01,309] {logging_mixin.py:104} INFO - [2022-05-21 14:49:01,308] {dag.py:1832} INFO - Sync 1 DAGs
[2022-05-21 14:49:01,345] {logging_mixin.py:104} INFO - [2022-05-21 14:49:01,345] {dag.py:2305} INFO - Setting next_dagrun for example_trigger_target_dag to None
[2022-05-21 14:49:01,372] {scheduler_job.py:190} INFO - Processing /home/airflow/.local/lib/python3.6/site-packages/airflow/example_dags/example_trigger_target_dag.py took 0.201 seconds
[2022-05-21 14:49:32,216] {scheduler_job.py:182} INFO - Started process (PID=1114) to work on /home/airflow/.local/lib/python3.6/site-packages/airflow/example_dags/example_trigger_target_dag.py
[2022-05-21 14:49:32,220] {scheduler_job.py:633} INFO - Processing file /home/airflow/.local/lib/python3.6/site-packages/airflow/example_dags/example_trigger_target_dag.py for tasks to queue
[2022-05-21 14:49:32,223] {logging_mixin.py:104} INFO - [2022-05-21 14:49:32,223] {dagbag.py:487} INFO - Filling up the DagBag from /home/airflow/.local/lib/python3.6/site-packages/airflow/example_dags/example_trigger_target_dag.py
[2022-05-21 14:49:32,269] {scheduler_job.py:643} INFO - DAG(s) dict_keys(['example_trigger_target_dag']) retrieved from /home/airflow/.local/lib/python3.6/site-packages/airflow/example_dags/example_trigger_target_dag.py
[2022-05-21 14:49:32,322] {logging_mixin.py:104} INFO - [2022-05-21 14:49:32,322] {dag.py:1832} INFO - Sync 1 DAGs
[2022-05-21 14:49:32,358] {logging_mixin.py:104} INFO - [2022-05-21 14:49:32,358] {dag.py:2305} INFO - Setting next_dagrun for example_trigger_target_dag to None
[2022-05-21 14:49:32,387] {scheduler_job.py:190} INFO - Processing /home/airflow/.local/lib/python3.6/site-packages/airflow/example_dags/example_trigger_target_dag.py took 0.177 seconds
[2022-05-21 14:50:03,528] {scheduler_job.py:182} INFO - Started process (PID=1216) to work on /home/airflow/.local/lib/python3.6/site-packages/airflow/example_dags/example_trigger_target_dag.py
[2022-05-21 14:50:03,532] {scheduler_job.py:633} INFO - Processing file /home/airflow/.local/lib/python3.6/site-packages/airflow/example_dags/example_trigger_target_dag.py for tasks to queue
[2022-05-21 14:50:03,535] {logging_mixin.py:104} INFO - [2022-05-21 14:50:03,535] {dagbag.py:487} INFO - Filling up the DagBag from /home/airflow/.local/lib/python3.6/site-packages/airflow/example_dags/example_trigger_target_dag.py
[2022-05-21 14:50:03,587] {scheduler_job.py:643} INFO - DAG(s) dict_keys(['example_trigger_target_dag']) retrieved from /home/airflow/.local/lib/python3.6/site-packages/airflow/example_dags/example_trigger_target_dag.py
[2022-05-21 14:50:03,646] {logging_mixin.py:104} INFO - [2022-05-21 14:50:03,646] {dag.py:1832} INFO - Sync 1 DAGs
[2022-05-21 14:50:03,706] {logging_mixin.py:104} INFO - [2022-05-21 14:50:03,706] {dag.py:2305} INFO - Setting next_dagrun for example_trigger_target_dag to None
[2022-05-21 14:50:03,751] {scheduler_job.py:190} INFO - Processing /home/airflow/.local/lib/python3.6/site-packages/airflow/example_dags/example_trigger_target_dag.py took 0.230 seconds
[2022-05-21 14:50:34,318] {scheduler_job.py:182} INFO - Started process (PID=1308) to work on /home/airflow/.local/lib/python3.6/site-packages/airflow/example_dags/example_trigger_target_dag.py
[2022-05-21 14:50:34,322] {scheduler_job.py:633} INFO - Processing file /home/airflow/.local/lib/python3.6/site-packages/airflow/example_dags/example_trigger_target_dag.py for tasks to queue
[2022-05-21 14:50:34,325] {logging_mixin.py:104} INFO - [2022-05-21 14:50:34,325] {dagbag.py:487} INFO - Filling up the DagBag from /home/airflow/.local/lib/python3.6/site-packages/airflow/example_dags/example_trigger_target_dag.py
[2022-05-21 14:50:34,373] {scheduler_job.py:643} INFO - DAG(s) dict_keys(['example_trigger_target_dag']) retrieved from /home/airflow/.local/lib/python3.6/site-packages/airflow/example_dags/example_trigger_target_dag.py
[2022-05-21 14:50:34,428] {logging_mixin.py:104} INFO - [2022-05-21 14:50:34,427] {dag.py:1832} INFO - Sync 1 DAGs
[2022-05-21 14:50:34,464] {logging_mixin.py:104} INFO - [2022-05-21 14:50:34,464] {dag.py:2305} INFO - Setting next_dagrun for example_trigger_target_dag to None
[2022-05-21 14:50:34,490] {scheduler_job.py:190} INFO - Processing /home/airflow/.local/lib/python3.6/site-packages/airflow/example_dags/example_trigger_target_dag.py took 0.178 seconds
[2022-05-21 14:51:04,667] {scheduler_job.py:182} INFO - Started process (PID=1411) to work on /home/airflow/.local/lib/python3.6/site-packages/airflow/example_dags/example_trigger_target_dag.py
[2022-05-21 14:51:04,671] {scheduler_job.py:633} INFO - Processing file /home/airflow/.local/lib/python3.6/site-packages/airflow/example_dags/example_trigger_target_dag.py for tasks to queue
[2022-05-21 14:51:04,675] {logging_mixin.py:104} INFO - [2022-05-21 14:51:04,673] {dagbag.py:487} INFO - Filling up the DagBag from /home/airflow/.local/lib/python3.6/site-packages/airflow/example_dags/example_trigger_target_dag.py
[2022-05-21 14:51:04,724] {scheduler_job.py:643} INFO - DAG(s) dict_keys(['example_trigger_target_dag']) retrieved from /home/airflow/.local/lib/python3.6/site-packages/airflow/example_dags/example_trigger_target_dag.py
[2022-05-21 14:51:04,778] {logging_mixin.py:104} INFO - [2022-05-21 14:51:04,778] {dag.py:1832} INFO - Sync 1 DAGs
[2022-05-21 14:51:04,817] {logging_mixin.py:104} INFO - [2022-05-21 14:51:04,816] {dag.py:2305} INFO - Setting next_dagrun for example_trigger_target_dag to None
[2022-05-21 14:51:04,846] {scheduler_job.py:190} INFO - Processing /home/airflow/.local/lib/python3.6/site-packages/airflow/example_dags/example_trigger_target_dag.py took 0.185 seconds
[2022-05-21 14:51:34,966] {scheduler_job.py:182} INFO - Started process (PID=1500) to work on /home/airflow/.local/lib/python3.6/site-packages/airflow/example_dags/example_trigger_target_dag.py
[2022-05-21 14:51:34,970] {scheduler_job.py:633} INFO - Processing file /home/airflow/.local/lib/python3.6/site-packages/airflow/example_dags/example_trigger_target_dag.py for tasks to queue
[2022-05-21 14:51:34,972] {logging_mixin.py:104} INFO - [2022-05-21 14:51:34,971] {dagbag.py:487} INFO - Filling up the DagBag from /home/airflow/.local/lib/python3.6/site-packages/airflow/example_dags/example_trigger_target_dag.py
[2022-05-21 14:51:35,016] {scheduler_job.py:643} INFO - DAG(s) dict_keys(['example_trigger_target_dag']) retrieved from /home/airflow/.local/lib/python3.6/site-packages/airflow/example_dags/example_trigger_target_dag.py
[2022-05-21 14:51:35,063] {logging_mixin.py:104} INFO - [2022-05-21 14:51:35,062] {dag.py:1832} INFO - Sync 1 DAGs
[2022-05-21 14:51:35,092] {logging_mixin.py:104} INFO - [2022-05-21 14:51:35,091] {dag.py:2305} INFO - Setting next_dagrun for example_trigger_target_dag to None
[2022-05-21 14:51:35,113] {scheduler_job.py:190} INFO - Processing /home/airflow/.local/lib/python3.6/site-packages/airflow/example_dags/example_trigger_target_dag.py took 0.153 seconds
[2022-05-21 14:52:05,487] {scheduler_job.py:182} INFO - Started process (PID=1602) to work on /home/airflow/.local/lib/python3.6/site-packages/airflow/example_dags/example_trigger_target_dag.py
[2022-05-21 14:52:05,491] {scheduler_job.py:633} INFO - Processing file /home/airflow/.local/lib/python3.6/site-packages/airflow/example_dags/example_trigger_target_dag.py for tasks to queue
[2022-05-21 14:52:05,494] {logging_mixin.py:104} INFO - [2022-05-21 14:52:05,494] {dagbag.py:487} INFO - Filling up the DagBag from /home/airflow/.local/lib/python3.6/site-packages/airflow/example_dags/example_trigger_target_dag.py
[2022-05-21 14:52:05,541] {scheduler_job.py:643} INFO - DAG(s) dict_keys(['example_trigger_target_dag']) retrieved from /home/airflow/.local/lib/python3.6/site-packages/airflow/example_dags/example_trigger_target_dag.py
[2022-05-21 14:52:05,591] {logging_mixin.py:104} INFO - [2022-05-21 14:52:05,590] {dag.py:1832} INFO - Sync 1 DAGs
[2022-05-21 14:52:05,626] {logging_mixin.py:104} INFO - [2022-05-21 14:52:05,625] {dag.py:2305} INFO - Setting next_dagrun for example_trigger_target_dag to None
[2022-05-21 14:52:05,651] {scheduler_job.py:190} INFO - Processing /home/airflow/.local/lib/python3.6/site-packages/airflow/example_dags/example_trigger_target_dag.py took 0.171 seconds
[2022-05-21 14:54:37,822] {scheduler_job.py:182} INFO - Started process (PID=1716) to work on /home/airflow/.local/lib/python3.6/site-packages/airflow/example_dags/example_trigger_target_dag.py
[2022-05-21 14:54:37,833] {scheduler_job.py:633} INFO - Processing file /home/airflow/.local/lib/python3.6/site-packages/airflow/example_dags/example_trigger_target_dag.py for tasks to queue
[2022-05-21 14:54:37,837] {logging_mixin.py:104} INFO - [2022-05-21 14:54:37,836] {dagbag.py:487} INFO - Filling up the DagBag from /home/airflow/.local/lib/python3.6/site-packages/airflow/example_dags/example_trigger_target_dag.py
[2022-05-21 14:54:37,917] {scheduler_job.py:643} INFO - DAG(s) dict_keys(['example_trigger_target_dag']) retrieved from /home/airflow/.local/lib/python3.6/site-packages/airflow/example_dags/example_trigger_target_dag.py
[2022-05-21 14:54:38,009] {logging_mixin.py:104} INFO - [2022-05-21 14:54:38,008] {dag.py:1832} INFO - Sync 1 DAGs
[2022-05-21 14:54:38,070] {logging_mixin.py:104} INFO - [2022-05-21 14:54:38,070] {dag.py:2305} INFO - Setting next_dagrun for example_trigger_target_dag to None
[2022-05-21 14:54:38,112] {scheduler_job.py:190} INFO - Processing /home/airflow/.local/lib/python3.6/site-packages/airflow/example_dags/example_trigger_target_dag.py took 0.297 seconds
[2022-05-21 14:55:09,780] {scheduler_job.py:182} INFO - Started process (PID=1822) to work on /home/airflow/.local/lib/python3.6/site-packages/airflow/example_dags/example_trigger_target_dag.py
[2022-05-21 14:55:09,785] {scheduler_job.py:633} INFO - Processing file /home/airflow/.local/lib/python3.6/site-packages/airflow/example_dags/example_trigger_target_dag.py for tasks to queue
[2022-05-21 14:55:09,793] {logging_mixin.py:104} INFO - [2022-05-21 14:55:09,792] {dagbag.py:487} INFO - Filling up the DagBag from /home/airflow/.local/lib/python3.6/site-packages/airflow/example_dags/example_trigger_target_dag.py
[2022-05-21 14:55:09,951] {scheduler_job.py:643} INFO - DAG(s) dict_keys(['example_trigger_target_dag']) retrieved from /home/airflow/.local/lib/python3.6/site-packages/airflow/example_dags/example_trigger_target_dag.py
[2022-05-21 14:55:10,085] {logging_mixin.py:104} INFO - [2022-05-21 14:55:10,085] {dag.py:1832} INFO - Sync 1 DAGs
[2022-05-21 14:55:10,219] {logging_mixin.py:104} INFO - [2022-05-21 14:55:10,217] {dag.py:2305} INFO - Setting next_dagrun for example_trigger_target_dag to None
[2022-05-21 14:55:10,302] {scheduler_job.py:190} INFO - Processing /home/airflow/.local/lib/python3.6/site-packages/airflow/example_dags/example_trigger_target_dag.py took 0.542 seconds
