[2022-05-21 14:45:12,044] {scheduler_job.py:182} INFO - Started process (PID=459) to work on /home/airflow/.local/lib/python3.6/site-packages/airflow/example_dags/example_short_circuit_operator.py
[2022-05-21 14:45:12,049] {scheduler_job.py:633} INFO - Processing file /home/airflow/.local/lib/python3.6/site-packages/airflow/example_dags/example_short_circuit_operator.py for tasks to queue
[2022-05-21 14:45:12,053] {logging_mixin.py:104} INFO - [2022-05-21 14:45:12,052] {dagbag.py:487} INFO - Filling up the DagBag from /home/airflow/.local/lib/python3.6/site-packages/airflow/example_dags/example_short_circuit_operator.py
[2022-05-21 14:45:12,111] {scheduler_job.py:643} INFO - DAG(s) dict_keys(['example_short_circuit_operator']) retrieved from /home/airflow/.local/lib/python3.6/site-packages/airflow/example_dags/example_short_circuit_operator.py
[2022-05-21 14:45:23,459] {logging_mixin.py:104} INFO - [2022-05-21 14:45:23,452] {dag.py:1832} INFO - Sync 1 DAGs
[2022-05-21 14:45:23,517] {logging_mixin.py:104} INFO - [2022-05-21 14:45:23,509] {dag.py:1851} INFO - Creating ORM DAG for example_short_circuit_operator
[2022-05-21 14:45:23,538] {logging_mixin.py:104} INFO - [2022-05-21 14:45:23,538] {dag.py:2305} INFO - Setting next_dagrun for example_short_circuit_operator to 2022-05-19 00:00:00+00:00
[2022-05-21 14:45:23,581] {scheduler_job.py:190} INFO - Processing /home/airflow/.local/lib/python3.6/site-packages/airflow/example_dags/example_short_circuit_operator.py took 11.545 seconds
[2022-05-21 14:47:27,806] {scheduler_job.py:182} INFO - Started process (PID=707) to work on /home/airflow/.local/lib/python3.6/site-packages/airflow/example_dags/example_short_circuit_operator.py
[2022-05-21 14:47:27,812] {scheduler_job.py:633} INFO - Processing file /home/airflow/.local/lib/python3.6/site-packages/airflow/example_dags/example_short_circuit_operator.py for tasks to queue
[2022-05-21 14:47:27,817] {logging_mixin.py:104} INFO - [2022-05-21 14:47:27,816] {dagbag.py:487} INFO - Filling up the DagBag from /home/airflow/.local/lib/python3.6/site-packages/airflow/example_dags/example_short_circuit_operator.py
[2022-05-21 14:47:27,892] {scheduler_job.py:643} INFO - DAG(s) dict_keys(['example_short_circuit_operator']) retrieved from /home/airflow/.local/lib/python3.6/site-packages/airflow/example_dags/example_short_circuit_operator.py
[2022-05-21 14:47:27,956] {logging_mixin.py:104} INFO - [2022-05-21 14:47:27,956] {dag.py:1832} INFO - Sync 1 DAGs
[2022-05-21 14:47:28,003] {logging_mixin.py:104} INFO - [2022-05-21 14:47:28,003] {dag.py:2305} INFO - Setting next_dagrun for example_short_circuit_operator to 2022-05-19 00:00:00+00:00
[2022-05-21 14:47:28,035] {scheduler_job.py:190} INFO - Processing /home/airflow/.local/lib/python3.6/site-packages/airflow/example_dags/example_short_circuit_operator.py took 0.236 seconds
[2022-05-21 14:47:58,526] {scheduler_job.py:182} INFO - Started process (PID=792) to work on /home/airflow/.local/lib/python3.6/site-packages/airflow/example_dags/example_short_circuit_operator.py
[2022-05-21 14:47:58,530] {scheduler_job.py:633} INFO - Processing file /home/airflow/.local/lib/python3.6/site-packages/airflow/example_dags/example_short_circuit_operator.py for tasks to queue
[2022-05-21 14:47:58,532] {logging_mixin.py:104} INFO - [2022-05-21 14:47:58,532] {dagbag.py:487} INFO - Filling up the DagBag from /home/airflow/.local/lib/python3.6/site-packages/airflow/example_dags/example_short_circuit_operator.py
[2022-05-21 14:47:58,573] {scheduler_job.py:643} INFO - DAG(s) dict_keys(['example_short_circuit_operator']) retrieved from /home/airflow/.local/lib/python3.6/site-packages/airflow/example_dags/example_short_circuit_operator.py
[2022-05-21 14:47:58,626] {logging_mixin.py:104} INFO - [2022-05-21 14:47:58,625] {dag.py:1832} INFO - Sync 1 DAGs
[2022-05-21 14:47:58,661] {logging_mixin.py:104} INFO - [2022-05-21 14:47:58,660] {dag.py:2305} INFO - Setting next_dagrun for example_short_circuit_operator to 2022-05-19 00:00:00+00:00
[2022-05-21 14:47:58,684] {scheduler_job.py:190} INFO - Processing /home/airflow/.local/lib/python3.6/site-packages/airflow/example_dags/example_short_circuit_operator.py took 0.164 seconds
[2022-05-21 14:48:29,181] {scheduler_job.py:182} INFO - Started process (PID=901) to work on /home/airflow/.local/lib/python3.6/site-packages/airflow/example_dags/example_short_circuit_operator.py
[2022-05-21 14:48:29,185] {scheduler_job.py:633} INFO - Processing file /home/airflow/.local/lib/python3.6/site-packages/airflow/example_dags/example_short_circuit_operator.py for tasks to queue
[2022-05-21 14:48:29,189] {logging_mixin.py:104} INFO - [2022-05-21 14:48:29,189] {dagbag.py:487} INFO - Filling up the DagBag from /home/airflow/.local/lib/python3.6/site-packages/airflow/example_dags/example_short_circuit_operator.py
[2022-05-21 14:48:29,238] {scheduler_job.py:643} INFO - DAG(s) dict_keys(['example_short_circuit_operator']) retrieved from /home/airflow/.local/lib/python3.6/site-packages/airflow/example_dags/example_short_circuit_operator.py
[2022-05-21 14:48:29,301] {logging_mixin.py:104} INFO - [2022-05-21 14:48:29,300] {dag.py:1832} INFO - Sync 1 DAGs
[2022-05-21 14:48:29,342] {logging_mixin.py:104} INFO - [2022-05-21 14:48:29,341] {dag.py:2305} INFO - Setting next_dagrun for example_short_circuit_operator to 2022-05-19 00:00:00+00:00
[2022-05-21 14:48:29,374] {scheduler_job.py:190} INFO - Processing /home/airflow/.local/lib/python3.6/site-packages/airflow/example_dags/example_short_circuit_operator.py took 0.201 seconds
[2022-05-21 14:48:59,866] {scheduler_job.py:182} INFO - Started process (PID=988) to work on /home/airflow/.local/lib/python3.6/site-packages/airflow/example_dags/example_short_circuit_operator.py
[2022-05-21 14:48:59,869] {scheduler_job.py:633} INFO - Processing file /home/airflow/.local/lib/python3.6/site-packages/airflow/example_dags/example_short_circuit_operator.py for tasks to queue
[2022-05-21 14:48:59,871] {logging_mixin.py:104} INFO - [2022-05-21 14:48:59,870] {dagbag.py:487} INFO - Filling up the DagBag from /home/airflow/.local/lib/python3.6/site-packages/airflow/example_dags/example_short_circuit_operator.py
[2022-05-21 14:48:59,909] {scheduler_job.py:643} INFO - DAG(s) dict_keys(['example_short_circuit_operator']) retrieved from /home/airflow/.local/lib/python3.6/site-packages/airflow/example_dags/example_short_circuit_operator.py
[2022-05-21 14:48:59,958] {logging_mixin.py:104} INFO - [2022-05-21 14:48:59,957] {dag.py:1832} INFO - Sync 1 DAGs
[2022-05-21 14:48:59,989] {logging_mixin.py:104} INFO - [2022-05-21 14:48:59,988] {dag.py:2305} INFO - Setting next_dagrun for example_short_circuit_operator to 2022-05-19 00:00:00+00:00
[2022-05-21 14:49:00,012] {scheduler_job.py:190} INFO - Processing /home/airflow/.local/lib/python3.6/site-packages/airflow/example_dags/example_short_circuit_operator.py took 0.153 seconds
[2022-05-21 14:49:30,299] {scheduler_job.py:182} INFO - Started process (PID=1098) to work on /home/airflow/.local/lib/python3.6/site-packages/airflow/example_dags/example_short_circuit_operator.py
[2022-05-21 14:49:30,303] {scheduler_job.py:633} INFO - Processing file /home/airflow/.local/lib/python3.6/site-packages/airflow/example_dags/example_short_circuit_operator.py for tasks to queue
[2022-05-21 14:49:30,307] {logging_mixin.py:104} INFO - [2022-05-21 14:49:30,306] {dagbag.py:487} INFO - Filling up the DagBag from /home/airflow/.local/lib/python3.6/site-packages/airflow/example_dags/example_short_circuit_operator.py
[2022-05-21 14:49:30,358] {scheduler_job.py:643} INFO - DAG(s) dict_keys(['example_short_circuit_operator']) retrieved from /home/airflow/.local/lib/python3.6/site-packages/airflow/example_dags/example_short_circuit_operator.py
[2022-05-21 14:49:30,417] {logging_mixin.py:104} INFO - [2022-05-21 14:49:30,417] {dag.py:1832} INFO - Sync 1 DAGs
[2022-05-21 14:49:30,457] {logging_mixin.py:104} INFO - [2022-05-21 14:49:30,456] {dag.py:2305} INFO - Setting next_dagrun for example_short_circuit_operator to 2022-05-19 00:00:00+00:00
[2022-05-21 14:49:30,482] {scheduler_job.py:190} INFO - Processing /home/airflow/.local/lib/python3.6/site-packages/airflow/example_dags/example_short_circuit_operator.py took 0.190 seconds
[2022-05-21 14:50:00,633] {scheduler_job.py:182} INFO - Started process (PID=1183) to work on /home/airflow/.local/lib/python3.6/site-packages/airflow/example_dags/example_short_circuit_operator.py
[2022-05-21 14:50:00,636] {scheduler_job.py:633} INFO - Processing file /home/airflow/.local/lib/python3.6/site-packages/airflow/example_dags/example_short_circuit_operator.py for tasks to queue
[2022-05-21 14:50:00,639] {logging_mixin.py:104} INFO - [2022-05-21 14:50:00,638] {dagbag.py:487} INFO - Filling up the DagBag from /home/airflow/.local/lib/python3.6/site-packages/airflow/example_dags/example_short_circuit_operator.py
[2022-05-21 14:50:00,677] {scheduler_job.py:643} INFO - DAG(s) dict_keys(['example_short_circuit_operator']) retrieved from /home/airflow/.local/lib/python3.6/site-packages/airflow/example_dags/example_short_circuit_operator.py
[2022-05-21 14:50:00,725] {logging_mixin.py:104} INFO - [2022-05-21 14:50:00,724] {dag.py:1832} INFO - Sync 1 DAGs
[2022-05-21 14:50:00,755] {logging_mixin.py:104} INFO - [2022-05-21 14:50:00,755] {dag.py:2305} INFO - Setting next_dagrun for example_short_circuit_operator to 2022-05-19 00:00:00+00:00
[2022-05-21 14:50:00,779] {scheduler_job.py:190} INFO - Processing /home/airflow/.local/lib/python3.6/site-packages/airflow/example_dags/example_short_circuit_operator.py took 0.152 seconds
[2022-05-21 14:50:31,330] {scheduler_job.py:182} INFO - Started process (PID=1292) to work on /home/airflow/.local/lib/python3.6/site-packages/airflow/example_dags/example_short_circuit_operator.py
[2022-05-21 14:50:31,334] {scheduler_job.py:633} INFO - Processing file /home/airflow/.local/lib/python3.6/site-packages/airflow/example_dags/example_short_circuit_operator.py for tasks to queue
[2022-05-21 14:50:31,337] {logging_mixin.py:104} INFO - [2022-05-21 14:50:31,337] {dagbag.py:487} INFO - Filling up the DagBag from /home/airflow/.local/lib/python3.6/site-packages/airflow/example_dags/example_short_circuit_operator.py
[2022-05-21 14:50:31,386] {scheduler_job.py:643} INFO - DAG(s) dict_keys(['example_short_circuit_operator']) retrieved from /home/airflow/.local/lib/python3.6/site-packages/airflow/example_dags/example_short_circuit_operator.py
[2022-05-21 14:50:31,444] {logging_mixin.py:104} INFO - [2022-05-21 14:50:31,444] {dag.py:1832} INFO - Sync 1 DAGs
[2022-05-21 14:50:31,481] {logging_mixin.py:104} INFO - [2022-05-21 14:50:31,481] {dag.py:2305} INFO - Setting next_dagrun for example_short_circuit_operator to 2022-05-19 00:00:00+00:00
[2022-05-21 14:50:31,509] {scheduler_job.py:190} INFO - Processing /home/airflow/.local/lib/python3.6/site-packages/airflow/example_dags/example_short_circuit_operator.py took 0.186 seconds
[2022-05-21 14:51:01,607] {scheduler_job.py:182} INFO - Started process (PID=1389) to work on /home/airflow/.local/lib/python3.6/site-packages/airflow/example_dags/example_short_circuit_operator.py
[2022-05-21 14:51:01,612] {scheduler_job.py:633} INFO - Processing file /home/airflow/.local/lib/python3.6/site-packages/airflow/example_dags/example_short_circuit_operator.py for tasks to queue
[2022-05-21 14:51:01,615] {logging_mixin.py:104} INFO - [2022-05-21 14:51:01,615] {dagbag.py:487} INFO - Filling up the DagBag from /home/airflow/.local/lib/python3.6/site-packages/airflow/example_dags/example_short_circuit_operator.py
[2022-05-21 14:51:01,661] {scheduler_job.py:643} INFO - DAG(s) dict_keys(['example_short_circuit_operator']) retrieved from /home/airflow/.local/lib/python3.6/site-packages/airflow/example_dags/example_short_circuit_operator.py
[2022-05-21 14:51:01,719] {logging_mixin.py:104} INFO - [2022-05-21 14:51:01,718] {dag.py:1832} INFO - Sync 1 DAGs
[2022-05-21 14:51:01,756] {logging_mixin.py:104} INFO - [2022-05-21 14:51:01,756] {dag.py:2305} INFO - Setting next_dagrun for example_short_circuit_operator to 2022-05-19 00:00:00+00:00
[2022-05-21 14:51:01,784] {scheduler_job.py:190} INFO - Processing /home/airflow/.local/lib/python3.6/site-packages/airflow/example_dags/example_short_circuit_operator.py took 0.184 seconds
[2022-05-21 14:51:32,065] {scheduler_job.py:182} INFO - Started process (PID=1486) to work on /home/airflow/.local/lib/python3.6/site-packages/airflow/example_dags/example_short_circuit_operator.py
[2022-05-21 14:51:32,069] {scheduler_job.py:633} INFO - Processing file /home/airflow/.local/lib/python3.6/site-packages/airflow/example_dags/example_short_circuit_operator.py for tasks to queue
[2022-05-21 14:51:32,072] {logging_mixin.py:104} INFO - [2022-05-21 14:51:32,071] {dagbag.py:487} INFO - Filling up the DagBag from /home/airflow/.local/lib/python3.6/site-packages/airflow/example_dags/example_short_circuit_operator.py
[2022-05-21 14:51:32,113] {scheduler_job.py:643} INFO - DAG(s) dict_keys(['example_short_circuit_operator']) retrieved from /home/airflow/.local/lib/python3.6/site-packages/airflow/example_dags/example_short_circuit_operator.py
[2022-05-21 14:51:32,173] {logging_mixin.py:104} INFO - [2022-05-21 14:51:32,173] {dag.py:1832} INFO - Sync 1 DAGs
[2022-05-21 14:51:32,217] {logging_mixin.py:104} INFO - [2022-05-21 14:51:32,216] {dag.py:2305} INFO - Setting next_dagrun for example_short_circuit_operator to 2022-05-19 00:00:00+00:00
[2022-05-21 14:51:32,247] {scheduler_job.py:190} INFO - Processing /home/airflow/.local/lib/python3.6/site-packages/airflow/example_dags/example_short_circuit_operator.py took 0.189 seconds
[2022-05-21 14:52:02,431] {scheduler_job.py:182} INFO - Started process (PID=1582) to work on /home/airflow/.local/lib/python3.6/site-packages/airflow/example_dags/example_short_circuit_operator.py
[2022-05-21 14:52:02,436] {scheduler_job.py:633} INFO - Processing file /home/airflow/.local/lib/python3.6/site-packages/airflow/example_dags/example_short_circuit_operator.py for tasks to queue
[2022-05-21 14:52:02,439] {logging_mixin.py:104} INFO - [2022-05-21 14:52:02,439] {dagbag.py:487} INFO - Filling up the DagBag from /home/airflow/.local/lib/python3.6/site-packages/airflow/example_dags/example_short_circuit_operator.py
[2022-05-21 14:52:02,496] {scheduler_job.py:643} INFO - DAG(s) dict_keys(['example_short_circuit_operator']) retrieved from /home/airflow/.local/lib/python3.6/site-packages/airflow/example_dags/example_short_circuit_operator.py
[2022-05-21 14:52:02,553] {logging_mixin.py:104} INFO - [2022-05-21 14:52:02,552] {dag.py:1832} INFO - Sync 1 DAGs
[2022-05-21 14:52:02,591] {logging_mixin.py:104} INFO - [2022-05-21 14:52:02,590] {dag.py:2305} INFO - Setting next_dagrun for example_short_circuit_operator to 2022-05-19 00:00:00+00:00
[2022-05-21 14:52:02,617] {scheduler_job.py:190} INFO - Processing /home/airflow/.local/lib/python3.6/site-packages/airflow/example_dags/example_short_circuit_operator.py took 0.196 seconds
[2022-05-21 14:52:33,329] {scheduler_job.py:182} INFO - Started process (PID=1680) to work on /home/airflow/.local/lib/python3.6/site-packages/airflow/example_dags/example_short_circuit_operator.py
[2022-05-21 14:52:33,334] {scheduler_job.py:633} INFO - Processing file /home/airflow/.local/lib/python3.6/site-packages/airflow/example_dags/example_short_circuit_operator.py for tasks to queue
[2022-05-21 14:52:33,338] {logging_mixin.py:104} INFO - [2022-05-21 14:52:33,338] {dagbag.py:487} INFO - Filling up the DagBag from /home/airflow/.local/lib/python3.6/site-packages/airflow/example_dags/example_short_circuit_operator.py
[2022-05-21 14:52:33,393] {scheduler_job.py:643} INFO - DAG(s) dict_keys(['example_short_circuit_operator']) retrieved from /home/airflow/.local/lib/python3.6/site-packages/airflow/example_dags/example_short_circuit_operator.py
[2022-05-21 14:52:33,455] {logging_mixin.py:104} INFO - [2022-05-21 14:52:33,455] {dag.py:1832} INFO - Sync 1 DAGs
[2022-05-21 14:52:33,493] {logging_mixin.py:104} INFO - [2022-05-21 14:52:33,492] {dag.py:2305} INFO - Setting next_dagrun for example_short_circuit_operator to 2022-05-19 00:00:00+00:00
[2022-05-21 14:52:33,533] {scheduler_job.py:190} INFO - Processing /home/airflow/.local/lib/python3.6/site-packages/airflow/example_dags/example_short_circuit_operator.py took 0.212 seconds
[2022-05-21 14:54:35,355] {scheduler_job.py:182} INFO - Started process (PID=1700) to work on /home/airflow/.local/lib/python3.6/site-packages/airflow/example_dags/example_short_circuit_operator.py
[2022-05-21 14:54:35,360] {scheduler_job.py:633} INFO - Processing file /home/airflow/.local/lib/python3.6/site-packages/airflow/example_dags/example_short_circuit_operator.py for tasks to queue
[2022-05-21 14:54:35,364] {logging_mixin.py:104} INFO - [2022-05-21 14:54:35,364] {dagbag.py:487} INFO - Filling up the DagBag from /home/airflow/.local/lib/python3.6/site-packages/airflow/example_dags/example_short_circuit_operator.py
[2022-05-21 14:54:35,444] {scheduler_job.py:643} INFO - DAG(s) dict_keys(['example_short_circuit_operator']) retrieved from /home/airflow/.local/lib/python3.6/site-packages/airflow/example_dags/example_short_circuit_operator.py
[2022-05-21 14:54:35,558] {logging_mixin.py:104} INFO - [2022-05-21 14:54:35,558] {dag.py:1832} INFO - Sync 1 DAGs
[2022-05-21 14:54:35,631] {logging_mixin.py:104} INFO - [2022-05-21 14:54:35,630] {dag.py:2305} INFO - Setting next_dagrun for example_short_circuit_operator to 2022-05-19 00:00:00+00:00
[2022-05-21 14:54:35,677] {scheduler_job.py:190} INFO - Processing /home/airflow/.local/lib/python3.6/site-packages/airflow/example_dags/example_short_circuit_operator.py took 0.334 seconds
[2022-05-21 14:55:06,128] {scheduler_job.py:182} INFO - Started process (PID=1804) to work on /home/airflow/.local/lib/python3.6/site-packages/airflow/example_dags/example_short_circuit_operator.py
[2022-05-21 14:55:06,139] {scheduler_job.py:633} INFO - Processing file /home/airflow/.local/lib/python3.6/site-packages/airflow/example_dags/example_short_circuit_operator.py for tasks to queue
[2022-05-21 14:55:06,146] {logging_mixin.py:104} INFO - [2022-05-21 14:55:06,145] {dagbag.py:487} INFO - Filling up the DagBag from /home/airflow/.local/lib/python3.6/site-packages/airflow/example_dags/example_short_circuit_operator.py
[2022-05-21 14:55:06,243] {scheduler_job.py:643} INFO - DAG(s) dict_keys(['example_short_circuit_operator']) retrieved from /home/airflow/.local/lib/python3.6/site-packages/airflow/example_dags/example_short_circuit_operator.py
[2022-05-21 14:55:06,394] {logging_mixin.py:104} INFO - [2022-05-21 14:55:06,393] {dag.py:1832} INFO - Sync 1 DAGs
[2022-05-21 14:55:06,497] {logging_mixin.py:104} INFO - [2022-05-21 14:55:06,496] {dag.py:2305} INFO - Setting next_dagrun for example_short_circuit_operator to 2022-05-19 00:00:00+00:00
[2022-05-21 14:55:06,547] {scheduler_job.py:190} INFO - Processing /home/airflow/.local/lib/python3.6/site-packages/airflow/example_dags/example_short_circuit_operator.py took 0.427 seconds
