[2022-05-21 14:44:47,282] {scheduler_job.py:182} INFO - Started process (PID=421) to work on /home/airflow/.local/lib/python3.6/site-packages/airflow/example_dags/example_branch_labels.py
[2022-05-21 14:44:47,292] {scheduler_job.py:633} INFO - Processing file /home/airflow/.local/lib/python3.6/site-packages/airflow/example_dags/example_branch_labels.py for tasks to queue
[2022-05-21 14:44:47,296] {logging_mixin.py:104} INFO - [2022-05-21 14:44:47,295] {dagbag.py:487} INFO - Filling up the DagBag from /home/airflow/.local/lib/python3.6/site-packages/airflow/example_dags/example_branch_labels.py
[2022-05-21 14:44:47,350] {scheduler_job.py:643} INFO - DAG(s) dict_keys(['example_branch_labels']) retrieved from /home/airflow/.local/lib/python3.6/site-packages/airflow/example_dags/example_branch_labels.py
[2022-05-21 14:44:59,332] {logging_mixin.py:104} INFO - [2022-05-21 14:44:59,325] {dag.py:1832} INFO - Sync 1 DAGs
[2022-05-21 14:44:59,375] {logging_mixin.py:104} INFO - [2022-05-21 14:44:59,369] {dag.py:1851} INFO - Creating ORM DAG for example_branch_labels
[2022-05-21 14:44:59,412] {logging_mixin.py:104} INFO - [2022-05-21 14:44:59,412] {dag.py:2305} INFO - Setting next_dagrun for example_branch_labels to 2022-05-19 00:00:00+00:00
[2022-05-21 14:44:59,437] {scheduler_job.py:190} INFO - Processing /home/airflow/.local/lib/python3.6/site-packages/airflow/example_dags/example_branch_labels.py took 12.162 seconds
[2022-05-21 14:47:26,973] {scheduler_job.py:182} INFO - Started process (PID=697) to work on /home/airflow/.local/lib/python3.6/site-packages/airflow/example_dags/example_branch_labels.py
[2022-05-21 14:47:26,978] {scheduler_job.py:633} INFO - Processing file /home/airflow/.local/lib/python3.6/site-packages/airflow/example_dags/example_branch_labels.py for tasks to queue
[2022-05-21 14:47:26,982] {logging_mixin.py:104} INFO - [2022-05-21 14:47:26,982] {dagbag.py:487} INFO - Filling up the DagBag from /home/airflow/.local/lib/python3.6/site-packages/airflow/example_dags/example_branch_labels.py
[2022-05-21 14:47:27,035] {scheduler_job.py:643} INFO - DAG(s) dict_keys(['example_branch_labels']) retrieved from /home/airflow/.local/lib/python3.6/site-packages/airflow/example_dags/example_branch_labels.py
[2022-05-21 14:47:27,101] {logging_mixin.py:104} INFO - [2022-05-21 14:47:27,101] {dag.py:1832} INFO - Sync 1 DAGs
[2022-05-21 14:47:27,181] {logging_mixin.py:104} INFO - [2022-05-21 14:47:27,181] {dag.py:2305} INFO - Setting next_dagrun for example_branch_labels to 2022-05-19 00:00:00+00:00
[2022-05-21 14:47:27,207] {scheduler_job.py:190} INFO - Processing /home/airflow/.local/lib/python3.6/site-packages/airflow/example_dags/example_branch_labels.py took 0.242 seconds
[2022-05-21 14:47:57,944] {scheduler_job.py:182} INFO - Started process (PID=784) to work on /home/airflow/.local/lib/python3.6/site-packages/airflow/example_dags/example_branch_labels.py
[2022-05-21 14:47:57,948] {scheduler_job.py:633} INFO - Processing file /home/airflow/.local/lib/python3.6/site-packages/airflow/example_dags/example_branch_labels.py for tasks to queue
[2022-05-21 14:47:57,950] {logging_mixin.py:104} INFO - [2022-05-21 14:47:57,950] {dagbag.py:487} INFO - Filling up the DagBag from /home/airflow/.local/lib/python3.6/site-packages/airflow/example_dags/example_branch_labels.py
[2022-05-21 14:47:57,989] {scheduler_job.py:643} INFO - DAG(s) dict_keys(['example_branch_labels']) retrieved from /home/airflow/.local/lib/python3.6/site-packages/airflow/example_dags/example_branch_labels.py
[2022-05-21 14:47:58,040] {logging_mixin.py:104} INFO - [2022-05-21 14:47:58,040] {dag.py:1832} INFO - Sync 1 DAGs
[2022-05-21 14:47:58,089] {logging_mixin.py:104} INFO - [2022-05-21 14:47:58,089] {dag.py:2305} INFO - Setting next_dagrun for example_branch_labels to 2022-05-19 00:00:00+00:00
[2022-05-21 14:47:58,109] {scheduler_job.py:190} INFO - Processing /home/airflow/.local/lib/python3.6/site-packages/airflow/example_dags/example_branch_labels.py took 0.173 seconds
[2022-05-21 14:48:28,160] {scheduler_job.py:182} INFO - Started process (PID=891) to work on /home/airflow/.local/lib/python3.6/site-packages/airflow/example_dags/example_branch_labels.py
[2022-05-21 14:48:28,165] {scheduler_job.py:633} INFO - Processing file /home/airflow/.local/lib/python3.6/site-packages/airflow/example_dags/example_branch_labels.py for tasks to queue
[2022-05-21 14:48:28,168] {logging_mixin.py:104} INFO - [2022-05-21 14:48:28,168] {dagbag.py:487} INFO - Filling up the DagBag from /home/airflow/.local/lib/python3.6/site-packages/airflow/example_dags/example_branch_labels.py
[2022-05-21 14:48:28,219] {scheduler_job.py:643} INFO - DAG(s) dict_keys(['example_branch_labels']) retrieved from /home/airflow/.local/lib/python3.6/site-packages/airflow/example_dags/example_branch_labels.py
[2022-05-21 14:48:28,289] {logging_mixin.py:104} INFO - [2022-05-21 14:48:28,288] {dag.py:1832} INFO - Sync 1 DAGs
[2022-05-21 14:48:28,365] {logging_mixin.py:104} INFO - [2022-05-21 14:48:28,365] {dag.py:2305} INFO - Setting next_dagrun for example_branch_labels to 2022-05-19 00:00:00+00:00
[2022-05-21 14:48:28,414] {scheduler_job.py:190} INFO - Processing /home/airflow/.local/lib/python3.6/site-packages/airflow/example_dags/example_branch_labels.py took 0.261 seconds
[2022-05-21 14:48:58,468] {scheduler_job.py:182} INFO - Started process (PID=980) to work on /home/airflow/.local/lib/python3.6/site-packages/airflow/example_dags/example_branch_labels.py
[2022-05-21 14:48:58,472] {scheduler_job.py:633} INFO - Processing file /home/airflow/.local/lib/python3.6/site-packages/airflow/example_dags/example_branch_labels.py for tasks to queue
[2022-05-21 14:48:58,475] {logging_mixin.py:104} INFO - [2022-05-21 14:48:58,475] {dagbag.py:487} INFO - Filling up the DagBag from /home/airflow/.local/lib/python3.6/site-packages/airflow/example_dags/example_branch_labels.py
[2022-05-21 14:48:58,513] {scheduler_job.py:643} INFO - DAG(s) dict_keys(['example_branch_labels']) retrieved from /home/airflow/.local/lib/python3.6/site-packages/airflow/example_dags/example_branch_labels.py
[2022-05-21 14:48:58,563] {logging_mixin.py:104} INFO - [2022-05-21 14:48:58,563] {dag.py:1832} INFO - Sync 1 DAGs
[2022-05-21 14:48:58,614] {logging_mixin.py:104} INFO - [2022-05-21 14:48:58,614] {dag.py:2305} INFO - Setting next_dagrun for example_branch_labels to 2022-05-19 00:00:00+00:00
[2022-05-21 14:48:58,632] {scheduler_job.py:190} INFO - Processing /home/airflow/.local/lib/python3.6/site-packages/airflow/example_dags/example_branch_labels.py took 0.170 seconds
[2022-05-21 14:49:28,820] {scheduler_job.py:182} INFO - Started process (PID=1087) to work on /home/airflow/.local/lib/python3.6/site-packages/airflow/example_dags/example_branch_labels.py
[2022-05-21 14:49:28,824] {scheduler_job.py:633} INFO - Processing file /home/airflow/.local/lib/python3.6/site-packages/airflow/example_dags/example_branch_labels.py for tasks to queue
[2022-05-21 14:49:28,827] {logging_mixin.py:104} INFO - [2022-05-21 14:49:28,827] {dagbag.py:487} INFO - Filling up the DagBag from /home/airflow/.local/lib/python3.6/site-packages/airflow/example_dags/example_branch_labels.py
[2022-05-21 14:49:28,873] {scheduler_job.py:643} INFO - DAG(s) dict_keys(['example_branch_labels']) retrieved from /home/airflow/.local/lib/python3.6/site-packages/airflow/example_dags/example_branch_labels.py
[2022-05-21 14:49:28,987] {logging_mixin.py:104} INFO - [2022-05-21 14:49:28,986] {dag.py:1832} INFO - Sync 1 DAGs
[2022-05-21 14:49:29,099] {logging_mixin.py:104} INFO - [2022-05-21 14:49:29,098] {dag.py:2305} INFO - Setting next_dagrun for example_branch_labels to 2022-05-19 00:00:00+00:00
[2022-05-21 14:49:29,142] {scheduler_job.py:190} INFO - Processing /home/airflow/.local/lib/python3.6/site-packages/airflow/example_dags/example_branch_labels.py took 0.329 seconds
[2022-05-21 14:49:59,233] {scheduler_job.py:182} INFO - Started process (PID=1175) to work on /home/airflow/.local/lib/python3.6/site-packages/airflow/example_dags/example_branch_labels.py
[2022-05-21 14:49:59,236] {scheduler_job.py:633} INFO - Processing file /home/airflow/.local/lib/python3.6/site-packages/airflow/example_dags/example_branch_labels.py for tasks to queue
[2022-05-21 14:49:59,239] {logging_mixin.py:104} INFO - [2022-05-21 14:49:59,239] {dagbag.py:487} INFO - Filling up the DagBag from /home/airflow/.local/lib/python3.6/site-packages/airflow/example_dags/example_branch_labels.py
[2022-05-21 14:49:59,276] {scheduler_job.py:643} INFO - DAG(s) dict_keys(['example_branch_labels']) retrieved from /home/airflow/.local/lib/python3.6/site-packages/airflow/example_dags/example_branch_labels.py
[2022-05-21 14:49:59,324] {logging_mixin.py:104} INFO - [2022-05-21 14:49:59,324] {dag.py:1832} INFO - Sync 1 DAGs
[2022-05-21 14:49:59,376] {logging_mixin.py:104} INFO - [2022-05-21 14:49:59,376] {dag.py:2305} INFO - Setting next_dagrun for example_branch_labels to 2022-05-19 00:00:00+00:00
[2022-05-21 14:49:59,396] {scheduler_job.py:190} INFO - Processing /home/airflow/.local/lib/python3.6/site-packages/airflow/example_dags/example_branch_labels.py took 0.169 seconds
[2022-05-21 14:50:29,736] {scheduler_job.py:182} INFO - Started process (PID=1284) to work on /home/airflow/.local/lib/python3.6/site-packages/airflow/example_dags/example_branch_labels.py
[2022-05-21 14:50:29,740] {scheduler_job.py:633} INFO - Processing file /home/airflow/.local/lib/python3.6/site-packages/airflow/example_dags/example_branch_labels.py for tasks to queue
[2022-05-21 14:50:29,744] {logging_mixin.py:104} INFO - [2022-05-21 14:50:29,744] {dagbag.py:487} INFO - Filling up the DagBag from /home/airflow/.local/lib/python3.6/site-packages/airflow/example_dags/example_branch_labels.py
[2022-05-21 14:50:29,790] {scheduler_job.py:643} INFO - DAG(s) dict_keys(['example_branch_labels']) retrieved from /home/airflow/.local/lib/python3.6/site-packages/airflow/example_dags/example_branch_labels.py
[2022-05-21 14:50:29,854] {logging_mixin.py:104} INFO - [2022-05-21 14:50:29,854] {dag.py:1832} INFO - Sync 1 DAGs
[2022-05-21 14:50:29,911] {logging_mixin.py:104} INFO - [2022-05-21 14:50:29,911] {dag.py:2305} INFO - Setting next_dagrun for example_branch_labels to 2022-05-19 00:00:00+00:00
[2022-05-21 14:50:29,934] {scheduler_job.py:190} INFO - Processing /home/airflow/.local/lib/python3.6/site-packages/airflow/example_dags/example_branch_labels.py took 0.205 seconds
[2022-05-21 14:51:00,099] {scheduler_job.py:182} INFO - Started process (PID=1371) to work on /home/airflow/.local/lib/python3.6/site-packages/airflow/example_dags/example_branch_labels.py
[2022-05-21 14:51:00,103] {scheduler_job.py:633} INFO - Processing file /home/airflow/.local/lib/python3.6/site-packages/airflow/example_dags/example_branch_labels.py for tasks to queue
[2022-05-21 14:51:00,106] {logging_mixin.py:104} INFO - [2022-05-21 14:51:00,105] {dagbag.py:487} INFO - Filling up the DagBag from /home/airflow/.local/lib/python3.6/site-packages/airflow/example_dags/example_branch_labels.py
[2022-05-21 14:51:00,146] {scheduler_job.py:643} INFO - DAG(s) dict_keys(['example_branch_labels']) retrieved from /home/airflow/.local/lib/python3.6/site-packages/airflow/example_dags/example_branch_labels.py
[2022-05-21 14:51:00,193] {logging_mixin.py:104} INFO - [2022-05-21 14:51:00,193] {dag.py:1832} INFO - Sync 1 DAGs
[2022-05-21 14:51:00,238] {logging_mixin.py:104} INFO - [2022-05-21 14:51:00,238] {dag.py:2305} INFO - Setting next_dagrun for example_branch_labels to 2022-05-19 00:00:00+00:00
[2022-05-21 14:51:00,256] {scheduler_job.py:190} INFO - Processing /home/airflow/.local/lib/python3.6/site-packages/airflow/example_dags/example_branch_labels.py took 0.162 seconds
[2022-05-21 14:51:30,434] {scheduler_job.py:182} INFO - Started process (PID=1478) to work on /home/airflow/.local/lib/python3.6/site-packages/airflow/example_dags/example_branch_labels.py
[2022-05-21 14:51:30,439] {scheduler_job.py:633} INFO - Processing file /home/airflow/.local/lib/python3.6/site-packages/airflow/example_dags/example_branch_labels.py for tasks to queue
[2022-05-21 14:51:30,442] {logging_mixin.py:104} INFO - [2022-05-21 14:51:30,441] {dagbag.py:487} INFO - Filling up the DagBag from /home/airflow/.local/lib/python3.6/site-packages/airflow/example_dags/example_branch_labels.py
[2022-05-21 14:51:30,486] {scheduler_job.py:643} INFO - DAG(s) dict_keys(['example_branch_labels']) retrieved from /home/airflow/.local/lib/python3.6/site-packages/airflow/example_dags/example_branch_labels.py
[2022-05-21 14:51:30,550] {logging_mixin.py:104} INFO - [2022-05-21 14:51:30,549] {dag.py:1832} INFO - Sync 1 DAGs
[2022-05-21 14:51:30,613] {logging_mixin.py:104} INFO - [2022-05-21 14:51:30,612] {dag.py:2305} INFO - Setting next_dagrun for example_branch_labels to 2022-05-19 00:00:00+00:00
[2022-05-21 14:51:30,635] {scheduler_job.py:190} INFO - Processing /home/airflow/.local/lib/python3.6/site-packages/airflow/example_dags/example_branch_labels.py took 0.209 seconds
[2022-05-21 14:52:00,727] {scheduler_job.py:182} INFO - Started process (PID=1563) to work on /home/airflow/.local/lib/python3.6/site-packages/airflow/example_dags/example_branch_labels.py
[2022-05-21 14:52:00,731] {scheduler_job.py:633} INFO - Processing file /home/airflow/.local/lib/python3.6/site-packages/airflow/example_dags/example_branch_labels.py for tasks to queue
[2022-05-21 14:52:00,733] {logging_mixin.py:104} INFO - [2022-05-21 14:52:00,733] {dagbag.py:487} INFO - Filling up the DagBag from /home/airflow/.local/lib/python3.6/site-packages/airflow/example_dags/example_branch_labels.py
[2022-05-21 14:52:00,771] {scheduler_job.py:643} INFO - DAG(s) dict_keys(['example_branch_labels']) retrieved from /home/airflow/.local/lib/python3.6/site-packages/airflow/example_dags/example_branch_labels.py
[2022-05-21 14:52:00,820] {logging_mixin.py:104} INFO - [2022-05-21 14:52:00,820] {dag.py:1832} INFO - Sync 1 DAGs
[2022-05-21 14:52:00,868] {logging_mixin.py:104} INFO - [2022-05-21 14:52:00,867] {dag.py:2305} INFO - Setting next_dagrun for example_branch_labels to 2022-05-19 00:00:00+00:00
[2022-05-21 14:52:00,887] {scheduler_job.py:190} INFO - Processing /home/airflow/.local/lib/python3.6/site-packages/airflow/example_dags/example_branch_labels.py took 0.165 seconds
[2022-05-21 14:52:31,795] {scheduler_job.py:182} INFO - Started process (PID=1672) to work on /home/airflow/.local/lib/python3.6/site-packages/airflow/example_dags/example_branch_labels.py
[2022-05-21 14:52:31,801] {scheduler_job.py:633} INFO - Processing file /home/airflow/.local/lib/python3.6/site-packages/airflow/example_dags/example_branch_labels.py for tasks to queue
[2022-05-21 14:52:31,805] {logging_mixin.py:104} INFO - [2022-05-21 14:52:31,804] {dagbag.py:487} INFO - Filling up the DagBag from /home/airflow/.local/lib/python3.6/site-packages/airflow/example_dags/example_branch_labels.py
[2022-05-21 14:52:31,865] {scheduler_job.py:643} INFO - DAG(s) dict_keys(['example_branch_labels']) retrieved from /home/airflow/.local/lib/python3.6/site-packages/airflow/example_dags/example_branch_labels.py
[2022-05-21 14:52:31,930] {logging_mixin.py:104} INFO - [2022-05-21 14:52:31,930] {dag.py:1832} INFO - Sync 1 DAGs
[2022-05-21 14:52:31,990] {logging_mixin.py:104} INFO - [2022-05-21 14:52:31,990] {dag.py:2305} INFO - Setting next_dagrun for example_branch_labels to 2022-05-19 00:00:00+00:00
[2022-05-21 14:52:32,010] {scheduler_job.py:190} INFO - Processing /home/airflow/.local/lib/python3.6/site-packages/airflow/example_dags/example_branch_labels.py took 0.221 seconds
[2022-05-21 14:54:34,303] {scheduler_job.py:182} INFO - Started process (PID=1690) to work on /home/airflow/.local/lib/python3.6/site-packages/airflow/example_dags/example_branch_labels.py
[2022-05-21 14:54:34,316] {scheduler_job.py:633} INFO - Processing file /home/airflow/.local/lib/python3.6/site-packages/airflow/example_dags/example_branch_labels.py for tasks to queue
[2022-05-21 14:54:34,319] {logging_mixin.py:104} INFO - [2022-05-21 14:54:34,319] {dagbag.py:487} INFO - Filling up the DagBag from /home/airflow/.local/lib/python3.6/site-packages/airflow/example_dags/example_branch_labels.py
[2022-05-21 14:54:34,403] {scheduler_job.py:643} INFO - DAG(s) dict_keys(['example_branch_labels']) retrieved from /home/airflow/.local/lib/python3.6/site-packages/airflow/example_dags/example_branch_labels.py
[2022-05-21 14:54:34,511] {logging_mixin.py:104} INFO - [2022-05-21 14:54:34,510] {dag.py:1832} INFO - Sync 1 DAGs
[2022-05-21 14:54:34,583] {logging_mixin.py:104} INFO - [2022-05-21 14:54:34,582] {dag.py:2305} INFO - Setting next_dagrun for example_branch_labels to 2022-05-19 00:00:00+00:00
[2022-05-21 14:54:34,620] {scheduler_job.py:190} INFO - Processing /home/airflow/.local/lib/python3.6/site-packages/airflow/example_dags/example_branch_labels.py took 0.323 seconds
[2022-05-21 14:55:05,025] {scheduler_job.py:182} INFO - Started process (PID=1793) to work on /home/airflow/.local/lib/python3.6/site-packages/airflow/example_dags/example_branch_labels.py
[2022-05-21 14:55:05,040] {scheduler_job.py:633} INFO - Processing file /home/airflow/.local/lib/python3.6/site-packages/airflow/example_dags/example_branch_labels.py for tasks to queue
[2022-05-21 14:55:05,052] {logging_mixin.py:104} INFO - [2022-05-21 14:55:05,052] {dagbag.py:487} INFO - Filling up the DagBag from /home/airflow/.local/lib/python3.6/site-packages/airflow/example_dags/example_branch_labels.py
[2022-05-21 14:55:05,176] {scheduler_job.py:643} INFO - DAG(s) dict_keys(['example_branch_labels']) retrieved from /home/airflow/.local/lib/python3.6/site-packages/airflow/example_dags/example_branch_labels.py
[2022-05-21 14:55:05,279] {logging_mixin.py:104} INFO - [2022-05-21 14:55:05,279] {dag.py:1832} INFO - Sync 1 DAGs
[2022-05-21 14:55:05,419] {logging_mixin.py:104} INFO - [2022-05-21 14:55:05,418] {dag.py:2305} INFO - Setting next_dagrun for example_branch_labels to 2022-05-19 00:00:00+00:00
[2022-05-21 14:55:05,467] {scheduler_job.py:190} INFO - Processing /home/airflow/.local/lib/python3.6/site-packages/airflow/example_dags/example_branch_labels.py took 0.476 seconds
