[2022-05-21 14:46:48,791] {scheduler_job.py:182} INFO - Started process (PID=622) to work on /home/airflow/.local/lib/python3.6/site-packages/airflow/example_dags/example_external_task_marker_dag.py
[2022-05-21 14:46:48,796] {scheduler_job.py:633} INFO - Processing file /home/airflow/.local/lib/python3.6/site-packages/airflow/example_dags/example_external_task_marker_dag.py for tasks to queue
[2022-05-21 14:46:48,801] {logging_mixin.py:104} INFO - [2022-05-21 14:46:48,801] {dagbag.py:487} INFO - Filling up the DagBag from /home/airflow/.local/lib/python3.6/site-packages/airflow/example_dags/example_external_task_marker_dag.py
[2022-05-21 14:46:48,861] {scheduler_job.py:643} INFO - DAG(s) dict_keys(['example_external_task_marker_parent', 'example_external_task_marker_child']) retrieved from /home/airflow/.local/lib/python3.6/site-packages/airflow/example_dags/example_external_task_marker_dag.py
[2022-05-21 14:47:00,505] {logging_mixin.py:104} INFO - [2022-05-21 14:47:00,499] {dag.py:1832} INFO - Sync 2 DAGs
[2022-05-21 14:47:00,548] {logging_mixin.py:104} INFO - [2022-05-21 14:47:00,543] {dag.py:1851} INFO - Creating ORM DAG for example_external_task_marker_child
[2022-05-21 14:47:00,551] {logging_mixin.py:104} INFO - [2022-05-21 14:47:00,551] {dag.py:1851} INFO - Creating ORM DAG for example_external_task_marker_parent
[2022-05-21 14:47:00,567] {logging_mixin.py:104} INFO - [2022-05-21 14:47:00,567] {dag.py:2305} INFO - Setting next_dagrun for example_external_task_marker_child to None
[2022-05-21 14:47:00,570] {logging_mixin.py:104} INFO - [2022-05-21 14:47:00,570] {dag.py:2305} INFO - Setting next_dagrun for example_external_task_marker_parent to None
[2022-05-21 14:47:00,603] {scheduler_job.py:190} INFO - Processing /home/airflow/.local/lib/python3.6/site-packages/airflow/example_dags/example_external_task_marker_dag.py took 11.820 seconds
[2022-05-21 14:47:32,050] {scheduler_job.py:182} INFO - Started process (PID=737) to work on /home/airflow/.local/lib/python3.6/site-packages/airflow/example_dags/example_external_task_marker_dag.py
[2022-05-21 14:47:32,055] {scheduler_job.py:633} INFO - Processing file /home/airflow/.local/lib/python3.6/site-packages/airflow/example_dags/example_external_task_marker_dag.py for tasks to queue
[2022-05-21 14:47:32,059] {logging_mixin.py:104} INFO - [2022-05-21 14:47:32,059] {dagbag.py:487} INFO - Filling up the DagBag from /home/airflow/.local/lib/python3.6/site-packages/airflow/example_dags/example_external_task_marker_dag.py
[2022-05-21 14:47:32,108] {scheduler_job.py:643} INFO - DAG(s) dict_keys(['example_external_task_marker_parent', 'example_external_task_marker_child']) retrieved from /home/airflow/.local/lib/python3.6/site-packages/airflow/example_dags/example_external_task_marker_dag.py
[2022-05-21 14:47:33,469] {logging_mixin.py:104} INFO - [2022-05-21 14:47:33,468] {dag.py:1832} INFO - Sync 2 DAGs
[2022-05-21 14:47:33,516] {logging_mixin.py:104} INFO - [2022-05-21 14:47:33,515] {dag.py:2305} INFO - Setting next_dagrun for example_external_task_marker_child to None
[2022-05-21 14:47:33,520] {logging_mixin.py:104} INFO - [2022-05-21 14:47:33,520] {dag.py:2305} INFO - Setting next_dagrun for example_external_task_marker_parent to None
[2022-05-21 14:47:33,559] {scheduler_job.py:190} INFO - Processing /home/airflow/.local/lib/python3.6/site-packages/airflow/example_dags/example_external_task_marker_dag.py took 1.518 seconds
[2022-05-21 14:48:03,838] {scheduler_job.py:182} INFO - Started process (PID=843) to work on /home/airflow/.local/lib/python3.6/site-packages/airflow/example_dags/example_external_task_marker_dag.py
[2022-05-21 14:48:03,844] {scheduler_job.py:633} INFO - Processing file /home/airflow/.local/lib/python3.6/site-packages/airflow/example_dags/example_external_task_marker_dag.py for tasks to queue
[2022-05-21 14:48:03,847] {logging_mixin.py:104} INFO - [2022-05-21 14:48:03,847] {dagbag.py:487} INFO - Filling up the DagBag from /home/airflow/.local/lib/python3.6/site-packages/airflow/example_dags/example_external_task_marker_dag.py
[2022-05-21 14:48:03,892] {scheduler_job.py:643} INFO - DAG(s) dict_keys(['example_external_task_marker_parent', 'example_external_task_marker_child']) retrieved from /home/airflow/.local/lib/python3.6/site-packages/airflow/example_dags/example_external_task_marker_dag.py
[2022-05-21 14:48:05,029] {logging_mixin.py:104} INFO - [2022-05-21 14:48:05,029] {dag.py:1832} INFO - Sync 2 DAGs
[2022-05-21 14:48:05,066] {logging_mixin.py:104} INFO - [2022-05-21 14:48:05,066] {dag.py:2305} INFO - Setting next_dagrun for example_external_task_marker_child to None
[2022-05-21 14:48:05,070] {logging_mixin.py:104} INFO - [2022-05-21 14:48:05,070] {dag.py:2305} INFO - Setting next_dagrun for example_external_task_marker_parent to None
[2022-05-21 14:48:05,113] {scheduler_job.py:190} INFO - Processing /home/airflow/.local/lib/python3.6/site-packages/airflow/example_dags/example_external_task_marker_dag.py took 1.284 seconds
[2022-05-21 14:48:35,182] {scheduler_job.py:182} INFO - Started process (PID=938) to work on /home/airflow/.local/lib/python3.6/site-packages/airflow/example_dags/example_external_task_marker_dag.py
[2022-05-21 14:48:35,189] {scheduler_job.py:633} INFO - Processing file /home/airflow/.local/lib/python3.6/site-packages/airflow/example_dags/example_external_task_marker_dag.py for tasks to queue
[2022-05-21 14:48:35,192] {logging_mixin.py:104} INFO - [2022-05-21 14:48:35,192] {dagbag.py:487} INFO - Filling up the DagBag from /home/airflow/.local/lib/python3.6/site-packages/airflow/example_dags/example_external_task_marker_dag.py
[2022-05-21 14:48:35,237] {scheduler_job.py:643} INFO - DAG(s) dict_keys(['example_external_task_marker_parent', 'example_external_task_marker_child']) retrieved from /home/airflow/.local/lib/python3.6/site-packages/airflow/example_dags/example_external_task_marker_dag.py
[2022-05-21 14:48:36,137] {logging_mixin.py:104} INFO - [2022-05-21 14:48:36,137] {dag.py:1832} INFO - Sync 2 DAGs
[2022-05-21 14:48:36,166] {logging_mixin.py:104} INFO - [2022-05-21 14:48:36,166] {dag.py:2305} INFO - Setting next_dagrun for example_external_task_marker_child to None
[2022-05-21 14:48:36,169] {logging_mixin.py:104} INFO - [2022-05-21 14:48:36,169] {dag.py:2305} INFO - Setting next_dagrun for example_external_task_marker_parent to None
[2022-05-21 14:48:36,198] {scheduler_job.py:190} INFO - Processing /home/airflow/.local/lib/python3.6/site-packages/airflow/example_dags/example_external_task_marker_dag.py took 1.022 seconds
[2022-05-21 14:49:06,399] {scheduler_job.py:182} INFO - Started process (PID=1040) to work on /home/airflow/.local/lib/python3.6/site-packages/airflow/example_dags/example_external_task_marker_dag.py
[2022-05-21 14:49:06,404] {scheduler_job.py:633} INFO - Processing file /home/airflow/.local/lib/python3.6/site-packages/airflow/example_dags/example_external_task_marker_dag.py for tasks to queue
[2022-05-21 14:49:06,407] {logging_mixin.py:104} INFO - [2022-05-21 14:49:06,407] {dagbag.py:487} INFO - Filling up the DagBag from /home/airflow/.local/lib/python3.6/site-packages/airflow/example_dags/example_external_task_marker_dag.py
[2022-05-21 14:49:06,456] {scheduler_job.py:643} INFO - DAG(s) dict_keys(['example_external_task_marker_parent', 'example_external_task_marker_child']) retrieved from /home/airflow/.local/lib/python3.6/site-packages/airflow/example_dags/example_external_task_marker_dag.py
[2022-05-21 14:49:07,604] {logging_mixin.py:104} INFO - [2022-05-21 14:49:07,604] {dag.py:1832} INFO - Sync 2 DAGs
[2022-05-21 14:49:07,646] {logging_mixin.py:104} INFO - [2022-05-21 14:49:07,645] {dag.py:2305} INFO - Setting next_dagrun for example_external_task_marker_child to None
[2022-05-21 14:49:07,651] {logging_mixin.py:104} INFO - [2022-05-21 14:49:07,650] {dag.py:2305} INFO - Setting next_dagrun for example_external_task_marker_parent to None
[2022-05-21 14:49:07,689] {scheduler_job.py:190} INFO - Processing /home/airflow/.local/lib/python3.6/site-packages/airflow/example_dags/example_external_task_marker_dag.py took 1.298 seconds
[2022-05-21 14:49:37,909] {scheduler_job.py:182} INFO - Started process (PID=1132) to work on /home/airflow/.local/lib/python3.6/site-packages/airflow/example_dags/example_external_task_marker_dag.py
[2022-05-21 14:49:37,914] {scheduler_job.py:633} INFO - Processing file /home/airflow/.local/lib/python3.6/site-packages/airflow/example_dags/example_external_task_marker_dag.py for tasks to queue
[2022-05-21 14:49:37,916] {logging_mixin.py:104} INFO - [2022-05-21 14:49:37,916] {dagbag.py:487} INFO - Filling up the DagBag from /home/airflow/.local/lib/python3.6/site-packages/airflow/example_dags/example_external_task_marker_dag.py
[2022-05-21 14:49:37,949] {scheduler_job.py:643} INFO - DAG(s) dict_keys(['example_external_task_marker_parent', 'example_external_task_marker_child']) retrieved from /home/airflow/.local/lib/python3.6/site-packages/airflow/example_dags/example_external_task_marker_dag.py
[2022-05-21 14:49:38,815] {logging_mixin.py:104} INFO - [2022-05-21 14:49:38,815] {dag.py:1832} INFO - Sync 2 DAGs
[2022-05-21 14:49:38,844] {logging_mixin.py:104} INFO - [2022-05-21 14:49:38,843] {dag.py:2305} INFO - Setting next_dagrun for example_external_task_marker_child to None
[2022-05-21 14:49:38,847] {logging_mixin.py:104} INFO - [2022-05-21 14:49:38,846] {dag.py:2305} INFO - Setting next_dagrun for example_external_task_marker_parent to None
[2022-05-21 14:49:38,873] {scheduler_job.py:190} INFO - Processing /home/airflow/.local/lib/python3.6/site-packages/airflow/example_dags/example_external_task_marker_dag.py took 0.972 seconds
[2022-05-21 14:50:09,631] {scheduler_job.py:182} INFO - Started process (PID=1239) to work on /home/airflow/.local/lib/python3.6/site-packages/airflow/example_dags/example_external_task_marker_dag.py
[2022-05-21 14:50:09,634] {scheduler_job.py:633} INFO - Processing file /home/airflow/.local/lib/python3.6/site-packages/airflow/example_dags/example_external_task_marker_dag.py for tasks to queue
[2022-05-21 14:50:09,638] {logging_mixin.py:104} INFO - [2022-05-21 14:50:09,637] {dagbag.py:487} INFO - Filling up the DagBag from /home/airflow/.local/lib/python3.6/site-packages/airflow/example_dags/example_external_task_marker_dag.py
[2022-05-21 14:50:09,681] {scheduler_job.py:643} INFO - DAG(s) dict_keys(['example_external_task_marker_parent', 'example_external_task_marker_child']) retrieved from /home/airflow/.local/lib/python3.6/site-packages/airflow/example_dags/example_external_task_marker_dag.py
[2022-05-21 14:50:10,935] {logging_mixin.py:104} INFO - [2022-05-21 14:50:10,934] {dag.py:1832} INFO - Sync 2 DAGs
[2022-05-21 14:50:10,971] {logging_mixin.py:104} INFO - [2022-05-21 14:50:10,971] {dag.py:2305} INFO - Setting next_dagrun for example_external_task_marker_child to None
[2022-05-21 14:50:10,975] {logging_mixin.py:104} INFO - [2022-05-21 14:50:10,975] {dag.py:2305} INFO - Setting next_dagrun for example_external_task_marker_parent to None
[2022-05-21 14:50:11,009] {scheduler_job.py:190} INFO - Processing /home/airflow/.local/lib/python3.6/site-packages/airflow/example_dags/example_external_task_marker_dag.py took 1.387 seconds
[2022-05-21 14:50:41,681] {scheduler_job.py:182} INFO - Started process (PID=1341) to work on /home/airflow/.local/lib/python3.6/site-packages/airflow/example_dags/example_external_task_marker_dag.py
[2022-05-21 14:50:41,687] {scheduler_job.py:633} INFO - Processing file /home/airflow/.local/lib/python3.6/site-packages/airflow/example_dags/example_external_task_marker_dag.py for tasks to queue
[2022-05-21 14:50:41,691] {logging_mixin.py:104} INFO - [2022-05-21 14:50:41,690] {dagbag.py:487} INFO - Filling up the DagBag from /home/airflow/.local/lib/python3.6/site-packages/airflow/example_dags/example_external_task_marker_dag.py
[2022-05-21 14:50:41,753] {scheduler_job.py:643} INFO - DAG(s) dict_keys(['example_external_task_marker_parent', 'example_external_task_marker_child']) retrieved from /home/airflow/.local/lib/python3.6/site-packages/airflow/example_dags/example_external_task_marker_dag.py
[2022-05-21 14:50:42,812] {logging_mixin.py:104} INFO - [2022-05-21 14:50:42,811] {dag.py:1832} INFO - Sync 2 DAGs
[2022-05-21 14:50:42,848] {logging_mixin.py:104} INFO - [2022-05-21 14:50:42,848] {dag.py:2305} INFO - Setting next_dagrun for example_external_task_marker_child to None
[2022-05-21 14:50:42,852] {logging_mixin.py:104} INFO - [2022-05-21 14:50:42,852] {dag.py:2305} INFO - Setting next_dagrun for example_external_task_marker_parent to None
[2022-05-21 14:50:42,885] {scheduler_job.py:190} INFO - Processing /home/airflow/.local/lib/python3.6/site-packages/airflow/example_dags/example_external_task_marker_dag.py took 1.211 seconds
[2022-05-21 14:51:13,485] {scheduler_job.py:182} INFO - Started process (PID=1437) to work on /home/airflow/.local/lib/python3.6/site-packages/airflow/example_dags/example_external_task_marker_dag.py
[2022-05-21 14:51:13,489] {scheduler_job.py:633} INFO - Processing file /home/airflow/.local/lib/python3.6/site-packages/airflow/example_dags/example_external_task_marker_dag.py for tasks to queue
[2022-05-21 14:51:13,491] {logging_mixin.py:104} INFO - [2022-05-21 14:51:13,491] {dagbag.py:487} INFO - Filling up the DagBag from /home/airflow/.local/lib/python3.6/site-packages/airflow/example_dags/example_external_task_marker_dag.py
[2022-05-21 14:51:13,531] {scheduler_job.py:643} INFO - DAG(s) dict_keys(['example_external_task_marker_parent', 'example_external_task_marker_child']) retrieved from /home/airflow/.local/lib/python3.6/site-packages/airflow/example_dags/example_external_task_marker_dag.py
[2022-05-21 14:51:14,489] {logging_mixin.py:104} INFO - [2022-05-21 14:51:14,489] {dag.py:1832} INFO - Sync 2 DAGs
[2022-05-21 14:51:14,523] {logging_mixin.py:104} INFO - [2022-05-21 14:51:14,523] {dag.py:2305} INFO - Setting next_dagrun for example_external_task_marker_child to None
[2022-05-21 14:51:14,526] {logging_mixin.py:104} INFO - [2022-05-21 14:51:14,526] {dag.py:2305} INFO - Setting next_dagrun for example_external_task_marker_parent to None
[2022-05-21 14:51:14,554] {scheduler_job.py:190} INFO - Processing /home/airflow/.local/lib/python3.6/site-packages/airflow/example_dags/example_external_task_marker_dag.py took 1.076 seconds
[2022-05-21 14:51:44,733] {scheduler_job.py:182} INFO - Started process (PID=1539) to work on /home/airflow/.local/lib/python3.6/site-packages/airflow/example_dags/example_external_task_marker_dag.py
[2022-05-21 14:51:44,738] {scheduler_job.py:633} INFO - Processing file /home/airflow/.local/lib/python3.6/site-packages/airflow/example_dags/example_external_task_marker_dag.py for tasks to queue
[2022-05-21 14:51:44,742] {logging_mixin.py:104} INFO - [2022-05-21 14:51:44,741] {dagbag.py:487} INFO - Filling up the DagBag from /home/airflow/.local/lib/python3.6/site-packages/airflow/example_dags/example_external_task_marker_dag.py
[2022-05-21 14:51:44,830] {scheduler_job.py:643} INFO - DAG(s) dict_keys(['example_external_task_marker_parent', 'example_external_task_marker_child']) retrieved from /home/airflow/.local/lib/python3.6/site-packages/airflow/example_dags/example_external_task_marker_dag.py
[2022-05-21 14:51:44,937] {logging_mixin.py:104} INFO - [2022-05-21 14:51:44,937] {dag.py:1832} INFO - Sync 2 DAGs
[2022-05-21 14:51:44,979] {logging_mixin.py:104} INFO - [2022-05-21 14:51:44,979] {dag.py:2305} INFO - Setting next_dagrun for example_external_task_marker_child to None
[2022-05-21 14:51:44,983] {logging_mixin.py:104} INFO - [2022-05-21 14:51:44,983] {dag.py:2305} INFO - Setting next_dagrun for example_external_task_marker_parent to None
[2022-05-21 14:51:45,012] {scheduler_job.py:190} INFO - Processing /home/airflow/.local/lib/python3.6/site-packages/airflow/example_dags/example_external_task_marker_dag.py took 0.286 seconds
[2022-05-21 14:52:15,678] {scheduler_job.py:182} INFO - Started process (PID=1628) to work on /home/airflow/.local/lib/python3.6/site-packages/airflow/example_dags/example_external_task_marker_dag.py
[2022-05-21 14:52:15,684] {scheduler_job.py:633} INFO - Processing file /home/airflow/.local/lib/python3.6/site-packages/airflow/example_dags/example_external_task_marker_dag.py for tasks to queue
[2022-05-21 14:52:15,687] {logging_mixin.py:104} INFO - [2022-05-21 14:52:15,687] {dagbag.py:487} INFO - Filling up the DagBag from /home/airflow/.local/lib/python3.6/site-packages/airflow/example_dags/example_external_task_marker_dag.py
[2022-05-21 14:52:15,735] {scheduler_job.py:643} INFO - DAG(s) dict_keys(['example_external_task_marker_parent', 'example_external_task_marker_child']) retrieved from /home/airflow/.local/lib/python3.6/site-packages/airflow/example_dags/example_external_task_marker_dag.py
[2022-05-21 14:52:15,808] {logging_mixin.py:104} INFO - [2022-05-21 14:52:15,808] {dag.py:1832} INFO - Sync 2 DAGs
[2022-05-21 14:52:15,846] {logging_mixin.py:104} INFO - [2022-05-21 14:52:15,846] {dag.py:2305} INFO - Setting next_dagrun for example_external_task_marker_child to None
[2022-05-21 14:52:15,850] {logging_mixin.py:104} INFO - [2022-05-21 14:52:15,850] {dag.py:2305} INFO - Setting next_dagrun for example_external_task_marker_parent to None
[2022-05-21 14:52:15,882] {scheduler_job.py:190} INFO - Processing /home/airflow/.local/lib/python3.6/site-packages/airflow/example_dags/example_external_task_marker_dag.py took 0.217 seconds
[2022-05-21 14:54:40,747] {scheduler_job.py:182} INFO - Started process (PID=1741) to work on /home/airflow/.local/lib/python3.6/site-packages/airflow/example_dags/example_external_task_marker_dag.py
[2022-05-21 14:54:40,755] {scheduler_job.py:633} INFO - Processing file /home/airflow/.local/lib/python3.6/site-packages/airflow/example_dags/example_external_task_marker_dag.py for tasks to queue
[2022-05-21 14:54:40,761] {logging_mixin.py:104} INFO - [2022-05-21 14:54:40,761] {dagbag.py:487} INFO - Filling up the DagBag from /home/airflow/.local/lib/python3.6/site-packages/airflow/example_dags/example_external_task_marker_dag.py
[2022-05-21 14:54:40,878] {scheduler_job.py:643} INFO - DAG(s) dict_keys(['example_external_task_marker_parent', 'example_external_task_marker_child']) retrieved from /home/airflow/.local/lib/python3.6/site-packages/airflow/example_dags/example_external_task_marker_dag.py
[2022-05-21 14:54:43,568] {logging_mixin.py:104} INFO - [2022-05-21 14:54:43,567] {dag.py:1832} INFO - Sync 2 DAGs
[2022-05-21 14:54:43,651] {logging_mixin.py:104} INFO - [2022-05-21 14:54:43,651] {dag.py:2305} INFO - Setting next_dagrun for example_external_task_marker_child to None
[2022-05-21 14:54:43,656] {logging_mixin.py:104} INFO - [2022-05-21 14:54:43,656] {dag.py:2305} INFO - Setting next_dagrun for example_external_task_marker_parent to None
[2022-05-21 14:54:43,733] {scheduler_job.py:190} INFO - Processing /home/airflow/.local/lib/python3.6/site-packages/airflow/example_dags/example_external_task_marker_dag.py took 3.004 seconds
[2022-05-21 14:55:14,237] {scheduler_job.py:182} INFO - Started process (PID=1836) to work on /home/airflow/.local/lib/python3.6/site-packages/airflow/example_dags/example_external_task_marker_dag.py
[2022-05-21 14:55:14,245] {scheduler_job.py:633} INFO - Processing file /home/airflow/.local/lib/python3.6/site-packages/airflow/example_dags/example_external_task_marker_dag.py for tasks to queue
[2022-05-21 14:55:14,251] {logging_mixin.py:104} INFO - [2022-05-21 14:55:14,250] {dagbag.py:487} INFO - Filling up the DagBag from /home/airflow/.local/lib/python3.6/site-packages/airflow/example_dags/example_external_task_marker_dag.py
[2022-05-21 14:55:14,414] {scheduler_job.py:643} INFO - DAG(s) dict_keys(['example_external_task_marker_parent', 'example_external_task_marker_child']) retrieved from /home/airflow/.local/lib/python3.6/site-packages/airflow/example_dags/example_external_task_marker_dag.py
[2022-05-21 14:55:17,077] {logging_mixin.py:104} INFO - [2022-05-21 14:55:17,075] {dag.py:1832} INFO - Sync 2 DAGs
[2022-05-21 14:55:17,205] {logging_mixin.py:104} INFO - [2022-05-21 14:55:17,205] {dag.py:2305} INFO - Setting next_dagrun for example_external_task_marker_child to None
[2022-05-21 14:55:17,214] {logging_mixin.py:104} INFO - [2022-05-21 14:55:17,211] {dag.py:2305} INFO - Setting next_dagrun for example_external_task_marker_parent to None
[2022-05-21 14:55:17,283] {scheduler_job.py:190} INFO - Processing /home/airflow/.local/lib/python3.6/site-packages/airflow/example_dags/example_external_task_marker_dag.py took 3.076 seconds
