[2022-05-21 14:44:34,712] {scheduler_job.py:182} INFO - Started process (PID=393) to work on /home/airflow/.local/lib/python3.6/site-packages/airflow/example_dags/example_subdag_operator.py
[2022-05-21 14:44:34,718] {scheduler_job.py:633} INFO - Processing file /home/airflow/.local/lib/python3.6/site-packages/airflow/example_dags/example_subdag_operator.py for tasks to queue
[2022-05-21 14:44:34,724] {logging_mixin.py:104} INFO - [2022-05-21 14:44:34,723] {dagbag.py:487} INFO - Filling up the DagBag from /home/airflow/.local/lib/python3.6/site-packages/airflow/example_dags/example_subdag_operator.py
[2022-05-21 14:44:34,830] {scheduler_job.py:643} INFO - DAG(s) dict_keys(['example_subdag_operator.section-1', 'example_subdag_operator.section-2', 'example_subdag_operator']) retrieved from /home/airflow/.local/lib/python3.6/site-packages/airflow/example_dags/example_subdag_operator.py
[2022-05-21 14:44:47,025] {logging_mixin.py:104} INFO - [2022-05-21 14:44:47,018] {dag.py:1832} INFO - Sync 3 DAGs
[2022-05-21 14:44:47,080] {logging_mixin.py:104} INFO - [2022-05-21 14:44:47,073] {dag.py:1851} INFO - Creating ORM DAG for example_subdag_operator.section-2
[2022-05-21 14:44:47,085] {logging_mixin.py:104} INFO - [2022-05-21 14:44:47,084] {dag.py:1851} INFO - Creating ORM DAG for example_subdag_operator.section-1
[2022-05-21 14:44:47,089] {logging_mixin.py:104} INFO - [2022-05-21 14:44:47,088] {dag.py:1851} INFO - Creating ORM DAG for example_subdag_operator
[2022-05-21 14:44:47,109] {logging_mixin.py:104} INFO - [2022-05-21 14:44:47,108] {dag.py:2305} INFO - Setting next_dagrun for example_subdag_operator to 2022-05-19 00:00:00+00:00
[2022-05-21 14:44:47,113] {logging_mixin.py:104} INFO - [2022-05-21 14:44:47,112] {dag.py:2305} INFO - Setting next_dagrun for example_subdag_operator.section-1 to None
[2022-05-21 14:44:47,116] {logging_mixin.py:104} INFO - [2022-05-21 14:44:47,116] {dag.py:2305} INFO - Setting next_dagrun for example_subdag_operator.section-2 to None
[2022-05-21 14:44:47,153] {logging_mixin.py:104} INFO - [2022-05-21 14:44:47,152] {dag.py:1832} INFO - Sync 2 DAGs
[2022-05-21 14:44:47,187] {logging_mixin.py:104} INFO - [2022-05-21 14:44:47,187] {dag.py:2305} INFO - Setting next_dagrun for example_subdag_operator.section-1 to None
[2022-05-21 14:44:47,190] {logging_mixin.py:104} INFO - [2022-05-21 14:44:47,190] {dag.py:2305} INFO - Setting next_dagrun for example_subdag_operator.section-2 to None
[2022-05-21 14:44:47,213] {scheduler_job.py:190} INFO - Processing /home/airflow/.local/lib/python3.6/site-packages/airflow/example_dags/example_subdag_operator.py took 12.511 seconds
[2022-05-21 14:47:26,411] {scheduler_job.py:182} INFO - Started process (PID=690) to work on /home/airflow/.local/lib/python3.6/site-packages/airflow/example_dags/example_subdag_operator.py
[2022-05-21 14:47:26,416] {scheduler_job.py:633} INFO - Processing file /home/airflow/.local/lib/python3.6/site-packages/airflow/example_dags/example_subdag_operator.py for tasks to queue
[2022-05-21 14:47:26,422] {logging_mixin.py:104} INFO - [2022-05-21 14:47:26,421] {dagbag.py:487} INFO - Filling up the DagBag from /home/airflow/.local/lib/python3.6/site-packages/airflow/example_dags/example_subdag_operator.py
[2022-05-21 14:47:26,515] {scheduler_job.py:643} INFO - DAG(s) dict_keys(['example_subdag_operator.section-1', 'example_subdag_operator.section-2', 'example_subdag_operator']) retrieved from /home/airflow/.local/lib/python3.6/site-packages/airflow/example_dags/example_subdag_operator.py
[2022-05-21 14:47:26,598] {logging_mixin.py:104} INFO - [2022-05-21 14:47:26,598] {dag.py:1832} INFO - Sync 3 DAGs
[2022-05-21 14:47:26,692] {logging_mixin.py:104} INFO - [2022-05-21 14:47:26,692] {dag.py:2305} INFO - Setting next_dagrun for example_subdag_operator to 2022-05-19 00:00:00+00:00
[2022-05-21 14:47:26,697] {logging_mixin.py:104} INFO - [2022-05-21 14:47:26,697] {dag.py:2305} INFO - Setting next_dagrun for example_subdag_operator.section-1 to None
[2022-05-21 14:47:26,700] {logging_mixin.py:104} INFO - [2022-05-21 14:47:26,699] {dag.py:2305} INFO - Setting next_dagrun for example_subdag_operator.section-2 to None
[2022-05-21 14:47:26,727] {logging_mixin.py:104} INFO - [2022-05-21 14:47:26,727] {dag.py:1832} INFO - Sync 2 DAGs
[2022-05-21 14:47:26,758] {logging_mixin.py:104} INFO - [2022-05-21 14:47:26,758] {dag.py:2305} INFO - Setting next_dagrun for example_subdag_operator.section-1 to None
[2022-05-21 14:47:26,761] {logging_mixin.py:104} INFO - [2022-05-21 14:47:26,761] {dag.py:2305} INFO - Setting next_dagrun for example_subdag_operator.section-2 to None
[2022-05-21 14:47:26,782] {scheduler_job.py:190} INFO - Processing /home/airflow/.local/lib/python3.6/site-packages/airflow/example_dags/example_subdag_operator.py took 0.380 seconds
[2022-05-21 14:47:57,478] {scheduler_job.py:182} INFO - Started process (PID=780) to work on /home/airflow/.local/lib/python3.6/site-packages/airflow/example_dags/example_subdag_operator.py
[2022-05-21 14:47:57,482] {scheduler_job.py:633} INFO - Processing file /home/airflow/.local/lib/python3.6/site-packages/airflow/example_dags/example_subdag_operator.py for tasks to queue
[2022-05-21 14:47:57,484] {logging_mixin.py:104} INFO - [2022-05-21 14:47:57,484] {dagbag.py:487} INFO - Filling up the DagBag from /home/airflow/.local/lib/python3.6/site-packages/airflow/example_dags/example_subdag_operator.py
[2022-05-21 14:47:57,553] {scheduler_job.py:643} INFO - DAG(s) dict_keys(['example_subdag_operator.section-1', 'example_subdag_operator.section-2', 'example_subdag_operator']) retrieved from /home/airflow/.local/lib/python3.6/site-packages/airflow/example_dags/example_subdag_operator.py
[2022-05-21 14:47:57,602] {logging_mixin.py:104} INFO - [2022-05-21 14:47:57,601] {dag.py:1832} INFO - Sync 3 DAGs
[2022-05-21 14:47:57,638] {logging_mixin.py:104} INFO - [2022-05-21 14:47:57,637] {dag.py:2305} INFO - Setting next_dagrun for example_subdag_operator to 2022-05-19 00:00:00+00:00
[2022-05-21 14:47:57,641] {logging_mixin.py:104} INFO - [2022-05-21 14:47:57,641] {dag.py:2305} INFO - Setting next_dagrun for example_subdag_operator.section-1 to None
[2022-05-21 14:47:57,643] {logging_mixin.py:104} INFO - [2022-05-21 14:47:57,643] {dag.py:2305} INFO - Setting next_dagrun for example_subdag_operator.section-2 to None
[2022-05-21 14:47:57,665] {logging_mixin.py:104} INFO - [2022-05-21 14:47:57,664] {dag.py:1832} INFO - Sync 2 DAGs
[2022-05-21 14:47:57,688] {logging_mixin.py:104} INFO - [2022-05-21 14:47:57,687] {dag.py:2305} INFO - Setting next_dagrun for example_subdag_operator.section-1 to None
[2022-05-21 14:47:57,690] {logging_mixin.py:104} INFO - [2022-05-21 14:47:57,690] {dag.py:2305} INFO - Setting next_dagrun for example_subdag_operator.section-2 to None
[2022-05-21 14:47:57,705] {scheduler_job.py:190} INFO - Processing /home/airflow/.local/lib/python3.6/site-packages/airflow/example_dags/example_subdag_operator.py took 0.233 seconds
[2022-05-21 14:48:27,831] {scheduler_job.py:182} INFO - Started process (PID=886) to work on /home/airflow/.local/lib/python3.6/site-packages/airflow/example_dags/example_subdag_operator.py
[2022-05-21 14:48:27,845] {scheduler_job.py:633} INFO - Processing file /home/airflow/.local/lib/python3.6/site-packages/airflow/example_dags/example_subdag_operator.py for tasks to queue
[2022-05-21 14:48:27,849] {logging_mixin.py:104} INFO - [2022-05-21 14:48:27,848] {dagbag.py:487} INFO - Filling up the DagBag from /home/airflow/.local/lib/python3.6/site-packages/airflow/example_dags/example_subdag_operator.py
[2022-05-21 14:48:27,934] {scheduler_job.py:643} INFO - DAG(s) dict_keys(['example_subdag_operator.section-1', 'example_subdag_operator.section-2', 'example_subdag_operator']) retrieved from /home/airflow/.local/lib/python3.6/site-packages/airflow/example_dags/example_subdag_operator.py
[2022-05-21 14:48:27,991] {logging_mixin.py:104} INFO - [2022-05-21 14:48:27,990] {dag.py:1832} INFO - Sync 3 DAGs
[2022-05-21 14:48:28,032] {logging_mixin.py:104} INFO - [2022-05-21 14:48:28,032] {dag.py:2305} INFO - Setting next_dagrun for example_subdag_operator to 2022-05-19 00:00:00+00:00
[2022-05-21 14:48:28,038] {logging_mixin.py:104} INFO - [2022-05-21 14:48:28,038] {dag.py:2305} INFO - Setting next_dagrun for example_subdag_operator.section-1 to None
[2022-05-21 14:48:28,042] {logging_mixin.py:104} INFO - [2022-05-21 14:48:28,041] {dag.py:2305} INFO - Setting next_dagrun for example_subdag_operator.section-2 to None
[2022-05-21 14:48:28,063] {logging_mixin.py:104} INFO - [2022-05-21 14:48:28,063] {dag.py:1832} INFO - Sync 2 DAGs
[2022-05-21 14:48:28,097] {logging_mixin.py:104} INFO - [2022-05-21 14:48:28,097] {dag.py:2305} INFO - Setting next_dagrun for example_subdag_operator.section-1 to None
[2022-05-21 14:48:28,100] {logging_mixin.py:104} INFO - [2022-05-21 14:48:28,100] {dag.py:2305} INFO - Setting next_dagrun for example_subdag_operator.section-2 to None
[2022-05-21 14:48:28,120] {scheduler_job.py:190} INFO - Processing /home/airflow/.local/lib/python3.6/site-packages/airflow/example_dags/example_subdag_operator.py took 0.304 seconds
[2022-05-21 14:48:58,179] {scheduler_job.py:182} INFO - Started process (PID=976) to work on /home/airflow/.local/lib/python3.6/site-packages/airflow/example_dags/example_subdag_operator.py
[2022-05-21 14:48:58,184] {scheduler_job.py:633} INFO - Processing file /home/airflow/.local/lib/python3.6/site-packages/airflow/example_dags/example_subdag_operator.py for tasks to queue
[2022-05-21 14:48:58,186] {logging_mixin.py:104} INFO - [2022-05-21 14:48:58,186] {dagbag.py:487} INFO - Filling up the DagBag from /home/airflow/.local/lib/python3.6/site-packages/airflow/example_dags/example_subdag_operator.py
[2022-05-21 14:48:58,266] {scheduler_job.py:643} INFO - DAG(s) dict_keys(['example_subdag_operator.section-1', 'example_subdag_operator.section-2', 'example_subdag_operator']) retrieved from /home/airflow/.local/lib/python3.6/site-packages/airflow/example_dags/example_subdag_operator.py
[2022-05-21 14:48:58,318] {logging_mixin.py:104} INFO - [2022-05-21 14:48:58,317] {dag.py:1832} INFO - Sync 3 DAGs
[2022-05-21 14:48:58,354] {logging_mixin.py:104} INFO - [2022-05-21 14:48:58,354] {dag.py:2305} INFO - Setting next_dagrun for example_subdag_operator to 2022-05-19 00:00:00+00:00
[2022-05-21 14:48:58,358] {logging_mixin.py:104} INFO - [2022-05-21 14:48:58,358] {dag.py:2305} INFO - Setting next_dagrun for example_subdag_operator.section-1 to None
[2022-05-21 14:48:58,360] {logging_mixin.py:104} INFO - [2022-05-21 14:48:58,360] {dag.py:2305} INFO - Setting next_dagrun for example_subdag_operator.section-2 to None
[2022-05-21 14:48:58,384] {logging_mixin.py:104} INFO - [2022-05-21 14:48:58,383] {dag.py:1832} INFO - Sync 2 DAGs
[2022-05-21 14:48:58,413] {logging_mixin.py:104} INFO - [2022-05-21 14:48:58,413] {dag.py:2305} INFO - Setting next_dagrun for example_subdag_operator.section-1 to None
[2022-05-21 14:48:58,415] {logging_mixin.py:104} INFO - [2022-05-21 14:48:58,415] {dag.py:2305} INFO - Setting next_dagrun for example_subdag_operator.section-2 to None
[2022-05-21 14:48:58,431] {scheduler_job.py:190} INFO - Processing /home/airflow/.local/lib/python3.6/site-packages/airflow/example_dags/example_subdag_operator.py took 0.261 seconds
[2022-05-21 14:49:28,519] {scheduler_job.py:182} INFO - Started process (PID=1083) to work on /home/airflow/.local/lib/python3.6/site-packages/airflow/example_dags/example_subdag_operator.py
[2022-05-21 14:49:28,523] {scheduler_job.py:633} INFO - Processing file /home/airflow/.local/lib/python3.6/site-packages/airflow/example_dags/example_subdag_operator.py for tasks to queue
[2022-05-21 14:49:28,526] {logging_mixin.py:104} INFO - [2022-05-21 14:49:28,525] {dagbag.py:487} INFO - Filling up the DagBag from /home/airflow/.local/lib/python3.6/site-packages/airflow/example_dags/example_subdag_operator.py
[2022-05-21 14:49:28,606] {scheduler_job.py:643} INFO - DAG(s) dict_keys(['example_subdag_operator.section-1', 'example_subdag_operator.section-2', 'example_subdag_operator']) retrieved from /home/airflow/.local/lib/python3.6/site-packages/airflow/example_dags/example_subdag_operator.py
[2022-05-21 14:49:28,659] {logging_mixin.py:104} INFO - [2022-05-21 14:49:28,659] {dag.py:1832} INFO - Sync 3 DAGs
[2022-05-21 14:49:28,702] {logging_mixin.py:104} INFO - [2022-05-21 14:49:28,701] {dag.py:2305} INFO - Setting next_dagrun for example_subdag_operator to 2022-05-19 00:00:00+00:00
[2022-05-21 14:49:28,706] {logging_mixin.py:104} INFO - [2022-05-21 14:49:28,706] {dag.py:2305} INFO - Setting next_dagrun for example_subdag_operator.section-1 to None
[2022-05-21 14:49:28,708] {logging_mixin.py:104} INFO - [2022-05-21 14:49:28,708] {dag.py:2305} INFO - Setting next_dagrun for example_subdag_operator.section-2 to None
[2022-05-21 14:49:28,731] {logging_mixin.py:104} INFO - [2022-05-21 14:49:28,730] {dag.py:1832} INFO - Sync 2 DAGs
[2022-05-21 14:49:28,762] {logging_mixin.py:104} INFO - [2022-05-21 14:49:28,762] {dag.py:2305} INFO - Setting next_dagrun for example_subdag_operator.section-1 to None
[2022-05-21 14:49:28,764] {logging_mixin.py:104} INFO - [2022-05-21 14:49:28,764] {dag.py:2305} INFO - Setting next_dagrun for example_subdag_operator.section-2 to None
[2022-05-21 14:49:28,782] {scheduler_job.py:190} INFO - Processing /home/airflow/.local/lib/python3.6/site-packages/airflow/example_dags/example_subdag_operator.py took 0.270 seconds
[2022-05-21 14:49:58,836] {scheduler_job.py:182} INFO - Started process (PID=1171) to work on /home/airflow/.local/lib/python3.6/site-packages/airflow/example_dags/example_subdag_operator.py
[2022-05-21 14:49:58,840] {scheduler_job.py:633} INFO - Processing file /home/airflow/.local/lib/python3.6/site-packages/airflow/example_dags/example_subdag_operator.py for tasks to queue
[2022-05-21 14:49:58,842] {logging_mixin.py:104} INFO - [2022-05-21 14:49:58,842] {dagbag.py:487} INFO - Filling up the DagBag from /home/airflow/.local/lib/python3.6/site-packages/airflow/example_dags/example_subdag_operator.py
[2022-05-21 14:49:58,913] {scheduler_job.py:643} INFO - DAG(s) dict_keys(['example_subdag_operator.section-1', 'example_subdag_operator.section-2', 'example_subdag_operator']) retrieved from /home/airflow/.local/lib/python3.6/site-packages/airflow/example_dags/example_subdag_operator.py
[2022-05-21 14:49:58,959] {logging_mixin.py:104} INFO - [2022-05-21 14:49:58,958] {dag.py:1832} INFO - Sync 3 DAGs
[2022-05-21 14:49:58,993] {logging_mixin.py:104} INFO - [2022-05-21 14:49:58,992] {dag.py:2305} INFO - Setting next_dagrun for example_subdag_operator to 2022-05-19 00:00:00+00:00
[2022-05-21 14:49:58,997] {logging_mixin.py:104} INFO - [2022-05-21 14:49:58,996] {dag.py:2305} INFO - Setting next_dagrun for example_subdag_operator.section-1 to None
[2022-05-21 14:49:58,999] {logging_mixin.py:104} INFO - [2022-05-21 14:49:58,999] {dag.py:2305} INFO - Setting next_dagrun for example_subdag_operator.section-2 to None
[2022-05-21 14:49:59,018] {logging_mixin.py:104} INFO - [2022-05-21 14:49:59,017] {dag.py:1832} INFO - Sync 2 DAGs
[2022-05-21 14:49:59,047] {logging_mixin.py:104} INFO - [2022-05-21 14:49:59,047] {dag.py:2305} INFO - Setting next_dagrun for example_subdag_operator.section-1 to None
[2022-05-21 14:49:59,049] {logging_mixin.py:104} INFO - [2022-05-21 14:49:59,049] {dag.py:2305} INFO - Setting next_dagrun for example_subdag_operator.section-2 to None
[2022-05-21 14:49:59,064] {scheduler_job.py:190} INFO - Processing /home/airflow/.local/lib/python3.6/site-packages/airflow/example_dags/example_subdag_operator.py took 0.235 seconds
[2022-05-21 14:50:29,289] {scheduler_job.py:182} INFO - Started process (PID=1280) to work on /home/airflow/.local/lib/python3.6/site-packages/airflow/example_dags/example_subdag_operator.py
[2022-05-21 14:50:29,294] {scheduler_job.py:633} INFO - Processing file /home/airflow/.local/lib/python3.6/site-packages/airflow/example_dags/example_subdag_operator.py for tasks to queue
[2022-05-21 14:50:29,299] {logging_mixin.py:104} INFO - [2022-05-21 14:50:29,298] {dagbag.py:487} INFO - Filling up the DagBag from /home/airflow/.local/lib/python3.6/site-packages/airflow/example_dags/example_subdag_operator.py
[2022-05-21 14:50:29,446] {scheduler_job.py:643} INFO - DAG(s) dict_keys(['example_subdag_operator.section-1', 'example_subdag_operator.section-2', 'example_subdag_operator']) retrieved from /home/airflow/.local/lib/python3.6/site-packages/airflow/example_dags/example_subdag_operator.py
[2022-05-21 14:50:29,500] {logging_mixin.py:104} INFO - [2022-05-21 14:50:29,500] {dag.py:1832} INFO - Sync 3 DAGs
[2022-05-21 14:50:29,546] {logging_mixin.py:104} INFO - [2022-05-21 14:50:29,545] {dag.py:2305} INFO - Setting next_dagrun for example_subdag_operator to 2022-05-19 00:00:00+00:00
[2022-05-21 14:50:29,554] {logging_mixin.py:104} INFO - [2022-05-21 14:50:29,554] {dag.py:2305} INFO - Setting next_dagrun for example_subdag_operator.section-1 to None
[2022-05-21 14:50:29,560] {logging_mixin.py:104} INFO - [2022-05-21 14:50:29,559] {dag.py:2305} INFO - Setting next_dagrun for example_subdag_operator.section-2 to None
[2022-05-21 14:50:29,597] {logging_mixin.py:104} INFO - [2022-05-21 14:50:29,597] {dag.py:1832} INFO - Sync 2 DAGs
[2022-05-21 14:50:29,653] {logging_mixin.py:104} INFO - [2022-05-21 14:50:29,652] {dag.py:2305} INFO - Setting next_dagrun for example_subdag_operator.section-1 to None
[2022-05-21 14:50:29,663] {logging_mixin.py:104} INFO - [2022-05-21 14:50:29,662] {dag.py:2305} INFO - Setting next_dagrun for example_subdag_operator.section-2 to None
[2022-05-21 14:50:29,696] {scheduler_job.py:190} INFO - Processing /home/airflow/.local/lib/python3.6/site-packages/airflow/example_dags/example_subdag_operator.py took 0.422 seconds
[2022-05-21 14:50:59,897] {scheduler_job.py:182} INFO - Started process (PID=1367) to work on /home/airflow/.local/lib/python3.6/site-packages/airflow/example_dags/example_subdag_operator.py
[2022-05-21 14:50:59,901] {scheduler_job.py:633} INFO - Processing file /home/airflow/.local/lib/python3.6/site-packages/airflow/example_dags/example_subdag_operator.py for tasks to queue
[2022-05-21 14:50:59,903] {logging_mixin.py:104} INFO - [2022-05-21 14:50:59,903] {dagbag.py:487} INFO - Filling up the DagBag from /home/airflow/.local/lib/python3.6/site-packages/airflow/example_dags/example_subdag_operator.py
[2022-05-21 14:50:59,976] {scheduler_job.py:643} INFO - DAG(s) dict_keys(['example_subdag_operator.section-1', 'example_subdag_operator.section-2', 'example_subdag_operator']) retrieved from /home/airflow/.local/lib/python3.6/site-packages/airflow/example_dags/example_subdag_operator.py
[2022-05-21 14:51:00,022] {logging_mixin.py:104} INFO - [2022-05-21 14:51:00,022] {dag.py:1832} INFO - Sync 3 DAGs
[2022-05-21 14:51:00,057] {logging_mixin.py:104} INFO - [2022-05-21 14:51:00,056] {dag.py:2305} INFO - Setting next_dagrun for example_subdag_operator to 2022-05-19 00:00:00+00:00
[2022-05-21 14:51:00,060] {logging_mixin.py:104} INFO - [2022-05-21 14:51:00,060] {dag.py:2305} INFO - Setting next_dagrun for example_subdag_operator.section-1 to None
[2022-05-21 14:51:00,062] {logging_mixin.py:104} INFO - [2022-05-21 14:51:00,062] {dag.py:2305} INFO - Setting next_dagrun for example_subdag_operator.section-2 to None
[2022-05-21 14:51:00,084] {logging_mixin.py:104} INFO - [2022-05-21 14:51:00,083] {dag.py:1832} INFO - Sync 2 DAGs
[2022-05-21 14:51:00,109] {logging_mixin.py:104} INFO - [2022-05-21 14:51:00,109] {dag.py:2305} INFO - Setting next_dagrun for example_subdag_operator.section-1 to None
[2022-05-21 14:51:00,111] {logging_mixin.py:104} INFO - [2022-05-21 14:51:00,111] {dag.py:2305} INFO - Setting next_dagrun for example_subdag_operator.section-2 to None
[2022-05-21 14:51:00,126] {scheduler_job.py:190} INFO - Processing /home/airflow/.local/lib/python3.6/site-packages/airflow/example_dags/example_subdag_operator.py took 0.235 seconds
[2022-05-21 14:51:30,321] {scheduler_job.py:182} INFO - Started process (PID=1476) to work on /home/airflow/.local/lib/python3.6/site-packages/airflow/example_dags/example_subdag_operator.py
[2022-05-21 14:51:30,327] {scheduler_job.py:633} INFO - Processing file /home/airflow/.local/lib/python3.6/site-packages/airflow/example_dags/example_subdag_operator.py for tasks to queue
[2022-05-21 14:51:30,329] {logging_mixin.py:104} INFO - [2022-05-21 14:51:30,329] {dagbag.py:487} INFO - Filling up the DagBag from /home/airflow/.local/lib/python3.6/site-packages/airflow/example_dags/example_subdag_operator.py
[2022-05-21 14:51:30,415] {scheduler_job.py:643} INFO - DAG(s) dict_keys(['example_subdag_operator.section-1', 'example_subdag_operator.section-2', 'example_subdag_operator']) retrieved from /home/airflow/.local/lib/python3.6/site-packages/airflow/example_dags/example_subdag_operator.py
[2022-05-21 14:51:30,475] {logging_mixin.py:104} INFO - [2022-05-21 14:51:30,475] {dag.py:1832} INFO - Sync 3 DAGs
[2022-05-21 14:51:30,519] {logging_mixin.py:104} INFO - [2022-05-21 14:51:30,518] {dag.py:2305} INFO - Setting next_dagrun for example_subdag_operator to 2022-05-19 00:00:00+00:00
[2022-05-21 14:51:30,523] {logging_mixin.py:104} INFO - [2022-05-21 14:51:30,523] {dag.py:2305} INFO - Setting next_dagrun for example_subdag_operator.section-1 to None
[2022-05-21 14:51:30,526] {logging_mixin.py:104} INFO - [2022-05-21 14:51:30,525] {dag.py:2305} INFO - Setting next_dagrun for example_subdag_operator.section-2 to None
[2022-05-21 14:51:30,549] {logging_mixin.py:104} INFO - [2022-05-21 14:51:30,549] {dag.py:1832} INFO - Sync 2 DAGs
[2022-05-21 14:51:30,576] {logging_mixin.py:104} INFO - [2022-05-21 14:51:30,576] {dag.py:2305} INFO - Setting next_dagrun for example_subdag_operator.section-1 to None
[2022-05-21 14:51:30,579] {logging_mixin.py:104} INFO - [2022-05-21 14:51:30,579] {dag.py:2305} INFO - Setting next_dagrun for example_subdag_operator.section-2 to None
[2022-05-21 14:51:30,597] {scheduler_job.py:190} INFO - Processing /home/airflow/.local/lib/python3.6/site-packages/airflow/example_dags/example_subdag_operator.py took 0.283 seconds
[2022-05-21 14:52:00,709] {scheduler_job.py:182} INFO - Started process (PID=1561) to work on /home/airflow/.local/lib/python3.6/site-packages/airflow/example_dags/example_subdag_operator.py
[2022-05-21 14:52:00,712] {scheduler_job.py:633} INFO - Processing file /home/airflow/.local/lib/python3.6/site-packages/airflow/example_dags/example_subdag_operator.py for tasks to queue
[2022-05-21 14:52:00,715] {logging_mixin.py:104} INFO - [2022-05-21 14:52:00,715] {dagbag.py:487} INFO - Filling up the DagBag from /home/airflow/.local/lib/python3.6/site-packages/airflow/example_dags/example_subdag_operator.py
[2022-05-21 14:52:00,788] {scheduler_job.py:643} INFO - DAG(s) dict_keys(['example_subdag_operator.section-1', 'example_subdag_operator.section-2', 'example_subdag_operator']) retrieved from /home/airflow/.local/lib/python3.6/site-packages/airflow/example_dags/example_subdag_operator.py
[2022-05-21 14:52:00,834] {logging_mixin.py:104} INFO - [2022-05-21 14:52:00,833] {dag.py:1832} INFO - Sync 3 DAGs
[2022-05-21 14:52:00,866] {logging_mixin.py:104} INFO - [2022-05-21 14:52:00,866] {dag.py:2305} INFO - Setting next_dagrun for example_subdag_operator to 2022-05-19 00:00:00+00:00
[2022-05-21 14:52:00,870] {logging_mixin.py:104} INFO - [2022-05-21 14:52:00,870] {dag.py:2305} INFO - Setting next_dagrun for example_subdag_operator.section-1 to None
[2022-05-21 14:52:00,872] {logging_mixin.py:104} INFO - [2022-05-21 14:52:00,872] {dag.py:2305} INFO - Setting next_dagrun for example_subdag_operator.section-2 to None
[2022-05-21 14:52:00,892] {logging_mixin.py:104} INFO - [2022-05-21 14:52:00,892] {dag.py:1832} INFO - Sync 2 DAGs
[2022-05-21 14:52:00,917] {logging_mixin.py:104} INFO - [2022-05-21 14:52:00,917] {dag.py:2305} INFO - Setting next_dagrun for example_subdag_operator.section-1 to None
[2022-05-21 14:52:00,919] {logging_mixin.py:104} INFO - [2022-05-21 14:52:00,919] {dag.py:2305} INFO - Setting next_dagrun for example_subdag_operator.section-2 to None
[2022-05-21 14:52:00,933] {scheduler_job.py:190} INFO - Processing /home/airflow/.local/lib/python3.6/site-packages/airflow/example_dags/example_subdag_operator.py took 0.231 seconds
[2022-05-21 14:52:31,508] {scheduler_job.py:182} INFO - Started process (PID=1668) to work on /home/airflow/.local/lib/python3.6/site-packages/airflow/example_dags/example_subdag_operator.py
[2022-05-21 14:52:31,512] {scheduler_job.py:633} INFO - Processing file /home/airflow/.local/lib/python3.6/site-packages/airflow/example_dags/example_subdag_operator.py for tasks to queue
[2022-05-21 14:52:31,516] {logging_mixin.py:104} INFO - [2022-05-21 14:52:31,515] {dagbag.py:487} INFO - Filling up the DagBag from /home/airflow/.local/lib/python3.6/site-packages/airflow/example_dags/example_subdag_operator.py
[2022-05-21 14:52:31,595] {scheduler_job.py:643} INFO - DAG(s) dict_keys(['example_subdag_operator.section-1', 'example_subdag_operator.section-2', 'example_subdag_operator']) retrieved from /home/airflow/.local/lib/python3.6/site-packages/airflow/example_dags/example_subdag_operator.py
[2022-05-21 14:52:31,646] {logging_mixin.py:104} INFO - [2022-05-21 14:52:31,646] {dag.py:1832} INFO - Sync 3 DAGs
[2022-05-21 14:52:31,685] {logging_mixin.py:104} INFO - [2022-05-21 14:52:31,684] {dag.py:2305} INFO - Setting next_dagrun for example_subdag_operator to 2022-05-19 00:00:00+00:00
[2022-05-21 14:52:31,688] {logging_mixin.py:104} INFO - [2022-05-21 14:52:31,688] {dag.py:2305} INFO - Setting next_dagrun for example_subdag_operator.section-1 to None
[2022-05-21 14:52:31,691] {logging_mixin.py:104} INFO - [2022-05-21 14:52:31,690] {dag.py:2305} INFO - Setting next_dagrun for example_subdag_operator.section-2 to None
[2022-05-21 14:52:31,712] {logging_mixin.py:104} INFO - [2022-05-21 14:52:31,712] {dag.py:1832} INFO - Sync 2 DAGs
[2022-05-21 14:52:31,741] {logging_mixin.py:104} INFO - [2022-05-21 14:52:31,740] {dag.py:2305} INFO - Setting next_dagrun for example_subdag_operator.section-1 to None
[2022-05-21 14:52:31,743] {logging_mixin.py:104} INFO - [2022-05-21 14:52:31,743] {dag.py:2305} INFO - Setting next_dagrun for example_subdag_operator.section-2 to None
[2022-05-21 14:52:31,761] {scheduler_job.py:190} INFO - Processing /home/airflow/.local/lib/python3.6/site-packages/airflow/example_dags/example_subdag_operator.py took 0.261 seconds
[2022-05-21 14:54:33,397] {scheduler_job.py:182} INFO - Started process (PID=1686) to work on /home/airflow/.local/lib/python3.6/site-packages/airflow/example_dags/example_subdag_operator.py
[2022-05-21 14:54:33,405] {scheduler_job.py:633} INFO - Processing file /home/airflow/.local/lib/python3.6/site-packages/airflow/example_dags/example_subdag_operator.py for tasks to queue
[2022-05-21 14:54:33,411] {logging_mixin.py:104} INFO - [2022-05-21 14:54:33,411] {dagbag.py:487} INFO - Filling up the DagBag from /home/airflow/.local/lib/python3.6/site-packages/airflow/example_dags/example_subdag_operator.py
[2022-05-21 14:54:33,536] {scheduler_job.py:643} INFO - DAG(s) dict_keys(['example_subdag_operator.section-1', 'example_subdag_operator.section-2', 'example_subdag_operator']) retrieved from /home/airflow/.local/lib/python3.6/site-packages/airflow/example_dags/example_subdag_operator.py
[2022-05-21 14:54:33,628] {logging_mixin.py:104} INFO - [2022-05-21 14:54:33,628] {dag.py:1832} INFO - Sync 3 DAGs
[2022-05-21 14:54:33,701] {logging_mixin.py:104} INFO - [2022-05-21 14:54:33,700] {dag.py:2305} INFO - Setting next_dagrun for example_subdag_operator to 2022-05-19 00:00:00+00:00
[2022-05-21 14:54:33,706] {logging_mixin.py:104} INFO - [2022-05-21 14:54:33,705] {dag.py:2305} INFO - Setting next_dagrun for example_subdag_operator.section-1 to None
[2022-05-21 14:54:33,710] {logging_mixin.py:104} INFO - [2022-05-21 14:54:33,710] {dag.py:2305} INFO - Setting next_dagrun for example_subdag_operator.section-2 to None
[2022-05-21 14:54:33,753] {logging_mixin.py:104} INFO - [2022-05-21 14:54:33,753] {dag.py:1832} INFO - Sync 2 DAGs
[2022-05-21 14:54:33,833] {logging_mixin.py:104} INFO - [2022-05-21 14:54:33,832] {dag.py:2305} INFO - Setting next_dagrun for example_subdag_operator.section-1 to None
[2022-05-21 14:54:33,838] {logging_mixin.py:104} INFO - [2022-05-21 14:54:33,837] {dag.py:2305} INFO - Setting next_dagrun for example_subdag_operator.section-2 to None
[2022-05-21 14:54:33,875] {scheduler_job.py:190} INFO - Processing /home/airflow/.local/lib/python3.6/site-packages/airflow/example_dags/example_subdag_operator.py took 0.486 seconds
[2022-05-21 14:55:04,021] {scheduler_job.py:182} INFO - Started process (PID=1787) to work on /home/airflow/.local/lib/python3.6/site-packages/airflow/example_dags/example_subdag_operator.py
[2022-05-21 14:55:04,031] {scheduler_job.py:633} INFO - Processing file /home/airflow/.local/lib/python3.6/site-packages/airflow/example_dags/example_subdag_operator.py for tasks to queue
[2022-05-21 14:55:04,036] {logging_mixin.py:104} INFO - [2022-05-21 14:55:04,035] {dagbag.py:487} INFO - Filling up the DagBag from /home/airflow/.local/lib/python3.6/site-packages/airflow/example_dags/example_subdag_operator.py
[2022-05-21 14:55:04,203] {scheduler_job.py:643} INFO - DAG(s) dict_keys(['example_subdag_operator.section-1', 'example_subdag_operator.section-2', 'example_subdag_operator']) retrieved from /home/airflow/.local/lib/python3.6/site-packages/airflow/example_dags/example_subdag_operator.py
[2022-05-21 14:55:04,287] {logging_mixin.py:104} INFO - [2022-05-21 14:55:04,287] {dag.py:1832} INFO - Sync 3 DAGs
[2022-05-21 14:55:04,346] {logging_mixin.py:104} INFO - [2022-05-21 14:55:04,346] {dag.py:2305} INFO - Setting next_dagrun for example_subdag_operator to 2022-05-19 00:00:00+00:00
[2022-05-21 14:55:04,352] {logging_mixin.py:104} INFO - [2022-05-21 14:55:04,351] {dag.py:2305} INFO - Setting next_dagrun for example_subdag_operator.section-1 to None
[2022-05-21 14:55:04,354] {logging_mixin.py:104} INFO - [2022-05-21 14:55:04,354] {dag.py:2305} INFO - Setting next_dagrun for example_subdag_operator.section-2 to None
[2022-05-21 14:55:04,391] {logging_mixin.py:104} INFO - [2022-05-21 14:55:04,390] {dag.py:1832} INFO - Sync 2 DAGs
[2022-05-21 14:55:04,435] {logging_mixin.py:104} INFO - [2022-05-21 14:55:04,434] {dag.py:2305} INFO - Setting next_dagrun for example_subdag_operator.section-1 to None
[2022-05-21 14:55:04,437] {logging_mixin.py:104} INFO - [2022-05-21 14:55:04,437] {dag.py:2305} INFO - Setting next_dagrun for example_subdag_operator.section-2 to None
[2022-05-21 14:55:04,467] {scheduler_job.py:190} INFO - Processing /home/airflow/.local/lib/python3.6/site-packages/airflow/example_dags/example_subdag_operator.py took 0.462 seconds
