[2022-05-21 14:47:14,511] {scheduler_job.py:182} INFO - Started process (PID=662) to work on /home/airflow/.local/lib/python3.6/site-packages/airflow/example_dags/example_complex.py
[2022-05-21 14:47:14,521] {scheduler_job.py:633} INFO - Processing file /home/airflow/.local/lib/python3.6/site-packages/airflow/example_dags/example_complex.py for tasks to queue
[2022-05-21 14:47:14,525] {logging_mixin.py:104} INFO - [2022-05-21 14:47:14,524] {dagbag.py:487} INFO - Filling up the DagBag from /home/airflow/.local/lib/python3.6/site-packages/airflow/example_dags/example_complex.py
[2022-05-21 14:47:14,642] {scheduler_job.py:643} INFO - DAG(s) dict_keys(['example_complex']) retrieved from /home/airflow/.local/lib/python3.6/site-packages/airflow/example_dags/example_complex.py
[2022-05-21 14:47:25,880] {logging_mixin.py:104} INFO - [2022-05-21 14:47:25,872] {dag.py:1832} INFO - Sync 1 DAGs
[2022-05-21 14:47:25,935] {logging_mixin.py:104} INFO - [2022-05-21 14:47:25,927] {dag.py:1851} INFO - Creating ORM DAG for example_complex
[2022-05-21 14:47:25,955] {logging_mixin.py:104} INFO - [2022-05-21 14:47:25,954] {dag.py:2305} INFO - Setting next_dagrun for example_complex to None
[2022-05-21 14:47:26,002] {scheduler_job.py:190} INFO - Processing /home/airflow/.local/lib/python3.6/site-packages/airflow/example_dags/example_complex.py took 11.510 seconds
[2022-05-21 14:47:56,130] {scheduler_job.py:182} INFO - Started process (PID=774) to work on /home/airflow/.local/lib/python3.6/site-packages/airflow/example_dags/example_complex.py
[2022-05-21 14:47:56,134] {scheduler_job.py:633} INFO - Processing file /home/airflow/.local/lib/python3.6/site-packages/airflow/example_dags/example_complex.py for tasks to queue
[2022-05-21 14:47:56,136] {logging_mixin.py:104} INFO - [2022-05-21 14:47:56,135] {dagbag.py:487} INFO - Filling up the DagBag from /home/airflow/.local/lib/python3.6/site-packages/airflow/example_dags/example_complex.py
[2022-05-21 14:47:56,215] {scheduler_job.py:643} INFO - DAG(s) dict_keys(['example_complex']) retrieved from /home/airflow/.local/lib/python3.6/site-packages/airflow/example_dags/example_complex.py
[2022-05-21 14:47:56,294] {logging_mixin.py:104} INFO - [2022-05-21 14:47:56,293] {dag.py:1832} INFO - Sync 1 DAGs
[2022-05-21 14:47:56,323] {logging_mixin.py:104} INFO - [2022-05-21 14:47:56,323] {dag.py:2305} INFO - Setting next_dagrun for example_complex to None
[2022-05-21 14:47:56,347] {scheduler_job.py:190} INFO - Processing /home/airflow/.local/lib/python3.6/site-packages/airflow/example_dags/example_complex.py took 0.224 seconds
[2022-05-21 14:48:26,503] {scheduler_job.py:182} INFO - Started process (PID=880) to work on /home/airflow/.local/lib/python3.6/site-packages/airflow/example_dags/example_complex.py
[2022-05-21 14:48:26,507] {scheduler_job.py:633} INFO - Processing file /home/airflow/.local/lib/python3.6/site-packages/airflow/example_dags/example_complex.py for tasks to queue
[2022-05-21 14:48:26,511] {logging_mixin.py:104} INFO - [2022-05-21 14:48:26,510] {dagbag.py:487} INFO - Filling up the DagBag from /home/airflow/.local/lib/python3.6/site-packages/airflow/example_dags/example_complex.py
[2022-05-21 14:48:26,610] {scheduler_job.py:643} INFO - DAG(s) dict_keys(['example_complex']) retrieved from /home/airflow/.local/lib/python3.6/site-packages/airflow/example_dags/example_complex.py
[2022-05-21 14:48:26,701] {logging_mixin.py:104} INFO - [2022-05-21 14:48:26,701] {dag.py:1832} INFO - Sync 1 DAGs
[2022-05-21 14:48:26,745] {logging_mixin.py:104} INFO - [2022-05-21 14:48:26,744] {dag.py:2305} INFO - Setting next_dagrun for example_complex to None
[2022-05-21 14:48:26,782] {scheduler_job.py:190} INFO - Processing /home/airflow/.local/lib/python3.6/site-packages/airflow/example_dags/example_complex.py took 0.287 seconds
[2022-05-21 14:48:56,856] {scheduler_job.py:182} INFO - Started process (PID=970) to work on /home/airflow/.local/lib/python3.6/site-packages/airflow/example_dags/example_complex.py
[2022-05-21 14:48:56,861] {scheduler_job.py:633} INFO - Processing file /home/airflow/.local/lib/python3.6/site-packages/airflow/example_dags/example_complex.py for tasks to queue
[2022-05-21 14:48:56,864] {logging_mixin.py:104} INFO - [2022-05-21 14:48:56,864] {dagbag.py:487} INFO - Filling up the DagBag from /home/airflow/.local/lib/python3.6/site-packages/airflow/example_dags/example_complex.py
[2022-05-21 14:48:56,948] {scheduler_job.py:643} INFO - DAG(s) dict_keys(['example_complex']) retrieved from /home/airflow/.local/lib/python3.6/site-packages/airflow/example_dags/example_complex.py
[2022-05-21 14:48:57,029] {logging_mixin.py:104} INFO - [2022-05-21 14:48:57,029] {dag.py:1832} INFO - Sync 1 DAGs
[2022-05-21 14:48:57,068] {logging_mixin.py:104} INFO - [2022-05-21 14:48:57,068] {dag.py:2305} INFO - Setting next_dagrun for example_complex to None
[2022-05-21 14:48:57,097] {scheduler_job.py:190} INFO - Processing /home/airflow/.local/lib/python3.6/site-packages/airflow/example_dags/example_complex.py took 0.251 seconds
[2022-05-21 14:49:27,210] {scheduler_job.py:182} INFO - Started process (PID=1079) to work on /home/airflow/.local/lib/python3.6/site-packages/airflow/example_dags/example_complex.py
[2022-05-21 14:49:27,214] {scheduler_job.py:633} INFO - Processing file /home/airflow/.local/lib/python3.6/site-packages/airflow/example_dags/example_complex.py for tasks to queue
[2022-05-21 14:49:27,218] {logging_mixin.py:104} INFO - [2022-05-21 14:49:27,217] {dagbag.py:487} INFO - Filling up the DagBag from /home/airflow/.local/lib/python3.6/site-packages/airflow/example_dags/example_complex.py
[2022-05-21 14:49:27,312] {scheduler_job.py:643} INFO - DAG(s) dict_keys(['example_complex']) retrieved from /home/airflow/.local/lib/python3.6/site-packages/airflow/example_dags/example_complex.py
[2022-05-21 14:49:27,403] {logging_mixin.py:104} INFO - [2022-05-21 14:49:27,402] {dag.py:1832} INFO - Sync 1 DAGs
[2022-05-21 14:49:27,440] {logging_mixin.py:104} INFO - [2022-05-21 14:49:27,439] {dag.py:2305} INFO - Setting next_dagrun for example_complex to None
[2022-05-21 14:49:27,470] {scheduler_job.py:190} INFO - Processing /home/airflow/.local/lib/python3.6/site-packages/airflow/example_dags/example_complex.py took 0.268 seconds
[2022-05-21 14:49:57,563] {scheduler_job.py:182} INFO - Started process (PID=1167) to work on /home/airflow/.local/lib/python3.6/site-packages/airflow/example_dags/example_complex.py
[2022-05-21 14:49:57,567] {scheduler_job.py:633} INFO - Processing file /home/airflow/.local/lib/python3.6/site-packages/airflow/example_dags/example_complex.py for tasks to queue
[2022-05-21 14:49:57,570] {logging_mixin.py:104} INFO - [2022-05-21 14:49:57,569] {dagbag.py:487} INFO - Filling up the DagBag from /home/airflow/.local/lib/python3.6/site-packages/airflow/example_dags/example_complex.py
[2022-05-21 14:49:57,649] {scheduler_job.py:643} INFO - DAG(s) dict_keys(['example_complex']) retrieved from /home/airflow/.local/lib/python3.6/site-packages/airflow/example_dags/example_complex.py
[2022-05-21 14:49:57,731] {logging_mixin.py:104} INFO - [2022-05-21 14:49:57,730] {dag.py:1832} INFO - Sync 1 DAGs
[2022-05-21 14:49:57,761] {logging_mixin.py:104} INFO - [2022-05-21 14:49:57,761] {dag.py:2305} INFO - Setting next_dagrun for example_complex to None
[2022-05-21 14:49:57,786] {scheduler_job.py:190} INFO - Processing /home/airflow/.local/lib/python3.6/site-packages/airflow/example_dags/example_complex.py took 0.229 seconds
[2022-05-21 14:50:27,924] {scheduler_job.py:182} INFO - Started process (PID=1271) to work on /home/airflow/.local/lib/python3.6/site-packages/airflow/example_dags/example_complex.py
[2022-05-21 14:50:27,928] {scheduler_job.py:633} INFO - Processing file /home/airflow/.local/lib/python3.6/site-packages/airflow/example_dags/example_complex.py for tasks to queue
[2022-05-21 14:50:27,931] {logging_mixin.py:104} INFO - [2022-05-21 14:50:27,930] {dagbag.py:487} INFO - Filling up the DagBag from /home/airflow/.local/lib/python3.6/site-packages/airflow/example_dags/example_complex.py
[2022-05-21 14:50:28,026] {scheduler_job.py:643} INFO - DAG(s) dict_keys(['example_complex']) retrieved from /home/airflow/.local/lib/python3.6/site-packages/airflow/example_dags/example_complex.py
[2022-05-21 14:50:28,119] {logging_mixin.py:104} INFO - [2022-05-21 14:50:28,119] {dag.py:1832} INFO - Sync 1 DAGs
[2022-05-21 14:50:28,163] {logging_mixin.py:104} INFO - [2022-05-21 14:50:28,161] {dag.py:2305} INFO - Setting next_dagrun for example_complex to None
[2022-05-21 14:50:28,202] {scheduler_job.py:190} INFO - Processing /home/airflow/.local/lib/python3.6/site-packages/airflow/example_dags/example_complex.py took 0.286 seconds
[2022-05-21 14:50:58,386] {scheduler_job.py:182} INFO - Started process (PID=1361) to work on /home/airflow/.local/lib/python3.6/site-packages/airflow/example_dags/example_complex.py
[2022-05-21 14:50:58,390] {scheduler_job.py:633} INFO - Processing file /home/airflow/.local/lib/python3.6/site-packages/airflow/example_dags/example_complex.py for tasks to queue
[2022-05-21 14:50:58,393] {logging_mixin.py:104} INFO - [2022-05-21 14:50:58,393] {dagbag.py:487} INFO - Filling up the DagBag from /home/airflow/.local/lib/python3.6/site-packages/airflow/example_dags/example_complex.py
[2022-05-21 14:50:58,480] {scheduler_job.py:643} INFO - DAG(s) dict_keys(['example_complex']) retrieved from /home/airflow/.local/lib/python3.6/site-packages/airflow/example_dags/example_complex.py
[2022-05-21 14:50:58,555] {logging_mixin.py:104} INFO - [2022-05-21 14:50:58,555] {dag.py:1832} INFO - Sync 1 DAGs
[2022-05-21 14:50:58,585] {logging_mixin.py:104} INFO - [2022-05-21 14:50:58,585] {dag.py:2305} INFO - Setting next_dagrun for example_complex to None
[2022-05-21 14:50:58,609] {scheduler_job.py:190} INFO - Processing /home/airflow/.local/lib/python3.6/site-packages/airflow/example_dags/example_complex.py took 0.229 seconds
[2022-05-21 14:51:28,746] {scheduler_job.py:182} INFO - Started process (PID=1465) to work on /home/airflow/.local/lib/python3.6/site-packages/airflow/example_dags/example_complex.py
[2022-05-21 14:51:28,759] {scheduler_job.py:633} INFO - Processing file /home/airflow/.local/lib/python3.6/site-packages/airflow/example_dags/example_complex.py for tasks to queue
[2022-05-21 14:51:28,762] {logging_mixin.py:104} INFO - [2022-05-21 14:51:28,762] {dagbag.py:487} INFO - Filling up the DagBag from /home/airflow/.local/lib/python3.6/site-packages/airflow/example_dags/example_complex.py
[2022-05-21 14:51:28,885] {scheduler_job.py:643} INFO - DAG(s) dict_keys(['example_complex']) retrieved from /home/airflow/.local/lib/python3.6/site-packages/airflow/example_dags/example_complex.py
[2022-05-21 14:51:28,990] {logging_mixin.py:104} INFO - [2022-05-21 14:51:28,990] {dag.py:1832} INFO - Sync 1 DAGs
[2022-05-21 14:51:29,035] {logging_mixin.py:104} INFO - [2022-05-21 14:51:29,034] {dag.py:2305} INFO - Setting next_dagrun for example_complex to None
[2022-05-21 14:51:29,070] {scheduler_job.py:190} INFO - Processing /home/airflow/.local/lib/python3.6/site-packages/airflow/example_dags/example_complex.py took 0.333 seconds
[2022-05-21 14:51:59,254] {scheduler_job.py:182} INFO - Started process (PID=1553) to work on /home/airflow/.local/lib/python3.6/site-packages/airflow/example_dags/example_complex.py
[2022-05-21 14:51:59,259] {scheduler_job.py:633} INFO - Processing file /home/airflow/.local/lib/python3.6/site-packages/airflow/example_dags/example_complex.py for tasks to queue
[2022-05-21 14:51:59,262] {logging_mixin.py:104} INFO - [2022-05-21 14:51:59,262] {dagbag.py:487} INFO - Filling up the DagBag from /home/airflow/.local/lib/python3.6/site-packages/airflow/example_dags/example_complex.py
[2022-05-21 14:51:59,347] {scheduler_job.py:643} INFO - DAG(s) dict_keys(['example_complex']) retrieved from /home/airflow/.local/lib/python3.6/site-packages/airflow/example_dags/example_complex.py
[2022-05-21 14:51:59,435] {logging_mixin.py:104} INFO - [2022-05-21 14:51:59,435] {dag.py:1832} INFO - Sync 1 DAGs
[2022-05-21 14:51:59,475] {logging_mixin.py:104} INFO - [2022-05-21 14:51:59,475] {dag.py:2305} INFO - Setting next_dagrun for example_complex to None
[2022-05-21 14:51:59,505] {scheduler_job.py:190} INFO - Processing /home/airflow/.local/lib/python3.6/site-packages/airflow/example_dags/example_complex.py took 0.262 seconds
[2022-05-21 14:52:30,133] {scheduler_job.py:182} INFO - Started process (PID=1662) to work on /home/airflow/.local/lib/python3.6/site-packages/airflow/example_dags/example_complex.py
[2022-05-21 14:52:30,138] {scheduler_job.py:633} INFO - Processing file /home/airflow/.local/lib/python3.6/site-packages/airflow/example_dags/example_complex.py for tasks to queue
[2022-05-21 14:52:30,141] {logging_mixin.py:104} INFO - [2022-05-21 14:52:30,140] {dagbag.py:487} INFO - Filling up the DagBag from /home/airflow/.local/lib/python3.6/site-packages/airflow/example_dags/example_complex.py
[2022-05-21 14:52:30,237] {scheduler_job.py:643} INFO - DAG(s) dict_keys(['example_complex']) retrieved from /home/airflow/.local/lib/python3.6/site-packages/airflow/example_dags/example_complex.py
[2022-05-21 14:52:30,365] {logging_mixin.py:104} INFO - [2022-05-21 14:52:30,364] {dag.py:1832} INFO - Sync 1 DAGs
[2022-05-21 14:52:30,421] {logging_mixin.py:104} INFO - [2022-05-21 14:52:30,421] {dag.py:2305} INFO - Setting next_dagrun for example_complex to None
[2022-05-21 14:52:30,482] {scheduler_job.py:190} INFO - Processing /home/airflow/.local/lib/python3.6/site-packages/airflow/example_dags/example_complex.py took 0.356 seconds
[2022-05-21 14:54:44,611] {scheduler_job.py:182} INFO - Started process (PID=1757) to work on /home/airflow/.local/lib/python3.6/site-packages/airflow/example_dags/example_complex.py
[2022-05-21 14:54:44,624] {scheduler_job.py:633} INFO - Processing file /home/airflow/.local/lib/python3.6/site-packages/airflow/example_dags/example_complex.py for tasks to queue
[2022-05-21 14:54:44,628] {logging_mixin.py:104} INFO - [2022-05-21 14:54:44,627] {dagbag.py:487} INFO - Filling up the DagBag from /home/airflow/.local/lib/python3.6/site-packages/airflow/example_dags/example_complex.py
[2022-05-21 14:54:44,909] {scheduler_job.py:643} INFO - DAG(s) dict_keys(['example_complex']) retrieved from /home/airflow/.local/lib/python3.6/site-packages/airflow/example_dags/example_complex.py
[2022-05-21 14:54:45,130] {logging_mixin.py:104} INFO - [2022-05-21 14:54:45,130] {dag.py:1832} INFO - Sync 1 DAGs
[2022-05-21 14:54:45,192] {logging_mixin.py:104} INFO - [2022-05-21 14:54:45,191] {dag.py:2305} INFO - Setting next_dagrun for example_complex to None
[2022-05-21 14:54:45,250] {scheduler_job.py:190} INFO - Processing /home/airflow/.local/lib/python3.6/site-packages/airflow/example_dags/example_complex.py took 0.646 seconds
[2022-05-21 14:55:16,292] {scheduler_job.py:182} INFO - Started process (PID=1849) to work on /home/airflow/.local/lib/python3.6/site-packages/airflow/example_dags/example_complex.py
[2022-05-21 14:55:16,299] {scheduler_job.py:633} INFO - Processing file /home/airflow/.local/lib/python3.6/site-packages/airflow/example_dags/example_complex.py for tasks to queue
[2022-05-21 14:55:16,304] {logging_mixin.py:104} INFO - [2022-05-21 14:55:16,304] {dagbag.py:487} INFO - Filling up the DagBag from /home/airflow/.local/lib/python3.6/site-packages/airflow/example_dags/example_complex.py
[2022-05-21 14:55:16,485] {scheduler_job.py:643} INFO - DAG(s) dict_keys(['example_complex']) retrieved from /home/airflow/.local/lib/python3.6/site-packages/airflow/example_dags/example_complex.py
[2022-05-21 14:55:16,677] {logging_mixin.py:104} INFO - [2022-05-21 14:55:16,676] {dag.py:1832} INFO - Sync 1 DAGs
[2022-05-21 14:55:16,746] {logging_mixin.py:104} INFO - [2022-05-21 14:55:16,745] {dag.py:2305} INFO - Setting next_dagrun for example_complex to None
[2022-05-21 14:55:17,007] {scheduler_job.py:190} INFO - Processing /home/airflow/.local/lib/python3.6/site-packages/airflow/example_dags/example_complex.py took 0.728 seconds
