[2022-05-21 14:46:37,708] {scheduler_job.py:182} INFO - Started process (PID=599) to work on /home/airflow/.local/lib/python3.6/site-packages/airflow/example_dags/tutorial_etl_dag.py
[2022-05-21 14:46:37,711] {scheduler_job.py:633} INFO - Processing file /home/airflow/.local/lib/python3.6/site-packages/airflow/example_dags/tutorial_etl_dag.py for tasks to queue
[2022-05-21 14:46:37,714] {logging_mixin.py:104} INFO - [2022-05-21 14:46:37,714] {dagbag.py:487} INFO - Filling up the DagBag from /home/airflow/.local/lib/python3.6/site-packages/airflow/example_dags/tutorial_etl_dag.py
[2022-05-21 14:46:37,762] {scheduler_job.py:643} INFO - DAG(s) dict_keys(['tutorial_etl_dag']) retrieved from /home/airflow/.local/lib/python3.6/site-packages/airflow/example_dags/tutorial_etl_dag.py
[2022-05-21 14:46:49,467] {logging_mixin.py:104} INFO - [2022-05-21 14:46:49,460] {dag.py:1832} INFO - Sync 1 DAGs
[2022-05-21 14:46:49,521] {logging_mixin.py:104} INFO - [2022-05-21 14:46:49,514] {dag.py:1851} INFO - Creating ORM DAG for tutorial_etl_dag
[2022-05-21 14:46:49,541] {logging_mixin.py:104} INFO - [2022-05-21 14:46:49,541] {dag.py:2305} INFO - Setting next_dagrun for tutorial_etl_dag to None
[2022-05-21 14:46:49,582] {scheduler_job.py:190} INFO - Processing /home/airflow/.local/lib/python3.6/site-packages/airflow/example_dags/tutorial_etl_dag.py took 11.881 seconds
[2022-05-21 14:47:31,954] {scheduler_job.py:182} INFO - Started process (PID=735) to work on /home/airflow/.local/lib/python3.6/site-packages/airflow/example_dags/tutorial_etl_dag.py
[2022-05-21 14:47:31,959] {scheduler_job.py:633} INFO - Processing file /home/airflow/.local/lib/python3.6/site-packages/airflow/example_dags/tutorial_etl_dag.py for tasks to queue
[2022-05-21 14:47:31,963] {logging_mixin.py:104} INFO - [2022-05-21 14:47:31,963] {dagbag.py:487} INFO - Filling up the DagBag from /home/airflow/.local/lib/python3.6/site-packages/airflow/example_dags/tutorial_etl_dag.py
[2022-05-21 14:47:32,012] {scheduler_job.py:643} INFO - DAG(s) dict_keys(['tutorial_etl_dag']) retrieved from /home/airflow/.local/lib/python3.6/site-packages/airflow/example_dags/tutorial_etl_dag.py
[2022-05-21 14:47:32,082] {logging_mixin.py:104} INFO - [2022-05-21 14:47:32,081] {dag.py:1832} INFO - Sync 1 DAGs
[2022-05-21 14:47:32,128] {logging_mixin.py:104} INFO - [2022-05-21 14:47:32,127] {dag.py:2305} INFO - Setting next_dagrun for tutorial_etl_dag to None
[2022-05-21 14:47:32,160] {scheduler_job.py:190} INFO - Processing /home/airflow/.local/lib/python3.6/site-packages/airflow/example_dags/tutorial_etl_dag.py took 0.213 seconds
[2022-05-21 14:48:02,625] {scheduler_job.py:182} INFO - Started process (PID=836) to work on /home/airflow/.local/lib/python3.6/site-packages/airflow/example_dags/tutorial_etl_dag.py
[2022-05-21 14:48:02,629] {scheduler_job.py:633} INFO - Processing file /home/airflow/.local/lib/python3.6/site-packages/airflow/example_dags/tutorial_etl_dag.py for tasks to queue
[2022-05-21 14:48:02,633] {logging_mixin.py:104} INFO - [2022-05-21 14:48:02,632] {dagbag.py:487} INFO - Filling up the DagBag from /home/airflow/.local/lib/python3.6/site-packages/airflow/example_dags/tutorial_etl_dag.py
[2022-05-21 14:48:02,682] {scheduler_job.py:643} INFO - DAG(s) dict_keys(['tutorial_etl_dag']) retrieved from /home/airflow/.local/lib/python3.6/site-packages/airflow/example_dags/tutorial_etl_dag.py
[2022-05-21 14:48:02,743] {logging_mixin.py:104} INFO - [2022-05-21 14:48:02,742] {dag.py:1832} INFO - Sync 1 DAGs
[2022-05-21 14:48:02,783] {logging_mixin.py:104} INFO - [2022-05-21 14:48:02,783] {dag.py:2305} INFO - Setting next_dagrun for tutorial_etl_dag to None
[2022-05-21 14:48:02,819] {scheduler_job.py:190} INFO - Processing /home/airflow/.local/lib/python3.6/site-packages/airflow/example_dags/tutorial_etl_dag.py took 0.202 seconds
[2022-05-21 14:48:34,010] {scheduler_job.py:182} INFO - Started process (PID=934) to work on /home/airflow/.local/lib/python3.6/site-packages/airflow/example_dags/tutorial_etl_dag.py
[2022-05-21 14:48:34,014] {scheduler_job.py:633} INFO - Processing file /home/airflow/.local/lib/python3.6/site-packages/airflow/example_dags/tutorial_etl_dag.py for tasks to queue
[2022-05-21 14:48:34,018] {logging_mixin.py:104} INFO - [2022-05-21 14:48:34,018] {dagbag.py:487} INFO - Filling up the DagBag from /home/airflow/.local/lib/python3.6/site-packages/airflow/example_dags/tutorial_etl_dag.py
[2022-05-21 14:48:34,060] {scheduler_job.py:643} INFO - DAG(s) dict_keys(['tutorial_etl_dag']) retrieved from /home/airflow/.local/lib/python3.6/site-packages/airflow/example_dags/tutorial_etl_dag.py
[2022-05-21 14:48:34,115] {logging_mixin.py:104} INFO - [2022-05-21 14:48:34,115] {dag.py:1832} INFO - Sync 1 DAGs
[2022-05-21 14:48:34,154] {logging_mixin.py:104} INFO - [2022-05-21 14:48:34,154] {dag.py:2305} INFO - Setting next_dagrun for tutorial_etl_dag to None
[2022-05-21 14:48:34,185] {scheduler_job.py:190} INFO - Processing /home/airflow/.local/lib/python3.6/site-packages/airflow/example_dags/tutorial_etl_dag.py took 0.183 seconds
[2022-05-21 14:49:06,197] {scheduler_job.py:182} INFO - Started process (PID=1038) to work on /home/airflow/.local/lib/python3.6/site-packages/airflow/example_dags/tutorial_etl_dag.py
[2022-05-21 14:49:06,202] {scheduler_job.py:633} INFO - Processing file /home/airflow/.local/lib/python3.6/site-packages/airflow/example_dags/tutorial_etl_dag.py for tasks to queue
[2022-05-21 14:49:06,205] {logging_mixin.py:104} INFO - [2022-05-21 14:49:06,204] {dagbag.py:487} INFO - Filling up the DagBag from /home/airflow/.local/lib/python3.6/site-packages/airflow/example_dags/tutorial_etl_dag.py
[2022-05-21 14:49:06,250] {scheduler_job.py:643} INFO - DAG(s) dict_keys(['tutorial_etl_dag']) retrieved from /home/airflow/.local/lib/python3.6/site-packages/airflow/example_dags/tutorial_etl_dag.py
[2022-05-21 14:49:06,309] {logging_mixin.py:104} INFO - [2022-05-21 14:49:06,308] {dag.py:1832} INFO - Sync 1 DAGs
[2022-05-21 14:49:06,355] {logging_mixin.py:104} INFO - [2022-05-21 14:49:06,355] {dag.py:2305} INFO - Setting next_dagrun for tutorial_etl_dag to None
[2022-05-21 14:49:06,418] {scheduler_job.py:190} INFO - Processing /home/airflow/.local/lib/python3.6/site-packages/airflow/example_dags/tutorial_etl_dag.py took 0.228 seconds
[2022-05-21 14:49:37,502] {scheduler_job.py:182} INFO - Started process (PID=1130) to work on /home/airflow/.local/lib/python3.6/site-packages/airflow/example_dags/tutorial_etl_dag.py
[2022-05-21 14:49:37,506] {scheduler_job.py:633} INFO - Processing file /home/airflow/.local/lib/python3.6/site-packages/airflow/example_dags/tutorial_etl_dag.py for tasks to queue
[2022-05-21 14:49:37,508] {logging_mixin.py:104} INFO - [2022-05-21 14:49:37,508] {dagbag.py:487} INFO - Filling up the DagBag from /home/airflow/.local/lib/python3.6/site-packages/airflow/example_dags/tutorial_etl_dag.py
[2022-05-21 14:49:37,544] {scheduler_job.py:643} INFO - DAG(s) dict_keys(['tutorial_etl_dag']) retrieved from /home/airflow/.local/lib/python3.6/site-packages/airflow/example_dags/tutorial_etl_dag.py
[2022-05-21 14:49:37,593] {logging_mixin.py:104} INFO - [2022-05-21 14:49:37,592] {dag.py:1832} INFO - Sync 1 DAGs
[2022-05-21 14:49:37,628] {logging_mixin.py:104} INFO - [2022-05-21 14:49:37,627] {dag.py:2305} INFO - Setting next_dagrun for tutorial_etl_dag to None
[2022-05-21 14:49:37,652] {scheduler_job.py:190} INFO - Processing /home/airflow/.local/lib/python3.6/site-packages/airflow/example_dags/tutorial_etl_dag.py took 0.156 seconds
[2022-05-21 14:50:08,012] {scheduler_job.py:182} INFO - Started process (PID=1233) to work on /home/airflow/.local/lib/python3.6/site-packages/airflow/example_dags/tutorial_etl_dag.py
[2022-05-21 14:50:08,017] {scheduler_job.py:633} INFO - Processing file /home/airflow/.local/lib/python3.6/site-packages/airflow/example_dags/tutorial_etl_dag.py for tasks to queue
[2022-05-21 14:50:08,020] {logging_mixin.py:104} INFO - [2022-05-21 14:50:08,019] {dagbag.py:487} INFO - Filling up the DagBag from /home/airflow/.local/lib/python3.6/site-packages/airflow/example_dags/tutorial_etl_dag.py
[2022-05-21 14:50:08,064] {scheduler_job.py:643} INFO - DAG(s) dict_keys(['tutorial_etl_dag']) retrieved from /home/airflow/.local/lib/python3.6/site-packages/airflow/example_dags/tutorial_etl_dag.py
[2022-05-21 14:50:08,122] {logging_mixin.py:104} INFO - [2022-05-21 14:50:08,122] {dag.py:1832} INFO - Sync 1 DAGs
[2022-05-21 14:50:08,162] {logging_mixin.py:104} INFO - [2022-05-21 14:50:08,162] {dag.py:2305} INFO - Setting next_dagrun for tutorial_etl_dag to None
[2022-05-21 14:50:08,191] {scheduler_job.py:190} INFO - Processing /home/airflow/.local/lib/python3.6/site-packages/airflow/example_dags/tutorial_etl_dag.py took 0.186 seconds
[2022-05-21 14:50:38,227] {scheduler_job.py:182} INFO - Started process (PID=1320) to work on /home/airflow/.local/lib/python3.6/site-packages/airflow/example_dags/tutorial_etl_dag.py
[2022-05-21 14:50:38,231] {scheduler_job.py:633} INFO - Processing file /home/airflow/.local/lib/python3.6/site-packages/airflow/example_dags/tutorial_etl_dag.py for tasks to queue
[2022-05-21 14:50:38,233] {logging_mixin.py:104} INFO - [2022-05-21 14:50:38,233] {dagbag.py:487} INFO - Filling up the DagBag from /home/airflow/.local/lib/python3.6/site-packages/airflow/example_dags/tutorial_etl_dag.py
[2022-05-21 14:50:38,268] {scheduler_job.py:643} INFO - DAG(s) dict_keys(['tutorial_etl_dag']) retrieved from /home/airflow/.local/lib/python3.6/site-packages/airflow/example_dags/tutorial_etl_dag.py
[2022-05-21 14:50:38,313] {logging_mixin.py:104} INFO - [2022-05-21 14:50:38,313] {dag.py:1832} INFO - Sync 1 DAGs
[2022-05-21 14:50:38,343] {logging_mixin.py:104} INFO - [2022-05-21 14:50:38,342] {dag.py:2305} INFO - Setting next_dagrun for tutorial_etl_dag to None
[2022-05-21 14:50:38,365] {scheduler_job.py:190} INFO - Processing /home/airflow/.local/lib/python3.6/site-packages/airflow/example_dags/tutorial_etl_dag.py took 0.144 seconds
[2022-05-21 14:51:08,799] {scheduler_job.py:182} INFO - Started process (PID=1426) to work on /home/airflow/.local/lib/python3.6/site-packages/airflow/example_dags/tutorial_etl_dag.py
[2022-05-21 14:51:08,804] {scheduler_job.py:633} INFO - Processing file /home/airflow/.local/lib/python3.6/site-packages/airflow/example_dags/tutorial_etl_dag.py for tasks to queue
[2022-05-21 14:51:08,809] {logging_mixin.py:104} INFO - [2022-05-21 14:51:08,807] {dagbag.py:487} INFO - Filling up the DagBag from /home/airflow/.local/lib/python3.6/site-packages/airflow/example_dags/tutorial_etl_dag.py
[2022-05-21 14:51:08,851] {scheduler_job.py:643} INFO - DAG(s) dict_keys(['tutorial_etl_dag']) retrieved from /home/airflow/.local/lib/python3.6/site-packages/airflow/example_dags/tutorial_etl_dag.py
[2022-05-21 14:51:08,908] {logging_mixin.py:104} INFO - [2022-05-21 14:51:08,908] {dag.py:1832} INFO - Sync 1 DAGs
[2022-05-21 14:51:08,949] {logging_mixin.py:104} INFO - [2022-05-21 14:51:08,949] {dag.py:2305} INFO - Setting next_dagrun for tutorial_etl_dag to None
[2022-05-21 14:51:08,980] {scheduler_job.py:190} INFO - Processing /home/airflow/.local/lib/python3.6/site-packages/airflow/example_dags/tutorial_etl_dag.py took 0.188 seconds
[2022-05-21 14:51:39,845] {scheduler_job.py:182} INFO - Started process (PID=1514) to work on /home/airflow/.local/lib/python3.6/site-packages/airflow/example_dags/tutorial_etl_dag.py
[2022-05-21 14:51:39,849] {scheduler_job.py:633} INFO - Processing file /home/airflow/.local/lib/python3.6/site-packages/airflow/example_dags/tutorial_etl_dag.py for tasks to queue
[2022-05-21 14:51:39,852] {logging_mixin.py:104} INFO - [2022-05-21 14:51:39,851] {dagbag.py:487} INFO - Filling up the DagBag from /home/airflow/.local/lib/python3.6/site-packages/airflow/example_dags/tutorial_etl_dag.py
[2022-05-21 14:51:39,889] {scheduler_job.py:643} INFO - DAG(s) dict_keys(['tutorial_etl_dag']) retrieved from /home/airflow/.local/lib/python3.6/site-packages/airflow/example_dags/tutorial_etl_dag.py
[2022-05-21 14:51:39,939] {logging_mixin.py:104} INFO - [2022-05-21 14:51:39,939] {dag.py:1832} INFO - Sync 1 DAGs
[2022-05-21 14:51:39,971] {logging_mixin.py:104} INFO - [2022-05-21 14:51:39,971] {dag.py:2305} INFO - Setting next_dagrun for tutorial_etl_dag to None
[2022-05-21 14:51:39,994] {scheduler_job.py:190} INFO - Processing /home/airflow/.local/lib/python3.6/site-packages/airflow/example_dags/tutorial_etl_dag.py took 0.156 seconds
[2022-05-21 14:52:10,197] {scheduler_job.py:182} INFO - Started process (PID=1617) to work on /home/airflow/.local/lib/python3.6/site-packages/airflow/example_dags/tutorial_etl_dag.py
[2022-05-21 14:52:10,220] {scheduler_job.py:633} INFO - Processing file /home/airflow/.local/lib/python3.6/site-packages/airflow/example_dags/tutorial_etl_dag.py for tasks to queue
[2022-05-21 14:52:10,234] {logging_mixin.py:104} INFO - [2022-05-21 14:52:10,231] {dagbag.py:487} INFO - Filling up the DagBag from /home/airflow/.local/lib/python3.6/site-packages/airflow/example_dags/tutorial_etl_dag.py
[2022-05-21 14:52:10,327] {scheduler_job.py:643} INFO - DAG(s) dict_keys(['tutorial_etl_dag']) retrieved from /home/airflow/.local/lib/python3.6/site-packages/airflow/example_dags/tutorial_etl_dag.py
[2022-05-21 14:52:10,442] {logging_mixin.py:104} INFO - [2022-05-21 14:52:10,441] {dag.py:1832} INFO - Sync 1 DAGs
[2022-05-21 14:52:10,513] {logging_mixin.py:104} INFO - [2022-05-21 14:52:10,513] {dag.py:2305} INFO - Setting next_dagrun for tutorial_etl_dag to None
[2022-05-21 14:52:10,559] {scheduler_job.py:190} INFO - Processing /home/airflow/.local/lib/python3.6/site-packages/airflow/example_dags/tutorial_etl_dag.py took 0.387 seconds
[2022-05-21 14:54:40,300] {scheduler_job.py:182} INFO - Started process (PID=1739) to work on /home/airflow/.local/lib/python3.6/site-packages/airflow/example_dags/tutorial_etl_dag.py
[2022-05-21 14:54:40,313] {scheduler_job.py:633} INFO - Processing file /home/airflow/.local/lib/python3.6/site-packages/airflow/example_dags/tutorial_etl_dag.py for tasks to queue
[2022-05-21 14:54:40,317] {logging_mixin.py:104} INFO - [2022-05-21 14:54:40,316] {dagbag.py:487} INFO - Filling up the DagBag from /home/airflow/.local/lib/python3.6/site-packages/airflow/example_dags/tutorial_etl_dag.py
[2022-05-21 14:54:40,405] {scheduler_job.py:643} INFO - DAG(s) dict_keys(['tutorial_etl_dag']) retrieved from /home/airflow/.local/lib/python3.6/site-packages/airflow/example_dags/tutorial_etl_dag.py
[2022-05-21 14:54:40,518] {logging_mixin.py:104} INFO - [2022-05-21 14:54:40,517] {dag.py:1832} INFO - Sync 1 DAGs
[2022-05-21 14:54:40,601] {logging_mixin.py:104} INFO - [2022-05-21 14:54:40,601] {dag.py:2305} INFO - Setting next_dagrun for tutorial_etl_dag to None
[2022-05-21 14:54:40,661] {scheduler_job.py:190} INFO - Processing /home/airflow/.local/lib/python3.6/site-packages/airflow/example_dags/tutorial_etl_dag.py took 0.373 seconds
[2022-05-21 14:55:11,218] {scheduler_job.py:182} INFO - Started process (PID=1832) to work on /home/airflow/.local/lib/python3.6/site-packages/airflow/example_dags/tutorial_etl_dag.py
[2022-05-21 14:55:11,228] {scheduler_job.py:633} INFO - Processing file /home/airflow/.local/lib/python3.6/site-packages/airflow/example_dags/tutorial_etl_dag.py for tasks to queue
[2022-05-21 14:55:11,233] {logging_mixin.py:104} INFO - [2022-05-21 14:55:11,233] {dagbag.py:487} INFO - Filling up the DagBag from /home/airflow/.local/lib/python3.6/site-packages/airflow/example_dags/tutorial_etl_dag.py
[2022-05-21 14:55:11,325] {scheduler_job.py:643} INFO - DAG(s) dict_keys(['tutorial_etl_dag']) retrieved from /home/airflow/.local/lib/python3.6/site-packages/airflow/example_dags/tutorial_etl_dag.py
[2022-05-21 14:55:11,456] {logging_mixin.py:104} INFO - [2022-05-21 14:55:11,455] {dag.py:1832} INFO - Sync 1 DAGs
[2022-05-21 14:55:11,566] {logging_mixin.py:104} INFO - [2022-05-21 14:55:11,565] {dag.py:2305} INFO - Setting next_dagrun for tutorial_etl_dag to None
[2022-05-21 14:55:11,620] {scheduler_job.py:190} INFO - Processing /home/airflow/.local/lib/python3.6/site-packages/airflow/example_dags/tutorial_etl_dag.py took 0.417 seconds
