[2022-05-21 14:43:08,676] {scheduler_job.py:182} INFO - Started process (PID=290) to work on /home/airflow/.local/lib/python3.6/site-packages/airflow/example_dags/tutorial_taskflow_api_etl.py
[2022-05-21 14:43:08,695] {scheduler_job.py:633} INFO - Processing file /home/airflow/.local/lib/python3.6/site-packages/airflow/example_dags/tutorial_taskflow_api_etl.py for tasks to queue
[2022-05-21 14:43:08,709] {logging_mixin.py:104} INFO - [2022-05-21 14:43:08,709] {dagbag.py:487} INFO - Filling up the DagBag from /home/airflow/.local/lib/python3.6/site-packages/airflow/example_dags/tutorial_taskflow_api_etl.py
[2022-05-21 14:43:09,150] {scheduler_job.py:643} INFO - DAG(s) dict_keys(['tutorial_taskflow_api_etl']) retrieved from /home/airflow/.local/lib/python3.6/site-packages/airflow/example_dags/tutorial_taskflow_api_etl.py
[2022-05-21 14:44:00,603] {scheduler_job.py:182} INFO - Started process (PID=342) to work on /home/airflow/.local/lib/python3.6/site-packages/airflow/example_dags/tutorial_taskflow_api_etl.py
[2022-05-21 14:44:00,635] {scheduler_job.py:633} INFO - Processing file /home/airflow/.local/lib/python3.6/site-packages/airflow/example_dags/tutorial_taskflow_api_etl.py for tasks to queue
[2022-05-21 14:44:00,644] {logging_mixin.py:104} INFO - [2022-05-21 14:44:00,644] {dagbag.py:487} INFO - Filling up the DagBag from /home/airflow/.local/lib/python3.6/site-packages/airflow/example_dags/tutorial_taskflow_api_etl.py
[2022-05-21 14:44:01,067] {scheduler_job.py:643} INFO - DAG(s) dict_keys(['tutorial_taskflow_api_etl']) retrieved from /home/airflow/.local/lib/python3.6/site-packages/airflow/example_dags/tutorial_taskflow_api_etl.py
[2022-05-21 14:44:34,537] {logging_mixin.py:104} INFO - [2022-05-21 14:44:34,530] {dag.py:1832} INFO - Sync 1 DAGs
[2022-05-21 14:44:34,589] {logging_mixin.py:104} INFO - [2022-05-21 14:44:34,582] {dag.py:1851} INFO - Creating ORM DAG for tutorial_taskflow_api_etl
[2022-05-21 14:44:34,606] {logging_mixin.py:104} INFO - [2022-05-21 14:44:34,605] {dag.py:2305} INFO - Setting next_dagrun for tutorial_taskflow_api_etl to None
[2022-05-21 14:44:34,643] {scheduler_job.py:190} INFO - Processing /home/airflow/.local/lib/python3.6/site-packages/airflow/example_dags/tutorial_taskflow_api_etl.py took 34.080 seconds
[2022-05-21 14:47:25,482] {scheduler_job.py:182} INFO - Started process (PID=686) to work on /home/airflow/.local/lib/python3.6/site-packages/airflow/example_dags/tutorial_taskflow_api_etl.py
[2022-05-21 14:47:25,488] {scheduler_job.py:633} INFO - Processing file /home/airflow/.local/lib/python3.6/site-packages/airflow/example_dags/tutorial_taskflow_api_etl.py for tasks to queue
[2022-05-21 14:47:25,492] {logging_mixin.py:104} INFO - [2022-05-21 14:47:25,491] {dagbag.py:487} INFO - Filling up the DagBag from /home/airflow/.local/lib/python3.6/site-packages/airflow/example_dags/tutorial_taskflow_api_etl.py
[2022-05-21 14:47:25,564] {scheduler_job.py:643} INFO - DAG(s) dict_keys(['tutorial_taskflow_api_etl']) retrieved from /home/airflow/.local/lib/python3.6/site-packages/airflow/example_dags/tutorial_taskflow_api_etl.py
[2022-05-21 14:47:26,842] {logging_mixin.py:104} INFO - [2022-05-21 14:47:26,842] {dag.py:1832} INFO - Sync 1 DAGs
[2022-05-21 14:47:26,883] {logging_mixin.py:104} INFO - [2022-05-21 14:47:26,883] {dag.py:2305} INFO - Setting next_dagrun for tutorial_taskflow_api_etl to None
[2022-05-21 14:47:26,925] {scheduler_job.py:190} INFO - Processing /home/airflow/.local/lib/python3.6/site-packages/airflow/example_dags/tutorial_taskflow_api_etl.py took 1.451 seconds
[2022-05-21 14:47:57,266] {scheduler_job.py:182} INFO - Started process (PID=776) to work on /home/airflow/.local/lib/python3.6/site-packages/airflow/example_dags/tutorial_taskflow_api_etl.py
[2022-05-21 14:47:57,270] {scheduler_job.py:633} INFO - Processing file /home/airflow/.local/lib/python3.6/site-packages/airflow/example_dags/tutorial_taskflow_api_etl.py for tasks to queue
[2022-05-21 14:47:57,273] {logging_mixin.py:104} INFO - [2022-05-21 14:47:57,272] {dagbag.py:487} INFO - Filling up the DagBag from /home/airflow/.local/lib/python3.6/site-packages/airflow/example_dags/tutorial_taskflow_api_etl.py
[2022-05-21 14:47:57,326] {scheduler_job.py:643} INFO - DAG(s) dict_keys(['tutorial_taskflow_api_etl']) retrieved from /home/airflow/.local/lib/python3.6/site-packages/airflow/example_dags/tutorial_taskflow_api_etl.py
[2022-05-21 14:47:58,342] {logging_mixin.py:104} INFO - [2022-05-21 14:47:58,341] {dag.py:1832} INFO - Sync 1 DAGs
[2022-05-21 14:47:58,374] {logging_mixin.py:104} INFO - [2022-05-21 14:47:58,374] {dag.py:2305} INFO - Setting next_dagrun for tutorial_taskflow_api_etl to None
[2022-05-21 14:47:58,404] {scheduler_job.py:190} INFO - Processing /home/airflow/.local/lib/python3.6/site-packages/airflow/example_dags/tutorial_taskflow_api_etl.py took 1.147 seconds
[2022-05-21 14:48:28,530] {scheduler_job.py:182} INFO - Started process (PID=895) to work on /home/airflow/.local/lib/python3.6/site-packages/airflow/example_dags/tutorial_taskflow_api_etl.py
[2022-05-21 14:48:28,534] {scheduler_job.py:633} INFO - Processing file /home/airflow/.local/lib/python3.6/site-packages/airflow/example_dags/tutorial_taskflow_api_etl.py for tasks to queue
[2022-05-21 14:48:28,544] {logging_mixin.py:104} INFO - [2022-05-21 14:48:28,543] {dagbag.py:487} INFO - Filling up the DagBag from /home/airflow/.local/lib/python3.6/site-packages/airflow/example_dags/tutorial_taskflow_api_etl.py
[2022-05-21 14:48:28,628] {scheduler_job.py:643} INFO - DAG(s) dict_keys(['tutorial_taskflow_api_etl']) retrieved from /home/airflow/.local/lib/python3.6/site-packages/airflow/example_dags/tutorial_taskflow_api_etl.py
[2022-05-21 14:48:29,802] {logging_mixin.py:104} INFO - [2022-05-21 14:48:29,801] {dag.py:1832} INFO - Sync 1 DAGs
[2022-05-21 14:48:29,841] {logging_mixin.py:104} INFO - [2022-05-21 14:48:29,841] {dag.py:2305} INFO - Setting next_dagrun for tutorial_taskflow_api_etl to None
[2022-05-21 14:48:29,905] {scheduler_job.py:190} INFO - Processing /home/airflow/.local/lib/python3.6/site-packages/airflow/example_dags/tutorial_taskflow_api_etl.py took 1.392 seconds
[2022-05-21 14:49:00,068] {scheduler_job.py:182} INFO - Started process (PID=992) to work on /home/airflow/.local/lib/python3.6/site-packages/airflow/example_dags/tutorial_taskflow_api_etl.py
[2022-05-21 14:49:00,071] {scheduler_job.py:633} INFO - Processing file /home/airflow/.local/lib/python3.6/site-packages/airflow/example_dags/tutorial_taskflow_api_etl.py for tasks to queue
[2022-05-21 14:49:00,074] {logging_mixin.py:104} INFO - [2022-05-21 14:49:00,073] {dagbag.py:487} INFO - Filling up the DagBag from /home/airflow/.local/lib/python3.6/site-packages/airflow/example_dags/tutorial_taskflow_api_etl.py
[2022-05-21 14:49:00,125] {scheduler_job.py:643} INFO - DAG(s) dict_keys(['tutorial_taskflow_api_etl']) retrieved from /home/airflow/.local/lib/python3.6/site-packages/airflow/example_dags/tutorial_taskflow_api_etl.py
[2022-05-21 14:49:00,188] {logging_mixin.py:104} INFO - [2022-05-21 14:49:00,187] {dag.py:1832} INFO - Sync 1 DAGs
[2022-05-21 14:49:00,225] {logging_mixin.py:104} INFO - [2022-05-21 14:49:00,224] {dag.py:2305} INFO - Setting next_dagrun for tutorial_taskflow_api_etl to None
[2022-05-21 14:49:00,248] {scheduler_job.py:190} INFO - Processing /home/airflow/.local/lib/python3.6/site-packages/airflow/example_dags/tutorial_taskflow_api_etl.py took 0.187 seconds
[2022-05-21 14:49:30,522] {scheduler_job.py:182} INFO - Started process (PID=1100) to work on /home/airflow/.local/lib/python3.6/site-packages/airflow/example_dags/tutorial_taskflow_api_etl.py
[2022-05-21 14:49:30,526] {scheduler_job.py:633} INFO - Processing file /home/airflow/.local/lib/python3.6/site-packages/airflow/example_dags/tutorial_taskflow_api_etl.py for tasks to queue
[2022-05-21 14:49:30,529] {logging_mixin.py:104} INFO - [2022-05-21 14:49:30,529] {dagbag.py:487} INFO - Filling up the DagBag from /home/airflow/.local/lib/python3.6/site-packages/airflow/example_dags/tutorial_taskflow_api_etl.py
[2022-05-21 14:49:30,591] {scheduler_job.py:643} INFO - DAG(s) dict_keys(['tutorial_taskflow_api_etl']) retrieved from /home/airflow/.local/lib/python3.6/site-packages/airflow/example_dags/tutorial_taskflow_api_etl.py
[2022-05-21 14:49:31,756] {logging_mixin.py:104} INFO - [2022-05-21 14:49:31,756] {dag.py:1832} INFO - Sync 1 DAGs
[2022-05-21 14:49:31,794] {logging_mixin.py:104} INFO - [2022-05-21 14:49:31,794] {dag.py:2305} INFO - Setting next_dagrun for tutorial_taskflow_api_etl to None
[2022-05-21 14:49:31,825] {scheduler_job.py:190} INFO - Processing /home/airflow/.local/lib/python3.6/site-packages/airflow/example_dags/tutorial_taskflow_api_etl.py took 1.309 seconds
[2022-05-21 14:50:02,056] {scheduler_job.py:182} INFO - Started process (PID=1200) to work on /home/airflow/.local/lib/python3.6/site-packages/airflow/example_dags/tutorial_taskflow_api_etl.py
[2022-05-21 14:50:02,060] {scheduler_job.py:633} INFO - Processing file /home/airflow/.local/lib/python3.6/site-packages/airflow/example_dags/tutorial_taskflow_api_etl.py for tasks to queue
[2022-05-21 14:50:02,063] {logging_mixin.py:104} INFO - [2022-05-21 14:50:02,062] {dagbag.py:487} INFO - Filling up the DagBag from /home/airflow/.local/lib/python3.6/site-packages/airflow/example_dags/tutorial_taskflow_api_etl.py
[2022-05-21 14:50:02,121] {scheduler_job.py:643} INFO - DAG(s) dict_keys(['tutorial_taskflow_api_etl']) retrieved from /home/airflow/.local/lib/python3.6/site-packages/airflow/example_dags/tutorial_taskflow_api_etl.py
[2022-05-21 14:50:03,179] {logging_mixin.py:104} INFO - [2022-05-21 14:50:03,179] {dag.py:1832} INFO - Sync 1 DAGs
[2022-05-21 14:50:03,218] {logging_mixin.py:104} INFO - [2022-05-21 14:50:03,218] {dag.py:2305} INFO - Setting next_dagrun for tutorial_taskflow_api_etl to None
[2022-05-21 14:50:03,264] {scheduler_job.py:190} INFO - Processing /home/airflow/.local/lib/python3.6/site-packages/airflow/example_dags/tutorial_taskflow_api_etl.py took 1.215 seconds
[2022-05-21 14:50:33,378] {scheduler_job.py:182} INFO - Started process (PID=1298) to work on /home/airflow/.local/lib/python3.6/site-packages/airflow/example_dags/tutorial_taskflow_api_etl.py
[2022-05-21 14:50:33,383] {scheduler_job.py:633} INFO - Processing file /home/airflow/.local/lib/python3.6/site-packages/airflow/example_dags/tutorial_taskflow_api_etl.py for tasks to queue
[2022-05-21 14:50:33,386] {logging_mixin.py:104} INFO - [2022-05-21 14:50:33,386] {dagbag.py:487} INFO - Filling up the DagBag from /home/airflow/.local/lib/python3.6/site-packages/airflow/example_dags/tutorial_taskflow_api_etl.py
[2022-05-21 14:50:33,445] {scheduler_job.py:643} INFO - DAG(s) dict_keys(['tutorial_taskflow_api_etl']) retrieved from /home/airflow/.local/lib/python3.6/site-packages/airflow/example_dags/tutorial_taskflow_api_etl.py
[2022-05-21 14:50:34,477] {logging_mixin.py:104} INFO - [2022-05-21 14:50:34,477] {dag.py:1832} INFO - Sync 1 DAGs
[2022-05-21 14:50:34,514] {logging_mixin.py:104} INFO - [2022-05-21 14:50:34,514] {dag.py:2305} INFO - Setting next_dagrun for tutorial_taskflow_api_etl to None
[2022-05-21 14:50:34,546] {scheduler_job.py:190} INFO - Processing /home/airflow/.local/lib/python3.6/site-packages/airflow/example_dags/tutorial_taskflow_api_etl.py took 1.178 seconds
[2022-05-21 14:51:04,620] {scheduler_job.py:182} INFO - Started process (PID=1409) to work on /home/airflow/.local/lib/python3.6/site-packages/airflow/example_dags/tutorial_taskflow_api_etl.py
[2022-05-21 14:51:04,625] {scheduler_job.py:633} INFO - Processing file /home/airflow/.local/lib/python3.6/site-packages/airflow/example_dags/tutorial_taskflow_api_etl.py for tasks to queue
[2022-05-21 14:51:04,628] {logging_mixin.py:104} INFO - [2022-05-21 14:51:04,628] {dagbag.py:487} INFO - Filling up the DagBag from /home/airflow/.local/lib/python3.6/site-packages/airflow/example_dags/tutorial_taskflow_api_etl.py
[2022-05-21 14:51:04,698] {scheduler_job.py:643} INFO - DAG(s) dict_keys(['tutorial_taskflow_api_etl']) retrieved from /home/airflow/.local/lib/python3.6/site-packages/airflow/example_dags/tutorial_taskflow_api_etl.py
[2022-05-21 14:51:05,809] {logging_mixin.py:104} INFO - [2022-05-21 14:51:05,809] {dag.py:1832} INFO - Sync 1 DAGs
[2022-05-21 14:51:05,844] {logging_mixin.py:104} INFO - [2022-05-21 14:51:05,843] {dag.py:2305} INFO - Setting next_dagrun for tutorial_taskflow_api_etl to None
[2022-05-21 14:51:05,876] {scheduler_job.py:190} INFO - Processing /home/airflow/.local/lib/python3.6/site-packages/airflow/example_dags/tutorial_taskflow_api_etl.py took 1.263 seconds
[2022-05-21 14:51:36,074] {scheduler_job.py:182} INFO - Started process (PID=1502) to work on /home/airflow/.local/lib/python3.6/site-packages/airflow/example_dags/tutorial_taskflow_api_etl.py
[2022-05-21 14:51:36,079] {scheduler_job.py:633} INFO - Processing file /home/airflow/.local/lib/python3.6/site-packages/airflow/example_dags/tutorial_taskflow_api_etl.py for tasks to queue
[2022-05-21 14:51:36,082] {logging_mixin.py:104} INFO - [2022-05-21 14:51:36,082] {dagbag.py:487} INFO - Filling up the DagBag from /home/airflow/.local/lib/python3.6/site-packages/airflow/example_dags/tutorial_taskflow_api_etl.py
[2022-05-21 14:51:36,139] {scheduler_job.py:643} INFO - DAG(s) dict_keys(['tutorial_taskflow_api_etl']) retrieved from /home/airflow/.local/lib/python3.6/site-packages/airflow/example_dags/tutorial_taskflow_api_etl.py
[2022-05-21 14:51:37,003] {logging_mixin.py:104} INFO - [2022-05-21 14:51:37,002] {dag.py:1832} INFO - Sync 1 DAGs
[2022-05-21 14:51:37,031] {logging_mixin.py:104} INFO - [2022-05-21 14:51:37,030] {dag.py:2305} INFO - Setting next_dagrun for tutorial_taskflow_api_etl to None
[2022-05-21 14:51:37,057] {scheduler_job.py:190} INFO - Processing /home/airflow/.local/lib/python3.6/site-packages/airflow/example_dags/tutorial_taskflow_api_etl.py took 0.995 seconds
[2022-05-21 14:52:07,695] {scheduler_job.py:182} INFO - Started process (PID=1609) to work on /home/airflow/.local/lib/python3.6/site-packages/airflow/example_dags/tutorial_taskflow_api_etl.py
[2022-05-21 14:52:07,699] {scheduler_job.py:633} INFO - Processing file /home/airflow/.local/lib/python3.6/site-packages/airflow/example_dags/tutorial_taskflow_api_etl.py for tasks to queue
[2022-05-21 14:52:07,702] {logging_mixin.py:104} INFO - [2022-05-21 14:52:07,701] {dagbag.py:487} INFO - Filling up the DagBag from /home/airflow/.local/lib/python3.6/site-packages/airflow/example_dags/tutorial_taskflow_api_etl.py
[2022-05-21 14:52:07,761] {scheduler_job.py:643} INFO - DAG(s) dict_keys(['tutorial_taskflow_api_etl']) retrieved from /home/airflow/.local/lib/python3.6/site-packages/airflow/example_dags/tutorial_taskflow_api_etl.py
[2022-05-21 14:52:08,857] {logging_mixin.py:104} INFO - [2022-05-21 14:52:08,857] {dag.py:1832} INFO - Sync 1 DAGs
[2022-05-21 14:52:08,893] {logging_mixin.py:104} INFO - [2022-05-21 14:52:08,893] {dag.py:2305} INFO - Setting next_dagrun for tutorial_taskflow_api_etl to None
[2022-05-21 14:52:08,927] {scheduler_job.py:190} INFO - Processing /home/airflow/.local/lib/python3.6/site-packages/airflow/example_dags/tutorial_taskflow_api_etl.py took 1.239 seconds
[2022-05-21 14:54:32,940] {scheduler_job.py:182} INFO - Started process (PID=1682) to work on /home/airflow/.local/lib/python3.6/site-packages/airflow/example_dags/tutorial_taskflow_api_etl.py
[2022-05-21 14:54:32,953] {scheduler_job.py:633} INFO - Processing file /home/airflow/.local/lib/python3.6/site-packages/airflow/example_dags/tutorial_taskflow_api_etl.py for tasks to queue
[2022-05-21 14:54:32,966] {logging_mixin.py:104} INFO - [2022-05-21 14:54:32,962] {dagbag.py:487} INFO - Filling up the DagBag from /home/airflow/.local/lib/python3.6/site-packages/airflow/example_dags/tutorial_taskflow_api_etl.py
[2022-05-21 14:54:33,081] {scheduler_job.py:643} INFO - DAG(s) dict_keys(['tutorial_taskflow_api_etl']) retrieved from /home/airflow/.local/lib/python3.6/site-packages/airflow/example_dags/tutorial_taskflow_api_etl.py
[2022-05-21 14:54:34,599] {logging_mixin.py:104} INFO - [2022-05-21 14:54:34,598] {dag.py:1832} INFO - Sync 1 DAGs
[2022-05-21 14:54:34,648] {logging_mixin.py:104} INFO - [2022-05-21 14:54:34,647] {dag.py:2305} INFO - Setting next_dagrun for tutorial_taskflow_api_etl to None
[2022-05-21 14:54:34,720] {scheduler_job.py:190} INFO - Processing /home/airflow/.local/lib/python3.6/site-packages/airflow/example_dags/tutorial_taskflow_api_etl.py took 1.810 seconds
[2022-05-21 14:55:04,966] {scheduler_job.py:182} INFO - Started process (PID=1791) to work on /home/airflow/.local/lib/python3.6/site-packages/airflow/example_dags/tutorial_taskflow_api_etl.py
[2022-05-21 14:55:04,976] {scheduler_job.py:633} INFO - Processing file /home/airflow/.local/lib/python3.6/site-packages/airflow/example_dags/tutorial_taskflow_api_etl.py for tasks to queue
[2022-05-21 14:55:04,984] {logging_mixin.py:104} INFO - [2022-05-21 14:55:04,983] {dagbag.py:487} INFO - Filling up the DagBag from /home/airflow/.local/lib/python3.6/site-packages/airflow/example_dags/tutorial_taskflow_api_etl.py
[2022-05-21 14:55:05,136] {scheduler_job.py:643} INFO - DAG(s) dict_keys(['tutorial_taskflow_api_etl']) retrieved from /home/airflow/.local/lib/python3.6/site-packages/airflow/example_dags/tutorial_taskflow_api_etl.py
[2022-05-21 14:55:05,274] {logging_mixin.py:104} INFO - [2022-05-21 14:55:05,274] {dag.py:1832} INFO - Sync 1 DAGs
[2022-05-21 14:55:05,393] {logging_mixin.py:104} INFO - [2022-05-21 14:55:05,393] {dag.py:2305} INFO - Setting next_dagrun for tutorial_taskflow_api_etl to None
[2022-05-21 14:55:05,489] {scheduler_job.py:190} INFO - Processing /home/airflow/.local/lib/python3.6/site-packages/airflow/example_dags/tutorial_taskflow_api_etl.py took 0.539 seconds
