[2022-05-21 14:45:48,081] {scheduler_job.py:182} INFO - Started process (PID=522) to work on /home/airflow/.local/lib/python3.6/site-packages/airflow/example_dags/tutorial.py
[2022-05-21 14:45:48,086] {scheduler_job.py:633} INFO - Processing file /home/airflow/.local/lib/python3.6/site-packages/airflow/example_dags/tutorial.py for tasks to queue
[2022-05-21 14:45:48,089] {logging_mixin.py:104} INFO - [2022-05-21 14:45:48,089] {dagbag.py:487} INFO - Filling up the DagBag from /home/airflow/.local/lib/python3.6/site-packages/airflow/example_dags/tutorial.py
[2022-05-21 14:45:48,142] {scheduler_job.py:643} INFO - DAG(s) dict_keys(['tutorial']) retrieved from /home/airflow/.local/lib/python3.6/site-packages/airflow/example_dags/tutorial.py
[2022-05-21 14:45:59,848] {logging_mixin.py:104} INFO - [2022-05-21 14:45:59,842] {dag.py:1832} INFO - Sync 1 DAGs
[2022-05-21 14:45:59,891] {logging_mixin.py:104} INFO - [2022-05-21 14:45:59,885] {dag.py:1851} INFO - Creating ORM DAG for tutorial
[2022-05-21 14:45:59,906] {logging_mixin.py:104} INFO - [2022-05-21 14:45:59,905] {dag.py:2305} INFO - Setting next_dagrun for tutorial to 2022-05-19 00:00:00+00:00
[2022-05-21 14:45:59,937] {scheduler_job.py:190} INFO - Processing /home/airflow/.local/lib/python3.6/site-packages/airflow/example_dags/tutorial.py took 11.864 seconds
[2022-05-21 14:47:29,279] {scheduler_job.py:182} INFO - Started process (PID=717) to work on /home/airflow/.local/lib/python3.6/site-packages/airflow/example_dags/tutorial.py
[2022-05-21 14:47:29,284] {scheduler_job.py:633} INFO - Processing file /home/airflow/.local/lib/python3.6/site-packages/airflow/example_dags/tutorial.py for tasks to queue
[2022-05-21 14:47:29,287] {logging_mixin.py:104} INFO - [2022-05-21 14:47:29,287] {dagbag.py:487} INFO - Filling up the DagBag from /home/airflow/.local/lib/python3.6/site-packages/airflow/example_dags/tutorial.py
[2022-05-21 14:47:29,333] {scheduler_job.py:643} INFO - DAG(s) dict_keys(['tutorial']) retrieved from /home/airflow/.local/lib/python3.6/site-packages/airflow/example_dags/tutorial.py
[2022-05-21 14:47:29,395] {logging_mixin.py:104} INFO - [2022-05-21 14:47:29,395] {dag.py:1832} INFO - Sync 1 DAGs
[2022-05-21 14:47:29,438] {logging_mixin.py:104} INFO - [2022-05-21 14:47:29,437] {dag.py:2305} INFO - Setting next_dagrun for tutorial to 2022-05-19 00:00:00+00:00
[2022-05-21 14:47:29,467] {scheduler_job.py:190} INFO - Processing /home/airflow/.local/lib/python3.6/site-packages/airflow/example_dags/tutorial.py took 0.197 seconds
[2022-05-21 14:48:00,177] {scheduler_job.py:182} INFO - Started process (PID=804) to work on /home/airflow/.local/lib/python3.6/site-packages/airflow/example_dags/tutorial.py
[2022-05-21 14:48:00,180] {scheduler_job.py:633} INFO - Processing file /home/airflow/.local/lib/python3.6/site-packages/airflow/example_dags/tutorial.py for tasks to queue
[2022-05-21 14:48:00,183] {logging_mixin.py:104} INFO - [2022-05-21 14:48:00,183] {dagbag.py:487} INFO - Filling up the DagBag from /home/airflow/.local/lib/python3.6/site-packages/airflow/example_dags/tutorial.py
[2022-05-21 14:48:00,221] {scheduler_job.py:643} INFO - DAG(s) dict_keys(['tutorial']) retrieved from /home/airflow/.local/lib/python3.6/site-packages/airflow/example_dags/tutorial.py
[2022-05-21 14:48:00,283] {logging_mixin.py:104} INFO - [2022-05-21 14:48:00,283] {dag.py:1832} INFO - Sync 1 DAGs
[2022-05-21 14:48:00,318] {logging_mixin.py:104} INFO - [2022-05-21 14:48:00,318] {dag.py:2305} INFO - Setting next_dagrun for tutorial to 2022-05-19 00:00:00+00:00
[2022-05-21 14:48:00,342] {scheduler_job.py:190} INFO - Processing /home/airflow/.local/lib/python3.6/site-packages/airflow/example_dags/tutorial.py took 0.171 seconds
[2022-05-21 14:48:30,607] {scheduler_job.py:182} INFO - Started process (PID=914) to work on /home/airflow/.local/lib/python3.6/site-packages/airflow/example_dags/tutorial.py
[2022-05-21 14:48:30,612] {scheduler_job.py:633} INFO - Processing file /home/airflow/.local/lib/python3.6/site-packages/airflow/example_dags/tutorial.py for tasks to queue
[2022-05-21 14:48:30,615] {logging_mixin.py:104} INFO - [2022-05-21 14:48:30,614] {dagbag.py:487} INFO - Filling up the DagBag from /home/airflow/.local/lib/python3.6/site-packages/airflow/example_dags/tutorial.py
[2022-05-21 14:48:30,662] {scheduler_job.py:643} INFO - DAG(s) dict_keys(['tutorial']) retrieved from /home/airflow/.local/lib/python3.6/site-packages/airflow/example_dags/tutorial.py
[2022-05-21 14:48:30,726] {logging_mixin.py:104} INFO - [2022-05-21 14:48:30,725] {dag.py:1832} INFO - Sync 1 DAGs
[2022-05-21 14:48:30,766] {logging_mixin.py:104} INFO - [2022-05-21 14:48:30,765] {dag.py:2305} INFO - Setting next_dagrun for tutorial to 2022-05-19 00:00:00+00:00
[2022-05-21 14:48:30,794] {scheduler_job.py:190} INFO - Processing /home/airflow/.local/lib/python3.6/site-packages/airflow/example_dags/tutorial.py took 0.195 seconds
[2022-05-21 14:49:00,966] {scheduler_job.py:182} INFO - Started process (PID=1006) to work on /home/airflow/.local/lib/python3.6/site-packages/airflow/example_dags/tutorial.py
[2022-05-21 14:49:00,970] {scheduler_job.py:633} INFO - Processing file /home/airflow/.local/lib/python3.6/site-packages/airflow/example_dags/tutorial.py for tasks to queue
[2022-05-21 14:49:00,973] {logging_mixin.py:104} INFO - [2022-05-21 14:49:00,972] {dagbag.py:487} INFO - Filling up the DagBag from /home/airflow/.local/lib/python3.6/site-packages/airflow/example_dags/tutorial.py
[2022-05-21 14:49:01,011] {scheduler_job.py:643} INFO - DAG(s) dict_keys(['tutorial']) retrieved from /home/airflow/.local/lib/python3.6/site-packages/airflow/example_dags/tutorial.py
[2022-05-21 14:49:01,065] {logging_mixin.py:104} INFO - [2022-05-21 14:49:01,064] {dag.py:1832} INFO - Sync 1 DAGs
[2022-05-21 14:49:01,101] {logging_mixin.py:104} INFO - [2022-05-21 14:49:01,100] {dag.py:2305} INFO - Setting next_dagrun for tutorial to 2022-05-19 00:00:00+00:00
[2022-05-21 14:49:01,127] {scheduler_job.py:190} INFO - Processing /home/airflow/.local/lib/python3.6/site-packages/airflow/example_dags/tutorial.py took 0.169 seconds
[2022-05-21 14:49:32,017] {scheduler_job.py:182} INFO - Started process (PID=1110) to work on /home/airflow/.local/lib/python3.6/site-packages/airflow/example_dags/tutorial.py
[2022-05-21 14:49:32,021] {scheduler_job.py:633} INFO - Processing file /home/airflow/.local/lib/python3.6/site-packages/airflow/example_dags/tutorial.py for tasks to queue
[2022-05-21 14:49:32,023] {logging_mixin.py:104} INFO - [2022-05-21 14:49:32,023] {dagbag.py:487} INFO - Filling up the DagBag from /home/airflow/.local/lib/python3.6/site-packages/airflow/example_dags/tutorial.py
[2022-05-21 14:49:32,063] {scheduler_job.py:643} INFO - DAG(s) dict_keys(['tutorial']) retrieved from /home/airflow/.local/lib/python3.6/site-packages/airflow/example_dags/tutorial.py
[2022-05-21 14:49:32,118] {logging_mixin.py:104} INFO - [2022-05-21 14:49:32,117] {dag.py:1832} INFO - Sync 1 DAGs
[2022-05-21 14:49:32,157] {logging_mixin.py:104} INFO - [2022-05-21 14:49:32,156] {dag.py:2305} INFO - Setting next_dagrun for tutorial to 2022-05-19 00:00:00+00:00
[2022-05-21 14:49:32,184] {scheduler_job.py:190} INFO - Processing /home/airflow/.local/lib/python3.6/site-packages/airflow/example_dags/tutorial.py took 0.174 seconds
[2022-05-21 14:50:03,307] {scheduler_job.py:182} INFO - Started process (PID=1212) to work on /home/airflow/.local/lib/python3.6/site-packages/airflow/example_dags/tutorial.py
[2022-05-21 14:50:03,312] {scheduler_job.py:633} INFO - Processing file /home/airflow/.local/lib/python3.6/site-packages/airflow/example_dags/tutorial.py for tasks to queue
[2022-05-21 14:50:03,315] {logging_mixin.py:104} INFO - [2022-05-21 14:50:03,315] {dagbag.py:487} INFO - Filling up the DagBag from /home/airflow/.local/lib/python3.6/site-packages/airflow/example_dags/tutorial.py
[2022-05-21 14:50:03,358] {scheduler_job.py:643} INFO - DAG(s) dict_keys(['tutorial']) retrieved from /home/airflow/.local/lib/python3.6/site-packages/airflow/example_dags/tutorial.py
[2022-05-21 14:50:03,422] {logging_mixin.py:104} INFO - [2022-05-21 14:50:03,422] {dag.py:1832} INFO - Sync 1 DAGs
[2022-05-21 14:50:03,461] {logging_mixin.py:104} INFO - [2022-05-21 14:50:03,461] {dag.py:2305} INFO - Setting next_dagrun for tutorial to 2022-05-19 00:00:00+00:00
[2022-05-21 14:50:03,491] {scheduler_job.py:190} INFO - Processing /home/airflow/.local/lib/python3.6/site-packages/airflow/example_dags/tutorial.py took 0.191 seconds
[2022-05-21 14:50:33,880] {scheduler_job.py:182} INFO - Started process (PID=1304) to work on /home/airflow/.local/lib/python3.6/site-packages/airflow/example_dags/tutorial.py
[2022-05-21 14:50:33,884] {scheduler_job.py:633} INFO - Processing file /home/airflow/.local/lib/python3.6/site-packages/airflow/example_dags/tutorial.py for tasks to queue
[2022-05-21 14:50:33,886] {logging_mixin.py:104} INFO - [2022-05-21 14:50:33,886] {dagbag.py:487} INFO - Filling up the DagBag from /home/airflow/.local/lib/python3.6/site-packages/airflow/example_dags/tutorial.py
[2022-05-21 14:50:33,924] {scheduler_job.py:643} INFO - DAG(s) dict_keys(['tutorial']) retrieved from /home/airflow/.local/lib/python3.6/site-packages/airflow/example_dags/tutorial.py
[2022-05-21 14:50:33,978] {logging_mixin.py:104} INFO - [2022-05-21 14:50:33,978] {dag.py:1832} INFO - Sync 1 DAGs
[2022-05-21 14:50:34,013] {logging_mixin.py:104} INFO - [2022-05-21 14:50:34,013] {dag.py:2305} INFO - Setting next_dagrun for tutorial to 2022-05-19 00:00:00+00:00
[2022-05-21 14:50:34,038] {scheduler_job.py:190} INFO - Processing /home/airflow/.local/lib/python3.6/site-packages/airflow/example_dags/tutorial.py took 0.164 seconds
[2022-05-21 14:51:04,400] {scheduler_job.py:182} INFO - Started process (PID=1405) to work on /home/airflow/.local/lib/python3.6/site-packages/airflow/example_dags/tutorial.py
[2022-05-21 14:51:04,404] {scheduler_job.py:633} INFO - Processing file /home/airflow/.local/lib/python3.6/site-packages/airflow/example_dags/tutorial.py for tasks to queue
[2022-05-21 14:51:04,406] {logging_mixin.py:104} INFO - [2022-05-21 14:51:04,406] {dagbag.py:487} INFO - Filling up the DagBag from /home/airflow/.local/lib/python3.6/site-packages/airflow/example_dags/tutorial.py
[2022-05-21 14:51:04,450] {scheduler_job.py:643} INFO - DAG(s) dict_keys(['tutorial']) retrieved from /home/airflow/.local/lib/python3.6/site-packages/airflow/example_dags/tutorial.py
[2022-05-21 14:51:04,509] {logging_mixin.py:104} INFO - [2022-05-21 14:51:04,509] {dag.py:1832} INFO - Sync 1 DAGs
[2022-05-21 14:51:04,550] {logging_mixin.py:104} INFO - [2022-05-21 14:51:04,550] {dag.py:2305} INFO - Setting next_dagrun for tutorial to 2022-05-19 00:00:00+00:00
[2022-05-21 14:51:04,579] {scheduler_job.py:190} INFO - Processing /home/airflow/.local/lib/python3.6/site-packages/airflow/example_dags/tutorial.py took 0.189 seconds
[2022-05-21 14:51:34,785] {scheduler_job.py:182} INFO - Started process (PID=1496) to work on /home/airflow/.local/lib/python3.6/site-packages/airflow/example_dags/tutorial.py
[2022-05-21 14:51:34,788] {scheduler_job.py:633} INFO - Processing file /home/airflow/.local/lib/python3.6/site-packages/airflow/example_dags/tutorial.py for tasks to queue
[2022-05-21 14:51:34,790] {logging_mixin.py:104} INFO - [2022-05-21 14:51:34,790] {dagbag.py:487} INFO - Filling up the DagBag from /home/airflow/.local/lib/python3.6/site-packages/airflow/example_dags/tutorial.py
[2022-05-21 14:51:34,826] {scheduler_job.py:643} INFO - DAG(s) dict_keys(['tutorial']) retrieved from /home/airflow/.local/lib/python3.6/site-packages/airflow/example_dags/tutorial.py
[2022-05-21 14:51:34,877] {logging_mixin.py:104} INFO - [2022-05-21 14:51:34,876] {dag.py:1832} INFO - Sync 1 DAGs
[2022-05-21 14:51:34,910] {logging_mixin.py:104} INFO - [2022-05-21 14:51:34,910] {dag.py:2305} INFO - Setting next_dagrun for tutorial to 2022-05-19 00:00:00+00:00
[2022-05-21 14:51:34,933] {scheduler_job.py:190} INFO - Processing /home/airflow/.local/lib/python3.6/site-packages/airflow/example_dags/tutorial.py took 0.155 seconds
[2022-05-21 14:52:05,224] {scheduler_job.py:182} INFO - Started process (PID=1598) to work on /home/airflow/.local/lib/python3.6/site-packages/airflow/example_dags/tutorial.py
[2022-05-21 14:52:05,228] {scheduler_job.py:633} INFO - Processing file /home/airflow/.local/lib/python3.6/site-packages/airflow/example_dags/tutorial.py for tasks to queue
[2022-05-21 14:52:05,232] {logging_mixin.py:104} INFO - [2022-05-21 14:52:05,232] {dagbag.py:487} INFO - Filling up the DagBag from /home/airflow/.local/lib/python3.6/site-packages/airflow/example_dags/tutorial.py
[2022-05-21 14:52:05,274] {scheduler_job.py:643} INFO - DAG(s) dict_keys(['tutorial']) retrieved from /home/airflow/.local/lib/python3.6/site-packages/airflow/example_dags/tutorial.py
[2022-05-21 14:52:05,364] {logging_mixin.py:104} INFO - [2022-05-21 14:52:05,363] {dag.py:1832} INFO - Sync 1 DAGs
[2022-05-21 14:52:05,429] {logging_mixin.py:104} INFO - [2022-05-21 14:52:05,428] {dag.py:2305} INFO - Setting next_dagrun for tutorial to 2022-05-19 00:00:00+00:00
[2022-05-21 14:52:05,458] {scheduler_job.py:190} INFO - Processing /home/airflow/.local/lib/python3.6/site-packages/airflow/example_dags/tutorial.py took 0.242 seconds
[2022-05-21 14:54:37,044] {scheduler_job.py:182} INFO - Started process (PID=1710) to work on /home/airflow/.local/lib/python3.6/site-packages/airflow/example_dags/tutorial.py
[2022-05-21 14:54:37,050] {scheduler_job.py:633} INFO - Processing file /home/airflow/.local/lib/python3.6/site-packages/airflow/example_dags/tutorial.py for tasks to queue
[2022-05-21 14:54:37,054] {logging_mixin.py:104} INFO - [2022-05-21 14:54:37,054] {dagbag.py:487} INFO - Filling up the DagBag from /home/airflow/.local/lib/python3.6/site-packages/airflow/example_dags/tutorial.py
[2022-05-21 14:54:37,130] {scheduler_job.py:643} INFO - DAG(s) dict_keys(['tutorial']) retrieved from /home/airflow/.local/lib/python3.6/site-packages/airflow/example_dags/tutorial.py
[2022-05-21 14:54:37,248] {logging_mixin.py:104} INFO - [2022-05-21 14:54:37,247] {dag.py:1832} INFO - Sync 1 DAGs
[2022-05-21 14:54:37,299] {logging_mixin.py:104} INFO - [2022-05-21 14:54:37,299] {dag.py:2305} INFO - Setting next_dagrun for tutorial to 2022-05-19 00:00:00+00:00
[2022-05-21 14:54:37,341] {scheduler_job.py:190} INFO - Processing /home/airflow/.local/lib/python3.6/site-packages/airflow/example_dags/tutorial.py took 0.308 seconds
[2022-05-21 14:55:08,476] {scheduler_job.py:182} INFO - Started process (PID=1816) to work on /home/airflow/.local/lib/python3.6/site-packages/airflow/example_dags/tutorial.py
[2022-05-21 14:55:08,484] {scheduler_job.py:633} INFO - Processing file /home/airflow/.local/lib/python3.6/site-packages/airflow/example_dags/tutorial.py for tasks to queue
[2022-05-21 14:55:08,488] {logging_mixin.py:104} INFO - [2022-05-21 14:55:08,487] {dagbag.py:487} INFO - Filling up the DagBag from /home/airflow/.local/lib/python3.6/site-packages/airflow/example_dags/tutorial.py
[2022-05-21 14:55:08,573] {scheduler_job.py:643} INFO - DAG(s) dict_keys(['tutorial']) retrieved from /home/airflow/.local/lib/python3.6/site-packages/airflow/example_dags/tutorial.py
[2022-05-21 14:55:08,704] {logging_mixin.py:104} INFO - [2022-05-21 14:55:08,703] {dag.py:1832} INFO - Sync 1 DAGs
[2022-05-21 14:55:08,771] {logging_mixin.py:104} INFO - [2022-05-21 14:55:08,771] {dag.py:2305} INFO - Setting next_dagrun for tutorial to 2022-05-19 00:00:00+00:00
[2022-05-21 14:55:08,823] {scheduler_job.py:190} INFO - Processing /home/airflow/.local/lib/python3.6/site-packages/airflow/example_dags/tutorial.py took 0.362 seconds
