[2022-05-21 14:46:49,649] {scheduler_job.py:182} INFO - Started process (PID=624) to work on /home/airflow/.local/lib/python3.6/site-packages/airflow/example_dags/tutorial_taskflow_api_etl_virtualenv.py
[2022-05-21 14:46:49,654] {scheduler_job.py:633} INFO - Processing file /home/airflow/.local/lib/python3.6/site-packages/airflow/example_dags/tutorial_taskflow_api_etl_virtualenv.py for tasks to queue
[2022-05-21 14:46:49,659] {logging_mixin.py:104} INFO - [2022-05-21 14:46:49,658] {dagbag.py:487} INFO - Filling up the DagBag from /home/airflow/.local/lib/python3.6/site-packages/airflow/example_dags/tutorial_taskflow_api_etl_virtualenv.py
[2022-05-21 14:46:49,731] {scheduler_job.py:643} INFO - DAG(s) dict_keys(['tutorial_taskflow_api_etl_virtualenv']) retrieved from /home/airflow/.local/lib/python3.6/site-packages/airflow/example_dags/tutorial_taskflow_api_etl_virtualenv.py
[2022-05-21 14:47:01,308] {logging_mixin.py:104} INFO - [2022-05-21 14:47:01,301] {dag.py:1832} INFO - Sync 1 DAGs
[2022-05-21 14:47:01,360] {logging_mixin.py:104} INFO - [2022-05-21 14:47:01,354] {dag.py:1851} INFO - Creating ORM DAG for tutorial_taskflow_api_etl_virtualenv
[2022-05-21 14:47:01,380] {logging_mixin.py:104} INFO - [2022-05-21 14:47:01,379] {dag.py:2305} INFO - Setting next_dagrun for tutorial_taskflow_api_etl_virtualenv to None
[2022-05-21 14:47:01,420] {scheduler_job.py:190} INFO - Processing /home/airflow/.local/lib/python3.6/site-packages/airflow/example_dags/tutorial_taskflow_api_etl_virtualenv.py took 11.779 seconds
[2022-05-21 14:47:32,216] {scheduler_job.py:182} INFO - Started process (PID=742) to work on /home/airflow/.local/lib/python3.6/site-packages/airflow/example_dags/tutorial_taskflow_api_etl_virtualenv.py
[2022-05-21 14:47:32,228] {scheduler_job.py:633} INFO - Processing file /home/airflow/.local/lib/python3.6/site-packages/airflow/example_dags/tutorial_taskflow_api_etl_virtualenv.py for tasks to queue
[2022-05-21 14:47:32,232] {logging_mixin.py:104} INFO - [2022-05-21 14:47:32,231] {dagbag.py:487} INFO - Filling up the DagBag from /home/airflow/.local/lib/python3.6/site-packages/airflow/example_dags/tutorial_taskflow_api_etl_virtualenv.py
[2022-05-21 14:47:32,373] {scheduler_job.py:643} INFO - DAG(s) dict_keys(['tutorial_taskflow_api_etl_virtualenv']) retrieved from /home/airflow/.local/lib/python3.6/site-packages/airflow/example_dags/tutorial_taskflow_api_etl_virtualenv.py
[2022-05-21 14:47:33,741] {logging_mixin.py:104} INFO - [2022-05-21 14:47:33,741] {dag.py:1832} INFO - Sync 1 DAGs
[2022-05-21 14:47:33,781] {logging_mixin.py:104} INFO - [2022-05-21 14:47:33,780] {dag.py:2305} INFO - Setting next_dagrun for tutorial_taskflow_api_etl_virtualenv to None
[2022-05-21 14:47:33,819] {scheduler_job.py:190} INFO - Processing /home/airflow/.local/lib/python3.6/site-packages/airflow/example_dags/tutorial_taskflow_api_etl_virtualenv.py took 1.613 seconds
[2022-05-21 14:48:03,882] {scheduler_job.py:182} INFO - Started process (PID=845) to work on /home/airflow/.local/lib/python3.6/site-packages/airflow/example_dags/tutorial_taskflow_api_etl_virtualenv.py
[2022-05-21 14:48:03,888] {scheduler_job.py:633} INFO - Processing file /home/airflow/.local/lib/python3.6/site-packages/airflow/example_dags/tutorial_taskflow_api_etl_virtualenv.py for tasks to queue
[2022-05-21 14:48:03,891] {logging_mixin.py:104} INFO - [2022-05-21 14:48:03,890] {dagbag.py:487} INFO - Filling up the DagBag from /home/airflow/.local/lib/python3.6/site-packages/airflow/example_dags/tutorial_taskflow_api_etl_virtualenv.py
[2022-05-21 14:48:03,963] {scheduler_job.py:643} INFO - DAG(s) dict_keys(['tutorial_taskflow_api_etl_virtualenv']) retrieved from /home/airflow/.local/lib/python3.6/site-packages/airflow/example_dags/tutorial_taskflow_api_etl_virtualenv.py
[2022-05-21 14:48:04,026] {logging_mixin.py:104} INFO - [2022-05-21 14:48:04,026] {dag.py:1832} INFO - Sync 1 DAGs
[2022-05-21 14:48:04,066] {logging_mixin.py:104} INFO - [2022-05-21 14:48:04,066] {dag.py:2305} INFO - Setting next_dagrun for tutorial_taskflow_api_etl_virtualenv to None
[2022-05-21 14:48:04,098] {scheduler_job.py:190} INFO - Processing /home/airflow/.local/lib/python3.6/site-packages/airflow/example_dags/tutorial_taskflow_api_etl_virtualenv.py took 0.223 seconds
[2022-05-21 14:48:34,174] {scheduler_job.py:182} INFO - Started process (PID=936) to work on /home/airflow/.local/lib/python3.6/site-packages/airflow/example_dags/tutorial_taskflow_api_etl_virtualenv.py
[2022-05-21 14:48:34,178] {scheduler_job.py:633} INFO - Processing file /home/airflow/.local/lib/python3.6/site-packages/airflow/example_dags/tutorial_taskflow_api_etl_virtualenv.py for tasks to queue
[2022-05-21 14:48:34,180] {logging_mixin.py:104} INFO - [2022-05-21 14:48:34,180] {dagbag.py:487} INFO - Filling up the DagBag from /home/airflow/.local/lib/python3.6/site-packages/airflow/example_dags/tutorial_taskflow_api_etl_virtualenv.py
[2022-05-21 14:48:34,241] {scheduler_job.py:643} INFO - DAG(s) dict_keys(['tutorial_taskflow_api_etl_virtualenv']) retrieved from /home/airflow/.local/lib/python3.6/site-packages/airflow/example_dags/tutorial_taskflow_api_etl_virtualenv.py
[2022-05-21 14:48:35,235] {logging_mixin.py:104} INFO - [2022-05-21 14:48:35,234] {dag.py:1832} INFO - Sync 1 DAGs
[2022-05-21 14:48:35,271] {logging_mixin.py:104} INFO - [2022-05-21 14:48:35,270] {dag.py:2305} INFO - Setting next_dagrun for tutorial_taskflow_api_etl_virtualenv to None
[2022-05-21 14:48:35,303] {scheduler_job.py:190} INFO - Processing /home/airflow/.local/lib/python3.6/site-packages/airflow/example_dags/tutorial_taskflow_api_etl_virtualenv.py took 1.137 seconds
[2022-05-21 14:49:06,457] {scheduler_job.py:182} INFO - Started process (PID=1042) to work on /home/airflow/.local/lib/python3.6/site-packages/airflow/example_dags/tutorial_taskflow_api_etl_virtualenv.py
[2022-05-21 14:49:06,468] {scheduler_job.py:633} INFO - Processing file /home/airflow/.local/lib/python3.6/site-packages/airflow/example_dags/tutorial_taskflow_api_etl_virtualenv.py for tasks to queue
[2022-05-21 14:49:06,471] {logging_mixin.py:104} INFO - [2022-05-21 14:49:06,471] {dagbag.py:487} INFO - Filling up the DagBag from /home/airflow/.local/lib/python3.6/site-packages/airflow/example_dags/tutorial_taskflow_api_etl_virtualenv.py
[2022-05-21 14:49:06,539] {scheduler_job.py:643} INFO - DAG(s) dict_keys(['tutorial_taskflow_api_etl_virtualenv']) retrieved from /home/airflow/.local/lib/python3.6/site-packages/airflow/example_dags/tutorial_taskflow_api_etl_virtualenv.py
[2022-05-21 14:49:07,669] {logging_mixin.py:104} INFO - [2022-05-21 14:49:07,669] {dag.py:1832} INFO - Sync 1 DAGs
[2022-05-21 14:49:07,710] {logging_mixin.py:104} INFO - [2022-05-21 14:49:07,709] {dag.py:2305} INFO - Setting next_dagrun for tutorial_taskflow_api_etl_virtualenv to None
[2022-05-21 14:49:07,742] {scheduler_job.py:190} INFO - Processing /home/airflow/.local/lib/python3.6/site-packages/airflow/example_dags/tutorial_taskflow_api_etl_virtualenv.py took 1.293 seconds
[2022-05-21 14:49:37,909] {scheduler_job.py:182} INFO - Started process (PID=1134) to work on /home/airflow/.local/lib/python3.6/site-packages/airflow/example_dags/tutorial_taskflow_api_etl_virtualenv.py
[2022-05-21 14:49:37,913] {scheduler_job.py:633} INFO - Processing file /home/airflow/.local/lib/python3.6/site-packages/airflow/example_dags/tutorial_taskflow_api_etl_virtualenv.py for tasks to queue
[2022-05-21 14:49:37,915] {logging_mixin.py:104} INFO - [2022-05-21 14:49:37,915] {dagbag.py:487} INFO - Filling up the DagBag from /home/airflow/.local/lib/python3.6/site-packages/airflow/example_dags/tutorial_taskflow_api_etl_virtualenv.py
[2022-05-21 14:49:37,968] {scheduler_job.py:643} INFO - DAG(s) dict_keys(['tutorial_taskflow_api_etl_virtualenv']) retrieved from /home/airflow/.local/lib/python3.6/site-packages/airflow/example_dags/tutorial_taskflow_api_etl_virtualenv.py
[2022-05-21 14:49:38,017] {logging_mixin.py:104} INFO - [2022-05-21 14:49:38,017] {dag.py:1832} INFO - Sync 1 DAGs
[2022-05-21 14:49:38,049] {logging_mixin.py:104} INFO - [2022-05-21 14:49:38,049] {dag.py:2305} INFO - Setting next_dagrun for tutorial_taskflow_api_etl_virtualenv to None
[2022-05-21 14:49:38,072] {scheduler_job.py:190} INFO - Processing /home/airflow/.local/lib/python3.6/site-packages/airflow/example_dags/tutorial_taskflow_api_etl_virtualenv.py took 0.168 seconds
[2022-05-21 14:50:08,358] {scheduler_job.py:182} INFO - Started process (PID=1237) to work on /home/airflow/.local/lib/python3.6/site-packages/airflow/example_dags/tutorial_taskflow_api_etl_virtualenv.py
[2022-05-21 14:50:08,363] {scheduler_job.py:633} INFO - Processing file /home/airflow/.local/lib/python3.6/site-packages/airflow/example_dags/tutorial_taskflow_api_etl_virtualenv.py for tasks to queue
[2022-05-21 14:50:08,366] {logging_mixin.py:104} INFO - [2022-05-21 14:50:08,366] {dagbag.py:487} INFO - Filling up the DagBag from /home/airflow/.local/lib/python3.6/site-packages/airflow/example_dags/tutorial_taskflow_api_etl_virtualenv.py
[2022-05-21 14:50:08,430] {scheduler_job.py:643} INFO - DAG(s) dict_keys(['tutorial_taskflow_api_etl_virtualenv']) retrieved from /home/airflow/.local/lib/python3.6/site-packages/airflow/example_dags/tutorial_taskflow_api_etl_virtualenv.py
[2022-05-21 14:50:09,627] {logging_mixin.py:104} INFO - [2022-05-21 14:50:09,626] {dag.py:1832} INFO - Sync 1 DAGs
[2022-05-21 14:50:09,666] {logging_mixin.py:104} INFO - [2022-05-21 14:50:09,666] {dag.py:2305} INFO - Setting next_dagrun for tutorial_taskflow_api_etl_virtualenv to None
[2022-05-21 14:50:09,703] {scheduler_job.py:190} INFO - Processing /home/airflow/.local/lib/python3.6/site-packages/airflow/example_dags/tutorial_taskflow_api_etl_virtualenv.py took 1.353 seconds
[2022-05-21 14:50:40,467] {scheduler_job.py:182} INFO - Started process (PID=1326) to work on /home/airflow/.local/lib/python3.6/site-packages/airflow/example_dags/tutorial_taskflow_api_etl_virtualenv.py
[2022-05-21 14:50:40,481] {scheduler_job.py:633} INFO - Processing file /home/airflow/.local/lib/python3.6/site-packages/airflow/example_dags/tutorial_taskflow_api_etl_virtualenv.py for tasks to queue
[2022-05-21 14:50:40,484] {logging_mixin.py:104} INFO - [2022-05-21 14:50:40,484] {dagbag.py:487} INFO - Filling up the DagBag from /home/airflow/.local/lib/python3.6/site-packages/airflow/example_dags/tutorial_taskflow_api_etl_virtualenv.py
[2022-05-21 14:50:40,541] {scheduler_job.py:643} INFO - DAG(s) dict_keys(['tutorial_taskflow_api_etl_virtualenv']) retrieved from /home/airflow/.local/lib/python3.6/site-packages/airflow/example_dags/tutorial_taskflow_api_etl_virtualenv.py
[2022-05-21 14:50:41,563] {logging_mixin.py:104} INFO - [2022-05-21 14:50:41,562] {dag.py:1832} INFO - Sync 1 DAGs
[2022-05-21 14:50:41,599] {logging_mixin.py:104} INFO - [2022-05-21 14:50:41,598] {dag.py:2305} INFO - Setting next_dagrun for tutorial_taskflow_api_etl_virtualenv to None
[2022-05-21 14:50:41,633] {scheduler_job.py:190} INFO - Processing /home/airflow/.local/lib/python3.6/site-packages/airflow/example_dags/tutorial_taskflow_api_etl_virtualenv.py took 1.176 seconds
[2022-05-21 14:51:12,331] {scheduler_job.py:182} INFO - Started process (PID=1435) to work on /home/airflow/.local/lib/python3.6/site-packages/airflow/example_dags/tutorial_taskflow_api_etl_virtualenv.py
[2022-05-21 14:51:12,335] {scheduler_job.py:633} INFO - Processing file /home/airflow/.local/lib/python3.6/site-packages/airflow/example_dags/tutorial_taskflow_api_etl_virtualenv.py for tasks to queue
[2022-05-21 14:51:12,338] {logging_mixin.py:104} INFO - [2022-05-21 14:51:12,337] {dagbag.py:487} INFO - Filling up the DagBag from /home/airflow/.local/lib/python3.6/site-packages/airflow/example_dags/tutorial_taskflow_api_etl_virtualenv.py
[2022-05-21 14:51:12,397] {scheduler_job.py:643} INFO - DAG(s) dict_keys(['tutorial_taskflow_api_etl_virtualenv']) retrieved from /home/airflow/.local/lib/python3.6/site-packages/airflow/example_dags/tutorial_taskflow_api_etl_virtualenv.py
[2022-05-21 14:51:13,382] {logging_mixin.py:104} INFO - [2022-05-21 14:51:13,382] {dag.py:1832} INFO - Sync 1 DAGs
[2022-05-21 14:51:13,415] {logging_mixin.py:104} INFO - [2022-05-21 14:51:13,415] {dag.py:2305} INFO - Setting next_dagrun for tutorial_taskflow_api_etl_virtualenv to None
[2022-05-21 14:51:13,444] {scheduler_job.py:190} INFO - Processing /home/airflow/.local/lib/python3.6/site-packages/airflow/example_dags/tutorial_taskflow_api_etl_virtualenv.py took 1.121 seconds
[2022-05-21 14:51:43,726] {scheduler_job.py:182} INFO - Started process (PID=1537) to work on /home/airflow/.local/lib/python3.6/site-packages/airflow/example_dags/tutorial_taskflow_api_etl_virtualenv.py
[2022-05-21 14:51:43,730] {scheduler_job.py:633} INFO - Processing file /home/airflow/.local/lib/python3.6/site-packages/airflow/example_dags/tutorial_taskflow_api_etl_virtualenv.py for tasks to queue
[2022-05-21 14:51:43,733] {logging_mixin.py:104} INFO - [2022-05-21 14:51:43,733] {dagbag.py:487} INFO - Filling up the DagBag from /home/airflow/.local/lib/python3.6/site-packages/airflow/example_dags/tutorial_taskflow_api_etl_virtualenv.py
[2022-05-21 14:51:43,794] {scheduler_job.py:643} INFO - DAG(s) dict_keys(['tutorial_taskflow_api_etl_virtualenv']) retrieved from /home/airflow/.local/lib/python3.6/site-packages/airflow/example_dags/tutorial_taskflow_api_etl_virtualenv.py
[2022-05-21 14:51:44,858] {logging_mixin.py:104} INFO - [2022-05-21 14:51:44,858] {dag.py:1832} INFO - Sync 1 DAGs
[2022-05-21 14:51:44,894] {logging_mixin.py:104} INFO - [2022-05-21 14:51:44,894] {dag.py:2305} INFO - Setting next_dagrun for tutorial_taskflow_api_etl_virtualenv to None
[2022-05-21 14:51:44,943] {scheduler_job.py:190} INFO - Processing /home/airflow/.local/lib/python3.6/site-packages/airflow/example_dags/tutorial_taskflow_api_etl_virtualenv.py took 1.225 seconds
[2022-05-21 14:52:15,903] {scheduler_job.py:182} INFO - Started process (PID=1630) to work on /home/airflow/.local/lib/python3.6/site-packages/airflow/example_dags/tutorial_taskflow_api_etl_virtualenv.py
[2022-05-21 14:52:15,907] {scheduler_job.py:633} INFO - Processing file /home/airflow/.local/lib/python3.6/site-packages/airflow/example_dags/tutorial_taskflow_api_etl_virtualenv.py for tasks to queue
[2022-05-21 14:52:15,910] {logging_mixin.py:104} INFO - [2022-05-21 14:52:15,909] {dagbag.py:487} INFO - Filling up the DagBag from /home/airflow/.local/lib/python3.6/site-packages/airflow/example_dags/tutorial_taskflow_api_etl_virtualenv.py
[2022-05-21 14:52:15,962] {scheduler_job.py:643} INFO - DAG(s) dict_keys(['tutorial_taskflow_api_etl_virtualenv']) retrieved from /home/airflow/.local/lib/python3.6/site-packages/airflow/example_dags/tutorial_taskflow_api_etl_virtualenv.py
[2022-05-21 14:52:16,937] {logging_mixin.py:104} INFO - [2022-05-21 14:52:16,937] {dag.py:1832} INFO - Sync 1 DAGs
[2022-05-21 14:52:16,967] {logging_mixin.py:104} INFO - [2022-05-21 14:52:16,966] {dag.py:2305} INFO - Setting next_dagrun for tutorial_taskflow_api_etl_virtualenv to None
[2022-05-21 14:52:16,994] {scheduler_job.py:190} INFO - Processing /home/airflow/.local/lib/python3.6/site-packages/airflow/example_dags/tutorial_taskflow_api_etl_virtualenv.py took 1.097 seconds
[2022-05-21 14:54:41,097] {scheduler_job.py:182} INFO - Started process (PID=1743) to work on /home/airflow/.local/lib/python3.6/site-packages/airflow/example_dags/tutorial_taskflow_api_etl_virtualenv.py
[2022-05-21 14:54:41,126] {scheduler_job.py:633} INFO - Processing file /home/airflow/.local/lib/python3.6/site-packages/airflow/example_dags/tutorial_taskflow_api_etl_virtualenv.py for tasks to queue
[2022-05-21 14:54:41,131] {logging_mixin.py:104} INFO - [2022-05-21 14:54:41,130] {dagbag.py:487} INFO - Filling up the DagBag from /home/airflow/.local/lib/python3.6/site-packages/airflow/example_dags/tutorial_taskflow_api_etl_virtualenv.py
[2022-05-21 14:54:41,295] {scheduler_job.py:643} INFO - DAG(s) dict_keys(['tutorial_taskflow_api_etl_virtualenv']) retrieved from /home/airflow/.local/lib/python3.6/site-packages/airflow/example_dags/tutorial_taskflow_api_etl_virtualenv.py
[2022-05-21 14:54:43,803] {logging_mixin.py:104} INFO - [2022-05-21 14:54:43,803] {dag.py:1832} INFO - Sync 1 DAGs
[2022-05-21 14:54:43,877] {logging_mixin.py:104} INFO - [2022-05-21 14:54:43,876] {dag.py:2305} INFO - Setting next_dagrun for tutorial_taskflow_api_etl_virtualenv to None
[2022-05-21 14:54:43,939] {scheduler_job.py:190} INFO - Processing /home/airflow/.local/lib/python3.6/site-packages/airflow/example_dags/tutorial_taskflow_api_etl_virtualenv.py took 2.855 seconds
[2022-05-21 14:55:14,234] {scheduler_job.py:182} INFO - Started process (PID=1837) to work on /home/airflow/.local/lib/python3.6/site-packages/airflow/example_dags/tutorial_taskflow_api_etl_virtualenv.py
[2022-05-21 14:55:14,255] {scheduler_job.py:633} INFO - Processing file /home/airflow/.local/lib/python3.6/site-packages/airflow/example_dags/tutorial_taskflow_api_etl_virtualenv.py for tasks to queue
[2022-05-21 14:55:14,264] {logging_mixin.py:104} INFO - [2022-05-21 14:55:14,261] {dagbag.py:487} INFO - Filling up the DagBag from /home/airflow/.local/lib/python3.6/site-packages/airflow/example_dags/tutorial_taskflow_api_etl_virtualenv.py
[2022-05-21 14:55:14,512] {scheduler_job.py:643} INFO - DAG(s) dict_keys(['tutorial_taskflow_api_etl_virtualenv']) retrieved from /home/airflow/.local/lib/python3.6/site-packages/airflow/example_dags/tutorial_taskflow_api_etl_virtualenv.py
[2022-05-21 14:55:14,675] {logging_mixin.py:104} INFO - [2022-05-21 14:55:14,674] {dag.py:1832} INFO - Sync 1 DAGs
[2022-05-21 14:55:14,763] {logging_mixin.py:104} INFO - [2022-05-21 14:55:14,762] {dag.py:2305} INFO - Setting next_dagrun for tutorial_taskflow_api_etl_virtualenv to None
[2022-05-21 14:55:14,833] {scheduler_job.py:190} INFO - Processing /home/airflow/.local/lib/python3.6/site-packages/airflow/example_dags/tutorial_taskflow_api_etl_virtualenv.py took 0.622 seconds
