[2022-07-31 17:25:43,714] {taskinstance.py:1159} INFO - Dependencies all met for <TaskInstance: my_first_dag.print_date scheduled__2022-07-30T00:00:00+00:00 [queued]>
[2022-07-31 17:25:43,720] {taskinstance.py:1159} INFO - Dependencies all met for <TaskInstance: my_first_dag.print_date scheduled__2022-07-30T00:00:00+00:00 [queued]>
[2022-07-31 17:25:43,721] {taskinstance.py:1356} INFO - 
--------------------------------------------------------------------------------
[2022-07-31 17:25:43,721] {taskinstance.py:1357} INFO - Starting attempt 1 of 1
[2022-07-31 17:25:43,721] {taskinstance.py:1358} INFO - 
--------------------------------------------------------------------------------
[2022-07-31 17:25:43,730] {taskinstance.py:1377} INFO - Executing <Task(BashOperator): print_date> on 2022-07-30 00:00:00+00:00
[2022-07-31 17:25:43,753] {standard_task_runner.py:79} INFO - Running: ['airflow', 'tasks', 'run', 'my_first_dag', 'print_date', 'scheduled__2022-07-30T00:00:00+00:00', '--job-id', '219', '--raw', '--subdir', 'DAGS_FOLDER/test.py', '--cfg-path', '/var/folders/6v/f1q42tlx39bf4xb4nltqccj00000gn/T/tmpg1oe2zpo', '--error-file', '/var/folders/6v/f1q42tlx39bf4xb4nltqccj00000gn/T/tmpuyjetzyr']
[2022-07-31 17:25:43,761] {standard_task_runner.py:80} INFO - Job 219: Subtask print_date
[2022-07-31 17:25:43,745] {standard_task_runner.py:52} INFO - Started process 1907 to run task
[2022-07-31 17:25:43,846] {task_command.py:369} INFO - Running <TaskInstance: my_first_dag.print_date scheduled__2022-07-30T00:00:00+00:00 [running]> on host janghuisuui-macbookair.local
[2022-07-31 17:25:43,915] {taskinstance.py:1569} INFO - Exporting the following env vars:
AIRFLOW_CTX_DAG_OWNER=jovyan
AIRFLOW_CTX_DAG_ID=my_first_dag
AIRFLOW_CTX_TASK_ID=print_date
AIRFLOW_CTX_EXECUTION_DATE=2022-07-30T00:00:00+00:00
AIRFLOW_CTX_TRY_NUMBER=1
AIRFLOW_CTX_DAG_RUN_ID=scheduled__2022-07-30T00:00:00+00:00
[2022-07-31 17:25:43,916] {subprocess.py:62} INFO - Tmp dir root location: 
 /var/folders/6v/f1q42tlx39bf4xb4nltqccj00000gn/T
[2022-07-31 17:25:43,916] {subprocess.py:74} INFO - Running command: ['bash', '-c', 'echo "hello world"']
[2022-07-31 17:25:43,931] {subprocess.py:85} INFO - Output:
[2022-07-31 17:25:43,942] {subprocess.py:92} INFO - hello world
[2022-07-31 17:25:43,943] {subprocess.py:96} INFO - Command exited with return code 0
[2022-07-31 17:25:43,980] {taskinstance.py:1395} INFO - Marking task as SUCCESS. dag_id=my_first_dag, task_id=print_date, execution_date=20220730T000000, start_date=20220731T082543, end_date=20220731T082543
[2022-07-31 17:25:44,029] {local_task_job.py:156} INFO - Task exited with return code 0
[2022-07-31 17:25:44,059] {local_task_job.py:273} INFO - 1 downstream tasks scheduled from follow-on schedule check
