[2022-07-27 23:23:13,821] {taskinstance.py:1159} INFO - Dependencies all met for <TaskInstance: tutorial-python-op.cal_m_id scheduled__2022-02-01T14:10:00+00:00 [queued]>
[2022-07-27 23:23:13,831] {taskinstance.py:1159} INFO - Dependencies all met for <TaskInstance: tutorial-python-op.cal_m_id scheduled__2022-02-01T14:10:00+00:00 [queued]>
[2022-07-27 23:23:13,831] {taskinstance.py:1356} INFO - 
--------------------------------------------------------------------------------
[2022-07-27 23:23:13,831] {taskinstance.py:1357} INFO - Starting attempt 1 of 2
[2022-07-27 23:23:13,831] {taskinstance.py:1358} INFO - 
--------------------------------------------------------------------------------
[2022-07-27 23:23:13,839] {taskinstance.py:1377} INFO - Executing <Task(PythonOperator): cal_m_id> on 2022-02-01 14:10:00+00:00
[2022-07-27 23:23:13,845] {standard_task_runner.py:52} INFO - Started process 51960 to run task
[2022-07-27 23:23:13,849] {standard_task_runner.py:79} INFO - Running: ['airflow', 'tasks', 'run', 'tutorial-python-op', 'cal_m_id', 'scheduled__2022-02-01T14:10:00+00:00', '--job-id', '121', '--raw', '--subdir', 'DAGS_FOLDER/test5.py', '--cfg-path', '/var/folders/6v/f1q42tlx39bf4xb4nltqccj00000gn/T/tmppgpqxsb2', '--error-file', '/var/folders/6v/f1q42tlx39bf4xb4nltqccj00000gn/T/tmp49cte9vu']
[2022-07-27 23:23:13,850] {standard_task_runner.py:80} INFO - Job 121: Subtask cal_m_id
[2022-07-27 23:23:13,902] {task_command.py:369} INFO - Running <TaskInstance: tutorial-python-op.cal_m_id scheduled__2022-02-01T14:10:00+00:00 [running]> on host janghuisuui-MacBookAir.local
[2022-07-27 23:23:13,957] {taskinstance.py:1569} INFO - Exporting the following env vars:
AIRFLOW_CTX_DAG_EMAIL=your-email@g.com
AIRFLOW_CTX_DAG_OWNER=owner-name
AIRFLOW_CTX_DAG_ID=tutorial-python-op
AIRFLOW_CTX_TASK_ID=cal_m_id
AIRFLOW_CTX_EXECUTION_DATE=2022-02-01T14:10:00+00:00
AIRFLOW_CTX_TRY_NUMBER=1
AIRFLOW_CTX_DAG_RUN_ID=scheduled__2022-02-01T14:10:00+00:00
[2022-07-27 23:23:13,958] {logging_mixin.py:115} INFO - x * y :  40
[2022-07-27 23:23:13,970] {python.py:173} INFO - Done. Returned value was: calc mul123
[2022-07-27 23:23:13,993] {taskinstance.py:1395} INFO - Marking task as SUCCESS. dag_id=tutorial-python-op, task_id=cal_m_id, execution_date=20220201T141000, start_date=20220727T142313, end_date=20220727T142313
[2022-07-27 23:23:14,027] {local_task_job.py:156} INFO - Task exited with return code 0
[2022-07-27 23:23:14,064] {local_task_job.py:273} INFO - 1 downstream tasks scheduled from follow-on schedule check
