[2022-07-27 23:22:45,030] {taskinstance.py:1159} INFO - Dependencies all met for <TaskInstance: tutorial-python-op.start manual__2022-07-27T14:22:18.888235+00:00 [queued]>
[2022-07-27 23:22:45,036] {taskinstance.py:1159} INFO - Dependencies all met for <TaskInstance: tutorial-python-op.start manual__2022-07-27T14:22:18.888235+00:00 [queued]>
[2022-07-27 23:22:45,036] {taskinstance.py:1356} INFO - 
--------------------------------------------------------------------------------
[2022-07-27 23:22:45,036] {taskinstance.py:1357} INFO - Starting attempt 1 of 2
[2022-07-27 23:22:45,036] {taskinstance.py:1358} INFO - 
--------------------------------------------------------------------------------
[2022-07-27 23:22:45,044] {taskinstance.py:1377} INFO - Executing <Task(BashOperator): start> on 2022-07-27 14:22:18.888235+00:00
[2022-07-27 23:22:45,050] {standard_task_runner.py:52} INFO - Started process 51336 to run task
[2022-07-27 23:22:45,055] {standard_task_runner.py:79} INFO - Running: ['airflow', 'tasks', 'run', 'tutorial-python-op', 'start', 'manual__2022-07-27T14:22:18.888235+00:00', '--job-id', '101', '--raw', '--subdir', 'DAGS_FOLDER/test5.py', '--cfg-path', '/var/folders/6v/f1q42tlx39bf4xb4nltqccj00000gn/T/tmp0814wsis', '--error-file', '/var/folders/6v/f1q42tlx39bf4xb4nltqccj00000gn/T/tmp9flccog6']
[2022-07-27 23:22:45,056] {standard_task_runner.py:80} INFO - Job 101: Subtask start
[2022-07-27 23:22:45,104] {task_command.py:369} INFO - Running <TaskInstance: tutorial-python-op.start manual__2022-07-27T14:22:18.888235+00:00 [running]> on host janghuisuui-MacBookAir.local
[2022-07-27 23:22:45,158] {taskinstance.py:1569} INFO - Exporting the following env vars:
AIRFLOW_CTX_DAG_EMAIL=your-email@g.com
AIRFLOW_CTX_DAG_OWNER=owner-name
AIRFLOW_CTX_DAG_ID=tutorial-python-op
AIRFLOW_CTX_TASK_ID=start
AIRFLOW_CTX_EXECUTION_DATE=2022-07-27T14:22:18.888235+00:00
AIRFLOW_CTX_TRY_NUMBER=1
AIRFLOW_CTX_DAG_RUN_ID=manual__2022-07-27T14:22:18.888235+00:00
[2022-07-27 23:22:45,158] {subprocess.py:62} INFO - Tmp dir root location: 
 /var/folders/6v/f1q42tlx39bf4xb4nltqccj00000gn/T
[2022-07-27 23:22:45,159] {subprocess.py:74} INFO - Running command: ['bash', '-c', 'echo "start!!!!!"']
[2022-07-27 23:22:45,168] {subprocess.py:85} INFO - Output:
[2022-07-27 23:22:45,172] {subprocess.py:92} INFO - start!!!!!
[2022-07-27 23:22:45,173] {subprocess.py:96} INFO - Command exited with return code 0
[2022-07-27 23:22:45,201] {taskinstance.py:1395} INFO - Marking task as SUCCESS. dag_id=tutorial-python-op, task_id=start, execution_date=20220727T142218, start_date=20220727T142245, end_date=20220727T142245
[2022-07-27 23:22:45,232] {local_task_job.py:156} INFO - Task exited with return code 0
[2022-07-27 23:22:45,268] {local_task_job.py:273} INFO - 1 downstream tasks scheduled from follow-on schedule check
