[2022-07-27 23:22:51,139] {taskinstance.py:1159} INFO - Dependencies all met for <TaskInstance: tutorial-python-op.complete_bash manual__2022-07-27T14:22:18.888235+00:00 [queued]>
[2022-07-27 23:22:51,149] {taskinstance.py:1159} INFO - Dependencies all met for <TaskInstance: tutorial-python-op.complete_bash manual__2022-07-27T14:22:18.888235+00:00 [queued]>
[2022-07-27 23:22:51,149] {taskinstance.py:1356} INFO - 
--------------------------------------------------------------------------------
[2022-07-27 23:22:51,149] {taskinstance.py:1357} INFO - Starting attempt 1 of 2
[2022-07-27 23:22:51,149] {taskinstance.py:1358} INFO - 
--------------------------------------------------------------------------------
[2022-07-27 23:22:51,158] {taskinstance.py:1377} INFO - Executing <Task(BashOperator): complete_bash> on 2022-07-27 14:22:18.888235+00:00
[2022-07-27 23:22:51,163] {standard_task_runner.py:52} INFO - Started process 51483 to run task
[2022-07-27 23:22:51,167] {standard_task_runner.py:79} INFO - Running: ['airflow', 'tasks', 'run', 'tutorial-python-op', 'complete_bash', 'manual__2022-07-27T14:22:18.888235+00:00', '--job-id', '106', '--raw', '--subdir', 'DAGS_FOLDER/test5.py', '--cfg-path', '/var/folders/6v/f1q42tlx39bf4xb4nltqccj00000gn/T/tmpwr_dde0g', '--error-file', '/var/folders/6v/f1q42tlx39bf4xb4nltqccj00000gn/T/tmp4ppsepon']
[2022-07-27 23:22:51,168] {standard_task_runner.py:80} INFO - Job 106: Subtask complete_bash
[2022-07-27 23:22:51,225] {task_command.py:369} INFO - Running <TaskInstance: tutorial-python-op.complete_bash manual__2022-07-27T14:22:18.888235+00:00 [running]> on host janghuisuui-MacBookAir.local
[2022-07-27 23:22:51,293] {taskinstance.py:1569} INFO - Exporting the following env vars:
AIRFLOW_CTX_DAG_EMAIL=your-email@g.com
AIRFLOW_CTX_DAG_OWNER=owner-name
AIRFLOW_CTX_DAG_ID=tutorial-python-op
AIRFLOW_CTX_TASK_ID=complete_bash
AIRFLOW_CTX_EXECUTION_DATE=2022-07-27T14:22:18.888235+00:00
AIRFLOW_CTX_TRY_NUMBER=1
AIRFLOW_CTX_DAG_RUN_ID=manual__2022-07-27T14:22:18.888235+00:00
[2022-07-27 23:22:51,294] {subprocess.py:62} INFO - Tmp dir root location: 
 /var/folders/6v/f1q42tlx39bf4xb4nltqccj00000gn/T
[2022-07-27 23:22:51,295] {subprocess.py:74} INFO - Running command: ['bash', '-c', 'echo "complete~!!!"']
[2022-07-27 23:22:51,304] {subprocess.py:85} INFO - Output:
[2022-07-27 23:22:51,309] {subprocess.py:92} INFO - complete~!!!
[2022-07-27 23:22:51,309] {subprocess.py:96} INFO - Command exited with return code 0
[2022-07-27 23:22:51,346] {taskinstance.py:1395} INFO - Marking task as SUCCESS. dag_id=tutorial-python-op, task_id=complete_bash, execution_date=20220727T142218, start_date=20220727T142251, end_date=20220727T142251
[2022-07-27 23:22:51,386] {local_task_job.py:156} INFO - Task exited with return code 0
[2022-07-27 23:22:51,419] {local_task_job.py:273} INFO - 0 downstream tasks scheduled from follow-on schedule check
