[2022-07-24 23:16:35,053] {taskinstance.py:1159} INFO - Dependencies all met for <TaskInstance: my_python_dag.task_1 manual__2022-07-24T14:16:34.133529+00:00 [queued]>
[2022-07-24 23:16:35,060] {taskinstance.py:1159} INFO - Dependencies all met for <TaskInstance: my_python_dag.task_1 manual__2022-07-24T14:16:34.133529+00:00 [queued]>
[2022-07-24 23:16:35,060] {taskinstance.py:1356} INFO - 
--------------------------------------------------------------------------------
[2022-07-24 23:16:35,060] {taskinstance.py:1357} INFO - Starting attempt 1 of 1
[2022-07-24 23:16:35,060] {taskinstance.py:1358} INFO - 
--------------------------------------------------------------------------------
[2022-07-24 23:16:35,069] {taskinstance.py:1377} INFO - Executing <Task(PythonOperator): task_1> on 2022-07-24 14:16:34.133529+00:00
[2022-07-24 23:16:35,077] {standard_task_runner.py:52} INFO - Started process 97555 to run task
[2022-07-24 23:16:35,085] {standard_task_runner.py:79} INFO - Running: ['airflow', 'tasks', 'run', 'my_python_dag', 'task_1', 'manual__2022-07-24T14:16:34.133529+00:00', '--job-id', '23', '--raw', '--subdir', 'DAGS_FOLDER/test3.py', '--cfg-path', '/var/folders/6v/f1q42tlx39bf4xb4nltqccj00000gn/T/tmpo9za5wse', '--error-file', '/var/folders/6v/f1q42tlx39bf4xb4nltqccj00000gn/T/tmphvrx7l19']
[2022-07-24 23:16:35,086] {standard_task_runner.py:80} INFO - Job 23: Subtask task_1
[2022-07-24 23:16:35,142] {task_command.py:369} INFO - Running <TaskInstance: my_python_dag.task_1 manual__2022-07-24T14:16:34.133529+00:00 [running]> on host janghuisuui-MacBookAir.local
[2022-07-24 23:16:35,196] {taskinstance.py:1569} INFO - Exporting the following env vars:
AIRFLOW_CTX_DAG_OWNER=testJang
AIRFLOW_CTX_DAG_ID=my_python_dag
AIRFLOW_CTX_TASK_ID=task_1
AIRFLOW_CTX_EXECUTION_DATE=2022-07-24T14:16:34.133529+00:00
AIRFLOW_CTX_TRY_NUMBER=1
AIRFLOW_CTX_DAG_RUN_ID=manual__2022-07-24T14:16:34.133529+00:00
[2022-07-24 23:16:35,196] {logging_mixin.py:115} INFO - ====================================================================================================
[2022-07-24 23:16:35,197] {logging_mixin.py:115} INFO - fruit_name: apple
[2022-07-24 23:16:35,197] {logging_mixin.py:115} INFO - ====================================================================================================
[2022-07-24 23:16:35,197] {logging_mixin.py:115} INFO - {'conf': <airflow.configuration.AirflowConfigParser object at 0x7fbe1822ab50>, 'dag': <DAG: my_python_dag>, 'dag_run': <DagRun my_python_dag @ 2022-07-24 14:16:34.133529+00:00: manual__2022-07-24T14:16:34.133529+00:00, externally triggered: True>, 'data_interval_end': DateTime(2022, 7, 24, 0, 0, 0, tzinfo=Timezone('UTC')), 'data_interval_start': DateTime(2022, 7, 23, 0, 0, 0, tzinfo=Timezone('UTC')), 'ds': '2022-07-24', 'ds_nodash': '20220724', 'execution_date': <Proxy at 0x7fbe189c9140 with factory functools.partial(<function lazy_mapping_from_context.<locals>._deprecated_proxy_factory at 0x7fbe1897fdc0>, 'execution_date', DateTime(2022, 7, 24, 14, 16, 34, 133529, tzinfo=Timezone('UTC')))>, 'inlets': [], 'logical_date': DateTime(2022, 7, 24, 14, 16, 34, 133529, tzinfo=Timezone('UTC')), 'macros': <module 'airflow.macros' from '/Users/jangheesu/opt/anaconda3/envs/airflow2.3.0/lib/python3.8/site-packages/airflow/macros/__init__.py'>, 'next_ds': <Proxy at 0x7fbe5899a440 with factory functools.partial(<function lazy_mapping_from_context.<locals>._deprecated_proxy_factory at 0x7fbe1897fdc0>, 'next_ds', '2022-07-24')>, 'next_ds_nodash': <Proxy at 0x7fbe5899a540 with factory functools.partial(<function lazy_mapping_from_context.<locals>._deprecated_proxy_factory at 0x7fbe1897fdc0>, 'next_ds_nodash', '20220724')>, 'next_execution_date': <Proxy at 0x7fbe589939c0 with factory functools.partial(<function lazy_mapping_from_context.<locals>._deprecated_proxy_factory at 0x7fbe1897fdc0>, 'next_execution_date', DateTime(2022, 7, 24, 14, 16, 34, 133529, tzinfo=Timezone('UTC')))>, 'outlets': [], 'params': {}, 'prev_data_interval_start_success': DateTime(2022, 7, 23, 0, 0, 0, tzinfo=Timezone('UTC')), 'prev_data_interval_end_success': DateTime(2022, 7, 24, 0, 0, 0, tzinfo=Timezone('UTC')), 'prev_ds': <Proxy at 0x7fbe589937c0 with factory functools.partial(<function lazy_mapping_from_context.<locals>._deprecated_proxy_factory at 0x7fbe1897fdc0>, 'prev_ds', '2022-07-24')>, 'prev_ds_nodash': <Proxy at 0x7fbe589a0ac0 with factory functools.partial(<function lazy_mapping_from_context.<locals>._deprecated_proxy_factory at 0x7fbe1897fdc0>, 'prev_ds_nodash', '20220724')>, 'prev_execution_date': <Proxy at 0x7fbe589a02c0 with factory functools.partial(<function lazy_mapping_from_context.<locals>._deprecated_proxy_factory at 0x7fbe1897fdc0>, 'prev_execution_date', DateTime(2022, 7, 24, 14, 16, 34, 133529, tzinfo=Timezone('UTC')))>, 'prev_execution_date_success': <Proxy at 0x7fbe589a0780 with factory functools.partial(<function lazy_mapping_from_context.<locals>._deprecated_proxy_factory at 0x7fbe1897fdc0>, 'prev_execution_date_success', DateTime(2022, 7, 24, 14, 13, 23, 445313, tzinfo=Timezone('UTC')))>, 'prev_start_date_success': DateTime(2022, 7, 24, 14, 13, 24, 475404, tzinfo=Timezone('UTC')), 'run_id': 'manual__2022-07-24T14:16:34.133529+00:00', 'task': <Task(PythonOperator): task_1>, 'task_instance': <TaskInstance: my_python_dag.task_1 manual__2022-07-24T14:16:34.133529+00:00 [running]>, 'task_instance_key_str': 'my_python_dag__task_1__20220724', 'test_mode': False, 'ti': <TaskInstance: my_python_dag.task_1 manual__2022-07-24T14:16:34.133529+00:00 [running]>, 'tomorrow_ds': <Proxy at 0x7fbe589a00c0 with factory functools.partial(<function lazy_mapping_from_context.<locals>._deprecated_proxy_factory at 0x7fbe1897fdc0>, 'tomorrow_ds', '2022-07-25')>, 'tomorrow_ds_nodash': <Proxy at 0x7fbe589a0540 with factory functools.partial(<function lazy_mapping_from_context.<locals>._deprecated_proxy_factory at 0x7fbe1897fdc0>, 'tomorrow_ds_nodash', '20220725')>, 'ts': '2022-07-24T14:16:34.133529+00:00', 'ts_nodash': '20220724T141634', 'ts_nodash_with_tz': '20220724T141634.133529+0000', 'var': {'json': None, 'value': None}, 'conn': None, 'yesterday_ds': <Proxy at 0x7fbe589a0b00 with factory functools.partial(<function lazy_mapping_from_context.<locals>._deprecated_proxy_factory at 0x7fbe1897fdc0>, 'yesterday_ds', '2022-07-23')>, 'yesterday_ds_nodash': <Proxy at 0x7fbe589a0b40 with factory functools.partial(<function lazy_mapping_from_context.<locals>._deprecated_proxy_factory at 0x7fbe1897fdc0>, 'yesterday_ds_nodash', '20220723')>, 'templates_dict': None}
[2022-07-24 23:16:35,197] {logging_mixin.py:115} INFO - ====================================================================================================
[2022-07-24 23:16:35,197] {python.py:173} INFO - Done. Returned value was: ptrin complete ~ !!
[2022-07-24 23:16:35,228] {taskinstance.py:1395} INFO - Marking task as SUCCESS. dag_id=my_python_dag, task_id=task_1, execution_date=20220724T141634, start_date=20220724T141635, end_date=20220724T141635
[2022-07-24 23:16:35,263] {local_task_job.py:156} INFO - Task exited with return code 0
[2022-07-24 23:16:35,302] {local_task_job.py:273} INFO - 2 downstream tasks scheduled from follow-on schedule check
