[2022-07-30 14:51:51,953] {taskinstance.py:1159} INFO - Dependencies all met for <TaskInstance: my_first_dag.print_whoami scheduled__2022-07-29T00:00:00+00:00 [queued]>
[2022-07-30 14:51:51,959] {taskinstance.py:1159} INFO - Dependencies all met for <TaskInstance: my_first_dag.print_whoami scheduled__2022-07-29T00:00:00+00:00 [queued]>
[2022-07-30 14:51:51,959] {taskinstance.py:1356} INFO - 
--------------------------------------------------------------------------------
[2022-07-30 14:51:51,959] {taskinstance.py:1357} INFO - Starting attempt 1 of 1
[2022-07-30 14:51:51,959] {taskinstance.py:1358} INFO - 
--------------------------------------------------------------------------------
[2022-07-30 14:51:51,967] {taskinstance.py:1377} INFO - Executing <Task(BashOperator): print_whoami> on 2022-07-29 00:00:00+00:00
[2022-07-30 14:51:51,975] {standard_task_runner.py:52} INFO - Started process 59589 to run task
[2022-07-30 14:51:51,990] {standard_task_runner.py:79} INFO - Running: ['airflow', 'tasks', 'run', 'my_first_dag', 'print_whoami', 'scheduled__2022-07-29T00:00:00+00:00', '--job-id', '189', '--raw', '--subdir', 'DAGS_FOLDER/test.py', '--cfg-path', '/var/folders/6v/f1q42tlx39bf4xb4nltqccj00000gn/T/tmpxxu_rwfc', '--error-file', '/var/folders/6v/f1q42tlx39bf4xb4nltqccj00000gn/T/tmps0dvxg96']
[2022-07-30 14:51:51,995] {standard_task_runner.py:80} INFO - Job 189: Subtask print_whoami
[2022-07-30 14:51:52,049] {task_command.py:369} INFO - Running <TaskInstance: my_first_dag.print_whoami scheduled__2022-07-29T00:00:00+00:00 [running]> on host janghuisuui-MacBookAir.local
[2022-07-30 14:51:52,115] {taskinstance.py:1569} INFO - Exporting the following env vars:
AIRFLOW_CTX_DAG_OWNER=jovyan
AIRFLOW_CTX_DAG_ID=my_first_dag
AIRFLOW_CTX_TASK_ID=print_whoami
AIRFLOW_CTX_EXECUTION_DATE=2022-07-29T00:00:00+00:00
AIRFLOW_CTX_TRY_NUMBER=1
AIRFLOW_CTX_DAG_RUN_ID=scheduled__2022-07-29T00:00:00+00:00
[2022-07-30 14:51:52,115] {subprocess.py:62} INFO - Tmp dir root location: 
 /var/folders/6v/f1q42tlx39bf4xb4nltqccj00000gn/T
[2022-07-30 14:51:52,116] {subprocess.py:74} INFO - Running command: ['bash', '-c', 'whoami']
[2022-07-30 14:51:52,130] {subprocess.py:85} INFO - Output:
[2022-07-30 14:51:52,150] {subprocess.py:92} INFO - jangheesu
[2022-07-30 14:51:52,150] {subprocess.py:96} INFO - Command exited with return code 0
[2022-07-30 14:51:52,188] {taskinstance.py:1395} INFO - Marking task as SUCCESS. dag_id=my_first_dag, task_id=print_whoami, execution_date=20220729T000000, start_date=20220730T055151, end_date=20220730T055152
[2022-07-30 14:51:52,207] {local_task_job.py:156} INFO - Task exited with return code 0
[2022-07-30 14:51:52,224] {local_task_job.py:273} INFO - 0 downstream tasks scheduled from follow-on schedule check
