[2022-07-27 23:24:10,130] {taskinstance.py:1159} INFO - Dependencies all met for <TaskInstance: tutorial-python-op.complete_bash scheduled__2022-02-01T19:10:00+00:00 [queued]>
[2022-07-27 23:24:10,137] {taskinstance.py:1159} INFO - Dependencies all met for <TaskInstance: tutorial-python-op.complete_bash scheduled__2022-02-01T19:10:00+00:00 [queued]>
[2022-07-27 23:24:10,137] {taskinstance.py:1356} INFO - 
--------------------------------------------------------------------------------
[2022-07-27 23:24:10,137] {taskinstance.py:1357} INFO - Starting attempt 1 of 2
[2022-07-27 23:24:10,137] {taskinstance.py:1358} INFO - 
--------------------------------------------------------------------------------
[2022-07-27 23:24:10,145] {taskinstance.py:1377} INFO - Executing <Task(BashOperator): complete_bash> on 2022-02-01 19:10:00+00:00
[2022-07-27 23:24:10,151] {standard_task_runner.py:52} INFO - Started process 53188 to run task
[2022-07-27 23:24:10,155] {standard_task_runner.py:79} INFO - Running: ['airflow', 'tasks', 'run', 'tutorial-python-op', 'complete_bash', 'scheduled__2022-02-01T19:10:00+00:00', '--job-id', '160', '--raw', '--subdir', 'DAGS_FOLDER/test5.py', '--cfg-path', '/var/folders/6v/f1q42tlx39bf4xb4nltqccj00000gn/T/tmp3ij6jwze', '--error-file', '/var/folders/6v/f1q42tlx39bf4xb4nltqccj00000gn/T/tmptszb79ij']
[2022-07-27 23:24:10,156] {standard_task_runner.py:80} INFO - Job 160: Subtask complete_bash
[2022-07-27 23:24:10,209] {task_command.py:369} INFO - Running <TaskInstance: tutorial-python-op.complete_bash scheduled__2022-02-01T19:10:00+00:00 [running]> on host janghuisuui-MacBookAir.local
[2022-07-27 23:24:10,272] {taskinstance.py:1569} INFO - Exporting the following env vars:
AIRFLOW_CTX_DAG_EMAIL=your-email@g.com
AIRFLOW_CTX_DAG_OWNER=owner-name
AIRFLOW_CTX_DAG_ID=tutorial-python-op
AIRFLOW_CTX_TASK_ID=complete_bash
AIRFLOW_CTX_EXECUTION_DATE=2022-02-01T19:10:00+00:00
AIRFLOW_CTX_TRY_NUMBER=1
AIRFLOW_CTX_DAG_RUN_ID=scheduled__2022-02-01T19:10:00+00:00
[2022-07-27 23:24:10,273] {subprocess.py:62} INFO - Tmp dir root location: 
 /var/folders/6v/f1q42tlx39bf4xb4nltqccj00000gn/T
[2022-07-27 23:24:10,273] {subprocess.py:74} INFO - Running command: ['bash', '-c', 'echo "complete~!!!"']
[2022-07-27 23:24:10,283] {subprocess.py:85} INFO - Output:
[2022-07-27 23:24:10,287] {subprocess.py:92} INFO - complete~!!!
[2022-07-27 23:24:10,288] {subprocess.py:96} INFO - Command exited with return code 0
[2022-07-27 23:24:10,320] {taskinstance.py:1395} INFO - Marking task as SUCCESS. dag_id=tutorial-python-op, task_id=complete_bash, execution_date=20220201T191000, start_date=20220727T142410, end_date=20220727T142410
[2022-07-27 23:24:10,333] {local_task_job.py:156} INFO - Task exited with return code 0
[2022-07-27 23:24:10,363] {local_task_job.py:273} INFO - 0 downstream tasks scheduled from follow-on schedule check
