[2022-07-27 23:18:18,233] {taskinstance.py:1159} INFO - Dependencies all met for <TaskInstance: tutorial-python-op.start scheduled__2022-02-01T04:10:00+00:00 [queued]>
[2022-07-27 23:18:18,253] {taskinstance.py:1159} INFO - Dependencies all met for <TaskInstance: tutorial-python-op.start scheduled__2022-02-01T04:10:00+00:00 [queued]>
[2022-07-27 23:18:18,254] {taskinstance.py:1356} INFO - 
--------------------------------------------------------------------------------
[2022-07-27 23:18:18,254] {taskinstance.py:1357} INFO - Starting attempt 1 of 2
[2022-07-27 23:18:18,255] {taskinstance.py:1358} INFO - 
--------------------------------------------------------------------------------
[2022-07-27 23:18:18,287] {taskinstance.py:1377} INFO - Executing <Task(BashOperator): start> on 2022-02-01 04:10:00+00:00
[2022-07-27 23:18:18,297] {standard_task_runner.py:52} INFO - Started process 48255 to run task
[2022-07-27 23:18:18,305] {standard_task_runner.py:79} INFO - Running: ['airflow', 'tasks', 'run', 'tutorial-python-op', 'start', 'scheduled__2022-02-01T04:10:00+00:00', '--job-id', '70', '--raw', '--subdir', 'DAGS_FOLDER/test5.py', '--cfg-path', '/var/folders/6v/f1q42tlx39bf4xb4nltqccj00000gn/T/tmp5_iaf20n', '--error-file', '/var/folders/6v/f1q42tlx39bf4xb4nltqccj00000gn/T/tmp6_ukxfhz']
[2022-07-27 23:18:18,307] {standard_task_runner.py:80} INFO - Job 70: Subtask start
[2022-07-27 23:18:18,489] {task_command.py:369} INFO - Running <TaskInstance: tutorial-python-op.start scheduled__2022-02-01T04:10:00+00:00 [running]> on host janghuisuui-MacBookAir.local
[2022-07-27 23:18:18,616] {taskinstance.py:1569} INFO - Exporting the following env vars:
AIRFLOW_CTX_DAG_EMAIL=your-email@g.com
AIRFLOW_CTX_DAG_OWNER=owner-name
AIRFLOW_CTX_DAG_ID=tutorial-python-op
AIRFLOW_CTX_TASK_ID=start
AIRFLOW_CTX_EXECUTION_DATE=2022-02-01T04:10:00+00:00
AIRFLOW_CTX_TRY_NUMBER=1
AIRFLOW_CTX_DAG_RUN_ID=scheduled__2022-02-01T04:10:00+00:00
[2022-07-27 23:18:18,617] {subprocess.py:62} INFO - Tmp dir root location: 
 /var/folders/6v/f1q42tlx39bf4xb4nltqccj00000gn/T
[2022-07-27 23:18:18,618] {subprocess.py:74} INFO - Running command: ['bash', '-c', 'echo "start!!!!!"']
[2022-07-27 23:18:18,640] {subprocess.py:85} INFO - Output:
[2022-07-27 23:18:18,646] {subprocess.py:92} INFO - start!!!!!
[2022-07-27 23:18:18,647] {subprocess.py:96} INFO - Command exited with return code 0
[2022-07-27 23:18:18,833] {taskinstance.py:1395} INFO - Marking task as SUCCESS. dag_id=tutorial-python-op, task_id=start, execution_date=20220201T041000, start_date=20220727T141818, end_date=20220727T141818
[2022-07-27 23:18:18,897] {local_task_job.py:156} INFO - Task exited with return code 0
[2022-07-27 23:18:19,030] {local_task_job.py:273} INFO - 1 downstream tasks scheduled from follow-on schedule check
