[2022-07-27 23:24:23,758] {taskinstance.py:1159} INFO - Dependencies all met for <TaskInstance: tutorial-python-op.cal_a_id scheduled__2022-02-01T20:50:00+00:00 [queued]>
[2022-07-27 23:24:23,767] {taskinstance.py:1159} INFO - Dependencies all met for <TaskInstance: tutorial-python-op.cal_a_id scheduled__2022-02-01T20:50:00+00:00 [queued]>
[2022-07-27 23:24:23,767] {taskinstance.py:1356} INFO - 
--------------------------------------------------------------------------------
[2022-07-27 23:24:23,767] {taskinstance.py:1357} INFO - Starting attempt 1 of 2
[2022-07-27 23:24:23,767] {taskinstance.py:1358} INFO - 
--------------------------------------------------------------------------------
[2022-07-27 23:24:23,776] {taskinstance.py:1377} INFO - Executing <Task(PythonOperator): cal_a_id> on 2022-02-01 20:50:00+00:00
[2022-07-27 23:24:23,783] {standard_task_runner.py:52} INFO - Started process 53478 to run task
[2022-07-27 23:24:23,787] {standard_task_runner.py:79} INFO - Running: ['airflow', 'tasks', 'run', 'tutorial-python-op', 'cal_a_id', 'scheduled__2022-02-01T20:50:00+00:00', '--job-id', '169', '--raw', '--subdir', 'DAGS_FOLDER/test5.py', '--cfg-path', '/var/folders/6v/f1q42tlx39bf4xb4nltqccj00000gn/T/tmpkctwuk1l', '--error-file', '/var/folders/6v/f1q42tlx39bf4xb4nltqccj00000gn/T/tmp_wt2_eyw']
[2022-07-27 23:24:23,788] {standard_task_runner.py:80} INFO - Job 169: Subtask cal_a_id
[2022-07-27 23:24:23,835] {task_command.py:369} INFO - Running <TaskInstance: tutorial-python-op.cal_a_id scheduled__2022-02-01T20:50:00+00:00 [running]> on host janghuisuui-MacBookAir.local
[2022-07-27 23:24:23,898] {taskinstance.py:1569} INFO - Exporting the following env vars:
AIRFLOW_CTX_DAG_EMAIL=your-email@g.com
AIRFLOW_CTX_DAG_OWNER=owner-name
AIRFLOW_CTX_DAG_ID=tutorial-python-op
AIRFLOW_CTX_TASK_ID=cal_a_id
AIRFLOW_CTX_EXECUTION_DATE=2022-02-01T20:50:00+00:00
AIRFLOW_CTX_TRY_NUMBER=1
AIRFLOW_CTX_DAG_RUN_ID=scheduled__2022-02-01T20:50:00+00:00
[2022-07-27 23:24:23,899] {logging_mixin.py:115} INFO - x + y :  14
[2022-07-27 23:24:23,912] {python.py:173} INFO - Done. Returned value was: calc add123
[2022-07-27 23:24:24,053] {taskinstance.py:1395} INFO - Marking task as SUCCESS. dag_id=tutorial-python-op, task_id=cal_a_id, execution_date=20220201T205000, start_date=20220727T142423, end_date=20220727T142424
[2022-07-27 23:24:24,088] {local_task_job.py:156} INFO - Task exited with return code 0
[2022-07-27 23:24:24,122] {local_task_job.py:273} INFO - 1 downstream tasks scheduled from follow-on schedule check
