[2022-07-27 21:39:36,839] {taskinstance.py:1159} INFO - Dependencies all met for <TaskInstance: my_python_dag.task_2 scheduled__2022-07-25T00:00:00+00:00 [queued]>
[2022-07-27 21:39:36,847] {taskinstance.py:1159} INFO - Dependencies all met for <TaskInstance: my_python_dag.task_2 scheduled__2022-07-25T00:00:00+00:00 [queued]>
[2022-07-27 21:39:36,847] {taskinstance.py:1356} INFO - 
--------------------------------------------------------------------------------
[2022-07-27 21:39:36,847] {taskinstance.py:1357} INFO - Starting attempt 1 of 1
[2022-07-27 21:39:36,847] {taskinstance.py:1358} INFO - 
--------------------------------------------------------------------------------
[2022-07-27 21:39:36,856] {taskinstance.py:1377} INFO - Executing <Task(PythonOperator): task_2> on 2022-07-25 00:00:00+00:00
[2022-07-27 21:39:36,863] {standard_task_runner.py:52} INFO - Started process 9111 to run task
[2022-07-27 21:39:36,869] {standard_task_runner.py:79} INFO - Running: ['airflow', 'tasks', 'run', 'my_python_dag', 'task_2', 'scheduled__2022-07-25T00:00:00+00:00', '--job-id', '45', '--raw', '--subdir', 'DAGS_FOLDER/test3.py', '--cfg-path', '/var/folders/6v/f1q42tlx39bf4xb4nltqccj00000gn/T/tmp5dsqim8f', '--error-file', '/var/folders/6v/f1q42tlx39bf4xb4nltqccj00000gn/T/tmpchwawubc']
[2022-07-27 21:39:36,870] {standard_task_runner.py:80} INFO - Job 45: Subtask task_2
[2022-07-27 21:39:36,993] {task_command.py:369} INFO - Running <TaskInstance: my_python_dag.task_2 scheduled__2022-07-25T00:00:00+00:00 [running]> on host janghuisuui-MacBookAir.local
[2022-07-27 21:39:37,088] {taskinstance.py:1569} INFO - Exporting the following env vars:
AIRFLOW_CTX_DAG_OWNER=testJang
AIRFLOW_CTX_DAG_ID=my_python_dag
AIRFLOW_CTX_TASK_ID=task_2
AIRFLOW_CTX_EXECUTION_DATE=2022-07-25T00:00:00+00:00
AIRFLOW_CTX_TRY_NUMBER=1
AIRFLOW_CTX_DAG_RUN_ID=scheduled__2022-07-25T00:00:00+00:00
[2022-07-27 21:39:37,089] {logging_mixin.py:115} INFO - ====================================================================================================
[2022-07-27 21:39:37,089] {logging_mixin.py:115} INFO - fruit_name111: banana
[2022-07-27 21:39:37,089] {logging_mixin.py:115} INFO - ====================================================================================================
[2022-07-27 21:39:37,090] {logging_mixin.py:115} INFO - {'conf': <airflow.configuration.AirflowConfigParser object at 0x7f8ed822ab50>, 'dag': <DAG: my_python_dag>, 'dag_run': <DagRun my_python_dag @ 2022-07-25 00:00:00+00:00: scheduled__2022-07-25T00:00:00+00:00, externally triggered: False>, 'data_interval_end': DateTime(2022, 7, 26, 0, 0, 0, tzinfo=Timezone('UTC')), 'data_interval_start': DateTime(2022, 7, 25, 0, 0, 0, tzinfo=Timezone('UTC')), 'ds': '2022-07-25', 'ds_nodash': '20220725', 'execution_date': <Proxy at 0x7f8ef8973040 with factory functools.partial(<function lazy_mapping_from_context.<locals>._deprecated_proxy_factory at 0x7f8ef8a2cdc0>, 'execution_date', DateTime(2022, 7, 25, 0, 0, 0, tzinfo=Timezone('UTC')))>, 'inlets': [], 'logical_date': DateTime(2022, 7, 25, 0, 0, 0, tzinfo=Timezone('UTC')), 'macros': <module 'airflow.macros' from '/Users/jangheesu/opt/anaconda3/envs/airflow2.3.0/lib/python3.8/site-packages/airflow/macros/__init__.py'>, 'next_ds': <Proxy at 0x7f8ec85f4fc0 with factory functools.partial(<function lazy_mapping_from_context.<locals>._deprecated_proxy_factory at 0x7f8ef8a2cdc0>, 'next_ds', '2022-07-26')>, 'next_ds_nodash': <Proxy at 0x7f8ec85d83c0 with factory functools.partial(<function lazy_mapping_from_context.<locals>._deprecated_proxy_factory at 0x7f8ef8a2cdc0>, 'next_ds_nodash', '20220726')>, 'next_execution_date': <Proxy at 0x7f8ef8a76740 with factory functools.partial(<function lazy_mapping_from_context.<locals>._deprecated_proxy_factory at 0x7f8ef8a2cdc0>, 'next_execution_date', DateTime(2022, 7, 26, 0, 0, 0, tzinfo=Timezone('UTC')))>, 'outlets': [], 'params': {}, 'prev_data_interval_start_success': DateTime(2022, 7, 23, 0, 0, 0, tzinfo=Timezone('UTC')), 'prev_data_interval_end_success': DateTime(2022, 7, 24, 0, 0, 0, tzinfo=Timezone('UTC')), 'prev_ds': <Proxy at 0x7f8ef8a76080 with factory functools.partial(<function lazy_mapping_from_context.<locals>._deprecated_proxy_factory at 0x7f8ef8a2cdc0>, 'prev_ds', '2022-07-24')>, 'prev_ds_nodash': <Proxy at 0x7f8ec85ef6c0 with factory functools.partial(<function lazy_mapping_from_context.<locals>._deprecated_proxy_factory at 0x7f8ef8a2cdc0>, 'prev_ds_nodash', '20220724')>, 'prev_execution_date': <Proxy at 0x7f8ec85ef040 with factory functools.partial(<function lazy_mapping_from_context.<locals>._deprecated_proxy_factory at 0x7f8ef8a2cdc0>, 'prev_execution_date', DateTime(2022, 7, 24, 0, 0, 0, tzinfo=Timezone('UTC')))>, 'prev_execution_date_success': <Proxy at 0x7f8ec85efa00 with factory functools.partial(<function lazy_mapping_from_context.<locals>._deprecated_proxy_factory at 0x7f8ef8a2cdc0>, 'prev_execution_date_success', DateTime(2022, 7, 24, 14, 17, 34, 506687, tzinfo=Timezone('UTC')))>, 'prev_start_date_success': DateTime(2022, 7, 24, 14, 17, 35, 253787, tzinfo=Timezone('UTC')), 'run_id': 'scheduled__2022-07-25T00:00:00+00:00', 'task': <Task(PythonOperator): task_2>, 'task_instance': <TaskInstance: my_python_dag.task_2 scheduled__2022-07-25T00:00:00+00:00 [running]>, 'task_instance_key_str': 'my_python_dag__task_2__20220725', 'test_mode': False, 'ti': <TaskInstance: my_python_dag.task_2 scheduled__2022-07-25T00:00:00+00:00 [running]>, 'tomorrow_ds': <Proxy at 0x7f8ec85efa40 with factory functools.partial(<function lazy_mapping_from_context.<locals>._deprecated_proxy_factory at 0x7f8ef8a2cdc0>, 'tomorrow_ds', '2022-07-26')>, 'tomorrow_ds_nodash': <Proxy at 0x7f8ec85ef480 with factory functools.partial(<function lazy_mapping_from_context.<locals>._deprecated_proxy_factory at 0x7f8ef8a2cdc0>, 'tomorrow_ds_nodash', '20220726')>, 'ts': '2022-07-25T00:00:00+00:00', 'ts_nodash': '20220725T000000', 'ts_nodash_with_tz': '20220725T000000+0000', 'var': {'json': None, 'value': None}, 'conn': None, 'yesterday_ds': <Proxy at 0x7f8ec85efa80 with factory functools.partial(<function lazy_mapping_from_context.<locals>._deprecated_proxy_factory at 0x7f8ef8a2cdc0>, 'yesterday_ds', '2022-07-24')>, 'yesterday_ds_nodash': <Proxy at 0x7f8ec85efac0 with factory functools.partial(<function lazy_mapping_from_context.<locals>._deprecated_proxy_factory at 0x7f8ef8a2cdc0>, 'yesterday_ds_nodash', '20220724')>, 'templates_dict': None}
[2022-07-27 21:39:37,090] {logging_mixin.py:115} INFO - ====================================================================================================
[2022-07-27 21:39:37,090] {logging_mixin.py:115} INFO - ------ conf || <airflow.configuration.AirflowConfigParser object at 0x7f8ed822ab50> -------
[2022-07-27 21:39:37,090] {logging_mixin.py:115} INFO - ------ dag || <DAG: my_python_dag> -------
[2022-07-27 21:39:37,090] {logging_mixin.py:115} INFO - ------ dag_run || <DagRun my_python_dag @ 2022-07-25 00:00:00+00:00: scheduled__2022-07-25T00:00:00+00:00, externally triggered: False> -------
[2022-07-27 21:39:37,090] {logging_mixin.py:115} INFO - ------ data_interval_end || 2022-07-26T00:00:00+00:00 -------
[2022-07-27 21:39:37,090] {logging_mixin.py:115} INFO - ------ data_interval_start || 2022-07-25T00:00:00+00:00 -------
[2022-07-27 21:39:37,090] {logging_mixin.py:115} INFO - ------ ds || 2022-07-25 -------
[2022-07-27 21:39:37,090] {logging_mixin.py:115} INFO - ------ ds_nodash || 20220725 -------
[2022-07-27 21:39:37,094] {logging_mixin.py:115} WARNING - /Users/jangheesu/opt/anaconda3/envs/airflow2.3.0/lib/python3.8/site-packages/airflow/utils/context.py:290 AirflowContextDeprecationWarning: Accessing 'execution_date' from the template is deprecated and will be removed in a future version. Please use 'data_interval_start' or 'logical_date' instead.
[2022-07-27 21:39:37,094] {logging_mixin.py:115} INFO - ------ execution_date || 2022-07-25T00:00:00+00:00 -------
[2022-07-27 21:39:37,094] {logging_mixin.py:115} INFO - ------ inlets || [] -------
[2022-07-27 21:39:37,094] {logging_mixin.py:115} INFO - ------ logical_date || 2022-07-25T00:00:00+00:00 -------
[2022-07-27 21:39:37,095] {logging_mixin.py:115} INFO - ------ macros || <module 'airflow.macros' from '/Users/jangheesu/opt/anaconda3/envs/airflow2.3.0/lib/python3.8/site-packages/airflow/macros/__init__.py'> -------
[2022-07-27 21:39:37,096] {logging_mixin.py:115} WARNING - /Users/jangheesu/opt/anaconda3/envs/airflow2.3.0/lib/python3.8/site-packages/airflow/utils/context.py:290 AirflowContextDeprecationWarning: Accessing 'next_ds' from the template is deprecated and will be removed in a future version. Please use '{{ data_interval_end | ds }}' instead.
[2022-07-27 21:39:37,096] {logging_mixin.py:115} INFO - ------ next_ds || 2022-07-26 -------
[2022-07-27 21:39:37,096] {logging_mixin.py:115} WARNING - /Users/jangheesu/opt/anaconda3/envs/airflow2.3.0/lib/python3.8/site-packages/airflow/utils/context.py:290 AirflowContextDeprecationWarning: Accessing 'next_ds_nodash' from the template is deprecated and will be removed in a future version. Please use '{{ data_interval_end | ds_nodash }}' instead.
[2022-07-27 21:39:37,096] {logging_mixin.py:115} INFO - ------ next_ds_nodash || 20220726 -------
[2022-07-27 21:39:37,097] {logging_mixin.py:115} WARNING - /Users/jangheesu/opt/anaconda3/envs/airflow2.3.0/lib/python3.8/site-packages/airflow/utils/context.py:290 AirflowContextDeprecationWarning: Accessing 'next_execution_date' from the template is deprecated and will be removed in a future version. Please use 'data_interval_end' instead.
[2022-07-27 21:39:37,097] {logging_mixin.py:115} INFO - ------ next_execution_date || 2022-07-26T00:00:00+00:00 -------
[2022-07-27 21:39:37,097] {logging_mixin.py:115} INFO - ------ outlets || [] -------
[2022-07-27 21:39:37,097] {logging_mixin.py:115} INFO - ------ params || {} -------
[2022-07-27 21:39:37,097] {logging_mixin.py:115} INFO - ------ prev_data_interval_start_success || 2022-07-23T00:00:00+00:00 -------
[2022-07-27 21:39:37,098] {logging_mixin.py:115} INFO - ------ prev_data_interval_end_success || 2022-07-24T00:00:00+00:00 -------
[2022-07-27 21:39:37,098] {logging_mixin.py:115} WARNING - /Users/jangheesu/opt/anaconda3/envs/airflow2.3.0/lib/python3.8/site-packages/airflow/utils/context.py:290 AirflowContextDeprecationWarning: Accessing 'prev_ds' from the template is deprecated and will be removed in a future version.
[2022-07-27 21:39:37,098] {logging_mixin.py:115} INFO - ------ prev_ds || 2022-07-24 -------
[2022-07-27 21:39:37,100] {logging_mixin.py:115} WARNING - /Users/jangheesu/opt/anaconda3/envs/airflow2.3.0/lib/python3.8/site-packages/airflow/utils/context.py:290 AirflowContextDeprecationWarning: Accessing 'prev_ds_nodash' from the template is deprecated and will be removed in a future version.
[2022-07-27 21:39:37,100] {logging_mixin.py:115} INFO - ------ prev_ds_nodash || 20220724 -------
[2022-07-27 21:39:37,101] {logging_mixin.py:115} WARNING - /Users/jangheesu/opt/anaconda3/envs/airflow2.3.0/lib/python3.8/site-packages/airflow/utils/context.py:290 AirflowContextDeprecationWarning: Accessing 'prev_execution_date' from the template is deprecated and will be removed in a future version.
[2022-07-27 21:39:37,101] {logging_mixin.py:115} INFO - ------ prev_execution_date || 2022-07-24T00:00:00+00:00 -------
[2022-07-27 21:39:37,102] {logging_mixin.py:115} WARNING - /Users/jangheesu/opt/anaconda3/envs/airflow2.3.0/lib/python3.8/site-packages/airflow/utils/context.py:290 AirflowContextDeprecationWarning: Accessing 'prev_execution_date_success' from the template is deprecated and will be removed in a future version. Please use 'prev_data_interval_start_success' instead.
[2022-07-27 21:39:37,102] {logging_mixin.py:115} INFO - ------ prev_execution_date_success || 2022-07-24T14:17:34.506687+00:00 -------
[2022-07-27 21:39:37,102] {logging_mixin.py:115} INFO - ------ prev_start_date_success || 2022-07-24T14:17:35.253787+00:00 -------
[2022-07-27 21:39:37,102] {logging_mixin.py:115} INFO - ------ run_id || scheduled__2022-07-25T00:00:00+00:00 -------
[2022-07-27 21:39:37,102] {logging_mixin.py:115} INFO - ------ task || <Task(PythonOperator): task_2> -------
[2022-07-27 21:39:37,102] {logging_mixin.py:115} INFO - ------ task_instance || <TaskInstance: my_python_dag.task_2 scheduled__2022-07-25T00:00:00+00:00 [running]> -------
[2022-07-27 21:39:37,102] {logging_mixin.py:115} INFO - ------ task_instance_key_str || my_python_dag__task_2__20220725 -------
[2022-07-27 21:39:37,103] {logging_mixin.py:115} INFO - ------ test_mode || False -------
[2022-07-27 21:39:37,103] {logging_mixin.py:115} INFO - ------ ti || <TaskInstance: my_python_dag.task_2 scheduled__2022-07-25T00:00:00+00:00 [running]> -------
[2022-07-27 21:39:37,103] {logging_mixin.py:115} WARNING - /Users/jangheesu/opt/anaconda3/envs/airflow2.3.0/lib/python3.8/site-packages/airflow/utils/context.py:290 AirflowContextDeprecationWarning: Accessing 'tomorrow_ds' from the template is deprecated and will be removed in a future version.
[2022-07-27 21:39:37,103] {logging_mixin.py:115} INFO - ------ tomorrow_ds || 2022-07-26 -------
[2022-07-27 21:39:37,104] {logging_mixin.py:115} WARNING - /Users/jangheesu/opt/anaconda3/envs/airflow2.3.0/lib/python3.8/site-packages/airflow/utils/context.py:290 AirflowContextDeprecationWarning: Accessing 'tomorrow_ds_nodash' from the template is deprecated and will be removed in a future version.
[2022-07-27 21:39:37,104] {logging_mixin.py:115} INFO - ------ tomorrow_ds_nodash || 20220726 -------
[2022-07-27 21:39:37,104] {logging_mixin.py:115} INFO - ------ ts || 2022-07-25T00:00:00+00:00 -------
[2022-07-27 21:39:37,104] {logging_mixin.py:115} INFO - ------ ts_nodash || 20220725T000000 -------
[2022-07-27 21:39:37,104] {logging_mixin.py:115} INFO - ------ ts_nodash_with_tz || 20220725T000000+0000 -------
[2022-07-27 21:39:37,104] {logging_mixin.py:115} INFO - ------ var || {'json': None, 'value': None} -------
[2022-07-27 21:39:37,104] {logging_mixin.py:115} INFO - ------ conn || None -------
[2022-07-27 21:39:37,105] {logging_mixin.py:115} WARNING - /Users/jangheesu/opt/anaconda3/envs/airflow2.3.0/lib/python3.8/site-packages/airflow/utils/context.py:290 AirflowContextDeprecationWarning: Accessing 'yesterday_ds' from the template is deprecated and will be removed in a future version.
[2022-07-27 21:39:37,105] {logging_mixin.py:115} INFO - ------ yesterday_ds || 2022-07-24 -------
[2022-07-27 21:39:37,106] {logging_mixin.py:115} WARNING - /Users/jangheesu/opt/anaconda3/envs/airflow2.3.0/lib/python3.8/site-packages/airflow/utils/context.py:290 AirflowContextDeprecationWarning: Accessing 'yesterday_ds_nodash' from the template is deprecated and will be removed in a future version.
[2022-07-27 21:39:37,106] {logging_mixin.py:115} INFO - ------ yesterday_ds_nodash || 20220724 -------
[2022-07-27 21:39:37,106] {logging_mixin.py:115} INFO - ------ templates_dict || None -------
[2022-07-27 21:39:37,106] {logging_mixin.py:115} INFO - ====================================================================================================
[2022-07-27 21:39:37,106] {python.py:173} INFO - Done. Returned value was: ptrin complete ~ !!
[2022-07-27 21:39:37,137] {taskinstance.py:1395} INFO - Marking task as SUCCESS. dag_id=my_python_dag, task_id=task_2, execution_date=20220725T000000, start_date=20220727T123936, end_date=20220727T123937
[2022-07-27 21:39:37,171] {local_task_job.py:156} INFO - Task exited with return code 0
[2022-07-27 21:39:37,190] {local_task_job.py:273} INFO - 0 downstream tasks scheduled from follow-on schedule check
