[2022-07-27 23:23:12,417] {taskinstance.py:1159} INFO - Dependencies all met for <TaskInstance: tutorial-python-op.branch scheduled__2022-02-01T14:10:00+00:00 [queued]>
[2022-07-27 23:23:12,425] {taskinstance.py:1159} INFO - Dependencies all met for <TaskInstance: tutorial-python-op.branch scheduled__2022-02-01T14:10:00+00:00 [queued]>
[2022-07-27 23:23:12,425] {taskinstance.py:1356} INFO - 
--------------------------------------------------------------------------------
[2022-07-27 23:23:12,425] {taskinstance.py:1357} INFO - Starting attempt 1 of 2
[2022-07-27 23:23:12,425] {taskinstance.py:1358} INFO - 
--------------------------------------------------------------------------------
[2022-07-27 23:23:12,434] {taskinstance.py:1377} INFO - Executing <Task(BranchPythonOperator): branch> on 2022-02-01 14:10:00+00:00
[2022-07-27 23:23:12,440] {standard_task_runner.py:52} INFO - Started process 51929 to run task
[2022-07-27 23:23:12,444] {standard_task_runner.py:79} INFO - Running: ['airflow', 'tasks', 'run', 'tutorial-python-op', 'branch', 'scheduled__2022-02-01T14:10:00+00:00', '--job-id', '120', '--raw', '--subdir', 'DAGS_FOLDER/test5.py', '--cfg-path', '/var/folders/6v/f1q42tlx39bf4xb4nltqccj00000gn/T/tmpb4w5uno1', '--error-file', '/var/folders/6v/f1q42tlx39bf4xb4nltqccj00000gn/T/tmp83ivcvyw']
[2022-07-27 23:23:12,445] {standard_task_runner.py:80} INFO - Job 120: Subtask branch
[2022-07-27 23:23:12,503] {task_command.py:369} INFO - Running <TaskInstance: tutorial-python-op.branch scheduled__2022-02-01T14:10:00+00:00 [running]> on host janghuisuui-MacBookAir.local
[2022-07-27 23:23:12,610] {taskinstance.py:1569} INFO - Exporting the following env vars:
AIRFLOW_CTX_DAG_EMAIL=your-email@g.com
AIRFLOW_CTX_DAG_OWNER=owner-name
AIRFLOW_CTX_DAG_ID=tutorial-python-op
AIRFLOW_CTX_TASK_ID=branch
AIRFLOW_CTX_EXECUTION_DATE=2022-02-01T14:10:00+00:00
AIRFLOW_CTX_TRY_NUMBER=1
AIRFLOW_CTX_DAG_RUN_ID=scheduled__2022-02-01T14:10:00+00:00
[2022-07-27 23:23:12,611] {python.py:173} INFO - Done. Returned value was: cal_m_id
[2022-07-27 23:23:12,611] {skipmixin.py:140} INFO - Following branch cal_m_id
[2022-07-27 23:23:12,611] {skipmixin.py:175} INFO - Skipping tasks ['cal_a_id']
[2022-07-27 23:23:12,671] {taskinstance.py:1395} INFO - Marking task as SUCCESS. dag_id=tutorial-python-op, task_id=branch, execution_date=20220201T141000, start_date=20220727T142312, end_date=20220727T142312
[2022-07-27 23:23:12,706] {local_task_job.py:156} INFO - Task exited with return code 0
[2022-07-27 23:23:12,757] {local_task_job.py:273} INFO - 1 downstream tasks scheduled from follow-on schedule check
