[2022-07-27 21:39:36,854] {taskinstance.py:1159} INFO - Dependencies all met for <TaskInstance: my_first_dag.sleep scheduled__2022-07-24T00:00:00+00:00 [queued]>
[2022-07-27 21:39:36,874] {taskinstance.py:1159} INFO - Dependencies all met for <TaskInstance: my_first_dag.sleep scheduled__2022-07-24T00:00:00+00:00 [queued]>
[2022-07-27 21:39:36,874] {taskinstance.py:1356} INFO - 
--------------------------------------------------------------------------------
[2022-07-27 21:39:36,874] {taskinstance.py:1357} INFO - Starting attempt 1 of 1
[2022-07-27 21:39:36,874] {taskinstance.py:1358} INFO - 
--------------------------------------------------------------------------------
[2022-07-27 21:39:36,887] {taskinstance.py:1377} INFO - Executing <Task(BashOperator): sleep> on 2022-07-24 00:00:00+00:00
[2022-07-27 21:39:36,900] {standard_task_runner.py:52} INFO - Started process 9118 to run task
[2022-07-27 21:39:36,908] {standard_task_runner.py:79} INFO - Running: ['airflow', 'tasks', 'run', 'my_first_dag', 'sleep', 'scheduled__2022-07-24T00:00:00+00:00', '--job-id', '49', '--raw', '--subdir', 'DAGS_FOLDER/test.py', '--cfg-path', '/var/folders/6v/f1q42tlx39bf4xb4nltqccj00000gn/T/tmpadncjmsp', '--error-file', '/var/folders/6v/f1q42tlx39bf4xb4nltqccj00000gn/T/tmpf9n3xzul']
[2022-07-27 21:39:36,916] {standard_task_runner.py:80} INFO - Job 49: Subtask sleep
[2022-07-27 21:39:37,022] {task_command.py:369} INFO - Running <TaskInstance: my_first_dag.sleep scheduled__2022-07-24T00:00:00+00:00 [running]> on host janghuisuui-MacBookAir.local
[2022-07-27 21:39:37,117] {taskinstance.py:1569} INFO - Exporting the following env vars:
AIRFLOW_CTX_DAG_OWNER=jovyan
AIRFLOW_CTX_DAG_ID=my_first_dag
AIRFLOW_CTX_TASK_ID=sleep
AIRFLOW_CTX_EXECUTION_DATE=2022-07-24T00:00:00+00:00
AIRFLOW_CTX_TRY_NUMBER=1
AIRFLOW_CTX_DAG_RUN_ID=scheduled__2022-07-24T00:00:00+00:00
[2022-07-27 21:39:37,118] {subprocess.py:62} INFO - Tmp dir root location: 
 /var/folders/6v/f1q42tlx39bf4xb4nltqccj00000gn/T
[2022-07-27 21:39:37,118] {subprocess.py:74} INFO - Running command: ['bash', '-c', 'sleep 3']
[2022-07-27 21:39:37,137] {subprocess.py:85} INFO - Output:
[2022-07-27 21:39:40,151] {subprocess.py:96} INFO - Command exited with return code 0
[2022-07-27 21:39:40,186] {taskinstance.py:1395} INFO - Marking task as SUCCESS. dag_id=my_first_dag, task_id=sleep, execution_date=20220724T000000, start_date=20220727T123936, end_date=20220727T123940
[2022-07-27 21:39:40,211] {local_task_job.py:156} INFO - Task exited with return code 0
[2022-07-27 21:39:40,242] {local_task_job.py:273} INFO - 1 downstream tasks scheduled from follow-on schedule check
