[2022-07-24 23:13:24,750] {taskinstance.py:1159} INFO - Dependencies all met for <TaskInstance: my_python_dag.task_1 manual__2022-07-24T14:13:23.445313+00:00 [queued]>
[2022-07-24 23:13:24,757] {taskinstance.py:1159} INFO - Dependencies all met for <TaskInstance: my_python_dag.task_1 manual__2022-07-24T14:13:23.445313+00:00 [queued]>
[2022-07-24 23:13:24,757] {taskinstance.py:1356} INFO - 
--------------------------------------------------------------------------------
[2022-07-24 23:13:24,757] {taskinstance.py:1357} INFO - Starting attempt 1 of 1
[2022-07-24 23:13:24,758] {taskinstance.py:1358} INFO - 
--------------------------------------------------------------------------------
[2022-07-24 23:13:24,765] {taskinstance.py:1377} INFO - Executing <Task(PythonOperator): task_1> on 2022-07-24 14:13:23.445313+00:00
[2022-07-24 23:13:24,771] {standard_task_runner.py:52} INFO - Started process 95528 to run task
[2022-07-24 23:13:24,778] {standard_task_runner.py:79} INFO - Running: ['airflow', 'tasks', 'run', 'my_python_dag', 'task_1', 'manual__2022-07-24T14:13:23.445313+00:00', '--job-id', '17', '--raw', '--subdir', 'DAGS_FOLDER/test3.py', '--cfg-path', '/var/folders/6v/f1q42tlx39bf4xb4nltqccj00000gn/T/tmpdw881ee2', '--error-file', '/var/folders/6v/f1q42tlx39bf4xb4nltqccj00000gn/T/tmptmkjctxx']
[2022-07-24 23:13:24,782] {standard_task_runner.py:80} INFO - Job 17: Subtask task_1
[2022-07-24 23:13:24,832] {task_command.py:369} INFO - Running <TaskInstance: my_python_dag.task_1 manual__2022-07-24T14:13:23.445313+00:00 [running]> on host janghuisuui-MacBookAir.local
[2022-07-24 23:13:24,897] {taskinstance.py:1569} INFO - Exporting the following env vars:
AIRFLOW_CTX_DAG_OWNER=jovyan
AIRFLOW_CTX_DAG_ID=my_python_dag
AIRFLOW_CTX_TASK_ID=task_1
AIRFLOW_CTX_EXECUTION_DATE=2022-07-24T14:13:23.445313+00:00
AIRFLOW_CTX_TRY_NUMBER=1
AIRFLOW_CTX_DAG_RUN_ID=manual__2022-07-24T14:13:23.445313+00:00
[2022-07-24 23:13:24,898] {logging_mixin.py:115} INFO - ============================================================
[2022-07-24 23:13:24,898] {logging_mixin.py:115} INFO - fruit_name: apple
[2022-07-24 23:13:24,898] {logging_mixin.py:115} INFO - ============================================================
[2022-07-24 23:13:24,902] {logging_mixin.py:115} WARNING - /Users/jangheesu/opt/anaconda3/envs/airflow2.3.0/lib/python3.8/site-packages/airflow/utils/context.py:290 AirflowContextDeprecationWarning: Accessing 'execution_date' from the template is deprecated and will be removed in a future version. Please use 'data_interval_start' or 'logical_date' instead.
[2022-07-24 23:13:24,903] {logging_mixin.py:115} WARNING - /Users/jangheesu/opt/anaconda3/envs/airflow2.3.0/lib/python3.8/site-packages/airflow/utils/context.py:290 AirflowContextDeprecationWarning: Accessing 'next_ds' from the template is deprecated and will be removed in a future version. Please use '{{ data_interval_end | ds }}' instead.
[2022-07-24 23:13:24,903] {logging_mixin.py:115} WARNING - /Users/jangheesu/opt/anaconda3/envs/airflow2.3.0/lib/python3.8/site-packages/airflow/utils/context.py:290 AirflowContextDeprecationWarning: Accessing 'next_ds_nodash' from the template is deprecated and will be removed in a future version. Please use '{{ data_interval_end | ds_nodash }}' instead.
[2022-07-24 23:13:24,904] {logging_mixin.py:115} WARNING - /Users/jangheesu/opt/anaconda3/envs/airflow2.3.0/lib/python3.8/site-packages/airflow/utils/context.py:290 AirflowContextDeprecationWarning: Accessing 'next_execution_date' from the template is deprecated and will be removed in a future version. Please use 'data_interval_end' instead.
[2022-07-24 23:13:24,904] {logging_mixin.py:115} WARNING - /Users/jangheesu/opt/anaconda3/envs/airflow2.3.0/lib/python3.8/site-packages/airflow/utils/context.py:290 AirflowContextDeprecationWarning: Accessing 'prev_ds' from the template is deprecated and will be removed in a future version.
[2022-07-24 23:13:24,905] {logging_mixin.py:115} WARNING - /Users/jangheesu/opt/anaconda3/envs/airflow2.3.0/lib/python3.8/site-packages/airflow/utils/context.py:290 AirflowContextDeprecationWarning: Accessing 'prev_ds_nodash' from the template is deprecated and will be removed in a future version.
[2022-07-24 23:13:24,905] {logging_mixin.py:115} WARNING - /Users/jangheesu/opt/anaconda3/envs/airflow2.3.0/lib/python3.8/site-packages/airflow/utils/context.py:290 AirflowContextDeprecationWarning: Accessing 'prev_execution_date' from the template is deprecated and will be removed in a future version.
[2022-07-24 23:13:24,906] {logging_mixin.py:115} WARNING - /Users/jangheesu/opt/anaconda3/envs/airflow2.3.0/lib/python3.8/site-packages/airflow/utils/context.py:290 AirflowContextDeprecationWarning: Accessing 'prev_execution_date_success' from the template is deprecated and will be removed in a future version. Please use 'prev_data_interval_start_success' instead.
[2022-07-24 23:13:24,906] {logging_mixin.py:115} WARNING - /Users/jangheesu/opt/anaconda3/envs/airflow2.3.0/lib/python3.8/site-packages/airflow/utils/context.py:290 AirflowContextDeprecationWarning: Accessing 'tomorrow_ds' from the template is deprecated and will be removed in a future version.
[2022-07-24 23:13:24,907] {logging_mixin.py:115} WARNING - /Users/jangheesu/opt/anaconda3/envs/airflow2.3.0/lib/python3.8/site-packages/airflow/utils/context.py:290 AirflowContextDeprecationWarning: Accessing 'tomorrow_ds_nodash' from the template is deprecated and will be removed in a future version.
[2022-07-24 23:13:24,907] {logging_mixin.py:115} WARNING - /Users/jangheesu/opt/anaconda3/envs/airflow2.3.0/lib/python3.8/site-packages/airflow/utils/context.py:290 AirflowContextDeprecationWarning: Accessing 'yesterday_ds' from the template is deprecated and will be removed in a future version.
[2022-07-24 23:13:24,908] {logging_mixin.py:115} WARNING - /Users/jangheesu/opt/anaconda3/envs/airflow2.3.0/lib/python3.8/site-packages/airflow/utils/context.py:290 AirflowContextDeprecationWarning: Accessing 'yesterday_ds_nodash' from the template is deprecated and will be removed in a future version.
[2022-07-24 23:13:24,908] {logging_mixin.py:115} INFO - {'conf': <airflow.configuration.AirflowConfigParser object at 0x7f9f40392b50>,
 'conn': None,
 'dag': <DAG: my_python_dag>,
 'dag_run': <DagRun my_python_dag @ 2022-07-24 14:13:23.445313+00:00: manual__2022-07-24T14:13:23.445313+00:00, externally triggered: True>,
 'data_interval_end': DateTime(2022, 7, 24, 0, 0, 0, tzinfo=Timezone('UTC')),
 'data_interval_start': DateTime(2022, 7, 23, 0, 0, 0, tzinfo=Timezone('UTC')),
 'ds': '2022-07-24',
 'ds_nodash': '20220724',
 'execution_date': <Proxy at 0x7f9f10b8c200 with factory functools.partial(<function lazy_mapping_from_context.<locals>._deprecated_proxy_factory at 0x7f9f4073edc0>, 'execution_date', DateTime(2022, 7, 24, 14, 13, 23, 445313, tzinfo=Timezone('UTC')))>,
 'inlets': [],
 'logical_date': DateTime(2022, 7, 24, 14, 13, 23, 445313, tzinfo=Timezone('UTC')),
 'macros': <module 'airflow.macros' from '/Users/jangheesu/opt/anaconda3/envs/airflow2.3.0/lib/python3.8/site-packages/airflow/macros/__init__.py'>,
 'next_ds': <Proxy at 0x7f9f40792400 with factory functools.partial(<function lazy_mapping_from_context.<locals>._deprecated_proxy_factory at 0x7f9f4073edc0>, 'next_ds', '2022-07-24')>,
 'next_ds_nodash': <Proxy at 0x7f9f40798340 with factory functools.partial(<function lazy_mapping_from_context.<locals>._deprecated_proxy_factory at 0x7f9f4073edc0>, 'next_ds_nodash', '20220724')>,
 'next_execution_date': <Proxy at 0x7f9f40798980 with factory functools.partial(<function lazy_mapping_from_context.<locals>._deprecated_proxy_factory at 0x7f9f4073edc0>, 'next_execution_date', DateTime(2022, 7, 24, 14, 13, 23, 445313, tzinfo=Timezone('UTC')))>,
 'outlets': [],
 'params': {},
 'prev_data_interval_end_success': None,
 'prev_data_interval_start_success': None,
 'prev_ds': <Proxy at 0x7f9f407989c0 with factory functools.partial(<function lazy_mapping_from_context.<locals>._deprecated_proxy_factory at 0x7f9f4073edc0>, 'prev_ds', '2022-07-24')>,
 'prev_ds_nodash': <Proxy at 0x7f9f40798a00 with factory functools.partial(<function lazy_mapping_from_context.<locals>._deprecated_proxy_factory at 0x7f9f4073edc0>, 'prev_ds_nodash', '20220724')>,
 'prev_execution_date': <Proxy at 0x7f9f40798a80 with factory functools.partial(<function lazy_mapping_from_context.<locals>._deprecated_proxy_factory at 0x7f9f4073edc0>, 'prev_execution_date', DateTime(2022, 7, 24, 14, 13, 23, 445313, tzinfo=Timezone('UTC')))>,
 'prev_execution_date_success': <Proxy at 0x7f9f40798b80 with factory functools.partial(<function lazy_mapping_from_context.<locals>._deprecated_proxy_factory at 0x7f9f4073edc0>, 'prev_execution_date_success', None)>,
 'prev_start_date_success': None,
 'run_id': 'manual__2022-07-24T14:13:23.445313+00:00',
 'task': <Task(PythonOperator): task_1>,
 'task_instance': <TaskInstance: my_python_dag.task_1 manual__2022-07-24T14:13:23.445313+00:00 [running]>,
 'task_instance_key_str': 'my_python_dag__task_1__20220724',
 'templates_dict': None,
 'test_mode': False,
 'ti': <TaskInstance: my_python_dag.task_1 manual__2022-07-24T14:13:23.445313+00:00 [running]>,
 'tomorrow_ds': <Proxy at 0x7f9f40798bc0 with factory functools.partial(<function lazy_mapping_from_context.<locals>._deprecated_proxy_factory at 0x7f9f4073edc0>, 'tomorrow_ds', '2022-07-25')>,
 'tomorrow_ds_nodash': <Proxy at 0x7f9f40798c40 with factory functools.partial(<function lazy_mapping_from_context.<locals>._deprecated_proxy_factory at 0x7f9f4073edc0>, 'tomorrow_ds_nodash', '20220725')>,
 'ts': '2022-07-24T14:13:23.445313+00:00',
 'ts_nodash': '20220724T141323',
 'ts_nodash_with_tz': '20220724T141323.445313+0000',
 'var': {'json': None, 'value': None},
 'yesterday_ds': <Proxy at 0x7f9f40798c80 with factory functools.partial(<function lazy_mapping_from_context.<locals>._deprecated_proxy_factory at 0x7f9f4073edc0>, 'yesterday_ds', '2022-07-23')>,
 'yesterday_ds_nodash': <Proxy at 0x7f9f40798d00 with factory functools.partial(<function lazy_mapping_from_context.<locals>._deprecated_proxy_factory at 0x7f9f4073edc0>, 'yesterday_ds_nodash', '20220723')>}
[2022-07-24 23:13:24,908] {logging_mixin.py:115} INFO - ============================================================
[2022-07-24 23:13:24,908] {python.py:173} INFO - Done. Returned value was: print complete!!!
[2022-07-24 23:13:24,935] {taskinstance.py:1395} INFO - Marking task as SUCCESS. dag_id=my_python_dag, task_id=task_1, execution_date=20220724T141323, start_date=20220724T141324, end_date=20220724T141324
[2022-07-24 23:13:24,955] {local_task_job.py:156} INFO - Task exited with return code 0
[2022-07-24 23:13:24,992] {local_task_job.py:273} INFO - 2 downstream tasks scheduled from follow-on schedule check
