[2022-07-27 23:22:37,850] {taskinstance.py:1159} INFO - Dependencies all met for <TaskInstance: tutorial-python-op.branch manual__2022-07-27T14:18:16.417249+00:00 [queued]>
[2022-07-27 23:22:37,856] {taskinstance.py:1159} INFO - Dependencies all met for <TaskInstance: tutorial-python-op.branch manual__2022-07-27T14:18:16.417249+00:00 [queued]>
[2022-07-27 23:22:37,856] {taskinstance.py:1356} INFO - 
--------------------------------------------------------------------------------
[2022-07-27 23:22:37,856] {taskinstance.py:1357} INFO - Starting attempt 2 of 3
[2022-07-27 23:22:37,856] {taskinstance.py:1358} INFO - 
--------------------------------------------------------------------------------
[2022-07-27 23:22:37,864] {taskinstance.py:1377} INFO - Executing <Task(BranchPythonOperator): branch> on 2022-07-27 14:18:16.417249+00:00
[2022-07-27 23:22:37,869] {standard_task_runner.py:52} INFO - Started process 51179 to run task
[2022-07-27 23:22:37,874] {standard_task_runner.py:79} INFO - Running: ['airflow', 'tasks', 'run', 'tutorial-python-op', 'branch', 'manual__2022-07-27T14:18:16.417249+00:00', '--job-id', '96', '--raw', '--subdir', 'DAGS_FOLDER/test5.py', '--cfg-path', '/var/folders/6v/f1q42tlx39bf4xb4nltqccj00000gn/T/tmp127bv53q', '--error-file', '/var/folders/6v/f1q42tlx39bf4xb4nltqccj00000gn/T/tmp1pmgs_1j']
[2022-07-27 23:22:37,875] {standard_task_runner.py:80} INFO - Job 96: Subtask branch
[2022-07-27 23:22:37,924] {task_command.py:369} INFO - Running <TaskInstance: tutorial-python-op.branch manual__2022-07-27T14:18:16.417249+00:00 [running]> on host janghuisuui-MacBookAir.local
[2022-07-27 23:22:37,983] {taskinstance.py:1569} INFO - Exporting the following env vars:
AIRFLOW_CTX_DAG_EMAIL=your-email@g.com
AIRFLOW_CTX_DAG_OWNER=owner-name
AIRFLOW_CTX_DAG_ID=tutorial-python-op
AIRFLOW_CTX_TASK_ID=branch
AIRFLOW_CTX_EXECUTION_DATE=2022-07-27T14:18:16.417249+00:00
AIRFLOW_CTX_TRY_NUMBER=2
AIRFLOW_CTX_DAG_RUN_ID=manual__2022-07-27T14:18:16.417249+00:00
[2022-07-27 23:22:37,984] {python.py:173} INFO - Done. Returned value was: cal_m_id
[2022-07-27 23:22:37,984] {skipmixin.py:140} INFO - Following branch cal_m_id
[2022-07-27 23:22:37,984] {skipmixin.py:175} INFO - Skipping tasks ['cal_a_id']
[2022-07-27 23:22:38,029] {taskinstance.py:1395} INFO - Marking task as SUCCESS. dag_id=tutorial-python-op, task_id=branch, execution_date=20220727T141816, start_date=20220727T142237, end_date=20220727T142238
[2022-07-27 23:22:38,051] {local_task_job.py:156} INFO - Task exited with return code 0
[2022-07-27 23:22:38,094] {local_task_job.py:273} INFO - 1 downstream tasks scheduled from follow-on schedule check
