[2022-07-27 22:13:07,065] {taskinstance.py:1159} INFO - Dependencies all met for <TaskInstance: my_first_dag.sleep manual__2022-07-27T13:13:05.380211+00:00 [queued]>
[2022-07-27 22:13:07,071] {taskinstance.py:1159} INFO - Dependencies all met for <TaskInstance: my_first_dag.sleep manual__2022-07-27T13:13:05.380211+00:00 [queued]>
[2022-07-27 22:13:07,071] {taskinstance.py:1356} INFO - 
--------------------------------------------------------------------------------
[2022-07-27 22:13:07,072] {taskinstance.py:1357} INFO - Starting attempt 1 of 1
[2022-07-27 22:13:07,072] {taskinstance.py:1358} INFO - 
--------------------------------------------------------------------------------
[2022-07-27 22:13:07,080] {taskinstance.py:1377} INFO - Executing <Task(BashOperator): sleep> on 2022-07-27 13:13:05.380211+00:00
[2022-07-27 22:13:07,085] {standard_task_runner.py:52} INFO - Started process 12505 to run task
[2022-07-27 22:13:07,089] {standard_task_runner.py:79} INFO - Running: ['airflow', 'tasks', 'run', 'my_first_dag', 'sleep', 'manual__2022-07-27T13:13:05.380211+00:00', '--job-id', '61', '--raw', '--subdir', 'DAGS_FOLDER/test.py', '--cfg-path', '/var/folders/6v/f1q42tlx39bf4xb4nltqccj00000gn/T/tmpadhdvu_u', '--error-file', '/var/folders/6v/f1q42tlx39bf4xb4nltqccj00000gn/T/tmpftibl5sx']
[2022-07-27 22:13:07,090] {standard_task_runner.py:80} INFO - Job 61: Subtask sleep
[2022-07-27 22:13:07,135] {task_command.py:369} INFO - Running <TaskInstance: my_first_dag.sleep manual__2022-07-27T13:13:05.380211+00:00 [running]> on host janghuisuui-MacBookAir.local
[2022-07-27 22:13:07,194] {taskinstance.py:1569} INFO - Exporting the following env vars:
AIRFLOW_CTX_DAG_OWNER=jovyan
AIRFLOW_CTX_DAG_ID=my_first_dag
AIRFLOW_CTX_TASK_ID=sleep
AIRFLOW_CTX_EXECUTION_DATE=2022-07-27T13:13:05.380211+00:00
AIRFLOW_CTX_TRY_NUMBER=1
AIRFLOW_CTX_DAG_RUN_ID=manual__2022-07-27T13:13:05.380211+00:00
[2022-07-27 22:13:07,195] {subprocess.py:62} INFO - Tmp dir root location: 
 /var/folders/6v/f1q42tlx39bf4xb4nltqccj00000gn/T
[2022-07-27 22:13:07,195] {subprocess.py:74} INFO - Running command: ['bash', '-c', 'sleep 3']
[2022-07-27 22:13:07,203] {subprocess.py:85} INFO - Output:
[2022-07-27 22:13:10,216] {subprocess.py:96} INFO - Command exited with return code 0
[2022-07-27 22:13:10,244] {taskinstance.py:1395} INFO - Marking task as SUCCESS. dag_id=my_first_dag, task_id=sleep, execution_date=20220727T131305, start_date=20220727T131307, end_date=20220727T131310
[2022-07-27 22:13:10,260] {local_task_job.py:156} INFO - Task exited with return code 0
[2022-07-27 22:13:10,290] {local_task_job.py:273} INFO - 1 downstream tasks scheduled from follow-on schedule check
