[2022-07-27 21:39:35,548] {taskinstance.py:1159} INFO - Dependencies all met for <TaskInstance: my_first_dag.print_date scheduled__2022-07-26T00:00:00+00:00 [queued]>
[2022-07-27 21:39:35,560] {taskinstance.py:1159} INFO - Dependencies all met for <TaskInstance: my_first_dag.print_date scheduled__2022-07-26T00:00:00+00:00 [queued]>
[2022-07-27 21:39:35,560] {taskinstance.py:1356} INFO - 
--------------------------------------------------------------------------------
[2022-07-27 21:39:35,560] {taskinstance.py:1357} INFO - Starting attempt 1 of 1
[2022-07-27 21:39:35,560] {taskinstance.py:1358} INFO - 
--------------------------------------------------------------------------------
[2022-07-27 21:39:35,589] {taskinstance.py:1377} INFO - Executing <Task(BashOperator): print_date> on 2022-07-26 00:00:00+00:00
[2022-07-27 21:39:35,598] {standard_task_runner.py:52} INFO - Started process 8959 to run task
[2022-07-27 21:39:35,607] {standard_task_runner.py:79} INFO - Running: ['airflow', 'tasks', 'run', 'my_first_dag', 'print_date', 'scheduled__2022-07-26T00:00:00+00:00', '--job-id', '41', '--raw', '--subdir', 'DAGS_FOLDER/test.py', '--cfg-path', '/var/folders/6v/f1q42tlx39bf4xb4nltqccj00000gn/T/tmpj8vrumn2', '--error-file', '/var/folders/6v/f1q42tlx39bf4xb4nltqccj00000gn/T/tmpa3aasx9o']
[2022-07-27 21:39:35,611] {standard_task_runner.py:80} INFO - Job 41: Subtask print_date
[2022-07-27 21:39:35,697] {task_command.py:369} INFO - Running <TaskInstance: my_first_dag.print_date scheduled__2022-07-26T00:00:00+00:00 [running]> on host janghuisuui-MacBookAir.local
[2022-07-27 21:39:35,783] {taskinstance.py:1569} INFO - Exporting the following env vars:
AIRFLOW_CTX_DAG_OWNER=jovyan
AIRFLOW_CTX_DAG_ID=my_first_dag
AIRFLOW_CTX_TASK_ID=print_date
AIRFLOW_CTX_EXECUTION_DATE=2022-07-26T00:00:00+00:00
AIRFLOW_CTX_TRY_NUMBER=1
AIRFLOW_CTX_DAG_RUN_ID=scheduled__2022-07-26T00:00:00+00:00
[2022-07-27 21:39:35,783] {subprocess.py:62} INFO - Tmp dir root location: 
 /var/folders/6v/f1q42tlx39bf4xb4nltqccj00000gn/T
[2022-07-27 21:39:35,784] {subprocess.py:74} INFO - Running command: ['bash', '-c', 'date']
[2022-07-27 21:39:35,794] {subprocess.py:85} INFO - Output:
[2022-07-27 21:39:35,804] {subprocess.py:92} INFO - 2022년 7월 27일 수요일 21시 39분 35초 KST
[2022-07-27 21:39:35,804] {subprocess.py:96} INFO - Command exited with return code 0
[2022-07-27 21:39:35,832] {taskinstance.py:1395} INFO - Marking task as SUCCESS. dag_id=my_first_dag, task_id=print_date, execution_date=20220726T000000, start_date=20220727T123935, end_date=20220727T123935
[2022-07-27 21:39:35,865] {local_task_job.py:156} INFO - Task exited with return code 0
[2022-07-27 21:39:35,888] {local_task_job.py:273} INFO - 1 downstream tasks scheduled from follow-on schedule check
