[2022-07-24 19:12:36,750] {processor.py:153} INFO - Started process (PID=77261) to work on /Users/jangheesu/opt/anaconda3/envs/airflow2.3.0/lib/python3.8/site-packages/airflow/example_dags/example_branch_day_of_week_operator.py
[2022-07-24 19:12:36,750] {processor.py:641} INFO - Processing file /Users/jangheesu/opt/anaconda3/envs/airflow2.3.0/lib/python3.8/site-packages/airflow/example_dags/example_branch_day_of_week_operator.py for tasks to queue
[2022-07-24 19:12:36,750] {logging_mixin.py:115} INFO - [2022-07-24 19:12:36,750] {dagbag.py:507} INFO - Filling up the DagBag from /Users/jangheesu/opt/anaconda3/envs/airflow2.3.0/lib/python3.8/site-packages/airflow/example_dags/example_branch_day_of_week_operator.py
[2022-07-24 19:12:36,759] {processor.py:651} INFO - DAG(s) dict_keys(['example_weekday_branch_operator']) retrieved from /Users/jangheesu/opt/anaconda3/envs/airflow2.3.0/lib/python3.8/site-packages/airflow/example_dags/example_branch_day_of_week_operator.py
[2022-07-24 19:12:37,320] {logging_mixin.py:115} INFO - [2022-07-24 19:12:37,320] {manager.py:508} INFO - Created Permission View: can read on DAG:example_weekday_branch_operator
[2022-07-24 19:12:37,324] {logging_mixin.py:115} INFO - [2022-07-24 19:12:37,324] {manager.py:508} INFO - Created Permission View: can edit on DAG:example_weekday_branch_operator
[2022-07-24 19:12:37,327] {logging_mixin.py:115} INFO - [2022-07-24 19:12:37,327] {manager.py:508} INFO - Created Permission View: can delete on DAG:example_weekday_branch_operator
[2022-07-24 19:12:37,327] {logging_mixin.py:115} INFO - [2022-07-24 19:12:37,327] {dag.py:2371} INFO - Sync 1 DAGs
[2022-07-24 19:12:37,331] {logging_mixin.py:115} INFO - [2022-07-24 19:12:37,331] {dag.py:2390} INFO - Creating ORM DAG for example_weekday_branch_operator
[2022-07-24 19:12:37,337] {logging_mixin.py:115} INFO - [2022-07-24 19:12:37,337] {dag.py:2915} INFO - Setting next_dagrun for example_weekday_branch_operator to 2022-07-23T00:00:00+00:00, run_after=2022-07-24T00:00:00+00:00
[2022-07-24 19:12:37,343] {processor.py:161} INFO - Processing /Users/jangheesu/opt/anaconda3/envs/airflow2.3.0/lib/python3.8/site-packages/airflow/example_dags/example_branch_day_of_week_operator.py took 0.594 seconds
[2022-07-24 19:13:08,027] {processor.py:153} INFO - Started process (PID=77371) to work on /Users/jangheesu/opt/anaconda3/envs/airflow2.3.0/lib/python3.8/site-packages/airflow/example_dags/example_branch_day_of_week_operator.py
[2022-07-24 19:13:08,027] {processor.py:641} INFO - Processing file /Users/jangheesu/opt/anaconda3/envs/airflow2.3.0/lib/python3.8/site-packages/airflow/example_dags/example_branch_day_of_week_operator.py for tasks to queue
[2022-07-24 19:13:08,027] {logging_mixin.py:115} INFO - [2022-07-24 19:13:08,027] {dagbag.py:507} INFO - Filling up the DagBag from /Users/jangheesu/opt/anaconda3/envs/airflow2.3.0/lib/python3.8/site-packages/airflow/example_dags/example_branch_day_of_week_operator.py
[2022-07-24 19:13:08,035] {processor.py:651} INFO - DAG(s) dict_keys(['example_weekday_branch_operator']) retrieved from /Users/jangheesu/opt/anaconda3/envs/airflow2.3.0/lib/python3.8/site-packages/airflow/example_dags/example_branch_day_of_week_operator.py
[2022-07-24 19:13:08,076] {logging_mixin.py:115} INFO - [2022-07-24 19:13:08,076] {dag.py:2371} INFO - Sync 1 DAGs
[2022-07-24 19:13:08,090] {logging_mixin.py:115} INFO - [2022-07-24 19:13:08,090] {dag.py:2915} INFO - Setting next_dagrun for example_weekday_branch_operator to 2022-07-23T00:00:00+00:00, run_after=2022-07-24T00:00:00+00:00
[2022-07-24 19:13:08,099] {processor.py:161} INFO - Processing /Users/jangheesu/opt/anaconda3/envs/airflow2.3.0/lib/python3.8/site-packages/airflow/example_dags/example_branch_day_of_week_operator.py took 0.072 seconds
[2022-07-24 19:13:38,686] {processor.py:153} INFO - Started process (PID=77482) to work on /Users/jangheesu/opt/anaconda3/envs/airflow2.3.0/lib/python3.8/site-packages/airflow/example_dags/example_branch_day_of_week_operator.py
[2022-07-24 19:13:38,686] {processor.py:641} INFO - Processing file /Users/jangheesu/opt/anaconda3/envs/airflow2.3.0/lib/python3.8/site-packages/airflow/example_dags/example_branch_day_of_week_operator.py for tasks to queue
[2022-07-24 19:13:38,687] {logging_mixin.py:115} INFO - [2022-07-24 19:13:38,687] {dagbag.py:507} INFO - Filling up the DagBag from /Users/jangheesu/opt/anaconda3/envs/airflow2.3.0/lib/python3.8/site-packages/airflow/example_dags/example_branch_day_of_week_operator.py
[2022-07-24 19:13:38,694] {processor.py:651} INFO - DAG(s) dict_keys(['example_weekday_branch_operator']) retrieved from /Users/jangheesu/opt/anaconda3/envs/airflow2.3.0/lib/python3.8/site-packages/airflow/example_dags/example_branch_day_of_week_operator.py
[2022-07-24 19:13:38,734] {logging_mixin.py:115} INFO - [2022-07-24 19:13:38,734] {dag.py:2371} INFO - Sync 1 DAGs
[2022-07-24 19:13:38,745] {logging_mixin.py:115} INFO - [2022-07-24 19:13:38,745] {dag.py:2915} INFO - Setting next_dagrun for example_weekday_branch_operator to 2022-07-23T00:00:00+00:00, run_after=2022-07-24T00:00:00+00:00
[2022-07-24 19:13:38,754] {processor.py:161} INFO - Processing /Users/jangheesu/opt/anaconda3/envs/airflow2.3.0/lib/python3.8/site-packages/airflow/example_dags/example_branch_day_of_week_operator.py took 0.068 seconds
[2022-07-24 19:14:09,499] {processor.py:153} INFO - Started process (PID=77630) to work on /Users/jangheesu/opt/anaconda3/envs/airflow2.3.0/lib/python3.8/site-packages/airflow/example_dags/example_branch_day_of_week_operator.py
[2022-07-24 19:14:09,499] {processor.py:641} INFO - Processing file /Users/jangheesu/opt/anaconda3/envs/airflow2.3.0/lib/python3.8/site-packages/airflow/example_dags/example_branch_day_of_week_operator.py for tasks to queue
[2022-07-24 19:14:09,500] {logging_mixin.py:115} INFO - [2022-07-24 19:14:09,500] {dagbag.py:507} INFO - Filling up the DagBag from /Users/jangheesu/opt/anaconda3/envs/airflow2.3.0/lib/python3.8/site-packages/airflow/example_dags/example_branch_day_of_week_operator.py
[2022-07-24 19:14:09,507] {processor.py:651} INFO - DAG(s) dict_keys(['example_weekday_branch_operator']) retrieved from /Users/jangheesu/opt/anaconda3/envs/airflow2.3.0/lib/python3.8/site-packages/airflow/example_dags/example_branch_day_of_week_operator.py
[2022-07-24 19:14:09,550] {logging_mixin.py:115} INFO - [2022-07-24 19:14:09,549] {dag.py:2371} INFO - Sync 1 DAGs
[2022-07-24 19:14:09,562] {logging_mixin.py:115} INFO - [2022-07-24 19:14:09,562] {dag.py:2915} INFO - Setting next_dagrun for example_weekday_branch_operator to 2022-07-23T00:00:00+00:00, run_after=2022-07-24T00:00:00+00:00
[2022-07-24 19:14:09,570] {processor.py:161} INFO - Processing /Users/jangheesu/opt/anaconda3/envs/airflow2.3.0/lib/python3.8/site-packages/airflow/example_dags/example_branch_day_of_week_operator.py took 0.071 seconds
[2022-07-24 19:14:40,645] {processor.py:153} INFO - Started process (PID=77738) to work on /Users/jangheesu/opt/anaconda3/envs/airflow2.3.0/lib/python3.8/site-packages/airflow/example_dags/example_branch_day_of_week_operator.py
[2022-07-24 19:14:40,645] {processor.py:641} INFO - Processing file /Users/jangheesu/opt/anaconda3/envs/airflow2.3.0/lib/python3.8/site-packages/airflow/example_dags/example_branch_day_of_week_operator.py for tasks to queue
[2022-07-24 19:14:40,646] {logging_mixin.py:115} INFO - [2022-07-24 19:14:40,646] {dagbag.py:507} INFO - Filling up the DagBag from /Users/jangheesu/opt/anaconda3/envs/airflow2.3.0/lib/python3.8/site-packages/airflow/example_dags/example_branch_day_of_week_operator.py
[2022-07-24 19:14:40,654] {processor.py:651} INFO - DAG(s) dict_keys(['example_weekday_branch_operator']) retrieved from /Users/jangheesu/opt/anaconda3/envs/airflow2.3.0/lib/python3.8/site-packages/airflow/example_dags/example_branch_day_of_week_operator.py
[2022-07-24 19:14:40,692] {logging_mixin.py:115} INFO - [2022-07-24 19:14:40,692] {dag.py:2371} INFO - Sync 1 DAGs
[2022-07-24 19:14:40,704] {logging_mixin.py:115} INFO - [2022-07-24 19:14:40,704] {dag.py:2915} INFO - Setting next_dagrun for example_weekday_branch_operator to 2022-07-23T00:00:00+00:00, run_after=2022-07-24T00:00:00+00:00
[2022-07-24 19:14:40,710] {processor.py:161} INFO - Processing /Users/jangheesu/opt/anaconda3/envs/airflow2.3.0/lib/python3.8/site-packages/airflow/example_dags/example_branch_day_of_week_operator.py took 0.066 seconds
[2022-07-24 19:15:12,124] {processor.py:153} INFO - Started process (PID=77857) to work on /Users/jangheesu/opt/anaconda3/envs/airflow2.3.0/lib/python3.8/site-packages/airflow/example_dags/example_branch_day_of_week_operator.py
[2022-07-24 19:15:12,124] {processor.py:641} INFO - Processing file /Users/jangheesu/opt/anaconda3/envs/airflow2.3.0/lib/python3.8/site-packages/airflow/example_dags/example_branch_day_of_week_operator.py for tasks to queue
[2022-07-24 19:15:12,124] {logging_mixin.py:115} INFO - [2022-07-24 19:15:12,124] {dagbag.py:507} INFO - Filling up the DagBag from /Users/jangheesu/opt/anaconda3/envs/airflow2.3.0/lib/python3.8/site-packages/airflow/example_dags/example_branch_day_of_week_operator.py
[2022-07-24 19:15:12,132] {processor.py:651} INFO - DAG(s) dict_keys(['example_weekday_branch_operator']) retrieved from /Users/jangheesu/opt/anaconda3/envs/airflow2.3.0/lib/python3.8/site-packages/airflow/example_dags/example_branch_day_of_week_operator.py
[2022-07-24 19:15:12,173] {logging_mixin.py:115} INFO - [2022-07-24 19:15:12,172] {dag.py:2371} INFO - Sync 1 DAGs
[2022-07-24 19:15:12,185] {logging_mixin.py:115} INFO - [2022-07-24 19:15:12,185] {dag.py:2915} INFO - Setting next_dagrun for example_weekday_branch_operator to 2022-07-23T00:00:00+00:00, run_after=2022-07-24T00:00:00+00:00
[2022-07-24 19:15:12,193] {processor.py:161} INFO - Processing /Users/jangheesu/opt/anaconda3/envs/airflow2.3.0/lib/python3.8/site-packages/airflow/example_dags/example_branch_day_of_week_operator.py took 0.069 seconds
[2022-07-24 19:15:43,201] {processor.py:153} INFO - Started process (PID=77963) to work on /Users/jangheesu/opt/anaconda3/envs/airflow2.3.0/lib/python3.8/site-packages/airflow/example_dags/example_branch_day_of_week_operator.py
[2022-07-24 19:15:43,201] {processor.py:641} INFO - Processing file /Users/jangheesu/opt/anaconda3/envs/airflow2.3.0/lib/python3.8/site-packages/airflow/example_dags/example_branch_day_of_week_operator.py for tasks to queue
[2022-07-24 19:15:43,201] {logging_mixin.py:115} INFO - [2022-07-24 19:15:43,201] {dagbag.py:507} INFO - Filling up the DagBag from /Users/jangheesu/opt/anaconda3/envs/airflow2.3.0/lib/python3.8/site-packages/airflow/example_dags/example_branch_day_of_week_operator.py
[2022-07-24 19:15:43,208] {processor.py:651} INFO - DAG(s) dict_keys(['example_weekday_branch_operator']) retrieved from /Users/jangheesu/opt/anaconda3/envs/airflow2.3.0/lib/python3.8/site-packages/airflow/example_dags/example_branch_day_of_week_operator.py
[2022-07-24 19:15:43,250] {logging_mixin.py:115} INFO - [2022-07-24 19:15:43,249] {dag.py:2371} INFO - Sync 1 DAGs
[2022-07-24 19:15:43,262] {logging_mixin.py:115} INFO - [2022-07-24 19:15:43,262] {dag.py:2915} INFO - Setting next_dagrun for example_weekday_branch_operator to 2022-07-23T00:00:00+00:00, run_after=2022-07-24T00:00:00+00:00
[2022-07-24 19:15:43,270] {processor.py:161} INFO - Processing /Users/jangheesu/opt/anaconda3/envs/airflow2.3.0/lib/python3.8/site-packages/airflow/example_dags/example_branch_day_of_week_operator.py took 0.069 seconds
[2022-07-24 19:16:14,144] {processor.py:153} INFO - Started process (PID=78071) to work on /Users/jangheesu/opt/anaconda3/envs/airflow2.3.0/lib/python3.8/site-packages/airflow/example_dags/example_branch_day_of_week_operator.py
[2022-07-24 19:16:14,144] {processor.py:641} INFO - Processing file /Users/jangheesu/opt/anaconda3/envs/airflow2.3.0/lib/python3.8/site-packages/airflow/example_dags/example_branch_day_of_week_operator.py for tasks to queue
[2022-07-24 19:16:14,144] {logging_mixin.py:115} INFO - [2022-07-24 19:16:14,144] {dagbag.py:507} INFO - Filling up the DagBag from /Users/jangheesu/opt/anaconda3/envs/airflow2.3.0/lib/python3.8/site-packages/airflow/example_dags/example_branch_day_of_week_operator.py
[2022-07-24 19:16:14,151] {processor.py:651} INFO - DAG(s) dict_keys(['example_weekday_branch_operator']) retrieved from /Users/jangheesu/opt/anaconda3/envs/airflow2.3.0/lib/python3.8/site-packages/airflow/example_dags/example_branch_day_of_week_operator.py
[2022-07-24 19:16:14,191] {logging_mixin.py:115} INFO - [2022-07-24 19:16:14,191] {dag.py:2371} INFO - Sync 1 DAGs
[2022-07-24 19:16:14,204] {logging_mixin.py:115} INFO - [2022-07-24 19:16:14,204] {dag.py:2915} INFO - Setting next_dagrun for example_weekday_branch_operator to 2022-07-23T00:00:00+00:00, run_after=2022-07-24T00:00:00+00:00
[2022-07-24 19:16:14,211] {processor.py:161} INFO - Processing /Users/jangheesu/opt/anaconda3/envs/airflow2.3.0/lib/python3.8/site-packages/airflow/example_dags/example_branch_day_of_week_operator.py took 0.067 seconds
[2022-07-24 19:16:44,704] {processor.py:153} INFO - Started process (PID=78181) to work on /Users/jangheesu/opt/anaconda3/envs/airflow2.3.0/lib/python3.8/site-packages/airflow/example_dags/example_branch_day_of_week_operator.py
[2022-07-24 19:16:44,704] {processor.py:641} INFO - Processing file /Users/jangheesu/opt/anaconda3/envs/airflow2.3.0/lib/python3.8/site-packages/airflow/example_dags/example_branch_day_of_week_operator.py for tasks to queue
[2022-07-24 19:16:44,704] {logging_mixin.py:115} INFO - [2022-07-24 19:16:44,704] {dagbag.py:507} INFO - Filling up the DagBag from /Users/jangheesu/opt/anaconda3/envs/airflow2.3.0/lib/python3.8/site-packages/airflow/example_dags/example_branch_day_of_week_operator.py
[2022-07-24 19:16:44,712] {processor.py:651} INFO - DAG(s) dict_keys(['example_weekday_branch_operator']) retrieved from /Users/jangheesu/opt/anaconda3/envs/airflow2.3.0/lib/python3.8/site-packages/airflow/example_dags/example_branch_day_of_week_operator.py
[2022-07-24 19:16:44,754] {logging_mixin.py:115} INFO - [2022-07-24 19:16:44,754] {dag.py:2371} INFO - Sync 1 DAGs
[2022-07-24 19:16:44,767] {logging_mixin.py:115} INFO - [2022-07-24 19:16:44,767] {dag.py:2915} INFO - Setting next_dagrun for example_weekday_branch_operator to 2022-07-23T00:00:00+00:00, run_after=2022-07-24T00:00:00+00:00
[2022-07-24 19:16:44,774] {processor.py:161} INFO - Processing /Users/jangheesu/opt/anaconda3/envs/airflow2.3.0/lib/python3.8/site-packages/airflow/example_dags/example_branch_day_of_week_operator.py took 0.071 seconds
[2022-07-24 19:17:15,732] {processor.py:153} INFO - Started process (PID=78294) to work on /Users/jangheesu/opt/anaconda3/envs/airflow2.3.0/lib/python3.8/site-packages/airflow/example_dags/example_branch_day_of_week_operator.py
[2022-07-24 19:17:15,732] {processor.py:641} INFO - Processing file /Users/jangheesu/opt/anaconda3/envs/airflow2.3.0/lib/python3.8/site-packages/airflow/example_dags/example_branch_day_of_week_operator.py for tasks to queue
[2022-07-24 19:17:15,732] {logging_mixin.py:115} INFO - [2022-07-24 19:17:15,732] {dagbag.py:507} INFO - Filling up the DagBag from /Users/jangheesu/opt/anaconda3/envs/airflow2.3.0/lib/python3.8/site-packages/airflow/example_dags/example_branch_day_of_week_operator.py
[2022-07-24 19:17:15,744] {processor.py:651} INFO - DAG(s) dict_keys(['example_weekday_branch_operator']) retrieved from /Users/jangheesu/opt/anaconda3/envs/airflow2.3.0/lib/python3.8/site-packages/airflow/example_dags/example_branch_day_of_week_operator.py
[2022-07-24 19:17:15,810] {logging_mixin.py:115} INFO - [2022-07-24 19:17:15,809] {dag.py:2371} INFO - Sync 1 DAGs
[2022-07-24 19:17:15,837] {logging_mixin.py:115} INFO - [2022-07-24 19:17:15,837] {dag.py:2915} INFO - Setting next_dagrun for example_weekday_branch_operator to 2022-07-23T00:00:00+00:00, run_after=2022-07-24T00:00:00+00:00
[2022-07-24 19:17:15,855] {processor.py:161} INFO - Processing /Users/jangheesu/opt/anaconda3/envs/airflow2.3.0/lib/python3.8/site-packages/airflow/example_dags/example_branch_day_of_week_operator.py took 0.124 seconds
[2022-07-24 19:17:49,245] {processor.py:153} INFO - Started process (PID=78675) to work on /Users/jangheesu/opt/anaconda3/envs/airflow2.3.0/lib/python3.8/site-packages/airflow/example_dags/example_branch_day_of_week_operator.py
[2022-07-24 19:17:49,245] {processor.py:641} INFO - Processing file /Users/jangheesu/opt/anaconda3/envs/airflow2.3.0/lib/python3.8/site-packages/airflow/example_dags/example_branch_day_of_week_operator.py for tasks to queue
[2022-07-24 19:17:49,246] {logging_mixin.py:115} INFO - [2022-07-24 19:17:49,246] {dagbag.py:507} INFO - Filling up the DagBag from /Users/jangheesu/opt/anaconda3/envs/airflow2.3.0/lib/python3.8/site-packages/airflow/example_dags/example_branch_day_of_week_operator.py
[2022-07-24 19:17:49,264] {processor.py:651} INFO - DAG(s) dict_keys(['example_weekday_branch_operator']) retrieved from /Users/jangheesu/opt/anaconda3/envs/airflow2.3.0/lib/python3.8/site-packages/airflow/example_dags/example_branch_day_of_week_operator.py
[2022-07-24 19:17:49,350] {logging_mixin.py:115} INFO - [2022-07-24 19:17:49,350] {dag.py:2371} INFO - Sync 1 DAGs
[2022-07-24 19:17:49,375] {logging_mixin.py:115} INFO - [2022-07-24 19:17:49,375] {dag.py:2915} INFO - Setting next_dagrun for example_weekday_branch_operator to 2022-07-23T00:00:00+00:00, run_after=2022-07-24T00:00:00+00:00
[2022-07-24 19:17:49,397] {processor.py:161} INFO - Processing /Users/jangheesu/opt/anaconda3/envs/airflow2.3.0/lib/python3.8/site-packages/airflow/example_dags/example_branch_day_of_week_operator.py took 0.153 seconds
