[2022-07-24 19:12:30,147] {processor.py:153} INFO - Started process (PID=77219) to work on /Users/jangheesu/opt/anaconda3/envs/airflow2.3.0/lib/python3.8/site-packages/airflow/example_dags/example_nested_branch_dag.py
[2022-07-24 19:12:30,147] {processor.py:641} INFO - Processing file /Users/jangheesu/opt/anaconda3/envs/airflow2.3.0/lib/python3.8/site-packages/airflow/example_dags/example_nested_branch_dag.py for tasks to queue
[2022-07-24 19:12:30,148] {logging_mixin.py:115} INFO - [2022-07-24 19:12:30,148] {dagbag.py:507} INFO - Filling up the DagBag from /Users/jangheesu/opt/anaconda3/envs/airflow2.3.0/lib/python3.8/site-packages/airflow/example_dags/example_nested_branch_dag.py
[2022-07-24 19:12:30,165] {processor.py:651} INFO - DAG(s) dict_keys(['example_nested_branch_dag']) retrieved from /Users/jangheesu/opt/anaconda3/envs/airflow2.3.0/lib/python3.8/site-packages/airflow/example_dags/example_nested_branch_dag.py
[2022-07-24 19:12:30,719] {logging_mixin.py:115} INFO - [2022-07-24 19:12:30,719] {manager.py:508} INFO - Created Permission View: can read on DAG:example_nested_branch_dag
[2022-07-24 19:12:30,723] {logging_mixin.py:115} INFO - [2022-07-24 19:12:30,723] {manager.py:508} INFO - Created Permission View: can delete on DAG:example_nested_branch_dag
[2022-07-24 19:12:30,726] {logging_mixin.py:115} INFO - [2022-07-24 19:12:30,726] {manager.py:508} INFO - Created Permission View: can edit on DAG:example_nested_branch_dag
[2022-07-24 19:12:30,726] {logging_mixin.py:115} INFO - [2022-07-24 19:12:30,726] {dag.py:2371} INFO - Sync 1 DAGs
[2022-07-24 19:12:30,731] {logging_mixin.py:115} INFO - [2022-07-24 19:12:30,731] {dag.py:2390} INFO - Creating ORM DAG for example_nested_branch_dag
[2022-07-24 19:12:30,738] {logging_mixin.py:115} INFO - [2022-07-24 19:12:30,738] {dag.py:2915} INFO - Setting next_dagrun for example_nested_branch_dag to 2022-07-23T00:00:00+00:00, run_after=2022-07-24T00:00:00+00:00
[2022-07-24 19:12:30,745] {processor.py:161} INFO - Processing /Users/jangheesu/opt/anaconda3/envs/airflow2.3.0/lib/python3.8/site-packages/airflow/example_dags/example_nested_branch_dag.py took 0.598 seconds
[2022-07-24 19:13:01,614] {processor.py:153} INFO - Started process (PID=77333) to work on /Users/jangheesu/opt/anaconda3/envs/airflow2.3.0/lib/python3.8/site-packages/airflow/example_dags/example_nested_branch_dag.py
[2022-07-24 19:13:01,615] {processor.py:641} INFO - Processing file /Users/jangheesu/opt/anaconda3/envs/airflow2.3.0/lib/python3.8/site-packages/airflow/example_dags/example_nested_branch_dag.py for tasks to queue
[2022-07-24 19:13:01,615] {logging_mixin.py:115} INFO - [2022-07-24 19:13:01,615] {dagbag.py:507} INFO - Filling up the DagBag from /Users/jangheesu/opt/anaconda3/envs/airflow2.3.0/lib/python3.8/site-packages/airflow/example_dags/example_nested_branch_dag.py
[2022-07-24 19:13:01,630] {processor.py:651} INFO - DAG(s) dict_keys(['example_nested_branch_dag']) retrieved from /Users/jangheesu/opt/anaconda3/envs/airflow2.3.0/lib/python3.8/site-packages/airflow/example_dags/example_nested_branch_dag.py
[2022-07-24 19:13:01,672] {logging_mixin.py:115} INFO - [2022-07-24 19:13:01,672] {dag.py:2371} INFO - Sync 1 DAGs
[2022-07-24 19:13:01,686] {logging_mixin.py:115} INFO - [2022-07-24 19:13:01,686] {dag.py:2915} INFO - Setting next_dagrun for example_nested_branch_dag to 2022-07-23T00:00:00+00:00, run_after=2022-07-24T00:00:00+00:00
[2022-07-24 19:13:01,692] {processor.py:161} INFO - Processing /Users/jangheesu/opt/anaconda3/envs/airflow2.3.0/lib/python3.8/site-packages/airflow/example_dags/example_nested_branch_dag.py took 0.078 seconds
[2022-07-24 19:13:32,289] {processor.py:153} INFO - Started process (PID=77441) to work on /Users/jangheesu/opt/anaconda3/envs/airflow2.3.0/lib/python3.8/site-packages/airflow/example_dags/example_nested_branch_dag.py
[2022-07-24 19:13:32,289] {processor.py:641} INFO - Processing file /Users/jangheesu/opt/anaconda3/envs/airflow2.3.0/lib/python3.8/site-packages/airflow/example_dags/example_nested_branch_dag.py for tasks to queue
[2022-07-24 19:13:32,289] {logging_mixin.py:115} INFO - [2022-07-24 19:13:32,289] {dagbag.py:507} INFO - Filling up the DagBag from /Users/jangheesu/opt/anaconda3/envs/airflow2.3.0/lib/python3.8/site-packages/airflow/example_dags/example_nested_branch_dag.py
[2022-07-24 19:13:32,303] {processor.py:651} INFO - DAG(s) dict_keys(['example_nested_branch_dag']) retrieved from /Users/jangheesu/opt/anaconda3/envs/airflow2.3.0/lib/python3.8/site-packages/airflow/example_dags/example_nested_branch_dag.py
[2022-07-24 19:13:32,346] {logging_mixin.py:115} INFO - [2022-07-24 19:13:32,346] {dag.py:2371} INFO - Sync 1 DAGs
[2022-07-24 19:13:32,360] {logging_mixin.py:115} INFO - [2022-07-24 19:13:32,360] {dag.py:2915} INFO - Setting next_dagrun for example_nested_branch_dag to 2022-07-23T00:00:00+00:00, run_after=2022-07-24T00:00:00+00:00
[2022-07-24 19:13:32,367] {processor.py:161} INFO - Processing /Users/jangheesu/opt/anaconda3/envs/airflow2.3.0/lib/python3.8/site-packages/airflow/example_dags/example_nested_branch_dag.py took 0.078 seconds
[2022-07-24 19:14:03,063] {processor.py:153} INFO - Started process (PID=77591) to work on /Users/jangheesu/opt/anaconda3/envs/airflow2.3.0/lib/python3.8/site-packages/airflow/example_dags/example_nested_branch_dag.py
[2022-07-24 19:14:03,063] {processor.py:641} INFO - Processing file /Users/jangheesu/opt/anaconda3/envs/airflow2.3.0/lib/python3.8/site-packages/airflow/example_dags/example_nested_branch_dag.py for tasks to queue
[2022-07-24 19:14:03,063] {logging_mixin.py:115} INFO - [2022-07-24 19:14:03,063] {dagbag.py:507} INFO - Filling up the DagBag from /Users/jangheesu/opt/anaconda3/envs/airflow2.3.0/lib/python3.8/site-packages/airflow/example_dags/example_nested_branch_dag.py
[2022-07-24 19:14:03,078] {processor.py:651} INFO - DAG(s) dict_keys(['example_nested_branch_dag']) retrieved from /Users/jangheesu/opt/anaconda3/envs/airflow2.3.0/lib/python3.8/site-packages/airflow/example_dags/example_nested_branch_dag.py
[2022-07-24 19:14:03,123] {logging_mixin.py:115} INFO - [2022-07-24 19:14:03,123] {dag.py:2371} INFO - Sync 1 DAGs
[2022-07-24 19:14:03,136] {logging_mixin.py:115} INFO - [2022-07-24 19:14:03,136] {dag.py:2915} INFO - Setting next_dagrun for example_nested_branch_dag to 2022-07-23T00:00:00+00:00, run_after=2022-07-24T00:00:00+00:00
[2022-07-24 19:14:03,141] {processor.py:161} INFO - Processing /Users/jangheesu/opt/anaconda3/envs/airflow2.3.0/lib/python3.8/site-packages/airflow/example_dags/example_nested_branch_dag.py took 0.079 seconds
[2022-07-24 19:14:34,212] {processor.py:153} INFO - Started process (PID=77700) to work on /Users/jangheesu/opt/anaconda3/envs/airflow2.3.0/lib/python3.8/site-packages/airflow/example_dags/example_nested_branch_dag.py
[2022-07-24 19:14:34,212] {processor.py:641} INFO - Processing file /Users/jangheesu/opt/anaconda3/envs/airflow2.3.0/lib/python3.8/site-packages/airflow/example_dags/example_nested_branch_dag.py for tasks to queue
[2022-07-24 19:14:34,212] {logging_mixin.py:115} INFO - [2022-07-24 19:14:34,212] {dagbag.py:507} INFO - Filling up the DagBag from /Users/jangheesu/opt/anaconda3/envs/airflow2.3.0/lib/python3.8/site-packages/airflow/example_dags/example_nested_branch_dag.py
[2022-07-24 19:14:34,226] {processor.py:651} INFO - DAG(s) dict_keys(['example_nested_branch_dag']) retrieved from /Users/jangheesu/opt/anaconda3/envs/airflow2.3.0/lib/python3.8/site-packages/airflow/example_dags/example_nested_branch_dag.py
[2022-07-24 19:14:34,268] {logging_mixin.py:115} INFO - [2022-07-24 19:14:34,268] {dag.py:2371} INFO - Sync 1 DAGs
[2022-07-24 19:14:34,282] {logging_mixin.py:115} INFO - [2022-07-24 19:14:34,282] {dag.py:2915} INFO - Setting next_dagrun for example_nested_branch_dag to 2022-07-23T00:00:00+00:00, run_after=2022-07-24T00:00:00+00:00
[2022-07-24 19:14:34,288] {processor.py:161} INFO - Processing /Users/jangheesu/opt/anaconda3/envs/airflow2.3.0/lib/python3.8/site-packages/airflow/example_dags/example_nested_branch_dag.py took 0.077 seconds
[2022-07-24 19:15:05,514] {processor.py:153} INFO - Started process (PID=77820) to work on /Users/jangheesu/opt/anaconda3/envs/airflow2.3.0/lib/python3.8/site-packages/airflow/example_dags/example_nested_branch_dag.py
[2022-07-24 19:15:05,515] {processor.py:641} INFO - Processing file /Users/jangheesu/opt/anaconda3/envs/airflow2.3.0/lib/python3.8/site-packages/airflow/example_dags/example_nested_branch_dag.py for tasks to queue
[2022-07-24 19:15:05,515] {logging_mixin.py:115} INFO - [2022-07-24 19:15:05,515] {dagbag.py:507} INFO - Filling up the DagBag from /Users/jangheesu/opt/anaconda3/envs/airflow2.3.0/lib/python3.8/site-packages/airflow/example_dags/example_nested_branch_dag.py
[2022-07-24 19:15:05,529] {processor.py:651} INFO - DAG(s) dict_keys(['example_nested_branch_dag']) retrieved from /Users/jangheesu/opt/anaconda3/envs/airflow2.3.0/lib/python3.8/site-packages/airflow/example_dags/example_nested_branch_dag.py
[2022-07-24 19:15:05,571] {logging_mixin.py:115} INFO - [2022-07-24 19:15:05,570] {dag.py:2371} INFO - Sync 1 DAGs
[2022-07-24 19:15:05,582] {logging_mixin.py:115} INFO - [2022-07-24 19:15:05,582] {dag.py:2915} INFO - Setting next_dagrun for example_nested_branch_dag to 2022-07-23T00:00:00+00:00, run_after=2022-07-24T00:00:00+00:00
[2022-07-24 19:15:05,587] {processor.py:161} INFO - Processing /Users/jangheesu/opt/anaconda3/envs/airflow2.3.0/lib/python3.8/site-packages/airflow/example_dags/example_nested_branch_dag.py took 0.074 seconds
[2022-07-24 19:15:36,325] {processor.py:153} INFO - Started process (PID=77926) to work on /Users/jangheesu/opt/anaconda3/envs/airflow2.3.0/lib/python3.8/site-packages/airflow/example_dags/example_nested_branch_dag.py
[2022-07-24 19:15:36,325] {processor.py:641} INFO - Processing file /Users/jangheesu/opt/anaconda3/envs/airflow2.3.0/lib/python3.8/site-packages/airflow/example_dags/example_nested_branch_dag.py for tasks to queue
[2022-07-24 19:15:36,325] {logging_mixin.py:115} INFO - [2022-07-24 19:15:36,325] {dagbag.py:507} INFO - Filling up the DagBag from /Users/jangheesu/opt/anaconda3/envs/airflow2.3.0/lib/python3.8/site-packages/airflow/example_dags/example_nested_branch_dag.py
[2022-07-24 19:15:36,339] {processor.py:651} INFO - DAG(s) dict_keys(['example_nested_branch_dag']) retrieved from /Users/jangheesu/opt/anaconda3/envs/airflow2.3.0/lib/python3.8/site-packages/airflow/example_dags/example_nested_branch_dag.py
[2022-07-24 19:15:36,378] {logging_mixin.py:115} INFO - [2022-07-24 19:15:36,378] {dag.py:2371} INFO - Sync 1 DAGs
[2022-07-24 19:15:36,392] {logging_mixin.py:115} INFO - [2022-07-24 19:15:36,392] {dag.py:2915} INFO - Setting next_dagrun for example_nested_branch_dag to 2022-07-23T00:00:00+00:00, run_after=2022-07-24T00:00:00+00:00
[2022-07-24 19:15:36,399] {processor.py:161} INFO - Processing /Users/jangheesu/opt/anaconda3/envs/airflow2.3.0/lib/python3.8/site-packages/airflow/example_dags/example_nested_branch_dag.py took 0.074 seconds
[2022-07-24 19:16:08,101] {processor.py:153} INFO - Started process (PID=78035) to work on /Users/jangheesu/opt/anaconda3/envs/airflow2.3.0/lib/python3.8/site-packages/airflow/example_dags/example_nested_branch_dag.py
[2022-07-24 19:16:08,102] {processor.py:641} INFO - Processing file /Users/jangheesu/opt/anaconda3/envs/airflow2.3.0/lib/python3.8/site-packages/airflow/example_dags/example_nested_branch_dag.py for tasks to queue
[2022-07-24 19:16:08,102] {logging_mixin.py:115} INFO - [2022-07-24 19:16:08,102] {dagbag.py:507} INFO - Filling up the DagBag from /Users/jangheesu/opt/anaconda3/envs/airflow2.3.0/lib/python3.8/site-packages/airflow/example_dags/example_nested_branch_dag.py
[2022-07-24 19:16:08,115] {processor.py:651} INFO - DAG(s) dict_keys(['example_nested_branch_dag']) retrieved from /Users/jangheesu/opt/anaconda3/envs/airflow2.3.0/lib/python3.8/site-packages/airflow/example_dags/example_nested_branch_dag.py
[2022-07-24 19:16:08,160] {logging_mixin.py:115} INFO - [2022-07-24 19:16:08,160] {dag.py:2371} INFO - Sync 1 DAGs
[2022-07-24 19:16:08,173] {logging_mixin.py:115} INFO - [2022-07-24 19:16:08,173] {dag.py:2915} INFO - Setting next_dagrun for example_nested_branch_dag to 2022-07-23T00:00:00+00:00, run_after=2022-07-24T00:00:00+00:00
[2022-07-24 19:16:08,180] {processor.py:161} INFO - Processing /Users/jangheesu/opt/anaconda3/envs/airflow2.3.0/lib/python3.8/site-packages/airflow/example_dags/example_nested_branch_dag.py took 0.079 seconds
[2022-07-24 19:16:39,746] {processor.py:153} INFO - Started process (PID=78144) to work on /Users/jangheesu/opt/anaconda3/envs/airflow2.3.0/lib/python3.8/site-packages/airflow/example_dags/example_nested_branch_dag.py
[2022-07-24 19:16:39,746] {processor.py:641} INFO - Processing file /Users/jangheesu/opt/anaconda3/envs/airflow2.3.0/lib/python3.8/site-packages/airflow/example_dags/example_nested_branch_dag.py for tasks to queue
[2022-07-24 19:16:39,746] {logging_mixin.py:115} INFO - [2022-07-24 19:16:39,746] {dagbag.py:507} INFO - Filling up the DagBag from /Users/jangheesu/opt/anaconda3/envs/airflow2.3.0/lib/python3.8/site-packages/airflow/example_dags/example_nested_branch_dag.py
[2022-07-24 19:16:39,761] {processor.py:651} INFO - DAG(s) dict_keys(['example_nested_branch_dag']) retrieved from /Users/jangheesu/opt/anaconda3/envs/airflow2.3.0/lib/python3.8/site-packages/airflow/example_dags/example_nested_branch_dag.py
[2022-07-24 19:16:39,808] {logging_mixin.py:115} INFO - [2022-07-24 19:16:39,808] {dag.py:2371} INFO - Sync 1 DAGs
[2022-07-24 19:16:39,823] {logging_mixin.py:115} INFO - [2022-07-24 19:16:39,823] {dag.py:2915} INFO - Setting next_dagrun for example_nested_branch_dag to 2022-07-23T00:00:00+00:00, run_after=2022-07-24T00:00:00+00:00
[2022-07-24 19:16:39,830] {processor.py:161} INFO - Processing /Users/jangheesu/opt/anaconda3/envs/airflow2.3.0/lib/python3.8/site-packages/airflow/example_dags/example_nested_branch_dag.py took 0.084 seconds
[2022-07-24 19:17:11,420] {processor.py:153} INFO - Started process (PID=78251) to work on /Users/jangheesu/opt/anaconda3/envs/airflow2.3.0/lib/python3.8/site-packages/airflow/example_dags/example_nested_branch_dag.py
[2022-07-24 19:17:11,420] {processor.py:641} INFO - Processing file /Users/jangheesu/opt/anaconda3/envs/airflow2.3.0/lib/python3.8/site-packages/airflow/example_dags/example_nested_branch_dag.py for tasks to queue
[2022-07-24 19:17:11,420] {logging_mixin.py:115} INFO - [2022-07-24 19:17:11,420] {dagbag.py:507} INFO - Filling up the DagBag from /Users/jangheesu/opt/anaconda3/envs/airflow2.3.0/lib/python3.8/site-packages/airflow/example_dags/example_nested_branch_dag.py
[2022-07-24 19:17:11,434] {processor.py:651} INFO - DAG(s) dict_keys(['example_nested_branch_dag']) retrieved from /Users/jangheesu/opt/anaconda3/envs/airflow2.3.0/lib/python3.8/site-packages/airflow/example_dags/example_nested_branch_dag.py
[2022-07-24 19:17:11,477] {logging_mixin.py:115} INFO - [2022-07-24 19:17:11,477] {dag.py:2371} INFO - Sync 1 DAGs
[2022-07-24 19:17:11,491] {logging_mixin.py:115} INFO - [2022-07-24 19:17:11,491] {dag.py:2915} INFO - Setting next_dagrun for example_nested_branch_dag to 2022-07-23T00:00:00+00:00, run_after=2022-07-24T00:00:00+00:00
[2022-07-24 19:17:11,498] {processor.py:161} INFO - Processing /Users/jangheesu/opt/anaconda3/envs/airflow2.3.0/lib/python3.8/site-packages/airflow/example_dags/example_nested_branch_dag.py took 0.079 seconds
[2022-07-24 19:17:44,773] {processor.py:153} INFO - Started process (PID=78626) to work on /Users/jangheesu/opt/anaconda3/envs/airflow2.3.0/lib/python3.8/site-packages/airflow/example_dags/example_nested_branch_dag.py
[2022-07-24 19:17:44,773] {processor.py:641} INFO - Processing file /Users/jangheesu/opt/anaconda3/envs/airflow2.3.0/lib/python3.8/site-packages/airflow/example_dags/example_nested_branch_dag.py for tasks to queue
[2022-07-24 19:17:44,773] {logging_mixin.py:115} INFO - [2022-07-24 19:17:44,773] {dagbag.py:507} INFO - Filling up the DagBag from /Users/jangheesu/opt/anaconda3/envs/airflow2.3.0/lib/python3.8/site-packages/airflow/example_dags/example_nested_branch_dag.py
[2022-07-24 19:17:44,804] {processor.py:651} INFO - DAG(s) dict_keys(['example_nested_branch_dag']) retrieved from /Users/jangheesu/opt/anaconda3/envs/airflow2.3.0/lib/python3.8/site-packages/airflow/example_dags/example_nested_branch_dag.py
[2022-07-24 19:17:44,869] {logging_mixin.py:115} INFO - [2022-07-24 19:17:44,868] {dag.py:2371} INFO - Sync 1 DAGs
[2022-07-24 19:17:44,901] {logging_mixin.py:115} INFO - [2022-07-24 19:17:44,901] {dag.py:2915} INFO - Setting next_dagrun for example_nested_branch_dag to 2022-07-23T00:00:00+00:00, run_after=2022-07-24T00:00:00+00:00
[2022-07-24 19:17:44,916] {processor.py:161} INFO - Processing /Users/jangheesu/opt/anaconda3/envs/airflow2.3.0/lib/python3.8/site-packages/airflow/example_dags/example_nested_branch_dag.py took 0.143 seconds
