[2022-07-24 19:12:37,924] {processor.py:153} INFO - Started process (PID=77267) to work on /Users/jangheesu/opt/anaconda3/envs/airflow2.3.0/lib/python3.8/site-packages/airflow/example_dags/example_bash_operator.py
[2022-07-24 19:12:37,924] {processor.py:641} INFO - Processing file /Users/jangheesu/opt/anaconda3/envs/airflow2.3.0/lib/python3.8/site-packages/airflow/example_dags/example_bash_operator.py for tasks to queue
[2022-07-24 19:12:37,924] {logging_mixin.py:115} INFO - [2022-07-24 19:12:37,924] {dagbag.py:507} INFO - Filling up the DagBag from /Users/jangheesu/opt/anaconda3/envs/airflow2.3.0/lib/python3.8/site-packages/airflow/example_dags/example_bash_operator.py
[2022-07-24 19:12:37,934] {processor.py:651} INFO - DAG(s) dict_keys(['example_bash_operator']) retrieved from /Users/jangheesu/opt/anaconda3/envs/airflow2.3.0/lib/python3.8/site-packages/airflow/example_dags/example_bash_operator.py
[2022-07-24 19:12:38,502] {logging_mixin.py:115} INFO - [2022-07-24 19:12:38,502] {manager.py:508} INFO - Created Permission View: can delete on DAG:example_bash_operator
[2022-07-24 19:12:38,506] {logging_mixin.py:115} INFO - [2022-07-24 19:12:38,506] {manager.py:508} INFO - Created Permission View: can edit on DAG:example_bash_operator
[2022-07-24 19:12:38,509] {logging_mixin.py:115} INFO - [2022-07-24 19:12:38,509] {manager.py:508} INFO - Created Permission View: can read on DAG:example_bash_operator
[2022-07-24 19:12:38,509] {logging_mixin.py:115} INFO - [2022-07-24 19:12:38,509] {dag.py:2371} INFO - Sync 1 DAGs
[2022-07-24 19:12:38,515] {logging_mixin.py:115} INFO - [2022-07-24 19:12:38,515] {dag.py:2390} INFO - Creating ORM DAG for example_bash_operator
[2022-07-24 19:12:38,522] {logging_mixin.py:115} INFO - [2022-07-24 19:12:38,522] {dag.py:2915} INFO - Setting next_dagrun for example_bash_operator to 2022-07-23T00:00:00+00:00, run_after=2022-07-24T00:00:00+00:00
[2022-07-24 19:12:38,529] {processor.py:161} INFO - Processing /Users/jangheesu/opt/anaconda3/envs/airflow2.3.0/lib/python3.8/site-packages/airflow/example_dags/example_bash_operator.py took 0.605 seconds
[2022-07-24 19:13:09,600] {processor.py:153} INFO - Started process (PID=77376) to work on /Users/jangheesu/opt/anaconda3/envs/airflow2.3.0/lib/python3.8/site-packages/airflow/example_dags/example_bash_operator.py
[2022-07-24 19:13:09,601] {processor.py:641} INFO - Processing file /Users/jangheesu/opt/anaconda3/envs/airflow2.3.0/lib/python3.8/site-packages/airflow/example_dags/example_bash_operator.py for tasks to queue
[2022-07-24 19:13:09,601] {logging_mixin.py:115} INFO - [2022-07-24 19:13:09,601] {dagbag.py:507} INFO - Filling up the DagBag from /Users/jangheesu/opt/anaconda3/envs/airflow2.3.0/lib/python3.8/site-packages/airflow/example_dags/example_bash_operator.py
[2022-07-24 19:13:09,609] {processor.py:651} INFO - DAG(s) dict_keys(['example_bash_operator']) retrieved from /Users/jangheesu/opt/anaconda3/envs/airflow2.3.0/lib/python3.8/site-packages/airflow/example_dags/example_bash_operator.py
[2022-07-24 19:13:09,649] {logging_mixin.py:115} INFO - [2022-07-24 19:13:09,649] {dag.py:2371} INFO - Sync 1 DAGs
[2022-07-24 19:13:09,661] {logging_mixin.py:115} INFO - [2022-07-24 19:13:09,661] {dag.py:2915} INFO - Setting next_dagrun for example_bash_operator to 2022-07-23T00:00:00+00:00, run_after=2022-07-24T00:00:00+00:00
[2022-07-24 19:13:09,669] {processor.py:161} INFO - Processing /Users/jangheesu/opt/anaconda3/envs/airflow2.3.0/lib/python3.8/site-packages/airflow/example_dags/example_bash_operator.py took 0.070 seconds
[2022-07-24 19:13:40,294] {processor.py:153} INFO - Started process (PID=77486) to work on /Users/jangheesu/opt/anaconda3/envs/airflow2.3.0/lib/python3.8/site-packages/airflow/example_dags/example_bash_operator.py
[2022-07-24 19:13:40,294] {processor.py:641} INFO - Processing file /Users/jangheesu/opt/anaconda3/envs/airflow2.3.0/lib/python3.8/site-packages/airflow/example_dags/example_bash_operator.py for tasks to queue
[2022-07-24 19:13:40,294] {logging_mixin.py:115} INFO - [2022-07-24 19:13:40,294] {dagbag.py:507} INFO - Filling up the DagBag from /Users/jangheesu/opt/anaconda3/envs/airflow2.3.0/lib/python3.8/site-packages/airflow/example_dags/example_bash_operator.py
[2022-07-24 19:13:40,302] {processor.py:651} INFO - DAG(s) dict_keys(['example_bash_operator']) retrieved from /Users/jangheesu/opt/anaconda3/envs/airflow2.3.0/lib/python3.8/site-packages/airflow/example_dags/example_bash_operator.py
[2022-07-24 19:13:40,342] {logging_mixin.py:115} INFO - [2022-07-24 19:13:40,342] {dag.py:2371} INFO - Sync 1 DAGs
[2022-07-24 19:13:40,356] {logging_mixin.py:115} INFO - [2022-07-24 19:13:40,356] {dag.py:2915} INFO - Setting next_dagrun for example_bash_operator to 2022-07-23T00:00:00+00:00, run_after=2022-07-24T00:00:00+00:00
[2022-07-24 19:13:40,363] {processor.py:161} INFO - Processing /Users/jangheesu/opt/anaconda3/envs/airflow2.3.0/lib/python3.8/site-packages/airflow/example_dags/example_bash_operator.py took 0.070 seconds
[2022-07-24 19:14:11,104] {processor.py:153} INFO - Started process (PID=77635) to work on /Users/jangheesu/opt/anaconda3/envs/airflow2.3.0/lib/python3.8/site-packages/airflow/example_dags/example_bash_operator.py
[2022-07-24 19:14:11,104] {processor.py:641} INFO - Processing file /Users/jangheesu/opt/anaconda3/envs/airflow2.3.0/lib/python3.8/site-packages/airflow/example_dags/example_bash_operator.py for tasks to queue
[2022-07-24 19:14:11,105] {logging_mixin.py:115} INFO - [2022-07-24 19:14:11,105] {dagbag.py:507} INFO - Filling up the DagBag from /Users/jangheesu/opt/anaconda3/envs/airflow2.3.0/lib/python3.8/site-packages/airflow/example_dags/example_bash_operator.py
[2022-07-24 19:14:11,113] {processor.py:651} INFO - DAG(s) dict_keys(['example_bash_operator']) retrieved from /Users/jangheesu/opt/anaconda3/envs/airflow2.3.0/lib/python3.8/site-packages/airflow/example_dags/example_bash_operator.py
[2022-07-24 19:14:11,156] {logging_mixin.py:115} INFO - [2022-07-24 19:14:11,156] {dag.py:2371} INFO - Sync 1 DAGs
[2022-07-24 19:14:11,171] {logging_mixin.py:115} INFO - [2022-07-24 19:14:11,171] {dag.py:2915} INFO - Setting next_dagrun for example_bash_operator to 2022-07-23T00:00:00+00:00, run_after=2022-07-24T00:00:00+00:00
[2022-07-24 19:14:11,178] {processor.py:161} INFO - Processing /Users/jangheesu/opt/anaconda3/envs/airflow2.3.0/lib/python3.8/site-packages/airflow/example_dags/example_bash_operator.py took 0.075 seconds
[2022-07-24 19:14:42,262] {processor.py:153} INFO - Started process (PID=77742) to work on /Users/jangheesu/opt/anaconda3/envs/airflow2.3.0/lib/python3.8/site-packages/airflow/example_dags/example_bash_operator.py
[2022-07-24 19:14:42,263] {processor.py:641} INFO - Processing file /Users/jangheesu/opt/anaconda3/envs/airflow2.3.0/lib/python3.8/site-packages/airflow/example_dags/example_bash_operator.py for tasks to queue
[2022-07-24 19:14:42,263] {logging_mixin.py:115} INFO - [2022-07-24 19:14:42,263] {dagbag.py:507} INFO - Filling up the DagBag from /Users/jangheesu/opt/anaconda3/envs/airflow2.3.0/lib/python3.8/site-packages/airflow/example_dags/example_bash_operator.py
[2022-07-24 19:14:42,280] {processor.py:651} INFO - DAG(s) dict_keys(['example_bash_operator']) retrieved from /Users/jangheesu/opt/anaconda3/envs/airflow2.3.0/lib/python3.8/site-packages/airflow/example_dags/example_bash_operator.py
[2022-07-24 19:14:42,327] {logging_mixin.py:115} INFO - [2022-07-24 19:14:42,327] {dag.py:2371} INFO - Sync 1 DAGs
[2022-07-24 19:14:42,339] {logging_mixin.py:115} INFO - [2022-07-24 19:14:42,339] {dag.py:2915} INFO - Setting next_dagrun for example_bash_operator to 2022-07-23T00:00:00+00:00, run_after=2022-07-24T00:00:00+00:00
[2022-07-24 19:14:42,346] {processor.py:161} INFO - Processing /Users/jangheesu/opt/anaconda3/envs/airflow2.3.0/lib/python3.8/site-packages/airflow/example_dags/example_bash_operator.py took 0.086 seconds
[2022-07-24 19:15:13,539] {processor.py:153} INFO - Started process (PID=77862) to work on /Users/jangheesu/opt/anaconda3/envs/airflow2.3.0/lib/python3.8/site-packages/airflow/example_dags/example_bash_operator.py
[2022-07-24 19:15:13,540] {processor.py:641} INFO - Processing file /Users/jangheesu/opt/anaconda3/envs/airflow2.3.0/lib/python3.8/site-packages/airflow/example_dags/example_bash_operator.py for tasks to queue
[2022-07-24 19:15:13,540] {logging_mixin.py:115} INFO - [2022-07-24 19:15:13,540] {dagbag.py:507} INFO - Filling up the DagBag from /Users/jangheesu/opt/anaconda3/envs/airflow2.3.0/lib/python3.8/site-packages/airflow/example_dags/example_bash_operator.py
[2022-07-24 19:15:13,549] {processor.py:651} INFO - DAG(s) dict_keys(['example_bash_operator']) retrieved from /Users/jangheesu/opt/anaconda3/envs/airflow2.3.0/lib/python3.8/site-packages/airflow/example_dags/example_bash_operator.py
[2022-07-24 19:15:13,589] {logging_mixin.py:115} INFO - [2022-07-24 19:15:13,589] {dag.py:2371} INFO - Sync 1 DAGs
[2022-07-24 19:15:13,602] {logging_mixin.py:115} INFO - [2022-07-24 19:15:13,602] {dag.py:2915} INFO - Setting next_dagrun for example_bash_operator to 2022-07-23T00:00:00+00:00, run_after=2022-07-24T00:00:00+00:00
[2022-07-24 19:15:13,609] {processor.py:161} INFO - Processing /Users/jangheesu/opt/anaconda3/envs/airflow2.3.0/lib/python3.8/site-packages/airflow/example_dags/example_bash_operator.py took 0.071 seconds
[2022-07-24 19:15:44,413] {processor.py:153} INFO - Started process (PID=77968) to work on /Users/jangheesu/opt/anaconda3/envs/airflow2.3.0/lib/python3.8/site-packages/airflow/example_dags/example_bash_operator.py
[2022-07-24 19:15:44,414] {processor.py:641} INFO - Processing file /Users/jangheesu/opt/anaconda3/envs/airflow2.3.0/lib/python3.8/site-packages/airflow/example_dags/example_bash_operator.py for tasks to queue
[2022-07-24 19:15:44,414] {logging_mixin.py:115} INFO - [2022-07-24 19:15:44,414] {dagbag.py:507} INFO - Filling up the DagBag from /Users/jangheesu/opt/anaconda3/envs/airflow2.3.0/lib/python3.8/site-packages/airflow/example_dags/example_bash_operator.py
[2022-07-24 19:15:44,422] {processor.py:651} INFO - DAG(s) dict_keys(['example_bash_operator']) retrieved from /Users/jangheesu/opt/anaconda3/envs/airflow2.3.0/lib/python3.8/site-packages/airflow/example_dags/example_bash_operator.py
[2022-07-24 19:15:44,463] {logging_mixin.py:115} INFO - [2022-07-24 19:15:44,463] {dag.py:2371} INFO - Sync 1 DAGs
[2022-07-24 19:15:44,475] {logging_mixin.py:115} INFO - [2022-07-24 19:15:44,475] {dag.py:2915} INFO - Setting next_dagrun for example_bash_operator to 2022-07-23T00:00:00+00:00, run_after=2022-07-24T00:00:00+00:00
[2022-07-24 19:15:44,482] {processor.py:161} INFO - Processing /Users/jangheesu/opt/anaconda3/envs/airflow2.3.0/lib/python3.8/site-packages/airflow/example_dags/example_bash_operator.py took 0.069 seconds
[2022-07-24 19:16:15,502] {processor.py:153} INFO - Started process (PID=78075) to work on /Users/jangheesu/opt/anaconda3/envs/airflow2.3.0/lib/python3.8/site-packages/airflow/example_dags/example_bash_operator.py
[2022-07-24 19:16:15,502] {processor.py:641} INFO - Processing file /Users/jangheesu/opt/anaconda3/envs/airflow2.3.0/lib/python3.8/site-packages/airflow/example_dags/example_bash_operator.py for tasks to queue
[2022-07-24 19:16:15,502] {logging_mixin.py:115} INFO - [2022-07-24 19:16:15,502] {dagbag.py:507} INFO - Filling up the DagBag from /Users/jangheesu/opt/anaconda3/envs/airflow2.3.0/lib/python3.8/site-packages/airflow/example_dags/example_bash_operator.py
[2022-07-24 19:16:15,510] {processor.py:651} INFO - DAG(s) dict_keys(['example_bash_operator']) retrieved from /Users/jangheesu/opt/anaconda3/envs/airflow2.3.0/lib/python3.8/site-packages/airflow/example_dags/example_bash_operator.py
[2022-07-24 19:16:15,551] {logging_mixin.py:115} INFO - [2022-07-24 19:16:15,551] {dag.py:2371} INFO - Sync 1 DAGs
[2022-07-24 19:16:15,565] {logging_mixin.py:115} INFO - [2022-07-24 19:16:15,565] {dag.py:2915} INFO - Setting next_dagrun for example_bash_operator to 2022-07-23T00:00:00+00:00, run_after=2022-07-24T00:00:00+00:00
[2022-07-24 19:16:15,573] {processor.py:161} INFO - Processing /Users/jangheesu/opt/anaconda3/envs/airflow2.3.0/lib/python3.8/site-packages/airflow/example_dags/example_bash_operator.py took 0.072 seconds
[2022-07-24 19:16:46,315] {processor.py:153} INFO - Started process (PID=78186) to work on /Users/jangheesu/opt/anaconda3/envs/airflow2.3.0/lib/python3.8/site-packages/airflow/example_dags/example_bash_operator.py
[2022-07-24 19:16:46,315] {processor.py:641} INFO - Processing file /Users/jangheesu/opt/anaconda3/envs/airflow2.3.0/lib/python3.8/site-packages/airflow/example_dags/example_bash_operator.py for tasks to queue
[2022-07-24 19:16:46,315] {logging_mixin.py:115} INFO - [2022-07-24 19:16:46,315] {dagbag.py:507} INFO - Filling up the DagBag from /Users/jangheesu/opt/anaconda3/envs/airflow2.3.0/lib/python3.8/site-packages/airflow/example_dags/example_bash_operator.py
[2022-07-24 19:16:46,324] {processor.py:651} INFO - DAG(s) dict_keys(['example_bash_operator']) retrieved from /Users/jangheesu/opt/anaconda3/envs/airflow2.3.0/lib/python3.8/site-packages/airflow/example_dags/example_bash_operator.py
[2022-07-24 19:16:46,364] {logging_mixin.py:115} INFO - [2022-07-24 19:16:46,363] {dag.py:2371} INFO - Sync 1 DAGs
[2022-07-24 19:16:46,376] {logging_mixin.py:115} INFO - [2022-07-24 19:16:46,376] {dag.py:2915} INFO - Setting next_dagrun for example_bash_operator to 2022-07-23T00:00:00+00:00, run_after=2022-07-24T00:00:00+00:00
[2022-07-24 19:16:46,384] {processor.py:161} INFO - Processing /Users/jangheesu/opt/anaconda3/envs/airflow2.3.0/lib/python3.8/site-packages/airflow/example_dags/example_bash_operator.py took 0.069 seconds
[2022-07-24 19:17:17,924] {processor.py:153} INFO - Started process (PID=78393) to work on /Users/jangheesu/opt/anaconda3/envs/airflow2.3.0/lib/python3.8/site-packages/airflow/example_dags/example_bash_operator.py
[2022-07-24 19:17:17,924] {processor.py:641} INFO - Processing file /Users/jangheesu/opt/anaconda3/envs/airflow2.3.0/lib/python3.8/site-packages/airflow/example_dags/example_bash_operator.py for tasks to queue
[2022-07-24 19:17:17,924] {logging_mixin.py:115} INFO - [2022-07-24 19:17:17,924] {dagbag.py:507} INFO - Filling up the DagBag from /Users/jangheesu/opt/anaconda3/envs/airflow2.3.0/lib/python3.8/site-packages/airflow/example_dags/example_bash_operator.py
[2022-07-24 19:17:17,940] {processor.py:651} INFO - DAG(s) dict_keys(['example_bash_operator']) retrieved from /Users/jangheesu/opt/anaconda3/envs/airflow2.3.0/lib/python3.8/site-packages/airflow/example_dags/example_bash_operator.py
[2022-07-24 19:17:18,015] {logging_mixin.py:115} INFO - [2022-07-24 19:17:18,015] {dag.py:2371} INFO - Sync 1 DAGs
[2022-07-24 19:17:18,041] {logging_mixin.py:115} INFO - [2022-07-24 19:17:18,041] {dag.py:2915} INFO - Setting next_dagrun for example_bash_operator to 2022-07-23T00:00:00+00:00, run_after=2022-07-24T00:00:00+00:00
[2022-07-24 19:17:18,059] {processor.py:161} INFO - Processing /Users/jangheesu/opt/anaconda3/envs/airflow2.3.0/lib/python3.8/site-packages/airflow/example_dags/example_bash_operator.py took 0.136 seconds
[2022-07-24 19:17:50,981] {processor.py:153} INFO - Started process (PID=78780) to work on /Users/jangheesu/opt/anaconda3/envs/airflow2.3.0/lib/python3.8/site-packages/airflow/example_dags/example_bash_operator.py
[2022-07-24 19:17:50,981] {processor.py:641} INFO - Processing file /Users/jangheesu/opt/anaconda3/envs/airflow2.3.0/lib/python3.8/site-packages/airflow/example_dags/example_bash_operator.py for tasks to queue
[2022-07-24 19:17:50,981] {logging_mixin.py:115} INFO - [2022-07-24 19:17:50,981] {dagbag.py:507} INFO - Filling up the DagBag from /Users/jangheesu/opt/anaconda3/envs/airflow2.3.0/lib/python3.8/site-packages/airflow/example_dags/example_bash_operator.py
[2022-07-24 19:17:50,993] {processor.py:651} INFO - DAG(s) dict_keys(['example_bash_operator']) retrieved from /Users/jangheesu/opt/anaconda3/envs/airflow2.3.0/lib/python3.8/site-packages/airflow/example_dags/example_bash_operator.py
[2022-07-24 19:17:51,044] {logging_mixin.py:115} INFO - [2022-07-24 19:17:51,043] {dag.py:2371} INFO - Sync 1 DAGs
[2022-07-24 19:17:51,066] {logging_mixin.py:115} INFO - [2022-07-24 19:17:51,066] {dag.py:2915} INFO - Setting next_dagrun for example_bash_operator to 2022-07-23T00:00:00+00:00, run_after=2022-07-24T00:00:00+00:00
[2022-07-24 19:17:51,081] {processor.py:161} INFO - Processing /Users/jangheesu/opt/anaconda3/envs/airflow2.3.0/lib/python3.8/site-packages/airflow/example_dags/example_bash_operator.py took 0.100 seconds
