[2022-07-24 19:12:37,483] {processor.py:153} INFO - Started process (PID=77264) to work on /Users/jangheesu/opt/anaconda3/envs/airflow2.3.0/lib/python3.8/site-packages/airflow/example_dags/example_branch_datetime_operator.py
[2022-07-24 19:12:37,483] {processor.py:641} INFO - Processing file /Users/jangheesu/opt/anaconda3/envs/airflow2.3.0/lib/python3.8/site-packages/airflow/example_dags/example_branch_datetime_operator.py for tasks to queue
[2022-07-24 19:12:37,483] {logging_mixin.py:115} INFO - [2022-07-24 19:12:37,483] {dagbag.py:507} INFO - Filling up the DagBag from /Users/jangheesu/opt/anaconda3/envs/airflow2.3.0/lib/python3.8/site-packages/airflow/example_dags/example_branch_datetime_operator.py
[2022-07-24 19:12:37,493] {processor.py:651} INFO - DAG(s) dict_keys(['example_branch_datetime_operator_2']) retrieved from /Users/jangheesu/opt/anaconda3/envs/airflow2.3.0/lib/python3.8/site-packages/airflow/example_dags/example_branch_datetime_operator.py
[2022-07-24 19:12:38,040] {logging_mixin.py:115} INFO - [2022-07-24 19:12:38,040] {manager.py:508} INFO - Created Permission View: can read on DAG:example_branch_datetime_operator_2
[2022-07-24 19:12:38,045] {logging_mixin.py:115} INFO - [2022-07-24 19:12:38,045] {manager.py:508} INFO - Created Permission View: can edit on DAG:example_branch_datetime_operator_2
[2022-07-24 19:12:38,048] {logging_mixin.py:115} INFO - [2022-07-24 19:12:38,048] {manager.py:508} INFO - Created Permission View: can delete on DAG:example_branch_datetime_operator_2
[2022-07-24 19:12:38,048] {logging_mixin.py:115} INFO - [2022-07-24 19:12:38,048] {dag.py:2371} INFO - Sync 1 DAGs
[2022-07-24 19:12:38,053] {logging_mixin.py:115} INFO - [2022-07-24 19:12:38,053] {dag.py:2390} INFO - Creating ORM DAG for example_branch_datetime_operator_2
[2022-07-24 19:12:38,060] {logging_mixin.py:115} INFO - [2022-07-24 19:12:38,060] {dag.py:2915} INFO - Setting next_dagrun for example_branch_datetime_operator_2 to 2022-07-23T00:00:00+00:00, run_after=2022-07-24T00:00:00+00:00
[2022-07-24 19:12:38,066] {processor.py:161} INFO - Processing /Users/jangheesu/opt/anaconda3/envs/airflow2.3.0/lib/python3.8/site-packages/airflow/example_dags/example_branch_datetime_operator.py took 0.583 seconds
[2022-07-24 19:13:09,154] {processor.py:153} INFO - Started process (PID=77374) to work on /Users/jangheesu/opt/anaconda3/envs/airflow2.3.0/lib/python3.8/site-packages/airflow/example_dags/example_branch_datetime_operator.py
[2022-07-24 19:13:09,155] {processor.py:641} INFO - Processing file /Users/jangheesu/opt/anaconda3/envs/airflow2.3.0/lib/python3.8/site-packages/airflow/example_dags/example_branch_datetime_operator.py for tasks to queue
[2022-07-24 19:13:09,155] {logging_mixin.py:115} INFO - [2022-07-24 19:13:09,155] {dagbag.py:507} INFO - Filling up the DagBag from /Users/jangheesu/opt/anaconda3/envs/airflow2.3.0/lib/python3.8/site-packages/airflow/example_dags/example_branch_datetime_operator.py
[2022-07-24 19:13:09,162] {processor.py:651} INFO - DAG(s) dict_keys(['example_branch_datetime_operator_2']) retrieved from /Users/jangheesu/opt/anaconda3/envs/airflow2.3.0/lib/python3.8/site-packages/airflow/example_dags/example_branch_datetime_operator.py
[2022-07-24 19:13:09,206] {logging_mixin.py:115} INFO - [2022-07-24 19:13:09,206] {dag.py:2371} INFO - Sync 1 DAGs
[2022-07-24 19:13:09,219] {logging_mixin.py:115} INFO - [2022-07-24 19:13:09,218] {dag.py:2915} INFO - Setting next_dagrun for example_branch_datetime_operator_2 to 2022-07-23T00:00:00+00:00, run_after=2022-07-24T00:00:00+00:00
[2022-07-24 19:13:09,225] {processor.py:161} INFO - Processing /Users/jangheesu/opt/anaconda3/envs/airflow2.3.0/lib/python3.8/site-packages/airflow/example_dags/example_branch_datetime_operator.py took 0.072 seconds
[2022-07-24 19:13:40,293] {processor.py:153} INFO - Started process (PID=77485) to work on /Users/jangheesu/opt/anaconda3/envs/airflow2.3.0/lib/python3.8/site-packages/airflow/example_dags/example_branch_datetime_operator.py
[2022-07-24 19:13:40,293] {processor.py:641} INFO - Processing file /Users/jangheesu/opt/anaconda3/envs/airflow2.3.0/lib/python3.8/site-packages/airflow/example_dags/example_branch_datetime_operator.py for tasks to queue
[2022-07-24 19:13:40,294] {logging_mixin.py:115} INFO - [2022-07-24 19:13:40,294] {dagbag.py:507} INFO - Filling up the DagBag from /Users/jangheesu/opt/anaconda3/envs/airflow2.3.0/lib/python3.8/site-packages/airflow/example_dags/example_branch_datetime_operator.py
[2022-07-24 19:13:40,301] {processor.py:651} INFO - DAG(s) dict_keys(['example_branch_datetime_operator_2']) retrieved from /Users/jangheesu/opt/anaconda3/envs/airflow2.3.0/lib/python3.8/site-packages/airflow/example_dags/example_branch_datetime_operator.py
[2022-07-24 19:13:40,342] {logging_mixin.py:115} INFO - [2022-07-24 19:13:40,342] {dag.py:2371} INFO - Sync 1 DAGs
[2022-07-24 19:13:40,356] {logging_mixin.py:115} INFO - [2022-07-24 19:13:40,356] {dag.py:2915} INFO - Setting next_dagrun for example_branch_datetime_operator_2 to 2022-07-23T00:00:00+00:00, run_after=2022-07-24T00:00:00+00:00
[2022-07-24 19:13:40,363] {processor.py:161} INFO - Processing /Users/jangheesu/opt/anaconda3/envs/airflow2.3.0/lib/python3.8/site-packages/airflow/example_dags/example_branch_datetime_operator.py took 0.070 seconds
[2022-07-24 19:14:11,104] {processor.py:153} INFO - Started process (PID=77634) to work on /Users/jangheesu/opt/anaconda3/envs/airflow2.3.0/lib/python3.8/site-packages/airflow/example_dags/example_branch_datetime_operator.py
[2022-07-24 19:14:11,104] {processor.py:641} INFO - Processing file /Users/jangheesu/opt/anaconda3/envs/airflow2.3.0/lib/python3.8/site-packages/airflow/example_dags/example_branch_datetime_operator.py for tasks to queue
[2022-07-24 19:14:11,105] {logging_mixin.py:115} INFO - [2022-07-24 19:14:11,105] {dagbag.py:507} INFO - Filling up the DagBag from /Users/jangheesu/opt/anaconda3/envs/airflow2.3.0/lib/python3.8/site-packages/airflow/example_dags/example_branch_datetime_operator.py
[2022-07-24 19:14:11,112] {processor.py:651} INFO - DAG(s) dict_keys(['example_branch_datetime_operator_2']) retrieved from /Users/jangheesu/opt/anaconda3/envs/airflow2.3.0/lib/python3.8/site-packages/airflow/example_dags/example_branch_datetime_operator.py
[2022-07-24 19:14:11,156] {logging_mixin.py:115} INFO - [2022-07-24 19:14:11,156] {dag.py:2371} INFO - Sync 1 DAGs
[2022-07-24 19:14:11,171] {logging_mixin.py:115} INFO - [2022-07-24 19:14:11,171] {dag.py:2915} INFO - Setting next_dagrun for example_branch_datetime_operator_2 to 2022-07-23T00:00:00+00:00, run_after=2022-07-24T00:00:00+00:00
[2022-07-24 19:14:11,178] {processor.py:161} INFO - Processing /Users/jangheesu/opt/anaconda3/envs/airflow2.3.0/lib/python3.8/site-packages/airflow/example_dags/example_branch_datetime_operator.py took 0.075 seconds
[2022-07-24 19:14:42,261] {processor.py:153} INFO - Started process (PID=77741) to work on /Users/jangheesu/opt/anaconda3/envs/airflow2.3.0/lib/python3.8/site-packages/airflow/example_dags/example_branch_datetime_operator.py
[2022-07-24 19:14:42,261] {processor.py:641} INFO - Processing file /Users/jangheesu/opt/anaconda3/envs/airflow2.3.0/lib/python3.8/site-packages/airflow/example_dags/example_branch_datetime_operator.py for tasks to queue
[2022-07-24 19:14:42,262] {logging_mixin.py:115} INFO - [2022-07-24 19:14:42,262] {dagbag.py:507} INFO - Filling up the DagBag from /Users/jangheesu/opt/anaconda3/envs/airflow2.3.0/lib/python3.8/site-packages/airflow/example_dags/example_branch_datetime_operator.py
[2022-07-24 19:14:42,281] {processor.py:651} INFO - DAG(s) dict_keys(['example_branch_datetime_operator_2']) retrieved from /Users/jangheesu/opt/anaconda3/envs/airflow2.3.0/lib/python3.8/site-packages/airflow/example_dags/example_branch_datetime_operator.py
[2022-07-24 19:14:42,326] {logging_mixin.py:115} INFO - [2022-07-24 19:14:42,326] {dag.py:2371} INFO - Sync 1 DAGs
[2022-07-24 19:14:42,339] {logging_mixin.py:115} INFO - [2022-07-24 19:14:42,339] {dag.py:2915} INFO - Setting next_dagrun for example_branch_datetime_operator_2 to 2022-07-23T00:00:00+00:00, run_after=2022-07-24T00:00:00+00:00
[2022-07-24 19:14:42,346] {processor.py:161} INFO - Processing /Users/jangheesu/opt/anaconda3/envs/airflow2.3.0/lib/python3.8/site-packages/airflow/example_dags/example_branch_datetime_operator.py took 0.085 seconds
[2022-07-24 19:15:13,539] {processor.py:153} INFO - Started process (PID=77861) to work on /Users/jangheesu/opt/anaconda3/envs/airflow2.3.0/lib/python3.8/site-packages/airflow/example_dags/example_branch_datetime_operator.py
[2022-07-24 19:15:13,540] {processor.py:641} INFO - Processing file /Users/jangheesu/opt/anaconda3/envs/airflow2.3.0/lib/python3.8/site-packages/airflow/example_dags/example_branch_datetime_operator.py for tasks to queue
[2022-07-24 19:15:13,540] {logging_mixin.py:115} INFO - [2022-07-24 19:15:13,540] {dagbag.py:507} INFO - Filling up the DagBag from /Users/jangheesu/opt/anaconda3/envs/airflow2.3.0/lib/python3.8/site-packages/airflow/example_dags/example_branch_datetime_operator.py
[2022-07-24 19:15:13,548] {processor.py:651} INFO - DAG(s) dict_keys(['example_branch_datetime_operator_2']) retrieved from /Users/jangheesu/opt/anaconda3/envs/airflow2.3.0/lib/python3.8/site-packages/airflow/example_dags/example_branch_datetime_operator.py
[2022-07-24 19:15:13,588] {logging_mixin.py:115} INFO - [2022-07-24 19:15:13,588] {dag.py:2371} INFO - Sync 1 DAGs
[2022-07-24 19:15:13,602] {logging_mixin.py:115} INFO - [2022-07-24 19:15:13,602] {dag.py:2915} INFO - Setting next_dagrun for example_branch_datetime_operator_2 to 2022-07-23T00:00:00+00:00, run_after=2022-07-24T00:00:00+00:00
[2022-07-24 19:15:13,609] {processor.py:161} INFO - Processing /Users/jangheesu/opt/anaconda3/envs/airflow2.3.0/lib/python3.8/site-packages/airflow/example_dags/example_branch_datetime_operator.py took 0.071 seconds
[2022-07-24 19:15:44,413] {processor.py:153} INFO - Started process (PID=77967) to work on /Users/jangheesu/opt/anaconda3/envs/airflow2.3.0/lib/python3.8/site-packages/airflow/example_dags/example_branch_datetime_operator.py
[2022-07-24 19:15:44,414] {processor.py:641} INFO - Processing file /Users/jangheesu/opt/anaconda3/envs/airflow2.3.0/lib/python3.8/site-packages/airflow/example_dags/example_branch_datetime_operator.py for tasks to queue
[2022-07-24 19:15:44,414] {logging_mixin.py:115} INFO - [2022-07-24 19:15:44,414] {dagbag.py:507} INFO - Filling up the DagBag from /Users/jangheesu/opt/anaconda3/envs/airflow2.3.0/lib/python3.8/site-packages/airflow/example_dags/example_branch_datetime_operator.py
[2022-07-24 19:15:44,421] {processor.py:651} INFO - DAG(s) dict_keys(['example_branch_datetime_operator_2']) retrieved from /Users/jangheesu/opt/anaconda3/envs/airflow2.3.0/lib/python3.8/site-packages/airflow/example_dags/example_branch_datetime_operator.py
[2022-07-24 19:15:44,462] {logging_mixin.py:115} INFO - [2022-07-24 19:15:44,462] {dag.py:2371} INFO - Sync 1 DAGs
[2022-07-24 19:15:44,475] {logging_mixin.py:115} INFO - [2022-07-24 19:15:44,475] {dag.py:2915} INFO - Setting next_dagrun for example_branch_datetime_operator_2 to 2022-07-23T00:00:00+00:00, run_after=2022-07-24T00:00:00+00:00
[2022-07-24 19:15:44,482] {processor.py:161} INFO - Processing /Users/jangheesu/opt/anaconda3/envs/airflow2.3.0/lib/python3.8/site-packages/airflow/example_dags/example_branch_datetime_operator.py took 0.069 seconds
[2022-07-24 19:16:15,502] {processor.py:153} INFO - Started process (PID=78074) to work on /Users/jangheesu/opt/anaconda3/envs/airflow2.3.0/lib/python3.8/site-packages/airflow/example_dags/example_branch_datetime_operator.py
[2022-07-24 19:16:15,502] {processor.py:641} INFO - Processing file /Users/jangheesu/opt/anaconda3/envs/airflow2.3.0/lib/python3.8/site-packages/airflow/example_dags/example_branch_datetime_operator.py for tasks to queue
[2022-07-24 19:16:15,502] {logging_mixin.py:115} INFO - [2022-07-24 19:16:15,502] {dagbag.py:507} INFO - Filling up the DagBag from /Users/jangheesu/opt/anaconda3/envs/airflow2.3.0/lib/python3.8/site-packages/airflow/example_dags/example_branch_datetime_operator.py
[2022-07-24 19:16:15,509] {processor.py:651} INFO - DAG(s) dict_keys(['example_branch_datetime_operator_2']) retrieved from /Users/jangheesu/opt/anaconda3/envs/airflow2.3.0/lib/python3.8/site-packages/airflow/example_dags/example_branch_datetime_operator.py
[2022-07-24 19:16:15,551] {logging_mixin.py:115} INFO - [2022-07-24 19:16:15,551] {dag.py:2371} INFO - Sync 1 DAGs
[2022-07-24 19:16:15,565] {logging_mixin.py:115} INFO - [2022-07-24 19:16:15,565] {dag.py:2915} INFO - Setting next_dagrun for example_branch_datetime_operator_2 to 2022-07-23T00:00:00+00:00, run_after=2022-07-24T00:00:00+00:00
[2022-07-24 19:16:15,573] {processor.py:161} INFO - Processing /Users/jangheesu/opt/anaconda3/envs/airflow2.3.0/lib/python3.8/site-packages/airflow/example_dags/example_branch_datetime_operator.py took 0.072 seconds
[2022-07-24 19:16:46,315] {processor.py:153} INFO - Started process (PID=78185) to work on /Users/jangheesu/opt/anaconda3/envs/airflow2.3.0/lib/python3.8/site-packages/airflow/example_dags/example_branch_datetime_operator.py
[2022-07-24 19:16:46,315] {processor.py:641} INFO - Processing file /Users/jangheesu/opt/anaconda3/envs/airflow2.3.0/lib/python3.8/site-packages/airflow/example_dags/example_branch_datetime_operator.py for tasks to queue
[2022-07-24 19:16:46,315] {logging_mixin.py:115} INFO - [2022-07-24 19:16:46,315] {dagbag.py:507} INFO - Filling up the DagBag from /Users/jangheesu/opt/anaconda3/envs/airflow2.3.0/lib/python3.8/site-packages/airflow/example_dags/example_branch_datetime_operator.py
[2022-07-24 19:16:46,323] {processor.py:651} INFO - DAG(s) dict_keys(['example_branch_datetime_operator_2']) retrieved from /Users/jangheesu/opt/anaconda3/envs/airflow2.3.0/lib/python3.8/site-packages/airflow/example_dags/example_branch_datetime_operator.py
[2022-07-24 19:16:46,363] {logging_mixin.py:115} INFO - [2022-07-24 19:16:46,363] {dag.py:2371} INFO - Sync 1 DAGs
[2022-07-24 19:16:46,376] {logging_mixin.py:115} INFO - [2022-07-24 19:16:46,376] {dag.py:2915} INFO - Setting next_dagrun for example_branch_datetime_operator_2 to 2022-07-23T00:00:00+00:00, run_after=2022-07-24T00:00:00+00:00
[2022-07-24 19:16:46,384] {processor.py:161} INFO - Processing /Users/jangheesu/opt/anaconda3/envs/airflow2.3.0/lib/python3.8/site-packages/airflow/example_dags/example_branch_datetime_operator.py took 0.069 seconds
[2022-07-24 19:17:17,469] {processor.py:153} INFO - Started process (PID=78348) to work on /Users/jangheesu/opt/anaconda3/envs/airflow2.3.0/lib/python3.8/site-packages/airflow/example_dags/example_branch_datetime_operator.py
[2022-07-24 19:17:17,469] {processor.py:641} INFO - Processing file /Users/jangheesu/opt/anaconda3/envs/airflow2.3.0/lib/python3.8/site-packages/airflow/example_dags/example_branch_datetime_operator.py for tasks to queue
[2022-07-24 19:17:17,469] {logging_mixin.py:115} INFO - [2022-07-24 19:17:17,469] {dagbag.py:507} INFO - Filling up the DagBag from /Users/jangheesu/opt/anaconda3/envs/airflow2.3.0/lib/python3.8/site-packages/airflow/example_dags/example_branch_datetime_operator.py
[2022-07-24 19:17:17,481] {processor.py:651} INFO - DAG(s) dict_keys(['example_branch_datetime_operator_2']) retrieved from /Users/jangheesu/opt/anaconda3/envs/airflow2.3.0/lib/python3.8/site-packages/airflow/example_dags/example_branch_datetime_operator.py
[2022-07-24 19:17:17,540] {logging_mixin.py:115} INFO - [2022-07-24 19:17:17,540] {dag.py:2371} INFO - Sync 1 DAGs
[2022-07-24 19:17:17,561] {logging_mixin.py:115} INFO - [2022-07-24 19:17:17,560] {dag.py:2915} INFO - Setting next_dagrun for example_branch_datetime_operator_2 to 2022-07-23T00:00:00+00:00, run_after=2022-07-24T00:00:00+00:00
[2022-07-24 19:17:17,573] {processor.py:161} INFO - Processing /Users/jangheesu/opt/anaconda3/envs/airflow2.3.0/lib/python3.8/site-packages/airflow/example_dags/example_branch_datetime_operator.py took 0.104 seconds
[2022-07-24 19:17:50,194] {processor.py:153} INFO - Started process (PID=78760) to work on /Users/jangheesu/opt/anaconda3/envs/airflow2.3.0/lib/python3.8/site-packages/airflow/example_dags/example_branch_datetime_operator.py
[2022-07-24 19:17:50,194] {processor.py:641} INFO - Processing file /Users/jangheesu/opt/anaconda3/envs/airflow2.3.0/lib/python3.8/site-packages/airflow/example_dags/example_branch_datetime_operator.py for tasks to queue
[2022-07-24 19:17:50,194] {logging_mixin.py:115} INFO - [2022-07-24 19:17:50,194] {dagbag.py:507} INFO - Filling up the DagBag from /Users/jangheesu/opt/anaconda3/envs/airflow2.3.0/lib/python3.8/site-packages/airflow/example_dags/example_branch_datetime_operator.py
[2022-07-24 19:17:50,206] {processor.py:651} INFO - DAG(s) dict_keys(['example_branch_datetime_operator_2']) retrieved from /Users/jangheesu/opt/anaconda3/envs/airflow2.3.0/lib/python3.8/site-packages/airflow/example_dags/example_branch_datetime_operator.py
[2022-07-24 19:17:50,258] {logging_mixin.py:115} INFO - [2022-07-24 19:17:50,258] {dag.py:2371} INFO - Sync 1 DAGs
[2022-07-24 19:17:50,273] {logging_mixin.py:115} INFO - [2022-07-24 19:17:50,272] {dag.py:2915} INFO - Setting next_dagrun for example_branch_datetime_operator_2 to 2022-07-23T00:00:00+00:00, run_after=2022-07-24T00:00:00+00:00
[2022-07-24 19:17:50,283] {processor.py:161} INFO - Processing /Users/jangheesu/opt/anaconda3/envs/airflow2.3.0/lib/python3.8/site-packages/airflow/example_dags/example_branch_datetime_operator.py took 0.090 seconds
