[2022-07-24 19:12:31,268] {processor.py:153} INFO - Started process (PID=77230) to work on /Users/jangheesu/opt/anaconda3/envs/airflow2.3.0/lib/python3.8/site-packages/airflow/example_dags/example_latest_only_with_trigger.py
[2022-07-24 19:12:31,268] {processor.py:641} INFO - Processing file /Users/jangheesu/opt/anaconda3/envs/airflow2.3.0/lib/python3.8/site-packages/airflow/example_dags/example_latest_only_with_trigger.py for tasks to queue
[2022-07-24 19:12:31,269] {logging_mixin.py:115} INFO - [2022-07-24 19:12:31,269] {dagbag.py:507} INFO - Filling up the DagBag from /Users/jangheesu/opt/anaconda3/envs/airflow2.3.0/lib/python3.8/site-packages/airflow/example_dags/example_latest_only_with_trigger.py
[2022-07-24 19:12:31,277] {processor.py:651} INFO - DAG(s) dict_keys(['latest_only_with_trigger']) retrieved from /Users/jangheesu/opt/anaconda3/envs/airflow2.3.0/lib/python3.8/site-packages/airflow/example_dags/example_latest_only_with_trigger.py
[2022-07-24 19:12:31,960] {logging_mixin.py:115} INFO - [2022-07-24 19:12:31,960] {manager.py:508} INFO - Created Permission View: can delete on DAG:latest_only_with_trigger
[2022-07-24 19:12:31,965] {logging_mixin.py:115} INFO - [2022-07-24 19:12:31,965] {manager.py:508} INFO - Created Permission View: can edit on DAG:latest_only_with_trigger
[2022-07-24 19:12:31,969] {logging_mixin.py:115} INFO - [2022-07-24 19:12:31,969] {manager.py:508} INFO - Created Permission View: can read on DAG:latest_only_with_trigger
[2022-07-24 19:12:31,969] {logging_mixin.py:115} INFO - [2022-07-24 19:12:31,969] {dag.py:2371} INFO - Sync 1 DAGs
[2022-07-24 19:12:31,974] {logging_mixin.py:115} INFO - [2022-07-24 19:12:31,974] {dag.py:2390} INFO - Creating ORM DAG for latest_only_with_trigger
[2022-07-24 19:12:31,981] {logging_mixin.py:115} INFO - [2022-07-24 19:12:31,981] {dag.py:2915} INFO - Setting next_dagrun for latest_only_with_trigger to 2022-07-24T06:12:31.980901+00:00, run_after=2022-07-24T10:12:31.980901+00:00
[2022-07-24 19:12:31,989] {processor.py:161} INFO - Processing /Users/jangheesu/opt/anaconda3/envs/airflow2.3.0/lib/python3.8/site-packages/airflow/example_dags/example_latest_only_with_trigger.py took 0.721 seconds
[2022-07-24 19:13:03,269] {processor.py:153} INFO - Started process (PID=77341) to work on /Users/jangheesu/opt/anaconda3/envs/airflow2.3.0/lib/python3.8/site-packages/airflow/example_dags/example_latest_only_with_trigger.py
[2022-07-24 19:13:03,270] {processor.py:641} INFO - Processing file /Users/jangheesu/opt/anaconda3/envs/airflow2.3.0/lib/python3.8/site-packages/airflow/example_dags/example_latest_only_with_trigger.py for tasks to queue
[2022-07-24 19:13:03,272] {logging_mixin.py:115} INFO - [2022-07-24 19:13:03,272] {dagbag.py:507} INFO - Filling up the DagBag from /Users/jangheesu/opt/anaconda3/envs/airflow2.3.0/lib/python3.8/site-packages/airflow/example_dags/example_latest_only_with_trigger.py
[2022-07-24 19:13:03,279] {processor.py:651} INFO - DAG(s) dict_keys(['latest_only_with_trigger']) retrieved from /Users/jangheesu/opt/anaconda3/envs/airflow2.3.0/lib/python3.8/site-packages/airflow/example_dags/example_latest_only_with_trigger.py
[2022-07-24 19:13:03,321] {logging_mixin.py:115} INFO - [2022-07-24 19:13:03,321] {dag.py:2371} INFO - Sync 1 DAGs
[2022-07-24 19:13:03,334] {logging_mixin.py:115} INFO - [2022-07-24 19:13:03,334] {dag.py:2915} INFO - Setting next_dagrun for latest_only_with_trigger to 2022-07-24T06:13:03.334233+00:00, run_after=2022-07-24T10:13:03.334233+00:00
[2022-07-24 19:13:03,342] {processor.py:161} INFO - Processing /Users/jangheesu/opt/anaconda3/envs/airflow2.3.0/lib/python3.8/site-packages/airflow/example_dags/example_latest_only_with_trigger.py took 0.073 seconds
[2022-07-24 19:13:33,928] {processor.py:153} INFO - Started process (PID=77449) to work on /Users/jangheesu/opt/anaconda3/envs/airflow2.3.0/lib/python3.8/site-packages/airflow/example_dags/example_latest_only_with_trigger.py
[2022-07-24 19:13:33,928] {processor.py:641} INFO - Processing file /Users/jangheesu/opt/anaconda3/envs/airflow2.3.0/lib/python3.8/site-packages/airflow/example_dags/example_latest_only_with_trigger.py for tasks to queue
[2022-07-24 19:13:33,929] {logging_mixin.py:115} INFO - [2022-07-24 19:13:33,929] {dagbag.py:507} INFO - Filling up the DagBag from /Users/jangheesu/opt/anaconda3/envs/airflow2.3.0/lib/python3.8/site-packages/airflow/example_dags/example_latest_only_with_trigger.py
[2022-07-24 19:13:33,935] {processor.py:651} INFO - DAG(s) dict_keys(['latest_only_with_trigger']) retrieved from /Users/jangheesu/opt/anaconda3/envs/airflow2.3.0/lib/python3.8/site-packages/airflow/example_dags/example_latest_only_with_trigger.py
[2022-07-24 19:13:33,977] {logging_mixin.py:115} INFO - [2022-07-24 19:13:33,977] {dag.py:2371} INFO - Sync 1 DAGs
[2022-07-24 19:13:33,988] {logging_mixin.py:115} INFO - [2022-07-24 19:13:33,988] {dag.py:2915} INFO - Setting next_dagrun for latest_only_with_trigger to 2022-07-24T06:13:33.988451+00:00, run_after=2022-07-24T10:13:33.988451+00:00
[2022-07-24 19:13:33,996] {processor.py:161} INFO - Processing /Users/jangheesu/opt/anaconda3/envs/airflow2.3.0/lib/python3.8/site-packages/airflow/example_dags/example_latest_only_with_trigger.py took 0.068 seconds
[2022-07-24 19:14:05,086] {processor.py:153} INFO - Started process (PID=77599) to work on /Users/jangheesu/opt/anaconda3/envs/airflow2.3.0/lib/python3.8/site-packages/airflow/example_dags/example_latest_only_with_trigger.py
[2022-07-24 19:14:05,086] {processor.py:641} INFO - Processing file /Users/jangheesu/opt/anaconda3/envs/airflow2.3.0/lib/python3.8/site-packages/airflow/example_dags/example_latest_only_with_trigger.py for tasks to queue
[2022-07-24 19:14:05,086] {logging_mixin.py:115} INFO - [2022-07-24 19:14:05,086] {dagbag.py:507} INFO - Filling up the DagBag from /Users/jangheesu/opt/anaconda3/envs/airflow2.3.0/lib/python3.8/site-packages/airflow/example_dags/example_latest_only_with_trigger.py
[2022-07-24 19:14:05,093] {processor.py:651} INFO - DAG(s) dict_keys(['latest_only_with_trigger']) retrieved from /Users/jangheesu/opt/anaconda3/envs/airflow2.3.0/lib/python3.8/site-packages/airflow/example_dags/example_latest_only_with_trigger.py
[2022-07-24 19:14:05,134] {logging_mixin.py:115} INFO - [2022-07-24 19:14:05,134] {dag.py:2371} INFO - Sync 1 DAGs
[2022-07-24 19:14:05,146] {logging_mixin.py:115} INFO - [2022-07-24 19:14:05,146] {dag.py:2915} INFO - Setting next_dagrun for latest_only_with_trigger to 2022-07-24T06:14:05.146594+00:00, run_after=2022-07-24T10:14:05.146594+00:00
[2022-07-24 19:14:05,154] {processor.py:161} INFO - Processing /Users/jangheesu/opt/anaconda3/envs/airflow2.3.0/lib/python3.8/site-packages/airflow/example_dags/example_latest_only_with_trigger.py took 0.068 seconds
[2022-07-24 19:14:35,855] {processor.py:153} INFO - Started process (PID=77708) to work on /Users/jangheesu/opt/anaconda3/envs/airflow2.3.0/lib/python3.8/site-packages/airflow/example_dags/example_latest_only_with_trigger.py
[2022-07-24 19:14:35,855] {processor.py:641} INFO - Processing file /Users/jangheesu/opt/anaconda3/envs/airflow2.3.0/lib/python3.8/site-packages/airflow/example_dags/example_latest_only_with_trigger.py for tasks to queue
[2022-07-24 19:14:35,855] {logging_mixin.py:115} INFO - [2022-07-24 19:14:35,855] {dagbag.py:507} INFO - Filling up the DagBag from /Users/jangheesu/opt/anaconda3/envs/airflow2.3.0/lib/python3.8/site-packages/airflow/example_dags/example_latest_only_with_trigger.py
[2022-07-24 19:14:35,861] {processor.py:651} INFO - DAG(s) dict_keys(['latest_only_with_trigger']) retrieved from /Users/jangheesu/opt/anaconda3/envs/airflow2.3.0/lib/python3.8/site-packages/airflow/example_dags/example_latest_only_with_trigger.py
[2022-07-24 19:14:35,905] {logging_mixin.py:115} INFO - [2022-07-24 19:14:35,905] {dag.py:2371} INFO - Sync 1 DAGs
[2022-07-24 19:14:35,916] {logging_mixin.py:115} INFO - [2022-07-24 19:14:35,916] {dag.py:2915} INFO - Setting next_dagrun for latest_only_with_trigger to 2022-07-24T06:14:35.915909+00:00, run_after=2022-07-24T10:14:35.915909+00:00
[2022-07-24 19:14:35,923] {processor.py:161} INFO - Processing /Users/jangheesu/opt/anaconda3/envs/airflow2.3.0/lib/python3.8/site-packages/airflow/example_dags/example_latest_only_with_trigger.py took 0.068 seconds
[2022-07-24 19:15:06,607] {processor.py:153} INFO - Started process (PID=77828) to work on /Users/jangheesu/opt/anaconda3/envs/airflow2.3.0/lib/python3.8/site-packages/airflow/example_dags/example_latest_only_with_trigger.py
[2022-07-24 19:15:06,608] {processor.py:641} INFO - Processing file /Users/jangheesu/opt/anaconda3/envs/airflow2.3.0/lib/python3.8/site-packages/airflow/example_dags/example_latest_only_with_trigger.py for tasks to queue
[2022-07-24 19:15:06,610] {logging_mixin.py:115} INFO - [2022-07-24 19:15:06,610] {dagbag.py:507} INFO - Filling up the DagBag from /Users/jangheesu/opt/anaconda3/envs/airflow2.3.0/lib/python3.8/site-packages/airflow/example_dags/example_latest_only_with_trigger.py
[2022-07-24 19:15:06,617] {processor.py:651} INFO - DAG(s) dict_keys(['latest_only_with_trigger']) retrieved from /Users/jangheesu/opt/anaconda3/envs/airflow2.3.0/lib/python3.8/site-packages/airflow/example_dags/example_latest_only_with_trigger.py
[2022-07-24 19:15:06,659] {logging_mixin.py:115} INFO - [2022-07-24 19:15:06,659] {dag.py:2371} INFO - Sync 1 DAGs
[2022-07-24 19:15:06,673] {logging_mixin.py:115} INFO - [2022-07-24 19:15:06,673] {dag.py:2915} INFO - Setting next_dagrun for latest_only_with_trigger to 2022-07-24T06:15:06.673252+00:00, run_after=2022-07-24T10:15:06.673252+00:00
[2022-07-24 19:15:06,681] {processor.py:161} INFO - Processing /Users/jangheesu/opt/anaconda3/envs/airflow2.3.0/lib/python3.8/site-packages/airflow/example_dags/example_latest_only_with_trigger.py took 0.074 seconds
[2022-07-24 19:15:37,411] {processor.py:153} INFO - Started process (PID=77934) to work on /Users/jangheesu/opt/anaconda3/envs/airflow2.3.0/lib/python3.8/site-packages/airflow/example_dags/example_latest_only_with_trigger.py
[2022-07-24 19:15:37,411] {processor.py:641} INFO - Processing file /Users/jangheesu/opt/anaconda3/envs/airflow2.3.0/lib/python3.8/site-packages/airflow/example_dags/example_latest_only_with_trigger.py for tasks to queue
[2022-07-24 19:15:37,411] {logging_mixin.py:115} INFO - [2022-07-24 19:15:37,411] {dagbag.py:507} INFO - Filling up the DagBag from /Users/jangheesu/opt/anaconda3/envs/airflow2.3.0/lib/python3.8/site-packages/airflow/example_dags/example_latest_only_with_trigger.py
[2022-07-24 19:15:37,418] {processor.py:651} INFO - DAG(s) dict_keys(['latest_only_with_trigger']) retrieved from /Users/jangheesu/opt/anaconda3/envs/airflow2.3.0/lib/python3.8/site-packages/airflow/example_dags/example_latest_only_with_trigger.py
[2022-07-24 19:15:37,460] {logging_mixin.py:115} INFO - [2022-07-24 19:15:37,460] {dag.py:2371} INFO - Sync 1 DAGs
[2022-07-24 19:15:37,473] {logging_mixin.py:115} INFO - [2022-07-24 19:15:37,473] {dag.py:2915} INFO - Setting next_dagrun for latest_only_with_trigger to 2022-07-24T06:15:37.473172+00:00, run_after=2022-07-24T10:15:37.473172+00:00
[2022-07-24 19:15:37,480] {processor.py:161} INFO - Processing /Users/jangheesu/opt/anaconda3/envs/airflow2.3.0/lib/python3.8/site-packages/airflow/example_dags/example_latest_only_with_trigger.py took 0.070 seconds
[2022-07-24 19:16:08,689] {processor.py:153} INFO - Started process (PID=78041) to work on /Users/jangheesu/opt/anaconda3/envs/airflow2.3.0/lib/python3.8/site-packages/airflow/example_dags/example_latest_only_with_trigger.py
[2022-07-24 19:16:08,689] {processor.py:641} INFO - Processing file /Users/jangheesu/opt/anaconda3/envs/airflow2.3.0/lib/python3.8/site-packages/airflow/example_dags/example_latest_only_with_trigger.py for tasks to queue
[2022-07-24 19:16:08,689] {logging_mixin.py:115} INFO - [2022-07-24 19:16:08,689] {dagbag.py:507} INFO - Filling up the DagBag from /Users/jangheesu/opt/anaconda3/envs/airflow2.3.0/lib/python3.8/site-packages/airflow/example_dags/example_latest_only_with_trigger.py
[2022-07-24 19:16:08,696] {processor.py:651} INFO - DAG(s) dict_keys(['latest_only_with_trigger']) retrieved from /Users/jangheesu/opt/anaconda3/envs/airflow2.3.0/lib/python3.8/site-packages/airflow/example_dags/example_latest_only_with_trigger.py
[2022-07-24 19:16:08,735] {logging_mixin.py:115} INFO - [2022-07-24 19:16:08,735] {dag.py:2371} INFO - Sync 1 DAGs
[2022-07-24 19:16:08,746] {logging_mixin.py:115} INFO - [2022-07-24 19:16:08,746] {dag.py:2915} INFO - Setting next_dagrun for latest_only_with_trigger to 2022-07-24T06:16:08.746192+00:00, run_after=2022-07-24T10:16:08.746192+00:00
[2022-07-24 19:16:08,753] {processor.py:161} INFO - Processing /Users/jangheesu/opt/anaconda3/envs/airflow2.3.0/lib/python3.8/site-packages/airflow/example_dags/example_latest_only_with_trigger.py took 0.064 seconds
[2022-07-24 19:16:40,324] {processor.py:153} INFO - Started process (PID=78150) to work on /Users/jangheesu/opt/anaconda3/envs/airflow2.3.0/lib/python3.8/site-packages/airflow/example_dags/example_latest_only_with_trigger.py
[2022-07-24 19:16:40,324] {processor.py:641} INFO - Processing file /Users/jangheesu/opt/anaconda3/envs/airflow2.3.0/lib/python3.8/site-packages/airflow/example_dags/example_latest_only_with_trigger.py for tasks to queue
[2022-07-24 19:16:40,324] {logging_mixin.py:115} INFO - [2022-07-24 19:16:40,324] {dagbag.py:507} INFO - Filling up the DagBag from /Users/jangheesu/opt/anaconda3/envs/airflow2.3.0/lib/python3.8/site-packages/airflow/example_dags/example_latest_only_with_trigger.py
[2022-07-24 19:16:40,331] {processor.py:651} INFO - DAG(s) dict_keys(['latest_only_with_trigger']) retrieved from /Users/jangheesu/opt/anaconda3/envs/airflow2.3.0/lib/python3.8/site-packages/airflow/example_dags/example_latest_only_with_trigger.py
[2022-07-24 19:16:40,377] {logging_mixin.py:115} INFO - [2022-07-24 19:16:40,376] {dag.py:2371} INFO - Sync 1 DAGs
[2022-07-24 19:16:40,389] {logging_mixin.py:115} INFO - [2022-07-24 19:16:40,389] {dag.py:2915} INFO - Setting next_dagrun for latest_only_with_trigger to 2022-07-24T06:16:40.389309+00:00, run_after=2022-07-24T10:16:40.389309+00:00
[2022-07-24 19:16:40,396] {processor.py:161} INFO - Processing /Users/jangheesu/opt/anaconda3/envs/airflow2.3.0/lib/python3.8/site-packages/airflow/example_dags/example_latest_only_with_trigger.py took 0.073 seconds
[2022-07-24 19:17:11,992] {processor.py:153} INFO - Started process (PID=78257) to work on /Users/jangheesu/opt/anaconda3/envs/airflow2.3.0/lib/python3.8/site-packages/airflow/example_dags/example_latest_only_with_trigger.py
[2022-07-24 19:17:11,992] {processor.py:641} INFO - Processing file /Users/jangheesu/opt/anaconda3/envs/airflow2.3.0/lib/python3.8/site-packages/airflow/example_dags/example_latest_only_with_trigger.py for tasks to queue
[2022-07-24 19:17:11,992] {logging_mixin.py:115} INFO - [2022-07-24 19:17:11,992] {dagbag.py:507} INFO - Filling up the DagBag from /Users/jangheesu/opt/anaconda3/envs/airflow2.3.0/lib/python3.8/site-packages/airflow/example_dags/example_latest_only_with_trigger.py
[2022-07-24 19:17:11,999] {processor.py:651} INFO - DAG(s) dict_keys(['latest_only_with_trigger']) retrieved from /Users/jangheesu/opt/anaconda3/envs/airflow2.3.0/lib/python3.8/site-packages/airflow/example_dags/example_latest_only_with_trigger.py
[2022-07-24 19:17:12,045] {logging_mixin.py:115} INFO - [2022-07-24 19:17:12,045] {dag.py:2371} INFO - Sync 1 DAGs
[2022-07-24 19:17:12,059] {logging_mixin.py:115} INFO - [2022-07-24 19:17:12,059] {dag.py:2915} INFO - Setting next_dagrun for latest_only_with_trigger to 2022-07-24T06:17:12.059195+00:00, run_after=2022-07-24T10:17:12.059195+00:00
[2022-07-24 19:17:12,066] {processor.py:161} INFO - Processing /Users/jangheesu/opt/anaconda3/envs/airflow2.3.0/lib/python3.8/site-packages/airflow/example_dags/example_latest_only_with_trigger.py took 0.075 seconds
[2022-07-24 19:17:45,636] {processor.py:153} INFO - Started process (PID=78637) to work on /Users/jangheesu/opt/anaconda3/envs/airflow2.3.0/lib/python3.8/site-packages/airflow/example_dags/example_latest_only_with_trigger.py
[2022-07-24 19:17:45,636] {processor.py:641} INFO - Processing file /Users/jangheesu/opt/anaconda3/envs/airflow2.3.0/lib/python3.8/site-packages/airflow/example_dags/example_latest_only_with_trigger.py for tasks to queue
[2022-07-24 19:17:45,636] {logging_mixin.py:115} INFO - [2022-07-24 19:17:45,636] {dagbag.py:507} INFO - Filling up the DagBag from /Users/jangheesu/opt/anaconda3/envs/airflow2.3.0/lib/python3.8/site-packages/airflow/example_dags/example_latest_only_with_trigger.py
[2022-07-24 19:17:45,647] {processor.py:651} INFO - DAG(s) dict_keys(['latest_only_with_trigger']) retrieved from /Users/jangheesu/opt/anaconda3/envs/airflow2.3.0/lib/python3.8/site-packages/airflow/example_dags/example_latest_only_with_trigger.py
[2022-07-24 19:17:45,696] {logging_mixin.py:115} INFO - [2022-07-24 19:17:45,696] {dag.py:2371} INFO - Sync 1 DAGs
[2022-07-24 19:17:45,709] {logging_mixin.py:115} INFO - [2022-07-24 19:17:45,709] {dag.py:2915} INFO - Setting next_dagrun for latest_only_with_trigger to 2022-07-24T06:17:45.709446+00:00, run_after=2022-07-24T10:17:45.709446+00:00
[2022-07-24 19:17:45,718] {processor.py:161} INFO - Processing /Users/jangheesu/opt/anaconda3/envs/airflow2.3.0/lib/python3.8/site-packages/airflow/example_dags/example_latest_only_with_trigger.py took 0.083 seconds
