[2022-07-24 19:12:25,238] {processor.py:153} INFO - Started process (PID=77193) to work on /Users/jangheesu/opt/anaconda3/envs/airflow2.3.0/lib/python3.8/site-packages/airflow/example_dags/example_task_group_decorator.py
[2022-07-24 19:12:25,238] {processor.py:641} INFO - Processing file /Users/jangheesu/opt/anaconda3/envs/airflow2.3.0/lib/python3.8/site-packages/airflow/example_dags/example_task_group_decorator.py for tasks to queue
[2022-07-24 19:12:25,239] {logging_mixin.py:115} INFO - [2022-07-24 19:12:25,239] {dagbag.py:507} INFO - Filling up the DagBag from /Users/jangheesu/opt/anaconda3/envs/airflow2.3.0/lib/python3.8/site-packages/airflow/example_dags/example_task_group_decorator.py
[2022-07-24 19:12:25,262] {processor.py:651} INFO - DAG(s) dict_keys(['example_task_group_decorator']) retrieved from /Users/jangheesu/opt/anaconda3/envs/airflow2.3.0/lib/python3.8/site-packages/airflow/example_dags/example_task_group_decorator.py
[2022-07-24 19:12:25,812] {logging_mixin.py:115} INFO - [2022-07-24 19:12:25,812] {manager.py:508} INFO - Created Permission View: can edit on DAG:example_task_group_decorator
[2022-07-24 19:12:25,816] {logging_mixin.py:115} INFO - [2022-07-24 19:12:25,816] {manager.py:508} INFO - Created Permission View: can delete on DAG:example_task_group_decorator
[2022-07-24 19:12:25,819] {logging_mixin.py:115} INFO - [2022-07-24 19:12:25,819] {manager.py:508} INFO - Created Permission View: can read on DAG:example_task_group_decorator
[2022-07-24 19:12:25,819] {logging_mixin.py:115} INFO - [2022-07-24 19:12:25,819] {dag.py:2371} INFO - Sync 1 DAGs
[2022-07-24 19:12:25,823] {logging_mixin.py:115} INFO - [2022-07-24 19:12:25,823] {dag.py:2390} INFO - Creating ORM DAG for example_task_group_decorator
[2022-07-24 19:12:25,829] {logging_mixin.py:115} INFO - [2022-07-24 19:12:25,829] {dag.py:2915} INFO - Setting next_dagrun for example_task_group_decorator to 2022-07-23T10:12:25.828911+00:00, run_after=2022-07-24T10:12:25.828911+00:00
[2022-07-24 19:12:25,835] {processor.py:161} INFO - Processing /Users/jangheesu/opt/anaconda3/envs/airflow2.3.0/lib/python3.8/site-packages/airflow/example_dags/example_task_group_decorator.py took 0.598 seconds
[2022-07-24 19:12:56,849] {processor.py:153} INFO - Started process (PID=77309) to work on /Users/jangheesu/opt/anaconda3/envs/airflow2.3.0/lib/python3.8/site-packages/airflow/example_dags/example_task_group_decorator.py
[2022-07-24 19:12:56,850] {processor.py:641} INFO - Processing file /Users/jangheesu/opt/anaconda3/envs/airflow2.3.0/lib/python3.8/site-packages/airflow/example_dags/example_task_group_decorator.py for tasks to queue
[2022-07-24 19:12:56,851] {logging_mixin.py:115} INFO - [2022-07-24 19:12:56,851] {dagbag.py:507} INFO - Filling up the DagBag from /Users/jangheesu/opt/anaconda3/envs/airflow2.3.0/lib/python3.8/site-packages/airflow/example_dags/example_task_group_decorator.py
[2022-07-24 19:12:56,871] {processor.py:651} INFO - DAG(s) dict_keys(['example_task_group_decorator']) retrieved from /Users/jangheesu/opt/anaconda3/envs/airflow2.3.0/lib/python3.8/site-packages/airflow/example_dags/example_task_group_decorator.py
[2022-07-24 19:12:57,261] {logging_mixin.py:115} INFO - [2022-07-24 19:12:57,261] {dag.py:2371} INFO - Sync 1 DAGs
[2022-07-24 19:12:57,275] {logging_mixin.py:115} INFO - [2022-07-24 19:12:57,275] {dag.py:2915} INFO - Setting next_dagrun for example_task_group_decorator to 2022-07-23T10:12:57.275193+00:00, run_after=2022-07-24T10:12:57.275193+00:00
[2022-07-24 19:12:57,284] {processor.py:161} INFO - Processing /Users/jangheesu/opt/anaconda3/envs/airflow2.3.0/lib/python3.8/site-packages/airflow/example_dags/example_task_group_decorator.py took 0.435 seconds
[2022-07-24 19:13:28,574] {processor.py:153} INFO - Started process (PID=77418) to work on /Users/jangheesu/opt/anaconda3/envs/airflow2.3.0/lib/python3.8/site-packages/airflow/example_dags/example_task_group_decorator.py
[2022-07-24 19:13:28,574] {processor.py:641} INFO - Processing file /Users/jangheesu/opt/anaconda3/envs/airflow2.3.0/lib/python3.8/site-packages/airflow/example_dags/example_task_group_decorator.py for tasks to queue
[2022-07-24 19:13:28,575] {logging_mixin.py:115} INFO - [2022-07-24 19:13:28,575] {dagbag.py:507} INFO - Filling up the DagBag from /Users/jangheesu/opt/anaconda3/envs/airflow2.3.0/lib/python3.8/site-packages/airflow/example_dags/example_task_group_decorator.py
[2022-07-24 19:13:28,596] {processor.py:651} INFO - DAG(s) dict_keys(['example_task_group_decorator']) retrieved from /Users/jangheesu/opt/anaconda3/envs/airflow2.3.0/lib/python3.8/site-packages/airflow/example_dags/example_task_group_decorator.py
[2022-07-24 19:13:28,991] {logging_mixin.py:115} INFO - [2022-07-24 19:13:28,991] {dag.py:2371} INFO - Sync 1 DAGs
[2022-07-24 19:13:29,002] {logging_mixin.py:115} INFO - [2022-07-24 19:13:29,002] {dag.py:2915} INFO - Setting next_dagrun for example_task_group_decorator to 2022-07-23T10:13:29.002391+00:00, run_after=2022-07-24T10:13:29.002391+00:00
[2022-07-24 19:13:29,009] {processor.py:161} INFO - Processing /Users/jangheesu/opt/anaconda3/envs/airflow2.3.0/lib/python3.8/site-packages/airflow/example_dags/example_task_group_decorator.py took 0.435 seconds
[2022-07-24 19:13:59,698] {processor.py:153} INFO - Started process (PID=77527) to work on /Users/jangheesu/opt/anaconda3/envs/airflow2.3.0/lib/python3.8/site-packages/airflow/example_dags/example_task_group_decorator.py
[2022-07-24 19:13:59,698] {processor.py:641} INFO - Processing file /Users/jangheesu/opt/anaconda3/envs/airflow2.3.0/lib/python3.8/site-packages/airflow/example_dags/example_task_group_decorator.py for tasks to queue
[2022-07-24 19:13:59,698] {logging_mixin.py:115} INFO - [2022-07-24 19:13:59,698] {dagbag.py:507} INFO - Filling up the DagBag from /Users/jangheesu/opt/anaconda3/envs/airflow2.3.0/lib/python3.8/site-packages/airflow/example_dags/example_task_group_decorator.py
[2022-07-24 19:13:59,719] {processor.py:651} INFO - DAG(s) dict_keys(['example_task_group_decorator']) retrieved from /Users/jangheesu/opt/anaconda3/envs/airflow2.3.0/lib/python3.8/site-packages/airflow/example_dags/example_task_group_decorator.py
[2022-07-24 19:14:00,116] {logging_mixin.py:115} INFO - [2022-07-24 19:14:00,116] {dag.py:2371} INFO - Sync 1 DAGs
[2022-07-24 19:14:00,128] {logging_mixin.py:115} INFO - [2022-07-24 19:14:00,128] {dag.py:2915} INFO - Setting next_dagrun for example_task_group_decorator to 2022-07-23T10:14:00.128519+00:00, run_after=2022-07-24T10:14:00.128519+00:00
[2022-07-24 19:14:00,136] {processor.py:161} INFO - Processing /Users/jangheesu/opt/anaconda3/envs/airflow2.3.0/lib/python3.8/site-packages/airflow/example_dags/example_task_group_decorator.py took 0.439 seconds
[2022-07-24 19:14:30,993] {processor.py:153} INFO - Started process (PID=77678) to work on /Users/jangheesu/opt/anaconda3/envs/airflow2.3.0/lib/python3.8/site-packages/airflow/example_dags/example_task_group_decorator.py
[2022-07-24 19:14:30,993] {processor.py:641} INFO - Processing file /Users/jangheesu/opt/anaconda3/envs/airflow2.3.0/lib/python3.8/site-packages/airflow/example_dags/example_task_group_decorator.py for tasks to queue
[2022-07-24 19:14:30,993] {logging_mixin.py:115} INFO - [2022-07-24 19:14:30,993] {dagbag.py:507} INFO - Filling up the DagBag from /Users/jangheesu/opt/anaconda3/envs/airflow2.3.0/lib/python3.8/site-packages/airflow/example_dags/example_task_group_decorator.py
[2022-07-24 19:14:31,015] {processor.py:651} INFO - DAG(s) dict_keys(['example_task_group_decorator']) retrieved from /Users/jangheesu/opt/anaconda3/envs/airflow2.3.0/lib/python3.8/site-packages/airflow/example_dags/example_task_group_decorator.py
[2022-07-24 19:14:31,408] {logging_mixin.py:115} INFO - [2022-07-24 19:14:31,408] {dag.py:2371} INFO - Sync 1 DAGs
[2022-07-24 19:14:31,420] {logging_mixin.py:115} INFO - [2022-07-24 19:14:31,420] {dag.py:2915} INFO - Setting next_dagrun for example_task_group_decorator to 2022-07-23T10:14:31.420481+00:00, run_after=2022-07-24T10:14:31.420481+00:00
[2022-07-24 19:14:31,428] {processor.py:161} INFO - Processing /Users/jangheesu/opt/anaconda3/envs/airflow2.3.0/lib/python3.8/site-packages/airflow/example_dags/example_task_group_decorator.py took 0.436 seconds
[2022-07-24 19:15:02,337] {processor.py:153} INFO - Started process (PID=77799) to work on /Users/jangheesu/opt/anaconda3/envs/airflow2.3.0/lib/python3.8/site-packages/airflow/example_dags/example_task_group_decorator.py
[2022-07-24 19:15:02,337] {processor.py:641} INFO - Processing file /Users/jangheesu/opt/anaconda3/envs/airflow2.3.0/lib/python3.8/site-packages/airflow/example_dags/example_task_group_decorator.py for tasks to queue
[2022-07-24 19:15:02,337] {logging_mixin.py:115} INFO - [2022-07-24 19:15:02,337] {dagbag.py:507} INFO - Filling up the DagBag from /Users/jangheesu/opt/anaconda3/envs/airflow2.3.0/lib/python3.8/site-packages/airflow/example_dags/example_task_group_decorator.py
[2022-07-24 19:15:02,360] {processor.py:651} INFO - DAG(s) dict_keys(['example_task_group_decorator']) retrieved from /Users/jangheesu/opt/anaconda3/envs/airflow2.3.0/lib/python3.8/site-packages/airflow/example_dags/example_task_group_decorator.py
[2022-07-24 19:15:02,780] {logging_mixin.py:115} INFO - [2022-07-24 19:15:02,780] {dag.py:2371} INFO - Sync 1 DAGs
[2022-07-24 19:15:02,790] {logging_mixin.py:115} INFO - [2022-07-24 19:15:02,790] {dag.py:2915} INFO - Setting next_dagrun for example_task_group_decorator to 2022-07-23T10:15:02.790780+00:00, run_after=2022-07-24T10:15:02.790780+00:00
[2022-07-24 19:15:02,797] {processor.py:161} INFO - Processing /Users/jangheesu/opt/anaconda3/envs/airflow2.3.0/lib/python3.8/site-packages/airflow/example_dags/example_task_group_decorator.py took 0.461 seconds
[2022-07-24 19:15:33,557] {processor.py:153} INFO - Started process (PID=77907) to work on /Users/jangheesu/opt/anaconda3/envs/airflow2.3.0/lib/python3.8/site-packages/airflow/example_dags/example_task_group_decorator.py
[2022-07-24 19:15:33,557] {processor.py:641} INFO - Processing file /Users/jangheesu/opt/anaconda3/envs/airflow2.3.0/lib/python3.8/site-packages/airflow/example_dags/example_task_group_decorator.py for tasks to queue
[2022-07-24 19:15:33,557] {logging_mixin.py:115} INFO - [2022-07-24 19:15:33,557] {dagbag.py:507} INFO - Filling up the DagBag from /Users/jangheesu/opt/anaconda3/envs/airflow2.3.0/lib/python3.8/site-packages/airflow/example_dags/example_task_group_decorator.py
[2022-07-24 19:15:33,578] {processor.py:651} INFO - DAG(s) dict_keys(['example_task_group_decorator']) retrieved from /Users/jangheesu/opt/anaconda3/envs/airflow2.3.0/lib/python3.8/site-packages/airflow/example_dags/example_task_group_decorator.py
[2022-07-24 19:15:33,972] {logging_mixin.py:115} INFO - [2022-07-24 19:15:33,972] {dag.py:2371} INFO - Sync 1 DAGs
[2022-07-24 19:15:33,984] {logging_mixin.py:115} INFO - [2022-07-24 19:15:33,984] {dag.py:2915} INFO - Setting next_dagrun for example_task_group_decorator to 2022-07-23T10:15:33.984712+00:00, run_after=2022-07-24T10:15:33.984712+00:00
[2022-07-24 19:15:33,993] {processor.py:161} INFO - Processing /Users/jangheesu/opt/anaconda3/envs/airflow2.3.0/lib/python3.8/site-packages/airflow/example_dags/example_task_group_decorator.py took 0.436 seconds
[2022-07-24 19:16:05,339] {processor.py:153} INFO - Started process (PID=78009) to work on /Users/jangheesu/opt/anaconda3/envs/airflow2.3.0/lib/python3.8/site-packages/airflow/example_dags/example_task_group_decorator.py
[2022-07-24 19:16:05,339] {processor.py:641} INFO - Processing file /Users/jangheesu/opt/anaconda3/envs/airflow2.3.0/lib/python3.8/site-packages/airflow/example_dags/example_task_group_decorator.py for tasks to queue
[2022-07-24 19:16:05,339] {logging_mixin.py:115} INFO - [2022-07-24 19:16:05,339] {dagbag.py:507} INFO - Filling up the DagBag from /Users/jangheesu/opt/anaconda3/envs/airflow2.3.0/lib/python3.8/site-packages/airflow/example_dags/example_task_group_decorator.py
[2022-07-24 19:16:05,362] {processor.py:651} INFO - DAG(s) dict_keys(['example_task_group_decorator']) retrieved from /Users/jangheesu/opt/anaconda3/envs/airflow2.3.0/lib/python3.8/site-packages/airflow/example_dags/example_task_group_decorator.py
[2022-07-24 19:16:05,759] {logging_mixin.py:115} INFO - [2022-07-24 19:16:05,759] {dag.py:2371} INFO - Sync 1 DAGs
[2022-07-24 19:16:05,770] {logging_mixin.py:115} INFO - [2022-07-24 19:16:05,770] {dag.py:2915} INFO - Setting next_dagrun for example_task_group_decorator to 2022-07-23T10:16:05.770727+00:00, run_after=2022-07-24T10:16:05.770727+00:00
[2022-07-24 19:16:05,779] {processor.py:161} INFO - Processing /Users/jangheesu/opt/anaconda3/envs/airflow2.3.0/lib/python3.8/site-packages/airflow/example_dags/example_task_group_decorator.py took 0.440 seconds
[2022-07-24 19:16:37,054] {processor.py:153} INFO - Started process (PID=78122) to work on /Users/jangheesu/opt/anaconda3/envs/airflow2.3.0/lib/python3.8/site-packages/airflow/example_dags/example_task_group_decorator.py
[2022-07-24 19:16:37,054] {processor.py:641} INFO - Processing file /Users/jangheesu/opt/anaconda3/envs/airflow2.3.0/lib/python3.8/site-packages/airflow/example_dags/example_task_group_decorator.py for tasks to queue
[2022-07-24 19:16:37,054] {logging_mixin.py:115} INFO - [2022-07-24 19:16:37,054] {dagbag.py:507} INFO - Filling up the DagBag from /Users/jangheesu/opt/anaconda3/envs/airflow2.3.0/lib/python3.8/site-packages/airflow/example_dags/example_task_group_decorator.py
[2022-07-24 19:16:37,074] {processor.py:651} INFO - DAG(s) dict_keys(['example_task_group_decorator']) retrieved from /Users/jangheesu/opt/anaconda3/envs/airflow2.3.0/lib/python3.8/site-packages/airflow/example_dags/example_task_group_decorator.py
[2022-07-24 19:16:37,448] {logging_mixin.py:115} INFO - [2022-07-24 19:16:37,448] {dag.py:2371} INFO - Sync 1 DAGs
[2022-07-24 19:16:37,460] {logging_mixin.py:115} INFO - [2022-07-24 19:16:37,460] {dag.py:2915} INFO - Setting next_dagrun for example_task_group_decorator to 2022-07-23T10:16:37.460822+00:00, run_after=2022-07-24T10:16:37.460822+00:00
[2022-07-24 19:16:37,469] {processor.py:161} INFO - Processing /Users/jangheesu/opt/anaconda3/envs/airflow2.3.0/lib/python3.8/site-packages/airflow/example_dags/example_task_group_decorator.py took 0.416 seconds
[2022-07-24 19:17:08,718] {processor.py:153} INFO - Started process (PID=78229) to work on /Users/jangheesu/opt/anaconda3/envs/airflow2.3.0/lib/python3.8/site-packages/airflow/example_dags/example_task_group_decorator.py
[2022-07-24 19:17:08,718] {processor.py:641} INFO - Processing file /Users/jangheesu/opt/anaconda3/envs/airflow2.3.0/lib/python3.8/site-packages/airflow/example_dags/example_task_group_decorator.py for tasks to queue
[2022-07-24 19:17:08,718] {logging_mixin.py:115} INFO - [2022-07-24 19:17:08,718] {dagbag.py:507} INFO - Filling up the DagBag from /Users/jangheesu/opt/anaconda3/envs/airflow2.3.0/lib/python3.8/site-packages/airflow/example_dags/example_task_group_decorator.py
[2022-07-24 19:17:08,739] {processor.py:651} INFO - DAG(s) dict_keys(['example_task_group_decorator']) retrieved from /Users/jangheesu/opt/anaconda3/envs/airflow2.3.0/lib/python3.8/site-packages/airflow/example_dags/example_task_group_decorator.py
[2022-07-24 19:17:09,117] {logging_mixin.py:115} INFO - [2022-07-24 19:17:09,117] {dag.py:2371} INFO - Sync 1 DAGs
[2022-07-24 19:17:09,128] {logging_mixin.py:115} INFO - [2022-07-24 19:17:09,128] {dag.py:2915} INFO - Setting next_dagrun for example_task_group_decorator to 2022-07-23T10:17:09.128075+00:00, run_after=2022-07-24T10:17:09.128075+00:00
[2022-07-24 19:17:09,136] {processor.py:161} INFO - Processing /Users/jangheesu/opt/anaconda3/envs/airflow2.3.0/lib/python3.8/site-packages/airflow/example_dags/example_task_group_decorator.py took 0.418 seconds
[2022-07-24 19:17:40,715] {processor.py:153} INFO - Started process (PID=78584) to work on /Users/jangheesu/opt/anaconda3/envs/airflow2.3.0/lib/python3.8/site-packages/airflow/example_dags/example_task_group_decorator.py
[2022-07-24 19:17:40,715] {processor.py:641} INFO - Processing file /Users/jangheesu/opt/anaconda3/envs/airflow2.3.0/lib/python3.8/site-packages/airflow/example_dags/example_task_group_decorator.py for tasks to queue
[2022-07-24 19:17:40,715] {logging_mixin.py:115} INFO - [2022-07-24 19:17:40,715] {dagbag.py:507} INFO - Filling up the DagBag from /Users/jangheesu/opt/anaconda3/envs/airflow2.3.0/lib/python3.8/site-packages/airflow/example_dags/example_task_group_decorator.py
[2022-07-24 19:17:40,742] {processor.py:651} INFO - DAG(s) dict_keys(['example_task_group_decorator']) retrieved from /Users/jangheesu/opt/anaconda3/envs/airflow2.3.0/lib/python3.8/site-packages/airflow/example_dags/example_task_group_decorator.py
[2022-07-24 19:17:41,217] {logging_mixin.py:115} INFO - [2022-07-24 19:17:41,217] {dag.py:2371} INFO - Sync 1 DAGs
[2022-07-24 19:17:41,230] {logging_mixin.py:115} INFO - [2022-07-24 19:17:41,230] {dag.py:2915} INFO - Setting next_dagrun for example_task_group_decorator to 2022-07-23T10:17:41.230616+00:00, run_after=2022-07-24T10:17:41.230616+00:00
[2022-07-24 19:17:41,242] {processor.py:161} INFO - Processing /Users/jangheesu/opt/anaconda3/envs/airflow2.3.0/lib/python3.8/site-packages/airflow/example_dags/example_task_group_decorator.py took 0.527 seconds
