[2022-07-24 19:12:34,374] {processor.py:153} INFO - Started process (PID=77248) to work on /Users/jangheesu/opt/anaconda3/envs/airflow2.3.0/lib/python3.8/site-packages/airflow/example_dags/example_branch_python_dop_operator_3.py
[2022-07-24 19:12:34,374] {processor.py:641} INFO - Processing file /Users/jangheesu/opt/anaconda3/envs/airflow2.3.0/lib/python3.8/site-packages/airflow/example_dags/example_branch_python_dop_operator_3.py for tasks to queue
[2022-07-24 19:12:34,374] {logging_mixin.py:115} INFO - [2022-07-24 19:12:34,374] {dagbag.py:507} INFO - Filling up the DagBag from /Users/jangheesu/opt/anaconda3/envs/airflow2.3.0/lib/python3.8/site-packages/airflow/example_dags/example_branch_python_dop_operator_3.py
[2022-07-24 19:12:34,390] {processor.py:651} INFO - DAG(s) dict_keys(['example_branch_dop_operator_v3']) retrieved from /Users/jangheesu/opt/anaconda3/envs/airflow2.3.0/lib/python3.8/site-packages/airflow/example_dags/example_branch_python_dop_operator_3.py
[2022-07-24 19:12:34,949] {logging_mixin.py:115} INFO - [2022-07-24 19:12:34,949] {manager.py:508} INFO - Created Permission View: can edit on DAG:example_branch_dop_operator_v3
[2022-07-24 19:12:34,953] {logging_mixin.py:115} INFO - [2022-07-24 19:12:34,953] {manager.py:508} INFO - Created Permission View: can read on DAG:example_branch_dop_operator_v3
[2022-07-24 19:12:34,956] {logging_mixin.py:115} INFO - [2022-07-24 19:12:34,956] {manager.py:508} INFO - Created Permission View: can delete on DAG:example_branch_dop_operator_v3
[2022-07-24 19:12:34,956] {logging_mixin.py:115} INFO - [2022-07-24 19:12:34,956] {dag.py:2371} INFO - Sync 1 DAGs
[2022-07-24 19:12:34,961] {logging_mixin.py:115} INFO - [2022-07-24 19:12:34,961] {dag.py:2390} INFO - Creating ORM DAG for example_branch_dop_operator_v3
[2022-07-24 19:12:34,970] {logging_mixin.py:115} INFO - [2022-07-24 19:12:34,970] {dag.py:2915} INFO - Setting next_dagrun for example_branch_dop_operator_v3 to 2022-07-24T10:11:00+00:00, run_after=2022-07-24T10:12:00+00:00
[2022-07-24 19:12:34,993] {processor.py:161} INFO - Processing /Users/jangheesu/opt/anaconda3/envs/airflow2.3.0/lib/python3.8/site-packages/airflow/example_dags/example_branch_python_dop_operator_3.py took 0.619 seconds
[2022-07-24 19:13:05,897] {processor.py:153} INFO - Started process (PID=77359) to work on /Users/jangheesu/opt/anaconda3/envs/airflow2.3.0/lib/python3.8/site-packages/airflow/example_dags/example_branch_python_dop_operator_3.py
[2022-07-24 19:13:05,898] {processor.py:641} INFO - Processing file /Users/jangheesu/opt/anaconda3/envs/airflow2.3.0/lib/python3.8/site-packages/airflow/example_dags/example_branch_python_dop_operator_3.py for tasks to queue
[2022-07-24 19:13:05,898] {logging_mixin.py:115} INFO - [2022-07-24 19:13:05,898] {dagbag.py:507} INFO - Filling up the DagBag from /Users/jangheesu/opt/anaconda3/envs/airflow2.3.0/lib/python3.8/site-packages/airflow/example_dags/example_branch_python_dop_operator_3.py
[2022-07-24 19:13:05,912] {processor.py:651} INFO - DAG(s) dict_keys(['example_branch_dop_operator_v3']) retrieved from /Users/jangheesu/opt/anaconda3/envs/airflow2.3.0/lib/python3.8/site-packages/airflow/example_dags/example_branch_python_dop_operator_3.py
[2022-07-24 19:13:05,955] {logging_mixin.py:115} INFO - [2022-07-24 19:13:05,955] {dag.py:2371} INFO - Sync 1 DAGs
[2022-07-24 19:13:05,970] {logging_mixin.py:115} INFO - [2022-07-24 19:13:05,970] {dag.py:2915} INFO - Setting next_dagrun for example_branch_dop_operator_v3 to 2022-07-24T10:12:00+00:00, run_after=2022-07-24T10:13:00+00:00
[2022-07-24 19:13:05,976] {processor.py:161} INFO - Processing /Users/jangheesu/opt/anaconda3/envs/airflow2.3.0/lib/python3.8/site-packages/airflow/example_dags/example_branch_python_dop_operator_3.py took 0.080 seconds
[2022-07-24 19:13:37,145] {processor.py:153} INFO - Started process (PID=77470) to work on /Users/jangheesu/opt/anaconda3/envs/airflow2.3.0/lib/python3.8/site-packages/airflow/example_dags/example_branch_python_dop_operator_3.py
[2022-07-24 19:13:37,145] {processor.py:641} INFO - Processing file /Users/jangheesu/opt/anaconda3/envs/airflow2.3.0/lib/python3.8/site-packages/airflow/example_dags/example_branch_python_dop_operator_3.py for tasks to queue
[2022-07-24 19:13:37,145] {logging_mixin.py:115} INFO - [2022-07-24 19:13:37,145] {dagbag.py:507} INFO - Filling up the DagBag from /Users/jangheesu/opt/anaconda3/envs/airflow2.3.0/lib/python3.8/site-packages/airflow/example_dags/example_branch_python_dop_operator_3.py
[2022-07-24 19:13:37,159] {processor.py:651} INFO - DAG(s) dict_keys(['example_branch_dop_operator_v3']) retrieved from /Users/jangheesu/opt/anaconda3/envs/airflow2.3.0/lib/python3.8/site-packages/airflow/example_dags/example_branch_python_dop_operator_3.py
[2022-07-24 19:13:37,199] {logging_mixin.py:115} INFO - [2022-07-24 19:13:37,199] {dag.py:2371} INFO - Sync 1 DAGs
[2022-07-24 19:13:37,215] {logging_mixin.py:115} INFO - [2022-07-24 19:13:37,215] {dag.py:2915} INFO - Setting next_dagrun for example_branch_dop_operator_v3 to 2022-07-24T10:12:00+00:00, run_after=2022-07-24T10:13:00+00:00
[2022-07-24 19:13:37,222] {processor.py:161} INFO - Processing /Users/jangheesu/opt/anaconda3/envs/airflow2.3.0/lib/python3.8/site-packages/airflow/example_dags/example_branch_python_dop_operator_3.py took 0.077 seconds
[2022-07-24 19:14:07,817] {processor.py:153} INFO - Started process (PID=77615) to work on /Users/jangheesu/opt/anaconda3/envs/airflow2.3.0/lib/python3.8/site-packages/airflow/example_dags/example_branch_python_dop_operator_3.py
[2022-07-24 19:14:07,817] {processor.py:641} INFO - Processing file /Users/jangheesu/opt/anaconda3/envs/airflow2.3.0/lib/python3.8/site-packages/airflow/example_dags/example_branch_python_dop_operator_3.py for tasks to queue
[2022-07-24 19:14:07,817] {logging_mixin.py:115} INFO - [2022-07-24 19:14:07,817] {dagbag.py:507} INFO - Filling up the DagBag from /Users/jangheesu/opt/anaconda3/envs/airflow2.3.0/lib/python3.8/site-packages/airflow/example_dags/example_branch_python_dop_operator_3.py
[2022-07-24 19:14:07,831] {processor.py:651} INFO - DAG(s) dict_keys(['example_branch_dop_operator_v3']) retrieved from /Users/jangheesu/opt/anaconda3/envs/airflow2.3.0/lib/python3.8/site-packages/airflow/example_dags/example_branch_python_dop_operator_3.py
[2022-07-24 19:14:07,872] {logging_mixin.py:115} INFO - [2022-07-24 19:14:07,872] {dag.py:2371} INFO - Sync 1 DAGs
[2022-07-24 19:14:07,888] {logging_mixin.py:115} INFO - [2022-07-24 19:14:07,888] {dag.py:2915} INFO - Setting next_dagrun for example_branch_dop_operator_v3 to 2022-07-24T10:13:00+00:00, run_after=2022-07-24T10:14:00+00:00
[2022-07-24 19:14:07,895] {processor.py:161} INFO - Processing /Users/jangheesu/opt/anaconda3/envs/airflow2.3.0/lib/python3.8/site-packages/airflow/example_dags/example_branch_python_dop_operator_3.py took 0.079 seconds
[2022-07-24 19:14:38,492] {processor.py:153} INFO - Started process (PID=77721) to work on /Users/jangheesu/opt/anaconda3/envs/airflow2.3.0/lib/python3.8/site-packages/airflow/example_dags/example_branch_python_dop_operator_3.py
[2022-07-24 19:14:38,492] {processor.py:641} INFO - Processing file /Users/jangheesu/opt/anaconda3/envs/airflow2.3.0/lib/python3.8/site-packages/airflow/example_dags/example_branch_python_dop_operator_3.py for tasks to queue
[2022-07-24 19:14:38,492] {logging_mixin.py:115} INFO - [2022-07-24 19:14:38,492] {dagbag.py:507} INFO - Filling up the DagBag from /Users/jangheesu/opt/anaconda3/envs/airflow2.3.0/lib/python3.8/site-packages/airflow/example_dags/example_branch_python_dop_operator_3.py
[2022-07-24 19:14:38,507] {processor.py:651} INFO - DAG(s) dict_keys(['example_branch_dop_operator_v3']) retrieved from /Users/jangheesu/opt/anaconda3/envs/airflow2.3.0/lib/python3.8/site-packages/airflow/example_dags/example_branch_python_dop_operator_3.py
[2022-07-24 19:14:38,545] {logging_mixin.py:115} INFO - [2022-07-24 19:14:38,545] {dag.py:2371} INFO - Sync 1 DAGs
[2022-07-24 19:14:38,561] {logging_mixin.py:115} INFO - [2022-07-24 19:14:38,561] {dag.py:2915} INFO - Setting next_dagrun for example_branch_dop_operator_v3 to 2022-07-24T10:13:00+00:00, run_after=2022-07-24T10:14:00+00:00
[2022-07-24 19:14:38,567] {processor.py:161} INFO - Processing /Users/jangheesu/opt/anaconda3/envs/airflow2.3.0/lib/python3.8/site-packages/airflow/example_dags/example_branch_python_dop_operator_3.py took 0.075 seconds
[2022-07-24 19:15:09,248] {processor.py:153} INFO - Started process (PID=77841) to work on /Users/jangheesu/opt/anaconda3/envs/airflow2.3.0/lib/python3.8/site-packages/airflow/example_dags/example_branch_python_dop_operator_3.py
[2022-07-24 19:15:09,249] {processor.py:641} INFO - Processing file /Users/jangheesu/opt/anaconda3/envs/airflow2.3.0/lib/python3.8/site-packages/airflow/example_dags/example_branch_python_dop_operator_3.py for tasks to queue
[2022-07-24 19:15:09,249] {logging_mixin.py:115} INFO - [2022-07-24 19:15:09,249] {dagbag.py:507} INFO - Filling up the DagBag from /Users/jangheesu/opt/anaconda3/envs/airflow2.3.0/lib/python3.8/site-packages/airflow/example_dags/example_branch_python_dop_operator_3.py
[2022-07-24 19:15:09,263] {processor.py:651} INFO - DAG(s) dict_keys(['example_branch_dop_operator_v3']) retrieved from /Users/jangheesu/opt/anaconda3/envs/airflow2.3.0/lib/python3.8/site-packages/airflow/example_dags/example_branch_python_dop_operator_3.py
[2022-07-24 19:15:09,304] {logging_mixin.py:115} INFO - [2022-07-24 19:15:09,304] {dag.py:2371} INFO - Sync 1 DAGs
[2022-07-24 19:15:09,320] {logging_mixin.py:115} INFO - [2022-07-24 19:15:09,320] {dag.py:2915} INFO - Setting next_dagrun for example_branch_dop_operator_v3 to 2022-07-24T10:14:00+00:00, run_after=2022-07-24T10:15:00+00:00
[2022-07-24 19:15:09,326] {processor.py:161} INFO - Processing /Users/jangheesu/opt/anaconda3/envs/airflow2.3.0/lib/python3.8/site-packages/airflow/example_dags/example_branch_python_dop_operator_3.py took 0.079 seconds
[2022-07-24 19:15:40,043] {processor.py:153} INFO - Started process (PID=77947) to work on /Users/jangheesu/opt/anaconda3/envs/airflow2.3.0/lib/python3.8/site-packages/airflow/example_dags/example_branch_python_dop_operator_3.py
[2022-07-24 19:15:40,043] {processor.py:641} INFO - Processing file /Users/jangheesu/opt/anaconda3/envs/airflow2.3.0/lib/python3.8/site-packages/airflow/example_dags/example_branch_python_dop_operator_3.py for tasks to queue
[2022-07-24 19:15:40,043] {logging_mixin.py:115} INFO - [2022-07-24 19:15:40,043] {dagbag.py:507} INFO - Filling up the DagBag from /Users/jangheesu/opt/anaconda3/envs/airflow2.3.0/lib/python3.8/site-packages/airflow/example_dags/example_branch_python_dop_operator_3.py
[2022-07-24 19:15:40,057] {processor.py:651} INFO - DAG(s) dict_keys(['example_branch_dop_operator_v3']) retrieved from /Users/jangheesu/opt/anaconda3/envs/airflow2.3.0/lib/python3.8/site-packages/airflow/example_dags/example_branch_python_dop_operator_3.py
[2022-07-24 19:15:40,096] {logging_mixin.py:115} INFO - [2022-07-24 19:15:40,095] {dag.py:2371} INFO - Sync 1 DAGs
[2022-07-24 19:15:40,111] {logging_mixin.py:115} INFO - [2022-07-24 19:15:40,111] {dag.py:2915} INFO - Setting next_dagrun for example_branch_dop_operator_v3 to 2022-07-24T10:14:00+00:00, run_after=2022-07-24T10:15:00+00:00
[2022-07-24 19:15:40,118] {processor.py:161} INFO - Processing /Users/jangheesu/opt/anaconda3/envs/airflow2.3.0/lib/python3.8/site-packages/airflow/example_dags/example_branch_python_dop_operator_3.py took 0.075 seconds
[2022-07-24 19:16:10,843] {processor.py:153} INFO - Started process (PID=78054) to work on /Users/jangheesu/opt/anaconda3/envs/airflow2.3.0/lib/python3.8/site-packages/airflow/example_dags/example_branch_python_dop_operator_3.py
[2022-07-24 19:16:10,843] {processor.py:641} INFO - Processing file /Users/jangheesu/opt/anaconda3/envs/airflow2.3.0/lib/python3.8/site-packages/airflow/example_dags/example_branch_python_dop_operator_3.py for tasks to queue
[2022-07-24 19:16:10,843] {logging_mixin.py:115} INFO - [2022-07-24 19:16:10,843] {dagbag.py:507} INFO - Filling up the DagBag from /Users/jangheesu/opt/anaconda3/envs/airflow2.3.0/lib/python3.8/site-packages/airflow/example_dags/example_branch_python_dop_operator_3.py
[2022-07-24 19:16:10,857] {processor.py:651} INFO - DAG(s) dict_keys(['example_branch_dop_operator_v3']) retrieved from /Users/jangheesu/opt/anaconda3/envs/airflow2.3.0/lib/python3.8/site-packages/airflow/example_dags/example_branch_python_dop_operator_3.py
[2022-07-24 19:16:10,897] {logging_mixin.py:115} INFO - [2022-07-24 19:16:10,897] {dag.py:2371} INFO - Sync 1 DAGs
[2022-07-24 19:16:10,912] {logging_mixin.py:115} INFO - [2022-07-24 19:16:10,912] {dag.py:2915} INFO - Setting next_dagrun for example_branch_dop_operator_v3 to 2022-07-24T10:15:00+00:00, run_after=2022-07-24T10:16:00+00:00
[2022-07-24 19:16:10,919] {processor.py:161} INFO - Processing /Users/jangheesu/opt/anaconda3/envs/airflow2.3.0/lib/python3.8/site-packages/airflow/example_dags/example_branch_python_dop_operator_3.py took 0.076 seconds
[2022-07-24 19:16:41,954] {processor.py:153} INFO - Started process (PID=78167) to work on /Users/jangheesu/opt/anaconda3/envs/airflow2.3.0/lib/python3.8/site-packages/airflow/example_dags/example_branch_python_dop_operator_3.py
[2022-07-24 19:16:41,954] {processor.py:641} INFO - Processing file /Users/jangheesu/opt/anaconda3/envs/airflow2.3.0/lib/python3.8/site-packages/airflow/example_dags/example_branch_python_dop_operator_3.py for tasks to queue
[2022-07-24 19:16:41,954] {logging_mixin.py:115} INFO - [2022-07-24 19:16:41,954] {dagbag.py:507} INFO - Filling up the DagBag from /Users/jangheesu/opt/anaconda3/envs/airflow2.3.0/lib/python3.8/site-packages/airflow/example_dags/example_branch_python_dop_operator_3.py
[2022-07-24 19:16:41,968] {processor.py:651} INFO - DAG(s) dict_keys(['example_branch_dop_operator_v3']) retrieved from /Users/jangheesu/opt/anaconda3/envs/airflow2.3.0/lib/python3.8/site-packages/airflow/example_dags/example_branch_python_dop_operator_3.py
[2022-07-24 19:16:42,008] {logging_mixin.py:115} INFO - [2022-07-24 19:16:42,008] {dag.py:2371} INFO - Sync 1 DAGs
[2022-07-24 19:16:42,024] {logging_mixin.py:115} INFO - [2022-07-24 19:16:42,024] {dag.py:2915} INFO - Setting next_dagrun for example_branch_dop_operator_v3 to 2022-07-24T10:15:00+00:00, run_after=2022-07-24T10:16:00+00:00
[2022-07-24 19:16:42,030] {processor.py:161} INFO - Processing /Users/jangheesu/opt/anaconda3/envs/airflow2.3.0/lib/python3.8/site-packages/airflow/example_dags/example_branch_python_dop_operator_3.py took 0.076 seconds
[2022-07-24 19:17:13,617] {processor.py:153} INFO - Started process (PID=78274) to work on /Users/jangheesu/opt/anaconda3/envs/airflow2.3.0/lib/python3.8/site-packages/airflow/example_dags/example_branch_python_dop_operator_3.py
[2022-07-24 19:17:13,617] {processor.py:641} INFO - Processing file /Users/jangheesu/opt/anaconda3/envs/airflow2.3.0/lib/python3.8/site-packages/airflow/example_dags/example_branch_python_dop_operator_3.py for tasks to queue
[2022-07-24 19:17:13,617] {logging_mixin.py:115} INFO - [2022-07-24 19:17:13,617] {dagbag.py:507} INFO - Filling up the DagBag from /Users/jangheesu/opt/anaconda3/envs/airflow2.3.0/lib/python3.8/site-packages/airflow/example_dags/example_branch_python_dop_operator_3.py
[2022-07-24 19:17:13,631] {processor.py:651} INFO - DAG(s) dict_keys(['example_branch_dop_operator_v3']) retrieved from /Users/jangheesu/opt/anaconda3/envs/airflow2.3.0/lib/python3.8/site-packages/airflow/example_dags/example_branch_python_dop_operator_3.py
[2022-07-24 19:17:13,672] {logging_mixin.py:115} INFO - [2022-07-24 19:17:13,672] {dag.py:2371} INFO - Sync 1 DAGs
[2022-07-24 19:17:13,688] {logging_mixin.py:115} INFO - [2022-07-24 19:17:13,688] {dag.py:2915} INFO - Setting next_dagrun for example_branch_dop_operator_v3 to 2022-07-24T10:16:00+00:00, run_after=2022-07-24T10:17:00+00:00
[2022-07-24 19:17:13,694] {processor.py:161} INFO - Processing /Users/jangheesu/opt/anaconda3/envs/airflow2.3.0/lib/python3.8/site-packages/airflow/example_dags/example_branch_python_dop_operator_3.py took 0.078 seconds
[2022-07-24 19:17:47,490] {processor.py:153} INFO - Started process (PID=78654) to work on /Users/jangheesu/opt/anaconda3/envs/airflow2.3.0/lib/python3.8/site-packages/airflow/example_dags/example_branch_python_dop_operator_3.py
[2022-07-24 19:17:47,491] {processor.py:641} INFO - Processing file /Users/jangheesu/opt/anaconda3/envs/airflow2.3.0/lib/python3.8/site-packages/airflow/example_dags/example_branch_python_dop_operator_3.py for tasks to queue
[2022-07-24 19:17:47,491] {logging_mixin.py:115} INFO - [2022-07-24 19:17:47,491] {dagbag.py:507} INFO - Filling up the DagBag from /Users/jangheesu/opt/anaconda3/envs/airflow2.3.0/lib/python3.8/site-packages/airflow/example_dags/example_branch_python_dop_operator_3.py
[2022-07-24 19:17:47,514] {processor.py:651} INFO - DAG(s) dict_keys(['example_branch_dop_operator_v3']) retrieved from /Users/jangheesu/opt/anaconda3/envs/airflow2.3.0/lib/python3.8/site-packages/airflow/example_dags/example_branch_python_dop_operator_3.py
[2022-07-24 19:17:47,570] {logging_mixin.py:115} INFO - [2022-07-24 19:17:47,570] {dag.py:2371} INFO - Sync 1 DAGs
[2022-07-24 19:17:47,588] {logging_mixin.py:115} INFO - [2022-07-24 19:17:47,588] {dag.py:2915} INFO - Setting next_dagrun for example_branch_dop_operator_v3 to 2022-07-24T10:16:00+00:00, run_after=2022-07-24T10:17:00+00:00
[2022-07-24 19:17:47,599] {processor.py:161} INFO - Processing /Users/jangheesu/opt/anaconda3/envs/airflow2.3.0/lib/python3.8/site-packages/airflow/example_dags/example_branch_python_dop_operator_3.py took 0.109 seconds
