[2022-07-24 19:12:35,128] {processor.py:153} INFO - Started process (PID=77252) to work on /Users/jangheesu/opt/anaconda3/envs/airflow2.3.0/lib/python3.8/site-packages/airflow/example_dags/example_branch_operator_decorator.py
[2022-07-24 19:12:35,128] {processor.py:641} INFO - Processing file /Users/jangheesu/opt/anaconda3/envs/airflow2.3.0/lib/python3.8/site-packages/airflow/example_dags/example_branch_operator_decorator.py for tasks to queue
[2022-07-24 19:12:35,129] {logging_mixin.py:115} INFO - [2022-07-24 19:12:35,128] {dagbag.py:507} INFO - Filling up the DagBag from /Users/jangheesu/opt/anaconda3/envs/airflow2.3.0/lib/python3.8/site-packages/airflow/example_dags/example_branch_operator_decorator.py
[2022-07-24 19:12:35,149] {processor.py:651} INFO - DAG(s) dict_keys(['example_branch_python_operator_decorator']) retrieved from /Users/jangheesu/opt/anaconda3/envs/airflow2.3.0/lib/python3.8/site-packages/airflow/example_dags/example_branch_operator_decorator.py
[2022-07-24 19:12:35,694] {logging_mixin.py:115} INFO - [2022-07-24 19:12:35,694] {manager.py:508} INFO - Created Permission View: can delete on DAG:example_branch_python_operator_decorator
[2022-07-24 19:12:35,699] {logging_mixin.py:115} INFO - [2022-07-24 19:12:35,699] {manager.py:508} INFO - Created Permission View: can read on DAG:example_branch_python_operator_decorator
[2022-07-24 19:12:35,702] {logging_mixin.py:115} INFO - [2022-07-24 19:12:35,702] {manager.py:508} INFO - Created Permission View: can edit on DAG:example_branch_python_operator_decorator
[2022-07-24 19:12:35,702] {logging_mixin.py:115} INFO - [2022-07-24 19:12:35,702] {dag.py:2371} INFO - Sync 1 DAGs
[2022-07-24 19:12:35,707] {logging_mixin.py:115} INFO - [2022-07-24 19:12:35,707] {dag.py:2390} INFO - Creating ORM DAG for example_branch_python_operator_decorator
[2022-07-24 19:12:35,713] {logging_mixin.py:115} INFO - [2022-07-24 19:12:35,713] {dag.py:2915} INFO - Setting next_dagrun for example_branch_python_operator_decorator to 2022-07-23T00:00:00+00:00, run_after=2022-07-24T00:00:00+00:00
[2022-07-24 19:12:35,721] {processor.py:161} INFO - Processing /Users/jangheesu/opt/anaconda3/envs/airflow2.3.0/lib/python3.8/site-packages/airflow/example_dags/example_branch_operator_decorator.py took 0.593 seconds
[2022-07-24 19:13:06,452] {processor.py:153} INFO - Started process (PID=77362) to work on /Users/jangheesu/opt/anaconda3/envs/airflow2.3.0/lib/python3.8/site-packages/airflow/example_dags/example_branch_operator_decorator.py
[2022-07-24 19:13:06,453] {processor.py:641} INFO - Processing file /Users/jangheesu/opt/anaconda3/envs/airflow2.3.0/lib/python3.8/site-packages/airflow/example_dags/example_branch_operator_decorator.py for tasks to queue
[2022-07-24 19:13:06,453] {logging_mixin.py:115} INFO - [2022-07-24 19:13:06,453] {dagbag.py:507} INFO - Filling up the DagBag from /Users/jangheesu/opt/anaconda3/envs/airflow2.3.0/lib/python3.8/site-packages/airflow/example_dags/example_branch_operator_decorator.py
[2022-07-24 19:13:06,470] {processor.py:651} INFO - DAG(s) dict_keys(['example_branch_python_operator_decorator']) retrieved from /Users/jangheesu/opt/anaconda3/envs/airflow2.3.0/lib/python3.8/site-packages/airflow/example_dags/example_branch_operator_decorator.py
[2022-07-24 19:13:06,514] {logging_mixin.py:115} INFO - [2022-07-24 19:13:06,514] {dag.py:2371} INFO - Sync 1 DAGs
[2022-07-24 19:13:06,528] {logging_mixin.py:115} INFO - [2022-07-24 19:13:06,528] {dag.py:2915} INFO - Setting next_dagrun for example_branch_python_operator_decorator to 2022-07-23T00:00:00+00:00, run_after=2022-07-24T00:00:00+00:00
[2022-07-24 19:13:06,535] {processor.py:161} INFO - Processing /Users/jangheesu/opt/anaconda3/envs/airflow2.3.0/lib/python3.8/site-packages/airflow/example_dags/example_branch_operator_decorator.py took 0.084 seconds
[2022-07-24 19:13:37,551] {processor.py:153} INFO - Started process (PID=77472) to work on /Users/jangheesu/opt/anaconda3/envs/airflow2.3.0/lib/python3.8/site-packages/airflow/example_dags/example_branch_operator_decorator.py
[2022-07-24 19:13:37,551] {processor.py:641} INFO - Processing file /Users/jangheesu/opt/anaconda3/envs/airflow2.3.0/lib/python3.8/site-packages/airflow/example_dags/example_branch_operator_decorator.py for tasks to queue
[2022-07-24 19:13:37,551] {logging_mixin.py:115} INFO - [2022-07-24 19:13:37,551] {dagbag.py:507} INFO - Filling up the DagBag from /Users/jangheesu/opt/anaconda3/envs/airflow2.3.0/lib/python3.8/site-packages/airflow/example_dags/example_branch_operator_decorator.py
[2022-07-24 19:13:37,569] {processor.py:651} INFO - DAG(s) dict_keys(['example_branch_python_operator_decorator']) retrieved from /Users/jangheesu/opt/anaconda3/envs/airflow2.3.0/lib/python3.8/site-packages/airflow/example_dags/example_branch_operator_decorator.py
[2022-07-24 19:13:37,613] {logging_mixin.py:115} INFO - [2022-07-24 19:13:37,613] {dag.py:2371} INFO - Sync 1 DAGs
[2022-07-24 19:13:37,624] {logging_mixin.py:115} INFO - [2022-07-24 19:13:37,624] {dag.py:2915} INFO - Setting next_dagrun for example_branch_python_operator_decorator to 2022-07-23T00:00:00+00:00, run_after=2022-07-24T00:00:00+00:00
[2022-07-24 19:13:37,631] {processor.py:161} INFO - Processing /Users/jangheesu/opt/anaconda3/envs/airflow2.3.0/lib/python3.8/site-packages/airflow/example_dags/example_branch_operator_decorator.py took 0.081 seconds
[2022-07-24 19:14:08,434] {processor.py:153} INFO - Started process (PID=77620) to work on /Users/jangheesu/opt/anaconda3/envs/airflow2.3.0/lib/python3.8/site-packages/airflow/example_dags/example_branch_operator_decorator.py
[2022-07-24 19:14:08,434] {processor.py:641} INFO - Processing file /Users/jangheesu/opt/anaconda3/envs/airflow2.3.0/lib/python3.8/site-packages/airflow/example_dags/example_branch_operator_decorator.py for tasks to queue
[2022-07-24 19:14:08,434] {logging_mixin.py:115} INFO - [2022-07-24 19:14:08,434] {dagbag.py:507} INFO - Filling up the DagBag from /Users/jangheesu/opt/anaconda3/envs/airflow2.3.0/lib/python3.8/site-packages/airflow/example_dags/example_branch_operator_decorator.py
[2022-07-24 19:14:08,470] {processor.py:651} INFO - DAG(s) dict_keys(['example_branch_python_operator_decorator']) retrieved from /Users/jangheesu/opt/anaconda3/envs/airflow2.3.0/lib/python3.8/site-packages/airflow/example_dags/example_branch_operator_decorator.py
[2022-07-24 19:14:08,533] {logging_mixin.py:115} INFO - [2022-07-24 19:14:08,533] {dag.py:2371} INFO - Sync 1 DAGs
[2022-07-24 19:14:08,546] {logging_mixin.py:115} INFO - [2022-07-24 19:14:08,546] {dag.py:2915} INFO - Setting next_dagrun for example_branch_python_operator_decorator to 2022-07-23T00:00:00+00:00, run_after=2022-07-24T00:00:00+00:00
[2022-07-24 19:14:08,554] {processor.py:161} INFO - Processing /Users/jangheesu/opt/anaconda3/envs/airflow2.3.0/lib/python3.8/site-packages/airflow/example_dags/example_branch_operator_decorator.py took 0.121 seconds
[2022-07-24 19:14:39,489] {processor.py:153} INFO - Started process (PID=77728) to work on /Users/jangheesu/opt/anaconda3/envs/airflow2.3.0/lib/python3.8/site-packages/airflow/example_dags/example_branch_operator_decorator.py
[2022-07-24 19:14:39,489] {processor.py:641} INFO - Processing file /Users/jangheesu/opt/anaconda3/envs/airflow2.3.0/lib/python3.8/site-packages/airflow/example_dags/example_branch_operator_decorator.py for tasks to queue
[2022-07-24 19:14:39,489] {logging_mixin.py:115} INFO - [2022-07-24 19:14:39,489] {dagbag.py:507} INFO - Filling up the DagBag from /Users/jangheesu/opt/anaconda3/envs/airflow2.3.0/lib/python3.8/site-packages/airflow/example_dags/example_branch_operator_decorator.py
[2022-07-24 19:14:39,510] {processor.py:651} INFO - DAG(s) dict_keys(['example_branch_python_operator_decorator']) retrieved from /Users/jangheesu/opt/anaconda3/envs/airflow2.3.0/lib/python3.8/site-packages/airflow/example_dags/example_branch_operator_decorator.py
[2022-07-24 19:14:39,556] {logging_mixin.py:115} INFO - [2022-07-24 19:14:39,556] {dag.py:2371} INFO - Sync 1 DAGs
[2022-07-24 19:14:39,571] {logging_mixin.py:115} INFO - [2022-07-24 19:14:39,571] {dag.py:2915} INFO - Setting next_dagrun for example_branch_python_operator_decorator to 2022-07-23T00:00:00+00:00, run_after=2022-07-24T00:00:00+00:00
[2022-07-24 19:14:39,578] {processor.py:161} INFO - Processing /Users/jangheesu/opt/anaconda3/envs/airflow2.3.0/lib/python3.8/site-packages/airflow/example_dags/example_branch_operator_decorator.py took 0.089 seconds
[2022-07-24 19:15:10,884] {processor.py:153} INFO - Started process (PID=77847) to work on /Users/jangheesu/opt/anaconda3/envs/airflow2.3.0/lib/python3.8/site-packages/airflow/example_dags/example_branch_operator_decorator.py
[2022-07-24 19:15:10,885] {processor.py:641} INFO - Processing file /Users/jangheesu/opt/anaconda3/envs/airflow2.3.0/lib/python3.8/site-packages/airflow/example_dags/example_branch_operator_decorator.py for tasks to queue
[2022-07-24 19:15:10,886] {logging_mixin.py:115} INFO - [2022-07-24 19:15:10,886] {dagbag.py:507} INFO - Filling up the DagBag from /Users/jangheesu/opt/anaconda3/envs/airflow2.3.0/lib/python3.8/site-packages/airflow/example_dags/example_branch_operator_decorator.py
[2022-07-24 19:15:10,903] {processor.py:651} INFO - DAG(s) dict_keys(['example_branch_python_operator_decorator']) retrieved from /Users/jangheesu/opt/anaconda3/envs/airflow2.3.0/lib/python3.8/site-packages/airflow/example_dags/example_branch_operator_decorator.py
[2022-07-24 19:15:10,947] {logging_mixin.py:115} INFO - [2022-07-24 19:15:10,947] {dag.py:2371} INFO - Sync 1 DAGs
[2022-07-24 19:15:10,960] {logging_mixin.py:115} INFO - [2022-07-24 19:15:10,960] {dag.py:2915} INFO - Setting next_dagrun for example_branch_python_operator_decorator to 2022-07-23T00:00:00+00:00, run_after=2022-07-24T00:00:00+00:00
[2022-07-24 19:15:10,966] {processor.py:161} INFO - Processing /Users/jangheesu/opt/anaconda3/envs/airflow2.3.0/lib/python3.8/site-packages/airflow/example_dags/example_branch_operator_decorator.py took 0.082 seconds
[2022-07-24 19:15:41,662] {processor.py:153} INFO - Started process (PID=77952) to work on /Users/jangheesu/opt/anaconda3/envs/airflow2.3.0/lib/python3.8/site-packages/airflow/example_dags/example_branch_operator_decorator.py
[2022-07-24 19:15:41,662] {processor.py:641} INFO - Processing file /Users/jangheesu/opt/anaconda3/envs/airflow2.3.0/lib/python3.8/site-packages/airflow/example_dags/example_branch_operator_decorator.py for tasks to queue
[2022-07-24 19:15:41,662] {logging_mixin.py:115} INFO - [2022-07-24 19:15:41,662] {dagbag.py:507} INFO - Filling up the DagBag from /Users/jangheesu/opt/anaconda3/envs/airflow2.3.0/lib/python3.8/site-packages/airflow/example_dags/example_branch_operator_decorator.py
[2022-07-24 19:15:41,679] {processor.py:651} INFO - DAG(s) dict_keys(['example_branch_python_operator_decorator']) retrieved from /Users/jangheesu/opt/anaconda3/envs/airflow2.3.0/lib/python3.8/site-packages/airflow/example_dags/example_branch_operator_decorator.py
[2022-07-24 19:15:41,718] {logging_mixin.py:115} INFO - [2022-07-24 19:15:41,718] {dag.py:2371} INFO - Sync 1 DAGs
[2022-07-24 19:15:41,731] {logging_mixin.py:115} INFO - [2022-07-24 19:15:41,731] {dag.py:2915} INFO - Setting next_dagrun for example_branch_python_operator_decorator to 2022-07-23T00:00:00+00:00, run_after=2022-07-24T00:00:00+00:00
[2022-07-24 19:15:41,738] {processor.py:161} INFO - Processing /Users/jangheesu/opt/anaconda3/envs/airflow2.3.0/lib/python3.8/site-packages/airflow/example_dags/example_branch_operator_decorator.py took 0.077 seconds
[2022-07-24 19:16:12,463] {processor.py:153} INFO - Started process (PID=78059) to work on /Users/jangheesu/opt/anaconda3/envs/airflow2.3.0/lib/python3.8/site-packages/airflow/example_dags/example_branch_operator_decorator.py
[2022-07-24 19:16:12,463] {processor.py:641} INFO - Processing file /Users/jangheesu/opt/anaconda3/envs/airflow2.3.0/lib/python3.8/site-packages/airflow/example_dags/example_branch_operator_decorator.py for tasks to queue
[2022-07-24 19:16:12,463] {logging_mixin.py:115} INFO - [2022-07-24 19:16:12,463] {dagbag.py:507} INFO - Filling up the DagBag from /Users/jangheesu/opt/anaconda3/envs/airflow2.3.0/lib/python3.8/site-packages/airflow/example_dags/example_branch_operator_decorator.py
[2022-07-24 19:16:12,480] {processor.py:651} INFO - DAG(s) dict_keys(['example_branch_python_operator_decorator']) retrieved from /Users/jangheesu/opt/anaconda3/envs/airflow2.3.0/lib/python3.8/site-packages/airflow/example_dags/example_branch_operator_decorator.py
[2022-07-24 19:16:12,521] {logging_mixin.py:115} INFO - [2022-07-24 19:16:12,521] {dag.py:2371} INFO - Sync 1 DAGs
[2022-07-24 19:16:12,534] {logging_mixin.py:115} INFO - [2022-07-24 19:16:12,534] {dag.py:2915} INFO - Setting next_dagrun for example_branch_python_operator_decorator to 2022-07-23T00:00:00+00:00, run_after=2022-07-24T00:00:00+00:00
[2022-07-24 19:16:12,540] {processor.py:161} INFO - Processing /Users/jangheesu/opt/anaconda3/envs/airflow2.3.0/lib/python3.8/site-packages/airflow/example_dags/example_branch_operator_decorator.py took 0.078 seconds
[2022-07-24 19:16:43,034] {processor.py:153} INFO - Started process (PID=78170) to work on /Users/jangheesu/opt/anaconda3/envs/airflow2.3.0/lib/python3.8/site-packages/airflow/example_dags/example_branch_operator_decorator.py
[2022-07-24 19:16:43,035] {processor.py:641} INFO - Processing file /Users/jangheesu/opt/anaconda3/envs/airflow2.3.0/lib/python3.8/site-packages/airflow/example_dags/example_branch_operator_decorator.py for tasks to queue
[2022-07-24 19:16:43,035] {logging_mixin.py:115} INFO - [2022-07-24 19:16:43,035] {dagbag.py:507} INFO - Filling up the DagBag from /Users/jangheesu/opt/anaconda3/envs/airflow2.3.0/lib/python3.8/site-packages/airflow/example_dags/example_branch_operator_decorator.py
[2022-07-24 19:16:43,054] {processor.py:651} INFO - DAG(s) dict_keys(['example_branch_python_operator_decorator']) retrieved from /Users/jangheesu/opt/anaconda3/envs/airflow2.3.0/lib/python3.8/site-packages/airflow/example_dags/example_branch_operator_decorator.py
[2022-07-24 19:16:43,094] {logging_mixin.py:115} INFO - [2022-07-24 19:16:43,094] {dag.py:2371} INFO - Sync 1 DAGs
[2022-07-24 19:16:43,106] {logging_mixin.py:115} INFO - [2022-07-24 19:16:43,106] {dag.py:2915} INFO - Setting next_dagrun for example_branch_python_operator_decorator to 2022-07-23T00:00:00+00:00, run_after=2022-07-24T00:00:00+00:00
[2022-07-24 19:16:43,113] {processor.py:161} INFO - Processing /Users/jangheesu/opt/anaconda3/envs/airflow2.3.0/lib/python3.8/site-packages/airflow/example_dags/example_branch_operator_decorator.py took 0.079 seconds
[2022-07-24 19:17:13,668] {processor.py:153} INFO - Started process (PID=78275) to work on /Users/jangheesu/opt/anaconda3/envs/airflow2.3.0/lib/python3.8/site-packages/airflow/example_dags/example_branch_operator_decorator.py
[2022-07-24 19:17:13,668] {processor.py:641} INFO - Processing file /Users/jangheesu/opt/anaconda3/envs/airflow2.3.0/lib/python3.8/site-packages/airflow/example_dags/example_branch_operator_decorator.py for tasks to queue
[2022-07-24 19:17:13,668] {logging_mixin.py:115} INFO - [2022-07-24 19:17:13,668] {dagbag.py:507} INFO - Filling up the DagBag from /Users/jangheesu/opt/anaconda3/envs/airflow2.3.0/lib/python3.8/site-packages/airflow/example_dags/example_branch_operator_decorator.py
[2022-07-24 19:17:13,686] {processor.py:651} INFO - DAG(s) dict_keys(['example_branch_python_operator_decorator']) retrieved from /Users/jangheesu/opt/anaconda3/envs/airflow2.3.0/lib/python3.8/site-packages/airflow/example_dags/example_branch_operator_decorator.py
[2022-07-24 19:17:13,731] {logging_mixin.py:115} INFO - [2022-07-24 19:17:13,731] {dag.py:2371} INFO - Sync 1 DAGs
[2022-07-24 19:17:13,745] {logging_mixin.py:115} INFO - [2022-07-24 19:17:13,745] {dag.py:2915} INFO - Setting next_dagrun for example_branch_python_operator_decorator to 2022-07-23T00:00:00+00:00, run_after=2022-07-24T00:00:00+00:00
[2022-07-24 19:17:13,752] {processor.py:161} INFO - Processing /Users/jangheesu/opt/anaconda3/envs/airflow2.3.0/lib/python3.8/site-packages/airflow/example_dags/example_branch_operator_decorator.py took 0.085 seconds
[2022-07-24 19:17:48,126] {processor.py:153} INFO - Started process (PID=78666) to work on /Users/jangheesu/opt/anaconda3/envs/airflow2.3.0/lib/python3.8/site-packages/airflow/example_dags/example_branch_operator_decorator.py
[2022-07-24 19:17:48,126] {processor.py:641} INFO - Processing file /Users/jangheesu/opt/anaconda3/envs/airflow2.3.0/lib/python3.8/site-packages/airflow/example_dags/example_branch_operator_decorator.py for tasks to queue
[2022-07-24 19:17:48,126] {logging_mixin.py:115} INFO - [2022-07-24 19:17:48,126] {dagbag.py:507} INFO - Filling up the DagBag from /Users/jangheesu/opt/anaconda3/envs/airflow2.3.0/lib/python3.8/site-packages/airflow/example_dags/example_branch_operator_decorator.py
[2022-07-24 19:17:48,149] {processor.py:651} INFO - DAG(s) dict_keys(['example_branch_python_operator_decorator']) retrieved from /Users/jangheesu/opt/anaconda3/envs/airflow2.3.0/lib/python3.8/site-packages/airflow/example_dags/example_branch_operator_decorator.py
[2022-07-24 19:17:48,204] {logging_mixin.py:115} INFO - [2022-07-24 19:17:48,204] {dag.py:2371} INFO - Sync 1 DAGs
[2022-07-24 19:17:48,219] {logging_mixin.py:115} INFO - [2022-07-24 19:17:48,219] {dag.py:2915} INFO - Setting next_dagrun for example_branch_python_operator_decorator to 2022-07-23T00:00:00+00:00, run_after=2022-07-24T00:00:00+00:00
[2022-07-24 19:17:48,229] {processor.py:161} INFO - Processing /Users/jangheesu/opt/anaconda3/envs/airflow2.3.0/lib/python3.8/site-packages/airflow/example_dags/example_branch_operator_decorator.py took 0.103 seconds
