[2022-07-24 19:12:24,066] {processor.py:153} INFO - Started process (PID=77187) to work on /Users/jangheesu/opt/anaconda3/envs/airflow2.3.0/lib/python3.8/site-packages/airflow/example_dags/example_trigger_controller_dag.py
[2022-07-24 19:12:24,066] {processor.py:641} INFO - Processing file /Users/jangheesu/opt/anaconda3/envs/airflow2.3.0/lib/python3.8/site-packages/airflow/example_dags/example_trigger_controller_dag.py for tasks to queue
[2022-07-24 19:12:24,066] {logging_mixin.py:115} INFO - [2022-07-24 19:12:24,066] {dagbag.py:507} INFO - Filling up the DagBag from /Users/jangheesu/opt/anaconda3/envs/airflow2.3.0/lib/python3.8/site-packages/airflow/example_dags/example_trigger_controller_dag.py
[2022-07-24 19:12:24,073] {processor.py:651} INFO - DAG(s) dict_keys(['example_trigger_controller_dag']) retrieved from /Users/jangheesu/opt/anaconda3/envs/airflow2.3.0/lib/python3.8/site-packages/airflow/example_dags/example_trigger_controller_dag.py
[2022-07-24 19:12:24,630] {logging_mixin.py:115} INFO - [2022-07-24 19:12:24,630] {manager.py:508} INFO - Created Permission View: can edit on DAG:example_trigger_controller_dag
[2022-07-24 19:12:24,634] {logging_mixin.py:115} INFO - [2022-07-24 19:12:24,634] {manager.py:508} INFO - Created Permission View: can delete on DAG:example_trigger_controller_dag
[2022-07-24 19:12:24,638] {logging_mixin.py:115} INFO - [2022-07-24 19:12:24,638] {manager.py:508} INFO - Created Permission View: can read on DAG:example_trigger_controller_dag
[2022-07-24 19:12:24,638] {logging_mixin.py:115} INFO - [2022-07-24 19:12:24,638] {dag.py:2371} INFO - Sync 1 DAGs
[2022-07-24 19:12:24,642] {logging_mixin.py:115} INFO - [2022-07-24 19:12:24,642] {dag.py:2390} INFO - Creating ORM DAG for example_trigger_controller_dag
[2022-07-24 19:12:24,648] {logging_mixin.py:115} INFO - [2022-07-24 19:12:24,648] {dag.py:2915} INFO - Setting next_dagrun for example_trigger_controller_dag to 2021-01-01T00:00:00+00:00, run_after=2021-01-01T00:00:00+00:00
[2022-07-24 19:12:24,654] {processor.py:161} INFO - Processing /Users/jangheesu/opt/anaconda3/envs/airflow2.3.0/lib/python3.8/site-packages/airflow/example_dags/example_trigger_controller_dag.py took 0.589 seconds
[2022-07-24 19:12:55,824] {processor.py:153} INFO - Started process (PID=77303) to work on /Users/jangheesu/opt/anaconda3/envs/airflow2.3.0/lib/python3.8/site-packages/airflow/example_dags/example_trigger_controller_dag.py
[2022-07-24 19:12:55,825] {processor.py:641} INFO - Processing file /Users/jangheesu/opt/anaconda3/envs/airflow2.3.0/lib/python3.8/site-packages/airflow/example_dags/example_trigger_controller_dag.py for tasks to queue
[2022-07-24 19:12:55,825] {logging_mixin.py:115} INFO - [2022-07-24 19:12:55,825] {dagbag.py:507} INFO - Filling up the DagBag from /Users/jangheesu/opt/anaconda3/envs/airflow2.3.0/lib/python3.8/site-packages/airflow/example_dags/example_trigger_controller_dag.py
[2022-07-24 19:12:55,831] {processor.py:651} INFO - DAG(s) dict_keys(['example_trigger_controller_dag']) retrieved from /Users/jangheesu/opt/anaconda3/envs/airflow2.3.0/lib/python3.8/site-packages/airflow/example_dags/example_trigger_controller_dag.py
[2022-07-24 19:12:55,871] {logging_mixin.py:115} INFO - [2022-07-24 19:12:55,871] {dag.py:2371} INFO - Sync 1 DAGs
[2022-07-24 19:12:55,884] {logging_mixin.py:115} INFO - [2022-07-24 19:12:55,884] {dag.py:2915} INFO - Setting next_dagrun for example_trigger_controller_dag to 2021-01-01T00:00:00+00:00, run_after=2021-01-01T00:00:00+00:00
[2022-07-24 19:12:55,890] {processor.py:161} INFO - Processing /Users/jangheesu/opt/anaconda3/envs/airflow2.3.0/lib/python3.8/site-packages/airflow/example_dags/example_trigger_controller_dag.py took 0.067 seconds
[2022-07-24 19:13:26,947] {processor.py:153} INFO - Started process (PID=77412) to work on /Users/jangheesu/opt/anaconda3/envs/airflow2.3.0/lib/python3.8/site-packages/airflow/example_dags/example_trigger_controller_dag.py
[2022-07-24 19:13:26,947] {processor.py:641} INFO - Processing file /Users/jangheesu/opt/anaconda3/envs/airflow2.3.0/lib/python3.8/site-packages/airflow/example_dags/example_trigger_controller_dag.py for tasks to queue
[2022-07-24 19:13:26,947] {logging_mixin.py:115} INFO - [2022-07-24 19:13:26,947] {dagbag.py:507} INFO - Filling up the DagBag from /Users/jangheesu/opt/anaconda3/envs/airflow2.3.0/lib/python3.8/site-packages/airflow/example_dags/example_trigger_controller_dag.py
[2022-07-24 19:13:26,954] {processor.py:651} INFO - DAG(s) dict_keys(['example_trigger_controller_dag']) retrieved from /Users/jangheesu/opt/anaconda3/envs/airflow2.3.0/lib/python3.8/site-packages/airflow/example_dags/example_trigger_controller_dag.py
[2022-07-24 19:13:26,995] {logging_mixin.py:115} INFO - [2022-07-24 19:13:26,995] {dag.py:2371} INFO - Sync 1 DAGs
[2022-07-24 19:13:27,008] {logging_mixin.py:115} INFO - [2022-07-24 19:13:27,008] {dag.py:2915} INFO - Setting next_dagrun for example_trigger_controller_dag to 2021-01-01T00:00:00+00:00, run_after=2021-01-01T00:00:00+00:00
[2022-07-24 19:13:27,015] {processor.py:161} INFO - Processing /Users/jangheesu/opt/anaconda3/envs/airflow2.3.0/lib/python3.8/site-packages/airflow/example_dags/example_trigger_controller_dag.py took 0.068 seconds
[2022-07-24 19:13:58,086] {processor.py:153} INFO - Started process (PID=77521) to work on /Users/jangheesu/opt/anaconda3/envs/airflow2.3.0/lib/python3.8/site-packages/airflow/example_dags/example_trigger_controller_dag.py
[2022-07-24 19:13:58,086] {processor.py:641} INFO - Processing file /Users/jangheesu/opt/anaconda3/envs/airflow2.3.0/lib/python3.8/site-packages/airflow/example_dags/example_trigger_controller_dag.py for tasks to queue
[2022-07-24 19:13:58,086] {logging_mixin.py:115} INFO - [2022-07-24 19:13:58,086] {dagbag.py:507} INFO - Filling up the DagBag from /Users/jangheesu/opt/anaconda3/envs/airflow2.3.0/lib/python3.8/site-packages/airflow/example_dags/example_trigger_controller_dag.py
[2022-07-24 19:13:58,092] {processor.py:651} INFO - DAG(s) dict_keys(['example_trigger_controller_dag']) retrieved from /Users/jangheesu/opt/anaconda3/envs/airflow2.3.0/lib/python3.8/site-packages/airflow/example_dags/example_trigger_controller_dag.py
[2022-07-24 19:13:58,133] {logging_mixin.py:115} INFO - [2022-07-24 19:13:58,133] {dag.py:2371} INFO - Sync 1 DAGs
[2022-07-24 19:13:58,145] {logging_mixin.py:115} INFO - [2022-07-24 19:13:58,145] {dag.py:2915} INFO - Setting next_dagrun for example_trigger_controller_dag to 2021-01-01T00:00:00+00:00, run_after=2021-01-01T00:00:00+00:00
[2022-07-24 19:13:58,151] {processor.py:161} INFO - Processing /Users/jangheesu/opt/anaconda3/envs/airflow2.3.0/lib/python3.8/site-packages/airflow/example_dags/example_trigger_controller_dag.py took 0.066 seconds
[2022-07-24 19:14:29,369] {processor.py:153} INFO - Started process (PID=77671) to work on /Users/jangheesu/opt/anaconda3/envs/airflow2.3.0/lib/python3.8/site-packages/airflow/example_dags/example_trigger_controller_dag.py
[2022-07-24 19:14:29,369] {processor.py:641} INFO - Processing file /Users/jangheesu/opt/anaconda3/envs/airflow2.3.0/lib/python3.8/site-packages/airflow/example_dags/example_trigger_controller_dag.py for tasks to queue
[2022-07-24 19:14:29,369] {logging_mixin.py:115} INFO - [2022-07-24 19:14:29,369] {dagbag.py:507} INFO - Filling up the DagBag from /Users/jangheesu/opt/anaconda3/envs/airflow2.3.0/lib/python3.8/site-packages/airflow/example_dags/example_trigger_controller_dag.py
[2022-07-24 19:14:29,375] {processor.py:651} INFO - DAG(s) dict_keys(['example_trigger_controller_dag']) retrieved from /Users/jangheesu/opt/anaconda3/envs/airflow2.3.0/lib/python3.8/site-packages/airflow/example_dags/example_trigger_controller_dag.py
[2022-07-24 19:14:29,416] {logging_mixin.py:115} INFO - [2022-07-24 19:14:29,416] {dag.py:2371} INFO - Sync 1 DAGs
[2022-07-24 19:14:29,426] {logging_mixin.py:115} INFO - [2022-07-24 19:14:29,426] {dag.py:2915} INFO - Setting next_dagrun for example_trigger_controller_dag to 2021-01-01T00:00:00+00:00, run_after=2021-01-01T00:00:00+00:00
[2022-07-24 19:14:29,432] {processor.py:161} INFO - Processing /Users/jangheesu/opt/anaconda3/envs/airflow2.3.0/lib/python3.8/site-packages/airflow/example_dags/example_trigger_controller_dag.py took 0.063 seconds
[2022-07-24 19:15:00,635] {processor.py:153} INFO - Started process (PID=77784) to work on /Users/jangheesu/opt/anaconda3/envs/airflow2.3.0/lib/python3.8/site-packages/airflow/example_dags/example_trigger_controller_dag.py
[2022-07-24 19:15:00,637] {processor.py:641} INFO - Processing file /Users/jangheesu/opt/anaconda3/envs/airflow2.3.0/lib/python3.8/site-packages/airflow/example_dags/example_trigger_controller_dag.py for tasks to queue
[2022-07-24 19:15:00,638] {logging_mixin.py:115} INFO - [2022-07-24 19:15:00,638] {dagbag.py:507} INFO - Filling up the DagBag from /Users/jangheesu/opt/anaconda3/envs/airflow2.3.0/lib/python3.8/site-packages/airflow/example_dags/example_trigger_controller_dag.py
[2022-07-24 19:15:00,644] {processor.py:651} INFO - DAG(s) dict_keys(['example_trigger_controller_dag']) retrieved from /Users/jangheesu/opt/anaconda3/envs/airflow2.3.0/lib/python3.8/site-packages/airflow/example_dags/example_trigger_controller_dag.py
[2022-07-24 19:15:00,683] {logging_mixin.py:115} INFO - [2022-07-24 19:15:00,683] {dag.py:2371} INFO - Sync 1 DAGs
[2022-07-24 19:15:00,696] {logging_mixin.py:115} INFO - [2022-07-24 19:15:00,696] {dag.py:2915} INFO - Setting next_dagrun for example_trigger_controller_dag to 2021-01-01T00:00:00+00:00, run_after=2021-01-01T00:00:00+00:00
[2022-07-24 19:15:00,702] {processor.py:161} INFO - Processing /Users/jangheesu/opt/anaconda3/envs/airflow2.3.0/lib/python3.8/site-packages/airflow/example_dags/example_trigger_controller_dag.py took 0.068 seconds
[2022-07-24 19:15:32,400] {processor.py:153} INFO - Started process (PID=77896) to work on /Users/jangheesu/opt/anaconda3/envs/airflow2.3.0/lib/python3.8/site-packages/airflow/example_dags/example_trigger_controller_dag.py
[2022-07-24 19:15:32,400] {processor.py:641} INFO - Processing file /Users/jangheesu/opt/anaconda3/envs/airflow2.3.0/lib/python3.8/site-packages/airflow/example_dags/example_trigger_controller_dag.py for tasks to queue
[2022-07-24 19:15:32,400] {logging_mixin.py:115} INFO - [2022-07-24 19:15:32,400] {dagbag.py:507} INFO - Filling up the DagBag from /Users/jangheesu/opt/anaconda3/envs/airflow2.3.0/lib/python3.8/site-packages/airflow/example_dags/example_trigger_controller_dag.py
[2022-07-24 19:15:32,406] {processor.py:651} INFO - DAG(s) dict_keys(['example_trigger_controller_dag']) retrieved from /Users/jangheesu/opt/anaconda3/envs/airflow2.3.0/lib/python3.8/site-packages/airflow/example_dags/example_trigger_controller_dag.py
[2022-07-24 19:15:32,447] {logging_mixin.py:115} INFO - [2022-07-24 19:15:32,447] {dag.py:2371} INFO - Sync 1 DAGs
[2022-07-24 19:15:32,459] {logging_mixin.py:115} INFO - [2022-07-24 19:15:32,459] {dag.py:2915} INFO - Setting next_dagrun for example_trigger_controller_dag to 2021-01-01T00:00:00+00:00, run_after=2021-01-01T00:00:00+00:00
[2022-07-24 19:15:32,465] {processor.py:161} INFO - Processing /Users/jangheesu/opt/anaconda3/envs/airflow2.3.0/lib/python3.8/site-packages/airflow/example_dags/example_trigger_controller_dag.py took 0.066 seconds
[2022-07-24 19:16:04,775] {processor.py:153} INFO - Started process (PID=78005) to work on /Users/jangheesu/opt/anaconda3/envs/airflow2.3.0/lib/python3.8/site-packages/airflow/example_dags/example_trigger_controller_dag.py
[2022-07-24 19:16:04,775] {processor.py:641} INFO - Processing file /Users/jangheesu/opt/anaconda3/envs/airflow2.3.0/lib/python3.8/site-packages/airflow/example_dags/example_trigger_controller_dag.py for tasks to queue
[2022-07-24 19:16:04,775] {logging_mixin.py:115} INFO - [2022-07-24 19:16:04,775] {dagbag.py:507} INFO - Filling up the DagBag from /Users/jangheesu/opt/anaconda3/envs/airflow2.3.0/lib/python3.8/site-packages/airflow/example_dags/example_trigger_controller_dag.py
[2022-07-24 19:16:04,781] {processor.py:651} INFO - DAG(s) dict_keys(['example_trigger_controller_dag']) retrieved from /Users/jangheesu/opt/anaconda3/envs/airflow2.3.0/lib/python3.8/site-packages/airflow/example_dags/example_trigger_controller_dag.py
[2022-07-24 19:16:04,825] {logging_mixin.py:115} INFO - [2022-07-24 19:16:04,824] {dag.py:2371} INFO - Sync 1 DAGs
[2022-07-24 19:16:04,837] {logging_mixin.py:115} INFO - [2022-07-24 19:16:04,837] {dag.py:2915} INFO - Setting next_dagrun for example_trigger_controller_dag to 2021-01-01T00:00:00+00:00, run_after=2021-01-01T00:00:00+00:00
[2022-07-24 19:16:04,843] {processor.py:161} INFO - Processing /Users/jangheesu/opt/anaconda3/envs/airflow2.3.0/lib/python3.8/site-packages/airflow/example_dags/example_trigger_controller_dag.py took 0.069 seconds
[2022-07-24 19:16:36,487] {processor.py:153} INFO - Started process (PID=78116) to work on /Users/jangheesu/opt/anaconda3/envs/airflow2.3.0/lib/python3.8/site-packages/airflow/example_dags/example_trigger_controller_dag.py
[2022-07-24 19:16:36,487] {processor.py:641} INFO - Processing file /Users/jangheesu/opt/anaconda3/envs/airflow2.3.0/lib/python3.8/site-packages/airflow/example_dags/example_trigger_controller_dag.py for tasks to queue
[2022-07-24 19:16:36,487] {logging_mixin.py:115} INFO - [2022-07-24 19:16:36,487] {dagbag.py:507} INFO - Filling up the DagBag from /Users/jangheesu/opt/anaconda3/envs/airflow2.3.0/lib/python3.8/site-packages/airflow/example_dags/example_trigger_controller_dag.py
[2022-07-24 19:16:36,493] {processor.py:651} INFO - DAG(s) dict_keys(['example_trigger_controller_dag']) retrieved from /Users/jangheesu/opt/anaconda3/envs/airflow2.3.0/lib/python3.8/site-packages/airflow/example_dags/example_trigger_controller_dag.py
[2022-07-24 19:16:36,537] {logging_mixin.py:115} INFO - [2022-07-24 19:16:36,537] {dag.py:2371} INFO - Sync 1 DAGs
[2022-07-24 19:16:36,551] {logging_mixin.py:115} INFO - [2022-07-24 19:16:36,550] {dag.py:2915} INFO - Setting next_dagrun for example_trigger_controller_dag to 2021-01-01T00:00:00+00:00, run_after=2021-01-01T00:00:00+00:00
[2022-07-24 19:16:36,557] {processor.py:161} INFO - Processing /Users/jangheesu/opt/anaconda3/envs/airflow2.3.0/lib/python3.8/site-packages/airflow/example_dags/example_trigger_controller_dag.py took 0.070 seconds
[2022-07-24 19:17:08,152] {processor.py:153} INFO - Started process (PID=78223) to work on /Users/jangheesu/opt/anaconda3/envs/airflow2.3.0/lib/python3.8/site-packages/airflow/example_dags/example_trigger_controller_dag.py
[2022-07-24 19:17:08,152] {processor.py:641} INFO - Processing file /Users/jangheesu/opt/anaconda3/envs/airflow2.3.0/lib/python3.8/site-packages/airflow/example_dags/example_trigger_controller_dag.py for tasks to queue
[2022-07-24 19:17:08,152] {logging_mixin.py:115} INFO - [2022-07-24 19:17:08,152] {dagbag.py:507} INFO - Filling up the DagBag from /Users/jangheesu/opt/anaconda3/envs/airflow2.3.0/lib/python3.8/site-packages/airflow/example_dags/example_trigger_controller_dag.py
[2022-07-24 19:17:08,158] {processor.py:651} INFO - DAG(s) dict_keys(['example_trigger_controller_dag']) retrieved from /Users/jangheesu/opt/anaconda3/envs/airflow2.3.0/lib/python3.8/site-packages/airflow/example_dags/example_trigger_controller_dag.py
[2022-07-24 19:17:08,199] {logging_mixin.py:115} INFO - [2022-07-24 19:17:08,199] {dag.py:2371} INFO - Sync 1 DAGs
[2022-07-24 19:17:08,211] {logging_mixin.py:115} INFO - [2022-07-24 19:17:08,211] {dag.py:2915} INFO - Setting next_dagrun for example_trigger_controller_dag to 2021-01-01T00:00:00+00:00, run_after=2021-01-01T00:00:00+00:00
[2022-07-24 19:17:08,218] {processor.py:161} INFO - Processing /Users/jangheesu/opt/anaconda3/envs/airflow2.3.0/lib/python3.8/site-packages/airflow/example_dags/example_trigger_controller_dag.py took 0.066 seconds
[2022-07-24 19:17:39,626] {processor.py:153} INFO - Started process (PID=78577) to work on /Users/jangheesu/opt/anaconda3/envs/airflow2.3.0/lib/python3.8/site-packages/airflow/example_dags/example_trigger_controller_dag.py
[2022-07-24 19:17:39,626] {processor.py:641} INFO - Processing file /Users/jangheesu/opt/anaconda3/envs/airflow2.3.0/lib/python3.8/site-packages/airflow/example_dags/example_trigger_controller_dag.py for tasks to queue
[2022-07-24 19:17:39,626] {logging_mixin.py:115} INFO - [2022-07-24 19:17:39,626] {dagbag.py:507} INFO - Filling up the DagBag from /Users/jangheesu/opt/anaconda3/envs/airflow2.3.0/lib/python3.8/site-packages/airflow/example_dags/example_trigger_controller_dag.py
[2022-07-24 19:17:39,636] {processor.py:651} INFO - DAG(s) dict_keys(['example_trigger_controller_dag']) retrieved from /Users/jangheesu/opt/anaconda3/envs/airflow2.3.0/lib/python3.8/site-packages/airflow/example_dags/example_trigger_controller_dag.py
[2022-07-24 19:17:39,694] {logging_mixin.py:115} INFO - [2022-07-24 19:17:39,694] {dag.py:2371} INFO - Sync 1 DAGs
[2022-07-24 19:17:39,708] {logging_mixin.py:115} INFO - [2022-07-24 19:17:39,708] {dag.py:2915} INFO - Setting next_dagrun for example_trigger_controller_dag to 2021-01-01T00:00:00+00:00, run_after=2021-01-01T00:00:00+00:00
[2022-07-24 19:17:39,718] {processor.py:161} INFO - Processing /Users/jangheesu/opt/anaconda3/envs/airflow2.3.0/lib/python3.8/site-packages/airflow/example_dags/example_trigger_controller_dag.py took 0.092 seconds
