[2022-07-24 19:12:23,405] {processor.py:153} INFO - Started process (PID=77184) to work on /Users/jangheesu/opt/anaconda3/envs/airflow2.3.0/lib/python3.8/site-packages/airflow/example_dags/example_trigger_target_dag.py
[2022-07-24 19:12:23,405] {processor.py:641} INFO - Processing file /Users/jangheesu/opt/anaconda3/envs/airflow2.3.0/lib/python3.8/site-packages/airflow/example_dags/example_trigger_target_dag.py for tasks to queue
[2022-07-24 19:12:23,405] {logging_mixin.py:115} INFO - [2022-07-24 19:12:23,405] {dagbag.py:507} INFO - Filling up the DagBag from /Users/jangheesu/opt/anaconda3/envs/airflow2.3.0/lib/python3.8/site-packages/airflow/example_dags/example_trigger_target_dag.py
[2022-07-24 19:12:23,422] {processor.py:651} INFO - DAG(s) dict_keys(['example_trigger_target_dag']) retrieved from /Users/jangheesu/opt/anaconda3/envs/airflow2.3.0/lib/python3.8/site-packages/airflow/example_dags/example_trigger_target_dag.py
[2022-07-24 19:12:23,991] {logging_mixin.py:115} INFO - [2022-07-24 19:12:23,991] {manager.py:508} INFO - Created Permission View: can delete on DAG:example_trigger_target_dag
[2022-07-24 19:12:23,995] {logging_mixin.py:115} INFO - [2022-07-24 19:12:23,995] {manager.py:508} INFO - Created Permission View: can read on DAG:example_trigger_target_dag
[2022-07-24 19:12:23,999] {logging_mixin.py:115} INFO - [2022-07-24 19:12:23,999] {manager.py:508} INFO - Created Permission View: can edit on DAG:example_trigger_target_dag
[2022-07-24 19:12:23,999] {logging_mixin.py:115} INFO - [2022-07-24 19:12:23,999] {dag.py:2371} INFO - Sync 1 DAGs
[2022-07-24 19:12:24,004] {logging_mixin.py:115} INFO - [2022-07-24 19:12:24,003] {dag.py:2390} INFO - Creating ORM DAG for example_trigger_target_dag
[2022-07-24 19:12:24,009] {logging_mixin.py:115} INFO - [2022-07-24 19:12:24,009] {dag.py:2915} INFO - Setting next_dagrun for example_trigger_target_dag to None, run_after=None
[2022-07-24 19:12:24,016] {processor.py:161} INFO - Processing /Users/jangheesu/opt/anaconda3/envs/airflow2.3.0/lib/python3.8/site-packages/airflow/example_dags/example_trigger_target_dag.py took 0.612 seconds
[2022-07-24 19:12:55,274] {processor.py:153} INFO - Started process (PID=77300) to work on /Users/jangheesu/opt/anaconda3/envs/airflow2.3.0/lib/python3.8/site-packages/airflow/example_dags/example_trigger_target_dag.py
[2022-07-24 19:12:55,275] {processor.py:641} INFO - Processing file /Users/jangheesu/opt/anaconda3/envs/airflow2.3.0/lib/python3.8/site-packages/airflow/example_dags/example_trigger_target_dag.py for tasks to queue
[2022-07-24 19:12:55,275] {logging_mixin.py:115} INFO - [2022-07-24 19:12:55,275] {dagbag.py:507} INFO - Filling up the DagBag from /Users/jangheesu/opt/anaconda3/envs/airflow2.3.0/lib/python3.8/site-packages/airflow/example_dags/example_trigger_target_dag.py
[2022-07-24 19:12:55,291] {processor.py:651} INFO - DAG(s) dict_keys(['example_trigger_target_dag']) retrieved from /Users/jangheesu/opt/anaconda3/envs/airflow2.3.0/lib/python3.8/site-packages/airflow/example_dags/example_trigger_target_dag.py
[2022-07-24 19:12:55,332] {logging_mixin.py:115} INFO - [2022-07-24 19:12:55,332] {dag.py:2371} INFO - Sync 1 DAGs
[2022-07-24 19:12:55,344] {logging_mixin.py:115} INFO - [2022-07-24 19:12:55,344] {dag.py:2915} INFO - Setting next_dagrun for example_trigger_target_dag to None, run_after=None
[2022-07-24 19:12:55,351] {processor.py:161} INFO - Processing /Users/jangheesu/opt/anaconda3/envs/airflow2.3.0/lib/python3.8/site-packages/airflow/example_dags/example_trigger_target_dag.py took 0.077 seconds
[2022-07-24 19:13:26,374] {processor.py:153} INFO - Started process (PID=77409) to work on /Users/jangheesu/opt/anaconda3/envs/airflow2.3.0/lib/python3.8/site-packages/airflow/example_dags/example_trigger_target_dag.py
[2022-07-24 19:13:26,375] {processor.py:641} INFO - Processing file /Users/jangheesu/opt/anaconda3/envs/airflow2.3.0/lib/python3.8/site-packages/airflow/example_dags/example_trigger_target_dag.py for tasks to queue
[2022-07-24 19:13:26,375] {logging_mixin.py:115} INFO - [2022-07-24 19:13:26,375] {dagbag.py:507} INFO - Filling up the DagBag from /Users/jangheesu/opt/anaconda3/envs/airflow2.3.0/lib/python3.8/site-packages/airflow/example_dags/example_trigger_target_dag.py
[2022-07-24 19:13:26,391] {processor.py:651} INFO - DAG(s) dict_keys(['example_trigger_target_dag']) retrieved from /Users/jangheesu/opt/anaconda3/envs/airflow2.3.0/lib/python3.8/site-packages/airflow/example_dags/example_trigger_target_dag.py
[2022-07-24 19:13:26,430] {logging_mixin.py:115} INFO - [2022-07-24 19:13:26,430] {dag.py:2371} INFO - Sync 1 DAGs
[2022-07-24 19:13:26,441] {logging_mixin.py:115} INFO - [2022-07-24 19:13:26,441] {dag.py:2915} INFO - Setting next_dagrun for example_trigger_target_dag to None, run_after=None
[2022-07-24 19:13:26,447] {processor.py:161} INFO - Processing /Users/jangheesu/opt/anaconda3/envs/airflow2.3.0/lib/python3.8/site-packages/airflow/example_dags/example_trigger_target_dag.py took 0.073 seconds
[2022-07-24 19:13:57,521] {processor.py:153} INFO - Started process (PID=77518) to work on /Users/jangheesu/opt/anaconda3/envs/airflow2.3.0/lib/python3.8/site-packages/airflow/example_dags/example_trigger_target_dag.py
[2022-07-24 19:13:57,521] {processor.py:641} INFO - Processing file /Users/jangheesu/opt/anaconda3/envs/airflow2.3.0/lib/python3.8/site-packages/airflow/example_dags/example_trigger_target_dag.py for tasks to queue
[2022-07-24 19:13:57,521] {logging_mixin.py:115} INFO - [2022-07-24 19:13:57,521] {dagbag.py:507} INFO - Filling up the DagBag from /Users/jangheesu/opt/anaconda3/envs/airflow2.3.0/lib/python3.8/site-packages/airflow/example_dags/example_trigger_target_dag.py
[2022-07-24 19:13:57,537] {processor.py:651} INFO - DAG(s) dict_keys(['example_trigger_target_dag']) retrieved from /Users/jangheesu/opt/anaconda3/envs/airflow2.3.0/lib/python3.8/site-packages/airflow/example_dags/example_trigger_target_dag.py
[2022-07-24 19:13:57,579] {logging_mixin.py:115} INFO - [2022-07-24 19:13:57,579] {dag.py:2371} INFO - Sync 1 DAGs
[2022-07-24 19:13:57,592] {logging_mixin.py:115} INFO - [2022-07-24 19:13:57,592] {dag.py:2915} INFO - Setting next_dagrun for example_trigger_target_dag to None, run_after=None
[2022-07-24 19:13:57,598] {processor.py:161} INFO - Processing /Users/jangheesu/opt/anaconda3/envs/airflow2.3.0/lib/python3.8/site-packages/airflow/example_dags/example_trigger_target_dag.py took 0.078 seconds
[2022-07-24 19:14:28,782] {processor.py:153} INFO - Started process (PID=77668) to work on /Users/jangheesu/opt/anaconda3/envs/airflow2.3.0/lib/python3.8/site-packages/airflow/example_dags/example_trigger_target_dag.py
[2022-07-24 19:14:28,783] {processor.py:641} INFO - Processing file /Users/jangheesu/opt/anaconda3/envs/airflow2.3.0/lib/python3.8/site-packages/airflow/example_dags/example_trigger_target_dag.py for tasks to queue
[2022-07-24 19:14:28,783] {logging_mixin.py:115} INFO - [2022-07-24 19:14:28,783] {dagbag.py:507} INFO - Filling up the DagBag from /Users/jangheesu/opt/anaconda3/envs/airflow2.3.0/lib/python3.8/site-packages/airflow/example_dags/example_trigger_target_dag.py
[2022-07-24 19:14:28,798] {processor.py:651} INFO - DAG(s) dict_keys(['example_trigger_target_dag']) retrieved from /Users/jangheesu/opt/anaconda3/envs/airflow2.3.0/lib/python3.8/site-packages/airflow/example_dags/example_trigger_target_dag.py
[2022-07-24 19:14:28,840] {logging_mixin.py:115} INFO - [2022-07-24 19:14:28,840] {dag.py:2371} INFO - Sync 1 DAGs
[2022-07-24 19:14:28,853] {logging_mixin.py:115} INFO - [2022-07-24 19:14:28,853] {dag.py:2915} INFO - Setting next_dagrun for example_trigger_target_dag to None, run_after=None
[2022-07-24 19:14:28,859] {processor.py:161} INFO - Processing /Users/jangheesu/opt/anaconda3/envs/airflow2.3.0/lib/python3.8/site-packages/airflow/example_dags/example_trigger_target_dag.py took 0.077 seconds
[2022-07-24 19:15:00,635] {processor.py:153} INFO - Started process (PID=77783) to work on /Users/jangheesu/opt/anaconda3/envs/airflow2.3.0/lib/python3.8/site-packages/airflow/example_dags/example_trigger_target_dag.py
[2022-07-24 19:15:00,637] {processor.py:641} INFO - Processing file /Users/jangheesu/opt/anaconda3/envs/airflow2.3.0/lib/python3.8/site-packages/airflow/example_dags/example_trigger_target_dag.py for tasks to queue
[2022-07-24 19:15:00,638] {logging_mixin.py:115} INFO - [2022-07-24 19:15:00,638] {dagbag.py:507} INFO - Filling up the DagBag from /Users/jangheesu/opt/anaconda3/envs/airflow2.3.0/lib/python3.8/site-packages/airflow/example_dags/example_trigger_target_dag.py
[2022-07-24 19:15:00,654] {processor.py:651} INFO - DAG(s) dict_keys(['example_trigger_target_dag']) retrieved from /Users/jangheesu/opt/anaconda3/envs/airflow2.3.0/lib/python3.8/site-packages/airflow/example_dags/example_trigger_target_dag.py
[2022-07-24 19:15:00,697] {logging_mixin.py:115} INFO - [2022-07-24 19:15:00,697] {dag.py:2371} INFO - Sync 1 DAGs
[2022-07-24 19:15:00,711] {logging_mixin.py:115} INFO - [2022-07-24 19:15:00,711] {dag.py:2915} INFO - Setting next_dagrun for example_trigger_target_dag to None, run_after=None
[2022-07-24 19:15:00,718] {processor.py:161} INFO - Processing /Users/jangheesu/opt/anaconda3/envs/airflow2.3.0/lib/python3.8/site-packages/airflow/example_dags/example_trigger_target_dag.py took 0.084 seconds
[2022-07-24 19:15:32,400] {processor.py:153} INFO - Started process (PID=77895) to work on /Users/jangheesu/opt/anaconda3/envs/airflow2.3.0/lib/python3.8/site-packages/airflow/example_dags/example_trigger_target_dag.py
[2022-07-24 19:15:32,400] {processor.py:641} INFO - Processing file /Users/jangheesu/opt/anaconda3/envs/airflow2.3.0/lib/python3.8/site-packages/airflow/example_dags/example_trigger_target_dag.py for tasks to queue
[2022-07-24 19:15:32,400] {logging_mixin.py:115} INFO - [2022-07-24 19:15:32,400] {dagbag.py:507} INFO - Filling up the DagBag from /Users/jangheesu/opt/anaconda3/envs/airflow2.3.0/lib/python3.8/site-packages/airflow/example_dags/example_trigger_target_dag.py
[2022-07-24 19:15:32,416] {processor.py:651} INFO - DAG(s) dict_keys(['example_trigger_target_dag']) retrieved from /Users/jangheesu/opt/anaconda3/envs/airflow2.3.0/lib/python3.8/site-packages/airflow/example_dags/example_trigger_target_dag.py
[2022-07-24 19:15:32,458] {logging_mixin.py:115} INFO - [2022-07-24 19:15:32,458] {dag.py:2371} INFO - Sync 1 DAGs
[2022-07-24 19:15:32,470] {logging_mixin.py:115} INFO - [2022-07-24 19:15:32,470] {dag.py:2915} INFO - Setting next_dagrun for example_trigger_target_dag to None, run_after=None
[2022-07-24 19:15:32,478] {processor.py:161} INFO - Processing /Users/jangheesu/opt/anaconda3/envs/airflow2.3.0/lib/python3.8/site-packages/airflow/example_dags/example_trigger_target_dag.py took 0.078 seconds
[2022-07-24 19:16:04,230] {processor.py:153} INFO - Started process (PID=78002) to work on /Users/jangheesu/opt/anaconda3/envs/airflow2.3.0/lib/python3.8/site-packages/airflow/example_dags/example_trigger_target_dag.py
[2022-07-24 19:16:04,230] {processor.py:641} INFO - Processing file /Users/jangheesu/opt/anaconda3/envs/airflow2.3.0/lib/python3.8/site-packages/airflow/example_dags/example_trigger_target_dag.py for tasks to queue
[2022-07-24 19:16:04,230] {logging_mixin.py:115} INFO - [2022-07-24 19:16:04,230] {dagbag.py:507} INFO - Filling up the DagBag from /Users/jangheesu/opt/anaconda3/envs/airflow2.3.0/lib/python3.8/site-packages/airflow/example_dags/example_trigger_target_dag.py
[2022-07-24 19:16:04,246] {processor.py:651} INFO - DAG(s) dict_keys(['example_trigger_target_dag']) retrieved from /Users/jangheesu/opt/anaconda3/envs/airflow2.3.0/lib/python3.8/site-packages/airflow/example_dags/example_trigger_target_dag.py
[2022-07-24 19:16:04,289] {logging_mixin.py:115} INFO - [2022-07-24 19:16:04,289] {dag.py:2371} INFO - Sync 1 DAGs
[2022-07-24 19:16:04,301] {logging_mixin.py:115} INFO - [2022-07-24 19:16:04,301] {dag.py:2915} INFO - Setting next_dagrun for example_trigger_target_dag to None, run_after=None
[2022-07-24 19:16:04,308] {processor.py:161} INFO - Processing /Users/jangheesu/opt/anaconda3/envs/airflow2.3.0/lib/python3.8/site-packages/airflow/example_dags/example_trigger_target_dag.py took 0.078 seconds
[2022-07-24 19:16:35,920] {processor.py:153} INFO - Started process (PID=78113) to work on /Users/jangheesu/opt/anaconda3/envs/airflow2.3.0/lib/python3.8/site-packages/airflow/example_dags/example_trigger_target_dag.py
[2022-07-24 19:16:35,920] {processor.py:641} INFO - Processing file /Users/jangheesu/opt/anaconda3/envs/airflow2.3.0/lib/python3.8/site-packages/airflow/example_dags/example_trigger_target_dag.py for tasks to queue
[2022-07-24 19:16:35,920] {logging_mixin.py:115} INFO - [2022-07-24 19:16:35,920] {dagbag.py:507} INFO - Filling up the DagBag from /Users/jangheesu/opt/anaconda3/envs/airflow2.3.0/lib/python3.8/site-packages/airflow/example_dags/example_trigger_target_dag.py
[2022-07-24 19:16:35,936] {processor.py:651} INFO - DAG(s) dict_keys(['example_trigger_target_dag']) retrieved from /Users/jangheesu/opt/anaconda3/envs/airflow2.3.0/lib/python3.8/site-packages/airflow/example_dags/example_trigger_target_dag.py
[2022-07-24 19:16:35,978] {logging_mixin.py:115} INFO - [2022-07-24 19:16:35,977] {dag.py:2371} INFO - Sync 1 DAGs
[2022-07-24 19:16:35,990] {logging_mixin.py:115} INFO - [2022-07-24 19:16:35,990] {dag.py:2915} INFO - Setting next_dagrun for example_trigger_target_dag to None, run_after=None
[2022-07-24 19:16:35,997] {processor.py:161} INFO - Processing /Users/jangheesu/opt/anaconda3/envs/airflow2.3.0/lib/python3.8/site-packages/airflow/example_dags/example_trigger_target_dag.py took 0.077 seconds
[2022-07-24 19:17:07,591] {processor.py:153} INFO - Started process (PID=78220) to work on /Users/jangheesu/opt/anaconda3/envs/airflow2.3.0/lib/python3.8/site-packages/airflow/example_dags/example_trigger_target_dag.py
[2022-07-24 19:17:07,592] {processor.py:641} INFO - Processing file /Users/jangheesu/opt/anaconda3/envs/airflow2.3.0/lib/python3.8/site-packages/airflow/example_dags/example_trigger_target_dag.py for tasks to queue
[2022-07-24 19:17:07,592] {logging_mixin.py:115} INFO - [2022-07-24 19:17:07,592] {dagbag.py:507} INFO - Filling up the DagBag from /Users/jangheesu/opt/anaconda3/envs/airflow2.3.0/lib/python3.8/site-packages/airflow/example_dags/example_trigger_target_dag.py
[2022-07-24 19:17:07,607] {processor.py:651} INFO - DAG(s) dict_keys(['example_trigger_target_dag']) retrieved from /Users/jangheesu/opt/anaconda3/envs/airflow2.3.0/lib/python3.8/site-packages/airflow/example_dags/example_trigger_target_dag.py
[2022-07-24 19:17:07,647] {logging_mixin.py:115} INFO - [2022-07-24 19:17:07,647] {dag.py:2371} INFO - Sync 1 DAGs
[2022-07-24 19:17:07,659] {logging_mixin.py:115} INFO - [2022-07-24 19:17:07,659] {dag.py:2915} INFO - Setting next_dagrun for example_trigger_target_dag to None, run_after=None
[2022-07-24 19:17:07,665] {processor.py:161} INFO - Processing /Users/jangheesu/opt/anaconda3/envs/airflow2.3.0/lib/python3.8/site-packages/airflow/example_dags/example_trigger_target_dag.py took 0.074 seconds
[2022-07-24 19:17:39,592] {processor.py:153} INFO - Started process (PID=78576) to work on /Users/jangheesu/opt/anaconda3/envs/airflow2.3.0/lib/python3.8/site-packages/airflow/example_dags/example_trigger_target_dag.py
[2022-07-24 19:17:39,592] {processor.py:641} INFO - Processing file /Users/jangheesu/opt/anaconda3/envs/airflow2.3.0/lib/python3.8/site-packages/airflow/example_dags/example_trigger_target_dag.py for tasks to queue
[2022-07-24 19:17:39,592] {logging_mixin.py:115} INFO - [2022-07-24 19:17:39,592] {dagbag.py:507} INFO - Filling up the DagBag from /Users/jangheesu/opt/anaconda3/envs/airflow2.3.0/lib/python3.8/site-packages/airflow/example_dags/example_trigger_target_dag.py
[2022-07-24 19:17:39,621] {processor.py:651} INFO - DAG(s) dict_keys(['example_trigger_target_dag']) retrieved from /Users/jangheesu/opt/anaconda3/envs/airflow2.3.0/lib/python3.8/site-packages/airflow/example_dags/example_trigger_target_dag.py
[2022-07-24 19:17:39,684] {logging_mixin.py:115} INFO - [2022-07-24 19:17:39,684] {dag.py:2371} INFO - Sync 1 DAGs
[2022-07-24 19:17:39,699] {logging_mixin.py:115} INFO - [2022-07-24 19:17:39,699] {dag.py:2915} INFO - Setting next_dagrun for example_trigger_target_dag to None, run_after=None
[2022-07-24 19:17:39,708] {processor.py:161} INFO - Processing /Users/jangheesu/opt/anaconda3/envs/airflow2.3.0/lib/python3.8/site-packages/airflow/example_dags/example_trigger_target_dag.py took 0.117 seconds
