[2022-07-24 19:12:35,576] {processor.py:153} INFO - Started process (PID=77254) to work on /Users/jangheesu/opt/anaconda3/envs/airflow2.3.0/lib/python3.8/site-packages/airflow/example_dags/example_branch_operator.py
[2022-07-24 19:12:35,576] {processor.py:641} INFO - Processing file /Users/jangheesu/opt/anaconda3/envs/airflow2.3.0/lib/python3.8/site-packages/airflow/example_dags/example_branch_operator.py for tasks to queue
[2022-07-24 19:12:35,576] {logging_mixin.py:115} INFO - [2022-07-24 19:12:35,576] {dagbag.py:507} INFO - Filling up the DagBag from /Users/jangheesu/opt/anaconda3/envs/airflow2.3.0/lib/python3.8/site-packages/airflow/example_dags/example_branch_operator.py
[2022-07-24 19:12:35,592] {processor.py:651} INFO - DAG(s) dict_keys(['example_branch_operator']) retrieved from /Users/jangheesu/opt/anaconda3/envs/airflow2.3.0/lib/python3.8/site-packages/airflow/example_dags/example_branch_operator.py
[2022-07-24 19:12:36,148] {logging_mixin.py:115} INFO - [2022-07-24 19:12:36,147] {manager.py:508} INFO - Created Permission View: can delete on DAG:example_branch_operator
[2022-07-24 19:12:36,151] {logging_mixin.py:115} INFO - [2022-07-24 19:12:36,151] {manager.py:508} INFO - Created Permission View: can edit on DAG:example_branch_operator
[2022-07-24 19:12:36,154] {logging_mixin.py:115} INFO - [2022-07-24 19:12:36,154] {manager.py:508} INFO - Created Permission View: can read on DAG:example_branch_operator
[2022-07-24 19:12:36,154] {logging_mixin.py:115} INFO - [2022-07-24 19:12:36,154] {dag.py:2371} INFO - Sync 1 DAGs
[2022-07-24 19:12:36,159] {logging_mixin.py:115} INFO - [2022-07-24 19:12:36,159] {dag.py:2390} INFO - Creating ORM DAG for example_branch_operator
[2022-07-24 19:12:36,165] {logging_mixin.py:115} INFO - [2022-07-24 19:12:36,165] {dag.py:2915} INFO - Setting next_dagrun for example_branch_operator to 2022-07-23T00:00:00+00:00, run_after=2022-07-24T00:00:00+00:00
[2022-07-24 19:12:36,172] {processor.py:161} INFO - Processing /Users/jangheesu/opt/anaconda3/envs/airflow2.3.0/lib/python3.8/site-packages/airflow/example_dags/example_branch_operator.py took 0.596 seconds
[2022-07-24 19:13:06,971] {processor.py:153} INFO - Started process (PID=77365) to work on /Users/jangheesu/opt/anaconda3/envs/airflow2.3.0/lib/python3.8/site-packages/airflow/example_dags/example_branch_operator.py
[2022-07-24 19:13:06,972] {processor.py:641} INFO - Processing file /Users/jangheesu/opt/anaconda3/envs/airflow2.3.0/lib/python3.8/site-packages/airflow/example_dags/example_branch_operator.py for tasks to queue
[2022-07-24 19:13:06,972] {logging_mixin.py:115} INFO - [2022-07-24 19:13:06,972] {dagbag.py:507} INFO - Filling up the DagBag from /Users/jangheesu/opt/anaconda3/envs/airflow2.3.0/lib/python3.8/site-packages/airflow/example_dags/example_branch_operator.py
[2022-07-24 19:13:06,985] {processor.py:651} INFO - DAG(s) dict_keys(['example_branch_operator']) retrieved from /Users/jangheesu/opt/anaconda3/envs/airflow2.3.0/lib/python3.8/site-packages/airflow/example_dags/example_branch_operator.py
[2022-07-24 19:13:07,027] {logging_mixin.py:115} INFO - [2022-07-24 19:13:07,027] {dag.py:2371} INFO - Sync 1 DAGs
[2022-07-24 19:13:07,041] {logging_mixin.py:115} INFO - [2022-07-24 19:13:07,041] {dag.py:2915} INFO - Setting next_dagrun for example_branch_operator to 2022-07-23T00:00:00+00:00, run_after=2022-07-24T00:00:00+00:00
[2022-07-24 19:13:07,048] {processor.py:161} INFO - Processing /Users/jangheesu/opt/anaconda3/envs/airflow2.3.0/lib/python3.8/site-packages/airflow/example_dags/example_branch_operator.py took 0.078 seconds
[2022-07-24 19:13:37,727] {processor.py:153} INFO - Started process (PID=77475) to work on /Users/jangheesu/opt/anaconda3/envs/airflow2.3.0/lib/python3.8/site-packages/airflow/example_dags/example_branch_operator.py
[2022-07-24 19:13:37,727] {processor.py:641} INFO - Processing file /Users/jangheesu/opt/anaconda3/envs/airflow2.3.0/lib/python3.8/site-packages/airflow/example_dags/example_branch_operator.py for tasks to queue
[2022-07-24 19:13:37,727] {logging_mixin.py:115} INFO - [2022-07-24 19:13:37,727] {dagbag.py:507} INFO - Filling up the DagBag from /Users/jangheesu/opt/anaconda3/envs/airflow2.3.0/lib/python3.8/site-packages/airflow/example_dags/example_branch_operator.py
[2022-07-24 19:13:37,742] {processor.py:651} INFO - DAG(s) dict_keys(['example_branch_operator']) retrieved from /Users/jangheesu/opt/anaconda3/envs/airflow2.3.0/lib/python3.8/site-packages/airflow/example_dags/example_branch_operator.py
[2022-07-24 19:13:37,783] {logging_mixin.py:115} INFO - [2022-07-24 19:13:37,783] {dag.py:2371} INFO - Sync 1 DAGs
[2022-07-24 19:13:37,796] {logging_mixin.py:115} INFO - [2022-07-24 19:13:37,796] {dag.py:2915} INFO - Setting next_dagrun for example_branch_operator to 2022-07-23T00:00:00+00:00, run_after=2022-07-24T00:00:00+00:00
[2022-07-24 19:13:37,802] {processor.py:161} INFO - Processing /Users/jangheesu/opt/anaconda3/envs/airflow2.3.0/lib/python3.8/site-packages/airflow/example_dags/example_branch_operator.py took 0.076 seconds
[2022-07-24 19:14:08,853] {processor.py:153} INFO - Started process (PID=77623) to work on /Users/jangheesu/opt/anaconda3/envs/airflow2.3.0/lib/python3.8/site-packages/airflow/example_dags/example_branch_operator.py
[2022-07-24 19:14:08,854] {processor.py:641} INFO - Processing file /Users/jangheesu/opt/anaconda3/envs/airflow2.3.0/lib/python3.8/site-packages/airflow/example_dags/example_branch_operator.py for tasks to queue
[2022-07-24 19:14:08,854] {logging_mixin.py:115} INFO - [2022-07-24 19:14:08,854] {dagbag.py:507} INFO - Filling up the DagBag from /Users/jangheesu/opt/anaconda3/envs/airflow2.3.0/lib/python3.8/site-packages/airflow/example_dags/example_branch_operator.py
[2022-07-24 19:14:08,869] {processor.py:651} INFO - DAG(s) dict_keys(['example_branch_operator']) retrieved from /Users/jangheesu/opt/anaconda3/envs/airflow2.3.0/lib/python3.8/site-packages/airflow/example_dags/example_branch_operator.py
[2022-07-24 19:14:08,913] {logging_mixin.py:115} INFO - [2022-07-24 19:14:08,913] {dag.py:2371} INFO - Sync 1 DAGs
[2022-07-24 19:14:08,926] {logging_mixin.py:115} INFO - [2022-07-24 19:14:08,926] {dag.py:2915} INFO - Setting next_dagrun for example_branch_operator to 2022-07-23T00:00:00+00:00, run_after=2022-07-24T00:00:00+00:00
[2022-07-24 19:14:08,933] {processor.py:161} INFO - Processing /Users/jangheesu/opt/anaconda3/envs/airflow2.3.0/lib/python3.8/site-packages/airflow/example_dags/example_branch_operator.py took 0.080 seconds
[2022-07-24 19:14:40,048] {processor.py:153} INFO - Started process (PID=77732) to work on /Users/jangheesu/opt/anaconda3/envs/airflow2.3.0/lib/python3.8/site-packages/airflow/example_dags/example_branch_operator.py
[2022-07-24 19:14:40,048] {processor.py:641} INFO - Processing file /Users/jangheesu/opt/anaconda3/envs/airflow2.3.0/lib/python3.8/site-packages/airflow/example_dags/example_branch_operator.py for tasks to queue
[2022-07-24 19:14:40,049] {logging_mixin.py:115} INFO - [2022-07-24 19:14:40,048] {dagbag.py:507} INFO - Filling up the DagBag from /Users/jangheesu/opt/anaconda3/envs/airflow2.3.0/lib/python3.8/site-packages/airflow/example_dags/example_branch_operator.py
[2022-07-24 19:14:40,065] {processor.py:651} INFO - DAG(s) dict_keys(['example_branch_operator']) retrieved from /Users/jangheesu/opt/anaconda3/envs/airflow2.3.0/lib/python3.8/site-packages/airflow/example_dags/example_branch_operator.py
[2022-07-24 19:14:40,108] {logging_mixin.py:115} INFO - [2022-07-24 19:14:40,108] {dag.py:2371} INFO - Sync 1 DAGs
[2022-07-24 19:14:40,121] {logging_mixin.py:115} INFO - [2022-07-24 19:14:40,121] {dag.py:2915} INFO - Setting next_dagrun for example_branch_operator to 2022-07-23T00:00:00+00:00, run_after=2022-07-24T00:00:00+00:00
[2022-07-24 19:14:40,128] {processor.py:161} INFO - Processing /Users/jangheesu/opt/anaconda3/envs/airflow2.3.0/lib/python3.8/site-packages/airflow/example_dags/example_branch_operator.py took 0.080 seconds
[2022-07-24 19:15:11,492] {processor.py:153} INFO - Started process (PID=77852) to work on /Users/jangheesu/opt/anaconda3/envs/airflow2.3.0/lib/python3.8/site-packages/airflow/example_dags/example_branch_operator.py
[2022-07-24 19:15:11,492] {processor.py:641} INFO - Processing file /Users/jangheesu/opt/anaconda3/envs/airflow2.3.0/lib/python3.8/site-packages/airflow/example_dags/example_branch_operator.py for tasks to queue
[2022-07-24 19:15:11,492] {logging_mixin.py:115} INFO - [2022-07-24 19:15:11,492] {dagbag.py:507} INFO - Filling up the DagBag from /Users/jangheesu/opt/anaconda3/envs/airflow2.3.0/lib/python3.8/site-packages/airflow/example_dags/example_branch_operator.py
[2022-07-24 19:15:11,506] {processor.py:651} INFO - DAG(s) dict_keys(['example_branch_operator']) retrieved from /Users/jangheesu/opt/anaconda3/envs/airflow2.3.0/lib/python3.8/site-packages/airflow/example_dags/example_branch_operator.py
[2022-07-24 19:15:11,547] {logging_mixin.py:115} INFO - [2022-07-24 19:15:11,547] {dag.py:2371} INFO - Sync 1 DAGs
[2022-07-24 19:15:11,564] {logging_mixin.py:115} INFO - [2022-07-24 19:15:11,564] {dag.py:2915} INFO - Setting next_dagrun for example_branch_operator to 2022-07-23T00:00:00+00:00, run_after=2022-07-24T00:00:00+00:00
[2022-07-24 19:15:11,571] {processor.py:161} INFO - Processing /Users/jangheesu/opt/anaconda3/envs/airflow2.3.0/lib/python3.8/site-packages/airflow/example_dags/example_branch_operator.py took 0.079 seconds
[2022-07-24 19:15:42,219] {processor.py:153} INFO - Started process (PID=77956) to work on /Users/jangheesu/opt/anaconda3/envs/airflow2.3.0/lib/python3.8/site-packages/airflow/example_dags/example_branch_operator.py
[2022-07-24 19:15:42,219] {processor.py:641} INFO - Processing file /Users/jangheesu/opt/anaconda3/envs/airflow2.3.0/lib/python3.8/site-packages/airflow/example_dags/example_branch_operator.py for tasks to queue
[2022-07-24 19:15:42,219] {logging_mixin.py:115} INFO - [2022-07-24 19:15:42,219] {dagbag.py:507} INFO - Filling up the DagBag from /Users/jangheesu/opt/anaconda3/envs/airflow2.3.0/lib/python3.8/site-packages/airflow/example_dags/example_branch_operator.py
[2022-07-24 19:15:42,233] {processor.py:651} INFO - DAG(s) dict_keys(['example_branch_operator']) retrieved from /Users/jangheesu/opt/anaconda3/envs/airflow2.3.0/lib/python3.8/site-packages/airflow/example_dags/example_branch_operator.py
[2022-07-24 19:15:42,276] {logging_mixin.py:115} INFO - [2022-07-24 19:15:42,276] {dag.py:2371} INFO - Sync 1 DAGs
[2022-07-24 19:15:42,289] {logging_mixin.py:115} INFO - [2022-07-24 19:15:42,289] {dag.py:2915} INFO - Setting next_dagrun for example_branch_operator to 2022-07-23T00:00:00+00:00, run_after=2022-07-24T00:00:00+00:00
[2022-07-24 19:15:42,296] {processor.py:161} INFO - Processing /Users/jangheesu/opt/anaconda3/envs/airflow2.3.0/lib/python3.8/site-packages/airflow/example_dags/example_branch_operator.py took 0.077 seconds
[2022-07-24 19:16:13,012] {processor.py:153} INFO - Started process (PID=78062) to work on /Users/jangheesu/opt/anaconda3/envs/airflow2.3.0/lib/python3.8/site-packages/airflow/example_dags/example_branch_operator.py
[2022-07-24 19:16:13,013] {processor.py:641} INFO - Processing file /Users/jangheesu/opt/anaconda3/envs/airflow2.3.0/lib/python3.8/site-packages/airflow/example_dags/example_branch_operator.py for tasks to queue
[2022-07-24 19:16:13,013] {logging_mixin.py:115} INFO - [2022-07-24 19:16:13,013] {dagbag.py:507} INFO - Filling up the DagBag from /Users/jangheesu/opt/anaconda3/envs/airflow2.3.0/lib/python3.8/site-packages/airflow/example_dags/example_branch_operator.py
[2022-07-24 19:16:13,026] {processor.py:651} INFO - DAG(s) dict_keys(['example_branch_operator']) retrieved from /Users/jangheesu/opt/anaconda3/envs/airflow2.3.0/lib/python3.8/site-packages/airflow/example_dags/example_branch_operator.py
[2022-07-24 19:16:13,069] {logging_mixin.py:115} INFO - [2022-07-24 19:16:13,069] {dag.py:2371} INFO - Sync 1 DAGs
[2022-07-24 19:16:13,082] {logging_mixin.py:115} INFO - [2022-07-24 19:16:13,082] {dag.py:2915} INFO - Setting next_dagrun for example_branch_operator to 2022-07-23T00:00:00+00:00, run_after=2022-07-24T00:00:00+00:00
[2022-07-24 19:16:13,088] {processor.py:161} INFO - Processing /Users/jangheesu/opt/anaconda3/envs/airflow2.3.0/lib/python3.8/site-packages/airflow/example_dags/example_branch_operator.py took 0.076 seconds
[2022-07-24 19:16:43,593] {processor.py:153} INFO - Started process (PID=78173) to work on /Users/jangheesu/opt/anaconda3/envs/airflow2.3.0/lib/python3.8/site-packages/airflow/example_dags/example_branch_operator.py
[2022-07-24 19:16:43,593] {processor.py:641} INFO - Processing file /Users/jangheesu/opt/anaconda3/envs/airflow2.3.0/lib/python3.8/site-packages/airflow/example_dags/example_branch_operator.py for tasks to queue
[2022-07-24 19:16:43,594] {logging_mixin.py:115} INFO - [2022-07-24 19:16:43,594] {dagbag.py:507} INFO - Filling up the DagBag from /Users/jangheesu/opt/anaconda3/envs/airflow2.3.0/lib/python3.8/site-packages/airflow/example_dags/example_branch_operator.py
[2022-07-24 19:16:43,609] {processor.py:651} INFO - DAG(s) dict_keys(['example_branch_operator']) retrieved from /Users/jangheesu/opt/anaconda3/envs/airflow2.3.0/lib/python3.8/site-packages/airflow/example_dags/example_branch_operator.py
[2022-07-24 19:16:43,649] {logging_mixin.py:115} INFO - [2022-07-24 19:16:43,649] {dag.py:2371} INFO - Sync 1 DAGs
[2022-07-24 19:16:43,662] {logging_mixin.py:115} INFO - [2022-07-24 19:16:43,662] {dag.py:2915} INFO - Setting next_dagrun for example_branch_operator to 2022-07-23T00:00:00+00:00, run_after=2022-07-24T00:00:00+00:00
[2022-07-24 19:16:43,669] {processor.py:161} INFO - Processing /Users/jangheesu/opt/anaconda3/envs/airflow2.3.0/lib/python3.8/site-packages/airflow/example_dags/example_branch_operator.py took 0.076 seconds
[2022-07-24 19:17:14,232] {processor.py:153} INFO - Started process (PID=78280) to work on /Users/jangheesu/opt/anaconda3/envs/airflow2.3.0/lib/python3.8/site-packages/airflow/example_dags/example_branch_operator.py
[2022-07-24 19:17:14,232] {processor.py:641} INFO - Processing file /Users/jangheesu/opt/anaconda3/envs/airflow2.3.0/lib/python3.8/site-packages/airflow/example_dags/example_branch_operator.py for tasks to queue
[2022-07-24 19:17:14,232] {logging_mixin.py:115} INFO - [2022-07-24 19:17:14,232] {dagbag.py:507} INFO - Filling up the DagBag from /Users/jangheesu/opt/anaconda3/envs/airflow2.3.0/lib/python3.8/site-packages/airflow/example_dags/example_branch_operator.py
[2022-07-24 19:17:14,252] {processor.py:651} INFO - DAG(s) dict_keys(['example_branch_operator']) retrieved from /Users/jangheesu/opt/anaconda3/envs/airflow2.3.0/lib/python3.8/site-packages/airflow/example_dags/example_branch_operator.py
[2022-07-24 19:17:14,314] {logging_mixin.py:115} INFO - [2022-07-24 19:17:14,314] {dag.py:2371} INFO - Sync 1 DAGs
[2022-07-24 19:17:14,334] {logging_mixin.py:115} INFO - [2022-07-24 19:17:14,333] {dag.py:2915} INFO - Setting next_dagrun for example_branch_operator to 2022-07-23T00:00:00+00:00, run_after=2022-07-24T00:00:00+00:00
[2022-07-24 19:17:14,342] {processor.py:161} INFO - Processing /Users/jangheesu/opt/anaconda3/envs/airflow2.3.0/lib/python3.8/site-packages/airflow/example_dags/example_branch_operator.py took 0.110 seconds
[2022-07-24 19:17:48,281] {processor.py:153} INFO - Started process (PID=78668) to work on /Users/jangheesu/opt/anaconda3/envs/airflow2.3.0/lib/python3.8/site-packages/airflow/example_dags/example_branch_operator.py
[2022-07-24 19:17:48,281] {processor.py:641} INFO - Processing file /Users/jangheesu/opt/anaconda3/envs/airflow2.3.0/lib/python3.8/site-packages/airflow/example_dags/example_branch_operator.py for tasks to queue
[2022-07-24 19:17:48,282] {logging_mixin.py:115} INFO - [2022-07-24 19:17:48,282] {dagbag.py:507} INFO - Filling up the DagBag from /Users/jangheesu/opt/anaconda3/envs/airflow2.3.0/lib/python3.8/site-packages/airflow/example_dags/example_branch_operator.py
[2022-07-24 19:17:48,301] {processor.py:651} INFO - DAG(s) dict_keys(['example_branch_operator']) retrieved from /Users/jangheesu/opt/anaconda3/envs/airflow2.3.0/lib/python3.8/site-packages/airflow/example_dags/example_branch_operator.py
[2022-07-24 19:17:48,356] {logging_mixin.py:115} INFO - [2022-07-24 19:17:48,355] {dag.py:2371} INFO - Sync 1 DAGs
[2022-07-24 19:17:48,372] {logging_mixin.py:115} INFO - [2022-07-24 19:17:48,372] {dag.py:2915} INFO - Setting next_dagrun for example_branch_operator to 2022-07-23T00:00:00+00:00, run_after=2022-07-24T00:00:00+00:00
[2022-07-24 19:17:48,382] {processor.py:161} INFO - Processing /Users/jangheesu/opt/anaconda3/envs/airflow2.3.0/lib/python3.8/site-packages/airflow/example_dags/example_branch_operator.py took 0.101 seconds
