[2022-07-24 19:12:28,164] {processor.py:153} INFO - Started process (PID=77208) to work on /Users/jangheesu/opt/anaconda3/envs/airflow2.3.0/lib/python3.8/site-packages/airflow/example_dags/example_short_circuit_operator.py
[2022-07-24 19:12:28,164] {processor.py:641} INFO - Processing file /Users/jangheesu/opt/anaconda3/envs/airflow2.3.0/lib/python3.8/site-packages/airflow/example_dags/example_short_circuit_operator.py for tasks to queue
[2022-07-24 19:12:28,164] {logging_mixin.py:115} INFO - [2022-07-24 19:12:28,164] {dagbag.py:507} INFO - Filling up the DagBag from /Users/jangheesu/opt/anaconda3/envs/airflow2.3.0/lib/python3.8/site-packages/airflow/example_dags/example_short_circuit_operator.py
[2022-07-24 19:12:28,178] {processor.py:651} INFO - DAG(s) dict_keys(['example_short_circuit_operator']) retrieved from /Users/jangheesu/opt/anaconda3/envs/airflow2.3.0/lib/python3.8/site-packages/airflow/example_dags/example_short_circuit_operator.py
[2022-07-24 19:12:28,733] {logging_mixin.py:115} INFO - [2022-07-24 19:12:28,733] {manager.py:508} INFO - Created Permission View: can edit on DAG:example_short_circuit_operator
[2022-07-24 19:12:28,737] {logging_mixin.py:115} INFO - [2022-07-24 19:12:28,737] {manager.py:508} INFO - Created Permission View: can read on DAG:example_short_circuit_operator
[2022-07-24 19:12:28,740] {logging_mixin.py:115} INFO - [2022-07-24 19:12:28,740] {manager.py:508} INFO - Created Permission View: can delete on DAG:example_short_circuit_operator
[2022-07-24 19:12:28,740] {logging_mixin.py:115} INFO - [2022-07-24 19:12:28,740] {dag.py:2371} INFO - Sync 1 DAGs
[2022-07-24 19:12:28,744] {logging_mixin.py:115} INFO - [2022-07-24 19:12:28,744] {dag.py:2390} INFO - Creating ORM DAG for example_short_circuit_operator
[2022-07-24 19:12:28,750] {logging_mixin.py:115} INFO - [2022-07-24 19:12:28,750] {dag.py:2915} INFO - Setting next_dagrun for example_short_circuit_operator to 2022-07-23T10:12:28.750411+00:00, run_after=2022-07-24T10:12:28.750411+00:00
[2022-07-24 19:12:28,756] {processor.py:161} INFO - Processing /Users/jangheesu/opt/anaconda3/envs/airflow2.3.0/lib/python3.8/site-packages/airflow/example_dags/example_short_circuit_operator.py took 0.593 seconds
[2022-07-24 19:12:59,552] {processor.py:153} INFO - Started process (PID=77324) to work on /Users/jangheesu/opt/anaconda3/envs/airflow2.3.0/lib/python3.8/site-packages/airflow/example_dags/example_short_circuit_operator.py
[2022-07-24 19:12:59,552] {processor.py:641} INFO - Processing file /Users/jangheesu/opt/anaconda3/envs/airflow2.3.0/lib/python3.8/site-packages/airflow/example_dags/example_short_circuit_operator.py for tasks to queue
[2022-07-24 19:12:59,552] {logging_mixin.py:115} INFO - [2022-07-24 19:12:59,552] {dagbag.py:507} INFO - Filling up the DagBag from /Users/jangheesu/opt/anaconda3/envs/airflow2.3.0/lib/python3.8/site-packages/airflow/example_dags/example_short_circuit_operator.py
[2022-07-24 19:12:59,568] {processor.py:651} INFO - DAG(s) dict_keys(['example_short_circuit_operator']) retrieved from /Users/jangheesu/opt/anaconda3/envs/airflow2.3.0/lib/python3.8/site-packages/airflow/example_dags/example_short_circuit_operator.py
[2022-07-24 19:12:59,611] {logging_mixin.py:115} INFO - [2022-07-24 19:12:59,611] {dag.py:2371} INFO - Sync 1 DAGs
[2022-07-24 19:12:59,623] {logging_mixin.py:115} INFO - [2022-07-24 19:12:59,623] {dag.py:2915} INFO - Setting next_dagrun for example_short_circuit_operator to 2022-07-23T10:12:59.623644+00:00, run_after=2022-07-24T10:12:59.623644+00:00
[2022-07-24 19:12:59,630] {processor.py:161} INFO - Processing /Users/jangheesu/opt/anaconda3/envs/airflow2.3.0/lib/python3.8/site-packages/airflow/example_dags/example_short_circuit_operator.py took 0.079 seconds
[2022-07-24 19:13:30,137] {processor.py:153} INFO - Started process (PID=77432) to work on /Users/jangheesu/opt/anaconda3/envs/airflow2.3.0/lib/python3.8/site-packages/airflow/example_dags/example_short_circuit_operator.py
[2022-07-24 19:13:30,137] {processor.py:641} INFO - Processing file /Users/jangheesu/opt/anaconda3/envs/airflow2.3.0/lib/python3.8/site-packages/airflow/example_dags/example_short_circuit_operator.py for tasks to queue
[2022-07-24 19:13:30,138] {logging_mixin.py:115} INFO - [2022-07-24 19:13:30,138] {dagbag.py:507} INFO - Filling up the DagBag from /Users/jangheesu/opt/anaconda3/envs/airflow2.3.0/lib/python3.8/site-packages/airflow/example_dags/example_short_circuit_operator.py
[2022-07-24 19:13:30,151] {processor.py:651} INFO - DAG(s) dict_keys(['example_short_circuit_operator']) retrieved from /Users/jangheesu/opt/anaconda3/envs/airflow2.3.0/lib/python3.8/site-packages/airflow/example_dags/example_short_circuit_operator.py
[2022-07-24 19:13:30,190] {logging_mixin.py:115} INFO - [2022-07-24 19:13:30,190] {dag.py:2371} INFO - Sync 1 DAGs
[2022-07-24 19:13:30,203] {logging_mixin.py:115} INFO - [2022-07-24 19:13:30,203] {dag.py:2915} INFO - Setting next_dagrun for example_short_circuit_operator to 2022-07-23T10:13:30.203301+00:00, run_after=2022-07-24T10:13:30.203301+00:00
[2022-07-24 19:13:30,210] {processor.py:161} INFO - Processing /Users/jangheesu/opt/anaconda3/envs/airflow2.3.0/lib/python3.8/site-packages/airflow/example_dags/example_short_circuit_operator.py took 0.073 seconds
[2022-07-24 19:14:01,290] {processor.py:153} INFO - Started process (PID=77542) to work on /Users/jangheesu/opt/anaconda3/envs/airflow2.3.0/lib/python3.8/site-packages/airflow/example_dags/example_short_circuit_operator.py
[2022-07-24 19:14:01,290] {processor.py:641} INFO - Processing file /Users/jangheesu/opt/anaconda3/envs/airflow2.3.0/lib/python3.8/site-packages/airflow/example_dags/example_short_circuit_operator.py for tasks to queue
[2022-07-24 19:14:01,290] {logging_mixin.py:115} INFO - [2022-07-24 19:14:01,290] {dagbag.py:507} INFO - Filling up the DagBag from /Users/jangheesu/opt/anaconda3/envs/airflow2.3.0/lib/python3.8/site-packages/airflow/example_dags/example_short_circuit_operator.py
[2022-07-24 19:14:01,304] {processor.py:651} INFO - DAG(s) dict_keys(['example_short_circuit_operator']) retrieved from /Users/jangheesu/opt/anaconda3/envs/airflow2.3.0/lib/python3.8/site-packages/airflow/example_dags/example_short_circuit_operator.py
[2022-07-24 19:14:01,345] {logging_mixin.py:115} INFO - [2022-07-24 19:14:01,345] {dag.py:2371} INFO - Sync 1 DAGs
[2022-07-24 19:14:01,358] {logging_mixin.py:115} INFO - [2022-07-24 19:14:01,358] {dag.py:2915} INFO - Setting next_dagrun for example_short_circuit_operator to 2022-07-23T10:14:01.358039+00:00, run_after=2022-07-24T10:14:01.358039+00:00
[2022-07-24 19:14:01,364] {processor.py:161} INFO - Processing /Users/jangheesu/opt/anaconda3/envs/airflow2.3.0/lib/python3.8/site-packages/airflow/example_dags/example_short_circuit_operator.py took 0.074 seconds
[2022-07-24 19:14:32,580] {processor.py:153} INFO - Started process (PID=77692) to work on /Users/jangheesu/opt/anaconda3/envs/airflow2.3.0/lib/python3.8/site-packages/airflow/example_dags/example_short_circuit_operator.py
[2022-07-24 19:14:32,580] {processor.py:641} INFO - Processing file /Users/jangheesu/opt/anaconda3/envs/airflow2.3.0/lib/python3.8/site-packages/airflow/example_dags/example_short_circuit_operator.py for tasks to queue
[2022-07-24 19:14:32,580] {logging_mixin.py:115} INFO - [2022-07-24 19:14:32,580] {dagbag.py:507} INFO - Filling up the DagBag from /Users/jangheesu/opt/anaconda3/envs/airflow2.3.0/lib/python3.8/site-packages/airflow/example_dags/example_short_circuit_operator.py
[2022-07-24 19:14:32,594] {processor.py:651} INFO - DAG(s) dict_keys(['example_short_circuit_operator']) retrieved from /Users/jangheesu/opt/anaconda3/envs/airflow2.3.0/lib/python3.8/site-packages/airflow/example_dags/example_short_circuit_operator.py
[2022-07-24 19:14:32,638] {logging_mixin.py:115} INFO - [2022-07-24 19:14:32,638] {dag.py:2371} INFO - Sync 1 DAGs
[2022-07-24 19:14:32,653] {logging_mixin.py:115} INFO - [2022-07-24 19:14:32,653] {dag.py:2915} INFO - Setting next_dagrun for example_short_circuit_operator to 2022-07-23T10:14:32.653671+00:00, run_after=2022-07-24T10:14:32.653671+00:00
[2022-07-24 19:14:32,661] {processor.py:161} INFO - Processing /Users/jangheesu/opt/anaconda3/envs/airflow2.3.0/lib/python3.8/site-packages/airflow/example_dags/example_short_circuit_operator.py took 0.082 seconds
[2022-07-24 19:15:03,814] {processor.py:153} INFO - Started process (PID=77811) to work on /Users/jangheesu/opt/anaconda3/envs/airflow2.3.0/lib/python3.8/site-packages/airflow/example_dags/example_short_circuit_operator.py
[2022-07-24 19:15:03,815] {processor.py:641} INFO - Processing file /Users/jangheesu/opt/anaconda3/envs/airflow2.3.0/lib/python3.8/site-packages/airflow/example_dags/example_short_circuit_operator.py for tasks to queue
[2022-07-24 19:15:03,815] {logging_mixin.py:115} INFO - [2022-07-24 19:15:03,815] {dagbag.py:507} INFO - Filling up the DagBag from /Users/jangheesu/opt/anaconda3/envs/airflow2.3.0/lib/python3.8/site-packages/airflow/example_dags/example_short_circuit_operator.py
[2022-07-24 19:15:03,829] {processor.py:651} INFO - DAG(s) dict_keys(['example_short_circuit_operator']) retrieved from /Users/jangheesu/opt/anaconda3/envs/airflow2.3.0/lib/python3.8/site-packages/airflow/example_dags/example_short_circuit_operator.py
[2022-07-24 19:15:03,920] {logging_mixin.py:115} INFO - [2022-07-24 19:15:03,920] {dag.py:2371} INFO - Sync 1 DAGs
[2022-07-24 19:15:03,939] {logging_mixin.py:115} INFO - [2022-07-24 19:15:03,939] {dag.py:2915} INFO - Setting next_dagrun for example_short_circuit_operator to 2022-07-23T10:15:03.939303+00:00, run_after=2022-07-24T10:15:03.939303+00:00
[2022-07-24 19:15:03,946] {processor.py:161} INFO - Processing /Users/jangheesu/opt/anaconda3/envs/airflow2.3.0/lib/python3.8/site-packages/airflow/example_dags/example_short_circuit_operator.py took 0.132 seconds
[2022-07-24 19:15:34,722] {processor.py:153} INFO - Started process (PID=77918) to work on /Users/jangheesu/opt/anaconda3/envs/airflow2.3.0/lib/python3.8/site-packages/airflow/example_dags/example_short_circuit_operator.py
[2022-07-24 19:15:34,722] {processor.py:641} INFO - Processing file /Users/jangheesu/opt/anaconda3/envs/airflow2.3.0/lib/python3.8/site-packages/airflow/example_dags/example_short_circuit_operator.py for tasks to queue
[2022-07-24 19:15:34,722] {logging_mixin.py:115} INFO - [2022-07-24 19:15:34,722] {dagbag.py:507} INFO - Filling up the DagBag from /Users/jangheesu/opt/anaconda3/envs/airflow2.3.0/lib/python3.8/site-packages/airflow/example_dags/example_short_circuit_operator.py
[2022-07-24 19:15:34,735] {processor.py:651} INFO - DAG(s) dict_keys(['example_short_circuit_operator']) retrieved from /Users/jangheesu/opt/anaconda3/envs/airflow2.3.0/lib/python3.8/site-packages/airflow/example_dags/example_short_circuit_operator.py
[2022-07-24 19:15:34,779] {logging_mixin.py:115} INFO - [2022-07-24 19:15:34,779] {dag.py:2371} INFO - Sync 1 DAGs
[2022-07-24 19:15:34,793] {logging_mixin.py:115} INFO - [2022-07-24 19:15:34,793] {dag.py:2915} INFO - Setting next_dagrun for example_short_circuit_operator to 2022-07-23T10:15:34.793031+00:00, run_after=2022-07-24T10:15:34.793031+00:00
[2022-07-24 19:15:34,799] {processor.py:161} INFO - Processing /Users/jangheesu/opt/anaconda3/envs/airflow2.3.0/lib/python3.8/site-packages/airflow/example_dags/example_short_circuit_operator.py took 0.078 seconds
[2022-07-24 19:16:06,997] {processor.py:153} INFO - Started process (PID=78024) to work on /Users/jangheesu/opt/anaconda3/envs/airflow2.3.0/lib/python3.8/site-packages/airflow/example_dags/example_short_circuit_operator.py
[2022-07-24 19:16:06,998] {processor.py:641} INFO - Processing file /Users/jangheesu/opt/anaconda3/envs/airflow2.3.0/lib/python3.8/site-packages/airflow/example_dags/example_short_circuit_operator.py for tasks to queue
[2022-07-24 19:16:06,998] {logging_mixin.py:115} INFO - [2022-07-24 19:16:06,998] {dagbag.py:507} INFO - Filling up the DagBag from /Users/jangheesu/opt/anaconda3/envs/airflow2.3.0/lib/python3.8/site-packages/airflow/example_dags/example_short_circuit_operator.py
[2022-07-24 19:16:07,012] {processor.py:651} INFO - DAG(s) dict_keys(['example_short_circuit_operator']) retrieved from /Users/jangheesu/opt/anaconda3/envs/airflow2.3.0/lib/python3.8/site-packages/airflow/example_dags/example_short_circuit_operator.py
[2022-07-24 19:16:07,056] {logging_mixin.py:115} INFO - [2022-07-24 19:16:07,056] {dag.py:2371} INFO - Sync 1 DAGs
[2022-07-24 19:16:07,069] {logging_mixin.py:115} INFO - [2022-07-24 19:16:07,069] {dag.py:2915} INFO - Setting next_dagrun for example_short_circuit_operator to 2022-07-23T10:16:07.069667+00:00, run_after=2022-07-24T10:16:07.069667+00:00
[2022-07-24 19:16:07,077] {processor.py:161} INFO - Processing /Users/jangheesu/opt/anaconda3/envs/airflow2.3.0/lib/python3.8/site-packages/airflow/example_dags/example_short_circuit_operator.py took 0.080 seconds
[2022-07-24 19:16:39,098] {processor.py:153} INFO - Started process (PID=78137) to work on /Users/jangheesu/opt/anaconda3/envs/airflow2.3.0/lib/python3.8/site-packages/airflow/example_dags/example_short_circuit_operator.py
[2022-07-24 19:16:39,098] {processor.py:641} INFO - Processing file /Users/jangheesu/opt/anaconda3/envs/airflow2.3.0/lib/python3.8/site-packages/airflow/example_dags/example_short_circuit_operator.py for tasks to queue
[2022-07-24 19:16:39,098] {logging_mixin.py:115} INFO - [2022-07-24 19:16:39,098] {dagbag.py:507} INFO - Filling up the DagBag from /Users/jangheesu/opt/anaconda3/envs/airflow2.3.0/lib/python3.8/site-packages/airflow/example_dags/example_short_circuit_operator.py
[2022-07-24 19:16:39,111] {processor.py:651} INFO - DAG(s) dict_keys(['example_short_circuit_operator']) retrieved from /Users/jangheesu/opt/anaconda3/envs/airflow2.3.0/lib/python3.8/site-packages/airflow/example_dags/example_short_circuit_operator.py
[2022-07-24 19:16:39,154] {logging_mixin.py:115} INFO - [2022-07-24 19:16:39,153] {dag.py:2371} INFO - Sync 1 DAGs
[2022-07-24 19:16:39,165] {logging_mixin.py:115} INFO - [2022-07-24 19:16:39,164] {dag.py:2915} INFO - Setting next_dagrun for example_short_circuit_operator to 2022-07-23T10:16:39.164838+00:00, run_after=2022-07-24T10:16:39.164838+00:00
[2022-07-24 19:16:39,170] {processor.py:161} INFO - Processing /Users/jangheesu/opt/anaconda3/envs/airflow2.3.0/lib/python3.8/site-packages/airflow/example_dags/example_short_circuit_operator.py took 0.073 seconds
[2022-07-24 19:17:10,784] {processor.py:153} INFO - Started process (PID=78244) to work on /Users/jangheesu/opt/anaconda3/envs/airflow2.3.0/lib/python3.8/site-packages/airflow/example_dags/example_short_circuit_operator.py
[2022-07-24 19:17:10,784] {processor.py:641} INFO - Processing file /Users/jangheesu/opt/anaconda3/envs/airflow2.3.0/lib/python3.8/site-packages/airflow/example_dags/example_short_circuit_operator.py for tasks to queue
[2022-07-24 19:17:10,785] {logging_mixin.py:115} INFO - [2022-07-24 19:17:10,785] {dagbag.py:507} INFO - Filling up the DagBag from /Users/jangheesu/opt/anaconda3/envs/airflow2.3.0/lib/python3.8/site-packages/airflow/example_dags/example_short_circuit_operator.py
[2022-07-24 19:17:10,798] {processor.py:651} INFO - DAG(s) dict_keys(['example_short_circuit_operator']) retrieved from /Users/jangheesu/opt/anaconda3/envs/airflow2.3.0/lib/python3.8/site-packages/airflow/example_dags/example_short_circuit_operator.py
[2022-07-24 19:17:10,838] {logging_mixin.py:115} INFO - [2022-07-24 19:17:10,838] {dag.py:2371} INFO - Sync 1 DAGs
[2022-07-24 19:17:10,850] {logging_mixin.py:115} INFO - [2022-07-24 19:17:10,850] {dag.py:2915} INFO - Setting next_dagrun for example_short_circuit_operator to 2022-07-23T10:17:10.850605+00:00, run_after=2022-07-24T10:17:10.850605+00:00
[2022-07-24 19:17:10,856] {processor.py:161} INFO - Processing /Users/jangheesu/opt/anaconda3/envs/airflow2.3.0/lib/python3.8/site-packages/airflow/example_dags/example_short_circuit_operator.py took 0.072 seconds
[2022-07-24 19:17:43,172] {processor.py:153} INFO - Started process (PID=78607) to work on /Users/jangheesu/opt/anaconda3/envs/airflow2.3.0/lib/python3.8/site-packages/airflow/example_dags/example_short_circuit_operator.py
[2022-07-24 19:17:43,172] {processor.py:641} INFO - Processing file /Users/jangheesu/opt/anaconda3/envs/airflow2.3.0/lib/python3.8/site-packages/airflow/example_dags/example_short_circuit_operator.py for tasks to queue
[2022-07-24 19:17:43,172] {logging_mixin.py:115} INFO - [2022-07-24 19:17:43,172] {dagbag.py:507} INFO - Filling up the DagBag from /Users/jangheesu/opt/anaconda3/envs/airflow2.3.0/lib/python3.8/site-packages/airflow/example_dags/example_short_circuit_operator.py
[2022-07-24 19:17:43,195] {processor.py:651} INFO - DAG(s) dict_keys(['example_short_circuit_operator']) retrieved from /Users/jangheesu/opt/anaconda3/envs/airflow2.3.0/lib/python3.8/site-packages/airflow/example_dags/example_short_circuit_operator.py
[2022-07-24 19:17:43,253] {logging_mixin.py:115} INFO - [2022-07-24 19:17:43,253] {dag.py:2371} INFO - Sync 1 DAGs
[2022-07-24 19:17:43,271] {logging_mixin.py:115} INFO - [2022-07-24 19:17:43,271] {dag.py:2915} INFO - Setting next_dagrun for example_short_circuit_operator to 2022-07-23T10:17:43.270840+00:00, run_after=2022-07-24T10:17:43.270840+00:00
[2022-07-24 19:17:43,281] {processor.py:161} INFO - Processing /Users/jangheesu/opt/anaconda3/envs/airflow2.3.0/lib/python3.8/site-packages/airflow/example_dags/example_short_circuit_operator.py took 0.111 seconds
