[2022-07-24 19:12:25,792] {processor.py:153} INFO - Started process (PID=77196) to work on /Users/jangheesu/opt/anaconda3/envs/airflow2.3.0/lib/python3.8/site-packages/airflow/example_dags/example_task_group.py
[2022-07-24 19:12:25,792] {processor.py:641} INFO - Processing file /Users/jangheesu/opt/anaconda3/envs/airflow2.3.0/lib/python3.8/site-packages/airflow/example_dags/example_task_group.py for tasks to queue
[2022-07-24 19:12:25,792] {logging_mixin.py:115} INFO - [2022-07-24 19:12:25,792] {dagbag.py:507} INFO - Filling up the DagBag from /Users/jangheesu/opt/anaconda3/envs/airflow2.3.0/lib/python3.8/site-packages/airflow/example_dags/example_task_group.py
[2022-07-24 19:12:25,800] {processor.py:651} INFO - DAG(s) dict_keys(['example_task_group']) retrieved from /Users/jangheesu/opt/anaconda3/envs/airflow2.3.0/lib/python3.8/site-packages/airflow/example_dags/example_task_group.py
[2022-07-24 19:12:26,356] {logging_mixin.py:115} INFO - [2022-07-24 19:12:26,356] {manager.py:508} INFO - Created Permission View: can edit on DAG:example_task_group
[2022-07-24 19:12:26,360] {logging_mixin.py:115} INFO - [2022-07-24 19:12:26,360] {manager.py:508} INFO - Created Permission View: can read on DAG:example_task_group
[2022-07-24 19:12:26,363] {logging_mixin.py:115} INFO - [2022-07-24 19:12:26,363] {manager.py:508} INFO - Created Permission View: can delete on DAG:example_task_group
[2022-07-24 19:12:26,363] {logging_mixin.py:115} INFO - [2022-07-24 19:12:26,363] {dag.py:2371} INFO - Sync 1 DAGs
[2022-07-24 19:12:26,368] {logging_mixin.py:115} INFO - [2022-07-24 19:12:26,368] {dag.py:2390} INFO - Creating ORM DAG for example_task_group
[2022-07-24 19:12:26,374] {logging_mixin.py:115} INFO - [2022-07-24 19:12:26,374] {dag.py:2915} INFO - Setting next_dagrun for example_task_group to 2022-07-23T10:12:26.374346+00:00, run_after=2022-07-24T10:12:26.374346+00:00
[2022-07-24 19:12:26,382] {processor.py:161} INFO - Processing /Users/jangheesu/opt/anaconda3/envs/airflow2.3.0/lib/python3.8/site-packages/airflow/example_dags/example_task_group.py took 0.591 seconds
[2022-07-24 19:12:57,419] {processor.py:153} INFO - Started process (PID=77312) to work on /Users/jangheesu/opt/anaconda3/envs/airflow2.3.0/lib/python3.8/site-packages/airflow/example_dags/example_task_group.py
[2022-07-24 19:12:57,420] {processor.py:641} INFO - Processing file /Users/jangheesu/opt/anaconda3/envs/airflow2.3.0/lib/python3.8/site-packages/airflow/example_dags/example_task_group.py for tasks to queue
[2022-07-24 19:12:57,421] {logging_mixin.py:115} INFO - [2022-07-24 19:12:57,421] {dagbag.py:507} INFO - Filling up the DagBag from /Users/jangheesu/opt/anaconda3/envs/airflow2.3.0/lib/python3.8/site-packages/airflow/example_dags/example_task_group.py
[2022-07-24 19:12:57,428] {processor.py:651} INFO - DAG(s) dict_keys(['example_task_group']) retrieved from /Users/jangheesu/opt/anaconda3/envs/airflow2.3.0/lib/python3.8/site-packages/airflow/example_dags/example_task_group.py
[2022-07-24 19:12:57,472] {logging_mixin.py:115} INFO - [2022-07-24 19:12:57,472] {dag.py:2371} INFO - Sync 1 DAGs
[2022-07-24 19:12:57,484] {logging_mixin.py:115} INFO - [2022-07-24 19:12:57,484] {dag.py:2915} INFO - Setting next_dagrun for example_task_group to 2022-07-23T10:12:57.484392+00:00, run_after=2022-07-24T10:12:57.484392+00:00
[2022-07-24 19:12:57,491] {processor.py:161} INFO - Processing /Users/jangheesu/opt/anaconda3/envs/airflow2.3.0/lib/python3.8/site-packages/airflow/example_dags/example_task_group.py took 0.072 seconds
[2022-07-24 19:13:28,574] {processor.py:153} INFO - Started process (PID=77419) to work on /Users/jangheesu/opt/anaconda3/envs/airflow2.3.0/lib/python3.8/site-packages/airflow/example_dags/example_task_group.py
[2022-07-24 19:13:28,574] {processor.py:641} INFO - Processing file /Users/jangheesu/opt/anaconda3/envs/airflow2.3.0/lib/python3.8/site-packages/airflow/example_dags/example_task_group.py for tasks to queue
[2022-07-24 19:13:28,575] {logging_mixin.py:115} INFO - [2022-07-24 19:13:28,575] {dagbag.py:507} INFO - Filling up the DagBag from /Users/jangheesu/opt/anaconda3/envs/airflow2.3.0/lib/python3.8/site-packages/airflow/example_dags/example_task_group.py
[2022-07-24 19:13:28,582] {processor.py:651} INFO - DAG(s) dict_keys(['example_task_group']) retrieved from /Users/jangheesu/opt/anaconda3/envs/airflow2.3.0/lib/python3.8/site-packages/airflow/example_dags/example_task_group.py
[2022-07-24 19:13:28,623] {logging_mixin.py:115} INFO - [2022-07-24 19:13:28,623] {dag.py:2371} INFO - Sync 1 DAGs
[2022-07-24 19:13:28,636] {logging_mixin.py:115} INFO - [2022-07-24 19:13:28,636] {dag.py:2915} INFO - Setting next_dagrun for example_task_group to 2022-07-23T10:13:28.635944+00:00, run_after=2022-07-24T10:13:28.635944+00:00
[2022-07-24 19:13:28,643] {processor.py:161} INFO - Processing /Users/jangheesu/opt/anaconda3/envs/airflow2.3.0/lib/python3.8/site-packages/airflow/example_dags/example_task_group.py took 0.069 seconds
[2022-07-24 19:13:59,698] {processor.py:153} INFO - Started process (PID=77528) to work on /Users/jangheesu/opt/anaconda3/envs/airflow2.3.0/lib/python3.8/site-packages/airflow/example_dags/example_task_group.py
[2022-07-24 19:13:59,698] {processor.py:641} INFO - Processing file /Users/jangheesu/opt/anaconda3/envs/airflow2.3.0/lib/python3.8/site-packages/airflow/example_dags/example_task_group.py for tasks to queue
[2022-07-24 19:13:59,698] {logging_mixin.py:115} INFO - [2022-07-24 19:13:59,698] {dagbag.py:507} INFO - Filling up the DagBag from /Users/jangheesu/opt/anaconda3/envs/airflow2.3.0/lib/python3.8/site-packages/airflow/example_dags/example_task_group.py
[2022-07-24 19:13:59,705] {processor.py:651} INFO - DAG(s) dict_keys(['example_task_group']) retrieved from /Users/jangheesu/opt/anaconda3/envs/airflow2.3.0/lib/python3.8/site-packages/airflow/example_dags/example_task_group.py
[2022-07-24 19:13:59,747] {logging_mixin.py:115} INFO - [2022-07-24 19:13:59,747] {dag.py:2371} INFO - Sync 1 DAGs
[2022-07-24 19:13:59,759] {logging_mixin.py:115} INFO - [2022-07-24 19:13:59,759] {dag.py:2915} INFO - Setting next_dagrun for example_task_group to 2022-07-23T10:13:59.759462+00:00, run_after=2022-07-24T10:13:59.759462+00:00
[2022-07-24 19:13:59,766] {processor.py:161} INFO - Processing /Users/jangheesu/opt/anaconda3/envs/airflow2.3.0/lib/python3.8/site-packages/airflow/example_dags/example_task_group.py took 0.069 seconds
[2022-07-24 19:14:30,993] {processor.py:153} INFO - Started process (PID=77679) to work on /Users/jangheesu/opt/anaconda3/envs/airflow2.3.0/lib/python3.8/site-packages/airflow/example_dags/example_task_group.py
[2022-07-24 19:14:30,993] {processor.py:641} INFO - Processing file /Users/jangheesu/opt/anaconda3/envs/airflow2.3.0/lib/python3.8/site-packages/airflow/example_dags/example_task_group.py for tasks to queue
[2022-07-24 19:14:30,993] {logging_mixin.py:115} INFO - [2022-07-24 19:14:30,993] {dagbag.py:507} INFO - Filling up the DagBag from /Users/jangheesu/opt/anaconda3/envs/airflow2.3.0/lib/python3.8/site-packages/airflow/example_dags/example_task_group.py
[2022-07-24 19:14:31,001] {processor.py:651} INFO - DAG(s) dict_keys(['example_task_group']) retrieved from /Users/jangheesu/opt/anaconda3/envs/airflow2.3.0/lib/python3.8/site-packages/airflow/example_dags/example_task_group.py
[2022-07-24 19:14:31,045] {logging_mixin.py:115} INFO - [2022-07-24 19:14:31,045] {dag.py:2371} INFO - Sync 1 DAGs
[2022-07-24 19:14:31,057] {logging_mixin.py:115} INFO - [2022-07-24 19:14:31,057] {dag.py:2915} INFO - Setting next_dagrun for example_task_group to 2022-07-23T10:14:31.057442+00:00, run_after=2022-07-24T10:14:31.057442+00:00
[2022-07-24 19:14:31,065] {processor.py:161} INFO - Processing /Users/jangheesu/opt/anaconda3/envs/airflow2.3.0/lib/python3.8/site-packages/airflow/example_dags/example_task_group.py took 0.072 seconds
[2022-07-24 19:15:01,943] {processor.py:153} INFO - Started process (PID=77794) to work on /Users/jangheesu/opt/anaconda3/envs/airflow2.3.0/lib/python3.8/site-packages/airflow/example_dags/example_task_group.py
[2022-07-24 19:15:01,943] {processor.py:641} INFO - Processing file /Users/jangheesu/opt/anaconda3/envs/airflow2.3.0/lib/python3.8/site-packages/airflow/example_dags/example_task_group.py for tasks to queue
[2022-07-24 19:15:01,944] {logging_mixin.py:115} INFO - [2022-07-24 19:15:01,943] {dagbag.py:507} INFO - Filling up the DagBag from /Users/jangheesu/opt/anaconda3/envs/airflow2.3.0/lib/python3.8/site-packages/airflow/example_dags/example_task_group.py
[2022-07-24 19:15:01,952] {processor.py:651} INFO - DAG(s) dict_keys(['example_task_group']) retrieved from /Users/jangheesu/opt/anaconda3/envs/airflow2.3.0/lib/python3.8/site-packages/airflow/example_dags/example_task_group.py
[2022-07-24 19:15:02,024] {logging_mixin.py:115} INFO - [2022-07-24 19:15:02,024] {dag.py:2371} INFO - Sync 1 DAGs
[2022-07-24 19:15:02,037] {logging_mixin.py:115} INFO - [2022-07-24 19:15:02,037] {dag.py:2915} INFO - Setting next_dagrun for example_task_group to 2022-07-23T10:15:02.037283+00:00, run_after=2022-07-24T10:15:02.037283+00:00
[2022-07-24 19:15:02,045] {processor.py:161} INFO - Processing /Users/jangheesu/opt/anaconda3/envs/airflow2.3.0/lib/python3.8/site-packages/airflow/example_dags/example_task_group.py took 0.102 seconds
[2022-07-24 19:15:32,986] {processor.py:153} INFO - Started process (PID=77902) to work on /Users/jangheesu/opt/anaconda3/envs/airflow2.3.0/lib/python3.8/site-packages/airflow/example_dags/example_task_group.py
[2022-07-24 19:15:32,987] {processor.py:641} INFO - Processing file /Users/jangheesu/opt/anaconda3/envs/airflow2.3.0/lib/python3.8/site-packages/airflow/example_dags/example_task_group.py for tasks to queue
[2022-07-24 19:15:32,987] {logging_mixin.py:115} INFO - [2022-07-24 19:15:32,987] {dagbag.py:507} INFO - Filling up the DagBag from /Users/jangheesu/opt/anaconda3/envs/airflow2.3.0/lib/python3.8/site-packages/airflow/example_dags/example_task_group.py
[2022-07-24 19:15:32,994] {processor.py:651} INFO - DAG(s) dict_keys(['example_task_group']) retrieved from /Users/jangheesu/opt/anaconda3/envs/airflow2.3.0/lib/python3.8/site-packages/airflow/example_dags/example_task_group.py
[2022-07-24 19:15:33,037] {logging_mixin.py:115} INFO - [2022-07-24 19:15:33,037] {dag.py:2371} INFO - Sync 1 DAGs
[2022-07-24 19:15:33,050] {logging_mixin.py:115} INFO - [2022-07-24 19:15:33,050] {dag.py:2915} INFO - Setting next_dagrun for example_task_group to 2022-07-23T10:15:33.050229+00:00, run_after=2022-07-24T10:15:33.050229+00:00
[2022-07-24 19:15:33,057] {processor.py:161} INFO - Processing /Users/jangheesu/opt/anaconda3/envs/airflow2.3.0/lib/python3.8/site-packages/airflow/example_dags/example_task_group.py took 0.071 seconds
[2022-07-24 19:16:05,833] {processor.py:153} INFO - Started process (PID=78014) to work on /Users/jangheesu/opt/anaconda3/envs/airflow2.3.0/lib/python3.8/site-packages/airflow/example_dags/example_task_group.py
[2022-07-24 19:16:05,833] {processor.py:641} INFO - Processing file /Users/jangheesu/opt/anaconda3/envs/airflow2.3.0/lib/python3.8/site-packages/airflow/example_dags/example_task_group.py for tasks to queue
[2022-07-24 19:16:05,833] {logging_mixin.py:115} INFO - [2022-07-24 19:16:05,833] {dagbag.py:507} INFO - Filling up the DagBag from /Users/jangheesu/opt/anaconda3/envs/airflow2.3.0/lib/python3.8/site-packages/airflow/example_dags/example_task_group.py
[2022-07-24 19:16:05,841] {processor.py:651} INFO - DAG(s) dict_keys(['example_task_group']) retrieved from /Users/jangheesu/opt/anaconda3/envs/airflow2.3.0/lib/python3.8/site-packages/airflow/example_dags/example_task_group.py
[2022-07-24 19:16:05,888] {logging_mixin.py:115} INFO - [2022-07-24 19:16:05,888] {dag.py:2371} INFO - Sync 1 DAGs
[2022-07-24 19:16:05,904] {logging_mixin.py:115} INFO - [2022-07-24 19:16:05,904] {dag.py:2915} INFO - Setting next_dagrun for example_task_group to 2022-07-23T10:16:05.904533+00:00, run_after=2022-07-24T10:16:05.904533+00:00
[2022-07-24 19:16:05,912] {processor.py:161} INFO - Processing /Users/jangheesu/opt/anaconda3/envs/airflow2.3.0/lib/python3.8/site-packages/airflow/example_dags/example_task_group.py took 0.080 seconds
[2022-07-24 19:16:37,956] {processor.py:153} INFO - Started process (PID=78125) to work on /Users/jangheesu/opt/anaconda3/envs/airflow2.3.0/lib/python3.8/site-packages/airflow/example_dags/example_task_group.py
[2022-07-24 19:16:37,956] {processor.py:641} INFO - Processing file /Users/jangheesu/opt/anaconda3/envs/airflow2.3.0/lib/python3.8/site-packages/airflow/example_dags/example_task_group.py for tasks to queue
[2022-07-24 19:16:37,956] {logging_mixin.py:115} INFO - [2022-07-24 19:16:37,956] {dagbag.py:507} INFO - Filling up the DagBag from /Users/jangheesu/opt/anaconda3/envs/airflow2.3.0/lib/python3.8/site-packages/airflow/example_dags/example_task_group.py
[2022-07-24 19:16:37,963] {processor.py:651} INFO - DAG(s) dict_keys(['example_task_group']) retrieved from /Users/jangheesu/opt/anaconda3/envs/airflow2.3.0/lib/python3.8/site-packages/airflow/example_dags/example_task_group.py
[2022-07-24 19:16:38,006] {logging_mixin.py:115} INFO - [2022-07-24 19:16:38,005] {dag.py:2371} INFO - Sync 1 DAGs
[2022-07-24 19:16:38,018] {logging_mixin.py:115} INFO - [2022-07-24 19:16:38,018] {dag.py:2915} INFO - Setting next_dagrun for example_task_group to 2022-07-23T10:16:38.018491+00:00, run_after=2022-07-24T10:16:38.018491+00:00
[2022-07-24 19:16:38,025] {processor.py:161} INFO - Processing /Users/jangheesu/opt/anaconda3/envs/airflow2.3.0/lib/python3.8/site-packages/airflow/example_dags/example_task_group.py took 0.070 seconds
[2022-07-24 19:17:09,632] {processor.py:153} INFO - Started process (PID=78232) to work on /Users/jangheesu/opt/anaconda3/envs/airflow2.3.0/lib/python3.8/site-packages/airflow/example_dags/example_task_group.py
[2022-07-24 19:17:09,632] {processor.py:641} INFO - Processing file /Users/jangheesu/opt/anaconda3/envs/airflow2.3.0/lib/python3.8/site-packages/airflow/example_dags/example_task_group.py for tasks to queue
[2022-07-24 19:17:09,632] {logging_mixin.py:115} INFO - [2022-07-24 19:17:09,632] {dagbag.py:507} INFO - Filling up the DagBag from /Users/jangheesu/opt/anaconda3/envs/airflow2.3.0/lib/python3.8/site-packages/airflow/example_dags/example_task_group.py
[2022-07-24 19:17:09,639] {processor.py:651} INFO - DAG(s) dict_keys(['example_task_group']) retrieved from /Users/jangheesu/opt/anaconda3/envs/airflow2.3.0/lib/python3.8/site-packages/airflow/example_dags/example_task_group.py
[2022-07-24 19:17:09,683] {logging_mixin.py:115} INFO - [2022-07-24 19:17:09,683] {dag.py:2371} INFO - Sync 1 DAGs
[2022-07-24 19:17:09,695] {logging_mixin.py:115} INFO - [2022-07-24 19:17:09,695] {dag.py:2915} INFO - Setting next_dagrun for example_task_group to 2022-07-23T10:17:09.695379+00:00, run_after=2022-07-24T10:17:09.695379+00:00
[2022-07-24 19:17:09,702] {processor.py:161} INFO - Processing /Users/jangheesu/opt/anaconda3/envs/airflow2.3.0/lib/python3.8/site-packages/airflow/example_dags/example_task_group.py took 0.071 seconds
[2022-07-24 19:17:41,309] {processor.py:153} INFO - Started process (PID=78596) to work on /Users/jangheesu/opt/anaconda3/envs/airflow2.3.0/lib/python3.8/site-packages/airflow/example_dags/example_task_group.py
[2022-07-24 19:17:41,309] {processor.py:641} INFO - Processing file /Users/jangheesu/opt/anaconda3/envs/airflow2.3.0/lib/python3.8/site-packages/airflow/example_dags/example_task_group.py for tasks to queue
[2022-07-24 19:17:41,309] {logging_mixin.py:115} INFO - [2022-07-24 19:17:41,309] {dagbag.py:507} INFO - Filling up the DagBag from /Users/jangheesu/opt/anaconda3/envs/airflow2.3.0/lib/python3.8/site-packages/airflow/example_dags/example_task_group.py
[2022-07-24 19:17:41,318] {processor.py:651} INFO - DAG(s) dict_keys(['example_task_group']) retrieved from /Users/jangheesu/opt/anaconda3/envs/airflow2.3.0/lib/python3.8/site-packages/airflow/example_dags/example_task_group.py
[2022-07-24 19:17:41,367] {logging_mixin.py:115} INFO - [2022-07-24 19:17:41,367] {dag.py:2371} INFO - Sync 1 DAGs
[2022-07-24 19:17:41,380] {logging_mixin.py:115} INFO - [2022-07-24 19:17:41,380] {dag.py:2915} INFO - Setting next_dagrun for example_task_group to 2022-07-23T10:17:41.380412+00:00, run_after=2022-07-24T10:17:41.380412+00:00
[2022-07-24 19:17:41,389] {processor.py:161} INFO - Processing /Users/jangheesu/opt/anaconda3/envs/airflow2.3.0/lib/python3.8/site-packages/airflow/example_dags/example_task_group.py took 0.080 seconds
