[2022-07-24 19:12:32,654] {processor.py:153} INFO - Started process (PID=77237) to work on /Users/jangheesu/opt/anaconda3/envs/airflow2.3.0/lib/python3.8/site-packages/airflow/example_dags/example_kubernetes_executor.py
[2022-07-24 19:12:32,654] {processor.py:641} INFO - Processing file /Users/jangheesu/opt/anaconda3/envs/airflow2.3.0/lib/python3.8/site-packages/airflow/example_dags/example_kubernetes_executor.py for tasks to queue
[2022-07-24 19:12:32,654] {logging_mixin.py:115} INFO - [2022-07-24 19:12:32,654] {dagbag.py:507} INFO - Filling up the DagBag from /Users/jangheesu/opt/anaconda3/envs/airflow2.3.0/lib/python3.8/site-packages/airflow/example_dags/example_kubernetes_executor.py
[2022-07-24 19:12:32,668] {logging_mixin.py:115} INFO - [2022-07-24 19:12:32,668] {example_kubernetes_executor.py:39} WARNING - The example_kubernetes_executor example DAG requires the kubernetes provider. Please install it with: pip install apache-airflow[cncf.kubernetes]
[2022-07-24 19:12:32,668] {processor.py:653} WARNING - No viable dags retrieved from /Users/jangheesu/opt/anaconda3/envs/airflow2.3.0/lib/python3.8/site-packages/airflow/example_dags/example_kubernetes_executor.py
[2022-07-24 19:12:32,696] {processor.py:161} INFO - Processing /Users/jangheesu/opt/anaconda3/envs/airflow2.3.0/lib/python3.8/site-packages/airflow/example_dags/example_kubernetes_executor.py took 0.043 seconds
[2022-07-24 19:13:03,832] {processor.py:153} INFO - Started process (PID=77347) to work on /Users/jangheesu/opt/anaconda3/envs/airflow2.3.0/lib/python3.8/site-packages/airflow/example_dags/example_kubernetes_executor.py
[2022-07-24 19:13:03,833] {processor.py:641} INFO - Processing file /Users/jangheesu/opt/anaconda3/envs/airflow2.3.0/lib/python3.8/site-packages/airflow/example_dags/example_kubernetes_executor.py for tasks to queue
[2022-07-24 19:13:03,833] {logging_mixin.py:115} INFO - [2022-07-24 19:13:03,833] {dagbag.py:507} INFO - Filling up the DagBag from /Users/jangheesu/opt/anaconda3/envs/airflow2.3.0/lib/python3.8/site-packages/airflow/example_dags/example_kubernetes_executor.py
[2022-07-24 19:13:03,845] {logging_mixin.py:115} INFO - [2022-07-24 19:13:03,845] {example_kubernetes_executor.py:39} WARNING - The example_kubernetes_executor example DAG requires the kubernetes provider. Please install it with: pip install apache-airflow[cncf.kubernetes]
[2022-07-24 19:13:03,845] {processor.py:653} WARNING - No viable dags retrieved from /Users/jangheesu/opt/anaconda3/envs/airflow2.3.0/lib/python3.8/site-packages/airflow/example_dags/example_kubernetes_executor.py
[2022-07-24 19:13:03,876] {processor.py:161} INFO - Processing /Users/jangheesu/opt/anaconda3/envs/airflow2.3.0/lib/python3.8/site-packages/airflow/example_dags/example_kubernetes_executor.py took 0.045 seconds
[2022-07-24 19:13:34,487] {processor.py:153} INFO - Started process (PID=77455) to work on /Users/jangheesu/opt/anaconda3/envs/airflow2.3.0/lib/python3.8/site-packages/airflow/example_dags/example_kubernetes_executor.py
[2022-07-24 19:13:34,487] {processor.py:641} INFO - Processing file /Users/jangheesu/opt/anaconda3/envs/airflow2.3.0/lib/python3.8/site-packages/airflow/example_dags/example_kubernetes_executor.py for tasks to queue
[2022-07-24 19:13:34,487] {logging_mixin.py:115} INFO - [2022-07-24 19:13:34,487] {dagbag.py:507} INFO - Filling up the DagBag from /Users/jangheesu/opt/anaconda3/envs/airflow2.3.0/lib/python3.8/site-packages/airflow/example_dags/example_kubernetes_executor.py
[2022-07-24 19:13:34,499] {logging_mixin.py:115} INFO - [2022-07-24 19:13:34,499] {example_kubernetes_executor.py:39} WARNING - The example_kubernetes_executor example DAG requires the kubernetes provider. Please install it with: pip install apache-airflow[cncf.kubernetes]
[2022-07-24 19:13:34,499] {processor.py:653} WARNING - No viable dags retrieved from /Users/jangheesu/opt/anaconda3/envs/airflow2.3.0/lib/python3.8/site-packages/airflow/example_dags/example_kubernetes_executor.py
[2022-07-24 19:13:34,528] {processor.py:161} INFO - Processing /Users/jangheesu/opt/anaconda3/envs/airflow2.3.0/lib/python3.8/site-packages/airflow/example_dags/example_kubernetes_executor.py took 0.042 seconds
[2022-07-24 19:14:05,651] {processor.py:153} INFO - Started process (PID=77605) to work on /Users/jangheesu/opt/anaconda3/envs/airflow2.3.0/lib/python3.8/site-packages/airflow/example_dags/example_kubernetes_executor.py
[2022-07-24 19:14:05,651] {processor.py:641} INFO - Processing file /Users/jangheesu/opt/anaconda3/envs/airflow2.3.0/lib/python3.8/site-packages/airflow/example_dags/example_kubernetes_executor.py for tasks to queue
[2022-07-24 19:14:05,651] {logging_mixin.py:115} INFO - [2022-07-24 19:14:05,651] {dagbag.py:507} INFO - Filling up the DagBag from /Users/jangheesu/opt/anaconda3/envs/airflow2.3.0/lib/python3.8/site-packages/airflow/example_dags/example_kubernetes_executor.py
[2022-07-24 19:14:05,663] {logging_mixin.py:115} INFO - [2022-07-24 19:14:05,663] {example_kubernetes_executor.py:39} WARNING - The example_kubernetes_executor example DAG requires the kubernetes provider. Please install it with: pip install apache-airflow[cncf.kubernetes]
[2022-07-24 19:14:05,664] {processor.py:653} WARNING - No viable dags retrieved from /Users/jangheesu/opt/anaconda3/envs/airflow2.3.0/lib/python3.8/site-packages/airflow/example_dags/example_kubernetes_executor.py
[2022-07-24 19:14:05,692] {processor.py:161} INFO - Processing /Users/jangheesu/opt/anaconda3/envs/airflow2.3.0/lib/python3.8/site-packages/airflow/example_dags/example_kubernetes_executor.py took 0.041 seconds
[2022-07-24 19:14:36,420] {processor.py:153} INFO - Started process (PID=77714) to work on /Users/jangheesu/opt/anaconda3/envs/airflow2.3.0/lib/python3.8/site-packages/airflow/example_dags/example_kubernetes_executor.py
[2022-07-24 19:14:36,420] {processor.py:641} INFO - Processing file /Users/jangheesu/opt/anaconda3/envs/airflow2.3.0/lib/python3.8/site-packages/airflow/example_dags/example_kubernetes_executor.py for tasks to queue
[2022-07-24 19:14:36,421] {logging_mixin.py:115} INFO - [2022-07-24 19:14:36,421] {dagbag.py:507} INFO - Filling up the DagBag from /Users/jangheesu/opt/anaconda3/envs/airflow2.3.0/lib/python3.8/site-packages/airflow/example_dags/example_kubernetes_executor.py
[2022-07-24 19:14:36,432] {logging_mixin.py:115} INFO - [2022-07-24 19:14:36,432] {example_kubernetes_executor.py:39} WARNING - The example_kubernetes_executor example DAG requires the kubernetes provider. Please install it with: pip install apache-airflow[cncf.kubernetes]
[2022-07-24 19:14:36,433] {processor.py:653} WARNING - No viable dags retrieved from /Users/jangheesu/opt/anaconda3/envs/airflow2.3.0/lib/python3.8/site-packages/airflow/example_dags/example_kubernetes_executor.py
[2022-07-24 19:14:36,462] {processor.py:161} INFO - Processing /Users/jangheesu/opt/anaconda3/envs/airflow2.3.0/lib/python3.8/site-packages/airflow/example_dags/example_kubernetes_executor.py took 0.042 seconds
[2022-07-24 19:15:07,173] {processor.py:153} INFO - Started process (PID=77834) to work on /Users/jangheesu/opt/anaconda3/envs/airflow2.3.0/lib/python3.8/site-packages/airflow/example_dags/example_kubernetes_executor.py
[2022-07-24 19:15:07,174] {processor.py:641} INFO - Processing file /Users/jangheesu/opt/anaconda3/envs/airflow2.3.0/lib/python3.8/site-packages/airflow/example_dags/example_kubernetes_executor.py for tasks to queue
[2022-07-24 19:15:07,174] {logging_mixin.py:115} INFO - [2022-07-24 19:15:07,174] {dagbag.py:507} INFO - Filling up the DagBag from /Users/jangheesu/opt/anaconda3/envs/airflow2.3.0/lib/python3.8/site-packages/airflow/example_dags/example_kubernetes_executor.py
[2022-07-24 19:15:07,186] {logging_mixin.py:115} INFO - [2022-07-24 19:15:07,186] {example_kubernetes_executor.py:39} WARNING - The example_kubernetes_executor example DAG requires the kubernetes provider. Please install it with: pip install apache-airflow[cncf.kubernetes]
[2022-07-24 19:15:07,186] {processor.py:653} WARNING - No viable dags retrieved from /Users/jangheesu/opt/anaconda3/envs/airflow2.3.0/lib/python3.8/site-packages/airflow/example_dags/example_kubernetes_executor.py
[2022-07-24 19:15:07,218] {processor.py:161} INFO - Processing /Users/jangheesu/opt/anaconda3/envs/airflow2.3.0/lib/python3.8/site-packages/airflow/example_dags/example_kubernetes_executor.py took 0.045 seconds
[2022-07-24 19:15:37,976] {processor.py:153} INFO - Started process (PID=77940) to work on /Users/jangheesu/opt/anaconda3/envs/airflow2.3.0/lib/python3.8/site-packages/airflow/example_dags/example_kubernetes_executor.py
[2022-07-24 19:15:37,976] {processor.py:641} INFO - Processing file /Users/jangheesu/opt/anaconda3/envs/airflow2.3.0/lib/python3.8/site-packages/airflow/example_dags/example_kubernetes_executor.py for tasks to queue
[2022-07-24 19:15:37,976] {logging_mixin.py:115} INFO - [2022-07-24 19:15:37,976] {dagbag.py:507} INFO - Filling up the DagBag from /Users/jangheesu/opt/anaconda3/envs/airflow2.3.0/lib/python3.8/site-packages/airflow/example_dags/example_kubernetes_executor.py
[2022-07-24 19:15:37,988] {logging_mixin.py:115} INFO - [2022-07-24 19:15:37,988] {example_kubernetes_executor.py:39} WARNING - The example_kubernetes_executor example DAG requires the kubernetes provider. Please install it with: pip install apache-airflow[cncf.kubernetes]
[2022-07-24 19:15:37,988] {processor.py:653} WARNING - No viable dags retrieved from /Users/jangheesu/opt/anaconda3/envs/airflow2.3.0/lib/python3.8/site-packages/airflow/example_dags/example_kubernetes_executor.py
[2022-07-24 19:15:38,020] {processor.py:161} INFO - Processing /Users/jangheesu/opt/anaconda3/envs/airflow2.3.0/lib/python3.8/site-packages/airflow/example_dags/example_kubernetes_executor.py took 0.044 seconds
[2022-07-24 19:16:09,259] {processor.py:153} INFO - Started process (PID=78047) to work on /Users/jangheesu/opt/anaconda3/envs/airflow2.3.0/lib/python3.8/site-packages/airflow/example_dags/example_kubernetes_executor.py
[2022-07-24 19:16:09,259] {processor.py:641} INFO - Processing file /Users/jangheesu/opt/anaconda3/envs/airflow2.3.0/lib/python3.8/site-packages/airflow/example_dags/example_kubernetes_executor.py for tasks to queue
[2022-07-24 19:16:09,259] {logging_mixin.py:115} INFO - [2022-07-24 19:16:09,259] {dagbag.py:507} INFO - Filling up the DagBag from /Users/jangheesu/opt/anaconda3/envs/airflow2.3.0/lib/python3.8/site-packages/airflow/example_dags/example_kubernetes_executor.py
[2022-07-24 19:16:09,272] {logging_mixin.py:115} INFO - [2022-07-24 19:16:09,272] {example_kubernetes_executor.py:39} WARNING - The example_kubernetes_executor example DAG requires the kubernetes provider. Please install it with: pip install apache-airflow[cncf.kubernetes]
[2022-07-24 19:16:09,272] {processor.py:653} WARNING - No viable dags retrieved from /Users/jangheesu/opt/anaconda3/envs/airflow2.3.0/lib/python3.8/site-packages/airflow/example_dags/example_kubernetes_executor.py
[2022-07-24 19:16:09,300] {processor.py:161} INFO - Processing /Users/jangheesu/opt/anaconda3/envs/airflow2.3.0/lib/python3.8/site-packages/airflow/example_dags/example_kubernetes_executor.py took 0.041 seconds
[2022-07-24 19:16:40,892] {processor.py:153} INFO - Started process (PID=78157) to work on /Users/jangheesu/opt/anaconda3/envs/airflow2.3.0/lib/python3.8/site-packages/airflow/example_dags/example_kubernetes_executor.py
[2022-07-24 19:16:40,892] {processor.py:641} INFO - Processing file /Users/jangheesu/opt/anaconda3/envs/airflow2.3.0/lib/python3.8/site-packages/airflow/example_dags/example_kubernetes_executor.py for tasks to queue
[2022-07-24 19:16:40,892] {logging_mixin.py:115} INFO - [2022-07-24 19:16:40,892] {dagbag.py:507} INFO - Filling up the DagBag from /Users/jangheesu/opt/anaconda3/envs/airflow2.3.0/lib/python3.8/site-packages/airflow/example_dags/example_kubernetes_executor.py
[2022-07-24 19:16:40,906] {logging_mixin.py:115} INFO - [2022-07-24 19:16:40,906] {example_kubernetes_executor.py:39} WARNING - The example_kubernetes_executor example DAG requires the kubernetes provider. Please install it with: pip install apache-airflow[cncf.kubernetes]
[2022-07-24 19:16:40,906] {processor.py:653} WARNING - No viable dags retrieved from /Users/jangheesu/opt/anaconda3/envs/airflow2.3.0/lib/python3.8/site-packages/airflow/example_dags/example_kubernetes_executor.py
[2022-07-24 19:16:40,937] {processor.py:161} INFO - Processing /Users/jangheesu/opt/anaconda3/envs/airflow2.3.0/lib/python3.8/site-packages/airflow/example_dags/example_kubernetes_executor.py took 0.045 seconds
[2022-07-24 19:17:12,556] {processor.py:153} INFO - Started process (PID=78263) to work on /Users/jangheesu/opt/anaconda3/envs/airflow2.3.0/lib/python3.8/site-packages/airflow/example_dags/example_kubernetes_executor.py
[2022-07-24 19:17:12,556] {processor.py:641} INFO - Processing file /Users/jangheesu/opt/anaconda3/envs/airflow2.3.0/lib/python3.8/site-packages/airflow/example_dags/example_kubernetes_executor.py for tasks to queue
[2022-07-24 19:17:12,556] {logging_mixin.py:115} INFO - [2022-07-24 19:17:12,556] {dagbag.py:507} INFO - Filling up the DagBag from /Users/jangheesu/opt/anaconda3/envs/airflow2.3.0/lib/python3.8/site-packages/airflow/example_dags/example_kubernetes_executor.py
[2022-07-24 19:17:12,570] {logging_mixin.py:115} INFO - [2022-07-24 19:17:12,570] {example_kubernetes_executor.py:39} WARNING - The example_kubernetes_executor example DAG requires the kubernetes provider. Please install it with: pip install apache-airflow[cncf.kubernetes]
[2022-07-24 19:17:12,570] {processor.py:653} WARNING - No viable dags retrieved from /Users/jangheesu/opt/anaconda3/envs/airflow2.3.0/lib/python3.8/site-packages/airflow/example_dags/example_kubernetes_executor.py
[2022-07-24 19:17:12,602] {processor.py:161} INFO - Processing /Users/jangheesu/opt/anaconda3/envs/airflow2.3.0/lib/python3.8/site-packages/airflow/example_dags/example_kubernetes_executor.py took 0.047 seconds
[2022-07-24 19:17:46,424] {processor.py:153} INFO - Started process (PID=78646) to work on /Users/jangheesu/opt/anaconda3/envs/airflow2.3.0/lib/python3.8/site-packages/airflow/example_dags/example_kubernetes_executor.py
[2022-07-24 19:17:46,424] {processor.py:641} INFO - Processing file /Users/jangheesu/opt/anaconda3/envs/airflow2.3.0/lib/python3.8/site-packages/airflow/example_dags/example_kubernetes_executor.py for tasks to queue
[2022-07-24 19:17:46,424] {logging_mixin.py:115} INFO - [2022-07-24 19:17:46,424] {dagbag.py:507} INFO - Filling up the DagBag from /Users/jangheesu/opt/anaconda3/envs/airflow2.3.0/lib/python3.8/site-packages/airflow/example_dags/example_kubernetes_executor.py
[2022-07-24 19:17:46,449] {logging_mixin.py:115} INFO - [2022-07-24 19:17:46,449] {example_kubernetes_executor.py:39} WARNING - The example_kubernetes_executor example DAG requires the kubernetes provider. Please install it with: pip install apache-airflow[cncf.kubernetes]
[2022-07-24 19:17:46,449] {processor.py:653} WARNING - No viable dags retrieved from /Users/jangheesu/opt/anaconda3/envs/airflow2.3.0/lib/python3.8/site-packages/airflow/example_dags/example_kubernetes_executor.py
[2022-07-24 19:17:46,492] {processor.py:161} INFO - Processing /Users/jangheesu/opt/anaconda3/envs/airflow2.3.0/lib/python3.8/site-packages/airflow/example_dags/example_kubernetes_executor.py took 0.069 seconds
