[2022-07-24 19:12:26,984] {processor.py:153} INFO - Started process (PID=77202) to work on /Users/jangheesu/opt/anaconda3/envs/airflow2.3.0/lib/python3.8/site-packages/airflow/example_dags/example_sla_dag.py
[2022-07-24 19:12:26,984] {processor.py:641} INFO - Processing file /Users/jangheesu/opt/anaconda3/envs/airflow2.3.0/lib/python3.8/site-packages/airflow/example_dags/example_sla_dag.py for tasks to queue
[2022-07-24 19:12:26,984] {logging_mixin.py:115} INFO - [2022-07-24 19:12:26,984] {dagbag.py:507} INFO - Filling up the DagBag from /Users/jangheesu/opt/anaconda3/envs/airflow2.3.0/lib/python3.8/site-packages/airflow/example_dags/example_sla_dag.py
[2022-07-24 19:12:27,002] {processor.py:651} INFO - DAG(s) dict_keys(['example_sla_dag']) retrieved from /Users/jangheesu/opt/anaconda3/envs/airflow2.3.0/lib/python3.8/site-packages/airflow/example_dags/example_sla_dag.py
[2022-07-24 19:12:27,556] {logging_mixin.py:115} INFO - [2022-07-24 19:12:27,556] {manager.py:508} INFO - Created Permission View: can read on DAG:example_sla_dag
[2022-07-24 19:12:27,560] {logging_mixin.py:115} INFO - [2022-07-24 19:12:27,560] {manager.py:508} INFO - Created Permission View: can delete on DAG:example_sla_dag
[2022-07-24 19:12:27,563] {logging_mixin.py:115} INFO - [2022-07-24 19:12:27,563] {manager.py:508} INFO - Created Permission View: can edit on DAG:example_sla_dag
[2022-07-24 19:12:27,563] {logging_mixin.py:115} INFO - [2022-07-24 19:12:27,563] {dag.py:2371} INFO - Sync 1 DAGs
[2022-07-24 19:12:27,568] {logging_mixin.py:115} INFO - [2022-07-24 19:12:27,568] {dag.py:2390} INFO - Creating ORM DAG for example_sla_dag
[2022-07-24 19:12:27,575] {logging_mixin.py:115} INFO - [2022-07-24 19:12:27,575] {dag.py:2915} INFO - Setting next_dagrun for example_sla_dag to 2022-07-24T10:10:00+00:00, run_after=2022-07-24T10:12:00+00:00
[2022-07-24 19:12:27,580] {processor.py:161} INFO - Processing /Users/jangheesu/opt/anaconda3/envs/airflow2.3.0/lib/python3.8/site-packages/airflow/example_dags/example_sla_dag.py took 0.597 seconds
[2022-07-24 19:12:58,425] {processor.py:153} INFO - Started process (PID=77318) to work on /Users/jangheesu/opt/anaconda3/envs/airflow2.3.0/lib/python3.8/site-packages/airflow/example_dags/example_sla_dag.py
[2022-07-24 19:12:58,425] {processor.py:641} INFO - Processing file /Users/jangheesu/opt/anaconda3/envs/airflow2.3.0/lib/python3.8/site-packages/airflow/example_dags/example_sla_dag.py for tasks to queue
[2022-07-24 19:12:58,426] {logging_mixin.py:115} INFO - [2022-07-24 19:12:58,426] {dagbag.py:507} INFO - Filling up the DagBag from /Users/jangheesu/opt/anaconda3/envs/airflow2.3.0/lib/python3.8/site-packages/airflow/example_dags/example_sla_dag.py
[2022-07-24 19:12:58,443] {processor.py:651} INFO - DAG(s) dict_keys(['example_sla_dag']) retrieved from /Users/jangheesu/opt/anaconda3/envs/airflow2.3.0/lib/python3.8/site-packages/airflow/example_dags/example_sla_dag.py
[2022-07-24 19:12:58,497] {logging_mixin.py:115} INFO - [2022-07-24 19:12:58,497] {dag.py:2371} INFO - Sync 1 DAGs
[2022-07-24 19:12:58,510] {logging_mixin.py:115} INFO - [2022-07-24 19:12:58,510] {dag.py:2915} INFO - Setting next_dagrun for example_sla_dag to 2022-07-24T10:10:00+00:00, run_after=2022-07-24T10:12:00+00:00
[2022-07-24 19:12:58,517] {processor.py:161} INFO - Processing /Users/jangheesu/opt/anaconda3/envs/airflow2.3.0/lib/python3.8/site-packages/airflow/example_dags/example_sla_dag.py took 0.092 seconds
[2022-07-24 19:13:29,561] {processor.py:153} INFO - Started process (PID=77426) to work on /Users/jangheesu/opt/anaconda3/envs/airflow2.3.0/lib/python3.8/site-packages/airflow/example_dags/example_sla_dag.py
[2022-07-24 19:13:29,561] {processor.py:641} INFO - Processing file /Users/jangheesu/opt/anaconda3/envs/airflow2.3.0/lib/python3.8/site-packages/airflow/example_dags/example_sla_dag.py for tasks to queue
[2022-07-24 19:13:29,561] {logging_mixin.py:115} INFO - [2022-07-24 19:13:29,561] {dagbag.py:507} INFO - Filling up the DagBag from /Users/jangheesu/opt/anaconda3/envs/airflow2.3.0/lib/python3.8/site-packages/airflow/example_dags/example_sla_dag.py
[2022-07-24 19:13:29,579] {processor.py:651} INFO - DAG(s) dict_keys(['example_sla_dag']) retrieved from /Users/jangheesu/opt/anaconda3/envs/airflow2.3.0/lib/python3.8/site-packages/airflow/example_dags/example_sla_dag.py
[2022-07-24 19:13:29,623] {logging_mixin.py:115} INFO - [2022-07-24 19:13:29,623] {dag.py:2371} INFO - Sync 1 DAGs
[2022-07-24 19:13:29,638] {logging_mixin.py:115} INFO - [2022-07-24 19:13:29,637] {dag.py:2915} INFO - Setting next_dagrun for example_sla_dag to 2022-07-24T10:10:00+00:00, run_after=2022-07-24T10:12:00+00:00
[2022-07-24 19:13:29,644] {processor.py:161} INFO - Processing /Users/jangheesu/opt/anaconda3/envs/airflow2.3.0/lib/python3.8/site-packages/airflow/example_dags/example_sla_dag.py took 0.083 seconds
[2022-07-24 19:14:00,700] {processor.py:153} INFO - Started process (PID=77536) to work on /Users/jangheesu/opt/anaconda3/envs/airflow2.3.0/lib/python3.8/site-packages/airflow/example_dags/example_sla_dag.py
[2022-07-24 19:14:00,700] {processor.py:641} INFO - Processing file /Users/jangheesu/opt/anaconda3/envs/airflow2.3.0/lib/python3.8/site-packages/airflow/example_dags/example_sla_dag.py for tasks to queue
[2022-07-24 19:14:00,700] {logging_mixin.py:115} INFO - [2022-07-24 19:14:00,700] {dagbag.py:507} INFO - Filling up the DagBag from /Users/jangheesu/opt/anaconda3/envs/airflow2.3.0/lib/python3.8/site-packages/airflow/example_dags/example_sla_dag.py
[2022-07-24 19:14:00,718] {processor.py:651} INFO - DAG(s) dict_keys(['example_sla_dag']) retrieved from /Users/jangheesu/opt/anaconda3/envs/airflow2.3.0/lib/python3.8/site-packages/airflow/example_dags/example_sla_dag.py
[2022-07-24 19:14:00,761] {logging_mixin.py:115} INFO - [2022-07-24 19:14:00,761] {dag.py:2371} INFO - Sync 1 DAGs
[2022-07-24 19:14:00,775] {logging_mixin.py:115} INFO - [2022-07-24 19:14:00,775] {dag.py:2915} INFO - Setting next_dagrun for example_sla_dag to 2022-07-24T10:12:00+00:00, run_after=2022-07-24T10:14:00+00:00
[2022-07-24 19:14:00,781] {processor.py:161} INFO - Processing /Users/jangheesu/opt/anaconda3/envs/airflow2.3.0/lib/python3.8/site-packages/airflow/example_dags/example_sla_dag.py took 0.082 seconds
[2022-07-24 19:14:31,993] {processor.py:153} INFO - Started process (PID=77686) to work on /Users/jangheesu/opt/anaconda3/envs/airflow2.3.0/lib/python3.8/site-packages/airflow/example_dags/example_sla_dag.py
[2022-07-24 19:14:31,993] {processor.py:641} INFO - Processing file /Users/jangheesu/opt/anaconda3/envs/airflow2.3.0/lib/python3.8/site-packages/airflow/example_dags/example_sla_dag.py for tasks to queue
[2022-07-24 19:14:31,993] {logging_mixin.py:115} INFO - [2022-07-24 19:14:31,993] {dagbag.py:507} INFO - Filling up the DagBag from /Users/jangheesu/opt/anaconda3/envs/airflow2.3.0/lib/python3.8/site-packages/airflow/example_dags/example_sla_dag.py
[2022-07-24 19:14:32,011] {processor.py:651} INFO - DAG(s) dict_keys(['example_sla_dag']) retrieved from /Users/jangheesu/opt/anaconda3/envs/airflow2.3.0/lib/python3.8/site-packages/airflow/example_dags/example_sla_dag.py
[2022-07-24 19:14:32,054] {logging_mixin.py:115} INFO - [2022-07-24 19:14:32,054] {dag.py:2371} INFO - Sync 1 DAGs
[2022-07-24 19:14:32,068] {logging_mixin.py:115} INFO - [2022-07-24 19:14:32,068] {dag.py:2915} INFO - Setting next_dagrun for example_sla_dag to 2022-07-24T10:12:00+00:00, run_after=2022-07-24T10:14:00+00:00
[2022-07-24 19:14:32,074] {processor.py:161} INFO - Processing /Users/jangheesu/opt/anaconda3/envs/airflow2.3.0/lib/python3.8/site-packages/airflow/example_dags/example_sla_dag.py took 0.082 seconds
[2022-07-24 19:15:03,212] {processor.py:153} INFO - Started process (PID=77806) to work on /Users/jangheesu/opt/anaconda3/envs/airflow2.3.0/lib/python3.8/site-packages/airflow/example_dags/example_sla_dag.py
[2022-07-24 19:15:03,213] {processor.py:641} INFO - Processing file /Users/jangheesu/opt/anaconda3/envs/airflow2.3.0/lib/python3.8/site-packages/airflow/example_dags/example_sla_dag.py for tasks to queue
[2022-07-24 19:15:03,213] {logging_mixin.py:115} INFO - [2022-07-24 19:15:03,213] {dagbag.py:507} INFO - Filling up the DagBag from /Users/jangheesu/opt/anaconda3/envs/airflow2.3.0/lib/python3.8/site-packages/airflow/example_dags/example_sla_dag.py
[2022-07-24 19:15:03,231] {processor.py:651} INFO - DAG(s) dict_keys(['example_sla_dag']) retrieved from /Users/jangheesu/opt/anaconda3/envs/airflow2.3.0/lib/python3.8/site-packages/airflow/example_dags/example_sla_dag.py
[2022-07-24 19:15:03,272] {logging_mixin.py:115} INFO - [2022-07-24 19:15:03,272] {dag.py:2371} INFO - Sync 1 DAGs
[2022-07-24 19:15:03,285] {logging_mixin.py:115} INFO - [2022-07-24 19:15:03,285] {dag.py:2915} INFO - Setting next_dagrun for example_sla_dag to 2022-07-24T10:12:00+00:00, run_after=2022-07-24T10:14:00+00:00
[2022-07-24 19:15:03,291] {processor.py:161} INFO - Processing /Users/jangheesu/opt/anaconda3/envs/airflow2.3.0/lib/python3.8/site-packages/airflow/example_dags/example_sla_dag.py took 0.079 seconds
[2022-07-24 19:15:34,145] {processor.py:153} INFO - Started process (PID=77913) to work on /Users/jangheesu/opt/anaconda3/envs/airflow2.3.0/lib/python3.8/site-packages/airflow/example_dags/example_sla_dag.py
[2022-07-24 19:15:34,145] {processor.py:641} INFO - Processing file /Users/jangheesu/opt/anaconda3/envs/airflow2.3.0/lib/python3.8/site-packages/airflow/example_dags/example_sla_dag.py for tasks to queue
[2022-07-24 19:15:34,145] {logging_mixin.py:115} INFO - [2022-07-24 19:15:34,145] {dagbag.py:507} INFO - Filling up the DagBag from /Users/jangheesu/opt/anaconda3/envs/airflow2.3.0/lib/python3.8/site-packages/airflow/example_dags/example_sla_dag.py
[2022-07-24 19:15:34,162] {processor.py:651} INFO - DAG(s) dict_keys(['example_sla_dag']) retrieved from /Users/jangheesu/opt/anaconda3/envs/airflow2.3.0/lib/python3.8/site-packages/airflow/example_dags/example_sla_dag.py
[2022-07-24 19:15:34,206] {logging_mixin.py:115} INFO - [2022-07-24 19:15:34,205] {dag.py:2371} INFO - Sync 1 DAGs
[2022-07-24 19:15:34,220] {logging_mixin.py:115} INFO - [2022-07-24 19:15:34,220] {dag.py:2915} INFO - Setting next_dagrun for example_sla_dag to 2022-07-24T10:12:00+00:00, run_after=2022-07-24T10:14:00+00:00
[2022-07-24 19:15:34,226] {processor.py:161} INFO - Processing /Users/jangheesu/opt/anaconda3/envs/airflow2.3.0/lib/python3.8/site-packages/airflow/example_dags/example_sla_dag.py took 0.082 seconds
[2022-07-24 19:16:06,407] {processor.py:153} INFO - Started process (PID=78018) to work on /Users/jangheesu/opt/anaconda3/envs/airflow2.3.0/lib/python3.8/site-packages/airflow/example_dags/example_sla_dag.py
[2022-07-24 19:16:06,408] {processor.py:641} INFO - Processing file /Users/jangheesu/opt/anaconda3/envs/airflow2.3.0/lib/python3.8/site-packages/airflow/example_dags/example_sla_dag.py for tasks to queue
[2022-07-24 19:16:06,408] {logging_mixin.py:115} INFO - [2022-07-24 19:16:06,408] {dagbag.py:507} INFO - Filling up the DagBag from /Users/jangheesu/opt/anaconda3/envs/airflow2.3.0/lib/python3.8/site-packages/airflow/example_dags/example_sla_dag.py
[2022-07-24 19:16:06,425] {processor.py:651} INFO - DAG(s) dict_keys(['example_sla_dag']) retrieved from /Users/jangheesu/opt/anaconda3/envs/airflow2.3.0/lib/python3.8/site-packages/airflow/example_dags/example_sla_dag.py
[2022-07-24 19:16:06,472] {logging_mixin.py:115} INFO - [2022-07-24 19:16:06,472] {dag.py:2371} INFO - Sync 1 DAGs
[2022-07-24 19:16:06,486] {logging_mixin.py:115} INFO - [2022-07-24 19:16:06,486] {dag.py:2915} INFO - Setting next_dagrun for example_sla_dag to 2022-07-24T10:14:00+00:00, run_after=2022-07-24T10:16:00+00:00
[2022-07-24 19:16:06,493] {processor.py:161} INFO - Processing /Users/jangheesu/opt/anaconda3/envs/airflow2.3.0/lib/python3.8/site-packages/airflow/example_dags/example_sla_dag.py took 0.086 seconds
[2022-07-24 19:16:38,521] {processor.py:153} INFO - Started process (PID=78131) to work on /Users/jangheesu/opt/anaconda3/envs/airflow2.3.0/lib/python3.8/site-packages/airflow/example_dags/example_sla_dag.py
[2022-07-24 19:16:38,521] {processor.py:641} INFO - Processing file /Users/jangheesu/opt/anaconda3/envs/airflow2.3.0/lib/python3.8/site-packages/airflow/example_dags/example_sla_dag.py for tasks to queue
[2022-07-24 19:16:38,522] {logging_mixin.py:115} INFO - [2022-07-24 19:16:38,522] {dagbag.py:507} INFO - Filling up the DagBag from /Users/jangheesu/opt/anaconda3/envs/airflow2.3.0/lib/python3.8/site-packages/airflow/example_dags/example_sla_dag.py
[2022-07-24 19:16:38,539] {processor.py:651} INFO - DAG(s) dict_keys(['example_sla_dag']) retrieved from /Users/jangheesu/opt/anaconda3/envs/airflow2.3.0/lib/python3.8/site-packages/airflow/example_dags/example_sla_dag.py
[2022-07-24 19:16:38,581] {logging_mixin.py:115} INFO - [2022-07-24 19:16:38,581] {dag.py:2371} INFO - Sync 1 DAGs
[2022-07-24 19:16:38,595] {logging_mixin.py:115} INFO - [2022-07-24 19:16:38,595] {dag.py:2915} INFO - Setting next_dagrun for example_sla_dag to 2022-07-24T10:14:00+00:00, run_after=2022-07-24T10:16:00+00:00
[2022-07-24 19:16:38,601] {processor.py:161} INFO - Processing /Users/jangheesu/opt/anaconda3/envs/airflow2.3.0/lib/python3.8/site-packages/airflow/example_dags/example_sla_dag.py took 0.080 seconds
[2022-07-24 19:17:10,202] {processor.py:153} INFO - Started process (PID=78238) to work on /Users/jangheesu/opt/anaconda3/envs/airflow2.3.0/lib/python3.8/site-packages/airflow/example_dags/example_sla_dag.py
[2022-07-24 19:17:10,202] {processor.py:641} INFO - Processing file /Users/jangheesu/opt/anaconda3/envs/airflow2.3.0/lib/python3.8/site-packages/airflow/example_dags/example_sla_dag.py for tasks to queue
[2022-07-24 19:17:10,202] {logging_mixin.py:115} INFO - [2022-07-24 19:17:10,202] {dagbag.py:507} INFO - Filling up the DagBag from /Users/jangheesu/opt/anaconda3/envs/airflow2.3.0/lib/python3.8/site-packages/airflow/example_dags/example_sla_dag.py
[2022-07-24 19:17:10,221] {processor.py:651} INFO - DAG(s) dict_keys(['example_sla_dag']) retrieved from /Users/jangheesu/opt/anaconda3/envs/airflow2.3.0/lib/python3.8/site-packages/airflow/example_dags/example_sla_dag.py
[2022-07-24 19:17:10,261] {logging_mixin.py:115} INFO - [2022-07-24 19:17:10,261] {dag.py:2371} INFO - Sync 1 DAGs
[2022-07-24 19:17:10,276] {logging_mixin.py:115} INFO - [2022-07-24 19:17:10,276] {dag.py:2915} INFO - Setting next_dagrun for example_sla_dag to 2022-07-24T10:14:00+00:00, run_after=2022-07-24T10:16:00+00:00
[2022-07-24 19:17:10,282] {processor.py:161} INFO - Processing /Users/jangheesu/opt/anaconda3/envs/airflow2.3.0/lib/python3.8/site-packages/airflow/example_dags/example_sla_dag.py took 0.081 seconds
[2022-07-24 19:17:42,177] {processor.py:153} INFO - Started process (PID=78600) to work on /Users/jangheesu/opt/anaconda3/envs/airflow2.3.0/lib/python3.8/site-packages/airflow/example_dags/example_sla_dag.py
[2022-07-24 19:17:42,177] {processor.py:641} INFO - Processing file /Users/jangheesu/opt/anaconda3/envs/airflow2.3.0/lib/python3.8/site-packages/airflow/example_dags/example_sla_dag.py for tasks to queue
[2022-07-24 19:17:42,177] {logging_mixin.py:115} INFO - [2022-07-24 19:17:42,177] {dagbag.py:507} INFO - Filling up the DagBag from /Users/jangheesu/opt/anaconda3/envs/airflow2.3.0/lib/python3.8/site-packages/airflow/example_dags/example_sla_dag.py
[2022-07-24 19:17:42,212] {processor.py:651} INFO - DAG(s) dict_keys(['example_sla_dag']) retrieved from /Users/jangheesu/opt/anaconda3/envs/airflow2.3.0/lib/python3.8/site-packages/airflow/example_dags/example_sla_dag.py
[2022-07-24 19:17:42,292] {logging_mixin.py:115} INFO - [2022-07-24 19:17:42,291] {dag.py:2371} INFO - Sync 1 DAGs
[2022-07-24 19:17:42,318] {logging_mixin.py:115} INFO - [2022-07-24 19:17:42,318] {dag.py:2915} INFO - Setting next_dagrun for example_sla_dag to 2022-07-24T10:14:00+00:00, run_after=2022-07-24T10:16:00+00:00
[2022-07-24 19:17:42,331] {processor.py:161} INFO - Processing /Users/jangheesu/opt/anaconda3/envs/airflow2.3.0/lib/python3.8/site-packages/airflow/example_dags/example_sla_dag.py took 0.154 seconds
