[2022-07-24 19:12:32,738] {processor.py:153} INFO - Started process (PID=77238) to work on /Users/jangheesu/opt/anaconda3/envs/airflow2.3.0/lib/python3.8/site-packages/airflow/example_dags/example_external_task_marker_dag.py
[2022-07-24 19:12:32,738] {processor.py:641} INFO - Processing file /Users/jangheesu/opt/anaconda3/envs/airflow2.3.0/lib/python3.8/site-packages/airflow/example_dags/example_external_task_marker_dag.py for tasks to queue
[2022-07-24 19:12:32,739] {logging_mixin.py:115} INFO - [2022-07-24 19:12:32,739] {dagbag.py:507} INFO - Filling up the DagBag from /Users/jangheesu/opt/anaconda3/envs/airflow2.3.0/lib/python3.8/site-packages/airflow/example_dags/example_external_task_marker_dag.py
[2022-07-24 19:12:32,746] {processor.py:651} INFO - DAG(s) dict_keys(['example_external_task_marker_parent', 'example_external_task_marker_child']) retrieved from /Users/jangheesu/opt/anaconda3/envs/airflow2.3.0/lib/python3.8/site-packages/airflow/example_dags/example_external_task_marker_dag.py
[2022-07-24 19:12:33,299] {logging_mixin.py:115} INFO - [2022-07-24 19:12:33,299] {manager.py:508} INFO - Created Permission View: can read on DAG:example_external_task_marker_parent
[2022-07-24 19:12:33,303] {logging_mixin.py:115} INFO - [2022-07-24 19:12:33,303] {manager.py:508} INFO - Created Permission View: can edit on DAG:example_external_task_marker_parent
[2022-07-24 19:12:33,306] {logging_mixin.py:115} INFO - [2022-07-24 19:12:33,306] {manager.py:508} INFO - Created Permission View: can delete on DAG:example_external_task_marker_parent
[2022-07-24 19:12:33,318] {logging_mixin.py:115} INFO - [2022-07-24 19:12:33,318] {manager.py:508} INFO - Created Permission View: can read on DAG:example_external_task_marker_child
[2022-07-24 19:12:33,321] {logging_mixin.py:115} INFO - [2022-07-24 19:12:33,321] {manager.py:508} INFO - Created Permission View: can edit on DAG:example_external_task_marker_child
[2022-07-24 19:12:33,324] {logging_mixin.py:115} INFO - [2022-07-24 19:12:33,324] {manager.py:508} INFO - Created Permission View: can delete on DAG:example_external_task_marker_child
[2022-07-24 19:12:33,324] {logging_mixin.py:115} INFO - [2022-07-24 19:12:33,324] {dag.py:2371} INFO - Sync 2 DAGs
[2022-07-24 19:12:33,329] {logging_mixin.py:115} INFO - [2022-07-24 19:12:33,329] {dag.py:2390} INFO - Creating ORM DAG for example_external_task_marker_parent
[2022-07-24 19:12:33,329] {logging_mixin.py:115} INFO - [2022-07-24 19:12:33,329] {dag.py:2390} INFO - Creating ORM DAG for example_external_task_marker_child
[2022-07-24 19:12:33,335] {logging_mixin.py:115} INFO - [2022-07-24 19:12:33,335] {dag.py:2915} INFO - Setting next_dagrun for example_external_task_marker_child to None, run_after=None
[2022-07-24 19:12:33,335] {logging_mixin.py:115} INFO - [2022-07-24 19:12:33,335] {dag.py:2915} INFO - Setting next_dagrun for example_external_task_marker_parent to None, run_after=None
[2022-07-24 19:12:33,342] {processor.py:161} INFO - Processing /Users/jangheesu/opt/anaconda3/envs/airflow2.3.0/lib/python3.8/site-packages/airflow/example_dags/example_external_task_marker_dag.py took 0.604 seconds
[2022-07-24 19:13:04,289] {processor.py:153} INFO - Started process (PID=77350) to work on /Users/jangheesu/opt/anaconda3/envs/airflow2.3.0/lib/python3.8/site-packages/airflow/example_dags/example_external_task_marker_dag.py
[2022-07-24 19:13:04,290] {processor.py:641} INFO - Processing file /Users/jangheesu/opt/anaconda3/envs/airflow2.3.0/lib/python3.8/site-packages/airflow/example_dags/example_external_task_marker_dag.py for tasks to queue
[2022-07-24 19:13:04,290] {logging_mixin.py:115} INFO - [2022-07-24 19:13:04,290] {dagbag.py:507} INFO - Filling up the DagBag from /Users/jangheesu/opt/anaconda3/envs/airflow2.3.0/lib/python3.8/site-packages/airflow/example_dags/example_external_task_marker_dag.py
[2022-07-24 19:13:04,297] {processor.py:651} INFO - DAG(s) dict_keys(['example_external_task_marker_parent', 'example_external_task_marker_child']) retrieved from /Users/jangheesu/opt/anaconda3/envs/airflow2.3.0/lib/python3.8/site-packages/airflow/example_dags/example_external_task_marker_dag.py
[2022-07-24 19:13:04,346] {logging_mixin.py:115} INFO - [2022-07-24 19:13:04,346] {dag.py:2371} INFO - Sync 2 DAGs
[2022-07-24 19:13:04,358] {logging_mixin.py:115} INFO - [2022-07-24 19:13:04,358] {dag.py:2915} INFO - Setting next_dagrun for example_external_task_marker_child to None, run_after=None
[2022-07-24 19:13:04,359] {logging_mixin.py:115} INFO - [2022-07-24 19:13:04,358] {dag.py:2915} INFO - Setting next_dagrun for example_external_task_marker_parent to None, run_after=None
[2022-07-24 19:13:04,366] {processor.py:161} INFO - Processing /Users/jangheesu/opt/anaconda3/envs/airflow2.3.0/lib/python3.8/site-packages/airflow/example_dags/example_external_task_marker_dag.py took 0.077 seconds
[2022-07-24 19:13:35,004] {processor.py:153} INFO - Started process (PID=77458) to work on /Users/jangheesu/opt/anaconda3/envs/airflow2.3.0/lib/python3.8/site-packages/airflow/example_dags/example_external_task_marker_dag.py
[2022-07-24 19:13:35,004] {processor.py:641} INFO - Processing file /Users/jangheesu/opt/anaconda3/envs/airflow2.3.0/lib/python3.8/site-packages/airflow/example_dags/example_external_task_marker_dag.py for tasks to queue
[2022-07-24 19:13:35,004] {logging_mixin.py:115} INFO - [2022-07-24 19:13:35,004] {dagbag.py:507} INFO - Filling up the DagBag from /Users/jangheesu/opt/anaconda3/envs/airflow2.3.0/lib/python3.8/site-packages/airflow/example_dags/example_external_task_marker_dag.py
[2022-07-24 19:13:35,011] {processor.py:651} INFO - DAG(s) dict_keys(['example_external_task_marker_parent', 'example_external_task_marker_child']) retrieved from /Users/jangheesu/opt/anaconda3/envs/airflow2.3.0/lib/python3.8/site-packages/airflow/example_dags/example_external_task_marker_dag.py
[2022-07-24 19:13:35,056] {logging_mixin.py:115} INFO - [2022-07-24 19:13:35,056] {dag.py:2371} INFO - Sync 2 DAGs
[2022-07-24 19:13:35,068] {logging_mixin.py:115} INFO - [2022-07-24 19:13:35,068] {dag.py:2915} INFO - Setting next_dagrun for example_external_task_marker_child to None, run_after=None
[2022-07-24 19:13:35,068] {logging_mixin.py:115} INFO - [2022-07-24 19:13:35,068] {dag.py:2915} INFO - Setting next_dagrun for example_external_task_marker_parent to None, run_after=None
[2022-07-24 19:13:35,075] {processor.py:161} INFO - Processing /Users/jangheesu/opt/anaconda3/envs/airflow2.3.0/lib/python3.8/site-packages/airflow/example_dags/example_external_task_marker_dag.py took 0.071 seconds
[2022-07-24 19:14:06,164] {processor.py:153} INFO - Started process (PID=77608) to work on /Users/jangheesu/opt/anaconda3/envs/airflow2.3.0/lib/python3.8/site-packages/airflow/example_dags/example_external_task_marker_dag.py
[2022-07-24 19:14:06,164] {processor.py:641} INFO - Processing file /Users/jangheesu/opt/anaconda3/envs/airflow2.3.0/lib/python3.8/site-packages/airflow/example_dags/example_external_task_marker_dag.py for tasks to queue
[2022-07-24 19:14:06,164] {logging_mixin.py:115} INFO - [2022-07-24 19:14:06,164] {dagbag.py:507} INFO - Filling up the DagBag from /Users/jangheesu/opt/anaconda3/envs/airflow2.3.0/lib/python3.8/site-packages/airflow/example_dags/example_external_task_marker_dag.py
[2022-07-24 19:14:06,171] {processor.py:651} INFO - DAG(s) dict_keys(['example_external_task_marker_parent', 'example_external_task_marker_child']) retrieved from /Users/jangheesu/opt/anaconda3/envs/airflow2.3.0/lib/python3.8/site-packages/airflow/example_dags/example_external_task_marker_dag.py
[2022-07-24 19:14:06,217] {logging_mixin.py:115} INFO - [2022-07-24 19:14:06,217] {dag.py:2371} INFO - Sync 2 DAGs
[2022-07-24 19:14:06,227] {logging_mixin.py:115} INFO - [2022-07-24 19:14:06,227] {dag.py:2915} INFO - Setting next_dagrun for example_external_task_marker_child to None, run_after=None
[2022-07-24 19:14:06,227] {logging_mixin.py:115} INFO - [2022-07-24 19:14:06,227] {dag.py:2915} INFO - Setting next_dagrun for example_external_task_marker_parent to None, run_after=None
[2022-07-24 19:14:06,234] {processor.py:161} INFO - Processing /Users/jangheesu/opt/anaconda3/envs/airflow2.3.0/lib/python3.8/site-packages/airflow/example_dags/example_external_task_marker_dag.py took 0.071 seconds
[2022-07-24 19:14:36,928] {processor.py:153} INFO - Started process (PID=77717) to work on /Users/jangheesu/opt/anaconda3/envs/airflow2.3.0/lib/python3.8/site-packages/airflow/example_dags/example_external_task_marker_dag.py
[2022-07-24 19:14:36,928] {processor.py:641} INFO - Processing file /Users/jangheesu/opt/anaconda3/envs/airflow2.3.0/lib/python3.8/site-packages/airflow/example_dags/example_external_task_marker_dag.py for tasks to queue
[2022-07-24 19:14:36,928] {logging_mixin.py:115} INFO - [2022-07-24 19:14:36,928] {dagbag.py:507} INFO - Filling up the DagBag from /Users/jangheesu/opt/anaconda3/envs/airflow2.3.0/lib/python3.8/site-packages/airflow/example_dags/example_external_task_marker_dag.py
[2022-07-24 19:14:36,934] {processor.py:651} INFO - DAG(s) dict_keys(['example_external_task_marker_parent', 'example_external_task_marker_child']) retrieved from /Users/jangheesu/opt/anaconda3/envs/airflow2.3.0/lib/python3.8/site-packages/airflow/example_dags/example_external_task_marker_dag.py
[2022-07-24 19:14:36,978] {logging_mixin.py:115} INFO - [2022-07-24 19:14:36,978] {dag.py:2371} INFO - Sync 2 DAGs
[2022-07-24 19:14:36,990] {logging_mixin.py:115} INFO - [2022-07-24 19:14:36,990] {dag.py:2915} INFO - Setting next_dagrun for example_external_task_marker_child to None, run_after=None
[2022-07-24 19:14:36,990] {logging_mixin.py:115} INFO - [2022-07-24 19:14:36,990] {dag.py:2915} INFO - Setting next_dagrun for example_external_task_marker_parent to None, run_after=None
[2022-07-24 19:14:36,997] {processor.py:161} INFO - Processing /Users/jangheesu/opt/anaconda3/envs/airflow2.3.0/lib/python3.8/site-packages/airflow/example_dags/example_external_task_marker_dag.py took 0.070 seconds
[2022-07-24 19:15:07,685] {processor.py:153} INFO - Started process (PID=77837) to work on /Users/jangheesu/opt/anaconda3/envs/airflow2.3.0/lib/python3.8/site-packages/airflow/example_dags/example_external_task_marker_dag.py
[2022-07-24 19:15:07,686] {processor.py:641} INFO - Processing file /Users/jangheesu/opt/anaconda3/envs/airflow2.3.0/lib/python3.8/site-packages/airflow/example_dags/example_external_task_marker_dag.py for tasks to queue
[2022-07-24 19:15:07,686] {logging_mixin.py:115} INFO - [2022-07-24 19:15:07,686] {dagbag.py:507} INFO - Filling up the DagBag from /Users/jangheesu/opt/anaconda3/envs/airflow2.3.0/lib/python3.8/site-packages/airflow/example_dags/example_external_task_marker_dag.py
[2022-07-24 19:15:07,692] {processor.py:651} INFO - DAG(s) dict_keys(['example_external_task_marker_parent', 'example_external_task_marker_child']) retrieved from /Users/jangheesu/opt/anaconda3/envs/airflow2.3.0/lib/python3.8/site-packages/airflow/example_dags/example_external_task_marker_dag.py
[2022-07-24 19:15:07,739] {logging_mixin.py:115} INFO - [2022-07-24 19:15:07,738] {dag.py:2371} INFO - Sync 2 DAGs
[2022-07-24 19:15:07,751] {logging_mixin.py:115} INFO - [2022-07-24 19:15:07,751] {dag.py:2915} INFO - Setting next_dagrun for example_external_task_marker_child to None, run_after=None
[2022-07-24 19:15:07,752] {logging_mixin.py:115} INFO - [2022-07-24 19:15:07,752] {dag.py:2915} INFO - Setting next_dagrun for example_external_task_marker_parent to None, run_after=None
[2022-07-24 19:15:07,759] {processor.py:161} INFO - Processing /Users/jangheesu/opt/anaconda3/envs/airflow2.3.0/lib/python3.8/site-packages/airflow/example_dags/example_external_task_marker_dag.py took 0.075 seconds
[2022-07-24 19:15:38,501] {processor.py:153} INFO - Started process (PID=77943) to work on /Users/jangheesu/opt/anaconda3/envs/airflow2.3.0/lib/python3.8/site-packages/airflow/example_dags/example_external_task_marker_dag.py
[2022-07-24 19:15:38,501] {processor.py:641} INFO - Processing file /Users/jangheesu/opt/anaconda3/envs/airflow2.3.0/lib/python3.8/site-packages/airflow/example_dags/example_external_task_marker_dag.py for tasks to queue
[2022-07-24 19:15:38,501] {logging_mixin.py:115} INFO - [2022-07-24 19:15:38,501] {dagbag.py:507} INFO - Filling up the DagBag from /Users/jangheesu/opt/anaconda3/envs/airflow2.3.0/lib/python3.8/site-packages/airflow/example_dags/example_external_task_marker_dag.py
[2022-07-24 19:15:38,508] {processor.py:651} INFO - DAG(s) dict_keys(['example_external_task_marker_parent', 'example_external_task_marker_child']) retrieved from /Users/jangheesu/opt/anaconda3/envs/airflow2.3.0/lib/python3.8/site-packages/airflow/example_dags/example_external_task_marker_dag.py
[2022-07-24 19:15:38,553] {logging_mixin.py:115} INFO - [2022-07-24 19:15:38,553] {dag.py:2371} INFO - Sync 2 DAGs
[2022-07-24 19:15:38,565] {logging_mixin.py:115} INFO - [2022-07-24 19:15:38,565] {dag.py:2915} INFO - Setting next_dagrun for example_external_task_marker_child to None, run_after=None
[2022-07-24 19:15:38,565] {logging_mixin.py:115} INFO - [2022-07-24 19:15:38,565] {dag.py:2915} INFO - Setting next_dagrun for example_external_task_marker_parent to None, run_after=None
[2022-07-24 19:15:38,572] {processor.py:161} INFO - Processing /Users/jangheesu/opt/anaconda3/envs/airflow2.3.0/lib/python3.8/site-packages/airflow/example_dags/example_external_task_marker_dag.py took 0.072 seconds
[2022-07-24 19:16:09,270] {processor.py:153} INFO - Started process (PID=78048) to work on /Users/jangheesu/opt/anaconda3/envs/airflow2.3.0/lib/python3.8/site-packages/airflow/example_dags/example_external_task_marker_dag.py
[2022-07-24 19:16:09,270] {processor.py:641} INFO - Processing file /Users/jangheesu/opt/anaconda3/envs/airflow2.3.0/lib/python3.8/site-packages/airflow/example_dags/example_external_task_marker_dag.py for tasks to queue
[2022-07-24 19:16:09,271] {logging_mixin.py:115} INFO - [2022-07-24 19:16:09,271] {dagbag.py:507} INFO - Filling up the DagBag from /Users/jangheesu/opt/anaconda3/envs/airflow2.3.0/lib/python3.8/site-packages/airflow/example_dags/example_external_task_marker_dag.py
[2022-07-24 19:16:09,277] {processor.py:651} INFO - DAG(s) dict_keys(['example_external_task_marker_parent', 'example_external_task_marker_child']) retrieved from /Users/jangheesu/opt/anaconda3/envs/airflow2.3.0/lib/python3.8/site-packages/airflow/example_dags/example_external_task_marker_dag.py
[2022-07-24 19:16:09,326] {logging_mixin.py:115} INFO - [2022-07-24 19:16:09,325] {dag.py:2371} INFO - Sync 2 DAGs
[2022-07-24 19:16:09,340] {logging_mixin.py:115} INFO - [2022-07-24 19:16:09,340] {dag.py:2915} INFO - Setting next_dagrun for example_external_task_marker_child to None, run_after=None
[2022-07-24 19:16:09,340] {logging_mixin.py:115} INFO - [2022-07-24 19:16:09,340] {dag.py:2915} INFO - Setting next_dagrun for example_external_task_marker_parent to None, run_after=None
[2022-07-24 19:16:09,348] {processor.py:161} INFO - Processing /Users/jangheesu/opt/anaconda3/envs/airflow2.3.0/lib/python3.8/site-packages/airflow/example_dags/example_external_task_marker_dag.py took 0.078 seconds
[2022-07-24 19:16:41,386] {processor.py:153} INFO - Started process (PID=78161) to work on /Users/jangheesu/opt/anaconda3/envs/airflow2.3.0/lib/python3.8/site-packages/airflow/example_dags/example_external_task_marker_dag.py
[2022-07-24 19:16:41,386] {processor.py:641} INFO - Processing file /Users/jangheesu/opt/anaconda3/envs/airflow2.3.0/lib/python3.8/site-packages/airflow/example_dags/example_external_task_marker_dag.py for tasks to queue
[2022-07-24 19:16:41,387] {logging_mixin.py:115} INFO - [2022-07-24 19:16:41,387] {dagbag.py:507} INFO - Filling up the DagBag from /Users/jangheesu/opt/anaconda3/envs/airflow2.3.0/lib/python3.8/site-packages/airflow/example_dags/example_external_task_marker_dag.py
[2022-07-24 19:16:41,393] {processor.py:651} INFO - DAG(s) dict_keys(['example_external_task_marker_parent', 'example_external_task_marker_child']) retrieved from /Users/jangheesu/opt/anaconda3/envs/airflow2.3.0/lib/python3.8/site-packages/airflow/example_dags/example_external_task_marker_dag.py
[2022-07-24 19:16:41,442] {logging_mixin.py:115} INFO - [2022-07-24 19:16:41,442] {dag.py:2371} INFO - Sync 2 DAGs
[2022-07-24 19:16:41,454] {logging_mixin.py:115} INFO - [2022-07-24 19:16:41,454] {dag.py:2915} INFO - Setting next_dagrun for example_external_task_marker_child to None, run_after=None
[2022-07-24 19:16:41,454] {logging_mixin.py:115} INFO - [2022-07-24 19:16:41,454] {dag.py:2915} INFO - Setting next_dagrun for example_external_task_marker_parent to None, run_after=None
[2022-07-24 19:16:41,461] {processor.py:161} INFO - Processing /Users/jangheesu/opt/anaconda3/envs/airflow2.3.0/lib/python3.8/site-packages/airflow/example_dags/example_external_task_marker_dag.py took 0.075 seconds
[2022-07-24 19:17:13,042] {processor.py:153} INFO - Started process (PID=78268) to work on /Users/jangheesu/opt/anaconda3/envs/airflow2.3.0/lib/python3.8/site-packages/airflow/example_dags/example_external_task_marker_dag.py
[2022-07-24 19:17:13,043] {processor.py:641} INFO - Processing file /Users/jangheesu/opt/anaconda3/envs/airflow2.3.0/lib/python3.8/site-packages/airflow/example_dags/example_external_task_marker_dag.py for tasks to queue
[2022-07-24 19:17:13,043] {logging_mixin.py:115} INFO - [2022-07-24 19:17:13,043] {dagbag.py:507} INFO - Filling up the DagBag from /Users/jangheesu/opt/anaconda3/envs/airflow2.3.0/lib/python3.8/site-packages/airflow/example_dags/example_external_task_marker_dag.py
[2022-07-24 19:17:13,049] {processor.py:651} INFO - DAG(s) dict_keys(['example_external_task_marker_parent', 'example_external_task_marker_child']) retrieved from /Users/jangheesu/opt/anaconda3/envs/airflow2.3.0/lib/python3.8/site-packages/airflow/example_dags/example_external_task_marker_dag.py
[2022-07-24 19:17:13,096] {logging_mixin.py:115} INFO - [2022-07-24 19:17:13,096] {dag.py:2371} INFO - Sync 2 DAGs
[2022-07-24 19:17:13,109] {logging_mixin.py:115} INFO - [2022-07-24 19:17:13,109] {dag.py:2915} INFO - Setting next_dagrun for example_external_task_marker_child to None, run_after=None
[2022-07-24 19:17:13,109] {logging_mixin.py:115} INFO - [2022-07-24 19:17:13,109] {dag.py:2915} INFO - Setting next_dagrun for example_external_task_marker_parent to None, run_after=None
[2022-07-24 19:17:13,116] {processor.py:161} INFO - Processing /Users/jangheesu/opt/anaconda3/envs/airflow2.3.0/lib/python3.8/site-packages/airflow/example_dags/example_external_task_marker_dag.py took 0.074 seconds
[2022-07-24 19:17:46,512] {processor.py:153} INFO - Started process (PID=78647) to work on /Users/jangheesu/opt/anaconda3/envs/airflow2.3.0/lib/python3.8/site-packages/airflow/example_dags/example_external_task_marker_dag.py
[2022-07-24 19:17:46,512] {processor.py:641} INFO - Processing file /Users/jangheesu/opt/anaconda3/envs/airflow2.3.0/lib/python3.8/site-packages/airflow/example_dags/example_external_task_marker_dag.py for tasks to queue
[2022-07-24 19:17:46,512] {logging_mixin.py:115} INFO - [2022-07-24 19:17:46,512] {dagbag.py:507} INFO - Filling up the DagBag from /Users/jangheesu/opt/anaconda3/envs/airflow2.3.0/lib/python3.8/site-packages/airflow/example_dags/example_external_task_marker_dag.py
[2022-07-24 19:17:46,527] {processor.py:651} INFO - DAG(s) dict_keys(['example_external_task_marker_parent', 'example_external_task_marker_child']) retrieved from /Users/jangheesu/opt/anaconda3/envs/airflow2.3.0/lib/python3.8/site-packages/airflow/example_dags/example_external_task_marker_dag.py
[2022-07-24 19:17:46,605] {logging_mixin.py:115} INFO - [2022-07-24 19:17:46,604] {dag.py:2371} INFO - Sync 2 DAGs
[2022-07-24 19:17:46,623] {logging_mixin.py:115} INFO - [2022-07-24 19:17:46,623] {dag.py:2915} INFO - Setting next_dagrun for example_external_task_marker_child to None, run_after=None
[2022-07-24 19:17:46,624] {logging_mixin.py:115} INFO - [2022-07-24 19:17:46,624] {dag.py:2915} INFO - Setting next_dagrun for example_external_task_marker_parent to None, run_after=None
[2022-07-24 19:17:46,636] {processor.py:161} INFO - Processing /Users/jangheesu/opt/anaconda3/envs/airflow2.3.0/lib/python3.8/site-packages/airflow/example_dags/example_external_task_marker_dag.py took 0.125 seconds
