[2022-07-24 19:12:31,364] {processor.py:153} INFO - Started process (PID=77232) to work on /Users/jangheesu/opt/anaconda3/envs/airflow2.3.0/lib/python3.8/site-packages/airflow/example_dags/example_latest_only.py
[2022-07-24 19:12:31,364] {processor.py:641} INFO - Processing file /Users/jangheesu/opt/anaconda3/envs/airflow2.3.0/lib/python3.8/site-packages/airflow/example_dags/example_latest_only.py for tasks to queue
[2022-07-24 19:12:31,364] {logging_mixin.py:115} INFO - [2022-07-24 19:12:31,364] {dagbag.py:507} INFO - Filling up the DagBag from /Users/jangheesu/opt/anaconda3/envs/airflow2.3.0/lib/python3.8/site-packages/airflow/example_dags/example_latest_only.py
[2022-07-24 19:12:31,371] {processor.py:651} INFO - DAG(s) dict_keys(['latest_only']) retrieved from /Users/jangheesu/opt/anaconda3/envs/airflow2.3.0/lib/python3.8/site-packages/airflow/example_dags/example_latest_only.py
[2022-07-24 19:12:32,064] {logging_mixin.py:115} INFO - [2022-07-24 19:12:32,064] {manager.py:508} INFO - Created Permission View: can delete on DAG:latest_only
[2022-07-24 19:12:32,070] {logging_mixin.py:115} INFO - [2022-07-24 19:12:32,070] {manager.py:508} INFO - Created Permission View: can edit on DAG:latest_only
[2022-07-24 19:12:32,073] {logging_mixin.py:115} INFO - [2022-07-24 19:12:32,073] {manager.py:508} INFO - Created Permission View: can read on DAG:latest_only
[2022-07-24 19:12:32,073] {logging_mixin.py:115} INFO - [2022-07-24 19:12:32,073] {dag.py:2371} INFO - Sync 1 DAGs
[2022-07-24 19:12:32,079] {logging_mixin.py:115} INFO - [2022-07-24 19:12:32,078] {dag.py:2390} INFO - Creating ORM DAG for latest_only
[2022-07-24 19:12:32,086] {logging_mixin.py:115} INFO - [2022-07-24 19:12:32,086] {dag.py:2915} INFO - Setting next_dagrun for latest_only to 2022-07-24T06:12:32.086182+00:00, run_after=2022-07-24T10:12:32.086182+00:00
[2022-07-24 19:12:32,094] {processor.py:161} INFO - Processing /Users/jangheesu/opt/anaconda3/envs/airflow2.3.0/lib/python3.8/site-packages/airflow/example_dags/example_latest_only.py took 0.731 seconds
[2022-07-24 19:13:03,269] {processor.py:153} INFO - Started process (PID=77342) to work on /Users/jangheesu/opt/anaconda3/envs/airflow2.3.0/lib/python3.8/site-packages/airflow/example_dags/example_latest_only.py
[2022-07-24 19:13:03,270] {processor.py:641} INFO - Processing file /Users/jangheesu/opt/anaconda3/envs/airflow2.3.0/lib/python3.8/site-packages/airflow/example_dags/example_latest_only.py for tasks to queue
[2022-07-24 19:13:03,272] {logging_mixin.py:115} INFO - [2022-07-24 19:13:03,272] {dagbag.py:507} INFO - Filling up the DagBag from /Users/jangheesu/opt/anaconda3/envs/airflow2.3.0/lib/python3.8/site-packages/airflow/example_dags/example_latest_only.py
[2022-07-24 19:13:03,279] {processor.py:651} INFO - DAG(s) dict_keys(['latest_only']) retrieved from /Users/jangheesu/opt/anaconda3/envs/airflow2.3.0/lib/python3.8/site-packages/airflow/example_dags/example_latest_only.py
[2022-07-24 19:13:03,321] {logging_mixin.py:115} INFO - [2022-07-24 19:13:03,321] {dag.py:2371} INFO - Sync 1 DAGs
[2022-07-24 19:13:03,334] {logging_mixin.py:115} INFO - [2022-07-24 19:13:03,334] {dag.py:2915} INFO - Setting next_dagrun for latest_only to 2022-07-24T06:13:03.334260+00:00, run_after=2022-07-24T10:13:03.334260+00:00
[2022-07-24 19:13:03,341] {processor.py:161} INFO - Processing /Users/jangheesu/opt/anaconda3/envs/airflow2.3.0/lib/python3.8/site-packages/airflow/example_dags/example_latest_only.py took 0.073 seconds
[2022-07-24 19:13:33,928] {processor.py:153} INFO - Started process (PID=77450) to work on /Users/jangheesu/opt/anaconda3/envs/airflow2.3.0/lib/python3.8/site-packages/airflow/example_dags/example_latest_only.py
[2022-07-24 19:13:33,928] {processor.py:641} INFO - Processing file /Users/jangheesu/opt/anaconda3/envs/airflow2.3.0/lib/python3.8/site-packages/airflow/example_dags/example_latest_only.py for tasks to queue
[2022-07-24 19:13:33,929] {logging_mixin.py:115} INFO - [2022-07-24 19:13:33,929] {dagbag.py:507} INFO - Filling up the DagBag from /Users/jangheesu/opt/anaconda3/envs/airflow2.3.0/lib/python3.8/site-packages/airflow/example_dags/example_latest_only.py
[2022-07-24 19:13:33,935] {processor.py:651} INFO - DAG(s) dict_keys(['latest_only']) retrieved from /Users/jangheesu/opt/anaconda3/envs/airflow2.3.0/lib/python3.8/site-packages/airflow/example_dags/example_latest_only.py
[2022-07-24 19:13:33,977] {logging_mixin.py:115} INFO - [2022-07-24 19:13:33,977] {dag.py:2371} INFO - Sync 1 DAGs
[2022-07-24 19:13:33,988] {logging_mixin.py:115} INFO - [2022-07-24 19:13:33,988] {dag.py:2915} INFO - Setting next_dagrun for latest_only to 2022-07-24T06:13:33.988438+00:00, run_after=2022-07-24T10:13:33.988438+00:00
[2022-07-24 19:13:33,996] {processor.py:161} INFO - Processing /Users/jangheesu/opt/anaconda3/envs/airflow2.3.0/lib/python3.8/site-packages/airflow/example_dags/example_latest_only.py took 0.068 seconds
[2022-07-24 19:14:05,086] {processor.py:153} INFO - Started process (PID=77600) to work on /Users/jangheesu/opt/anaconda3/envs/airflow2.3.0/lib/python3.8/site-packages/airflow/example_dags/example_latest_only.py
[2022-07-24 19:14:05,086] {processor.py:641} INFO - Processing file /Users/jangheesu/opt/anaconda3/envs/airflow2.3.0/lib/python3.8/site-packages/airflow/example_dags/example_latest_only.py for tasks to queue
[2022-07-24 19:14:05,086] {logging_mixin.py:115} INFO - [2022-07-24 19:14:05,086] {dagbag.py:507} INFO - Filling up the DagBag from /Users/jangheesu/opt/anaconda3/envs/airflow2.3.0/lib/python3.8/site-packages/airflow/example_dags/example_latest_only.py
[2022-07-24 19:14:05,093] {processor.py:651} INFO - DAG(s) dict_keys(['latest_only']) retrieved from /Users/jangheesu/opt/anaconda3/envs/airflow2.3.0/lib/python3.8/site-packages/airflow/example_dags/example_latest_only.py
[2022-07-24 19:14:05,134] {logging_mixin.py:115} INFO - [2022-07-24 19:14:05,133] {dag.py:2371} INFO - Sync 1 DAGs
[2022-07-24 19:14:05,146] {logging_mixin.py:115} INFO - [2022-07-24 19:14:05,146] {dag.py:2915} INFO - Setting next_dagrun for latest_only to 2022-07-24T06:14:05.146547+00:00, run_after=2022-07-24T10:14:05.146547+00:00
[2022-07-24 19:14:05,154] {processor.py:161} INFO - Processing /Users/jangheesu/opt/anaconda3/envs/airflow2.3.0/lib/python3.8/site-packages/airflow/example_dags/example_latest_only.py took 0.068 seconds
[2022-07-24 19:14:35,855] {processor.py:153} INFO - Started process (PID=77709) to work on /Users/jangheesu/opt/anaconda3/envs/airflow2.3.0/lib/python3.8/site-packages/airflow/example_dags/example_latest_only.py
[2022-07-24 19:14:35,855] {processor.py:641} INFO - Processing file /Users/jangheesu/opt/anaconda3/envs/airflow2.3.0/lib/python3.8/site-packages/airflow/example_dags/example_latest_only.py for tasks to queue
[2022-07-24 19:14:35,855] {logging_mixin.py:115} INFO - [2022-07-24 19:14:35,855] {dagbag.py:507} INFO - Filling up the DagBag from /Users/jangheesu/opt/anaconda3/envs/airflow2.3.0/lib/python3.8/site-packages/airflow/example_dags/example_latest_only.py
[2022-07-24 19:14:35,861] {processor.py:651} INFO - DAG(s) dict_keys(['latest_only']) retrieved from /Users/jangheesu/opt/anaconda3/envs/airflow2.3.0/lib/python3.8/site-packages/airflow/example_dags/example_latest_only.py
[2022-07-24 19:14:35,905] {logging_mixin.py:115} INFO - [2022-07-24 19:14:35,905] {dag.py:2371} INFO - Sync 1 DAGs
[2022-07-24 19:14:35,916] {logging_mixin.py:115} INFO - [2022-07-24 19:14:35,916] {dag.py:2915} INFO - Setting next_dagrun for latest_only to 2022-07-24T06:14:35.915920+00:00, run_after=2022-07-24T10:14:35.915920+00:00
[2022-07-24 19:14:35,923] {processor.py:161} INFO - Processing /Users/jangheesu/opt/anaconda3/envs/airflow2.3.0/lib/python3.8/site-packages/airflow/example_dags/example_latest_only.py took 0.068 seconds
[2022-07-24 19:15:06,607] {processor.py:153} INFO - Started process (PID=77829) to work on /Users/jangheesu/opt/anaconda3/envs/airflow2.3.0/lib/python3.8/site-packages/airflow/example_dags/example_latest_only.py
[2022-07-24 19:15:06,608] {processor.py:641} INFO - Processing file /Users/jangheesu/opt/anaconda3/envs/airflow2.3.0/lib/python3.8/site-packages/airflow/example_dags/example_latest_only.py for tasks to queue
[2022-07-24 19:15:06,610] {logging_mixin.py:115} INFO - [2022-07-24 19:15:06,610] {dagbag.py:507} INFO - Filling up the DagBag from /Users/jangheesu/opt/anaconda3/envs/airflow2.3.0/lib/python3.8/site-packages/airflow/example_dags/example_latest_only.py
[2022-07-24 19:15:06,617] {processor.py:651} INFO - DAG(s) dict_keys(['latest_only']) retrieved from /Users/jangheesu/opt/anaconda3/envs/airflow2.3.0/lib/python3.8/site-packages/airflow/example_dags/example_latest_only.py
[2022-07-24 19:15:06,659] {logging_mixin.py:115} INFO - [2022-07-24 19:15:06,659] {dag.py:2371} INFO - Sync 1 DAGs
[2022-07-24 19:15:06,673] {logging_mixin.py:115} INFO - [2022-07-24 19:15:06,673] {dag.py:2915} INFO - Setting next_dagrun for latest_only to 2022-07-24T06:15:06.673239+00:00, run_after=2022-07-24T10:15:06.673239+00:00
[2022-07-24 19:15:06,681] {processor.py:161} INFO - Processing /Users/jangheesu/opt/anaconda3/envs/airflow2.3.0/lib/python3.8/site-packages/airflow/example_dags/example_latest_only.py took 0.074 seconds
[2022-07-24 19:15:37,411] {processor.py:153} INFO - Started process (PID=77935) to work on /Users/jangheesu/opt/anaconda3/envs/airflow2.3.0/lib/python3.8/site-packages/airflow/example_dags/example_latest_only.py
[2022-07-24 19:15:37,411] {processor.py:641} INFO - Processing file /Users/jangheesu/opt/anaconda3/envs/airflow2.3.0/lib/python3.8/site-packages/airflow/example_dags/example_latest_only.py for tasks to queue
[2022-07-24 19:15:37,411] {logging_mixin.py:115} INFO - [2022-07-24 19:15:37,411] {dagbag.py:507} INFO - Filling up the DagBag from /Users/jangheesu/opt/anaconda3/envs/airflow2.3.0/lib/python3.8/site-packages/airflow/example_dags/example_latest_only.py
[2022-07-24 19:15:37,418] {processor.py:651} INFO - DAG(s) dict_keys(['latest_only']) retrieved from /Users/jangheesu/opt/anaconda3/envs/airflow2.3.0/lib/python3.8/site-packages/airflow/example_dags/example_latest_only.py
[2022-07-24 19:15:37,460] {logging_mixin.py:115} INFO - [2022-07-24 19:15:37,460] {dag.py:2371} INFO - Sync 1 DAGs
[2022-07-24 19:15:37,473] {logging_mixin.py:115} INFO - [2022-07-24 19:15:37,473] {dag.py:2915} INFO - Setting next_dagrun for latest_only to 2022-07-24T06:15:37.473370+00:00, run_after=2022-07-24T10:15:37.473370+00:00
[2022-07-24 19:15:37,480] {processor.py:161} INFO - Processing /Users/jangheesu/opt/anaconda3/envs/airflow2.3.0/lib/python3.8/site-packages/airflow/example_dags/example_latest_only.py took 0.070 seconds
[2022-07-24 19:16:08,704] {processor.py:153} INFO - Started process (PID=78042) to work on /Users/jangheesu/opt/anaconda3/envs/airflow2.3.0/lib/python3.8/site-packages/airflow/example_dags/example_latest_only.py
[2022-07-24 19:16:08,704] {processor.py:641} INFO - Processing file /Users/jangheesu/opt/anaconda3/envs/airflow2.3.0/lib/python3.8/site-packages/airflow/example_dags/example_latest_only.py for tasks to queue
[2022-07-24 19:16:08,704] {logging_mixin.py:115} INFO - [2022-07-24 19:16:08,704] {dagbag.py:507} INFO - Filling up the DagBag from /Users/jangheesu/opt/anaconda3/envs/airflow2.3.0/lib/python3.8/site-packages/airflow/example_dags/example_latest_only.py
[2022-07-24 19:16:08,711] {processor.py:651} INFO - DAG(s) dict_keys(['latest_only']) retrieved from /Users/jangheesu/opt/anaconda3/envs/airflow2.3.0/lib/python3.8/site-packages/airflow/example_dags/example_latest_only.py
[2022-07-24 19:16:08,750] {logging_mixin.py:115} INFO - [2022-07-24 19:16:08,750] {dag.py:2371} INFO - Sync 1 DAGs
[2022-07-24 19:16:08,763] {logging_mixin.py:115} INFO - [2022-07-24 19:16:08,762] {dag.py:2915} INFO - Setting next_dagrun for latest_only to 2022-07-24T06:16:08.762815+00:00, run_after=2022-07-24T10:16:08.762815+00:00
[2022-07-24 19:16:08,771] {processor.py:161} INFO - Processing /Users/jangheesu/opt/anaconda3/envs/airflow2.3.0/lib/python3.8/site-packages/airflow/example_dags/example_latest_only.py took 0.067 seconds
[2022-07-24 19:16:40,791] {processor.py:153} INFO - Started process (PID=78155) to work on /Users/jangheesu/opt/anaconda3/envs/airflow2.3.0/lib/python3.8/site-packages/airflow/example_dags/example_latest_only.py
[2022-07-24 19:16:40,791] {processor.py:641} INFO - Processing file /Users/jangheesu/opt/anaconda3/envs/airflow2.3.0/lib/python3.8/site-packages/airflow/example_dags/example_latest_only.py for tasks to queue
[2022-07-24 19:16:40,791] {logging_mixin.py:115} INFO - [2022-07-24 19:16:40,791] {dagbag.py:507} INFO - Filling up the DagBag from /Users/jangheesu/opt/anaconda3/envs/airflow2.3.0/lib/python3.8/site-packages/airflow/example_dags/example_latest_only.py
[2022-07-24 19:16:40,797] {processor.py:651} INFO - DAG(s) dict_keys(['latest_only']) retrieved from /Users/jangheesu/opt/anaconda3/envs/airflow2.3.0/lib/python3.8/site-packages/airflow/example_dags/example_latest_only.py
[2022-07-24 19:16:40,839] {logging_mixin.py:115} INFO - [2022-07-24 19:16:40,838] {dag.py:2371} INFO - Sync 1 DAGs
[2022-07-24 19:16:40,852] {logging_mixin.py:115} INFO - [2022-07-24 19:16:40,852] {dag.py:2915} INFO - Setting next_dagrun for latest_only to 2022-07-24T06:16:40.851894+00:00, run_after=2022-07-24T10:16:40.851894+00:00
[2022-07-24 19:16:40,859] {processor.py:161} INFO - Processing /Users/jangheesu/opt/anaconda3/envs/airflow2.3.0/lib/python3.8/site-packages/airflow/example_dags/example_latest_only.py took 0.069 seconds
[2022-07-24 19:17:12,470] {processor.py:153} INFO - Started process (PID=78262) to work on /Users/jangheesu/opt/anaconda3/envs/airflow2.3.0/lib/python3.8/site-packages/airflow/example_dags/example_latest_only.py
[2022-07-24 19:17:12,470] {processor.py:641} INFO - Processing file /Users/jangheesu/opt/anaconda3/envs/airflow2.3.0/lib/python3.8/site-packages/airflow/example_dags/example_latest_only.py for tasks to queue
[2022-07-24 19:17:12,470] {logging_mixin.py:115} INFO - [2022-07-24 19:17:12,470] {dagbag.py:507} INFO - Filling up the DagBag from /Users/jangheesu/opt/anaconda3/envs/airflow2.3.0/lib/python3.8/site-packages/airflow/example_dags/example_latest_only.py
[2022-07-24 19:17:12,476] {processor.py:651} INFO - DAG(s) dict_keys(['latest_only']) retrieved from /Users/jangheesu/opt/anaconda3/envs/airflow2.3.0/lib/python3.8/site-packages/airflow/example_dags/example_latest_only.py
[2022-07-24 19:17:12,518] {logging_mixin.py:115} INFO - [2022-07-24 19:17:12,518] {dag.py:2371} INFO - Sync 1 DAGs
[2022-07-24 19:17:12,531] {logging_mixin.py:115} INFO - [2022-07-24 19:17:12,531] {dag.py:2915} INFO - Setting next_dagrun for latest_only to 2022-07-24T06:17:12.531178+00:00, run_after=2022-07-24T10:17:12.531178+00:00
[2022-07-24 19:17:12,538] {processor.py:161} INFO - Processing /Users/jangheesu/opt/anaconda3/envs/airflow2.3.0/lib/python3.8/site-packages/airflow/example_dags/example_latest_only.py took 0.068 seconds
[2022-07-24 19:17:45,699] {processor.py:153} INFO - Started process (PID=78638) to work on /Users/jangheesu/opt/anaconda3/envs/airflow2.3.0/lib/python3.8/site-packages/airflow/example_dags/example_latest_only.py
[2022-07-24 19:17:45,699] {processor.py:641} INFO - Processing file /Users/jangheesu/opt/anaconda3/envs/airflow2.3.0/lib/python3.8/site-packages/airflow/example_dags/example_latest_only.py for tasks to queue
[2022-07-24 19:17:45,700] {logging_mixin.py:115} INFO - [2022-07-24 19:17:45,700] {dagbag.py:507} INFO - Filling up the DagBag from /Users/jangheesu/opt/anaconda3/envs/airflow2.3.0/lib/python3.8/site-packages/airflow/example_dags/example_latest_only.py
[2022-07-24 19:17:45,707] {processor.py:651} INFO - DAG(s) dict_keys(['latest_only']) retrieved from /Users/jangheesu/opt/anaconda3/envs/airflow2.3.0/lib/python3.8/site-packages/airflow/example_dags/example_latest_only.py
[2022-07-24 19:17:45,761] {logging_mixin.py:115} INFO - [2022-07-24 19:17:45,760] {dag.py:2371} INFO - Sync 1 DAGs
[2022-07-24 19:17:45,775] {logging_mixin.py:115} INFO - [2022-07-24 19:17:45,775] {dag.py:2915} INFO - Setting next_dagrun for latest_only to 2022-07-24T06:17:45.775038+00:00, run_after=2022-07-24T10:17:45.775038+00:00
[2022-07-24 19:17:45,790] {processor.py:161} INFO - Processing /Users/jangheesu/opt/anaconda3/envs/airflow2.3.0/lib/python3.8/site-packages/airflow/example_dags/example_latest_only.py took 0.091 seconds
