[2022-07-24 19:12:22,851] {processor.py:153} INFO - Started process (PID=77181) to work on /Users/jangheesu/opt/anaconda3/envs/airflow2.3.0/lib/python3.8/site-packages/airflow/example_dags/example_xcom.py
[2022-07-24 19:12:22,851] {processor.py:641} INFO - Processing file /Users/jangheesu/opt/anaconda3/envs/airflow2.3.0/lib/python3.8/site-packages/airflow/example_dags/example_xcom.py for tasks to queue
[2022-07-24 19:12:22,852] {logging_mixin.py:115} INFO - [2022-07-24 19:12:22,852] {dagbag.py:507} INFO - Filling up the DagBag from /Users/jangheesu/opt/anaconda3/envs/airflow2.3.0/lib/python3.8/site-packages/airflow/example_dags/example_xcom.py
[2022-07-24 19:12:22,873] {processor.py:651} INFO - DAG(s) dict_keys(['example_xcom']) retrieved from /Users/jangheesu/opt/anaconda3/envs/airflow2.3.0/lib/python3.8/site-packages/airflow/example_dags/example_xcom.py
[2022-07-24 19:12:23,434] {logging_mixin.py:115} INFO - [2022-07-24 19:12:23,434] {manager.py:508} INFO - Created Permission View: can delete on DAG:example_xcom
[2022-07-24 19:12:23,438] {logging_mixin.py:115} INFO - [2022-07-24 19:12:23,438] {manager.py:508} INFO - Created Permission View: can edit on DAG:example_xcom
[2022-07-24 19:12:23,441] {logging_mixin.py:115} INFO - [2022-07-24 19:12:23,441] {manager.py:508} INFO - Created Permission View: can read on DAG:example_xcom
[2022-07-24 19:12:23,441] {logging_mixin.py:115} INFO - [2022-07-24 19:12:23,441] {dag.py:2371} INFO - Sync 1 DAGs
[2022-07-24 19:12:23,446] {logging_mixin.py:115} INFO - [2022-07-24 19:12:23,446] {dag.py:2390} INFO - Creating ORM DAG for example_xcom
[2022-07-24 19:12:23,452] {logging_mixin.py:115} INFO - [2022-07-24 19:12:23,452] {dag.py:2915} INFO - Setting next_dagrun for example_xcom to 2021-01-01T00:00:00+00:00, run_after=2021-01-01T00:00:00+00:00
[2022-07-24 19:12:23,465] {processor.py:161} INFO - Processing /Users/jangheesu/opt/anaconda3/envs/airflow2.3.0/lib/python3.8/site-packages/airflow/example_dags/example_xcom.py took 0.615 seconds
[2022-07-24 19:12:54,277] {processor.py:153} INFO - Started process (PID=77295) to work on /Users/jangheesu/opt/anaconda3/envs/airflow2.3.0/lib/python3.8/site-packages/airflow/example_dags/example_xcom.py
[2022-07-24 19:12:54,277] {processor.py:641} INFO - Processing file /Users/jangheesu/opt/anaconda3/envs/airflow2.3.0/lib/python3.8/site-packages/airflow/example_dags/example_xcom.py for tasks to queue
[2022-07-24 19:12:54,277] {logging_mixin.py:115} INFO - [2022-07-24 19:12:54,277] {dagbag.py:507} INFO - Filling up the DagBag from /Users/jangheesu/opt/anaconda3/envs/airflow2.3.0/lib/python3.8/site-packages/airflow/example_dags/example_xcom.py
[2022-07-24 19:12:54,294] {processor.py:651} INFO - DAG(s) dict_keys(['example_xcom']) retrieved from /Users/jangheesu/opt/anaconda3/envs/airflow2.3.0/lib/python3.8/site-packages/airflow/example_dags/example_xcom.py
[2022-07-24 19:12:54,691] {logging_mixin.py:115} INFO - [2022-07-24 19:12:54,691] {dag.py:2371} INFO - Sync 1 DAGs
[2022-07-24 19:12:54,703] {logging_mixin.py:115} INFO - [2022-07-24 19:12:54,703] {dag.py:2915} INFO - Setting next_dagrun for example_xcom to 2021-01-01T00:00:00+00:00, run_after=2021-01-01T00:00:00+00:00
[2022-07-24 19:12:54,710] {processor.py:161} INFO - Processing /Users/jangheesu/opt/anaconda3/envs/airflow2.3.0/lib/python3.8/site-packages/airflow/example_dags/example_xcom.py took 0.434 seconds
[2022-07-24 19:13:25,376] {processor.py:153} INFO - Started process (PID=77404) to work on /Users/jangheesu/opt/anaconda3/envs/airflow2.3.0/lib/python3.8/site-packages/airflow/example_dags/example_xcom.py
[2022-07-24 19:13:25,376] {processor.py:641} INFO - Processing file /Users/jangheesu/opt/anaconda3/envs/airflow2.3.0/lib/python3.8/site-packages/airflow/example_dags/example_xcom.py for tasks to queue
[2022-07-24 19:13:25,376] {logging_mixin.py:115} INFO - [2022-07-24 19:13:25,376] {dagbag.py:507} INFO - Filling up the DagBag from /Users/jangheesu/opt/anaconda3/envs/airflow2.3.0/lib/python3.8/site-packages/airflow/example_dags/example_xcom.py
[2022-07-24 19:13:25,394] {processor.py:651} INFO - DAG(s) dict_keys(['example_xcom']) retrieved from /Users/jangheesu/opt/anaconda3/envs/airflow2.3.0/lib/python3.8/site-packages/airflow/example_dags/example_xcom.py
[2022-07-24 19:13:25,788] {logging_mixin.py:115} INFO - [2022-07-24 19:13:25,788] {dag.py:2371} INFO - Sync 1 DAGs
[2022-07-24 19:13:25,800] {logging_mixin.py:115} INFO - [2022-07-24 19:13:25,800] {dag.py:2915} INFO - Setting next_dagrun for example_xcom to 2021-01-01T00:00:00+00:00, run_after=2021-01-01T00:00:00+00:00
[2022-07-24 19:13:25,806] {processor.py:161} INFO - Processing /Users/jangheesu/opt/anaconda3/envs/airflow2.3.0/lib/python3.8/site-packages/airflow/example_dags/example_xcom.py took 0.431 seconds
[2022-07-24 19:13:56,537] {processor.py:153} INFO - Started process (PID=77513) to work on /Users/jangheesu/opt/anaconda3/envs/airflow2.3.0/lib/python3.8/site-packages/airflow/example_dags/example_xcom.py
[2022-07-24 19:13:56,537] {processor.py:641} INFO - Processing file /Users/jangheesu/opt/anaconda3/envs/airflow2.3.0/lib/python3.8/site-packages/airflow/example_dags/example_xcom.py for tasks to queue
[2022-07-24 19:13:56,537] {logging_mixin.py:115} INFO - [2022-07-24 19:13:56,537] {dagbag.py:507} INFO - Filling up the DagBag from /Users/jangheesu/opt/anaconda3/envs/airflow2.3.0/lib/python3.8/site-packages/airflow/example_dags/example_xcom.py
[2022-07-24 19:13:56,554] {processor.py:651} INFO - DAG(s) dict_keys(['example_xcom']) retrieved from /Users/jangheesu/opt/anaconda3/envs/airflow2.3.0/lib/python3.8/site-packages/airflow/example_dags/example_xcom.py
[2022-07-24 19:13:56,944] {logging_mixin.py:115} INFO - [2022-07-24 19:13:56,944] {dag.py:2371} INFO - Sync 1 DAGs
[2022-07-24 19:13:56,956] {logging_mixin.py:115} INFO - [2022-07-24 19:13:56,956] {dag.py:2915} INFO - Setting next_dagrun for example_xcom to 2021-01-01T00:00:00+00:00, run_after=2021-01-01T00:00:00+00:00
[2022-07-24 19:13:56,964] {processor.py:161} INFO - Processing /Users/jangheesu/opt/anaconda3/envs/airflow2.3.0/lib/python3.8/site-packages/airflow/example_dags/example_xcom.py took 0.427 seconds
[2022-07-24 19:14:27,793] {processor.py:153} INFO - Started process (PID=77663) to work on /Users/jangheesu/opt/anaconda3/envs/airflow2.3.0/lib/python3.8/site-packages/airflow/example_dags/example_xcom.py
[2022-07-24 19:14:27,793] {processor.py:641} INFO - Processing file /Users/jangheesu/opt/anaconda3/envs/airflow2.3.0/lib/python3.8/site-packages/airflow/example_dags/example_xcom.py for tasks to queue
[2022-07-24 19:14:27,793] {logging_mixin.py:115} INFO - [2022-07-24 19:14:27,793] {dagbag.py:507} INFO - Filling up the DagBag from /Users/jangheesu/opt/anaconda3/envs/airflow2.3.0/lib/python3.8/site-packages/airflow/example_dags/example_xcom.py
[2022-07-24 19:14:27,810] {processor.py:651} INFO - DAG(s) dict_keys(['example_xcom']) retrieved from /Users/jangheesu/opt/anaconda3/envs/airflow2.3.0/lib/python3.8/site-packages/airflow/example_dags/example_xcom.py
[2022-07-24 19:14:28,197] {logging_mixin.py:115} INFO - [2022-07-24 19:14:28,197] {dag.py:2371} INFO - Sync 1 DAGs
[2022-07-24 19:14:28,209] {logging_mixin.py:115} INFO - [2022-07-24 19:14:28,209] {dag.py:2915} INFO - Setting next_dagrun for example_xcom to 2021-01-01T00:00:00+00:00, run_after=2021-01-01T00:00:00+00:00
[2022-07-24 19:14:28,216] {processor.py:161} INFO - Processing /Users/jangheesu/opt/anaconda3/envs/airflow2.3.0/lib/python3.8/site-packages/airflow/example_dags/example_xcom.py took 0.424 seconds
[2022-07-24 19:14:59,615] {processor.py:153} INFO - Started process (PID=77777) to work on /Users/jangheesu/opt/anaconda3/envs/airflow2.3.0/lib/python3.8/site-packages/airflow/example_dags/example_xcom.py
[2022-07-24 19:14:59,615] {processor.py:641} INFO - Processing file /Users/jangheesu/opt/anaconda3/envs/airflow2.3.0/lib/python3.8/site-packages/airflow/example_dags/example_xcom.py for tasks to queue
[2022-07-24 19:14:59,615] {logging_mixin.py:115} INFO - [2022-07-24 19:14:59,615] {dagbag.py:507} INFO - Filling up the DagBag from /Users/jangheesu/opt/anaconda3/envs/airflow2.3.0/lib/python3.8/site-packages/airflow/example_dags/example_xcom.py
[2022-07-24 19:14:59,634] {processor.py:651} INFO - DAG(s) dict_keys(['example_xcom']) retrieved from /Users/jangheesu/opt/anaconda3/envs/airflow2.3.0/lib/python3.8/site-packages/airflow/example_dags/example_xcom.py
[2022-07-24 19:15:00,044] {logging_mixin.py:115} INFO - [2022-07-24 19:15:00,044] {dag.py:2371} INFO - Sync 1 DAGs
[2022-07-24 19:15:00,055] {logging_mixin.py:115} INFO - [2022-07-24 19:15:00,055] {dag.py:2915} INFO - Setting next_dagrun for example_xcom to 2021-01-01T00:00:00+00:00, run_after=2021-01-01T00:00:00+00:00
[2022-07-24 19:15:00,064] {processor.py:161} INFO - Processing /Users/jangheesu/opt/anaconda3/envs/airflow2.3.0/lib/python3.8/site-packages/airflow/example_dags/example_xcom.py took 0.450 seconds
[2022-07-24 19:15:31,385] {processor.py:153} INFO - Started process (PID=77890) to work on /Users/jangheesu/opt/anaconda3/envs/airflow2.3.0/lib/python3.8/site-packages/airflow/example_dags/example_xcom.py
[2022-07-24 19:15:31,386] {processor.py:641} INFO - Processing file /Users/jangheesu/opt/anaconda3/envs/airflow2.3.0/lib/python3.8/site-packages/airflow/example_dags/example_xcom.py for tasks to queue
[2022-07-24 19:15:31,386] {logging_mixin.py:115} INFO - [2022-07-24 19:15:31,386] {dagbag.py:507} INFO - Filling up the DagBag from /Users/jangheesu/opt/anaconda3/envs/airflow2.3.0/lib/python3.8/site-packages/airflow/example_dags/example_xcom.py
[2022-07-24 19:15:31,403] {processor.py:651} INFO - DAG(s) dict_keys(['example_xcom']) retrieved from /Users/jangheesu/opt/anaconda3/envs/airflow2.3.0/lib/python3.8/site-packages/airflow/example_dags/example_xcom.py
[2022-07-24 19:15:31,796] {logging_mixin.py:115} INFO - [2022-07-24 19:15:31,795] {dag.py:2371} INFO - Sync 1 DAGs
[2022-07-24 19:15:31,808] {logging_mixin.py:115} INFO - [2022-07-24 19:15:31,808] {dag.py:2915} INFO - Setting next_dagrun for example_xcom to 2021-01-01T00:00:00+00:00, run_after=2021-01-01T00:00:00+00:00
[2022-07-24 19:15:31,827] {processor.py:161} INFO - Processing /Users/jangheesu/opt/anaconda3/envs/airflow2.3.0/lib/python3.8/site-packages/airflow/example_dags/example_xcom.py took 0.442 seconds
[2022-07-24 19:16:03,237] {processor.py:153} INFO - Started process (PID=77997) to work on /Users/jangheesu/opt/anaconda3/envs/airflow2.3.0/lib/python3.8/site-packages/airflow/example_dags/example_xcom.py
[2022-07-24 19:16:03,238] {processor.py:641} INFO - Processing file /Users/jangheesu/opt/anaconda3/envs/airflow2.3.0/lib/python3.8/site-packages/airflow/example_dags/example_xcom.py for tasks to queue
[2022-07-24 19:16:03,238] {logging_mixin.py:115} INFO - [2022-07-24 19:16:03,238] {dagbag.py:507} INFO - Filling up the DagBag from /Users/jangheesu/opt/anaconda3/envs/airflow2.3.0/lib/python3.8/site-packages/airflow/example_dags/example_xcom.py
[2022-07-24 19:16:03,255] {processor.py:651} INFO - DAG(s) dict_keys(['example_xcom']) retrieved from /Users/jangheesu/opt/anaconda3/envs/airflow2.3.0/lib/python3.8/site-packages/airflow/example_dags/example_xcom.py
[2022-07-24 19:16:03,642] {logging_mixin.py:115} INFO - [2022-07-24 19:16:03,642] {dag.py:2371} INFO - Sync 1 DAGs
[2022-07-24 19:16:03,654] {logging_mixin.py:115} INFO - [2022-07-24 19:16:03,654] {dag.py:2915} INFO - Setting next_dagrun for example_xcom to 2021-01-01T00:00:00+00:00, run_after=2021-01-01T00:00:00+00:00
[2022-07-24 19:16:03,661] {processor.py:161} INFO - Processing /Users/jangheesu/opt/anaconda3/envs/airflow2.3.0/lib/python3.8/site-packages/airflow/example_dags/example_xcom.py took 0.424 seconds
[2022-07-24 19:16:34,928] {processor.py:153} INFO - Started process (PID=78108) to work on /Users/jangheesu/opt/anaconda3/envs/airflow2.3.0/lib/python3.8/site-packages/airflow/example_dags/example_xcom.py
[2022-07-24 19:16:34,928] {processor.py:641} INFO - Processing file /Users/jangheesu/opt/anaconda3/envs/airflow2.3.0/lib/python3.8/site-packages/airflow/example_dags/example_xcom.py for tasks to queue
[2022-07-24 19:16:34,928] {logging_mixin.py:115} INFO - [2022-07-24 19:16:34,928] {dagbag.py:507} INFO - Filling up the DagBag from /Users/jangheesu/opt/anaconda3/envs/airflow2.3.0/lib/python3.8/site-packages/airflow/example_dags/example_xcom.py
[2022-07-24 19:16:34,946] {processor.py:651} INFO - DAG(s) dict_keys(['example_xcom']) retrieved from /Users/jangheesu/opt/anaconda3/envs/airflow2.3.0/lib/python3.8/site-packages/airflow/example_dags/example_xcom.py
[2022-07-24 19:16:35,337] {logging_mixin.py:115} INFO - [2022-07-24 19:16:35,337] {dag.py:2371} INFO - Sync 1 DAGs
[2022-07-24 19:16:35,349] {logging_mixin.py:115} INFO - [2022-07-24 19:16:35,349] {dag.py:2915} INFO - Setting next_dagrun for example_xcom to 2021-01-01T00:00:00+00:00, run_after=2021-01-01T00:00:00+00:00
[2022-07-24 19:16:35,357] {processor.py:161} INFO - Processing /Users/jangheesu/opt/anaconda3/envs/airflow2.3.0/lib/python3.8/site-packages/airflow/example_dags/example_xcom.py took 0.429 seconds
[2022-07-24 19:17:06,613] {processor.py:153} INFO - Started process (PID=78215) to work on /Users/jangheesu/opt/anaconda3/envs/airflow2.3.0/lib/python3.8/site-packages/airflow/example_dags/example_xcom.py
[2022-07-24 19:17:06,613] {processor.py:641} INFO - Processing file /Users/jangheesu/opt/anaconda3/envs/airflow2.3.0/lib/python3.8/site-packages/airflow/example_dags/example_xcom.py for tasks to queue
[2022-07-24 19:17:06,613] {logging_mixin.py:115} INFO - [2022-07-24 19:17:06,613] {dagbag.py:507} INFO - Filling up the DagBag from /Users/jangheesu/opt/anaconda3/envs/airflow2.3.0/lib/python3.8/site-packages/airflow/example_dags/example_xcom.py
[2022-07-24 19:17:06,630] {processor.py:651} INFO - DAG(s) dict_keys(['example_xcom']) retrieved from /Users/jangheesu/opt/anaconda3/envs/airflow2.3.0/lib/python3.8/site-packages/airflow/example_dags/example_xcom.py
[2022-07-24 19:17:07,017] {logging_mixin.py:115} INFO - [2022-07-24 19:17:07,016] {dag.py:2371} INFO - Sync 1 DAGs
[2022-07-24 19:17:07,028] {logging_mixin.py:115} INFO - [2022-07-24 19:17:07,028] {dag.py:2915} INFO - Setting next_dagrun for example_xcom to 2021-01-01T00:00:00+00:00, run_after=2021-01-01T00:00:00+00:00
[2022-07-24 19:17:07,036] {processor.py:161} INFO - Processing /Users/jangheesu/opt/anaconda3/envs/airflow2.3.0/lib/python3.8/site-packages/airflow/example_dags/example_xcom.py took 0.424 seconds
[2022-07-24 19:17:38,310] {processor.py:153} INFO - Started process (PID=78563) to work on /Users/jangheesu/opt/anaconda3/envs/airflow2.3.0/lib/python3.8/site-packages/airflow/example_dags/example_xcom.py
[2022-07-24 19:17:38,310] {processor.py:641} INFO - Processing file /Users/jangheesu/opt/anaconda3/envs/airflow2.3.0/lib/python3.8/site-packages/airflow/example_dags/example_xcom.py for tasks to queue
[2022-07-24 19:17:38,310] {logging_mixin.py:115} INFO - [2022-07-24 19:17:38,310] {dagbag.py:507} INFO - Filling up the DagBag from /Users/jangheesu/opt/anaconda3/envs/airflow2.3.0/lib/python3.8/site-packages/airflow/example_dags/example_xcom.py
[2022-07-24 19:17:38,332] {processor.py:651} INFO - DAG(s) dict_keys(['example_xcom']) retrieved from /Users/jangheesu/opt/anaconda3/envs/airflow2.3.0/lib/python3.8/site-packages/airflow/example_dags/example_xcom.py
[2022-07-24 19:17:38,799] {logging_mixin.py:115} INFO - [2022-07-24 19:17:38,798] {dag.py:2371} INFO - Sync 1 DAGs
[2022-07-24 19:17:38,812] {logging_mixin.py:115} INFO - [2022-07-24 19:17:38,811] {dag.py:2915} INFO - Setting next_dagrun for example_xcom to 2021-01-01T00:00:00+00:00, run_after=2021-01-01T00:00:00+00:00
[2022-07-24 19:17:38,827] {processor.py:161} INFO - Processing /Users/jangheesu/opt/anaconda3/envs/airflow2.3.0/lib/python3.8/site-packages/airflow/example_dags/example_xcom.py took 0.517 seconds
