[2022-07-24 19:12:36,312] {processor.py:153} INFO - Started process (PID=77258) to work on /Users/jangheesu/opt/anaconda3/envs/airflow2.3.0/lib/python3.8/site-packages/airflow/example_dags/example_branch_labels.py
[2022-07-24 19:12:36,312] {processor.py:641} INFO - Processing file /Users/jangheesu/opt/anaconda3/envs/airflow2.3.0/lib/python3.8/site-packages/airflow/example_dags/example_branch_labels.py for tasks to queue
[2022-07-24 19:12:36,313] {logging_mixin.py:115} INFO - [2022-07-24 19:12:36,313] {dagbag.py:507} INFO - Filling up the DagBag from /Users/jangheesu/opt/anaconda3/envs/airflow2.3.0/lib/python3.8/site-packages/airflow/example_dags/example_branch_labels.py
[2022-07-24 19:12:36,321] {processor.py:651} INFO - DAG(s) dict_keys(['example_branch_labels']) retrieved from /Users/jangheesu/opt/anaconda3/envs/airflow2.3.0/lib/python3.8/site-packages/airflow/example_dags/example_branch_labels.py
[2022-07-24 19:12:36,867] {logging_mixin.py:115} INFO - [2022-07-24 19:12:36,867] {manager.py:508} INFO - Created Permission View: can delete on DAG:example_branch_labels
[2022-07-24 19:12:36,871] {logging_mixin.py:115} INFO - [2022-07-24 19:12:36,871] {manager.py:508} INFO - Created Permission View: can read on DAG:example_branch_labels
[2022-07-24 19:12:36,874] {logging_mixin.py:115} INFO - [2022-07-24 19:12:36,874] {manager.py:508} INFO - Created Permission View: can edit on DAG:example_branch_labels
[2022-07-24 19:12:36,874] {logging_mixin.py:115} INFO - [2022-07-24 19:12:36,874] {dag.py:2371} INFO - Sync 1 DAGs
[2022-07-24 19:12:36,879] {logging_mixin.py:115} INFO - [2022-07-24 19:12:36,879] {dag.py:2390} INFO - Creating ORM DAG for example_branch_labels
[2022-07-24 19:12:36,885] {logging_mixin.py:115} INFO - [2022-07-24 19:12:36,885] {dag.py:2915} INFO - Setting next_dagrun for example_branch_labels to 2022-07-23T00:00:00+00:00, run_after=2022-07-24T00:00:00+00:00
[2022-07-24 19:12:36,891] {processor.py:161} INFO - Processing /Users/jangheesu/opt/anaconda3/envs/airflow2.3.0/lib/python3.8/site-packages/airflow/example_dags/example_branch_labels.py took 0.579 seconds
[2022-07-24 19:13:07,533] {processor.py:153} INFO - Started process (PID=77368) to work on /Users/jangheesu/opt/anaconda3/envs/airflow2.3.0/lib/python3.8/site-packages/airflow/example_dags/example_branch_labels.py
[2022-07-24 19:13:07,533] {processor.py:641} INFO - Processing file /Users/jangheesu/opt/anaconda3/envs/airflow2.3.0/lib/python3.8/site-packages/airflow/example_dags/example_branch_labels.py for tasks to queue
[2022-07-24 19:13:07,533] {logging_mixin.py:115} INFO - [2022-07-24 19:13:07,533] {dagbag.py:507} INFO - Filling up the DagBag from /Users/jangheesu/opt/anaconda3/envs/airflow2.3.0/lib/python3.8/site-packages/airflow/example_dags/example_branch_labels.py
[2022-07-24 19:13:07,540] {processor.py:651} INFO - DAG(s) dict_keys(['example_branch_labels']) retrieved from /Users/jangheesu/opt/anaconda3/envs/airflow2.3.0/lib/python3.8/site-packages/airflow/example_dags/example_branch_labels.py
[2022-07-24 19:13:07,583] {logging_mixin.py:115} INFO - [2022-07-24 19:13:07,583] {dag.py:2371} INFO - Sync 1 DAGs
[2022-07-24 19:13:07,596] {logging_mixin.py:115} INFO - [2022-07-24 19:13:07,596] {dag.py:2915} INFO - Setting next_dagrun for example_branch_labels to 2022-07-23T00:00:00+00:00, run_after=2022-07-24T00:00:00+00:00
[2022-07-24 19:13:07,604] {processor.py:161} INFO - Processing /Users/jangheesu/opt/anaconda3/envs/airflow2.3.0/lib/python3.8/site-packages/airflow/example_dags/example_branch_labels.py took 0.071 seconds
[2022-07-24 19:13:38,147] {processor.py:153} INFO - Started process (PID=77478) to work on /Users/jangheesu/opt/anaconda3/envs/airflow2.3.0/lib/python3.8/site-packages/airflow/example_dags/example_branch_labels.py
[2022-07-24 19:13:38,147] {processor.py:641} INFO - Processing file /Users/jangheesu/opt/anaconda3/envs/airflow2.3.0/lib/python3.8/site-packages/airflow/example_dags/example_branch_labels.py for tasks to queue
[2022-07-24 19:13:38,147] {logging_mixin.py:115} INFO - [2022-07-24 19:13:38,147] {dagbag.py:507} INFO - Filling up the DagBag from /Users/jangheesu/opt/anaconda3/envs/airflow2.3.0/lib/python3.8/site-packages/airflow/example_dags/example_branch_labels.py
[2022-07-24 19:13:38,154] {processor.py:651} INFO - DAG(s) dict_keys(['example_branch_labels']) retrieved from /Users/jangheesu/opt/anaconda3/envs/airflow2.3.0/lib/python3.8/site-packages/airflow/example_dags/example_branch_labels.py
[2022-07-24 19:13:38,195] {logging_mixin.py:115} INFO - [2022-07-24 19:13:38,195] {dag.py:2371} INFO - Sync 1 DAGs
[2022-07-24 19:13:38,208] {logging_mixin.py:115} INFO - [2022-07-24 19:13:38,208] {dag.py:2915} INFO - Setting next_dagrun for example_branch_labels to 2022-07-23T00:00:00+00:00, run_after=2022-07-24T00:00:00+00:00
[2022-07-24 19:13:38,214] {processor.py:161} INFO - Processing /Users/jangheesu/opt/anaconda3/envs/airflow2.3.0/lib/python3.8/site-packages/airflow/example_dags/example_branch_labels.py took 0.068 seconds
[2022-07-24 19:14:09,146] {processor.py:153} INFO - Started process (PID=77627) to work on /Users/jangheesu/opt/anaconda3/envs/airflow2.3.0/lib/python3.8/site-packages/airflow/example_dags/example_branch_labels.py
[2022-07-24 19:14:09,146] {processor.py:641} INFO - Processing file /Users/jangheesu/opt/anaconda3/envs/airflow2.3.0/lib/python3.8/site-packages/airflow/example_dags/example_branch_labels.py for tasks to queue
[2022-07-24 19:14:09,146] {logging_mixin.py:115} INFO - [2022-07-24 19:14:09,146] {dagbag.py:507} INFO - Filling up the DagBag from /Users/jangheesu/opt/anaconda3/envs/airflow2.3.0/lib/python3.8/site-packages/airflow/example_dags/example_branch_labels.py
[2022-07-24 19:14:09,154] {processor.py:651} INFO - DAG(s) dict_keys(['example_branch_labels']) retrieved from /Users/jangheesu/opt/anaconda3/envs/airflow2.3.0/lib/python3.8/site-packages/airflow/example_dags/example_branch_labels.py
[2022-07-24 19:14:09,197] {logging_mixin.py:115} INFO - [2022-07-24 19:14:09,197] {dag.py:2371} INFO - Sync 1 DAGs
[2022-07-24 19:14:09,209] {logging_mixin.py:115} INFO - [2022-07-24 19:14:09,209] {dag.py:2915} INFO - Setting next_dagrun for example_branch_labels to 2022-07-23T00:00:00+00:00, run_after=2022-07-24T00:00:00+00:00
[2022-07-24 19:14:09,216] {processor.py:161} INFO - Processing /Users/jangheesu/opt/anaconda3/envs/airflow2.3.0/lib/python3.8/site-packages/airflow/example_dags/example_branch_labels.py took 0.071 seconds
[2022-07-24 19:14:40,082] {processor.py:153} INFO - Started process (PID=77733) to work on /Users/jangheesu/opt/anaconda3/envs/airflow2.3.0/lib/python3.8/site-packages/airflow/example_dags/example_branch_labels.py
[2022-07-24 19:14:40,083] {processor.py:641} INFO - Processing file /Users/jangheesu/opt/anaconda3/envs/airflow2.3.0/lib/python3.8/site-packages/airflow/example_dags/example_branch_labels.py for tasks to queue
[2022-07-24 19:14:40,083] {logging_mixin.py:115} INFO - [2022-07-24 19:14:40,083] {dagbag.py:507} INFO - Filling up the DagBag from /Users/jangheesu/opt/anaconda3/envs/airflow2.3.0/lib/python3.8/site-packages/airflow/example_dags/example_branch_labels.py
[2022-07-24 19:14:40,090] {processor.py:651} INFO - DAG(s) dict_keys(['example_branch_labels']) retrieved from /Users/jangheesu/opt/anaconda3/envs/airflow2.3.0/lib/python3.8/site-packages/airflow/example_dags/example_branch_labels.py
[2022-07-24 19:14:40,139] {logging_mixin.py:115} INFO - [2022-07-24 19:14:40,139] {dag.py:2371} INFO - Sync 1 DAGs
[2022-07-24 19:14:40,154] {logging_mixin.py:115} INFO - [2022-07-24 19:14:40,154] {dag.py:2915} INFO - Setting next_dagrun for example_branch_labels to 2022-07-23T00:00:00+00:00, run_after=2022-07-24T00:00:00+00:00
[2022-07-24 19:14:40,168] {processor.py:161} INFO - Processing /Users/jangheesu/opt/anaconda3/envs/airflow2.3.0/lib/python3.8/site-packages/airflow/example_dags/example_branch_labels.py took 0.086 seconds
[2022-07-24 19:15:11,912] {processor.py:153} INFO - Started process (PID=77854) to work on /Users/jangheesu/opt/anaconda3/envs/airflow2.3.0/lib/python3.8/site-packages/airflow/example_dags/example_branch_labels.py
[2022-07-24 19:15:11,913] {processor.py:641} INFO - Processing file /Users/jangheesu/opt/anaconda3/envs/airflow2.3.0/lib/python3.8/site-packages/airflow/example_dags/example_branch_labels.py for tasks to queue
[2022-07-24 19:15:11,913] {logging_mixin.py:115} INFO - [2022-07-24 19:15:11,913] {dagbag.py:507} INFO - Filling up the DagBag from /Users/jangheesu/opt/anaconda3/envs/airflow2.3.0/lib/python3.8/site-packages/airflow/example_dags/example_branch_labels.py
[2022-07-24 19:15:11,921] {processor.py:651} INFO - DAG(s) dict_keys(['example_branch_labels']) retrieved from /Users/jangheesu/opt/anaconda3/envs/airflow2.3.0/lib/python3.8/site-packages/airflow/example_dags/example_branch_labels.py
[2022-07-24 19:15:11,970] {logging_mixin.py:115} INFO - [2022-07-24 19:15:11,970] {dag.py:2371} INFO - Sync 1 DAGs
[2022-07-24 19:15:11,984] {logging_mixin.py:115} INFO - [2022-07-24 19:15:11,984] {dag.py:2915} INFO - Setting next_dagrun for example_branch_labels to 2022-07-23T00:00:00+00:00, run_after=2022-07-24T00:00:00+00:00
[2022-07-24 19:15:11,990] {processor.py:161} INFO - Processing /Users/jangheesu/opt/anaconda3/envs/airflow2.3.0/lib/python3.8/site-packages/airflow/example_dags/example_branch_labels.py took 0.078 seconds
[2022-07-24 19:15:42,804] {processor.py:153} INFO - Started process (PID=77961) to work on /Users/jangheesu/opt/anaconda3/envs/airflow2.3.0/lib/python3.8/site-packages/airflow/example_dags/example_branch_labels.py
[2022-07-24 19:15:42,804] {processor.py:641} INFO - Processing file /Users/jangheesu/opt/anaconda3/envs/airflow2.3.0/lib/python3.8/site-packages/airflow/example_dags/example_branch_labels.py for tasks to queue
[2022-07-24 19:15:42,805] {logging_mixin.py:115} INFO - [2022-07-24 19:15:42,805] {dagbag.py:507} INFO - Filling up the DagBag from /Users/jangheesu/opt/anaconda3/envs/airflow2.3.0/lib/python3.8/site-packages/airflow/example_dags/example_branch_labels.py
[2022-07-24 19:15:42,811] {processor.py:651} INFO - DAG(s) dict_keys(['example_branch_labels']) retrieved from /Users/jangheesu/opt/anaconda3/envs/airflow2.3.0/lib/python3.8/site-packages/airflow/example_dags/example_branch_labels.py
[2022-07-24 19:15:42,854] {logging_mixin.py:115} INFO - [2022-07-24 19:15:42,854] {dag.py:2371} INFO - Sync 1 DAGs
[2022-07-24 19:15:42,867] {logging_mixin.py:115} INFO - [2022-07-24 19:15:42,867] {dag.py:2915} INFO - Setting next_dagrun for example_branch_labels to 2022-07-23T00:00:00+00:00, run_after=2022-07-24T00:00:00+00:00
[2022-07-24 19:15:42,875] {processor.py:161} INFO - Processing /Users/jangheesu/opt/anaconda3/envs/airflow2.3.0/lib/python3.8/site-packages/airflow/example_dags/example_branch_labels.py took 0.071 seconds
[2022-07-24 19:16:13,578] {processor.py:153} INFO - Started process (PID=78067) to work on /Users/jangheesu/opt/anaconda3/envs/airflow2.3.0/lib/python3.8/site-packages/airflow/example_dags/example_branch_labels.py
[2022-07-24 19:16:13,578] {processor.py:641} INFO - Processing file /Users/jangheesu/opt/anaconda3/envs/airflow2.3.0/lib/python3.8/site-packages/airflow/example_dags/example_branch_labels.py for tasks to queue
[2022-07-24 19:16:13,578] {logging_mixin.py:115} INFO - [2022-07-24 19:16:13,578] {dagbag.py:507} INFO - Filling up the DagBag from /Users/jangheesu/opt/anaconda3/envs/airflow2.3.0/lib/python3.8/site-packages/airflow/example_dags/example_branch_labels.py
[2022-07-24 19:16:13,586] {processor.py:651} INFO - DAG(s) dict_keys(['example_branch_labels']) retrieved from /Users/jangheesu/opt/anaconda3/envs/airflow2.3.0/lib/python3.8/site-packages/airflow/example_dags/example_branch_labels.py
[2022-07-24 19:16:13,626] {logging_mixin.py:115} INFO - [2022-07-24 19:16:13,626] {dag.py:2371} INFO - Sync 1 DAGs
[2022-07-24 19:16:13,638] {logging_mixin.py:115} INFO - [2022-07-24 19:16:13,638] {dag.py:2915} INFO - Setting next_dagrun for example_branch_labels to 2022-07-23T00:00:00+00:00, run_after=2022-07-24T00:00:00+00:00
[2022-07-24 19:16:13,645] {processor.py:161} INFO - Processing /Users/jangheesu/opt/anaconda3/envs/airflow2.3.0/lib/python3.8/site-packages/airflow/example_dags/example_branch_labels.py took 0.068 seconds
[2022-07-24 19:16:44,141] {processor.py:153} INFO - Started process (PID=78176) to work on /Users/jangheesu/opt/anaconda3/envs/airflow2.3.0/lib/python3.8/site-packages/airflow/example_dags/example_branch_labels.py
[2022-07-24 19:16:44,141] {processor.py:641} INFO - Processing file /Users/jangheesu/opt/anaconda3/envs/airflow2.3.0/lib/python3.8/site-packages/airflow/example_dags/example_branch_labels.py for tasks to queue
[2022-07-24 19:16:44,141] {logging_mixin.py:115} INFO - [2022-07-24 19:16:44,141] {dagbag.py:507} INFO - Filling up the DagBag from /Users/jangheesu/opt/anaconda3/envs/airflow2.3.0/lib/python3.8/site-packages/airflow/example_dags/example_branch_labels.py
[2022-07-24 19:16:44,148] {processor.py:651} INFO - DAG(s) dict_keys(['example_branch_labels']) retrieved from /Users/jangheesu/opt/anaconda3/envs/airflow2.3.0/lib/python3.8/site-packages/airflow/example_dags/example_branch_labels.py
[2022-07-24 19:16:44,189] {logging_mixin.py:115} INFO - [2022-07-24 19:16:44,189] {dag.py:2371} INFO - Sync 1 DAGs
[2022-07-24 19:16:44,202] {logging_mixin.py:115} INFO - [2022-07-24 19:16:44,202] {dag.py:2915} INFO - Setting next_dagrun for example_branch_labels to 2022-07-23T00:00:00+00:00, run_after=2022-07-24T00:00:00+00:00
[2022-07-24 19:16:44,209] {processor.py:161} INFO - Processing /Users/jangheesu/opt/anaconda3/envs/airflow2.3.0/lib/python3.8/site-packages/airflow/example_dags/example_branch_labels.py took 0.069 seconds
[2022-07-24 19:17:14,930] {processor.py:153} INFO - Started process (PID=78291) to work on /Users/jangheesu/opt/anaconda3/envs/airflow2.3.0/lib/python3.8/site-packages/airflow/example_dags/example_branch_labels.py
[2022-07-24 19:17:14,930] {processor.py:641} INFO - Processing file /Users/jangheesu/opt/anaconda3/envs/airflow2.3.0/lib/python3.8/site-packages/airflow/example_dags/example_branch_labels.py for tasks to queue
[2022-07-24 19:17:14,930] {logging_mixin.py:115} INFO - [2022-07-24 19:17:14,930] {dagbag.py:507} INFO - Filling up the DagBag from /Users/jangheesu/opt/anaconda3/envs/airflow2.3.0/lib/python3.8/site-packages/airflow/example_dags/example_branch_labels.py
[2022-07-24 19:17:14,938] {processor.py:651} INFO - DAG(s) dict_keys(['example_branch_labels']) retrieved from /Users/jangheesu/opt/anaconda3/envs/airflow2.3.0/lib/python3.8/site-packages/airflow/example_dags/example_branch_labels.py
[2022-07-24 19:17:14,979] {logging_mixin.py:115} INFO - [2022-07-24 19:17:14,979] {dag.py:2371} INFO - Sync 1 DAGs
[2022-07-24 19:17:14,991] {logging_mixin.py:115} INFO - [2022-07-24 19:17:14,991] {dag.py:2915} INFO - Setting next_dagrun for example_branch_labels to 2022-07-23T00:00:00+00:00, run_after=2022-07-24T00:00:00+00:00
[2022-07-24 19:17:14,998] {processor.py:161} INFO - Processing /Users/jangheesu/opt/anaconda3/envs/airflow2.3.0/lib/python3.8/site-packages/airflow/example_dags/example_branch_labels.py took 0.069 seconds
[2022-07-24 19:17:49,040] {processor.py:153} INFO - Started process (PID=78673) to work on /Users/jangheesu/opt/anaconda3/envs/airflow2.3.0/lib/python3.8/site-packages/airflow/example_dags/example_branch_labels.py
[2022-07-24 19:17:49,040] {processor.py:641} INFO - Processing file /Users/jangheesu/opt/anaconda3/envs/airflow2.3.0/lib/python3.8/site-packages/airflow/example_dags/example_branch_labels.py for tasks to queue
[2022-07-24 19:17:49,041] {logging_mixin.py:115} INFO - [2022-07-24 19:17:49,040] {dagbag.py:507} INFO - Filling up the DagBag from /Users/jangheesu/opt/anaconda3/envs/airflow2.3.0/lib/python3.8/site-packages/airflow/example_dags/example_branch_labels.py
[2022-07-24 19:17:49,058] {processor.py:651} INFO - DAG(s) dict_keys(['example_branch_labels']) retrieved from /Users/jangheesu/opt/anaconda3/envs/airflow2.3.0/lib/python3.8/site-packages/airflow/example_dags/example_branch_labels.py
[2022-07-24 19:17:49,153] {logging_mixin.py:115} INFO - [2022-07-24 19:17:49,153] {dag.py:2371} INFO - Sync 1 DAGs
[2022-07-24 19:17:49,182] {logging_mixin.py:115} INFO - [2022-07-24 19:17:49,182] {dag.py:2915} INFO - Setting next_dagrun for example_branch_labels to 2022-07-23T00:00:00+00:00, run_after=2022-07-24T00:00:00+00:00
[2022-07-24 19:17:49,202] {processor.py:161} INFO - Processing /Users/jangheesu/opt/anaconda3/envs/airflow2.3.0/lib/python3.8/site-packages/airflow/example_dags/example_branch_labels.py took 0.164 seconds
