[2022-07-24 19:12:28,799] {processor.py:153} INFO - Started process (PID=77211) to work on /Users/jangheesu/opt/anaconda3/envs/airflow2.3.0/lib/python3.8/site-packages/airflow/example_dags/example_python_operator.py
[2022-07-24 19:12:28,799] {processor.py:641} INFO - Processing file /Users/jangheesu/opt/anaconda3/envs/airflow2.3.0/lib/python3.8/site-packages/airflow/example_dags/example_python_operator.py for tasks to queue
[2022-07-24 19:12:28,799] {logging_mixin.py:115} INFO - [2022-07-24 19:12:28,799] {dagbag.py:507} INFO - Filling up the DagBag from /Users/jangheesu/opt/anaconda3/envs/airflow2.3.0/lib/python3.8/site-packages/airflow/example_dags/example_python_operator.py
[2022-07-24 19:12:28,814] {logging_mixin.py:115} INFO - [2022-07-24 19:12:28,814] {example_python_operator.py:68} WARNING - The virtalenv_python example task requires virtualenv, please install it.
[2022-07-24 19:12:28,818] {processor.py:651} INFO - DAG(s) dict_keys(['example_python_operator']) retrieved from /Users/jangheesu/opt/anaconda3/envs/airflow2.3.0/lib/python3.8/site-packages/airflow/example_dags/example_python_operator.py
[2022-07-24 19:12:29,368] {logging_mixin.py:115} INFO - [2022-07-24 19:12:29,368] {manager.py:508} INFO - Created Permission View: can edit on DAG:example_python_operator
[2022-07-24 19:12:29,372] {logging_mixin.py:115} INFO - [2022-07-24 19:12:29,372] {manager.py:508} INFO - Created Permission View: can read on DAG:example_python_operator
[2022-07-24 19:12:29,375] {logging_mixin.py:115} INFO - [2022-07-24 19:12:29,375] {manager.py:508} INFO - Created Permission View: can delete on DAG:example_python_operator
[2022-07-24 19:12:29,375] {logging_mixin.py:115} INFO - [2022-07-24 19:12:29,375] {dag.py:2371} INFO - Sync 1 DAGs
[2022-07-24 19:12:29,380] {logging_mixin.py:115} INFO - [2022-07-24 19:12:29,380] {dag.py:2390} INFO - Creating ORM DAG for example_python_operator
[2022-07-24 19:12:29,385] {logging_mixin.py:115} INFO - [2022-07-24 19:12:29,385] {dag.py:2915} INFO - Setting next_dagrun for example_python_operator to None, run_after=None
[2022-07-24 19:12:29,391] {processor.py:161} INFO - Processing /Users/jangheesu/opt/anaconda3/envs/airflow2.3.0/lib/python3.8/site-packages/airflow/example_dags/example_python_operator.py took 0.593 seconds
[2022-07-24 19:13:00,028] {processor.py:153} INFO - Started process (PID=77327) to work on /Users/jangheesu/opt/anaconda3/envs/airflow2.3.0/lib/python3.8/site-packages/airflow/example_dags/example_python_operator.py
[2022-07-24 19:13:00,028] {processor.py:641} INFO - Processing file /Users/jangheesu/opt/anaconda3/envs/airflow2.3.0/lib/python3.8/site-packages/airflow/example_dags/example_python_operator.py for tasks to queue
[2022-07-24 19:13:00,028] {logging_mixin.py:115} INFO - [2022-07-24 19:13:00,028] {dagbag.py:507} INFO - Filling up the DagBag from /Users/jangheesu/opt/anaconda3/envs/airflow2.3.0/lib/python3.8/site-packages/airflow/example_dags/example_python_operator.py
[2022-07-24 19:13:00,043] {logging_mixin.py:115} INFO - [2022-07-24 19:13:00,043] {example_python_operator.py:68} WARNING - The virtalenv_python example task requires virtualenv, please install it.
[2022-07-24 19:13:00,046] {processor.py:651} INFO - DAG(s) dict_keys(['example_python_operator']) retrieved from /Users/jangheesu/opt/anaconda3/envs/airflow2.3.0/lib/python3.8/site-packages/airflow/example_dags/example_python_operator.py
[2022-07-24 19:13:00,089] {logging_mixin.py:115} INFO - [2022-07-24 19:13:00,089] {dag.py:2371} INFO - Sync 1 DAGs
[2022-07-24 19:13:00,100] {logging_mixin.py:115} INFO - [2022-07-24 19:13:00,100] {dag.py:2915} INFO - Setting next_dagrun for example_python_operator to None, run_after=None
[2022-07-24 19:13:00,106] {processor.py:161} INFO - Processing /Users/jangheesu/opt/anaconda3/envs/airflow2.3.0/lib/python3.8/site-packages/airflow/example_dags/example_python_operator.py took 0.079 seconds
[2022-07-24 19:13:30,679] {processor.py:153} INFO - Started process (PID=77437) to work on /Users/jangheesu/opt/anaconda3/envs/airflow2.3.0/lib/python3.8/site-packages/airflow/example_dags/example_python_operator.py
[2022-07-24 19:13:30,679] {processor.py:641} INFO - Processing file /Users/jangheesu/opt/anaconda3/envs/airflow2.3.0/lib/python3.8/site-packages/airflow/example_dags/example_python_operator.py for tasks to queue
[2022-07-24 19:13:30,679] {logging_mixin.py:115} INFO - [2022-07-24 19:13:30,679] {dagbag.py:507} INFO - Filling up the DagBag from /Users/jangheesu/opt/anaconda3/envs/airflow2.3.0/lib/python3.8/site-packages/airflow/example_dags/example_python_operator.py
[2022-07-24 19:13:30,692] {logging_mixin.py:115} INFO - [2022-07-24 19:13:30,692] {example_python_operator.py:68} WARNING - The virtalenv_python example task requires virtualenv, please install it.
[2022-07-24 19:13:30,696] {processor.py:651} INFO - DAG(s) dict_keys(['example_python_operator']) retrieved from /Users/jangheesu/opt/anaconda3/envs/airflow2.3.0/lib/python3.8/site-packages/airflow/example_dags/example_python_operator.py
[2022-07-24 19:13:30,737] {logging_mixin.py:115} INFO - [2022-07-24 19:13:30,737] {dag.py:2371} INFO - Sync 1 DAGs
[2022-07-24 19:13:30,749] {logging_mixin.py:115} INFO - [2022-07-24 19:13:30,749] {dag.py:2915} INFO - Setting next_dagrun for example_python_operator to None, run_after=None
[2022-07-24 19:13:30,756] {processor.py:161} INFO - Processing /Users/jangheesu/opt/anaconda3/envs/airflow2.3.0/lib/python3.8/site-packages/airflow/example_dags/example_python_operator.py took 0.077 seconds
[2022-07-24 19:14:01,436] {processor.py:153} INFO - Started process (PID=77545) to work on /Users/jangheesu/opt/anaconda3/envs/airflow2.3.0/lib/python3.8/site-packages/airflow/example_dags/example_python_operator.py
[2022-07-24 19:14:01,437] {processor.py:641} INFO - Processing file /Users/jangheesu/opt/anaconda3/envs/airflow2.3.0/lib/python3.8/site-packages/airflow/example_dags/example_python_operator.py for tasks to queue
[2022-07-24 19:14:01,437] {logging_mixin.py:115} INFO - [2022-07-24 19:14:01,437] {dagbag.py:507} INFO - Filling up the DagBag from /Users/jangheesu/opt/anaconda3/envs/airflow2.3.0/lib/python3.8/site-packages/airflow/example_dags/example_python_operator.py
[2022-07-24 19:14:01,452] {logging_mixin.py:115} INFO - [2022-07-24 19:14:01,452] {example_python_operator.py:68} WARNING - The virtalenv_python example task requires virtualenv, please install it.
[2022-07-24 19:14:01,463] {processor.py:651} INFO - DAG(s) dict_keys(['example_python_operator']) retrieved from /Users/jangheesu/opt/anaconda3/envs/airflow2.3.0/lib/python3.8/site-packages/airflow/example_dags/example_python_operator.py
[2022-07-24 19:14:01,505] {logging_mixin.py:115} INFO - [2022-07-24 19:14:01,505] {dag.py:2371} INFO - Sync 1 DAGs
[2022-07-24 19:14:01,518] {logging_mixin.py:115} INFO - [2022-07-24 19:14:01,518] {dag.py:2915} INFO - Setting next_dagrun for example_python_operator to None, run_after=None
[2022-07-24 19:14:01,524] {processor.py:161} INFO - Processing /Users/jangheesu/opt/anaconda3/envs/airflow2.3.0/lib/python3.8/site-packages/airflow/example_dags/example_python_operator.py took 0.089 seconds
[2022-07-24 19:14:32,738] {processor.py:153} INFO - Started process (PID=77695) to work on /Users/jangheesu/opt/anaconda3/envs/airflow2.3.0/lib/python3.8/site-packages/airflow/example_dags/example_python_operator.py
[2022-07-24 19:14:32,738] {processor.py:641} INFO - Processing file /Users/jangheesu/opt/anaconda3/envs/airflow2.3.0/lib/python3.8/site-packages/airflow/example_dags/example_python_operator.py for tasks to queue
[2022-07-24 19:14:32,738] {logging_mixin.py:115} INFO - [2022-07-24 19:14:32,738] {dagbag.py:507} INFO - Filling up the DagBag from /Users/jangheesu/opt/anaconda3/envs/airflow2.3.0/lib/python3.8/site-packages/airflow/example_dags/example_python_operator.py
[2022-07-24 19:14:32,753] {logging_mixin.py:115} INFO - [2022-07-24 19:14:32,753] {example_python_operator.py:68} WARNING - The virtalenv_python example task requires virtualenv, please install it.
[2022-07-24 19:14:32,756] {processor.py:651} INFO - DAG(s) dict_keys(['example_python_operator']) retrieved from /Users/jangheesu/opt/anaconda3/envs/airflow2.3.0/lib/python3.8/site-packages/airflow/example_dags/example_python_operator.py
[2022-07-24 19:14:32,800] {logging_mixin.py:115} INFO - [2022-07-24 19:14:32,800] {dag.py:2371} INFO - Sync 1 DAGs
[2022-07-24 19:14:32,812] {logging_mixin.py:115} INFO - [2022-07-24 19:14:32,812] {dag.py:2915} INFO - Setting next_dagrun for example_python_operator to None, run_after=None
[2022-07-24 19:14:32,820] {processor.py:161} INFO - Processing /Users/jangheesu/opt/anaconda3/envs/airflow2.3.0/lib/python3.8/site-packages/airflow/example_dags/example_python_operator.py took 0.082 seconds
[2022-07-24 19:15:04,033] {processor.py:153} INFO - Started process (PID=77814) to work on /Users/jangheesu/opt/anaconda3/envs/airflow2.3.0/lib/python3.8/site-packages/airflow/example_dags/example_python_operator.py
[2022-07-24 19:15:04,033] {processor.py:641} INFO - Processing file /Users/jangheesu/opt/anaconda3/envs/airflow2.3.0/lib/python3.8/site-packages/airflow/example_dags/example_python_operator.py for tasks to queue
[2022-07-24 19:15:04,033] {logging_mixin.py:115} INFO - [2022-07-24 19:15:04,033] {dagbag.py:507} INFO - Filling up the DagBag from /Users/jangheesu/opt/anaconda3/envs/airflow2.3.0/lib/python3.8/site-packages/airflow/example_dags/example_python_operator.py
[2022-07-24 19:15:04,049] {logging_mixin.py:115} INFO - [2022-07-24 19:15:04,049] {example_python_operator.py:68} WARNING - The virtalenv_python example task requires virtualenv, please install it.
[2022-07-24 19:15:04,053] {processor.py:651} INFO - DAG(s) dict_keys(['example_python_operator']) retrieved from /Users/jangheesu/opt/anaconda3/envs/airflow2.3.0/lib/python3.8/site-packages/airflow/example_dags/example_python_operator.py
[2022-07-24 19:15:04,098] {logging_mixin.py:115} INFO - [2022-07-24 19:15:04,098] {dag.py:2371} INFO - Sync 1 DAGs
[2022-07-24 19:15:04,110] {logging_mixin.py:115} INFO - [2022-07-24 19:15:04,110] {dag.py:2915} INFO - Setting next_dagrun for example_python_operator to None, run_after=None
[2022-07-24 19:15:04,116] {processor.py:161} INFO - Processing /Users/jangheesu/opt/anaconda3/envs/airflow2.3.0/lib/python3.8/site-packages/airflow/example_dags/example_python_operator.py took 0.084 seconds
[2022-07-24 19:15:35,103] {processor.py:153} INFO - Started process (PID=77921) to work on /Users/jangheesu/opt/anaconda3/envs/airflow2.3.0/lib/python3.8/site-packages/airflow/example_dags/example_python_operator.py
[2022-07-24 19:15:35,103] {processor.py:641} INFO - Processing file /Users/jangheesu/opt/anaconda3/envs/airflow2.3.0/lib/python3.8/site-packages/airflow/example_dags/example_python_operator.py for tasks to queue
[2022-07-24 19:15:35,103] {logging_mixin.py:115} INFO - [2022-07-24 19:15:35,103] {dagbag.py:507} INFO - Filling up the DagBag from /Users/jangheesu/opt/anaconda3/envs/airflow2.3.0/lib/python3.8/site-packages/airflow/example_dags/example_python_operator.py
[2022-07-24 19:15:35,116] {logging_mixin.py:115} INFO - [2022-07-24 19:15:35,115] {example_python_operator.py:68} WARNING - The virtalenv_python example task requires virtualenv, please install it.
[2022-07-24 19:15:35,119] {processor.py:651} INFO - DAG(s) dict_keys(['example_python_operator']) retrieved from /Users/jangheesu/opt/anaconda3/envs/airflow2.3.0/lib/python3.8/site-packages/airflow/example_dags/example_python_operator.py
[2022-07-24 19:15:35,159] {logging_mixin.py:115} INFO - [2022-07-24 19:15:35,159] {dag.py:2371} INFO - Sync 1 DAGs
[2022-07-24 19:15:35,171] {logging_mixin.py:115} INFO - [2022-07-24 19:15:35,171] {dag.py:2915} INFO - Setting next_dagrun for example_python_operator to None, run_after=None
[2022-07-24 19:15:35,178] {processor.py:161} INFO - Processing /Users/jangheesu/opt/anaconda3/envs/airflow2.3.0/lib/python3.8/site-packages/airflow/example_dags/example_python_operator.py took 0.076 seconds
[2022-07-24 19:16:07,521] {processor.py:153} INFO - Started process (PID=78029) to work on /Users/jangheesu/opt/anaconda3/envs/airflow2.3.0/lib/python3.8/site-packages/airflow/example_dags/example_python_operator.py
[2022-07-24 19:16:07,521] {processor.py:641} INFO - Processing file /Users/jangheesu/opt/anaconda3/envs/airflow2.3.0/lib/python3.8/site-packages/airflow/example_dags/example_python_operator.py for tasks to queue
[2022-07-24 19:16:07,521] {logging_mixin.py:115} INFO - [2022-07-24 19:16:07,521] {dagbag.py:507} INFO - Filling up the DagBag from /Users/jangheesu/opt/anaconda3/envs/airflow2.3.0/lib/python3.8/site-packages/airflow/example_dags/example_python_operator.py
[2022-07-24 19:16:07,534] {logging_mixin.py:115} INFO - [2022-07-24 19:16:07,534] {example_python_operator.py:68} WARNING - The virtalenv_python example task requires virtualenv, please install it.
[2022-07-24 19:16:07,538] {processor.py:651} INFO - DAG(s) dict_keys(['example_python_operator']) retrieved from /Users/jangheesu/opt/anaconda3/envs/airflow2.3.0/lib/python3.8/site-packages/airflow/example_dags/example_python_operator.py
[2022-07-24 19:16:07,581] {logging_mixin.py:115} INFO - [2022-07-24 19:16:07,581] {dag.py:2371} INFO - Sync 1 DAGs
[2022-07-24 19:16:07,593] {logging_mixin.py:115} INFO - [2022-07-24 19:16:07,593] {dag.py:2915} INFO - Setting next_dagrun for example_python_operator to None, run_after=None
[2022-07-24 19:16:07,600] {processor.py:161} INFO - Processing /Users/jangheesu/opt/anaconda3/envs/airflow2.3.0/lib/python3.8/site-packages/airflow/example_dags/example_python_operator.py took 0.079 seconds
[2022-07-24 19:16:39,173] {processor.py:153} INFO - Started process (PID=78138) to work on /Users/jangheesu/opt/anaconda3/envs/airflow2.3.0/lib/python3.8/site-packages/airflow/example_dags/example_python_operator.py
[2022-07-24 19:16:39,173] {processor.py:641} INFO - Processing file /Users/jangheesu/opt/anaconda3/envs/airflow2.3.0/lib/python3.8/site-packages/airflow/example_dags/example_python_operator.py for tasks to queue
[2022-07-24 19:16:39,173] {logging_mixin.py:115} INFO - [2022-07-24 19:16:39,173] {dagbag.py:507} INFO - Filling up the DagBag from /Users/jangheesu/opt/anaconda3/envs/airflow2.3.0/lib/python3.8/site-packages/airflow/example_dags/example_python_operator.py
[2022-07-24 19:16:39,188] {logging_mixin.py:115} INFO - [2022-07-24 19:16:39,188] {example_python_operator.py:68} WARNING - The virtalenv_python example task requires virtualenv, please install it.
[2022-07-24 19:16:39,192] {processor.py:651} INFO - DAG(s) dict_keys(['example_python_operator']) retrieved from /Users/jangheesu/opt/anaconda3/envs/airflow2.3.0/lib/python3.8/site-packages/airflow/example_dags/example_python_operator.py
[2022-07-24 19:16:39,237] {logging_mixin.py:115} INFO - [2022-07-24 19:16:39,237] {dag.py:2371} INFO - Sync 1 DAGs
[2022-07-24 19:16:39,250] {logging_mixin.py:115} INFO - [2022-07-24 19:16:39,250] {dag.py:2915} INFO - Setting next_dagrun for example_python_operator to None, run_after=None
[2022-07-24 19:16:39,257] {processor.py:161} INFO - Processing /Users/jangheesu/opt/anaconda3/envs/airflow2.3.0/lib/python3.8/site-packages/airflow/example_dags/example_python_operator.py took 0.085 seconds
[2022-07-24 19:17:10,846] {processor.py:153} INFO - Started process (PID=78245) to work on /Users/jangheesu/opt/anaconda3/envs/airflow2.3.0/lib/python3.8/site-packages/airflow/example_dags/example_python_operator.py
[2022-07-24 19:17:10,846] {processor.py:641} INFO - Processing file /Users/jangheesu/opt/anaconda3/envs/airflow2.3.0/lib/python3.8/site-packages/airflow/example_dags/example_python_operator.py for tasks to queue
[2022-07-24 19:17:10,846] {logging_mixin.py:115} INFO - [2022-07-24 19:17:10,846] {dagbag.py:507} INFO - Filling up the DagBag from /Users/jangheesu/opt/anaconda3/envs/airflow2.3.0/lib/python3.8/site-packages/airflow/example_dags/example_python_operator.py
[2022-07-24 19:17:10,859] {logging_mixin.py:115} INFO - [2022-07-24 19:17:10,859] {example_python_operator.py:68} WARNING - The virtalenv_python example task requires virtualenv, please install it.
[2022-07-24 19:17:10,863] {processor.py:651} INFO - DAG(s) dict_keys(['example_python_operator']) retrieved from /Users/jangheesu/opt/anaconda3/envs/airflow2.3.0/lib/python3.8/site-packages/airflow/example_dags/example_python_operator.py
[2022-07-24 19:17:10,909] {logging_mixin.py:115} INFO - [2022-07-24 19:17:10,909] {dag.py:2371} INFO - Sync 1 DAGs
[2022-07-24 19:17:10,921] {logging_mixin.py:115} INFO - [2022-07-24 19:17:10,921] {dag.py:2915} INFO - Setting next_dagrun for example_python_operator to None, run_after=None
[2022-07-24 19:17:10,928] {processor.py:161} INFO - Processing /Users/jangheesu/opt/anaconda3/envs/airflow2.3.0/lib/python3.8/site-packages/airflow/example_dags/example_python_operator.py took 0.083 seconds
[2022-07-24 19:17:43,861] {processor.py:153} INFO - Started process (PID=78619) to work on /Users/jangheesu/opt/anaconda3/envs/airflow2.3.0/lib/python3.8/site-packages/airflow/example_dags/example_python_operator.py
[2022-07-24 19:17:43,861] {processor.py:641} INFO - Processing file /Users/jangheesu/opt/anaconda3/envs/airflow2.3.0/lib/python3.8/site-packages/airflow/example_dags/example_python_operator.py for tasks to queue
[2022-07-24 19:17:43,861] {logging_mixin.py:115} INFO - [2022-07-24 19:17:43,861] {dagbag.py:507} INFO - Filling up the DagBag from /Users/jangheesu/opt/anaconda3/envs/airflow2.3.0/lib/python3.8/site-packages/airflow/example_dags/example_python_operator.py
[2022-07-24 19:17:43,877] {logging_mixin.py:115} INFO - [2022-07-24 19:17:43,877] {example_python_operator.py:68} WARNING - The virtalenv_python example task requires virtualenv, please install it.
[2022-07-24 19:17:43,883] {processor.py:651} INFO - DAG(s) dict_keys(['example_python_operator']) retrieved from /Users/jangheesu/opt/anaconda3/envs/airflow2.3.0/lib/python3.8/site-packages/airflow/example_dags/example_python_operator.py
[2022-07-24 19:17:43,941] {logging_mixin.py:115} INFO - [2022-07-24 19:17:43,941] {dag.py:2371} INFO - Sync 1 DAGs
[2022-07-24 19:17:43,960] {logging_mixin.py:115} INFO - [2022-07-24 19:17:43,959] {dag.py:2915} INFO - Setting next_dagrun for example_python_operator to None, run_after=None
[2022-07-24 19:17:43,975] {processor.py:161} INFO - Processing /Users/jangheesu/opt/anaconda3/envs/airflow2.3.0/lib/python3.8/site-packages/airflow/example_dags/example_python_operator.py took 0.114 seconds
