[2022-07-24 19:12:24,616] {processor.py:153} INFO - Started process (PID=77190) to work on /Users/jangheesu/opt/anaconda3/envs/airflow2.3.0/lib/python3.8/site-packages/airflow/example_dags/example_time_delta_sensor_async.py
[2022-07-24 19:12:24,616] {processor.py:641} INFO - Processing file /Users/jangheesu/opt/anaconda3/envs/airflow2.3.0/lib/python3.8/site-packages/airflow/example_dags/example_time_delta_sensor_async.py for tasks to queue
[2022-07-24 19:12:24,616] {logging_mixin.py:115} INFO - [2022-07-24 19:12:24,616] {dagbag.py:507} INFO - Filling up the DagBag from /Users/jangheesu/opt/anaconda3/envs/airflow2.3.0/lib/python3.8/site-packages/airflow/example_dags/example_time_delta_sensor_async.py
[2022-07-24 19:12:24,624] {processor.py:651} INFO - DAG(s) dict_keys(['example_time_delta_sensor_async']) retrieved from /Users/jangheesu/opt/anaconda3/envs/airflow2.3.0/lib/python3.8/site-packages/airflow/example_dags/example_time_delta_sensor_async.py
[2022-07-24 19:12:25,186] {logging_mixin.py:115} INFO - [2022-07-24 19:12:25,186] {manager.py:508} INFO - Created Permission View: can delete on DAG:example_time_delta_sensor_async
[2022-07-24 19:12:25,190] {logging_mixin.py:115} INFO - [2022-07-24 19:12:25,190] {manager.py:508} INFO - Created Permission View: can edit on DAG:example_time_delta_sensor_async
[2022-07-24 19:12:25,193] {logging_mixin.py:115} INFO - [2022-07-24 19:12:25,193] {manager.py:508} INFO - Created Permission View: can read on DAG:example_time_delta_sensor_async
[2022-07-24 19:12:25,194] {logging_mixin.py:115} INFO - [2022-07-24 19:12:25,193] {dag.py:2371} INFO - Sync 1 DAGs
[2022-07-24 19:12:25,198] {logging_mixin.py:115} INFO - [2022-07-24 19:12:25,198] {dag.py:2390} INFO - Creating ORM DAG for example_time_delta_sensor_async
[2022-07-24 19:12:25,203] {logging_mixin.py:115} INFO - [2022-07-24 19:12:25,203] {dag.py:2915} INFO - Setting next_dagrun for example_time_delta_sensor_async to None, run_after=None
[2022-07-24 19:12:25,209] {processor.py:161} INFO - Processing /Users/jangheesu/opt/anaconda3/envs/airflow2.3.0/lib/python3.8/site-packages/airflow/example_dags/example_time_delta_sensor_async.py took 0.594 seconds
[2022-07-24 19:12:56,287] {processor.py:153} INFO - Started process (PID=77306) to work on /Users/jangheesu/opt/anaconda3/envs/airflow2.3.0/lib/python3.8/site-packages/airflow/example_dags/example_time_delta_sensor_async.py
[2022-07-24 19:12:56,288] {processor.py:641} INFO - Processing file /Users/jangheesu/opt/anaconda3/envs/airflow2.3.0/lib/python3.8/site-packages/airflow/example_dags/example_time_delta_sensor_async.py for tasks to queue
[2022-07-24 19:12:56,288] {logging_mixin.py:115} INFO - [2022-07-24 19:12:56,288] {dagbag.py:507} INFO - Filling up the DagBag from /Users/jangheesu/opt/anaconda3/envs/airflow2.3.0/lib/python3.8/site-packages/airflow/example_dags/example_time_delta_sensor_async.py
[2022-07-24 19:12:56,295] {processor.py:651} INFO - DAG(s) dict_keys(['example_time_delta_sensor_async']) retrieved from /Users/jangheesu/opt/anaconda3/envs/airflow2.3.0/lib/python3.8/site-packages/airflow/example_dags/example_time_delta_sensor_async.py
[2022-07-24 19:12:56,343] {logging_mixin.py:115} INFO - [2022-07-24 19:12:56,343] {dag.py:2371} INFO - Sync 1 DAGs
[2022-07-24 19:12:56,355] {logging_mixin.py:115} INFO - [2022-07-24 19:12:56,355] {dag.py:2915} INFO - Setting next_dagrun for example_time_delta_sensor_async to None, run_after=None
[2022-07-24 19:12:56,362] {processor.py:161} INFO - Processing /Users/jangheesu/opt/anaconda3/envs/airflow2.3.0/lib/python3.8/site-packages/airflow/example_dags/example_time_delta_sensor_async.py took 0.075 seconds
[2022-07-24 19:13:26,947] {processor.py:153} INFO - Started process (PID=77413) to work on /Users/jangheesu/opt/anaconda3/envs/airflow2.3.0/lib/python3.8/site-packages/airflow/example_dags/example_time_delta_sensor_async.py
[2022-07-24 19:13:26,947] {processor.py:641} INFO - Processing file /Users/jangheesu/opt/anaconda3/envs/airflow2.3.0/lib/python3.8/site-packages/airflow/example_dags/example_time_delta_sensor_async.py for tasks to queue
[2022-07-24 19:13:26,947] {logging_mixin.py:115} INFO - [2022-07-24 19:13:26,947] {dagbag.py:507} INFO - Filling up the DagBag from /Users/jangheesu/opt/anaconda3/envs/airflow2.3.0/lib/python3.8/site-packages/airflow/example_dags/example_time_delta_sensor_async.py
[2022-07-24 19:13:26,954] {processor.py:651} INFO - DAG(s) dict_keys(['example_time_delta_sensor_async']) retrieved from /Users/jangheesu/opt/anaconda3/envs/airflow2.3.0/lib/python3.8/site-packages/airflow/example_dags/example_time_delta_sensor_async.py
[2022-07-24 19:13:26,999] {logging_mixin.py:115} INFO - [2022-07-24 19:13:26,999] {dag.py:2371} INFO - Sync 1 DAGs
[2022-07-24 19:13:27,011] {logging_mixin.py:115} INFO - [2022-07-24 19:13:27,011] {dag.py:2915} INFO - Setting next_dagrun for example_time_delta_sensor_async to None, run_after=None
[2022-07-24 19:13:27,019] {processor.py:161} INFO - Processing /Users/jangheesu/opt/anaconda3/envs/airflow2.3.0/lib/python3.8/site-packages/airflow/example_dags/example_time_delta_sensor_async.py took 0.072 seconds
[2022-07-24 19:13:58,086] {processor.py:153} INFO - Started process (PID=77522) to work on /Users/jangheesu/opt/anaconda3/envs/airflow2.3.0/lib/python3.8/site-packages/airflow/example_dags/example_time_delta_sensor_async.py
[2022-07-24 19:13:58,086] {processor.py:641} INFO - Processing file /Users/jangheesu/opt/anaconda3/envs/airflow2.3.0/lib/python3.8/site-packages/airflow/example_dags/example_time_delta_sensor_async.py for tasks to queue
[2022-07-24 19:13:58,086] {logging_mixin.py:115} INFO - [2022-07-24 19:13:58,086] {dagbag.py:507} INFO - Filling up the DagBag from /Users/jangheesu/opt/anaconda3/envs/airflow2.3.0/lib/python3.8/site-packages/airflow/example_dags/example_time_delta_sensor_async.py
[2022-07-24 19:13:58,092] {processor.py:651} INFO - DAG(s) dict_keys(['example_time_delta_sensor_async']) retrieved from /Users/jangheesu/opt/anaconda3/envs/airflow2.3.0/lib/python3.8/site-packages/airflow/example_dags/example_time_delta_sensor_async.py
[2022-07-24 19:13:58,136] {logging_mixin.py:115} INFO - [2022-07-24 19:13:58,136] {dag.py:2371} INFO - Sync 1 DAGs
[2022-07-24 19:13:58,148] {logging_mixin.py:115} INFO - [2022-07-24 19:13:58,148] {dag.py:2915} INFO - Setting next_dagrun for example_time_delta_sensor_async to None, run_after=None
[2022-07-24 19:13:58,155] {processor.py:161} INFO - Processing /Users/jangheesu/opt/anaconda3/envs/airflow2.3.0/lib/python3.8/site-packages/airflow/example_dags/example_time_delta_sensor_async.py took 0.070 seconds
[2022-07-24 19:14:29,369] {processor.py:153} INFO - Started process (PID=77672) to work on /Users/jangheesu/opt/anaconda3/envs/airflow2.3.0/lib/python3.8/site-packages/airflow/example_dags/example_time_delta_sensor_async.py
[2022-07-24 19:14:29,369] {processor.py:641} INFO - Processing file /Users/jangheesu/opt/anaconda3/envs/airflow2.3.0/lib/python3.8/site-packages/airflow/example_dags/example_time_delta_sensor_async.py for tasks to queue
[2022-07-24 19:14:29,369] {logging_mixin.py:115} INFO - [2022-07-24 19:14:29,369] {dagbag.py:507} INFO - Filling up the DagBag from /Users/jangheesu/opt/anaconda3/envs/airflow2.3.0/lib/python3.8/site-packages/airflow/example_dags/example_time_delta_sensor_async.py
[2022-07-24 19:14:29,375] {processor.py:651} INFO - DAG(s) dict_keys(['example_time_delta_sensor_async']) retrieved from /Users/jangheesu/opt/anaconda3/envs/airflow2.3.0/lib/python3.8/site-packages/airflow/example_dags/example_time_delta_sensor_async.py
[2022-07-24 19:14:29,420] {logging_mixin.py:115} INFO - [2022-07-24 19:14:29,419] {dag.py:2371} INFO - Sync 1 DAGs
[2022-07-24 19:14:29,430] {logging_mixin.py:115} INFO - [2022-07-24 19:14:29,430] {dag.py:2915} INFO - Setting next_dagrun for example_time_delta_sensor_async to None, run_after=None
[2022-07-24 19:14:29,437] {processor.py:161} INFO - Processing /Users/jangheesu/opt/anaconda3/envs/airflow2.3.0/lib/python3.8/site-packages/airflow/example_dags/example_time_delta_sensor_async.py took 0.069 seconds
[2022-07-24 19:15:01,201] {processor.py:153} INFO - Started process (PID=77789) to work on /Users/jangheesu/opt/anaconda3/envs/airflow2.3.0/lib/python3.8/site-packages/airflow/example_dags/example_time_delta_sensor_async.py
[2022-07-24 19:15:01,202] {processor.py:641} INFO - Processing file /Users/jangheesu/opt/anaconda3/envs/airflow2.3.0/lib/python3.8/site-packages/airflow/example_dags/example_time_delta_sensor_async.py for tasks to queue
[2022-07-24 19:15:01,202] {logging_mixin.py:115} INFO - [2022-07-24 19:15:01,202] {dagbag.py:507} INFO - Filling up the DagBag from /Users/jangheesu/opt/anaconda3/envs/airflow2.3.0/lib/python3.8/site-packages/airflow/example_dags/example_time_delta_sensor_async.py
[2022-07-24 19:15:01,208] {processor.py:651} INFO - DAG(s) dict_keys(['example_time_delta_sensor_async']) retrieved from /Users/jangheesu/opt/anaconda3/envs/airflow2.3.0/lib/python3.8/site-packages/airflow/example_dags/example_time_delta_sensor_async.py
[2022-07-24 19:15:01,258] {logging_mixin.py:115} INFO - [2022-07-24 19:15:01,258] {dag.py:2371} INFO - Sync 1 DAGs
[2022-07-24 19:15:01,270] {logging_mixin.py:115} INFO - [2022-07-24 19:15:01,270] {dag.py:2915} INFO - Setting next_dagrun for example_time_delta_sensor_async to None, run_after=None
[2022-07-24 19:15:01,277] {processor.py:161} INFO - Processing /Users/jangheesu/opt/anaconda3/envs/airflow2.3.0/lib/python3.8/site-packages/airflow/example_dags/example_time_delta_sensor_async.py took 0.077 seconds
[2022-07-24 19:15:32,976] {processor.py:153} INFO - Started process (PID=77901) to work on /Users/jangheesu/opt/anaconda3/envs/airflow2.3.0/lib/python3.8/site-packages/airflow/example_dags/example_time_delta_sensor_async.py
[2022-07-24 19:15:32,976] {processor.py:641} INFO - Processing file /Users/jangheesu/opt/anaconda3/envs/airflow2.3.0/lib/python3.8/site-packages/airflow/example_dags/example_time_delta_sensor_async.py for tasks to queue
[2022-07-24 19:15:32,976] {logging_mixin.py:115} INFO - [2022-07-24 19:15:32,976] {dagbag.py:507} INFO - Filling up the DagBag from /Users/jangheesu/opt/anaconda3/envs/airflow2.3.0/lib/python3.8/site-packages/airflow/example_dags/example_time_delta_sensor_async.py
[2022-07-24 19:15:32,982] {processor.py:651} INFO - DAG(s) dict_keys(['example_time_delta_sensor_async']) retrieved from /Users/jangheesu/opt/anaconda3/envs/airflow2.3.0/lib/python3.8/site-packages/airflow/example_dags/example_time_delta_sensor_async.py
[2022-07-24 19:15:33,027] {logging_mixin.py:115} INFO - [2022-07-24 19:15:33,027] {dag.py:2371} INFO - Sync 1 DAGs
[2022-07-24 19:15:33,039] {logging_mixin.py:115} INFO - [2022-07-24 19:15:33,039] {dag.py:2915} INFO - Setting next_dagrun for example_time_delta_sensor_async to None, run_after=None
[2022-07-24 19:15:33,046] {processor.py:161} INFO - Processing /Users/jangheesu/opt/anaconda3/envs/airflow2.3.0/lib/python3.8/site-packages/airflow/example_dags/example_time_delta_sensor_async.py took 0.071 seconds
[2022-07-24 19:16:05,257] {processor.py:153} INFO - Started process (PID=78008) to work on /Users/jangheesu/opt/anaconda3/envs/airflow2.3.0/lib/python3.8/site-packages/airflow/example_dags/example_time_delta_sensor_async.py
[2022-07-24 19:16:05,258] {processor.py:641} INFO - Processing file /Users/jangheesu/opt/anaconda3/envs/airflow2.3.0/lib/python3.8/site-packages/airflow/example_dags/example_time_delta_sensor_async.py for tasks to queue
[2022-07-24 19:16:05,258] {logging_mixin.py:115} INFO - [2022-07-24 19:16:05,258] {dagbag.py:507} INFO - Filling up the DagBag from /Users/jangheesu/opt/anaconda3/envs/airflow2.3.0/lib/python3.8/site-packages/airflow/example_dags/example_time_delta_sensor_async.py
[2022-07-24 19:16:05,264] {processor.py:651} INFO - DAG(s) dict_keys(['example_time_delta_sensor_async']) retrieved from /Users/jangheesu/opt/anaconda3/envs/airflow2.3.0/lib/python3.8/site-packages/airflow/example_dags/example_time_delta_sensor_async.py
[2022-07-24 19:16:05,310] {logging_mixin.py:115} INFO - [2022-07-24 19:16:05,310] {dag.py:2371} INFO - Sync 1 DAGs
[2022-07-24 19:16:05,321] {logging_mixin.py:115} INFO - [2022-07-24 19:16:05,320] {dag.py:2915} INFO - Setting next_dagrun for example_time_delta_sensor_async to None, run_after=None
[2022-07-24 19:16:05,327] {processor.py:161} INFO - Processing /Users/jangheesu/opt/anaconda3/envs/airflow2.3.0/lib/python3.8/site-packages/airflow/example_dags/example_time_delta_sensor_async.py took 0.070 seconds
[2022-07-24 19:16:36,487] {processor.py:153} INFO - Started process (PID=78117) to work on /Users/jangheesu/opt/anaconda3/envs/airflow2.3.0/lib/python3.8/site-packages/airflow/example_dags/example_time_delta_sensor_async.py
[2022-07-24 19:16:36,487] {processor.py:641} INFO - Processing file /Users/jangheesu/opt/anaconda3/envs/airflow2.3.0/lib/python3.8/site-packages/airflow/example_dags/example_time_delta_sensor_async.py for tasks to queue
[2022-07-24 19:16:36,487] {logging_mixin.py:115} INFO - [2022-07-24 19:16:36,487] {dagbag.py:507} INFO - Filling up the DagBag from /Users/jangheesu/opt/anaconda3/envs/airflow2.3.0/lib/python3.8/site-packages/airflow/example_dags/example_time_delta_sensor_async.py
[2022-07-24 19:16:36,493] {processor.py:651} INFO - DAG(s) dict_keys(['example_time_delta_sensor_async']) retrieved from /Users/jangheesu/opt/anaconda3/envs/airflow2.3.0/lib/python3.8/site-packages/airflow/example_dags/example_time_delta_sensor_async.py
[2022-07-24 19:16:36,541] {logging_mixin.py:115} INFO - [2022-07-24 19:16:36,541] {dag.py:2371} INFO - Sync 1 DAGs
[2022-07-24 19:16:36,552] {logging_mixin.py:115} INFO - [2022-07-24 19:16:36,552] {dag.py:2915} INFO - Setting next_dagrun for example_time_delta_sensor_async to None, run_after=None
[2022-07-24 19:16:36,561] {processor.py:161} INFO - Processing /Users/jangheesu/opt/anaconda3/envs/airflow2.3.0/lib/python3.8/site-packages/airflow/example_dags/example_time_delta_sensor_async.py took 0.075 seconds
[2022-07-24 19:17:08,152] {processor.py:153} INFO - Started process (PID=78224) to work on /Users/jangheesu/opt/anaconda3/envs/airflow2.3.0/lib/python3.8/site-packages/airflow/example_dags/example_time_delta_sensor_async.py
[2022-07-24 19:17:08,152] {processor.py:641} INFO - Processing file /Users/jangheesu/opt/anaconda3/envs/airflow2.3.0/lib/python3.8/site-packages/airflow/example_dags/example_time_delta_sensor_async.py for tasks to queue
[2022-07-24 19:17:08,152] {logging_mixin.py:115} INFO - [2022-07-24 19:17:08,152] {dagbag.py:507} INFO - Filling up the DagBag from /Users/jangheesu/opt/anaconda3/envs/airflow2.3.0/lib/python3.8/site-packages/airflow/example_dags/example_time_delta_sensor_async.py
[2022-07-24 19:17:08,158] {processor.py:651} INFO - DAG(s) dict_keys(['example_time_delta_sensor_async']) retrieved from /Users/jangheesu/opt/anaconda3/envs/airflow2.3.0/lib/python3.8/site-packages/airflow/example_dags/example_time_delta_sensor_async.py
[2022-07-24 19:17:08,203] {logging_mixin.py:115} INFO - [2022-07-24 19:17:08,203] {dag.py:2371} INFO - Sync 1 DAGs
[2022-07-24 19:17:08,215] {logging_mixin.py:115} INFO - [2022-07-24 19:17:08,215] {dag.py:2915} INFO - Setting next_dagrun for example_time_delta_sensor_async to None, run_after=None
[2022-07-24 19:17:08,222] {processor.py:161} INFO - Processing /Users/jangheesu/opt/anaconda3/envs/airflow2.3.0/lib/python3.8/site-packages/airflow/example_dags/example_time_delta_sensor_async.py took 0.070 seconds
[2022-07-24 19:17:40,562] {processor.py:153} INFO - Started process (PID=78582) to work on /Users/jangheesu/opt/anaconda3/envs/airflow2.3.0/lib/python3.8/site-packages/airflow/example_dags/example_time_delta_sensor_async.py
[2022-07-24 19:17:40,562] {processor.py:641} INFO - Processing file /Users/jangheesu/opt/anaconda3/envs/airflow2.3.0/lib/python3.8/site-packages/airflow/example_dags/example_time_delta_sensor_async.py for tasks to queue
[2022-07-24 19:17:40,562] {logging_mixin.py:115} INFO - [2022-07-24 19:17:40,562] {dagbag.py:507} INFO - Filling up the DagBag from /Users/jangheesu/opt/anaconda3/envs/airflow2.3.0/lib/python3.8/site-packages/airflow/example_dags/example_time_delta_sensor_async.py
[2022-07-24 19:17:40,572] {processor.py:651} INFO - DAG(s) dict_keys(['example_time_delta_sensor_async']) retrieved from /Users/jangheesu/opt/anaconda3/envs/airflow2.3.0/lib/python3.8/site-packages/airflow/example_dags/example_time_delta_sensor_async.py
[2022-07-24 19:17:40,632] {logging_mixin.py:115} INFO - [2022-07-24 19:17:40,632] {dag.py:2371} INFO - Sync 1 DAGs
[2022-07-24 19:17:40,645] {logging_mixin.py:115} INFO - [2022-07-24 19:17:40,645] {dag.py:2915} INFO - Setting next_dagrun for example_time_delta_sensor_async to None, run_after=None
[2022-07-24 19:17:40,654] {processor.py:161} INFO - Processing /Users/jangheesu/opt/anaconda3/envs/airflow2.3.0/lib/python3.8/site-packages/airflow/example_dags/example_time_delta_sensor_async.py took 0.093 seconds
