[2022-07-24 19:12:33,938] {processor.py:153} INFO - Started process (PID=77246) to work on /Users/jangheesu/opt/anaconda3/envs/airflow2.3.0/lib/python3.8/site-packages/airflow/example_dags/example_complex.py
[2022-07-24 19:12:33,938] {processor.py:641} INFO - Processing file /Users/jangheesu/opt/anaconda3/envs/airflow2.3.0/lib/python3.8/site-packages/airflow/example_dags/example_complex.py for tasks to queue
[2022-07-24 19:12:33,938] {logging_mixin.py:115} INFO - [2022-07-24 19:12:33,938] {dagbag.py:507} INFO - Filling up the DagBag from /Users/jangheesu/opt/anaconda3/envs/airflow2.3.0/lib/python3.8/site-packages/airflow/example_dags/example_complex.py
[2022-07-24 19:12:33,949] {processor.py:651} INFO - DAG(s) dict_keys(['example_complex']) retrieved from /Users/jangheesu/opt/anaconda3/envs/airflow2.3.0/lib/python3.8/site-packages/airflow/example_dags/example_complex.py
[2022-07-24 19:12:34,502] {logging_mixin.py:115} INFO - [2022-07-24 19:12:34,502] {manager.py:508} INFO - Created Permission View: can edit on DAG:example_complex
[2022-07-24 19:12:34,506] {logging_mixin.py:115} INFO - [2022-07-24 19:12:34,506] {manager.py:508} INFO - Created Permission View: can delete on DAG:example_complex
[2022-07-24 19:12:34,509] {logging_mixin.py:115} INFO - [2022-07-24 19:12:34,509] {manager.py:508} INFO - Created Permission View: can read on DAG:example_complex
[2022-07-24 19:12:34,509] {logging_mixin.py:115} INFO - [2022-07-24 19:12:34,509] {dag.py:2371} INFO - Sync 1 DAGs
[2022-07-24 19:12:34,513] {logging_mixin.py:115} INFO - [2022-07-24 19:12:34,513] {dag.py:2390} INFO - Creating ORM DAG for example_complex
[2022-07-24 19:12:34,519] {logging_mixin.py:115} INFO - [2022-07-24 19:12:34,519] {dag.py:2915} INFO - Setting next_dagrun for example_complex to None, run_after=None
[2022-07-24 19:12:34,526] {processor.py:161} INFO - Processing /Users/jangheesu/opt/anaconda3/envs/airflow2.3.0/lib/python3.8/site-packages/airflow/example_dags/example_complex.py took 0.589 seconds
[2022-07-24 19:13:05,385] {processor.py:153} INFO - Started process (PID=77355) to work on /Users/jangheesu/opt/anaconda3/envs/airflow2.3.0/lib/python3.8/site-packages/airflow/example_dags/example_complex.py
[2022-07-24 19:13:05,386] {processor.py:641} INFO - Processing file /Users/jangheesu/opt/anaconda3/envs/airflow2.3.0/lib/python3.8/site-packages/airflow/example_dags/example_complex.py for tasks to queue
[2022-07-24 19:13:05,386] {logging_mixin.py:115} INFO - [2022-07-24 19:13:05,386] {dagbag.py:507} INFO - Filling up the DagBag from /Users/jangheesu/opt/anaconda3/envs/airflow2.3.0/lib/python3.8/site-packages/airflow/example_dags/example_complex.py
[2022-07-24 19:13:05,401] {processor.py:651} INFO - DAG(s) dict_keys(['example_complex']) retrieved from /Users/jangheesu/opt/anaconda3/envs/airflow2.3.0/lib/python3.8/site-packages/airflow/example_dags/example_complex.py
[2022-07-24 19:13:05,448] {logging_mixin.py:115} INFO - [2022-07-24 19:13:05,448] {dag.py:2371} INFO - Sync 1 DAGs
[2022-07-24 19:13:05,461] {logging_mixin.py:115} INFO - [2022-07-24 19:13:05,460] {dag.py:2915} INFO - Setting next_dagrun for example_complex to None, run_after=None
[2022-07-24 19:13:05,468] {processor.py:161} INFO - Processing /Users/jangheesu/opt/anaconda3/envs/airflow2.3.0/lib/python3.8/site-packages/airflow/example_dags/example_complex.py took 0.084 seconds
[2022-07-24 19:13:36,563] {processor.py:153} INFO - Started process (PID=77465) to work on /Users/jangheesu/opt/anaconda3/envs/airflow2.3.0/lib/python3.8/site-packages/airflow/example_dags/example_complex.py
[2022-07-24 19:13:36,563] {processor.py:641} INFO - Processing file /Users/jangheesu/opt/anaconda3/envs/airflow2.3.0/lib/python3.8/site-packages/airflow/example_dags/example_complex.py for tasks to queue
[2022-07-24 19:13:36,564] {logging_mixin.py:115} INFO - [2022-07-24 19:13:36,564] {dagbag.py:507} INFO - Filling up the DagBag from /Users/jangheesu/opt/anaconda3/envs/airflow2.3.0/lib/python3.8/site-packages/airflow/example_dags/example_complex.py
[2022-07-24 19:13:36,573] {processor.py:651} INFO - DAG(s) dict_keys(['example_complex']) retrieved from /Users/jangheesu/opt/anaconda3/envs/airflow2.3.0/lib/python3.8/site-packages/airflow/example_dags/example_complex.py
[2022-07-24 19:13:36,618] {logging_mixin.py:115} INFO - [2022-07-24 19:13:36,618] {dag.py:2371} INFO - Sync 1 DAGs
[2022-07-24 19:13:36,630] {logging_mixin.py:115} INFO - [2022-07-24 19:13:36,630] {dag.py:2915} INFO - Setting next_dagrun for example_complex to None, run_after=None
[2022-07-24 19:13:36,638] {processor.py:161} INFO - Processing /Users/jangheesu/opt/anaconda3/envs/airflow2.3.0/lib/python3.8/site-packages/airflow/example_dags/example_complex.py took 0.075 seconds
[2022-07-24 19:14:07,240] {processor.py:153} INFO - Started process (PID=77611) to work on /Users/jangheesu/opt/anaconda3/envs/airflow2.3.0/lib/python3.8/site-packages/airflow/example_dags/example_complex.py
[2022-07-24 19:14:07,240] {processor.py:641} INFO - Processing file /Users/jangheesu/opt/anaconda3/envs/airflow2.3.0/lib/python3.8/site-packages/airflow/example_dags/example_complex.py for tasks to queue
[2022-07-24 19:14:07,240] {logging_mixin.py:115} INFO - [2022-07-24 19:14:07,240] {dagbag.py:507} INFO - Filling up the DagBag from /Users/jangheesu/opt/anaconda3/envs/airflow2.3.0/lib/python3.8/site-packages/airflow/example_dags/example_complex.py
[2022-07-24 19:14:07,250] {processor.py:651} INFO - DAG(s) dict_keys(['example_complex']) retrieved from /Users/jangheesu/opt/anaconda3/envs/airflow2.3.0/lib/python3.8/site-packages/airflow/example_dags/example_complex.py
[2022-07-24 19:14:07,293] {logging_mixin.py:115} INFO - [2022-07-24 19:14:07,293] {dag.py:2371} INFO - Sync 1 DAGs
[2022-07-24 19:14:07,304] {logging_mixin.py:115} INFO - [2022-07-24 19:14:07,304] {dag.py:2915} INFO - Setting next_dagrun for example_complex to None, run_after=None
[2022-07-24 19:14:07,311] {processor.py:161} INFO - Processing /Users/jangheesu/opt/anaconda3/envs/airflow2.3.0/lib/python3.8/site-packages/airflow/example_dags/example_complex.py took 0.072 seconds
[2022-07-24 19:14:38,492] {processor.py:153} INFO - Started process (PID=77720) to work on /Users/jangheesu/opt/anaconda3/envs/airflow2.3.0/lib/python3.8/site-packages/airflow/example_dags/example_complex.py
[2022-07-24 19:14:38,492] {processor.py:641} INFO - Processing file /Users/jangheesu/opt/anaconda3/envs/airflow2.3.0/lib/python3.8/site-packages/airflow/example_dags/example_complex.py for tasks to queue
[2022-07-24 19:14:38,492] {logging_mixin.py:115} INFO - [2022-07-24 19:14:38,492] {dagbag.py:507} INFO - Filling up the DagBag from /Users/jangheesu/opt/anaconda3/envs/airflow2.3.0/lib/python3.8/site-packages/airflow/example_dags/example_complex.py
[2022-07-24 19:14:38,502] {processor.py:651} INFO - DAG(s) dict_keys(['example_complex']) retrieved from /Users/jangheesu/opt/anaconda3/envs/airflow2.3.0/lib/python3.8/site-packages/airflow/example_dags/example_complex.py
[2022-07-24 19:14:38,545] {logging_mixin.py:115} INFO - [2022-07-24 19:14:38,545] {dag.py:2371} INFO - Sync 1 DAGs
[2022-07-24 19:14:38,558] {logging_mixin.py:115} INFO - [2022-07-24 19:14:38,558] {dag.py:2915} INFO - Setting next_dagrun for example_complex to None, run_after=None
[2022-07-24 19:14:38,565] {processor.py:161} INFO - Processing /Users/jangheesu/opt/anaconda3/envs/airflow2.3.0/lib/python3.8/site-packages/airflow/example_dags/example_complex.py took 0.074 seconds
[2022-07-24 19:15:09,248] {processor.py:153} INFO - Started process (PID=77840) to work on /Users/jangheesu/opt/anaconda3/envs/airflow2.3.0/lib/python3.8/site-packages/airflow/example_dags/example_complex.py
[2022-07-24 19:15:09,249] {processor.py:641} INFO - Processing file /Users/jangheesu/opt/anaconda3/envs/airflow2.3.0/lib/python3.8/site-packages/airflow/example_dags/example_complex.py for tasks to queue
[2022-07-24 19:15:09,249] {logging_mixin.py:115} INFO - [2022-07-24 19:15:09,249] {dagbag.py:507} INFO - Filling up the DagBag from /Users/jangheesu/opt/anaconda3/envs/airflow2.3.0/lib/python3.8/site-packages/airflow/example_dags/example_complex.py
[2022-07-24 19:15:09,258] {processor.py:651} INFO - DAG(s) dict_keys(['example_complex']) retrieved from /Users/jangheesu/opt/anaconda3/envs/airflow2.3.0/lib/python3.8/site-packages/airflow/example_dags/example_complex.py
[2022-07-24 19:15:09,302] {logging_mixin.py:115} INFO - [2022-07-24 19:15:09,302] {dag.py:2371} INFO - Sync 1 DAGs
[2022-07-24 19:15:09,314] {logging_mixin.py:115} INFO - [2022-07-24 19:15:09,314] {dag.py:2915} INFO - Setting next_dagrun for example_complex to None, run_after=None
[2022-07-24 19:15:09,322] {processor.py:161} INFO - Processing /Users/jangheesu/opt/anaconda3/envs/airflow2.3.0/lib/python3.8/site-packages/airflow/example_dags/example_complex.py took 0.074 seconds
[2022-07-24 19:15:40,043] {processor.py:153} INFO - Started process (PID=77946) to work on /Users/jangheesu/opt/anaconda3/envs/airflow2.3.0/lib/python3.8/site-packages/airflow/example_dags/example_complex.py
[2022-07-24 19:15:40,043] {processor.py:641} INFO - Processing file /Users/jangheesu/opt/anaconda3/envs/airflow2.3.0/lib/python3.8/site-packages/airflow/example_dags/example_complex.py for tasks to queue
[2022-07-24 19:15:40,043] {logging_mixin.py:115} INFO - [2022-07-24 19:15:40,043] {dagbag.py:507} INFO - Filling up the DagBag from /Users/jangheesu/opt/anaconda3/envs/airflow2.3.0/lib/python3.8/site-packages/airflow/example_dags/example_complex.py
[2022-07-24 19:15:40,052] {processor.py:651} INFO - DAG(s) dict_keys(['example_complex']) retrieved from /Users/jangheesu/opt/anaconda3/envs/airflow2.3.0/lib/python3.8/site-packages/airflow/example_dags/example_complex.py
[2022-07-24 19:15:40,096] {logging_mixin.py:115} INFO - [2022-07-24 19:15:40,096] {dag.py:2371} INFO - Sync 1 DAGs
[2022-07-24 19:15:40,108] {logging_mixin.py:115} INFO - [2022-07-24 19:15:40,108] {dag.py:2915} INFO - Setting next_dagrun for example_complex to None, run_after=None
[2022-07-24 19:15:40,116] {processor.py:161} INFO - Processing /Users/jangheesu/opt/anaconda3/envs/airflow2.3.0/lib/python3.8/site-packages/airflow/example_dags/example_complex.py took 0.073 seconds
[2022-07-24 19:16:10,843] {processor.py:153} INFO - Started process (PID=78053) to work on /Users/jangheesu/opt/anaconda3/envs/airflow2.3.0/lib/python3.8/site-packages/airflow/example_dags/example_complex.py
[2022-07-24 19:16:10,843] {processor.py:641} INFO - Processing file /Users/jangheesu/opt/anaconda3/envs/airflow2.3.0/lib/python3.8/site-packages/airflow/example_dags/example_complex.py for tasks to queue
[2022-07-24 19:16:10,843] {logging_mixin.py:115} INFO - [2022-07-24 19:16:10,843] {dagbag.py:507} INFO - Filling up the DagBag from /Users/jangheesu/opt/anaconda3/envs/airflow2.3.0/lib/python3.8/site-packages/airflow/example_dags/example_complex.py
[2022-07-24 19:16:10,852] {processor.py:651} INFO - DAG(s) dict_keys(['example_complex']) retrieved from /Users/jangheesu/opt/anaconda3/envs/airflow2.3.0/lib/python3.8/site-packages/airflow/example_dags/example_complex.py
[2022-07-24 19:16:10,896] {logging_mixin.py:115} INFO - [2022-07-24 19:16:10,896] {dag.py:2371} INFO - Sync 1 DAGs
[2022-07-24 19:16:10,908] {logging_mixin.py:115} INFO - [2022-07-24 19:16:10,908] {dag.py:2915} INFO - Setting next_dagrun for example_complex to None, run_after=None
[2022-07-24 19:16:10,915] {processor.py:161} INFO - Processing /Users/jangheesu/opt/anaconda3/envs/airflow2.3.0/lib/python3.8/site-packages/airflow/example_dags/example_complex.py took 0.073 seconds
[2022-07-24 19:16:41,454] {processor.py:153} INFO - Started process (PID=78162) to work on /Users/jangheesu/opt/anaconda3/envs/airflow2.3.0/lib/python3.8/site-packages/airflow/example_dags/example_complex.py
[2022-07-24 19:16:41,454] {processor.py:641} INFO - Processing file /Users/jangheesu/opt/anaconda3/envs/airflow2.3.0/lib/python3.8/site-packages/airflow/example_dags/example_complex.py for tasks to queue
[2022-07-24 19:16:41,454] {logging_mixin.py:115} INFO - [2022-07-24 19:16:41,454] {dagbag.py:507} INFO - Filling up the DagBag from /Users/jangheesu/opt/anaconda3/envs/airflow2.3.0/lib/python3.8/site-packages/airflow/example_dags/example_complex.py
[2022-07-24 19:16:41,464] {processor.py:651} INFO - DAG(s) dict_keys(['example_complex']) retrieved from /Users/jangheesu/opt/anaconda3/envs/airflow2.3.0/lib/python3.8/site-packages/airflow/example_dags/example_complex.py
[2022-07-24 19:16:41,511] {logging_mixin.py:115} INFO - [2022-07-24 19:16:41,511] {dag.py:2371} INFO - Sync 1 DAGs
[2022-07-24 19:16:41,525] {logging_mixin.py:115} INFO - [2022-07-24 19:16:41,525] {dag.py:2915} INFO - Setting next_dagrun for example_complex to None, run_after=None
[2022-07-24 19:16:41,533] {processor.py:161} INFO - Processing /Users/jangheesu/opt/anaconda3/envs/airflow2.3.0/lib/python3.8/site-packages/airflow/example_dags/example_complex.py took 0.080 seconds
[2022-07-24 19:17:13,096] {processor.py:153} INFO - Started process (PID=78269) to work on /Users/jangheesu/opt/anaconda3/envs/airflow2.3.0/lib/python3.8/site-packages/airflow/example_dags/example_complex.py
[2022-07-24 19:17:13,096] {processor.py:641} INFO - Processing file /Users/jangheesu/opt/anaconda3/envs/airflow2.3.0/lib/python3.8/site-packages/airflow/example_dags/example_complex.py for tasks to queue
[2022-07-24 19:17:13,096] {logging_mixin.py:115} INFO - [2022-07-24 19:17:13,096] {dagbag.py:507} INFO - Filling up the DagBag from /Users/jangheesu/opt/anaconda3/envs/airflow2.3.0/lib/python3.8/site-packages/airflow/example_dags/example_complex.py
[2022-07-24 19:17:13,106] {processor.py:651} INFO - DAG(s) dict_keys(['example_complex']) retrieved from /Users/jangheesu/opt/anaconda3/envs/airflow2.3.0/lib/python3.8/site-packages/airflow/example_dags/example_complex.py
[2022-07-24 19:17:13,152] {logging_mixin.py:115} INFO - [2022-07-24 19:17:13,152] {dag.py:2371} INFO - Sync 1 DAGs
[2022-07-24 19:17:13,166] {logging_mixin.py:115} INFO - [2022-07-24 19:17:13,166] {dag.py:2915} INFO - Setting next_dagrun for example_complex to None, run_after=None
[2022-07-24 19:17:13,174] {processor.py:161} INFO - Processing /Users/jangheesu/opt/anaconda3/envs/airflow2.3.0/lib/python3.8/site-packages/airflow/example_dags/example_complex.py took 0.078 seconds
[2022-07-24 19:17:47,346] {processor.py:153} INFO - Started process (PID=78652) to work on /Users/jangheesu/opt/anaconda3/envs/airflow2.3.0/lib/python3.8/site-packages/airflow/example_dags/example_complex.py
[2022-07-24 19:17:47,346] {processor.py:641} INFO - Processing file /Users/jangheesu/opt/anaconda3/envs/airflow2.3.0/lib/python3.8/site-packages/airflow/example_dags/example_complex.py for tasks to queue
[2022-07-24 19:17:47,346] {logging_mixin.py:115} INFO - [2022-07-24 19:17:47,346] {dagbag.py:507} INFO - Filling up the DagBag from /Users/jangheesu/opt/anaconda3/envs/airflow2.3.0/lib/python3.8/site-packages/airflow/example_dags/example_complex.py
[2022-07-24 19:17:47,361] {processor.py:651} INFO - DAG(s) dict_keys(['example_complex']) retrieved from /Users/jangheesu/opt/anaconda3/envs/airflow2.3.0/lib/python3.8/site-packages/airflow/example_dags/example_complex.py
[2022-07-24 19:17:47,420] {logging_mixin.py:115} INFO - [2022-07-24 19:17:47,419] {dag.py:2371} INFO - Sync 1 DAGs
[2022-07-24 19:17:47,439] {logging_mixin.py:115} INFO - [2022-07-24 19:17:47,439] {dag.py:2915} INFO - Setting next_dagrun for example_complex to None, run_after=None
[2022-07-24 19:17:47,452] {processor.py:161} INFO - Processing /Users/jangheesu/opt/anaconda3/envs/airflow2.3.0/lib/python3.8/site-packages/airflow/example_dags/example_complex.py took 0.107 seconds
