[2022-07-24 19:12:27,622] {processor.py:153} INFO - Started process (PID=77205) to work on /Users/jangheesu/opt/anaconda3/envs/airflow2.3.0/lib/python3.8/site-packages/airflow/example_dags/example_skip_dag.py
[2022-07-24 19:12:27,622] {processor.py:641} INFO - Processing file /Users/jangheesu/opt/anaconda3/envs/airflow2.3.0/lib/python3.8/site-packages/airflow/example_dags/example_skip_dag.py for tasks to queue
[2022-07-24 19:12:27,622] {logging_mixin.py:115} INFO - [2022-07-24 19:12:27,622] {dagbag.py:507} INFO - Filling up the DagBag from /Users/jangheesu/opt/anaconda3/envs/airflow2.3.0/lib/python3.8/site-packages/airflow/example_dags/example_skip_dag.py
[2022-07-24 19:12:27,629] {processor.py:651} INFO - DAG(s) dict_keys(['example_skip_dag']) retrieved from /Users/jangheesu/opt/anaconda3/envs/airflow2.3.0/lib/python3.8/site-packages/airflow/example_dags/example_skip_dag.py
[2022-07-24 19:12:28,184] {logging_mixin.py:115} INFO - [2022-07-24 19:12:28,184] {manager.py:508} INFO - Created Permission View: can read on DAG:example_skip_dag
[2022-07-24 19:12:28,189] {logging_mixin.py:115} INFO - [2022-07-24 19:12:28,189] {manager.py:508} INFO - Created Permission View: can delete on DAG:example_skip_dag
[2022-07-24 19:12:28,192] {logging_mixin.py:115} INFO - [2022-07-24 19:12:28,192] {manager.py:508} INFO - Created Permission View: can edit on DAG:example_skip_dag
[2022-07-24 19:12:28,192] {logging_mixin.py:115} INFO - [2022-07-24 19:12:28,192] {dag.py:2371} INFO - Sync 1 DAGs
[2022-07-24 19:12:28,196] {logging_mixin.py:115} INFO - [2022-07-24 19:12:28,196] {dag.py:2390} INFO - Creating ORM DAG for example_skip_dag
[2022-07-24 19:12:28,202] {logging_mixin.py:115} INFO - [2022-07-24 19:12:28,202] {dag.py:2915} INFO - Setting next_dagrun for example_skip_dag to 2022-07-23T10:12:28.202078+00:00, run_after=2022-07-24T10:12:28.202078+00:00
[2022-07-24 19:12:28,208] {processor.py:161} INFO - Processing /Users/jangheesu/opt/anaconda3/envs/airflow2.3.0/lib/python3.8/site-packages/airflow/example_dags/example_skip_dag.py took 0.587 seconds
[2022-07-24 19:12:58,988] {processor.py:153} INFO - Started process (PID=77321) to work on /Users/jangheesu/opt/anaconda3/envs/airflow2.3.0/lib/python3.8/site-packages/airflow/example_dags/example_skip_dag.py
[2022-07-24 19:12:58,989] {processor.py:641} INFO - Processing file /Users/jangheesu/opt/anaconda3/envs/airflow2.3.0/lib/python3.8/site-packages/airflow/example_dags/example_skip_dag.py for tasks to queue
[2022-07-24 19:12:58,989] {logging_mixin.py:115} INFO - [2022-07-24 19:12:58,989] {dagbag.py:507} INFO - Filling up the DagBag from /Users/jangheesu/opt/anaconda3/envs/airflow2.3.0/lib/python3.8/site-packages/airflow/example_dags/example_skip_dag.py
[2022-07-24 19:12:58,996] {processor.py:651} INFO - DAG(s) dict_keys(['example_skip_dag']) retrieved from /Users/jangheesu/opt/anaconda3/envs/airflow2.3.0/lib/python3.8/site-packages/airflow/example_dags/example_skip_dag.py
[2022-07-24 19:12:59,040] {logging_mixin.py:115} INFO - [2022-07-24 19:12:59,040] {dag.py:2371} INFO - Sync 1 DAGs
[2022-07-24 19:12:59,053] {logging_mixin.py:115} INFO - [2022-07-24 19:12:59,053] {dag.py:2915} INFO - Setting next_dagrun for example_skip_dag to 2022-07-23T10:12:59.053682+00:00, run_after=2022-07-24T10:12:59.053682+00:00
[2022-07-24 19:12:59,061] {processor.py:161} INFO - Processing /Users/jangheesu/opt/anaconda3/envs/airflow2.3.0/lib/python3.8/site-packages/airflow/example_dags/example_skip_dag.py took 0.074 seconds
[2022-07-24 19:13:29,730] {processor.py:153} INFO - Started process (PID=77429) to work on /Users/jangheesu/opt/anaconda3/envs/airflow2.3.0/lib/python3.8/site-packages/airflow/example_dags/example_skip_dag.py
[2022-07-24 19:13:29,730] {processor.py:641} INFO - Processing file /Users/jangheesu/opt/anaconda3/envs/airflow2.3.0/lib/python3.8/site-packages/airflow/example_dags/example_skip_dag.py for tasks to queue
[2022-07-24 19:13:29,730] {logging_mixin.py:115} INFO - [2022-07-24 19:13:29,730] {dagbag.py:507} INFO - Filling up the DagBag from /Users/jangheesu/opt/anaconda3/envs/airflow2.3.0/lib/python3.8/site-packages/airflow/example_dags/example_skip_dag.py
[2022-07-24 19:13:29,737] {processor.py:651} INFO - DAG(s) dict_keys(['example_skip_dag']) retrieved from /Users/jangheesu/opt/anaconda3/envs/airflow2.3.0/lib/python3.8/site-packages/airflow/example_dags/example_skip_dag.py
[2022-07-24 19:13:29,778] {logging_mixin.py:115} INFO - [2022-07-24 19:13:29,778] {dag.py:2371} INFO - Sync 1 DAGs
[2022-07-24 19:13:29,791] {logging_mixin.py:115} INFO - [2022-07-24 19:13:29,791] {dag.py:2915} INFO - Setting next_dagrun for example_skip_dag to 2022-07-23T10:13:29.791404+00:00, run_after=2022-07-24T10:13:29.791404+00:00
[2022-07-24 19:13:29,798] {processor.py:161} INFO - Processing /Users/jangheesu/opt/anaconda3/envs/airflow2.3.0/lib/python3.8/site-packages/airflow/example_dags/example_skip_dag.py took 0.068 seconds
[2022-07-24 19:14:00,862] {processor.py:153} INFO - Started process (PID=77539) to work on /Users/jangheesu/opt/anaconda3/envs/airflow2.3.0/lib/python3.8/site-packages/airflow/example_dags/example_skip_dag.py
[2022-07-24 19:14:00,862] {processor.py:641} INFO - Processing file /Users/jangheesu/opt/anaconda3/envs/airflow2.3.0/lib/python3.8/site-packages/airflow/example_dags/example_skip_dag.py for tasks to queue
[2022-07-24 19:14:00,863] {logging_mixin.py:115} INFO - [2022-07-24 19:14:00,863] {dagbag.py:507} INFO - Filling up the DagBag from /Users/jangheesu/opt/anaconda3/envs/airflow2.3.0/lib/python3.8/site-packages/airflow/example_dags/example_skip_dag.py
[2022-07-24 19:14:00,870] {processor.py:651} INFO - DAG(s) dict_keys(['example_skip_dag']) retrieved from /Users/jangheesu/opt/anaconda3/envs/airflow2.3.0/lib/python3.8/site-packages/airflow/example_dags/example_skip_dag.py
[2022-07-24 19:14:00,911] {logging_mixin.py:115} INFO - [2022-07-24 19:14:00,911] {dag.py:2371} INFO - Sync 1 DAGs
[2022-07-24 19:14:00,923] {logging_mixin.py:115} INFO - [2022-07-24 19:14:00,923] {dag.py:2915} INFO - Setting next_dagrun for example_skip_dag to 2022-07-23T10:14:00.923573+00:00, run_after=2022-07-24T10:14:00.923573+00:00
[2022-07-24 19:14:00,931] {processor.py:161} INFO - Processing /Users/jangheesu/opt/anaconda3/envs/airflow2.3.0/lib/python3.8/site-packages/airflow/example_dags/example_skip_dag.py took 0.069 seconds
[2022-07-24 19:14:32,154] {processor.py:153} INFO - Started process (PID=77689) to work on /Users/jangheesu/opt/anaconda3/envs/airflow2.3.0/lib/python3.8/site-packages/airflow/example_dags/example_skip_dag.py
[2022-07-24 19:14:32,154] {processor.py:641} INFO - Processing file /Users/jangheesu/opt/anaconda3/envs/airflow2.3.0/lib/python3.8/site-packages/airflow/example_dags/example_skip_dag.py for tasks to queue
[2022-07-24 19:14:32,154] {logging_mixin.py:115} INFO - [2022-07-24 19:14:32,154] {dagbag.py:507} INFO - Filling up the DagBag from /Users/jangheesu/opt/anaconda3/envs/airflow2.3.0/lib/python3.8/site-packages/airflow/example_dags/example_skip_dag.py
[2022-07-24 19:14:32,161] {processor.py:651} INFO - DAG(s) dict_keys(['example_skip_dag']) retrieved from /Users/jangheesu/opt/anaconda3/envs/airflow2.3.0/lib/python3.8/site-packages/airflow/example_dags/example_skip_dag.py
[2022-07-24 19:14:32,210] {logging_mixin.py:115} INFO - [2022-07-24 19:14:32,209] {dag.py:2371} INFO - Sync 1 DAGs
[2022-07-24 19:14:32,221] {logging_mixin.py:115} INFO - [2022-07-24 19:14:32,221] {dag.py:2915} INFO - Setting next_dagrun for example_skip_dag to 2022-07-23T10:14:32.221556+00:00, run_after=2022-07-24T10:14:32.221556+00:00
[2022-07-24 19:14:32,229] {processor.py:161} INFO - Processing /Users/jangheesu/opt/anaconda3/envs/airflow2.3.0/lib/python3.8/site-packages/airflow/example_dags/example_skip_dag.py took 0.075 seconds
[2022-07-24 19:15:03,373] {processor.py:153} INFO - Started process (PID=77808) to work on /Users/jangheesu/opt/anaconda3/envs/airflow2.3.0/lib/python3.8/site-packages/airflow/example_dags/example_skip_dag.py
[2022-07-24 19:15:03,374] {processor.py:641} INFO - Processing file /Users/jangheesu/opt/anaconda3/envs/airflow2.3.0/lib/python3.8/site-packages/airflow/example_dags/example_skip_dag.py for tasks to queue
[2022-07-24 19:15:03,374] {logging_mixin.py:115} INFO - [2022-07-24 19:15:03,374] {dagbag.py:507} INFO - Filling up the DagBag from /Users/jangheesu/opt/anaconda3/envs/airflow2.3.0/lib/python3.8/site-packages/airflow/example_dags/example_skip_dag.py
[2022-07-24 19:15:03,382] {processor.py:651} INFO - DAG(s) dict_keys(['example_skip_dag']) retrieved from /Users/jangheesu/opt/anaconda3/envs/airflow2.3.0/lib/python3.8/site-packages/airflow/example_dags/example_skip_dag.py
[2022-07-24 19:15:03,426] {logging_mixin.py:115} INFO - [2022-07-24 19:15:03,426] {dag.py:2371} INFO - Sync 1 DAGs
[2022-07-24 19:15:03,437] {logging_mixin.py:115} INFO - [2022-07-24 19:15:03,437] {dag.py:2915} INFO - Setting next_dagrun for example_skip_dag to 2022-07-23T10:15:03.437088+00:00, run_after=2022-07-24T10:15:03.437088+00:00
[2022-07-24 19:15:03,444] {processor.py:161} INFO - Processing /Users/jangheesu/opt/anaconda3/envs/airflow2.3.0/lib/python3.8/site-packages/airflow/example_dags/example_skip_dag.py took 0.071 seconds
[2022-07-24 19:15:34,549] {processor.py:153} INFO - Started process (PID=77915) to work on /Users/jangheesu/opt/anaconda3/envs/airflow2.3.0/lib/python3.8/site-packages/airflow/example_dags/example_skip_dag.py
[2022-07-24 19:15:34,549] {processor.py:641} INFO - Processing file /Users/jangheesu/opt/anaconda3/envs/airflow2.3.0/lib/python3.8/site-packages/airflow/example_dags/example_skip_dag.py for tasks to queue
[2022-07-24 19:15:34,549] {logging_mixin.py:115} INFO - [2022-07-24 19:15:34,549] {dagbag.py:507} INFO - Filling up the DagBag from /Users/jangheesu/opt/anaconda3/envs/airflow2.3.0/lib/python3.8/site-packages/airflow/example_dags/example_skip_dag.py
[2022-07-24 19:15:34,555] {processor.py:651} INFO - DAG(s) dict_keys(['example_skip_dag']) retrieved from /Users/jangheesu/opt/anaconda3/envs/airflow2.3.0/lib/python3.8/site-packages/airflow/example_dags/example_skip_dag.py
[2022-07-24 19:15:34,597] {logging_mixin.py:115} INFO - [2022-07-24 19:15:34,597] {dag.py:2371} INFO - Sync 1 DAGs
[2022-07-24 19:15:34,609] {logging_mixin.py:115} INFO - [2022-07-24 19:15:34,609] {dag.py:2915} INFO - Setting next_dagrun for example_skip_dag to 2022-07-23T10:15:34.609297+00:00, run_after=2022-07-24T10:15:34.609297+00:00
[2022-07-24 19:15:34,616] {processor.py:161} INFO - Processing /Users/jangheesu/opt/anaconda3/envs/airflow2.3.0/lib/python3.8/site-packages/airflow/example_dags/example_skip_dag.py took 0.068 seconds
[2022-07-24 19:16:06,948] {processor.py:153} INFO - Started process (PID=78023) to work on /Users/jangheesu/opt/anaconda3/envs/airflow2.3.0/lib/python3.8/site-packages/airflow/example_dags/example_skip_dag.py
[2022-07-24 19:16:06,948] {processor.py:641} INFO - Processing file /Users/jangheesu/opt/anaconda3/envs/airflow2.3.0/lib/python3.8/site-packages/airflow/example_dags/example_skip_dag.py for tasks to queue
[2022-07-24 19:16:06,948] {logging_mixin.py:115} INFO - [2022-07-24 19:16:06,948] {dagbag.py:507} INFO - Filling up the DagBag from /Users/jangheesu/opt/anaconda3/envs/airflow2.3.0/lib/python3.8/site-packages/airflow/example_dags/example_skip_dag.py
[2022-07-24 19:16:06,955] {processor.py:651} INFO - DAG(s) dict_keys(['example_skip_dag']) retrieved from /Users/jangheesu/opt/anaconda3/envs/airflow2.3.0/lib/python3.8/site-packages/airflow/example_dags/example_skip_dag.py
[2022-07-24 19:16:06,996] {logging_mixin.py:115} INFO - [2022-07-24 19:16:06,996] {dag.py:2371} INFO - Sync 1 DAGs
[2022-07-24 19:16:07,009] {logging_mixin.py:115} INFO - [2022-07-24 19:16:07,008] {dag.py:2915} INFO - Setting next_dagrun for example_skip_dag to 2022-07-23T10:16:07.008865+00:00, run_after=2022-07-24T10:16:07.008865+00:00
[2022-07-24 19:16:07,016] {processor.py:161} INFO - Processing /Users/jangheesu/opt/anaconda3/envs/airflow2.3.0/lib/python3.8/site-packages/airflow/example_dags/example_skip_dag.py took 0.068 seconds
[2022-07-24 19:16:38,609] {processor.py:153} INFO - Started process (PID=78133) to work on /Users/jangheesu/opt/anaconda3/envs/airflow2.3.0/lib/python3.8/site-packages/airflow/example_dags/example_skip_dag.py
[2022-07-24 19:16:38,609] {processor.py:641} INFO - Processing file /Users/jangheesu/opt/anaconda3/envs/airflow2.3.0/lib/python3.8/site-packages/airflow/example_dags/example_skip_dag.py for tasks to queue
[2022-07-24 19:16:38,610] {logging_mixin.py:115} INFO - [2022-07-24 19:16:38,610] {dagbag.py:507} INFO - Filling up the DagBag from /Users/jangheesu/opt/anaconda3/envs/airflow2.3.0/lib/python3.8/site-packages/airflow/example_dags/example_skip_dag.py
[2022-07-24 19:16:38,617] {processor.py:651} INFO - DAG(s) dict_keys(['example_skip_dag']) retrieved from /Users/jangheesu/opt/anaconda3/envs/airflow2.3.0/lib/python3.8/site-packages/airflow/example_dags/example_skip_dag.py
[2022-07-24 19:16:38,663] {logging_mixin.py:115} INFO - [2022-07-24 19:16:38,663] {dag.py:2371} INFO - Sync 1 DAGs
[2022-07-24 19:16:38,676] {logging_mixin.py:115} INFO - [2022-07-24 19:16:38,676] {dag.py:2915} INFO - Setting next_dagrun for example_skip_dag to 2022-07-23T10:16:38.676532+00:00, run_after=2022-07-24T10:16:38.676532+00:00
[2022-07-24 19:16:38,685] {processor.py:161} INFO - Processing /Users/jangheesu/opt/anaconda3/envs/airflow2.3.0/lib/python3.8/site-packages/airflow/example_dags/example_skip_dag.py took 0.076 seconds
[2022-07-24 19:17:10,282] {processor.py:153} INFO - Started process (PID=78239) to work on /Users/jangheesu/opt/anaconda3/envs/airflow2.3.0/lib/python3.8/site-packages/airflow/example_dags/example_skip_dag.py
[2022-07-24 19:17:10,282] {processor.py:641} INFO - Processing file /Users/jangheesu/opt/anaconda3/envs/airflow2.3.0/lib/python3.8/site-packages/airflow/example_dags/example_skip_dag.py for tasks to queue
[2022-07-24 19:17:10,282] {logging_mixin.py:115} INFO - [2022-07-24 19:17:10,282] {dagbag.py:507} INFO - Filling up the DagBag from /Users/jangheesu/opt/anaconda3/envs/airflow2.3.0/lib/python3.8/site-packages/airflow/example_dags/example_skip_dag.py
[2022-07-24 19:17:10,289] {processor.py:651} INFO - DAG(s) dict_keys(['example_skip_dag']) retrieved from /Users/jangheesu/opt/anaconda3/envs/airflow2.3.0/lib/python3.8/site-packages/airflow/example_dags/example_skip_dag.py
[2022-07-24 19:17:10,336] {logging_mixin.py:115} INFO - [2022-07-24 19:17:10,336] {dag.py:2371} INFO - Sync 1 DAGs
[2022-07-24 19:17:10,347] {logging_mixin.py:115} INFO - [2022-07-24 19:17:10,347] {dag.py:2915} INFO - Setting next_dagrun for example_skip_dag to 2022-07-23T10:17:10.346980+00:00, run_after=2022-07-24T10:17:10.346980+00:00
[2022-07-24 19:17:10,354] {processor.py:161} INFO - Processing /Users/jangheesu/opt/anaconda3/envs/airflow2.3.0/lib/python3.8/site-packages/airflow/example_dags/example_skip_dag.py took 0.072 seconds
[2022-07-24 19:17:43,084] {processor.py:153} INFO - Started process (PID=78606) to work on /Users/jangheesu/opt/anaconda3/envs/airflow2.3.0/lib/python3.8/site-packages/airflow/example_dags/example_skip_dag.py
[2022-07-24 19:17:43,085] {processor.py:641} INFO - Processing file /Users/jangheesu/opt/anaconda3/envs/airflow2.3.0/lib/python3.8/site-packages/airflow/example_dags/example_skip_dag.py for tasks to queue
[2022-07-24 19:17:43,085] {logging_mixin.py:115} INFO - [2022-07-24 19:17:43,085] {dagbag.py:507} INFO - Filling up the DagBag from /Users/jangheesu/opt/anaconda3/envs/airflow2.3.0/lib/python3.8/site-packages/airflow/example_dags/example_skip_dag.py
[2022-07-24 19:17:43,093] {processor.py:651} INFO - DAG(s) dict_keys(['example_skip_dag']) retrieved from /Users/jangheesu/opt/anaconda3/envs/airflow2.3.0/lib/python3.8/site-packages/airflow/example_dags/example_skip_dag.py
[2022-07-24 19:17:43,156] {logging_mixin.py:115} INFO - [2022-07-24 19:17:43,156] {dag.py:2371} INFO - Sync 1 DAGs
[2022-07-24 19:17:43,178] {logging_mixin.py:115} INFO - [2022-07-24 19:17:43,178] {dag.py:2915} INFO - Setting next_dagrun for example_skip_dag to 2022-07-23T10:17:43.178451+00:00, run_after=2022-07-24T10:17:43.178451+00:00
[2022-07-24 19:17:43,191] {processor.py:161} INFO - Processing /Users/jangheesu/opt/anaconda3/envs/airflow2.3.0/lib/python3.8/site-packages/airflow/example_dags/example_skip_dag.py took 0.107 seconds
