[2022-07-24 19:12:20,437] {processor.py:153} INFO - Started process (PID=77165) to work on /Users/jangheesu/opt/anaconda3/envs/airflow2.3.0/lib/python3.8/site-packages/airflow/example_dags/tutorial_taskflow_api_etl.py
[2022-07-24 19:12:20,437] {processor.py:641} INFO - Processing file /Users/jangheesu/opt/anaconda3/envs/airflow2.3.0/lib/python3.8/site-packages/airflow/example_dags/tutorial_taskflow_api_etl.py for tasks to queue
[2022-07-24 19:12:20,438] {logging_mixin.py:115} INFO - [2022-07-24 19:12:20,437] {dagbag.py:507} INFO - Filling up the DagBag from /Users/jangheesu/opt/anaconda3/envs/airflow2.3.0/lib/python3.8/site-packages/airflow/example_dags/tutorial_taskflow_api_etl.py
[2022-07-24 19:12:20,456] {processor.py:651} INFO - DAG(s) dict_keys(['tutorial_taskflow_api_etl']) retrieved from /Users/jangheesu/opt/anaconda3/envs/airflow2.3.0/lib/python3.8/site-packages/airflow/example_dags/tutorial_taskflow_api_etl.py
[2022-07-24 19:12:21,023] {logging_mixin.py:115} INFO - [2022-07-24 19:12:21,023] {manager.py:508} INFO - Created Permission View: can read on DAG:tutorial_taskflow_api_etl
[2022-07-24 19:12:21,027] {logging_mixin.py:115} INFO - [2022-07-24 19:12:21,027] {manager.py:508} INFO - Created Permission View: can delete on DAG:tutorial_taskflow_api_etl
[2022-07-24 19:12:21,030] {logging_mixin.py:115} INFO - [2022-07-24 19:12:21,030] {manager.py:508} INFO - Created Permission View: can edit on DAG:tutorial_taskflow_api_etl
[2022-07-24 19:12:21,030] {logging_mixin.py:115} INFO - [2022-07-24 19:12:21,030] {dag.py:2371} INFO - Sync 1 DAGs
[2022-07-24 19:12:21,035] {logging_mixin.py:115} INFO - [2022-07-24 19:12:21,034] {dag.py:2390} INFO - Creating ORM DAG for tutorial_taskflow_api_etl
[2022-07-24 19:12:21,040] {logging_mixin.py:115} INFO - [2022-07-24 19:12:21,040] {dag.py:2915} INFO - Setting next_dagrun for tutorial_taskflow_api_etl to None, run_after=None
[2022-07-24 19:12:21,048] {processor.py:161} INFO - Processing /Users/jangheesu/opt/anaconda3/envs/airflow2.3.0/lib/python3.8/site-packages/airflow/example_dags/tutorial_taskflow_api_etl.py took 0.611 seconds
[2022-07-24 19:12:52,251] {processor.py:153} INFO - Started process (PID=77285) to work on /Users/jangheesu/opt/anaconda3/envs/airflow2.3.0/lib/python3.8/site-packages/airflow/example_dags/tutorial_taskflow_api_etl.py
[2022-07-24 19:12:52,251] {processor.py:641} INFO - Processing file /Users/jangheesu/opt/anaconda3/envs/airflow2.3.0/lib/python3.8/site-packages/airflow/example_dags/tutorial_taskflow_api_etl.py for tasks to queue
[2022-07-24 19:12:52,251] {logging_mixin.py:115} INFO - [2022-07-24 19:12:52,251] {dagbag.py:507} INFO - Filling up the DagBag from /Users/jangheesu/opt/anaconda3/envs/airflow2.3.0/lib/python3.8/site-packages/airflow/example_dags/tutorial_taskflow_api_etl.py
[2022-07-24 19:12:52,268] {processor.py:651} INFO - DAG(s) dict_keys(['tutorial_taskflow_api_etl']) retrieved from /Users/jangheesu/opt/anaconda3/envs/airflow2.3.0/lib/python3.8/site-packages/airflow/example_dags/tutorial_taskflow_api_etl.py
[2022-07-24 19:12:52,664] {logging_mixin.py:115} INFO - [2022-07-24 19:12:52,664] {dag.py:2371} INFO - Sync 1 DAGs
[2022-07-24 19:12:52,677] {logging_mixin.py:115} INFO - [2022-07-24 19:12:52,677] {dag.py:2915} INFO - Setting next_dagrun for tutorial_taskflow_api_etl to None, run_after=None
[2022-07-24 19:12:52,684] {processor.py:161} INFO - Processing /Users/jangheesu/opt/anaconda3/envs/airflow2.3.0/lib/python3.8/site-packages/airflow/example_dags/tutorial_taskflow_api_etl.py took 0.434 seconds
[2022-07-24 19:13:23,331] {processor.py:153} INFO - Started process (PID=77394) to work on /Users/jangheesu/opt/anaconda3/envs/airflow2.3.0/lib/python3.8/site-packages/airflow/example_dags/tutorial_taskflow_api_etl.py
[2022-07-24 19:13:23,331] {processor.py:641} INFO - Processing file /Users/jangheesu/opt/anaconda3/envs/airflow2.3.0/lib/python3.8/site-packages/airflow/example_dags/tutorial_taskflow_api_etl.py for tasks to queue
[2022-07-24 19:13:23,332] {logging_mixin.py:115} INFO - [2022-07-24 19:13:23,332] {dagbag.py:507} INFO - Filling up the DagBag from /Users/jangheesu/opt/anaconda3/envs/airflow2.3.0/lib/python3.8/site-packages/airflow/example_dags/tutorial_taskflow_api_etl.py
[2022-07-24 19:13:23,348] {processor.py:651} INFO - DAG(s) dict_keys(['tutorial_taskflow_api_etl']) retrieved from /Users/jangheesu/opt/anaconda3/envs/airflow2.3.0/lib/python3.8/site-packages/airflow/example_dags/tutorial_taskflow_api_etl.py
[2022-07-24 19:13:23,741] {logging_mixin.py:115} INFO - [2022-07-24 19:13:23,741] {dag.py:2371} INFO - Sync 1 DAGs
[2022-07-24 19:13:23,765] {logging_mixin.py:115} INFO - [2022-07-24 19:13:23,765] {dag.py:2915} INFO - Setting next_dagrun for tutorial_taskflow_api_etl to None, run_after=None
[2022-07-24 19:13:23,772] {processor.py:161} INFO - Processing /Users/jangheesu/opt/anaconda3/envs/airflow2.3.0/lib/python3.8/site-packages/airflow/example_dags/tutorial_taskflow_api_etl.py took 0.442 seconds
[2022-07-24 19:13:54,533] {processor.py:153} INFO - Started process (PID=77506) to work on /Users/jangheesu/opt/anaconda3/envs/airflow2.3.0/lib/python3.8/site-packages/airflow/example_dags/tutorial_taskflow_api_etl.py
[2022-07-24 19:13:54,533] {processor.py:641} INFO - Processing file /Users/jangheesu/opt/anaconda3/envs/airflow2.3.0/lib/python3.8/site-packages/airflow/example_dags/tutorial_taskflow_api_etl.py for tasks to queue
[2022-07-24 19:13:54,534] {logging_mixin.py:115} INFO - [2022-07-24 19:13:54,534] {dagbag.py:507} INFO - Filling up the DagBag from /Users/jangheesu/opt/anaconda3/envs/airflow2.3.0/lib/python3.8/site-packages/airflow/example_dags/tutorial_taskflow_api_etl.py
[2022-07-24 19:13:54,550] {processor.py:651} INFO - DAG(s) dict_keys(['tutorial_taskflow_api_etl']) retrieved from /Users/jangheesu/opt/anaconda3/envs/airflow2.3.0/lib/python3.8/site-packages/airflow/example_dags/tutorial_taskflow_api_etl.py
[2022-07-24 19:13:54,935] {logging_mixin.py:115} INFO - [2022-07-24 19:13:54,935] {dag.py:2371} INFO - Sync 1 DAGs
[2022-07-24 19:13:54,947] {logging_mixin.py:115} INFO - [2022-07-24 19:13:54,947] {dag.py:2915} INFO - Setting next_dagrun for tutorial_taskflow_api_etl to None, run_after=None
[2022-07-24 19:13:54,954] {processor.py:161} INFO - Processing /Users/jangheesu/opt/anaconda3/envs/airflow2.3.0/lib/python3.8/site-packages/airflow/example_dags/tutorial_taskflow_api_etl.py took 0.421 seconds
[2022-07-24 19:14:25,807] {processor.py:153} INFO - Started process (PID=77659) to work on /Users/jangheesu/opt/anaconda3/envs/airflow2.3.0/lib/python3.8/site-packages/airflow/example_dags/tutorial_taskflow_api_etl.py
[2022-07-24 19:14:25,808] {processor.py:641} INFO - Processing file /Users/jangheesu/opt/anaconda3/envs/airflow2.3.0/lib/python3.8/site-packages/airflow/example_dags/tutorial_taskflow_api_etl.py for tasks to queue
[2022-07-24 19:14:25,808] {logging_mixin.py:115} INFO - [2022-07-24 19:14:25,808] {dagbag.py:507} INFO - Filling up the DagBag from /Users/jangheesu/opt/anaconda3/envs/airflow2.3.0/lib/python3.8/site-packages/airflow/example_dags/tutorial_taskflow_api_etl.py
[2022-07-24 19:14:25,823] {processor.py:651} INFO - DAG(s) dict_keys(['tutorial_taskflow_api_etl']) retrieved from /Users/jangheesu/opt/anaconda3/envs/airflow2.3.0/lib/python3.8/site-packages/airflow/example_dags/tutorial_taskflow_api_etl.py
[2022-07-24 19:14:26,196] {logging_mixin.py:115} INFO - [2022-07-24 19:14:26,196] {dag.py:2371} INFO - Sync 1 DAGs
[2022-07-24 19:14:26,208] {logging_mixin.py:115} INFO - [2022-07-24 19:14:26,208] {dag.py:2915} INFO - Setting next_dagrun for tutorial_taskflow_api_etl to None, run_after=None
[2022-07-24 19:14:26,215] {processor.py:161} INFO - Processing /Users/jangheesu/opt/anaconda3/envs/airflow2.3.0/lib/python3.8/site-packages/airflow/example_dags/tutorial_taskflow_api_etl.py took 0.408 seconds
[2022-07-24 19:14:57,557] {processor.py:153} INFO - Started process (PID=77772) to work on /Users/jangheesu/opt/anaconda3/envs/airflow2.3.0/lib/python3.8/site-packages/airflow/example_dags/tutorial_taskflow_api_etl.py
[2022-07-24 19:14:57,558] {processor.py:641} INFO - Processing file /Users/jangheesu/opt/anaconda3/envs/airflow2.3.0/lib/python3.8/site-packages/airflow/example_dags/tutorial_taskflow_api_etl.py for tasks to queue
[2022-07-24 19:14:57,559] {logging_mixin.py:115} INFO - [2022-07-24 19:14:57,559] {dagbag.py:507} INFO - Filling up the DagBag from /Users/jangheesu/opt/anaconda3/envs/airflow2.3.0/lib/python3.8/site-packages/airflow/example_dags/tutorial_taskflow_api_etl.py
[2022-07-24 19:14:57,575] {processor.py:651} INFO - DAG(s) dict_keys(['tutorial_taskflow_api_etl']) retrieved from /Users/jangheesu/opt/anaconda3/envs/airflow2.3.0/lib/python3.8/site-packages/airflow/example_dags/tutorial_taskflow_api_etl.py
[2022-07-24 19:14:58,034] {logging_mixin.py:115} INFO - [2022-07-24 19:14:58,033] {dag.py:2371} INFO - Sync 1 DAGs
[2022-07-24 19:14:58,044] {logging_mixin.py:115} INFO - [2022-07-24 19:14:58,044] {dag.py:2915} INFO - Setting next_dagrun for tutorial_taskflow_api_etl to None, run_after=None
[2022-07-24 19:14:58,051] {processor.py:161} INFO - Processing /Users/jangheesu/opt/anaconda3/envs/airflow2.3.0/lib/python3.8/site-packages/airflow/example_dags/tutorial_taskflow_api_etl.py took 0.494 seconds
[2022-07-24 19:15:29,385] {processor.py:153} INFO - Started process (PID=77885) to work on /Users/jangheesu/opt/anaconda3/envs/airflow2.3.0/lib/python3.8/site-packages/airflow/example_dags/tutorial_taskflow_api_etl.py
[2022-07-24 19:15:29,385] {processor.py:641} INFO - Processing file /Users/jangheesu/opt/anaconda3/envs/airflow2.3.0/lib/python3.8/site-packages/airflow/example_dags/tutorial_taskflow_api_etl.py for tasks to queue
[2022-07-24 19:15:29,385] {logging_mixin.py:115} INFO - [2022-07-24 19:15:29,385] {dagbag.py:507} INFO - Filling up the DagBag from /Users/jangheesu/opt/anaconda3/envs/airflow2.3.0/lib/python3.8/site-packages/airflow/example_dags/tutorial_taskflow_api_etl.py
[2022-07-24 19:15:29,402] {processor.py:651} INFO - DAG(s) dict_keys(['tutorial_taskflow_api_etl']) retrieved from /Users/jangheesu/opt/anaconda3/envs/airflow2.3.0/lib/python3.8/site-packages/airflow/example_dags/tutorial_taskflow_api_etl.py
[2022-07-24 19:15:29,787] {logging_mixin.py:115} INFO - [2022-07-24 19:15:29,787] {dag.py:2371} INFO - Sync 1 DAGs
[2022-07-24 19:15:29,799] {logging_mixin.py:115} INFO - [2022-07-24 19:15:29,799] {dag.py:2915} INFO - Setting next_dagrun for tutorial_taskflow_api_etl to None, run_after=None
[2022-07-24 19:15:29,807] {processor.py:161} INFO - Processing /Users/jangheesu/opt/anaconda3/envs/airflow2.3.0/lib/python3.8/site-packages/airflow/example_dags/tutorial_taskflow_api_etl.py took 0.422 seconds
[2022-07-24 19:16:01,244] {processor.py:153} INFO - Started process (PID=77993) to work on /Users/jangheesu/opt/anaconda3/envs/airflow2.3.0/lib/python3.8/site-packages/airflow/example_dags/tutorial_taskflow_api_etl.py
[2022-07-24 19:16:01,244] {processor.py:641} INFO - Processing file /Users/jangheesu/opt/anaconda3/envs/airflow2.3.0/lib/python3.8/site-packages/airflow/example_dags/tutorial_taskflow_api_etl.py for tasks to queue
[2022-07-24 19:16:01,244] {logging_mixin.py:115} INFO - [2022-07-24 19:16:01,244] {dagbag.py:507} INFO - Filling up the DagBag from /Users/jangheesu/opt/anaconda3/envs/airflow2.3.0/lib/python3.8/site-packages/airflow/example_dags/tutorial_taskflow_api_etl.py
[2022-07-24 19:16:01,260] {processor.py:651} INFO - DAG(s) dict_keys(['tutorial_taskflow_api_etl']) retrieved from /Users/jangheesu/opt/anaconda3/envs/airflow2.3.0/lib/python3.8/site-packages/airflow/example_dags/tutorial_taskflow_api_etl.py
[2022-07-24 19:16:01,634] {logging_mixin.py:115} INFO - [2022-07-24 19:16:01,634] {dag.py:2371} INFO - Sync 1 DAGs
[2022-07-24 19:16:01,645] {logging_mixin.py:115} INFO - [2022-07-24 19:16:01,645] {dag.py:2915} INFO - Setting next_dagrun for tutorial_taskflow_api_etl to None, run_after=None
[2022-07-24 19:16:01,652] {processor.py:161} INFO - Processing /Users/jangheesu/opt/anaconda3/envs/airflow2.3.0/lib/python3.8/site-packages/airflow/example_dags/tutorial_taskflow_api_etl.py took 0.409 seconds
[2022-07-24 19:16:32,905] {processor.py:153} INFO - Started process (PID=78101) to work on /Users/jangheesu/opt/anaconda3/envs/airflow2.3.0/lib/python3.8/site-packages/airflow/example_dags/tutorial_taskflow_api_etl.py
[2022-07-24 19:16:32,905] {processor.py:641} INFO - Processing file /Users/jangheesu/opt/anaconda3/envs/airflow2.3.0/lib/python3.8/site-packages/airflow/example_dags/tutorial_taskflow_api_etl.py for tasks to queue
[2022-07-24 19:16:32,905] {logging_mixin.py:115} INFO - [2022-07-24 19:16:32,905] {dagbag.py:507} INFO - Filling up the DagBag from /Users/jangheesu/opt/anaconda3/envs/airflow2.3.0/lib/python3.8/site-packages/airflow/example_dags/tutorial_taskflow_api_etl.py
[2022-07-24 19:16:32,921] {processor.py:651} INFO - DAG(s) dict_keys(['tutorial_taskflow_api_etl']) retrieved from /Users/jangheesu/opt/anaconda3/envs/airflow2.3.0/lib/python3.8/site-packages/airflow/example_dags/tutorial_taskflow_api_etl.py
[2022-07-24 19:16:33,318] {logging_mixin.py:115} INFO - [2022-07-24 19:16:33,318] {dag.py:2371} INFO - Sync 1 DAGs
[2022-07-24 19:16:33,328] {logging_mixin.py:115} INFO - [2022-07-24 19:16:33,328] {dag.py:2915} INFO - Setting next_dagrun for tutorial_taskflow_api_etl to None, run_after=None
[2022-07-24 19:16:33,335] {processor.py:161} INFO - Processing /Users/jangheesu/opt/anaconda3/envs/airflow2.3.0/lib/python3.8/site-packages/airflow/example_dags/tutorial_taskflow_api_etl.py took 0.430 seconds
[2022-07-24 19:17:04,629] {processor.py:153} INFO - Started process (PID=78211) to work on /Users/jangheesu/opt/anaconda3/envs/airflow2.3.0/lib/python3.8/site-packages/airflow/example_dags/tutorial_taskflow_api_etl.py
[2022-07-24 19:17:04,629] {processor.py:641} INFO - Processing file /Users/jangheesu/opt/anaconda3/envs/airflow2.3.0/lib/python3.8/site-packages/airflow/example_dags/tutorial_taskflow_api_etl.py for tasks to queue
[2022-07-24 19:17:04,629] {logging_mixin.py:115} INFO - [2022-07-24 19:17:04,629] {dagbag.py:507} INFO - Filling up the DagBag from /Users/jangheesu/opt/anaconda3/envs/airflow2.3.0/lib/python3.8/site-packages/airflow/example_dags/tutorial_taskflow_api_etl.py
[2022-07-24 19:17:04,645] {processor.py:651} INFO - DAG(s) dict_keys(['tutorial_taskflow_api_etl']) retrieved from /Users/jangheesu/opt/anaconda3/envs/airflow2.3.0/lib/python3.8/site-packages/airflow/example_dags/tutorial_taskflow_api_etl.py
[2022-07-24 19:17:05,018] {logging_mixin.py:115} INFO - [2022-07-24 19:17:05,018] {dag.py:2371} INFO - Sync 1 DAGs
[2022-07-24 19:17:05,030] {logging_mixin.py:115} INFO - [2022-07-24 19:17:05,030] {dag.py:2915} INFO - Setting next_dagrun for tutorial_taskflow_api_etl to None, run_after=None
[2022-07-24 19:17:05,038] {processor.py:161} INFO - Processing /Users/jangheesu/opt/anaconda3/envs/airflow2.3.0/lib/python3.8/site-packages/airflow/example_dags/tutorial_taskflow_api_etl.py took 0.409 seconds
[2022-07-24 19:17:36,130] {processor.py:153} INFO - Started process (PID=78551) to work on /Users/jangheesu/opt/anaconda3/envs/airflow2.3.0/lib/python3.8/site-packages/airflow/example_dags/tutorial_taskflow_api_etl.py
[2022-07-24 19:17:36,130] {processor.py:641} INFO - Processing file /Users/jangheesu/opt/anaconda3/envs/airflow2.3.0/lib/python3.8/site-packages/airflow/example_dags/tutorial_taskflow_api_etl.py for tasks to queue
[2022-07-24 19:17:36,130] {logging_mixin.py:115} INFO - [2022-07-24 19:17:36,130] {dagbag.py:507} INFO - Filling up the DagBag from /Users/jangheesu/opt/anaconda3/envs/airflow2.3.0/lib/python3.8/site-packages/airflow/example_dags/tutorial_taskflow_api_etl.py
[2022-07-24 19:17:36,151] {processor.py:651} INFO - DAG(s) dict_keys(['tutorial_taskflow_api_etl']) retrieved from /Users/jangheesu/opt/anaconda3/envs/airflow2.3.0/lib/python3.8/site-packages/airflow/example_dags/tutorial_taskflow_api_etl.py
[2022-07-24 19:17:36,584] {logging_mixin.py:115} INFO - [2022-07-24 19:17:36,584] {dag.py:2371} INFO - Sync 1 DAGs
[2022-07-24 19:17:36,595] {logging_mixin.py:115} INFO - [2022-07-24 19:17:36,595] {dag.py:2915} INFO - Setting next_dagrun for tutorial_taskflow_api_etl to None, run_after=None
[2022-07-24 19:17:36,606] {processor.py:161} INFO - Processing /Users/jangheesu/opt/anaconda3/envs/airflow2.3.0/lib/python3.8/site-packages/airflow/example_dags/tutorial_taskflow_api_etl.py took 0.477 seconds
