[2022-07-24 23:17:36,598] {taskinstance.py:1159} INFO - Dependencies all met for <TaskInstance: my_python_dag.task_3 manual__2022-07-24T14:17:34.506687+00:00 [queued]>
[2022-07-24 23:17:36,606] {taskinstance.py:1159} INFO - Dependencies all met for <TaskInstance: my_python_dag.task_3 manual__2022-07-24T14:17:34.506687+00:00 [queued]>
[2022-07-24 23:17:36,606] {taskinstance.py:1356} INFO - 
--------------------------------------------------------------------------------
[2022-07-24 23:17:36,606] {taskinstance.py:1357} INFO - Starting attempt 1 of 1
[2022-07-24 23:17:36,606] {taskinstance.py:1358} INFO - 
--------------------------------------------------------------------------------
[2022-07-24 23:17:36,613] {taskinstance.py:1377} INFO - Executing <Task(PythonOperator): task_3> on 2022-07-24 14:17:34.506687+00:00
[2022-07-24 23:17:36,620] {standard_task_runner.py:52} INFO - Started process 98349 to run task
[2022-07-24 23:17:36,626] {standard_task_runner.py:79} INFO - Running: ['airflow', 'tasks', 'run', 'my_python_dag', 'task_3', 'manual__2022-07-24T14:17:34.506687+00:00', '--job-id', '32', '--raw', '--subdir', 'DAGS_FOLDER/test3.py', '--cfg-path', '/var/folders/6v/f1q42tlx39bf4xb4nltqccj00000gn/T/tmph5t1jx3y', '--error-file', '/var/folders/6v/f1q42tlx39bf4xb4nltqccj00000gn/T/tmp5eppted0']
[2022-07-24 23:17:36,627] {standard_task_runner.py:80} INFO - Job 32: Subtask task_3
[2022-07-24 23:17:36,681] {task_command.py:369} INFO - Running <TaskInstance: my_python_dag.task_3 manual__2022-07-24T14:17:34.506687+00:00 [running]> on host janghuisuui-MacBookAir.local
[2022-07-24 23:17:36,738] {taskinstance.py:1569} INFO - Exporting the following env vars:
AIRFLOW_CTX_DAG_OWNER=testJang
AIRFLOW_CTX_DAG_ID=my_python_dag
AIRFLOW_CTX_TASK_ID=task_3
AIRFLOW_CTX_EXECUTION_DATE=2022-07-24T14:17:34.506687+00:00
AIRFLOW_CTX_TRY_NUMBER=1
AIRFLOW_CTX_DAG_RUN_ID=manual__2022-07-24T14:17:34.506687+00:00
[2022-07-24 23:17:36,739] {logging_mixin.py:115} INFO - ====================================================================================================
[2022-07-24 23:17:36,739] {logging_mixin.py:115} INFO - seconds: 10
[2022-07-24 23:17:36,739] {logging_mixin.py:115} INFO - ====================================================================================================
[2022-07-24 23:17:36,739] {logging_mixin.py:115} INFO - {'conf': <airflow.configuration.AirflowConfigParser object at 0x7fcd40472b50>, 'dag': <DAG: my_python_dag>, 'dag_run': <DagRun my_python_dag @ 2022-07-24 14:17:34.506687+00:00: manual__2022-07-24T14:17:34.506687+00:00, externally triggered: True>, 'data_interval_end': DateTime(2022, 7, 24, 0, 0, 0, tzinfo=Timezone('UTC')), 'data_interval_start': DateTime(2022, 7, 23, 0, 0, 0, tzinfo=Timezone('UTC')), 'ds': '2022-07-24', 'ds_nodash': '20220724', 'execution_date': <Proxy at 0x7fcd58a05ec0 with factory functools.partial(<function lazy_mapping_from_context.<locals>._deprecated_proxy_factory at 0x7fcd48440ee0>, 'execution_date', DateTime(2022, 7, 24, 14, 17, 34, 506687, tzinfo=Timezone('UTC')))>, 'inlets': [], 'logical_date': DateTime(2022, 7, 24, 14, 17, 34, 506687, tzinfo=Timezone('UTC')), 'macros': <module 'airflow.macros' from '/Users/jangheesu/opt/anaconda3/envs/airflow2.3.0/lib/python3.8/site-packages/airflow/macros/__init__.py'>, 'next_ds': <Proxy at 0x7fcd58a0ff80 with factory functools.partial(<function lazy_mapping_from_context.<locals>._deprecated_proxy_factory at 0x7fcd48440ee0>, 'next_ds', '2022-07-24')>, 'next_ds_nodash': <Proxy at 0x7fcd58a0fb40 with factory functools.partial(<function lazy_mapping_from_context.<locals>._deprecated_proxy_factory at 0x7fcd48440ee0>, 'next_ds_nodash', '20220724')>, 'next_execution_date': <Proxy at 0x7fcd58a0b580 with factory functools.partial(<function lazy_mapping_from_context.<locals>._deprecated_proxy_factory at 0x7fcd48440ee0>, 'next_execution_date', DateTime(2022, 7, 24, 14, 17, 34, 506687, tzinfo=Timezone('UTC')))>, 'outlets': [], 'params': {}, 'prev_data_interval_start_success': DateTime(2022, 7, 23, 0, 0, 0, tzinfo=Timezone('UTC')), 'prev_data_interval_end_success': DateTime(2022, 7, 24, 0, 0, 0, tzinfo=Timezone('UTC')), 'prev_ds': <Proxy at 0x7fcd58a0b5c0 with factory functools.partial(<function lazy_mapping_from_context.<locals>._deprecated_proxy_factory at 0x7fcd48440ee0>, 'prev_ds', '2022-07-24')>, 'prev_ds_nodash': <Proxy at 0x7fcd58a0b1c0 with factory functools.partial(<function lazy_mapping_from_context.<locals>._deprecated_proxy_factory at 0x7fcd48440ee0>, 'prev_ds_nodash', '20220724')>, 'prev_execution_date': <Proxy at 0x7fcd58a0b600 with factory functools.partial(<function lazy_mapping_from_context.<locals>._deprecated_proxy_factory at 0x7fcd48440ee0>, 'prev_execution_date', DateTime(2022, 7, 24, 14, 17, 34, 506687, tzinfo=Timezone('UTC')))>, 'prev_execution_date_success': <Proxy at 0x7fcd58a0b640 with factory functools.partial(<function lazy_mapping_from_context.<locals>._deprecated_proxy_factory at 0x7fcd48440ee0>, 'prev_execution_date_success', DateTime(2022, 7, 24, 14, 16, 52, 10280, tzinfo=Timezone('UTC')))>, 'prev_start_date_success': DateTime(2022, 7, 24, 14, 16, 52, 232163, tzinfo=Timezone('UTC')), 'run_id': 'manual__2022-07-24T14:17:34.506687+00:00', 'task': <Task(PythonOperator): task_3>, 'task_instance': <TaskInstance: my_python_dag.task_3 manual__2022-07-24T14:17:34.506687+00:00 [running]>, 'task_instance_key_str': 'my_python_dag__task_3__20220724', 'test_mode': False, 'ti': <TaskInstance: my_python_dag.task_3 manual__2022-07-24T14:17:34.506687+00:00 [running]>, 'tomorrow_ds': <Proxy at 0x7fcd58a0b680 with factory functools.partial(<function lazy_mapping_from_context.<locals>._deprecated_proxy_factory at 0x7fcd48440ee0>, 'tomorrow_ds', '2022-07-25')>, 'tomorrow_ds_nodash': <Proxy at 0x7fcd58a0b700 with factory functools.partial(<function lazy_mapping_from_context.<locals>._deprecated_proxy_factory at 0x7fcd48440ee0>, 'tomorrow_ds_nodash', '20220725')>, 'ts': '2022-07-24T14:17:34.506687+00:00', 'ts_nodash': '20220724T141734', 'ts_nodash_with_tz': '20220724T141734.506687+0000', 'var': {'json': None, 'value': None}, 'conn': None, 'yesterday_ds': <Proxy at 0x7fcd58a0b800 with factory functools.partial(<function lazy_mapping_from_context.<locals>._deprecated_proxy_factory at 0x7fcd48440ee0>, 'yesterday_ds', '2022-07-23')>, 'yesterday_ds_nodash': <Proxy at 0x7fcd58a0b840 with factory functools.partial(<function lazy_mapping_from_context.<locals>._deprecated_proxy_factory at 0x7fcd48440ee0>, 'yesterday_ds_nodash', '20220723')>, 'templates_dict': None}
[2022-07-24 23:17:36,739] {logging_mixin.py:115} INFO - ====================================================================================================
[2022-07-24 23:17:46,740] {python.py:173} INFO - Done. Returned value was: sleep well ~ !!
[2022-07-24 23:17:46,761] {taskinstance.py:1395} INFO - Marking task as SUCCESS. dag_id=my_python_dag, task_id=task_3, execution_date=20220724T141734, start_date=20220724T141736, end_date=20220724T141746
[2022-07-24 23:17:46,778] {local_task_job.py:156} INFO - Task exited with return code 0
[2022-07-24 23:17:46,803] {local_task_job.py:273} INFO - 1 downstream tasks scheduled from follow-on schedule check
