[2022-07-27 23:24:15,928] {taskinstance.py:1159} INFO - Dependencies all met for <TaskInstance: tutorial-python-op.msg scheduled__2022-02-01T20:00:00+00:00 [queued]>
[2022-07-27 23:24:15,935] {taskinstance.py:1159} INFO - Dependencies all met for <TaskInstance: tutorial-python-op.msg scheduled__2022-02-01T20:00:00+00:00 [queued]>
[2022-07-27 23:24:15,935] {taskinstance.py:1356} INFO - 
--------------------------------------------------------------------------------
[2022-07-27 23:24:15,935] {taskinstance.py:1357} INFO - Starting attempt 1 of 2
[2022-07-27 23:24:15,935] {taskinstance.py:1358} INFO - 
--------------------------------------------------------------------------------
[2022-07-27 23:24:15,944] {taskinstance.py:1377} INFO - Executing <Task(PythonOperator): msg> on 2022-02-01 20:00:00+00:00
[2022-07-27 23:24:15,950] {standard_task_runner.py:52} INFO - Started process 53316 to run task
[2022-07-27 23:24:15,954] {standard_task_runner.py:79} INFO - Running: ['airflow', 'tasks', 'run', 'tutorial-python-op', 'msg', 'scheduled__2022-02-01T20:00:00+00:00', '--job-id', '164', '--raw', '--subdir', 'DAGS_FOLDER/test5.py', '--cfg-path', '/var/folders/6v/f1q42tlx39bf4xb4nltqccj00000gn/T/tmpgj85eycx', '--error-file', '/var/folders/6v/f1q42tlx39bf4xb4nltqccj00000gn/T/tmpph2uaja1']
[2022-07-27 23:24:15,955] {standard_task_runner.py:80} INFO - Job 164: Subtask msg
[2022-07-27 23:24:16,003] {task_command.py:369} INFO - Running <TaskInstance: tutorial-python-op.msg scheduled__2022-02-01T20:00:00+00:00 [running]> on host janghuisuui-MacBookAir.local
[2022-07-27 23:24:16,071] {taskinstance.py:1569} INFO - Exporting the following env vars:
AIRFLOW_CTX_DAG_EMAIL=your-email@g.com
AIRFLOW_CTX_DAG_OWNER=owner-name
AIRFLOW_CTX_DAG_ID=tutorial-python-op
AIRFLOW_CTX_TASK_ID=msg
AIRFLOW_CTX_EXECUTION_DATE=2022-02-01T20:00:00+00:00
AIRFLOW_CTX_TRY_NUMBER=1
AIRFLOW_CTX_DAG_RUN_ID=scheduled__2022-02-01T20:00:00+00:00
[2022-07-27 23:24:16,083] {logging_mixin.py:115} INFO - message :  14
[2022-07-27 23:24:16,083] {logging_mixin.py:115} INFO - ****************************************************************************************************
[2022-07-27 23:24:16,084] {logging_mixin.py:115} INFO - {'conf': <airflow.configuration.AirflowConfigParser object at 0x7f92a81e2b50>, 'dag': <DAG: tutorial-python-op>, 'dag_run': <DagRun tutorial-python-op @ 2022-02-01 20:00:00+00:00: scheduled__2022-02-01T20:00:00+00:00, externally triggered: False>, 'data_interval_end': DateTime(2022, 2, 1, 20, 50, 0, tzinfo=Timezone('UTC')), 'data_interval_start': DateTime(2022, 2, 1, 20, 0, 0, tzinfo=Timezone('UTC')), 'ds': '2022-02-01', 'ds_nodash': '20220201', 'execution_date': <Proxy at 0x7f930889e280 with factory functools.partial(<function lazy_mapping_from_context.<locals>._deprecated_proxy_factory at 0x7f93088a8af0>, 'execution_date', DateTime(2022, 2, 1, 20, 0, 0, tzinfo=Timezone('UTC')))>, 'inlets': [], 'logical_date': DateTime(2022, 2, 1, 20, 0, 0, tzinfo=Timezone('UTC')), 'macros': <module 'airflow.macros' from '/Users/jangheesu/opt/anaconda3/envs/airflow2.3.0/lib/python3.8/site-packages/airflow/macros/__init__.py'>, 'next_ds': <Proxy at 0x7f92f8aa2d40 with factory functools.partial(<function lazy_mapping_from_context.<locals>._deprecated_proxy_factory at 0x7f93088a8af0>, 'next_ds', '2022-02-01')>, 'next_ds_nodash': <Proxy at 0x7f92f880b480 with factory functools.partial(<function lazy_mapping_from_context.<locals>._deprecated_proxy_factory at 0x7f93088a8af0>, 'next_ds_nodash', '20220201')>, 'next_execution_date': <Proxy at 0x7f93088f9480 with factory functools.partial(<function lazy_mapping_from_context.<locals>._deprecated_proxy_factory at 0x7f93088a8af0>, 'next_execution_date', DateTime(2022, 2, 1, 20, 50, 0, tzinfo=Timezone('UTC')))>, 'outlets': [], 'params': {}, 'prev_data_interval_start_success': DateTime(2022, 2, 1, 19, 10, 0, tzinfo=Timezone('UTC')), 'prev_data_interval_end_success': DateTime(2022, 2, 1, 20, 0, 0, tzinfo=Timezone('UTC')), 'prev_ds': <Proxy at 0x7f93088f94c0 with factory functools.partial(<function lazy_mapping_from_context.<locals>._deprecated_proxy_factory at 0x7f93088a8af0>, 'prev_ds', '2022-02-01')>, 'prev_ds_nodash': <Proxy at 0x7f93088f9500 with factory functools.partial(<function lazy_mapping_from_context.<locals>._deprecated_proxy_factory at 0x7f93088a8af0>, 'prev_ds_nodash', '20220201')>, 'prev_execution_date': <Proxy at 0x7f93088f9540 with factory functools.partial(<function lazy_mapping_from_context.<locals>._deprecated_proxy_factory at 0x7f93088a8af0>, 'prev_execution_date', DateTime(2022, 2, 1, 19, 10, 0, tzinfo=Timezone('UTC')))>, 'prev_execution_date_success': <Proxy at 0x7f93088f95c0 with factory functools.partial(<function lazy_mapping_from_context.<locals>._deprecated_proxy_factory at 0x7f93088a8af0>, 'prev_execution_date_success', DateTime(2022, 2, 1, 19, 10, 0, tzinfo=Timezone('UTC')))>, 'prev_start_date_success': DateTime(2022, 7, 27, 14, 24, 3, 184104, tzinfo=Timezone('UTC')), 'run_id': 'scheduled__2022-02-01T20:00:00+00:00', 'task': <Task(PythonOperator): msg>, 'task_instance': <TaskInstance: tutorial-python-op.msg scheduled__2022-02-01T20:00:00+00:00 [running]>, 'task_instance_key_str': 'tutorial-python-op__msg__20220201', 'test_mode': False, 'ti': <TaskInstance: tutorial-python-op.msg scheduled__2022-02-01T20:00:00+00:00 [running]>, 'tomorrow_ds': <Proxy at 0x7f93088f96c0 with factory functools.partial(<function lazy_mapping_from_context.<locals>._deprecated_proxy_factory at 0x7f93088a8af0>, 'tomorrow_ds', '2022-02-02')>, 'tomorrow_ds_nodash': <Proxy at 0x7f93088f9700 with factory functools.partial(<function lazy_mapping_from_context.<locals>._deprecated_proxy_factory at 0x7f93088a8af0>, 'tomorrow_ds_nodash', '20220202')>, 'ts': '2022-02-01T20:00:00+00:00', 'ts_nodash': '20220201T200000', 'ts_nodash_with_tz': '20220201T200000+0000', 'var': {'json': None, 'value': None}, 'conn': None, 'yesterday_ds': <Proxy at 0x7f93088f9780 with factory functools.partial(<function lazy_mapping_from_context.<locals>._deprecated_proxy_factory at 0x7f93088a8af0>, 'yesterday_ds', '2022-01-31')>, 'yesterday_ds_nodash': <Proxy at 0x7f93088f97c0 with factory functools.partial(<function lazy_mapping_from_context.<locals>._deprecated_proxy_factory at 0x7f93088a8af0>, 'yesterday_ds_nodash', '20220131')>, 'templates_dict': None}
[2022-07-27 23:24:16,084] {python.py:173} INFO - Done. Returned value was: None
[2022-07-27 23:24:16,098] {taskinstance.py:1395} INFO - Marking task as SUCCESS. dag_id=tutorial-python-op, task_id=msg, execution_date=20220201T200000, start_date=20220727T142415, end_date=20220727T142416
[2022-07-27 23:24:16,132] {local_task_job.py:156} INFO - Task exited with return code 0
[2022-07-27 23:24:16,167] {local_task_job.py:273} INFO - 1 downstream tasks scheduled from follow-on schedule check
