[2022-07-27 23:18:19,339] {taskinstance.py:1159} INFO - Dependencies all met for <TaskInstance: tutorial-python-op.start scheduled__2022-02-01T07:30:00+00:00 [queued]>
[2022-07-27 23:18:19,354] {taskinstance.py:1159} INFO - Dependencies all met for <TaskInstance: tutorial-python-op.start scheduled__2022-02-01T07:30:00+00:00 [queued]>
[2022-07-27 23:18:19,355] {taskinstance.py:1356} INFO - 
--------------------------------------------------------------------------------
[2022-07-27 23:18:19,355] {taskinstance.py:1357} INFO - Starting attempt 1 of 2
[2022-07-27 23:18:19,355] {taskinstance.py:1358} INFO - 
--------------------------------------------------------------------------------
[2022-07-27 23:18:19,404] {taskinstance.py:1377} INFO - Executing <Task(BashOperator): start> on 2022-02-01 07:30:00+00:00
[2022-07-27 23:18:19,411] {standard_task_runner.py:52} INFO - Started process 48401 to run task
[2022-07-27 23:18:19,416] {standard_task_runner.py:79} INFO - Running: ['airflow', 'tasks', 'run', 'tutorial-python-op', 'start', 'scheduled__2022-02-01T07:30:00+00:00', '--job-id', '79', '--raw', '--subdir', 'DAGS_FOLDER/test5.py', '--cfg-path', '/var/folders/6v/f1q42tlx39bf4xb4nltqccj00000gn/T/tmptqtj644e', '--error-file', '/var/folders/6v/f1q42tlx39bf4xb4nltqccj00000gn/T/tmpd7d1qqlk']
[2022-07-27 23:18:19,417] {standard_task_runner.py:80} INFO - Job 79: Subtask start
[2022-07-27 23:18:19,690] {task_command.py:369} INFO - Running <TaskInstance: tutorial-python-op.start scheduled__2022-02-01T07:30:00+00:00 [running]> on host janghuisuui-MacBookAir.local
[2022-07-27 23:18:19,866] {taskinstance.py:1569} INFO - Exporting the following env vars:
AIRFLOW_CTX_DAG_EMAIL=your-email@g.com
AIRFLOW_CTX_DAG_OWNER=owner-name
AIRFLOW_CTX_DAG_ID=tutorial-python-op
AIRFLOW_CTX_TASK_ID=start
AIRFLOW_CTX_EXECUTION_DATE=2022-02-01T07:30:00+00:00
AIRFLOW_CTX_TRY_NUMBER=1
AIRFLOW_CTX_DAG_RUN_ID=scheduled__2022-02-01T07:30:00+00:00
[2022-07-27 23:18:19,867] {subprocess.py:62} INFO - Tmp dir root location: 
 /var/folders/6v/f1q42tlx39bf4xb4nltqccj00000gn/T
[2022-07-27 23:18:19,868] {subprocess.py:74} INFO - Running command: ['bash', '-c', 'echo "start!!!!!"']
[2022-07-27 23:18:19,895] {subprocess.py:85} INFO - Output:
[2022-07-27 23:18:19,900] {subprocess.py:92} INFO - start!!!!!
[2022-07-27 23:18:19,901] {subprocess.py:96} INFO - Command exited with return code 0
[2022-07-27 23:18:20,131] {taskinstance.py:1395} INFO - Marking task as SUCCESS. dag_id=tutorial-python-op, task_id=start, execution_date=20220201T073000, start_date=20220727T141819, end_date=20220727T141820
[2022-07-27 23:18:20,180] {local_task_job.py:156} INFO - Task exited with return code 0
[2022-07-27 23:18:20,304] {local_task_job.py:273} INFO - 1 downstream tasks scheduled from follow-on schedule check
