[2022-07-27 22:13:06,523] {taskinstance.py:1159} INFO - Dependencies all met for <TaskInstance: my_first_dag.print_date manual__2022-07-27T13:13:05.380211+00:00 [queued]>
[2022-07-27 22:13:06,528] {taskinstance.py:1159} INFO - Dependencies all met for <TaskInstance: my_first_dag.print_date manual__2022-07-27T13:13:05.380211+00:00 [queued]>
[2022-07-27 22:13:06,529] {taskinstance.py:1356} INFO - 
--------------------------------------------------------------------------------
[2022-07-27 22:13:06,529] {taskinstance.py:1357} INFO - Starting attempt 1 of 1
[2022-07-27 22:13:06,529] {taskinstance.py:1358} INFO - 
--------------------------------------------------------------------------------
[2022-07-27 22:13:06,535] {taskinstance.py:1377} INFO - Executing <Task(BashOperator): print_date> on 2022-07-27 13:13:05.380211+00:00
[2022-07-27 22:13:06,541] {standard_task_runner.py:52} INFO - Started process 12483 to run task
[2022-07-27 22:13:06,544] {standard_task_runner.py:79} INFO - Running: ['airflow', 'tasks', 'run', 'my_first_dag', 'print_date', 'manual__2022-07-27T13:13:05.380211+00:00', '--job-id', '60', '--raw', '--subdir', 'DAGS_FOLDER/test.py', '--cfg-path', '/var/folders/6v/f1q42tlx39bf4xb4nltqccj00000gn/T/tmpnbik36si', '--error-file', '/var/folders/6v/f1q42tlx39bf4xb4nltqccj00000gn/T/tmp2y0qe_hp']
[2022-07-27 22:13:06,545] {standard_task_runner.py:80} INFO - Job 60: Subtask print_date
[2022-07-27 22:13:06,590] {task_command.py:369} INFO - Running <TaskInstance: my_first_dag.print_date manual__2022-07-27T13:13:05.380211+00:00 [running]> on host janghuisuui-MacBookAir.local
[2022-07-27 22:13:06,649] {taskinstance.py:1569} INFO - Exporting the following env vars:
AIRFLOW_CTX_DAG_OWNER=jovyan
AIRFLOW_CTX_DAG_ID=my_first_dag
AIRFLOW_CTX_TASK_ID=print_date
AIRFLOW_CTX_EXECUTION_DATE=2022-07-27T13:13:05.380211+00:00
AIRFLOW_CTX_TRY_NUMBER=1
AIRFLOW_CTX_DAG_RUN_ID=manual__2022-07-27T13:13:05.380211+00:00
[2022-07-27 22:13:06,649] {subprocess.py:62} INFO - Tmp dir root location: 
 /var/folders/6v/f1q42tlx39bf4xb4nltqccj00000gn/T
[2022-07-27 22:13:06,650] {subprocess.py:74} INFO - Running command: ['bash', '-c', 'echo "hello world"']
[2022-07-27 22:13:06,660] {subprocess.py:85} INFO - Output:
[2022-07-27 22:13:06,667] {subprocess.py:92} INFO - hello world
[2022-07-27 22:13:06,667] {subprocess.py:96} INFO - Command exited with return code 0
[2022-07-27 22:13:06,694] {taskinstance.py:1395} INFO - Marking task as SUCCESS. dag_id=my_first_dag, task_id=print_date, execution_date=20220727T131305, start_date=20220727T131306, end_date=20220727T131306
[2022-07-27 22:13:06,722] {local_task_job.py:156} INFO - Task exited with return code 0
[2022-07-27 22:13:06,752] {local_task_job.py:273} INFO - 1 downstream tasks scheduled from follow-on schedule check
