[2022-07-27 23:22:54,707] {taskinstance.py:1159} INFO - Dependencies all met for <TaskInstance: tutorial-python-op.branch scheduled__2022-02-01T12:30:00+00:00 [queued]>
[2022-07-27 23:22:54,715] {taskinstance.py:1159} INFO - Dependencies all met for <TaskInstance: tutorial-python-op.branch scheduled__2022-02-01T12:30:00+00:00 [queued]>
[2022-07-27 23:22:54,715] {taskinstance.py:1356} INFO - 
--------------------------------------------------------------------------------
[2022-07-27 23:22:54,715] {taskinstance.py:1357} INFO - Starting attempt 1 of 2
[2022-07-27 23:22:54,715] {taskinstance.py:1358} INFO - 
--------------------------------------------------------------------------------
[2022-07-27 23:22:54,724] {taskinstance.py:1377} INFO - Executing <Task(BranchPythonOperator): branch> on 2022-02-01 12:30:00+00:00
[2022-07-27 23:22:54,730] {standard_task_runner.py:52} INFO - Started process 51551 to run task
[2022-07-27 23:22:54,734] {standard_task_runner.py:79} INFO - Running: ['airflow', 'tasks', 'run', 'tutorial-python-op', 'branch', 'scheduled__2022-02-01T12:30:00+00:00', '--job-id', '108', '--raw', '--subdir', 'DAGS_FOLDER/test5.py', '--cfg-path', '/var/folders/6v/f1q42tlx39bf4xb4nltqccj00000gn/T/tmpkbhy4lfv', '--error-file', '/var/folders/6v/f1q42tlx39bf4xb4nltqccj00000gn/T/tmp95s6242m']
[2022-07-27 23:22:54,735] {standard_task_runner.py:80} INFO - Job 108: Subtask branch
[2022-07-27 23:22:54,782] {task_command.py:369} INFO - Running <TaskInstance: tutorial-python-op.branch scheduled__2022-02-01T12:30:00+00:00 [running]> on host janghuisuui-MacBookAir.local
[2022-07-27 23:22:54,833] {taskinstance.py:1569} INFO - Exporting the following env vars:
AIRFLOW_CTX_DAG_EMAIL=your-email@g.com
AIRFLOW_CTX_DAG_OWNER=owner-name
AIRFLOW_CTX_DAG_ID=tutorial-python-op
AIRFLOW_CTX_TASK_ID=branch
AIRFLOW_CTX_EXECUTION_DATE=2022-02-01T12:30:00+00:00
AIRFLOW_CTX_TRY_NUMBER=1
AIRFLOW_CTX_DAG_RUN_ID=scheduled__2022-02-01T12:30:00+00:00
[2022-07-27 23:22:54,833] {python.py:173} INFO - Done. Returned value was: cal_a_id
[2022-07-27 23:22:54,834] {skipmixin.py:140} INFO - Following branch cal_a_id
[2022-07-27 23:22:54,834] {skipmixin.py:175} INFO - Skipping tasks ['cal_m_id']
[2022-07-27 23:22:54,878] {taskinstance.py:1395} INFO - Marking task as SUCCESS. dag_id=tutorial-python-op, task_id=branch, execution_date=20220201T123000, start_date=20220727T142254, end_date=20220727T142254
[2022-07-27 23:22:54,911] {local_task_job.py:156} INFO - Task exited with return code 0
[2022-07-27 23:22:54,953] {local_task_job.py:273} INFO - 1 downstream tasks scheduled from follow-on schedule check
