[2022-07-31 17:25:44,833] {taskinstance.py:1159} INFO - Dependencies all met for <TaskInstance: my_first_dag.sleep scheduled__2022-07-30T00:00:00+00:00 [queued]>
[2022-07-31 17:25:44,838] {taskinstance.py:1159} INFO - Dependencies all met for <TaskInstance: my_first_dag.sleep scheduled__2022-07-30T00:00:00+00:00 [queued]>
[2022-07-31 17:25:44,838] {taskinstance.py:1356} INFO - 
--------------------------------------------------------------------------------
[2022-07-31 17:25:44,838] {taskinstance.py:1357} INFO - Starting attempt 1 of 1
[2022-07-31 17:25:44,838] {taskinstance.py:1358} INFO - 
--------------------------------------------------------------------------------
[2022-07-31 17:25:44,846] {taskinstance.py:1377} INFO - Executing <Task(BashOperator): sleep> on 2022-07-30 00:00:00+00:00
[2022-07-31 17:25:44,853] {standard_task_runner.py:52} INFO - Started process 2027 to run task
[2022-07-31 17:25:44,858] {standard_task_runner.py:79} INFO - Running: ['airflow', 'tasks', 'run', 'my_first_dag', 'sleep', 'scheduled__2022-07-30T00:00:00+00:00', '--job-id', '224', '--raw', '--subdir', 'DAGS_FOLDER/test.py', '--cfg-path', '/var/folders/6v/f1q42tlx39bf4xb4nltqccj00000gn/T/tmp49p98eaw', '--error-file', '/var/folders/6v/f1q42tlx39bf4xb4nltqccj00000gn/T/tmp17mqmqo7']
[2022-07-31 17:25:44,859] {standard_task_runner.py:80} INFO - Job 224: Subtask sleep
[2022-07-31 17:25:44,907] {task_command.py:369} INFO - Running <TaskInstance: my_first_dag.sleep scheduled__2022-07-30T00:00:00+00:00 [running]> on host janghuisuui-macbookair.local
[2022-07-31 17:25:44,960] {taskinstance.py:1569} INFO - Exporting the following env vars:
AIRFLOW_CTX_DAG_OWNER=jovyan
AIRFLOW_CTX_DAG_ID=my_first_dag
AIRFLOW_CTX_TASK_ID=sleep
AIRFLOW_CTX_EXECUTION_DATE=2022-07-30T00:00:00+00:00
AIRFLOW_CTX_TRY_NUMBER=1
AIRFLOW_CTX_DAG_RUN_ID=scheduled__2022-07-30T00:00:00+00:00
[2022-07-31 17:25:44,960] {subprocess.py:62} INFO - Tmp dir root location: 
 /var/folders/6v/f1q42tlx39bf4xb4nltqccj00000gn/T
[2022-07-31 17:25:44,961] {subprocess.py:74} INFO - Running command: ['bash', '-c', 'sleep 3']
[2022-07-31 17:25:44,971] {subprocess.py:85} INFO - Output:
[2022-07-31 17:25:47,985] {subprocess.py:96} INFO - Command exited with return code 0
[2022-07-31 17:25:48,043] {taskinstance.py:1395} INFO - Marking task as SUCCESS. dag_id=my_first_dag, task_id=sleep, execution_date=20220730T000000, start_date=20220731T082544, end_date=20220731T082548
[2022-07-31 17:25:48,072] {local_task_job.py:156} INFO - Task exited with return code 0
[2022-07-31 17:25:48,131] {local_task_job.py:273} INFO - 1 downstream tasks scheduled from follow-on schedule check
