[2022-07-27 23:22:41,825] {taskinstance.py:1159} INFO - Dependencies all met for <TaskInstance: tutorial-python-op.complete_py manual__2022-07-27T14:18:16.417249+00:00 [queued]>
[2022-07-27 23:22:41,833] {taskinstance.py:1159} INFO - Dependencies all met for <TaskInstance: tutorial-python-op.complete_py manual__2022-07-27T14:18:16.417249+00:00 [queued]>
[2022-07-27 23:22:41,833] {taskinstance.py:1356} INFO - 
--------------------------------------------------------------------------------
[2022-07-27 23:22:41,833] {taskinstance.py:1357} INFO - Starting attempt 1 of 2
[2022-07-27 23:22:41,833] {taskinstance.py:1358} INFO - 
--------------------------------------------------------------------------------
[2022-07-27 23:22:41,843] {taskinstance.py:1377} INFO - Executing <Task(PythonOperator): complete_py> on 2022-07-27 14:18:16.417249+00:00
[2022-07-27 23:22:41,849] {standard_task_runner.py:52} INFO - Started process 51271 to run task
[2022-07-27 23:22:41,853] {standard_task_runner.py:79} INFO - Running: ['airflow', 'tasks', 'run', 'tutorial-python-op', 'complete_py', 'manual__2022-07-27T14:18:16.417249+00:00', '--job-id', '99', '--raw', '--subdir', 'DAGS_FOLDER/test5.py', '--cfg-path', '/var/folders/6v/f1q42tlx39bf4xb4nltqccj00000gn/T/tmpb1dsu_uf', '--error-file', '/var/folders/6v/f1q42tlx39bf4xb4nltqccj00000gn/T/tmprse9z73o']
[2022-07-27 23:22:41,854] {standard_task_runner.py:80} INFO - Job 99: Subtask complete_py
[2022-07-27 23:22:41,913] {task_command.py:369} INFO - Running <TaskInstance: tutorial-python-op.complete_py manual__2022-07-27T14:18:16.417249+00:00 [running]> on host janghuisuui-MacBookAir.local
[2022-07-27 23:22:41,974] {taskinstance.py:1569} INFO - Exporting the following env vars:
AIRFLOW_CTX_DAG_EMAIL=your-email@g.com
AIRFLOW_CTX_DAG_OWNER=owner-name
AIRFLOW_CTX_DAG_ID=tutorial-python-op
AIRFLOW_CTX_TASK_ID=complete_py
AIRFLOW_CTX_EXECUTION_DATE=2022-07-27T14:18:16.417249+00:00
AIRFLOW_CTX_TRY_NUMBER=1
AIRFLOW_CTX_DAG_RUN_ID=manual__2022-07-27T14:18:16.417249+00:00
[2022-07-27 23:22:41,975] {logging_mixin.py:115} INFO - ======== end ========
[2022-07-27 23:22:41,975] {python.py:173} INFO - Done. Returned value was: None
[2022-07-27 23:22:41,988] {taskinstance.py:1395} INFO - Marking task as SUCCESS. dag_id=tutorial-python-op, task_id=complete_py, execution_date=20220727T141816, start_date=20220727T142241, end_date=20220727T142241
[2022-07-27 23:22:42,031] {local_task_job.py:156} INFO - Task exited with return code 0
[2022-07-27 23:22:42,070] {local_task_job.py:273} INFO - 1 downstream tasks scheduled from follow-on schedule check
