[2022-07-24 23:17:36,576] {taskinstance.py:1159} INFO - Dependencies all met for <TaskInstance: my_python_dag.task_2 manual__2022-07-24T14:17:34.506687+00:00 [queued]>
[2022-07-24 23:17:36,582] {taskinstance.py:1159} INFO - Dependencies all met for <TaskInstance: my_python_dag.task_2 manual__2022-07-24T14:17:34.506687+00:00 [queued]>
[2022-07-24 23:17:36,582] {taskinstance.py:1356} INFO - 
--------------------------------------------------------------------------------
[2022-07-24 23:17:36,582] {taskinstance.py:1357} INFO - Starting attempt 1 of 1
[2022-07-24 23:17:36,582] {taskinstance.py:1358} INFO - 
--------------------------------------------------------------------------------
[2022-07-24 23:17:36,591] {taskinstance.py:1377} INFO - Executing <Task(PythonOperator): task_2> on 2022-07-24 14:17:34.506687+00:00
[2022-07-24 23:17:36,596] {standard_task_runner.py:52} INFO - Started process 98346 to run task
[2022-07-24 23:17:36,603] {standard_task_runner.py:79} INFO - Running: ['airflow', 'tasks', 'run', 'my_python_dag', 'task_2', 'manual__2022-07-24T14:17:34.506687+00:00', '--job-id', '33', '--raw', '--subdir', 'DAGS_FOLDER/test3.py', '--cfg-path', '/var/folders/6v/f1q42tlx39bf4xb4nltqccj00000gn/T/tmpwux822co', '--error-file', '/var/folders/6v/f1q42tlx39bf4xb4nltqccj00000gn/T/tmpq5crxlea']
[2022-07-24 23:17:36,604] {standard_task_runner.py:80} INFO - Job 33: Subtask task_2
[2022-07-24 23:17:36,659] {task_command.py:369} INFO - Running <TaskInstance: my_python_dag.task_2 manual__2022-07-24T14:17:34.506687+00:00 [running]> on host janghuisuui-MacBookAir.local
[2022-07-24 23:17:36,717] {taskinstance.py:1569} INFO - Exporting the following env vars:
AIRFLOW_CTX_DAG_OWNER=testJang
AIRFLOW_CTX_DAG_ID=my_python_dag
AIRFLOW_CTX_TASK_ID=task_2
AIRFLOW_CTX_EXECUTION_DATE=2022-07-24T14:17:34.506687+00:00
AIRFLOW_CTX_TRY_NUMBER=1
AIRFLOW_CTX_DAG_RUN_ID=manual__2022-07-24T14:17:34.506687+00:00
[2022-07-24 23:17:36,717] {logging_mixin.py:115} INFO - ====================================================================================================
[2022-07-24 23:17:36,718] {logging_mixin.py:115} INFO - fruit_name: banana
[2022-07-24 23:17:36,718] {logging_mixin.py:115} INFO - ====================================================================================================
[2022-07-24 23:17:36,718] {logging_mixin.py:115} INFO - {'conf': <airflow.configuration.AirflowConfigParser object at 0x7fea482e2b50>, 'dag': <DAG: my_python_dag>, 'dag_run': <DagRun my_python_dag @ 2022-07-24 14:17:34.506687+00:00: manual__2022-07-24T14:17:34.506687+00:00, externally triggered: True>, 'data_interval_end': DateTime(2022, 7, 24, 0, 0, 0, tzinfo=Timezone('UTC')), 'data_interval_start': DateTime(2022, 7, 23, 0, 0, 0, tzinfo=Timezone('UTC')), 'ds': '2022-07-24', 'ds_nodash': '20220724', 'execution_date': <Proxy at 0x7fea4897af80 with factory functools.partial(<function lazy_mapping_from_context.<locals>._deprecated_proxy_factory at 0x7fea38e30dc0>, 'execution_date', DateTime(2022, 7, 24, 14, 17, 34, 506687, tzinfo=Timezone('UTC')))>, 'inlets': [], 'logical_date': DateTime(2022, 7, 24, 14, 17, 34, 506687, tzinfo=Timezone('UTC')), 'macros': <module 'airflow.macros' from '/Users/jangheesu/opt/anaconda3/envs/airflow2.3.0/lib/python3.8/site-packages/airflow/macros/__init__.py'>, 'next_ds': <Proxy at 0x7fea38e75300 with factory functools.partial(<function lazy_mapping_from_context.<locals>._deprecated_proxy_factory at 0x7fea38e30dc0>, 'next_ds', '2022-07-24')>, 'next_ds_nodash': <Proxy at 0x7fea38ec7640 with factory functools.partial(<function lazy_mapping_from_context.<locals>._deprecated_proxy_factory at 0x7fea38e30dc0>, 'next_ds_nodash', '20220724')>, 'next_execution_date': <Proxy at 0x7fea38ec73c0 with factory functools.partial(<function lazy_mapping_from_context.<locals>._deprecated_proxy_factory at 0x7fea38e30dc0>, 'next_execution_date', DateTime(2022, 7, 24, 14, 17, 34, 506687, tzinfo=Timezone('UTC')))>, 'outlets': [], 'params': {}, 'prev_data_interval_start_success': DateTime(2022, 7, 23, 0, 0, 0, tzinfo=Timezone('UTC')), 'prev_data_interval_end_success': DateTime(2022, 7, 24, 0, 0, 0, tzinfo=Timezone('UTC')), 'prev_ds': <Proxy at 0x7fea38ec7040 with factory functools.partial(<function lazy_mapping_from_context.<locals>._deprecated_proxy_factory at 0x7fea38e30dc0>, 'prev_ds', '2022-07-24')>, 'prev_ds_nodash': <Proxy at 0x7fea38ec77c0 with factory functools.partial(<function lazy_mapping_from_context.<locals>._deprecated_proxy_factory at 0x7fea38e30dc0>, 'prev_ds_nodash', '20220724')>, 'prev_execution_date': <Proxy at 0x7fea38ec7800 with factory functools.partial(<function lazy_mapping_from_context.<locals>._deprecated_proxy_factory at 0x7fea38e30dc0>, 'prev_execution_date', DateTime(2022, 7, 24, 14, 17, 34, 506687, tzinfo=Timezone('UTC')))>, 'prev_execution_date_success': <Proxy at 0x7fea38ec7880 with factory functools.partial(<function lazy_mapping_from_context.<locals>._deprecated_proxy_factory at 0x7fea38e30dc0>, 'prev_execution_date_success', DateTime(2022, 7, 24, 14, 16, 52, 10280, tzinfo=Timezone('UTC')))>, 'prev_start_date_success': DateTime(2022, 7, 24, 14, 16, 52, 232163, tzinfo=Timezone('UTC')), 'run_id': 'manual__2022-07-24T14:17:34.506687+00:00', 'task': <Task(PythonOperator): task_2>, 'task_instance': <TaskInstance: my_python_dag.task_2 manual__2022-07-24T14:17:34.506687+00:00 [running]>, 'task_instance_key_str': 'my_python_dag__task_2__20220724', 'test_mode': False, 'ti': <TaskInstance: my_python_dag.task_2 manual__2022-07-24T14:17:34.506687+00:00 [running]>, 'tomorrow_ds': <Proxy at 0x7fea38ec7980 with factory functools.partial(<function lazy_mapping_from_context.<locals>._deprecated_proxy_factory at 0x7fea38e30dc0>, 'tomorrow_ds', '2022-07-25')>, 'tomorrow_ds_nodash': <Proxy at 0x7fea38ec79c0 with factory functools.partial(<function lazy_mapping_from_context.<locals>._deprecated_proxy_factory at 0x7fea38e30dc0>, 'tomorrow_ds_nodash', '20220725')>, 'ts': '2022-07-24T14:17:34.506687+00:00', 'ts_nodash': '20220724T141734', 'ts_nodash_with_tz': '20220724T141734.506687+0000', 'var': {'json': None, 'value': None}, 'conn': None, 'yesterday_ds': <Proxy at 0x7fea38ec7a40 with factory functools.partial(<function lazy_mapping_from_context.<locals>._deprecated_proxy_factory at 0x7fea38e30dc0>, 'yesterday_ds', '2022-07-23')>, 'yesterday_ds_nodash': <Proxy at 0x7fea38ec7a80 with factory functools.partial(<function lazy_mapping_from_context.<locals>._deprecated_proxy_factory at 0x7fea38e30dc0>, 'yesterday_ds_nodash', '20220723')>, 'templates_dict': None}
[2022-07-24 23:17:36,718] {logging_mixin.py:115} INFO - ====================================================================================================
[2022-07-24 23:17:36,718] {logging_mixin.py:115} INFO - ------ conf || <airflow.configuration.AirflowConfigParser object at 0x7fea482e2b50> -------
[2022-07-24 23:17:36,718] {logging_mixin.py:115} INFO - ------ dag || <DAG: my_python_dag> -------
[2022-07-24 23:17:36,718] {logging_mixin.py:115} INFO - ------ dag_run || <DagRun my_python_dag @ 2022-07-24 14:17:34.506687+00:00: manual__2022-07-24T14:17:34.506687+00:00, externally triggered: True> -------
[2022-07-24 23:17:36,719] {logging_mixin.py:115} INFO - ------ data_interval_end || 2022-07-24T00:00:00+00:00 -------
[2022-07-24 23:17:36,719] {logging_mixin.py:115} INFO - ------ data_interval_start || 2022-07-23T00:00:00+00:00 -------
[2022-07-24 23:17:36,719] {logging_mixin.py:115} INFO - ------ ds || 2022-07-24 -------
[2022-07-24 23:17:36,719] {logging_mixin.py:115} INFO - ------ ds_nodash || 20220724 -------
[2022-07-24 23:17:36,722] {logging_mixin.py:115} WARNING - /Users/jangheesu/opt/anaconda3/envs/airflow2.3.0/lib/python3.8/site-packages/airflow/utils/context.py:290 AirflowContextDeprecationWarning: Accessing 'execution_date' from the template is deprecated and will be removed in a future version. Please use 'data_interval_start' or 'logical_date' instead.
[2022-07-24 23:17:36,723] {logging_mixin.py:115} INFO - ------ execution_date || 2022-07-24T14:17:34.506687+00:00 -------
[2022-07-24 23:17:36,723] {logging_mixin.py:115} INFO - ------ inlets || [] -------
[2022-07-24 23:17:36,723] {logging_mixin.py:115} INFO - ------ logical_date || 2022-07-24T14:17:34.506687+00:00 -------
[2022-07-24 23:17:36,723] {logging_mixin.py:115} INFO - ------ macros || <module 'airflow.macros' from '/Users/jangheesu/opt/anaconda3/envs/airflow2.3.0/lib/python3.8/site-packages/airflow/macros/__init__.py'> -------
[2022-07-24 23:17:36,724] {logging_mixin.py:115} WARNING - /Users/jangheesu/opt/anaconda3/envs/airflow2.3.0/lib/python3.8/site-packages/airflow/utils/context.py:290 AirflowContextDeprecationWarning: Accessing 'next_ds' from the template is deprecated and will be removed in a future version. Please use '{{ data_interval_end | ds }}' instead.
[2022-07-24 23:17:36,724] {logging_mixin.py:115} INFO - ------ next_ds || 2022-07-24 -------
[2022-07-24 23:17:36,725] {logging_mixin.py:115} WARNING - /Users/jangheesu/opt/anaconda3/envs/airflow2.3.0/lib/python3.8/site-packages/airflow/utils/context.py:290 AirflowContextDeprecationWarning: Accessing 'next_ds_nodash' from the template is deprecated and will be removed in a future version. Please use '{{ data_interval_end | ds_nodash }}' instead.
[2022-07-24 23:17:36,725] {logging_mixin.py:115} INFO - ------ next_ds_nodash || 20220724 -------
[2022-07-24 23:17:36,726] {logging_mixin.py:115} WARNING - /Users/jangheesu/opt/anaconda3/envs/airflow2.3.0/lib/python3.8/site-packages/airflow/utils/context.py:290 AirflowContextDeprecationWarning: Accessing 'next_execution_date' from the template is deprecated and will be removed in a future version. Please use 'data_interval_end' instead.
[2022-07-24 23:17:36,726] {logging_mixin.py:115} INFO - ------ next_execution_date || 2022-07-24T14:17:34.506687+00:00 -------
[2022-07-24 23:17:36,726] {logging_mixin.py:115} INFO - ------ outlets || [] -------
[2022-07-24 23:17:36,726] {logging_mixin.py:115} INFO - ------ params || {} -------
[2022-07-24 23:17:36,726] {logging_mixin.py:115} INFO - ------ prev_data_interval_start_success || 2022-07-23T00:00:00+00:00 -------
[2022-07-24 23:17:36,726] {logging_mixin.py:115} INFO - ------ prev_data_interval_end_success || 2022-07-24T00:00:00+00:00 -------
[2022-07-24 23:17:36,727] {logging_mixin.py:115} WARNING - /Users/jangheesu/opt/anaconda3/envs/airflow2.3.0/lib/python3.8/site-packages/airflow/utils/context.py:290 AirflowContextDeprecationWarning: Accessing 'prev_ds' from the template is deprecated and will be removed in a future version.
[2022-07-24 23:17:36,727] {logging_mixin.py:115} INFO - ------ prev_ds || 2022-07-24 -------
[2022-07-24 23:17:36,727] {logging_mixin.py:115} WARNING - /Users/jangheesu/opt/anaconda3/envs/airflow2.3.0/lib/python3.8/site-packages/airflow/utils/context.py:290 AirflowContextDeprecationWarning: Accessing 'prev_ds_nodash' from the template is deprecated and will be removed in a future version.
[2022-07-24 23:17:36,727] {logging_mixin.py:115} INFO - ------ prev_ds_nodash || 20220724 -------
[2022-07-24 23:17:36,728] {logging_mixin.py:115} WARNING - /Users/jangheesu/opt/anaconda3/envs/airflow2.3.0/lib/python3.8/site-packages/airflow/utils/context.py:290 AirflowContextDeprecationWarning: Accessing 'prev_execution_date' from the template is deprecated and will be removed in a future version.
[2022-07-24 23:17:36,728] {logging_mixin.py:115} INFO - ------ prev_execution_date || 2022-07-24T14:17:34.506687+00:00 -------
[2022-07-24 23:17:36,728] {logging_mixin.py:115} WARNING - /Users/jangheesu/opt/anaconda3/envs/airflow2.3.0/lib/python3.8/site-packages/airflow/utils/context.py:290 AirflowContextDeprecationWarning: Accessing 'prev_execution_date_success' from the template is deprecated and will be removed in a future version. Please use 'prev_data_interval_start_success' instead.
[2022-07-24 23:17:36,729] {logging_mixin.py:115} INFO - ------ prev_execution_date_success || 2022-07-24T14:16:52.010280+00:00 -------
[2022-07-24 23:17:36,729] {logging_mixin.py:115} INFO - ------ prev_start_date_success || 2022-07-24T14:16:52.232163+00:00 -------
[2022-07-24 23:17:36,729] {logging_mixin.py:115} INFO - ------ run_id || manual__2022-07-24T14:17:34.506687+00:00 -------
[2022-07-24 23:17:36,729] {logging_mixin.py:115} INFO - ------ task || <Task(PythonOperator): task_2> -------
[2022-07-24 23:17:36,729] {logging_mixin.py:115} INFO - ------ task_instance || <TaskInstance: my_python_dag.task_2 manual__2022-07-24T14:17:34.506687+00:00 [running]> -------
[2022-07-24 23:17:36,729] {logging_mixin.py:115} INFO - ------ task_instance_key_str || my_python_dag__task_2__20220724 -------
[2022-07-24 23:17:36,729] {logging_mixin.py:115} INFO - ------ test_mode || False -------
[2022-07-24 23:17:36,729] {logging_mixin.py:115} INFO - ------ ti || <TaskInstance: my_python_dag.task_2 manual__2022-07-24T14:17:34.506687+00:00 [running]> -------
[2022-07-24 23:17:36,730] {logging_mixin.py:115} WARNING - /Users/jangheesu/opt/anaconda3/envs/airflow2.3.0/lib/python3.8/site-packages/airflow/utils/context.py:290 AirflowContextDeprecationWarning: Accessing 'tomorrow_ds' from the template is deprecated and will be removed in a future version.
[2022-07-24 23:17:36,730] {logging_mixin.py:115} INFO - ------ tomorrow_ds || 2022-07-25 -------
[2022-07-24 23:17:36,730] {logging_mixin.py:115} WARNING - /Users/jangheesu/opt/anaconda3/envs/airflow2.3.0/lib/python3.8/site-packages/airflow/utils/context.py:290 AirflowContextDeprecationWarning: Accessing 'tomorrow_ds_nodash' from the template is deprecated and will be removed in a future version.
[2022-07-24 23:17:36,730] {logging_mixin.py:115} INFO - ------ tomorrow_ds_nodash || 20220725 -------
[2022-07-24 23:17:36,731] {logging_mixin.py:115} INFO - ------ ts || 2022-07-24T14:17:34.506687+00:00 -------
[2022-07-24 23:17:36,731] {logging_mixin.py:115} INFO - ------ ts_nodash || 20220724T141734 -------
[2022-07-24 23:17:36,731] {logging_mixin.py:115} INFO - ------ ts_nodash_with_tz || 20220724T141734.506687+0000 -------
[2022-07-24 23:17:36,731] {logging_mixin.py:115} INFO - ------ var || {'json': None, 'value': None} -------
[2022-07-24 23:17:36,731] {logging_mixin.py:115} INFO - ------ conn || None -------
[2022-07-24 23:17:36,731] {logging_mixin.py:115} WARNING - /Users/jangheesu/opt/anaconda3/envs/airflow2.3.0/lib/python3.8/site-packages/airflow/utils/context.py:290 AirflowContextDeprecationWarning: Accessing 'yesterday_ds' from the template is deprecated and will be removed in a future version.
[2022-07-24 23:17:36,732] {logging_mixin.py:115} INFO - ------ yesterday_ds || 2022-07-23 -------
[2022-07-24 23:17:36,732] {logging_mixin.py:115} WARNING - /Users/jangheesu/opt/anaconda3/envs/airflow2.3.0/lib/python3.8/site-packages/airflow/utils/context.py:290 AirflowContextDeprecationWarning: Accessing 'yesterday_ds_nodash' from the template is deprecated and will be removed in a future version.
[2022-07-24 23:17:36,732] {logging_mixin.py:115} INFO - ------ yesterday_ds_nodash || 20220723 -------
[2022-07-24 23:17:36,732] {logging_mixin.py:115} INFO - ------ templates_dict || None -------
[2022-07-24 23:17:36,732] {logging_mixin.py:115} INFO - ====================================================================================================
[2022-07-24 23:17:36,732] {python.py:173} INFO - Done. Returned value was: ptrin complete ~ !!
[2022-07-24 23:17:36,757] {taskinstance.py:1395} INFO - Marking task as SUCCESS. dag_id=my_python_dag, task_id=task_2, execution_date=20220724T141734, start_date=20220724T141736, end_date=20220724T141736
[2022-07-24 23:17:36,778] {local_task_job.py:156} INFO - Task exited with return code 0
[2022-07-24 23:17:36,815] {local_task_job.py:273} INFO - 0 downstream tasks scheduled from follow-on schedule check
