[2022-07-27 23:18:17,871] {taskinstance.py:1159} INFO - Dependencies all met for <TaskInstance: tutorial-python-op.start scheduled__2022-02-01T02:30:00+00:00 [queued]>
[2022-07-27 23:18:17,892] {taskinstance.py:1159} INFO - Dependencies all met for <TaskInstance: tutorial-python-op.start scheduled__2022-02-01T02:30:00+00:00 [queued]>
[2022-07-27 23:18:17,893] {taskinstance.py:1356} INFO - 
--------------------------------------------------------------------------------
[2022-07-27 23:18:17,893] {taskinstance.py:1357} INFO - Starting attempt 1 of 2
[2022-07-27 23:18:17,893] {taskinstance.py:1358} INFO - 
--------------------------------------------------------------------------------
[2022-07-27 23:18:17,930] {taskinstance.py:1377} INFO - Executing <Task(BashOperator): start> on 2022-02-01 02:30:00+00:00
[2022-07-27 23:18:17,938] {standard_task_runner.py:52} INFO - Started process 48211 to run task
[2022-07-27 23:18:17,946] {standard_task_runner.py:79} INFO - Running: ['airflow', 'tasks', 'run', 'tutorial-python-op', 'start', 'scheduled__2022-02-01T02:30:00+00:00', '--job-id', '68', '--raw', '--subdir', 'DAGS_FOLDER/test5.py', '--cfg-path', '/var/folders/6v/f1q42tlx39bf4xb4nltqccj00000gn/T/tmpdwwgz4ck', '--error-file', '/var/folders/6v/f1q42tlx39bf4xb4nltqccj00000gn/T/tmpt0k7vfa9']
[2022-07-27 23:18:17,947] {standard_task_runner.py:80} INFO - Job 68: Subtask start
[2022-07-27 23:18:18,144] {task_command.py:369} INFO - Running <TaskInstance: tutorial-python-op.start scheduled__2022-02-01T02:30:00+00:00 [running]> on host janghuisuui-MacBookAir.local
[2022-07-27 23:18:18,243] {taskinstance.py:1569} INFO - Exporting the following env vars:
AIRFLOW_CTX_DAG_EMAIL=your-email@g.com
AIRFLOW_CTX_DAG_OWNER=owner-name
AIRFLOW_CTX_DAG_ID=tutorial-python-op
AIRFLOW_CTX_TASK_ID=start
AIRFLOW_CTX_EXECUTION_DATE=2022-02-01T02:30:00+00:00
AIRFLOW_CTX_TRY_NUMBER=1
AIRFLOW_CTX_DAG_RUN_ID=scheduled__2022-02-01T02:30:00+00:00
[2022-07-27 23:18:18,245] {subprocess.py:62} INFO - Tmp dir root location: 
 /var/folders/6v/f1q42tlx39bf4xb4nltqccj00000gn/T
[2022-07-27 23:18:18,246] {subprocess.py:74} INFO - Running command: ['bash', '-c', 'echo "start!!!!!"']
[2022-07-27 23:18:18,275] {subprocess.py:85} INFO - Output:
[2022-07-27 23:18:18,286] {subprocess.py:92} INFO - start!!!!!
[2022-07-27 23:18:18,287] {subprocess.py:96} INFO - Command exited with return code 0
[2022-07-27 23:18:18,537] {taskinstance.py:1395} INFO - Marking task as SUCCESS. dag_id=tutorial-python-op, task_id=start, execution_date=20220201T023000, start_date=20220727T141817, end_date=20220727T141818
[2022-07-27 23:18:18,584] {local_task_job.py:156} INFO - Task exited with return code 0
[2022-07-27 23:18:18,695] {local_task_job.py:273} INFO - 1 downstream tasks scheduled from follow-on schedule check
