[2022-07-24 23:13:25,855] {taskinstance.py:1159} INFO - Dependencies all met for <TaskInstance: my_python_dag.task_3 manual__2022-07-24T14:13:23.445313+00:00 [queued]>
[2022-07-24 23:13:25,863] {taskinstance.py:1159} INFO - Dependencies all met for <TaskInstance: my_python_dag.task_3 manual__2022-07-24T14:13:23.445313+00:00 [queued]>
[2022-07-24 23:13:25,863] {taskinstance.py:1356} INFO - 
--------------------------------------------------------------------------------
[2022-07-24 23:13:25,863] {taskinstance.py:1357} INFO - Starting attempt 1 of 1
[2022-07-24 23:13:25,863] {taskinstance.py:1358} INFO - 
--------------------------------------------------------------------------------
[2022-07-24 23:13:25,870] {taskinstance.py:1377} INFO - Executing <Task(PythonOperator): task_3> on 2022-07-24 14:13:23.445313+00:00
[2022-07-24 23:13:25,877] {standard_task_runner.py:52} INFO - Started process 95563 to run task
[2022-07-24 23:13:25,882] {standard_task_runner.py:79} INFO - Running: ['airflow', 'tasks', 'run', 'my_python_dag', 'task_3', 'manual__2022-07-24T14:13:23.445313+00:00', '--job-id', '18', '--raw', '--subdir', 'DAGS_FOLDER/test3.py', '--cfg-path', '/var/folders/6v/f1q42tlx39bf4xb4nltqccj00000gn/T/tmpi0_m1v44', '--error-file', '/var/folders/6v/f1q42tlx39bf4xb4nltqccj00000gn/T/tmp83rexvep']
[2022-07-24 23:13:25,885] {standard_task_runner.py:80} INFO - Job 18: Subtask task_3
[2022-07-24 23:13:25,959] {task_command.py:369} INFO - Running <TaskInstance: my_python_dag.task_3 manual__2022-07-24T14:13:23.445313+00:00 [running]> on host janghuisuui-MacBookAir.local
[2022-07-24 23:13:26,014] {taskinstance.py:1569} INFO - Exporting the following env vars:
AIRFLOW_CTX_DAG_OWNER=jovyan
AIRFLOW_CTX_DAG_ID=my_python_dag
AIRFLOW_CTX_TASK_ID=task_3
AIRFLOW_CTX_EXECUTION_DATE=2022-07-24T14:13:23.445313+00:00
AIRFLOW_CTX_TRY_NUMBER=1
AIRFLOW_CTX_DAG_RUN_ID=manual__2022-07-24T14:13:23.445313+00:00
[2022-07-24 23:13:26,014] {logging_mixin.py:115} INFO - ============================================================
[2022-07-24 23:13:26,014] {logging_mixin.py:115} INFO - seconds:10
[2022-07-24 23:13:26,015] {logging_mixin.py:115} INFO - ============================================================
[2022-07-24 23:13:26,019] {logging_mixin.py:115} WARNING - /Users/jangheesu/opt/anaconda3/envs/airflow2.3.0/lib/python3.8/site-packages/airflow/utils/context.py:290 AirflowContextDeprecationWarning: Accessing 'execution_date' from the template is deprecated and will be removed in a future version. Please use 'data_interval_start' or 'logical_date' instead.
[2022-07-24 23:13:26,020] {logging_mixin.py:115} WARNING - /Users/jangheesu/opt/anaconda3/envs/airflow2.3.0/lib/python3.8/site-packages/airflow/utils/context.py:290 AirflowContextDeprecationWarning: Accessing 'next_ds' from the template is deprecated and will be removed in a future version. Please use '{{ data_interval_end | ds }}' instead.
[2022-07-24 23:13:26,020] {logging_mixin.py:115} WARNING - /Users/jangheesu/opt/anaconda3/envs/airflow2.3.0/lib/python3.8/site-packages/airflow/utils/context.py:290 AirflowContextDeprecationWarning: Accessing 'next_ds_nodash' from the template is deprecated and will be removed in a future version. Please use '{{ data_interval_end | ds_nodash }}' instead.
[2022-07-24 23:13:26,021] {logging_mixin.py:115} WARNING - /Users/jangheesu/opt/anaconda3/envs/airflow2.3.0/lib/python3.8/site-packages/airflow/utils/context.py:290 AirflowContextDeprecationWarning: Accessing 'next_execution_date' from the template is deprecated and will be removed in a future version. Please use 'data_interval_end' instead.
[2022-07-24 23:13:26,022] {logging_mixin.py:115} WARNING - /Users/jangheesu/opt/anaconda3/envs/airflow2.3.0/lib/python3.8/site-packages/airflow/utils/context.py:290 AirflowContextDeprecationWarning: Accessing 'prev_ds' from the template is deprecated and will be removed in a future version.
[2022-07-24 23:13:26,022] {logging_mixin.py:115} WARNING - /Users/jangheesu/opt/anaconda3/envs/airflow2.3.0/lib/python3.8/site-packages/airflow/utils/context.py:290 AirflowContextDeprecationWarning: Accessing 'prev_ds_nodash' from the template is deprecated and will be removed in a future version.
[2022-07-24 23:13:26,023] {logging_mixin.py:115} WARNING - /Users/jangheesu/opt/anaconda3/envs/airflow2.3.0/lib/python3.8/site-packages/airflow/utils/context.py:290 AirflowContextDeprecationWarning: Accessing 'prev_execution_date' from the template is deprecated and will be removed in a future version.
[2022-07-24 23:13:26,024] {logging_mixin.py:115} WARNING - /Users/jangheesu/opt/anaconda3/envs/airflow2.3.0/lib/python3.8/site-packages/airflow/utils/context.py:290 AirflowContextDeprecationWarning: Accessing 'prev_execution_date_success' from the template is deprecated and will be removed in a future version. Please use 'prev_data_interval_start_success' instead.
[2022-07-24 23:13:26,024] {logging_mixin.py:115} WARNING - /Users/jangheesu/opt/anaconda3/envs/airflow2.3.0/lib/python3.8/site-packages/airflow/utils/context.py:290 AirflowContextDeprecationWarning: Accessing 'tomorrow_ds' from the template is deprecated and will be removed in a future version.
[2022-07-24 23:13:26,025] {logging_mixin.py:115} WARNING - /Users/jangheesu/opt/anaconda3/envs/airflow2.3.0/lib/python3.8/site-packages/airflow/utils/context.py:290 AirflowContextDeprecationWarning: Accessing 'tomorrow_ds_nodash' from the template is deprecated and will be removed in a future version.
[2022-07-24 23:13:26,025] {logging_mixin.py:115} WARNING - /Users/jangheesu/opt/anaconda3/envs/airflow2.3.0/lib/python3.8/site-packages/airflow/utils/context.py:290 AirflowContextDeprecationWarning: Accessing 'yesterday_ds' from the template is deprecated and will be removed in a future version.
[2022-07-24 23:13:26,026] {logging_mixin.py:115} WARNING - /Users/jangheesu/opt/anaconda3/envs/airflow2.3.0/lib/python3.8/site-packages/airflow/utils/context.py:290 AirflowContextDeprecationWarning: Accessing 'yesterday_ds_nodash' from the template is deprecated and will be removed in a future version.
[2022-07-24 23:13:26,026] {logging_mixin.py:115} INFO - {'conf': <airflow.configuration.AirflowConfigParser object at 0x7fa7a03eab50>,
 'conn': None,
 'dag': <DAG: my_python_dag>,
 'dag_run': <DagRun my_python_dag @ 2022-07-24 14:13:23.445313+00:00: manual__2022-07-24T14:13:23.445313+00:00, externally triggered: True>,
 'data_interval_end': DateTime(2022, 7, 24, 0, 0, 0, tzinfo=Timezone('UTC')),
 'data_interval_start': DateTime(2022, 7, 23, 0, 0, 0, tzinfo=Timezone('UTC')),
 'ds': '2022-07-24',
 'ds_nodash': '20220724',
 'execution_date': <Proxy at 0x7fa770936040 with factory functools.partial(<function lazy_mapping_from_context.<locals>._deprecated_proxy_factory at 0x7fa7d08a8af0>, 'execution_date', DateTime(2022, 7, 24, 14, 13, 23, 445313, tzinfo=Timezone('UTC')))>,
 'inlets': [],
 'logical_date': DateTime(2022, 7, 24, 14, 13, 23, 445313, tzinfo=Timezone('UTC')),
 'macros': <module 'airflow.macros' from '/Users/jangheesu/opt/anaconda3/envs/airflow2.3.0/lib/python3.8/site-packages/airflow/macros/__init__.py'>,
 'next_ds': <Proxy at 0x7fa7d08cb580 with factory functools.partial(<function lazy_mapping_from_context.<locals>._deprecated_proxy_factory at 0x7fa7d08a8af0>, 'next_ds', '2022-07-24')>,
 'next_ds_nodash': <Proxy at 0x7fa79076b7c0 with factory functools.partial(<function lazy_mapping_from_context.<locals>._deprecated_proxy_factory at 0x7fa7d08a8af0>, 'next_ds_nodash', '20220724')>,
 'next_execution_date': <Proxy at 0x7fa79076b480 with factory functools.partial(<function lazy_mapping_from_context.<locals>._deprecated_proxy_factory at 0x7fa7d08a8af0>, 'next_execution_date', DateTime(2022, 7, 24, 14, 13, 23, 445313, tzinfo=Timezone('UTC')))>,
 'outlets': [],
 'params': {},
 'prev_data_interval_end_success': None,
 'prev_data_interval_start_success': None,
 'prev_ds': <Proxy at 0x7fa79076b800 with factory functools.partial(<function lazy_mapping_from_context.<locals>._deprecated_proxy_factory at 0x7fa7d08a8af0>, 'prev_ds', '2022-07-24')>,
 'prev_ds_nodash': <Proxy at 0x7fa79076b200 with factory functools.partial(<function lazy_mapping_from_context.<locals>._deprecated_proxy_factory at 0x7fa7d08a8af0>, 'prev_ds_nodash', '20220724')>,
 'prev_execution_date': <Proxy at 0x7fa79076b840 with factory functools.partial(<function lazy_mapping_from_context.<locals>._deprecated_proxy_factory at 0x7fa7d08a8af0>, 'prev_execution_date', DateTime(2022, 7, 24, 14, 13, 23, 445313, tzinfo=Timezone('UTC')))>,
 'prev_execution_date_success': <Proxy at 0x7fa79076b880 with factory functools.partial(<function lazy_mapping_from_context.<locals>._deprecated_proxy_factory at 0x7fa7d08a8af0>, 'prev_execution_date_success', None)>,
 'prev_start_date_success': None,
 'run_id': 'manual__2022-07-24T14:13:23.445313+00:00',
 'task': <Task(PythonOperator): task_3>,
 'task_instance': <TaskInstance: my_python_dag.task_3 manual__2022-07-24T14:13:23.445313+00:00 [running]>,
 'task_instance_key_str': 'my_python_dag__task_3__20220724',
 'templates_dict': None,
 'test_mode': False,
 'ti': <TaskInstance: my_python_dag.task_3 manual__2022-07-24T14:13:23.445313+00:00 [running]>,
 'tomorrow_ds': <Proxy at 0x7fa79076b8c0 with factory functools.partial(<function lazy_mapping_from_context.<locals>._deprecated_proxy_factory at 0x7fa7d08a8af0>, 'tomorrow_ds', '2022-07-25')>,
 'tomorrow_ds_nodash': <Proxy at 0x7fa79076b940 with factory functools.partial(<function lazy_mapping_from_context.<locals>._deprecated_proxy_factory at 0x7fa7d08a8af0>, 'tomorrow_ds_nodash', '20220725')>,
 'ts': '2022-07-24T14:13:23.445313+00:00',
 'ts_nodash': '20220724T141323',
 'ts_nodash_with_tz': '20220724T141323.445313+0000',
 'var': {'json': None, 'value': None},
 'yesterday_ds': <Proxy at 0x7fa79076ba40 with factory functools.partial(<function lazy_mapping_from_context.<locals>._deprecated_proxy_factory at 0x7fa7d08a8af0>, 'yesterday_ds', '2022-07-23')>,
 'yesterday_ds_nodash': <Proxy at 0x7fa79076ba80 with factory functools.partial(<function lazy_mapping_from_context.<locals>._deprecated_proxy_factory at 0x7fa7d08a8af0>, 'yesterday_ds_nodash', '20220723')>}
[2022-07-24 23:13:26,026] {logging_mixin.py:115} INFO - ============================================================
[2022-07-24 23:13:26,026] {logging_mixin.py:115} INFO - sleeping...
[2022-07-24 23:13:36,027] {python.py:173} INFO - Done. Returned value was: sleep well!!!
[2022-07-24 23:13:36,052] {taskinstance.py:1395} INFO - Marking task as SUCCESS. dag_id=my_python_dag, task_id=task_3, execution_date=20220724T141323, start_date=20220724T141325, end_date=20220724T141336
[2022-07-24 23:13:36,089] {local_task_job.py:156} INFO - Task exited with return code 0
[2022-07-24 23:13:36,117] {local_task_job.py:273} INFO - 1 downstream tasks scheduled from follow-on schedule check
