[2022-07-27 23:23:16,617] {taskinstance.py:1159} INFO - Dependencies all met for <TaskInstance: tutorial-python-op.complete_py scheduled__2022-02-01T14:10:00+00:00 [queued]>
[2022-07-27 23:23:16,625] {taskinstance.py:1159} INFO - Dependencies all met for <TaskInstance: tutorial-python-op.complete_py scheduled__2022-02-01T14:10:00+00:00 [queued]>
[2022-07-27 23:23:16,625] {taskinstance.py:1356} INFO - 
--------------------------------------------------------------------------------
[2022-07-27 23:23:16,625] {taskinstance.py:1357} INFO - Starting attempt 1 of 2
[2022-07-27 23:23:16,625] {taskinstance.py:1358} INFO - 
--------------------------------------------------------------------------------
[2022-07-27 23:23:16,634] {taskinstance.py:1377} INFO - Executing <Task(PythonOperator): complete_py> on 2022-02-01 14:10:00+00:00
[2022-07-27 23:23:16,639] {standard_task_runner.py:52} INFO - Started process 52021 to run task
[2022-07-27 23:23:16,644] {standard_task_runner.py:79} INFO - Running: ['airflow', 'tasks', 'run', 'tutorial-python-op', 'complete_py', 'scheduled__2022-02-01T14:10:00+00:00', '--job-id', '123', '--raw', '--subdir', 'DAGS_FOLDER/test5.py', '--cfg-path', '/var/folders/6v/f1q42tlx39bf4xb4nltqccj00000gn/T/tmpkkwz55_t', '--error-file', '/var/folders/6v/f1q42tlx39bf4xb4nltqccj00000gn/T/tmp1t6cuhhe']
[2022-07-27 23:23:16,645] {standard_task_runner.py:80} INFO - Job 123: Subtask complete_py
[2022-07-27 23:23:16,695] {task_command.py:369} INFO - Running <TaskInstance: tutorial-python-op.complete_py scheduled__2022-02-01T14:10:00+00:00 [running]> on host janghuisuui-MacBookAir.local
[2022-07-27 23:23:16,751] {taskinstance.py:1569} INFO - Exporting the following env vars:
AIRFLOW_CTX_DAG_EMAIL=your-email@g.com
AIRFLOW_CTX_DAG_OWNER=owner-name
AIRFLOW_CTX_DAG_ID=tutorial-python-op
AIRFLOW_CTX_TASK_ID=complete_py
AIRFLOW_CTX_EXECUTION_DATE=2022-02-01T14:10:00+00:00
AIRFLOW_CTX_TRY_NUMBER=1
AIRFLOW_CTX_DAG_RUN_ID=scheduled__2022-02-01T14:10:00+00:00
[2022-07-27 23:23:16,752] {logging_mixin.py:115} INFO - ======== end ========
[2022-07-27 23:23:16,752] {python.py:173} INFO - Done. Returned value was: None
[2022-07-27 23:23:16,763] {taskinstance.py:1395} INFO - Marking task as SUCCESS. dag_id=tutorial-python-op, task_id=complete_py, execution_date=20220201T141000, start_date=20220727T142316, end_date=20220727T142316
[2022-07-27 23:23:16,780] {local_task_job.py:156} INFO - Task exited with return code 0
[2022-07-27 23:23:16,812] {local_task_job.py:273} INFO - 1 downstream tasks scheduled from follow-on schedule check
