[2022-07-30 14:51:57,908] {taskinstance.py:1159} INFO - Dependencies all met for <TaskInstance: my_python_dag.task_4 scheduled__2022-07-27T00:00:00+00:00 [queued]>
[2022-07-30 14:51:57,914] {taskinstance.py:1159} INFO - Dependencies all met for <TaskInstance: my_python_dag.task_4 scheduled__2022-07-27T00:00:00+00:00 [queued]>
[2022-07-30 14:51:57,914] {taskinstance.py:1356} INFO - 
--------------------------------------------------------------------------------
[2022-07-30 14:51:57,914] {taskinstance.py:1357} INFO - Starting attempt 1 of 1
[2022-07-30 14:51:57,914] {taskinstance.py:1358} INFO - 
--------------------------------------------------------------------------------
[2022-07-30 14:51:57,922] {taskinstance.py:1377} INFO - Executing <Task(PythonOperator): task_4> on 2022-07-27 00:00:00+00:00
[2022-07-30 14:51:57,931] {standard_task_runner.py:52} INFO - Started process 59686 to run task
[2022-07-30 14:51:57,936] {standard_task_runner.py:79} INFO - Running: ['airflow', 'tasks', 'run', 'my_python_dag', 'task_4', 'scheduled__2022-07-27T00:00:00+00:00', '--job-id', '190', '--raw', '--subdir', 'DAGS_FOLDER/test3.py', '--cfg-path', '/var/folders/6v/f1q42tlx39bf4xb4nltqccj00000gn/T/tmpv2ugd8mp', '--error-file', '/var/folders/6v/f1q42tlx39bf4xb4nltqccj00000gn/T/tmpn2wouhz0']
[2022-07-30 14:51:57,937] {standard_task_runner.py:80} INFO - Job 190: Subtask task_4
[2022-07-30 14:51:57,990] {task_command.py:369} INFO - Running <TaskInstance: my_python_dag.task_4 scheduled__2022-07-27T00:00:00+00:00 [running]> on host janghuisuui-MacBookAir.local
[2022-07-30 14:51:58,045] {taskinstance.py:1569} INFO - Exporting the following env vars:
AIRFLOW_CTX_DAG_OWNER=testJang
AIRFLOW_CTX_DAG_ID=my_python_dag
AIRFLOW_CTX_TASK_ID=task_4
AIRFLOW_CTX_EXECUTION_DATE=2022-07-27T00:00:00+00:00
AIRFLOW_CTX_TRY_NUMBER=1
AIRFLOW_CTX_DAG_RUN_ID=scheduled__2022-07-27T00:00:00+00:00
[2022-07-30 14:51:58,046] {logging_mixin.py:115} INFO - ====================================================================================================
[2022-07-30 14:51:58,046] {logging_mixin.py:115} INFO - fruit_name111: cherry
[2022-07-30 14:51:58,046] {logging_mixin.py:115} INFO - ====================================================================================================
[2022-07-30 14:51:58,046] {logging_mixin.py:115} INFO - {'conf': <airflow.configuration.AirflowConfigParser object at 0x7f79380b2b50>, 'dag': <DAG: my_python_dag>, 'dag_run': <DagRun my_python_dag @ 2022-07-27 00:00:00+00:00: scheduled__2022-07-27T00:00:00+00:00, externally triggered: False>, 'data_interval_end': DateTime(2022, 7, 28, 0, 0, 0, tzinfo=Timezone('UTC')), 'data_interval_start': DateTime(2022, 7, 27, 0, 0, 0, tzinfo=Timezone('UTC')), 'ds': '2022-07-27', 'ds_nodash': '20220727', 'execution_date': <Proxy at 0x7f7948acd7c0 with factory functools.partial(<function lazy_mapping_from_context.<locals>._deprecated_proxy_factory at 0x7f7958870dc0>, 'execution_date', DateTime(2022, 7, 27, 0, 0, 0, tzinfo=Timezone('UTC')))>, 'inlets': [], 'logical_date': DateTime(2022, 7, 27, 0, 0, 0, tzinfo=Timezone('UTC')), 'macros': <module 'airflow.macros' from '/Users/jangheesu/opt/anaconda3/envs/airflow2.3.0/lib/python3.8/site-packages/airflow/macros/__init__.py'>, 'next_ds': <Proxy at 0x7f79888bd5c0 with factory functools.partial(<function lazy_mapping_from_context.<locals>._deprecated_proxy_factory at 0x7f7958870dc0>, 'next_ds', '2022-07-28')>, 'next_ds_nodash': <Proxy at 0x7f7948ad4a40 with factory functools.partial(<function lazy_mapping_from_context.<locals>._deprecated_proxy_factory at 0x7f7958870dc0>, 'next_ds_nodash', '20220728')>, 'next_execution_date': <Proxy at 0x7f7948ad4600 with factory functools.partial(<function lazy_mapping_from_context.<locals>._deprecated_proxy_factory at 0x7f7958870dc0>, 'next_execution_date', DateTime(2022, 7, 28, 0, 0, 0, tzinfo=Timezone('UTC')))>, 'outlets': [], 'params': {}, 'prev_data_interval_start_success': DateTime(2022, 7, 26, 0, 0, 0, tzinfo=Timezone('UTC')), 'prev_data_interval_end_success': DateTime(2022, 7, 27, 0, 0, 0, tzinfo=Timezone('UTC')), 'prev_ds': <Proxy at 0x7f7948ad4400 with factory functools.partial(<function lazy_mapping_from_context.<locals>._deprecated_proxy_factory at 0x7f7958870dc0>, 'prev_ds', '2022-07-26')>, 'prev_ds_nodash': <Proxy at 0x7f7948ad4e40 with factory functools.partial(<function lazy_mapping_from_context.<locals>._deprecated_proxy_factory at 0x7f7958870dc0>, 'prev_ds_nodash', '20220726')>, 'prev_execution_date': <Proxy at 0x7f7948ad4880 with factory functools.partial(<function lazy_mapping_from_context.<locals>._deprecated_proxy_factory at 0x7f7958870dc0>, 'prev_execution_date', DateTime(2022, 7, 26, 0, 0, 0, tzinfo=Timezone('UTC')))>, 'prev_execution_date_success': <Proxy at 0x7f7948ad4e80 with factory functools.partial(<function lazy_mapping_from_context.<locals>._deprecated_proxy_factory at 0x7f7958870dc0>, 'prev_execution_date_success', DateTime(2022, 7, 26, 0, 0, 0, tzinfo=Timezone('UTC')))>, 'prev_start_date_success': DateTime(2022, 7, 27, 12, 39, 35, 50163, tzinfo=Timezone('UTC')), 'run_id': 'scheduled__2022-07-27T00:00:00+00:00', 'task': <Task(PythonOperator): task_4>, 'task_instance': <TaskInstance: my_python_dag.task_4 scheduled__2022-07-27T00:00:00+00:00 [running]>, 'task_instance_key_str': 'my_python_dag__task_4__20220727', 'test_mode': False, 'ti': <TaskInstance: my_python_dag.task_4 scheduled__2022-07-27T00:00:00+00:00 [running]>, 'tomorrow_ds': <Proxy at 0x7f7948ad4ec0 with factory functools.partial(<function lazy_mapping_from_context.<locals>._deprecated_proxy_factory at 0x7f7958870dc0>, 'tomorrow_ds', '2022-07-28')>, 'tomorrow_ds_nodash': <Proxy at 0x7f7948ad4f00 with factory functools.partial(<function lazy_mapping_from_context.<locals>._deprecated_proxy_factory at 0x7f7958870dc0>, 'tomorrow_ds_nodash', '20220728')>, 'ts': '2022-07-27T00:00:00+00:00', 'ts_nodash': '20220727T000000', 'ts_nodash_with_tz': '20220727T000000+0000', 'var': {'json': None, 'value': None}, 'conn': None, 'yesterday_ds': <Proxy at 0x7f7948ad4f80 with factory functools.partial(<function lazy_mapping_from_context.<locals>._deprecated_proxy_factory at 0x7f7958870dc0>, 'yesterday_ds', '2022-07-26')>, 'yesterday_ds_nodash': <Proxy at 0x7f7948ad4700 with factory functools.partial(<function lazy_mapping_from_context.<locals>._deprecated_proxy_factory at 0x7f7958870dc0>, 'yesterday_ds_nodash', '20220726')>, 'templates_dict': None}
[2022-07-30 14:51:58,047] {logging_mixin.py:115} INFO - ====================================================================================================
[2022-07-30 14:51:58,047] {logging_mixin.py:115} INFO - ------ conf || <airflow.configuration.AirflowConfigParser object at 0x7f79380b2b50> -------
[2022-07-30 14:51:58,047] {logging_mixin.py:115} INFO - ------ dag || <DAG: my_python_dag> -------
[2022-07-30 14:51:58,047] {logging_mixin.py:115} INFO - ------ dag_run || <DagRun my_python_dag @ 2022-07-27 00:00:00+00:00: scheduled__2022-07-27T00:00:00+00:00, externally triggered: False> -------
[2022-07-30 14:51:58,047] {logging_mixin.py:115} INFO - ------ data_interval_end || 2022-07-28T00:00:00+00:00 -------
[2022-07-30 14:51:58,047] {logging_mixin.py:115} INFO - ------ data_interval_start || 2022-07-27T00:00:00+00:00 -------
[2022-07-30 14:51:58,047] {logging_mixin.py:115} INFO - ------ ds || 2022-07-27 -------
[2022-07-30 14:51:58,048] {logging_mixin.py:115} INFO - ------ ds_nodash || 20220727 -------
[2022-07-30 14:51:58,051] {logging_mixin.py:115} WARNING - /Users/jangheesu/opt/anaconda3/envs/airflow2.3.0/lib/python3.8/site-packages/airflow/utils/context.py:290 AirflowContextDeprecationWarning: Accessing 'execution_date' from the template is deprecated and will be removed in a future version. Please use 'data_interval_start' or 'logical_date' instead.
[2022-07-30 14:51:58,051] {logging_mixin.py:115} INFO - ------ execution_date || 2022-07-27T00:00:00+00:00 -------
[2022-07-30 14:51:58,051] {logging_mixin.py:115} INFO - ------ inlets || [] -------
[2022-07-30 14:51:58,051] {logging_mixin.py:115} INFO - ------ logical_date || 2022-07-27T00:00:00+00:00 -------
[2022-07-30 14:51:58,052] {logging_mixin.py:115} INFO - ------ macros || <module 'airflow.macros' from '/Users/jangheesu/opt/anaconda3/envs/airflow2.3.0/lib/python3.8/site-packages/airflow/macros/__init__.py'> -------
[2022-07-30 14:51:58,052] {logging_mixin.py:115} WARNING - /Users/jangheesu/opt/anaconda3/envs/airflow2.3.0/lib/python3.8/site-packages/airflow/utils/context.py:290 AirflowContextDeprecationWarning: Accessing 'next_ds' from the template is deprecated and will be removed in a future version. Please use '{{ data_interval_end | ds }}' instead.
[2022-07-30 14:51:58,053] {logging_mixin.py:115} INFO - ------ next_ds || 2022-07-28 -------
[2022-07-30 14:51:58,053] {logging_mixin.py:115} WARNING - /Users/jangheesu/opt/anaconda3/envs/airflow2.3.0/lib/python3.8/site-packages/airflow/utils/context.py:290 AirflowContextDeprecationWarning: Accessing 'next_ds_nodash' from the template is deprecated and will be removed in a future version. Please use '{{ data_interval_end | ds_nodash }}' instead.
[2022-07-30 14:51:58,053] {logging_mixin.py:115} INFO - ------ next_ds_nodash || 20220728 -------
[2022-07-30 14:51:58,054] {logging_mixin.py:115} WARNING - /Users/jangheesu/opt/anaconda3/envs/airflow2.3.0/lib/python3.8/site-packages/airflow/utils/context.py:290 AirflowContextDeprecationWarning: Accessing 'next_execution_date' from the template is deprecated and will be removed in a future version. Please use 'data_interval_end' instead.
[2022-07-30 14:51:58,054] {logging_mixin.py:115} INFO - ------ next_execution_date || 2022-07-28T00:00:00+00:00 -------
[2022-07-30 14:51:58,054] {logging_mixin.py:115} INFO - ------ outlets || [] -------
[2022-07-30 14:51:58,054] {logging_mixin.py:115} INFO - ------ params || {} -------
[2022-07-30 14:51:58,054] {logging_mixin.py:115} INFO - ------ prev_data_interval_start_success || 2022-07-26T00:00:00+00:00 -------
[2022-07-30 14:51:58,054] {logging_mixin.py:115} INFO - ------ prev_data_interval_end_success || 2022-07-27T00:00:00+00:00 -------
[2022-07-30 14:51:58,055] {logging_mixin.py:115} WARNING - /Users/jangheesu/opt/anaconda3/envs/airflow2.3.0/lib/python3.8/site-packages/airflow/utils/context.py:290 AirflowContextDeprecationWarning: Accessing 'prev_ds' from the template is deprecated and will be removed in a future version.
[2022-07-30 14:51:58,055] {logging_mixin.py:115} INFO - ------ prev_ds || 2022-07-26 -------
[2022-07-30 14:51:58,055] {logging_mixin.py:115} WARNING - /Users/jangheesu/opt/anaconda3/envs/airflow2.3.0/lib/python3.8/site-packages/airflow/utils/context.py:290 AirflowContextDeprecationWarning: Accessing 'prev_ds_nodash' from the template is deprecated and will be removed in a future version.
[2022-07-30 14:51:58,055] {logging_mixin.py:115} INFO - ------ prev_ds_nodash || 20220726 -------
[2022-07-30 14:51:58,056] {logging_mixin.py:115} WARNING - /Users/jangheesu/opt/anaconda3/envs/airflow2.3.0/lib/python3.8/site-packages/airflow/utils/context.py:290 AirflowContextDeprecationWarning: Accessing 'prev_execution_date' from the template is deprecated and will be removed in a future version.
[2022-07-30 14:51:58,056] {logging_mixin.py:115} INFO - ------ prev_execution_date || 2022-07-26T00:00:00+00:00 -------
[2022-07-30 14:51:58,057] {logging_mixin.py:115} WARNING - /Users/jangheesu/opt/anaconda3/envs/airflow2.3.0/lib/python3.8/site-packages/airflow/utils/context.py:290 AirflowContextDeprecationWarning: Accessing 'prev_execution_date_success' from the template is deprecated and will be removed in a future version. Please use 'prev_data_interval_start_success' instead.
[2022-07-30 14:51:58,057] {logging_mixin.py:115} INFO - ------ prev_execution_date_success || 2022-07-26T00:00:00+00:00 -------
[2022-07-30 14:51:58,057] {logging_mixin.py:115} INFO - ------ prev_start_date_success || 2022-07-27T12:39:35.050163+00:00 -------
[2022-07-30 14:51:58,057] {logging_mixin.py:115} INFO - ------ run_id || scheduled__2022-07-27T00:00:00+00:00 -------
[2022-07-30 14:51:58,057] {logging_mixin.py:115} INFO - ------ task || <Task(PythonOperator): task_4> -------
[2022-07-30 14:51:58,057] {logging_mixin.py:115} INFO - ------ task_instance || <TaskInstance: my_python_dag.task_4 scheduled__2022-07-27T00:00:00+00:00 [running]> -------
[2022-07-30 14:51:58,057] {logging_mixin.py:115} INFO - ------ task_instance_key_str || my_python_dag__task_4__20220727 -------
[2022-07-30 14:51:58,057] {logging_mixin.py:115} INFO - ------ test_mode || False -------
[2022-07-30 14:51:58,057] {logging_mixin.py:115} INFO - ------ ti || <TaskInstance: my_python_dag.task_4 scheduled__2022-07-27T00:00:00+00:00 [running]> -------
[2022-07-30 14:51:58,058] {logging_mixin.py:115} WARNING - /Users/jangheesu/opt/anaconda3/envs/airflow2.3.0/lib/python3.8/site-packages/airflow/utils/context.py:290 AirflowContextDeprecationWarning: Accessing 'tomorrow_ds' from the template is deprecated and will be removed in a future version.
[2022-07-30 14:51:58,058] {logging_mixin.py:115} INFO - ------ tomorrow_ds || 2022-07-28 -------
[2022-07-30 14:51:58,058] {logging_mixin.py:115} WARNING - /Users/jangheesu/opt/anaconda3/envs/airflow2.3.0/lib/python3.8/site-packages/airflow/utils/context.py:290 AirflowContextDeprecationWarning: Accessing 'tomorrow_ds_nodash' from the template is deprecated and will be removed in a future version.
[2022-07-30 14:51:58,059] {logging_mixin.py:115} INFO - ------ tomorrow_ds_nodash || 20220728 -------
[2022-07-30 14:51:58,059] {logging_mixin.py:115} INFO - ------ ts || 2022-07-27T00:00:00+00:00 -------
[2022-07-30 14:51:58,059] {logging_mixin.py:115} INFO - ------ ts_nodash || 20220727T000000 -------
[2022-07-30 14:51:58,059] {logging_mixin.py:115} INFO - ------ ts_nodash_with_tz || 20220727T000000+0000 -------
[2022-07-30 14:51:58,059] {logging_mixin.py:115} INFO - ------ var || {'json': None, 'value': None} -------
[2022-07-30 14:51:58,059] {logging_mixin.py:115} INFO - ------ conn || None -------
[2022-07-30 14:51:58,060] {logging_mixin.py:115} WARNING - /Users/jangheesu/opt/anaconda3/envs/airflow2.3.0/lib/python3.8/site-packages/airflow/utils/context.py:290 AirflowContextDeprecationWarning: Accessing 'yesterday_ds' from the template is deprecated and will be removed in a future version.
[2022-07-30 14:51:58,060] {logging_mixin.py:115} INFO - ------ yesterday_ds || 2022-07-26 -------
[2022-07-30 14:51:58,060] {logging_mixin.py:115} WARNING - /Users/jangheesu/opt/anaconda3/envs/airflow2.3.0/lib/python3.8/site-packages/airflow/utils/context.py:290 AirflowContextDeprecationWarning: Accessing 'yesterday_ds_nodash' from the template is deprecated and will be removed in a future version.
[2022-07-30 14:51:58,060] {logging_mixin.py:115} INFO - ------ yesterday_ds_nodash || 20220726 -------
[2022-07-30 14:51:58,061] {logging_mixin.py:115} INFO - ------ templates_dict || None -------
[2022-07-30 14:51:58,061] {logging_mixin.py:115} INFO - ====================================================================================================
[2022-07-30 14:51:58,061] {python.py:173} INFO - Done. Returned value was: ptrin complete ~ !!
[2022-07-30 14:51:58,095] {taskinstance.py:1395} INFO - Marking task as SUCCESS. dag_id=my_python_dag, task_id=task_4, execution_date=20220727T000000, start_date=20220730T055157, end_date=20220730T055158
[2022-07-30 14:51:58,113] {local_task_job.py:156} INFO - Task exited with return code 0
[2022-07-30 14:51:58,151] {local_task_job.py:273} INFO - 0 downstream tasks scheduled from follow-on schedule check
