[2022-07-27 21:39:36,871] {taskinstance.py:1159} INFO - Dependencies all met for <TaskInstance: my_python_dag.task_3 scheduled__2022-07-25T00:00:00+00:00 [queued]>
[2022-07-27 21:39:36,882] {taskinstance.py:1159} INFO - Dependencies all met for <TaskInstance: my_python_dag.task_3 scheduled__2022-07-25T00:00:00+00:00 [queued]>
[2022-07-27 21:39:36,883] {taskinstance.py:1356} INFO - 
--------------------------------------------------------------------------------
[2022-07-27 21:39:36,883] {taskinstance.py:1357} INFO - Starting attempt 1 of 1
[2022-07-27 21:39:36,883] {taskinstance.py:1358} INFO - 
--------------------------------------------------------------------------------
[2022-07-27 21:39:36,894] {taskinstance.py:1377} INFO - Executing <Task(PythonOperator): task_3> on 2022-07-25 00:00:00+00:00
[2022-07-27 21:39:36,916] {standard_task_runner.py:52} INFO - Started process 9120 to run task
[2022-07-27 21:39:36,921] {standard_task_runner.py:79} INFO - Running: ['airflow', 'tasks', 'run', 'my_python_dag', 'task_3', 'scheduled__2022-07-25T00:00:00+00:00', '--job-id', '47', '--raw', '--subdir', 'DAGS_FOLDER/test3.py', '--cfg-path', '/var/folders/6v/f1q42tlx39bf4xb4nltqccj00000gn/T/tmpjzcaxqav', '--error-file', '/var/folders/6v/f1q42tlx39bf4xb4nltqccj00000gn/T/tmp02zrocbe']
[2022-07-27 21:39:36,924] {standard_task_runner.py:80} INFO - Job 47: Subtask task_3
[2022-07-27 21:39:37,026] {task_command.py:369} INFO - Running <TaskInstance: my_python_dag.task_3 scheduled__2022-07-25T00:00:00+00:00 [running]> on host janghuisuui-MacBookAir.local
[2022-07-27 21:39:37,111] {taskinstance.py:1569} INFO - Exporting the following env vars:
AIRFLOW_CTX_DAG_OWNER=testJang
AIRFLOW_CTX_DAG_ID=my_python_dag
AIRFLOW_CTX_TASK_ID=task_3
AIRFLOW_CTX_EXECUTION_DATE=2022-07-25T00:00:00+00:00
AIRFLOW_CTX_TRY_NUMBER=1
AIRFLOW_CTX_DAG_RUN_ID=scheduled__2022-07-25T00:00:00+00:00
[2022-07-27 21:39:37,113] {logging_mixin.py:115} INFO - ====================================================================================================
[2022-07-27 21:39:37,113] {logging_mixin.py:115} INFO - seconds: 10
[2022-07-27 21:39:37,113] {logging_mixin.py:115} INFO - ====================================================================================================
[2022-07-27 21:39:37,114] {logging_mixin.py:115} INFO - {'conf': <airflow.configuration.AirflowConfigParser object at 0x7f98700d2b50>, 'dag': <DAG: my_python_dag>, 'dag_run': <DagRun my_python_dag @ 2022-07-25 00:00:00+00:00: scheduled__2022-07-25T00:00:00+00:00, externally triggered: False>, 'data_interval_end': DateTime(2022, 7, 26, 0, 0, 0, tzinfo=Timezone('UTC')), 'data_interval_start': DateTime(2022, 7, 25, 0, 0, 0, tzinfo=Timezone('UTC')), 'ds': '2022-07-25', 'ds_nodash': '20220725', 'execution_date': <Proxy at 0x7f98808b8dc0 with factory functools.partial(<function lazy_mapping_from_context.<locals>._deprecated_proxy_factory at 0x7f98b065cee0>, 'execution_date', DateTime(2022, 7, 25, 0, 0, 0, tzinfo=Timezone('UTC')))>, 'inlets': [], 'logical_date': DateTime(2022, 7, 25, 0, 0, 0, tzinfo=Timezone('UTC')), 'macros': <module 'airflow.macros' from '/Users/jangheesu/opt/anaconda3/envs/airflow2.3.0/lib/python3.8/site-packages/airflow/macros/__init__.py'>, 'next_ds': <Proxy at 0x7f98808c4040 with factory functools.partial(<function lazy_mapping_from_context.<locals>._deprecated_proxy_factory at 0x7f98b065cee0>, 'next_ds', '2022-07-26')>, 'next_ds_nodash': <Proxy at 0x7f98808c4180 with factory functools.partial(<function lazy_mapping_from_context.<locals>._deprecated_proxy_factory at 0x7f98b065cee0>, 'next_ds_nodash', '20220726')>, 'next_execution_date': <Proxy at 0x7f98808c47c0 with factory functools.partial(<function lazy_mapping_from_context.<locals>._deprecated_proxy_factory at 0x7f98b065cee0>, 'next_execution_date', DateTime(2022, 7, 26, 0, 0, 0, tzinfo=Timezone('UTC')))>, 'outlets': [], 'params': {}, 'prev_data_interval_start_success': DateTime(2022, 7, 23, 0, 0, 0, tzinfo=Timezone('UTC')), 'prev_data_interval_end_success': DateTime(2022, 7, 24, 0, 0, 0, tzinfo=Timezone('UTC')), 'prev_ds': <Proxy at 0x7f98808c4800 with factory functools.partial(<function lazy_mapping_from_context.<locals>._deprecated_proxy_factory at 0x7f98b065cee0>, 'prev_ds', '2022-07-24')>, 'prev_ds_nodash': <Proxy at 0x7f98808c4840 with factory functools.partial(<function lazy_mapping_from_context.<locals>._deprecated_proxy_factory at 0x7f98b065cee0>, 'prev_ds_nodash', '20220724')>, 'prev_execution_date': <Proxy at 0x7f98808c48c0 with factory functools.partial(<function lazy_mapping_from_context.<locals>._deprecated_proxy_factory at 0x7f98b065cee0>, 'prev_execution_date', DateTime(2022, 7, 24, 0, 0, 0, tzinfo=Timezone('UTC')))>, 'prev_execution_date_success': <Proxy at 0x7f98808c49c0 with factory functools.partial(<function lazy_mapping_from_context.<locals>._deprecated_proxy_factory at 0x7f98b065cee0>, 'prev_execution_date_success', DateTime(2022, 7, 24, 14, 17, 34, 506687, tzinfo=Timezone('UTC')))>, 'prev_start_date_success': DateTime(2022, 7, 24, 14, 17, 35, 253787, tzinfo=Timezone('UTC')), 'run_id': 'scheduled__2022-07-25T00:00:00+00:00', 'task': <Task(PythonOperator): task_3>, 'task_instance': <TaskInstance: my_python_dag.task_3 scheduled__2022-07-25T00:00:00+00:00 [running]>, 'task_instance_key_str': 'my_python_dag__task_3__20220725', 'test_mode': False, 'ti': <TaskInstance: my_python_dag.task_3 scheduled__2022-07-25T00:00:00+00:00 [running]>, 'tomorrow_ds': <Proxy at 0x7f98808c4a00 with factory functools.partial(<function lazy_mapping_from_context.<locals>._deprecated_proxy_factory at 0x7f98b065cee0>, 'tomorrow_ds', '2022-07-26')>, 'tomorrow_ds_nodash': <Proxy at 0x7f98808c4a80 with factory functools.partial(<function lazy_mapping_from_context.<locals>._deprecated_proxy_factory at 0x7f98b065cee0>, 'tomorrow_ds_nodash', '20220726')>, 'ts': '2022-07-25T00:00:00+00:00', 'ts_nodash': '20220725T000000', 'ts_nodash_with_tz': '20220725T000000+0000', 'var': {'json': None, 'value': None}, 'conn': None, 'yesterday_ds': <Proxy at 0x7f98808c4ac0 with factory functools.partial(<function lazy_mapping_from_context.<locals>._deprecated_proxy_factory at 0x7f98b065cee0>, 'yesterday_ds', '2022-07-24')>, 'yesterday_ds_nodash': <Proxy at 0x7f98808c4b40 with factory functools.partial(<function lazy_mapping_from_context.<locals>._deprecated_proxy_factory at 0x7f98b065cee0>, 'yesterday_ds_nodash', '20220724')>, 'templates_dict': None}
[2022-07-27 21:39:37,115] {logging_mixin.py:115} INFO - ====================================================================================================
[2022-07-27 21:39:47,116] {python.py:173} INFO - Done. Returned value was: sleep well ~ !!
[2022-07-27 21:39:47,158] {taskinstance.py:1395} INFO - Marking task as SUCCESS. dag_id=my_python_dag, task_id=task_3, execution_date=20220725T000000, start_date=20220727T123936, end_date=20220727T123947
[2022-07-27 21:39:47,190] {local_task_job.py:156} INFO - Task exited with return code 0
[2022-07-27 21:39:47,226] {local_task_job.py:273} INFO - 1 downstream tasks scheduled from follow-on schedule check
