[2022-07-30 15:23:48,035] {taskinstance.py:1159} INFO - Dependencies all met for <TaskInstance: my_python_dag.task_3 manual__2022-07-30T06:23:46.353882+00:00 [queued]>
[2022-07-30 15:23:48,041] {taskinstance.py:1159} INFO - Dependencies all met for <TaskInstance: my_python_dag.task_3 manual__2022-07-30T06:23:46.353882+00:00 [queued]>
[2022-07-30 15:23:48,041] {taskinstance.py:1356} INFO - 
--------------------------------------------------------------------------------
[2022-07-30 15:23:48,041] {taskinstance.py:1357} INFO - Starting attempt 1 of 1
[2022-07-30 15:23:48,042] {taskinstance.py:1358} INFO - 
--------------------------------------------------------------------------------
[2022-07-30 15:23:48,050] {taskinstance.py:1377} INFO - Executing <Task(PythonOperator): task_3> on 2022-07-30 06:23:46.353882+00:00
[2022-07-30 15:23:48,057] {standard_task_runner.py:52} INFO - Started process 63270 to run task
[2022-07-30 15:23:48,062] {standard_task_runner.py:79} INFO - Running: ['airflow', 'tasks', 'run', 'my_python_dag', 'task_3', 'manual__2022-07-30T06:23:46.353882+00:00', '--job-id', '195', '--raw', '--subdir', 'DAGS_FOLDER/test3.py', '--cfg-path', '/var/folders/6v/f1q42tlx39bf4xb4nltqccj00000gn/T/tmpm99azn83', '--error-file', '/var/folders/6v/f1q42tlx39bf4xb4nltqccj00000gn/T/tmpehtq0813']
[2022-07-30 15:23:48,065] {standard_task_runner.py:80} INFO - Job 195: Subtask task_3
[2022-07-30 15:23:48,125] {task_command.py:369} INFO - Running <TaskInstance: my_python_dag.task_3 manual__2022-07-30T06:23:46.353882+00:00 [running]> on host janghuisuui-MacBookAir.local
[2022-07-30 15:23:48,181] {taskinstance.py:1569} INFO - Exporting the following env vars:
AIRFLOW_CTX_DAG_OWNER=testJang
AIRFLOW_CTX_DAG_ID=my_python_dag
AIRFLOW_CTX_TASK_ID=task_3
AIRFLOW_CTX_EXECUTION_DATE=2022-07-30T06:23:46.353882+00:00
AIRFLOW_CTX_TRY_NUMBER=1
AIRFLOW_CTX_DAG_RUN_ID=manual__2022-07-30T06:23:46.353882+00:00
[2022-07-30 15:23:48,182] {logging_mixin.py:115} INFO - ====================================================================================================
[2022-07-30 15:23:48,182] {logging_mixin.py:115} INFO - seconds: 10
[2022-07-30 15:23:48,182] {logging_mixin.py:115} INFO - ====================================================================================================
[2022-07-30 15:23:48,182] {logging_mixin.py:115} INFO - {'conf': <airflow.configuration.AirflowConfigParser object at 0x7fe1b03fab50>, 'dag': <DAG: my_python_dag>, 'dag_run': <DagRun my_python_dag @ 2022-07-30 06:23:46.353882+00:00: manual__2022-07-30T06:23:46.353882+00:00, externally triggered: True>, 'data_interval_end': DateTime(2022, 7, 30, 0, 0, 0, tzinfo=Timezone('UTC')), 'data_interval_start': DateTime(2022, 7, 29, 0, 0, 0, tzinfo=Timezone('UTC')), 'ds': '2022-07-30', 'ds_nodash': '20220730', 'execution_date': <Proxy at 0x7fe170b46880 with factory functools.partial(<function lazy_mapping_from_context.<locals>._deprecated_proxy_factory at 0x7fe170c82ee0>, 'execution_date', DateTime(2022, 7, 30, 6, 23, 46, 353882, tzinfo=Timezone('UTC')))>, 'inlets': [], 'logical_date': DateTime(2022, 7, 30, 6, 23, 46, 353882, tzinfo=Timezone('UTC')), 'macros': <module 'airflow.macros' from '/Users/jangheesu/opt/anaconda3/envs/airflow2.3.0/lib/python3.8/site-packages/airflow/macros/__init__.py'>, 'next_ds': <Proxy at 0x7fe1d08184c0 with factory functools.partial(<function lazy_mapping_from_context.<locals>._deprecated_proxy_factory at 0x7fe170c82ee0>, 'next_ds', '2022-07-30')>, 'next_ds_nodash': <Proxy at 0x7fe1d081a640 with factory functools.partial(<function lazy_mapping_from_context.<locals>._deprecated_proxy_factory at 0x7fe170c82ee0>, 'next_ds_nodash', '20220730')>, 'next_execution_date': <Proxy at 0x7fe1d081a6c0 with factory functools.partial(<function lazy_mapping_from_context.<locals>._deprecated_proxy_factory at 0x7fe170c82ee0>, 'next_execution_date', DateTime(2022, 7, 30, 6, 23, 46, 353882, tzinfo=Timezone('UTC')))>, 'outlets': [], 'params': {}, 'prev_data_interval_start_success': DateTime(2022, 7, 29, 0, 0, 0, tzinfo=Timezone('UTC')), 'prev_data_interval_end_success': DateTime(2022, 7, 30, 0, 0, 0, tzinfo=Timezone('UTC')), 'prev_ds': <Proxy at 0x7fe1d081aac0 with factory functools.partial(<function lazy_mapping_from_context.<locals>._deprecated_proxy_factory at 0x7fe170c82ee0>, 'prev_ds', '2022-07-30')>, 'prev_ds_nodash': <Proxy at 0x7fe1d081ab00 with factory functools.partial(<function lazy_mapping_from_context.<locals>._deprecated_proxy_factory at 0x7fe170c82ee0>, 'prev_ds_nodash', '20220730')>, 'prev_execution_date': <Proxy at 0x7fe1d081ab40 with factory functools.partial(<function lazy_mapping_from_context.<locals>._deprecated_proxy_factory at 0x7fe170c82ee0>, 'prev_execution_date', DateTime(2022, 7, 30, 6, 23, 46, 353882, tzinfo=Timezone('UTC')))>, 'prev_execution_date_success': <Proxy at 0x7fe1d081abc0 with factory functools.partial(<function lazy_mapping_from_context.<locals>._deprecated_proxy_factory at 0x7fe170c82ee0>, 'prev_execution_date_success', DateTime(2022, 7, 29, 0, 0, 0, tzinfo=Timezone('UTC')))>, 'prev_start_date_success': DateTime(2022, 7, 30, 5, 51, 45, 20849, tzinfo=Timezone('UTC')), 'run_id': 'manual__2022-07-30T06:23:46.353882+00:00', 'task': <Task(PythonOperator): task_3>, 'task_instance': <TaskInstance: my_python_dag.task_3 manual__2022-07-30T06:23:46.353882+00:00 [running]>, 'task_instance_key_str': 'my_python_dag__task_3__20220730', 'test_mode': False, 'ti': <TaskInstance: my_python_dag.task_3 manual__2022-07-30T06:23:46.353882+00:00 [running]>, 'tomorrow_ds': <Proxy at 0x7fe1d081acc0 with factory functools.partial(<function lazy_mapping_from_context.<locals>._deprecated_proxy_factory at 0x7fe170c82ee0>, 'tomorrow_ds', '2022-07-31')>, 'tomorrow_ds_nodash': <Proxy at 0x7fe1d081ad00 with factory functools.partial(<function lazy_mapping_from_context.<locals>._deprecated_proxy_factory at 0x7fe170c82ee0>, 'tomorrow_ds_nodash', '20220731')>, 'ts': '2022-07-30T06:23:46.353882+00:00', 'ts_nodash': '20220730T062346', 'ts_nodash_with_tz': '20220730T062346.353882+0000', 'var': {'json': None, 'value': None}, 'conn': None, 'yesterday_ds': <Proxy at 0x7fe1d081ad80 with factory functools.partial(<function lazy_mapping_from_context.<locals>._deprecated_proxy_factory at 0x7fe170c82ee0>, 'yesterday_ds', '2022-07-29')>, 'yesterday_ds_nodash': <Proxy at 0x7fe1d081adc0 with factory functools.partial(<function lazy_mapping_from_context.<locals>._deprecated_proxy_factory at 0x7fe170c82ee0>, 'yesterday_ds_nodash', '20220729')>, 'templates_dict': None}
[2022-07-30 15:23:48,183] {logging_mixin.py:115} INFO - ====================================================================================================
[2022-07-30 15:23:58,183] {python.py:173} INFO - Done. Returned value was: sleep well ~ !!
[2022-07-30 15:23:58,214] {taskinstance.py:1395} INFO - Marking task as SUCCESS. dag_id=my_python_dag, task_id=task_3, execution_date=20220730T062346, start_date=20220730T062348, end_date=20220730T062358
[2022-07-30 15:23:58,225] {local_task_job.py:156} INFO - Task exited with return code 0
[2022-07-30 15:23:58,258] {local_task_job.py:273} INFO - 1 downstream tasks scheduled from follow-on schedule check
