[2022-07-31 17:25:49,348] {taskinstance.py:1159} INFO - Dependencies all met for <TaskInstance: my_first_dag.print_whoami scheduled__2022-07-30T00:00:00+00:00 [queued]>
[2022-07-31 17:25:49,354] {taskinstance.py:1159} INFO - Dependencies all met for <TaskInstance: my_first_dag.print_whoami scheduled__2022-07-30T00:00:00+00:00 [queued]>
[2022-07-31 17:25:49,354] {taskinstance.py:1356} INFO - 
--------------------------------------------------------------------------------
[2022-07-31 17:25:49,354] {taskinstance.py:1357} INFO - Starting attempt 1 of 1
[2022-07-31 17:25:49,354] {taskinstance.py:1358} INFO - 
--------------------------------------------------------------------------------
[2022-07-31 17:25:49,367] {taskinstance.py:1377} INFO - Executing <Task(BashOperator): print_whoami> on 2022-07-30 00:00:00+00:00
[2022-07-31 17:25:49,373] {standard_task_runner.py:52} INFO - Started process 2074 to run task
[2022-07-31 17:25:49,380] {standard_task_runner.py:79} INFO - Running: ['airflow', 'tasks', 'run', 'my_first_dag', 'print_whoami', 'scheduled__2022-07-30T00:00:00+00:00', '--job-id', '226', '--raw', '--subdir', 'DAGS_FOLDER/test.py', '--cfg-path', '/var/folders/6v/f1q42tlx39bf4xb4nltqccj00000gn/T/tmpo527t62r', '--error-file', '/var/folders/6v/f1q42tlx39bf4xb4nltqccj00000gn/T/tmp71jf8a0h']
[2022-07-31 17:25:49,381] {standard_task_runner.py:80} INFO - Job 226: Subtask print_whoami
[2022-07-31 17:25:49,441] {task_command.py:369} INFO - Running <TaskInstance: my_first_dag.print_whoami scheduled__2022-07-30T00:00:00+00:00 [running]> on host janghuisuui-macbookair.local
[2022-07-31 17:25:49,492] {taskinstance.py:1569} INFO - Exporting the following env vars:
AIRFLOW_CTX_DAG_OWNER=jovyan
AIRFLOW_CTX_DAG_ID=my_first_dag
AIRFLOW_CTX_TASK_ID=print_whoami
AIRFLOW_CTX_EXECUTION_DATE=2022-07-30T00:00:00+00:00
AIRFLOW_CTX_TRY_NUMBER=1
AIRFLOW_CTX_DAG_RUN_ID=scheduled__2022-07-30T00:00:00+00:00
[2022-07-31 17:25:49,493] {subprocess.py:62} INFO - Tmp dir root location: 
 /var/folders/6v/f1q42tlx39bf4xb4nltqccj00000gn/T
[2022-07-31 17:25:49,493] {subprocess.py:74} INFO - Running command: ['bash', '-c', 'whoami']
[2022-07-31 17:25:49,501] {subprocess.py:85} INFO - Output:
[2022-07-31 17:25:49,511] {subprocess.py:92} INFO - jangheesu
[2022-07-31 17:25:49,511] {subprocess.py:96} INFO - Command exited with return code 0
[2022-07-31 17:25:49,536] {taskinstance.py:1395} INFO - Marking task as SUCCESS. dag_id=my_first_dag, task_id=print_whoami, execution_date=20220730T000000, start_date=20220731T082549, end_date=20220731T082549
[2022-07-31 17:25:49,556] {local_task_job.py:156} INFO - Task exited with return code 0
[2022-07-31 17:25:49,582] {local_task_job.py:273} INFO - 0 downstream tasks scheduled from follow-on schedule check
