[2022-07-24 19:47:00,830] {taskinstance.py:1159} INFO - Dependencies all met for <TaskInstance: my_first_dag.print_date scheduled__2022-07-23T00:00:00+00:00 [queued]>
[2022-07-24 19:47:00,836] {taskinstance.py:1159} INFO - Dependencies all met for <TaskInstance: my_first_dag.print_date scheduled__2022-07-23T00:00:00+00:00 [queued]>
[2022-07-24 19:47:00,839] {taskinstance.py:1356} INFO - 
--------------------------------------------------------------------------------
[2022-07-24 19:47:00,839] {taskinstance.py:1357} INFO - Starting attempt 1 of 1
[2022-07-24 19:47:00,839] {taskinstance.py:1358} INFO - 
--------------------------------------------------------------------------------
[2022-07-24 19:47:00,847] {taskinstance.py:1377} INFO - Executing <Task(BashOperator): print_date> on 2022-07-23 00:00:00+00:00
[2022-07-24 19:47:00,853] {standard_task_runner.py:52} INFO - Started process 84300 to run task
[2022-07-24 19:47:00,861] {standard_task_runner.py:79} INFO - Running: ['airflow', 'tasks', 'run', 'my_first_dag', 'print_date', 'scheduled__2022-07-23T00:00:00+00:00', '--job-id', '8', '--raw', '--subdir', 'DAGS_FOLDER/test.py', '--cfg-path', '/var/folders/6v/f1q42tlx39bf4xb4nltqccj00000gn/T/tmppec8439m', '--error-file', '/var/folders/6v/f1q42tlx39bf4xb4nltqccj00000gn/T/tmpdwa29lvw']
[2022-07-24 19:47:00,863] {standard_task_runner.py:80} INFO - Job 8: Subtask print_date
[2022-07-24 19:47:00,921] {task_command.py:369} INFO - Running <TaskInstance: my_first_dag.print_date scheduled__2022-07-23T00:00:00+00:00 [running]> on host janghuisuui-MacBookAir.local
[2022-07-24 19:47:00,974] {taskinstance.py:1569} INFO - Exporting the following env vars:
AIRFLOW_CTX_DAG_OWNER=jovyan
AIRFLOW_CTX_DAG_ID=my_first_dag
AIRFLOW_CTX_TASK_ID=print_date
AIRFLOW_CTX_EXECUTION_DATE=2022-07-23T00:00:00+00:00
AIRFLOW_CTX_TRY_NUMBER=1
AIRFLOW_CTX_DAG_RUN_ID=scheduled__2022-07-23T00:00:00+00:00
[2022-07-24 19:47:00,975] {subprocess.py:62} INFO - Tmp dir root location: 
 /var/folders/6v/f1q42tlx39bf4xb4nltqccj00000gn/T
[2022-07-24 19:47:00,975] {subprocess.py:74} INFO - Running command: ['bash', '-c', 'date']
[2022-07-24 19:47:00,989] {subprocess.py:85} INFO - Output:
[2022-07-24 19:47:01,014] {subprocess.py:92} INFO - 2022년 7월 24일 일요일 19시 47분 01초 KST
[2022-07-24 19:47:01,014] {subprocess.py:96} INFO - Command exited with return code 0
[2022-07-24 19:47:01,043] {taskinstance.py:1395} INFO - Marking task as SUCCESS. dag_id=my_first_dag, task_id=print_date, execution_date=20220723T000000, start_date=20220724T104700, end_date=20220724T104701
[2022-07-24 19:47:01,079] {local_task_job.py:156} INFO - Task exited with return code 0
[2022-07-24 19:47:01,117] {local_task_job.py:273} INFO - 1 downstream tasks scheduled from follow-on schedule check
