[2022-07-24 19:12:19,906] {processor.py:153} INFO - Started process (PID=77158) to work on /Users/jangheesu/opt/anaconda3/envs/airflow2.3.0/lib/python3.8/site-packages/airflow/example_dags/subdags/subdag.py
[2022-07-24 19:12:19,906] {processor.py:641} INFO - Processing file /Users/jangheesu/opt/anaconda3/envs/airflow2.3.0/lib/python3.8/site-packages/airflow/example_dags/subdags/subdag.py for tasks to queue
[2022-07-24 19:12:19,906] {logging_mixin.py:115} INFO - [2022-07-24 19:12:19,906] {dagbag.py:507} INFO - Filling up the DagBag from /Users/jangheesu/opt/anaconda3/envs/airflow2.3.0/lib/python3.8/site-packages/airflow/example_dags/subdags/subdag.py
[2022-07-24 19:12:19,907] {processor.py:653} WARNING - No viable dags retrieved from /Users/jangheesu/opt/anaconda3/envs/airflow2.3.0/lib/python3.8/site-packages/airflow/example_dags/subdags/subdag.py
[2022-07-24 19:12:19,935] {processor.py:161} INFO - Processing /Users/jangheesu/opt/anaconda3/envs/airflow2.3.0/lib/python3.8/site-packages/airflow/example_dags/subdags/subdag.py took 0.030 seconds
[2022-07-24 19:12:51,209] {processor.py:153} INFO - Started process (PID=77276) to work on /Users/jangheesu/opt/anaconda3/envs/airflow2.3.0/lib/python3.8/site-packages/airflow/example_dags/subdags/subdag.py
[2022-07-24 19:12:51,210] {processor.py:641} INFO - Processing file /Users/jangheesu/opt/anaconda3/envs/airflow2.3.0/lib/python3.8/site-packages/airflow/example_dags/subdags/subdag.py for tasks to queue
[2022-07-24 19:12:51,210] {logging_mixin.py:115} INFO - [2022-07-24 19:12:51,210] {dagbag.py:507} INFO - Filling up the DagBag from /Users/jangheesu/opt/anaconda3/envs/airflow2.3.0/lib/python3.8/site-packages/airflow/example_dags/subdags/subdag.py
[2022-07-24 19:12:51,211] {processor.py:653} WARNING - No viable dags retrieved from /Users/jangheesu/opt/anaconda3/envs/airflow2.3.0/lib/python3.8/site-packages/airflow/example_dags/subdags/subdag.py
[2022-07-24 19:12:51,239] {processor.py:161} INFO - Processing /Users/jangheesu/opt/anaconda3/envs/airflow2.3.0/lib/python3.8/site-packages/airflow/example_dags/subdags/subdag.py took 0.030 seconds
[2022-07-24 19:13:22,293] {processor.py:153} INFO - Started process (PID=77385) to work on /Users/jangheesu/opt/anaconda3/envs/airflow2.3.0/lib/python3.8/site-packages/airflow/example_dags/subdags/subdag.py
[2022-07-24 19:13:22,294] {processor.py:641} INFO - Processing file /Users/jangheesu/opt/anaconda3/envs/airflow2.3.0/lib/python3.8/site-packages/airflow/example_dags/subdags/subdag.py for tasks to queue
[2022-07-24 19:13:22,294] {logging_mixin.py:115} INFO - [2022-07-24 19:13:22,294] {dagbag.py:507} INFO - Filling up the DagBag from /Users/jangheesu/opt/anaconda3/envs/airflow2.3.0/lib/python3.8/site-packages/airflow/example_dags/subdags/subdag.py
[2022-07-24 19:13:22,296] {processor.py:653} WARNING - No viable dags retrieved from /Users/jangheesu/opt/anaconda3/envs/airflow2.3.0/lib/python3.8/site-packages/airflow/example_dags/subdags/subdag.py
[2022-07-24 19:13:22,323] {processor.py:161} INFO - Processing /Users/jangheesu/opt/anaconda3/envs/airflow2.3.0/lib/python3.8/site-packages/airflow/example_dags/subdags/subdag.py took 0.030 seconds
[2022-07-24 19:13:52,983] {processor.py:153} INFO - Started process (PID=77494) to work on /Users/jangheesu/opt/anaconda3/envs/airflow2.3.0/lib/python3.8/site-packages/airflow/example_dags/subdags/subdag.py
[2022-07-24 19:13:52,983] {processor.py:641} INFO - Processing file /Users/jangheesu/opt/anaconda3/envs/airflow2.3.0/lib/python3.8/site-packages/airflow/example_dags/subdags/subdag.py for tasks to queue
[2022-07-24 19:13:52,983] {logging_mixin.py:115} INFO - [2022-07-24 19:13:52,983] {dagbag.py:507} INFO - Filling up the DagBag from /Users/jangheesu/opt/anaconda3/envs/airflow2.3.0/lib/python3.8/site-packages/airflow/example_dags/subdags/subdag.py
[2022-07-24 19:13:52,984] {processor.py:653} WARNING - No viable dags retrieved from /Users/jangheesu/opt/anaconda3/envs/airflow2.3.0/lib/python3.8/site-packages/airflow/example_dags/subdags/subdag.py
[2022-07-24 19:13:53,012] {processor.py:161} INFO - Processing /Users/jangheesu/opt/anaconda3/envs/airflow2.3.0/lib/python3.8/site-packages/airflow/example_dags/subdags/subdag.py took 0.030 seconds
[2022-07-24 19:14:24,212] {processor.py:153} INFO - Started process (PID=77644) to work on /Users/jangheesu/opt/anaconda3/envs/airflow2.3.0/lib/python3.8/site-packages/airflow/example_dags/subdags/subdag.py
[2022-07-24 19:14:24,213] {processor.py:641} INFO - Processing file /Users/jangheesu/opt/anaconda3/envs/airflow2.3.0/lib/python3.8/site-packages/airflow/example_dags/subdags/subdag.py for tasks to queue
[2022-07-24 19:14:24,213] {logging_mixin.py:115} INFO - [2022-07-24 19:14:24,213] {dagbag.py:507} INFO - Filling up the DagBag from /Users/jangheesu/opt/anaconda3/envs/airflow2.3.0/lib/python3.8/site-packages/airflow/example_dags/subdags/subdag.py
[2022-07-24 19:14:24,214] {processor.py:653} WARNING - No viable dags retrieved from /Users/jangheesu/opt/anaconda3/envs/airflow2.3.0/lib/python3.8/site-packages/airflow/example_dags/subdags/subdag.py
[2022-07-24 19:14:24,241] {processor.py:161} INFO - Processing /Users/jangheesu/opt/anaconda3/envs/airflow2.3.0/lib/python3.8/site-packages/airflow/example_dags/subdags/subdag.py took 0.029 seconds
[2022-07-24 19:14:54,967] {processor.py:153} INFO - Started process (PID=77754) to work on /Users/jangheesu/opt/anaconda3/envs/airflow2.3.0/lib/python3.8/site-packages/airflow/example_dags/subdags/subdag.py
[2022-07-24 19:14:54,967] {processor.py:641} INFO - Processing file /Users/jangheesu/opt/anaconda3/envs/airflow2.3.0/lib/python3.8/site-packages/airflow/example_dags/subdags/subdag.py for tasks to queue
[2022-07-24 19:14:54,967] {logging_mixin.py:115} INFO - [2022-07-24 19:14:54,967] {dagbag.py:507} INFO - Filling up the DagBag from /Users/jangheesu/opt/anaconda3/envs/airflow2.3.0/lib/python3.8/site-packages/airflow/example_dags/subdags/subdag.py
[2022-07-24 19:14:54,968] {processor.py:653} WARNING - No viable dags retrieved from /Users/jangheesu/opt/anaconda3/envs/airflow2.3.0/lib/python3.8/site-packages/airflow/example_dags/subdags/subdag.py
[2022-07-24 19:14:54,996] {processor.py:161} INFO - Processing /Users/jangheesu/opt/anaconda3/envs/airflow2.3.0/lib/python3.8/site-packages/airflow/example_dags/subdags/subdag.py took 0.029 seconds
[2022-07-24 19:15:25,732] {processor.py:153} INFO - Started process (PID=77870) to work on /Users/jangheesu/opt/anaconda3/envs/airflow2.3.0/lib/python3.8/site-packages/airflow/example_dags/subdags/subdag.py
[2022-07-24 19:15:25,732] {processor.py:641} INFO - Processing file /Users/jangheesu/opt/anaconda3/envs/airflow2.3.0/lib/python3.8/site-packages/airflow/example_dags/subdags/subdag.py for tasks to queue
[2022-07-24 19:15:25,732] {logging_mixin.py:115} INFO - [2022-07-24 19:15:25,732] {dagbag.py:507} INFO - Filling up the DagBag from /Users/jangheesu/opt/anaconda3/envs/airflow2.3.0/lib/python3.8/site-packages/airflow/example_dags/subdags/subdag.py
[2022-07-24 19:15:25,733] {processor.py:653} WARNING - No viable dags retrieved from /Users/jangheesu/opt/anaconda3/envs/airflow2.3.0/lib/python3.8/site-packages/airflow/example_dags/subdags/subdag.py
[2022-07-24 19:15:25,762] {processor.py:161} INFO - Processing /Users/jangheesu/opt/anaconda3/envs/airflow2.3.0/lib/python3.8/site-packages/airflow/example_dags/subdags/subdag.py took 0.031 seconds
[2022-07-24 19:15:56,598] {processor.py:153} INFO - Started process (PID=77977) to work on /Users/jangheesu/opt/anaconda3/envs/airflow2.3.0/lib/python3.8/site-packages/airflow/example_dags/subdags/subdag.py
[2022-07-24 19:15:56,599] {processor.py:641} INFO - Processing file /Users/jangheesu/opt/anaconda3/envs/airflow2.3.0/lib/python3.8/site-packages/airflow/example_dags/subdags/subdag.py for tasks to queue
[2022-07-24 19:15:56,599] {logging_mixin.py:115} INFO - [2022-07-24 19:15:56,599] {dagbag.py:507} INFO - Filling up the DagBag from /Users/jangheesu/opt/anaconda3/envs/airflow2.3.0/lib/python3.8/site-packages/airflow/example_dags/subdags/subdag.py
[2022-07-24 19:15:56,600] {processor.py:653} WARNING - No viable dags retrieved from /Users/jangheesu/opt/anaconda3/envs/airflow2.3.0/lib/python3.8/site-packages/airflow/example_dags/subdags/subdag.py
[2022-07-24 19:15:56,627] {processor.py:161} INFO - Processing /Users/jangheesu/opt/anaconda3/envs/airflow2.3.0/lib/python3.8/site-packages/airflow/example_dags/subdags/subdag.py took 0.029 seconds
[2022-07-24 19:16:27,201] {processor.py:153} INFO - Started process (PID=78084) to work on /Users/jangheesu/opt/anaconda3/envs/airflow2.3.0/lib/python3.8/site-packages/airflow/example_dags/subdags/subdag.py
[2022-07-24 19:16:27,202] {processor.py:641} INFO - Processing file /Users/jangheesu/opt/anaconda3/envs/airflow2.3.0/lib/python3.8/site-packages/airflow/example_dags/subdags/subdag.py for tasks to queue
[2022-07-24 19:16:27,202] {logging_mixin.py:115} INFO - [2022-07-24 19:16:27,202] {dagbag.py:507} INFO - Filling up the DagBag from /Users/jangheesu/opt/anaconda3/envs/airflow2.3.0/lib/python3.8/site-packages/airflow/example_dags/subdags/subdag.py
[2022-07-24 19:16:27,203] {processor.py:653} WARNING - No viable dags retrieved from /Users/jangheesu/opt/anaconda3/envs/airflow2.3.0/lib/python3.8/site-packages/airflow/example_dags/subdags/subdag.py
[2022-07-24 19:16:27,231] {processor.py:161} INFO - Processing /Users/jangheesu/opt/anaconda3/envs/airflow2.3.0/lib/python3.8/site-packages/airflow/example_dags/subdags/subdag.py took 0.030 seconds
[2022-07-24 19:16:57,990] {processor.py:153} INFO - Started process (PID=78194) to work on /Users/jangheesu/opt/anaconda3/envs/airflow2.3.0/lib/python3.8/site-packages/airflow/example_dags/subdags/subdag.py
[2022-07-24 19:16:57,990] {processor.py:641} INFO - Processing file /Users/jangheesu/opt/anaconda3/envs/airflow2.3.0/lib/python3.8/site-packages/airflow/example_dags/subdags/subdag.py for tasks to queue
[2022-07-24 19:16:57,991] {logging_mixin.py:115} INFO - [2022-07-24 19:16:57,990] {dagbag.py:507} INFO - Filling up the DagBag from /Users/jangheesu/opt/anaconda3/envs/airflow2.3.0/lib/python3.8/site-packages/airflow/example_dags/subdags/subdag.py
[2022-07-24 19:16:57,992] {processor.py:653} WARNING - No viable dags retrieved from /Users/jangheesu/opt/anaconda3/envs/airflow2.3.0/lib/python3.8/site-packages/airflow/example_dags/subdags/subdag.py
[2022-07-24 19:16:58,018] {processor.py:161} INFO - Processing /Users/jangheesu/opt/anaconda3/envs/airflow2.3.0/lib/python3.8/site-packages/airflow/example_dags/subdags/subdag.py took 0.029 seconds
[2022-07-24 19:17:28,888] {processor.py:153} INFO - Started process (PID=78457) to work on /Users/jangheesu/opt/anaconda3/envs/airflow2.3.0/lib/python3.8/site-packages/airflow/example_dags/subdags/subdag.py
[2022-07-24 19:17:28,889] {processor.py:641} INFO - Processing file /Users/jangheesu/opt/anaconda3/envs/airflow2.3.0/lib/python3.8/site-packages/airflow/example_dags/subdags/subdag.py for tasks to queue
[2022-07-24 19:17:28,889] {logging_mixin.py:115} INFO - [2022-07-24 19:17:28,889] {dagbag.py:507} INFO - Filling up the DagBag from /Users/jangheesu/opt/anaconda3/envs/airflow2.3.0/lib/python3.8/site-packages/airflow/example_dags/subdags/subdag.py
[2022-07-24 19:17:28,890] {processor.py:653} WARNING - No viable dags retrieved from /Users/jangheesu/opt/anaconda3/envs/airflow2.3.0/lib/python3.8/site-packages/airflow/example_dags/subdags/subdag.py
[2022-07-24 19:17:28,920] {processor.py:161} INFO - Processing /Users/jangheesu/opt/anaconda3/envs/airflow2.3.0/lib/python3.8/site-packages/airflow/example_dags/subdags/subdag.py took 0.032 seconds
[2022-07-24 19:17:59,854] {processor.py:153} INFO - Started process (PID=78861) to work on /Users/jangheesu/opt/anaconda3/envs/airflow2.3.0/lib/python3.8/site-packages/airflow/example_dags/subdags/subdag.py
[2022-07-24 19:17:59,854] {processor.py:641} INFO - Processing file /Users/jangheesu/opt/anaconda3/envs/airflow2.3.0/lib/python3.8/site-packages/airflow/example_dags/subdags/subdag.py for tasks to queue
[2022-07-24 19:17:59,854] {logging_mixin.py:115} INFO - [2022-07-24 19:17:59,854] {dagbag.py:507} INFO - Filling up the DagBag from /Users/jangheesu/opt/anaconda3/envs/airflow2.3.0/lib/python3.8/site-packages/airflow/example_dags/subdags/subdag.py
[2022-07-24 19:17:59,856] {processor.py:653} WARNING - No viable dags retrieved from /Users/jangheesu/opt/anaconda3/envs/airflow2.3.0/lib/python3.8/site-packages/airflow/example_dags/subdags/subdag.py
[2022-07-24 19:17:59,896] {processor.py:161} INFO - Processing /Users/jangheesu/opt/anaconda3/envs/airflow2.3.0/lib/python3.8/site-packages/airflow/example_dags/subdags/subdag.py took 0.042 seconds
