[2022-07-27 22:07:44,267] {taskinstance.py:1159} INFO - Dependencies all met for <TaskInstance: my_first_dag.sleep manual__2022-07-27T13:07:42.633312+00:00 [queued]>
[2022-07-27 22:07:44,272] {taskinstance.py:1159} INFO - Dependencies all met for <TaskInstance: my_first_dag.sleep manual__2022-07-27T13:07:42.633312+00:00 [queued]>
[2022-07-27 22:07:44,272] {taskinstance.py:1356} INFO - 
--------------------------------------------------------------------------------
[2022-07-27 22:07:44,272] {taskinstance.py:1357} INFO - Starting attempt 1 of 1
[2022-07-27 22:07:44,273] {taskinstance.py:1358} INFO - 
--------------------------------------------------------------------------------
[2022-07-27 22:07:44,280] {taskinstance.py:1377} INFO - Executing <Task(BashOperator): sleep> on 2022-07-27 13:07:42.633312+00:00
[2022-07-27 22:07:44,285] {standard_task_runner.py:52} INFO - Started process 10570 to run task
[2022-07-27 22:07:44,288] {standard_task_runner.py:79} INFO - Running: ['airflow', 'tasks', 'run', 'my_first_dag', 'sleep', 'manual__2022-07-27T13:07:42.633312+00:00', '--job-id', '58', '--raw', '--subdir', 'DAGS_FOLDER/test.py', '--cfg-path', '/var/folders/6v/f1q42tlx39bf4xb4nltqccj00000gn/T/tmpkqsz43xx', '--error-file', '/var/folders/6v/f1q42tlx39bf4xb4nltqccj00000gn/T/tmpu0vqihjc']
[2022-07-27 22:07:44,289] {standard_task_runner.py:80} INFO - Job 58: Subtask sleep
[2022-07-27 22:07:44,339] {task_command.py:369} INFO - Running <TaskInstance: my_first_dag.sleep manual__2022-07-27T13:07:42.633312+00:00 [running]> on host janghuisuui-MacBookAir.local
[2022-07-27 22:07:44,401] {taskinstance.py:1569} INFO - Exporting the following env vars:
AIRFLOW_CTX_DAG_OWNER=jovyan
AIRFLOW_CTX_DAG_ID=my_first_dag
AIRFLOW_CTX_TASK_ID=sleep
AIRFLOW_CTX_EXECUTION_DATE=2022-07-27T13:07:42.633312+00:00
AIRFLOW_CTX_TRY_NUMBER=1
AIRFLOW_CTX_DAG_RUN_ID=manual__2022-07-27T13:07:42.633312+00:00
[2022-07-27 22:07:44,402] {subprocess.py:62} INFO - Tmp dir root location: 
 /var/folders/6v/f1q42tlx39bf4xb4nltqccj00000gn/T
[2022-07-27 22:07:44,402] {subprocess.py:74} INFO - Running command: ['bash', '-c', 'sleep 3']
[2022-07-27 22:07:44,409] {subprocess.py:85} INFO - Output:
[2022-07-27 22:07:47,418] {subprocess.py:96} INFO - Command exited with return code 0
[2022-07-27 22:07:47,448] {taskinstance.py:1395} INFO - Marking task as SUCCESS. dag_id=my_first_dag, task_id=sleep, execution_date=20220727T130742, start_date=20220727T130744, end_date=20220727T130747
[2022-07-27 22:07:47,499] {local_task_job.py:156} INFO - Task exited with return code 0
[2022-07-27 22:07:47,527] {local_task_job.py:273} INFO - 1 downstream tasks scheduled from follow-on schedule check
