[2022-07-24 23:16:36,129] {taskinstance.py:1159} INFO - Dependencies all met for <TaskInstance: my_python_dag.task_2 manual__2022-07-24T14:16:34.133529+00:00 [queued]>
[2022-07-24 23:16:36,135] {taskinstance.py:1159} INFO - Dependencies all met for <TaskInstance: my_python_dag.task_2 manual__2022-07-24T14:16:34.133529+00:00 [queued]>
[2022-07-24 23:16:36,135] {taskinstance.py:1356} INFO - 
--------------------------------------------------------------------------------
[2022-07-24 23:16:36,135] {taskinstance.py:1357} INFO - Starting attempt 1 of 1
[2022-07-24 23:16:36,136] {taskinstance.py:1358} INFO - 
--------------------------------------------------------------------------------
[2022-07-24 23:16:36,144] {taskinstance.py:1377} INFO - Executing <Task(PythonOperator): task_2> on 2022-07-24 14:16:34.133529+00:00
[2022-07-24 23:16:36,154] {standard_task_runner.py:79} INFO - Running: ['airflow', 'tasks', 'run', 'my_python_dag', 'task_2', 'manual__2022-07-24T14:16:34.133529+00:00', '--job-id', '24', '--raw', '--subdir', 'DAGS_FOLDER/test3.py', '--cfg-path', '/var/folders/6v/f1q42tlx39bf4xb4nltqccj00000gn/T/tmpqdntmhvb', '--error-file', '/var/folders/6v/f1q42tlx39bf4xb4nltqccj00000gn/T/tmpiqahxn3z']
[2022-07-24 23:16:36,156] {standard_task_runner.py:80} INFO - Job 24: Subtask task_2
[2022-07-24 23:16:36,149] {standard_task_runner.py:52} INFO - Started process 97589 to run task
[2022-07-24 23:16:36,215] {task_command.py:369} INFO - Running <TaskInstance: my_python_dag.task_2 manual__2022-07-24T14:16:34.133529+00:00 [running]> on host janghuisuui-MacBookAir.local
[2022-07-24 23:16:36,270] {taskinstance.py:1569} INFO - Exporting the following env vars:
AIRFLOW_CTX_DAG_OWNER=testJang
AIRFLOW_CTX_DAG_ID=my_python_dag
AIRFLOW_CTX_TASK_ID=task_2
AIRFLOW_CTX_EXECUTION_DATE=2022-07-24T14:16:34.133529+00:00
AIRFLOW_CTX_TRY_NUMBER=1
AIRFLOW_CTX_DAG_RUN_ID=manual__2022-07-24T14:16:34.133529+00:00
[2022-07-24 23:16:36,271] {logging_mixin.py:115} INFO - ====================================================================================================
[2022-07-24 23:16:36,271] {logging_mixin.py:115} INFO - fruit_name: banana
[2022-07-24 23:16:36,271] {logging_mixin.py:115} INFO - ====================================================================================================
[2022-07-24 23:16:36,271] {logging_mixin.py:115} INFO - {'conf': <airflow.configuration.AirflowConfigParser object at 0x7fc8383e2b50>, 'dag': <DAG: my_python_dag>, 'dag_run': <DagRun my_python_dag @ 2022-07-24 14:16:34.133529+00:00: manual__2022-07-24T14:16:34.133529+00:00, externally triggered: True>, 'data_interval_end': DateTime(2022, 7, 24, 0, 0, 0, tzinfo=Timezone('UTC')), 'data_interval_start': DateTime(2022, 7, 23, 0, 0, 0, tzinfo=Timezone('UTC')), 'ds': '2022-07-24', 'ds_nodash': '20220724', 'execution_date': <Proxy at 0x7fc8587e2e80 with factory functools.partial(<function lazy_mapping_from_context.<locals>._deprecated_proxy_factory at 0x7fc7e8e09dc0>, 'execution_date', DateTime(2022, 7, 24, 14, 16, 34, 133529, tzinfo=Timezone('UTC')))>, 'inlets': [], 'logical_date': DateTime(2022, 7, 24, 14, 16, 34, 133529, tzinfo=Timezone('UTC')), 'macros': <module 'airflow.macros' from '/Users/jangheesu/opt/anaconda3/envs/airflow2.3.0/lib/python3.8/site-packages/airflow/macros/__init__.py'>, 'next_ds': <Proxy at 0x7fc8386a97c0 with factory functools.partial(<function lazy_mapping_from_context.<locals>._deprecated_proxy_factory at 0x7fc7e8e09dc0>, 'next_ds', '2022-07-24')>, 'next_ds_nodash': <Proxy at 0x7fc8386a9140 with factory functools.partial(<function lazy_mapping_from_context.<locals>._deprecated_proxy_factory at 0x7fc7e8e09dc0>, 'next_ds_nodash', '20220724')>, 'next_execution_date': <Proxy at 0x7fc8386a9040 with factory functools.partial(<function lazy_mapping_from_context.<locals>._deprecated_proxy_factory at 0x7fc7e8e09dc0>, 'next_execution_date', DateTime(2022, 7, 24, 14, 16, 34, 133529, tzinfo=Timezone('UTC')))>, 'outlets': [], 'params': {}, 'prev_data_interval_start_success': DateTime(2022, 7, 23, 0, 0, 0, tzinfo=Timezone('UTC')), 'prev_data_interval_end_success': DateTime(2022, 7, 24, 0, 0, 0, tzinfo=Timezone('UTC')), 'prev_ds': <Proxy at 0x7fc8386a9440 with factory functools.partial(<function lazy_mapping_from_context.<locals>._deprecated_proxy_factory at 0x7fc7e8e09dc0>, 'prev_ds', '2022-07-24')>, 'prev_ds_nodash': <Proxy at 0x7fc8386a94c0 with factory functools.partial(<function lazy_mapping_from_context.<locals>._deprecated_proxy_factory at 0x7fc7e8e09dc0>, 'prev_ds_nodash', '20220724')>, 'prev_execution_date': <Proxy at 0x7fc8386a9840 with factory functools.partial(<function lazy_mapping_from_context.<locals>._deprecated_proxy_factory at 0x7fc7e8e09dc0>, 'prev_execution_date', DateTime(2022, 7, 24, 14, 16, 34, 133529, tzinfo=Timezone('UTC')))>, 'prev_execution_date_success': <Proxy at 0x7fc8386a9880 with factory functools.partial(<function lazy_mapping_from_context.<locals>._deprecated_proxy_factory at 0x7fc7e8e09dc0>, 'prev_execution_date_success', DateTime(2022, 7, 24, 14, 13, 23, 445313, tzinfo=Timezone('UTC')))>, 'prev_start_date_success': DateTime(2022, 7, 24, 14, 13, 24, 475404, tzinfo=Timezone('UTC')), 'run_id': 'manual__2022-07-24T14:16:34.133529+00:00', 'task': <Task(PythonOperator): task_2>, 'task_instance': <TaskInstance: my_python_dag.task_2 manual__2022-07-24T14:16:34.133529+00:00 [running]>, 'task_instance_key_str': 'my_python_dag__task_2__20220724', 'test_mode': False, 'ti': <TaskInstance: my_python_dag.task_2 manual__2022-07-24T14:16:34.133529+00:00 [running]>, 'tomorrow_ds': <Proxy at 0x7fc8386a98c0 with factory functools.partial(<function lazy_mapping_from_context.<locals>._deprecated_proxy_factory at 0x7fc7e8e09dc0>, 'tomorrow_ds', '2022-07-25')>, 'tomorrow_ds_nodash': <Proxy at 0x7fc8386a9940 with factory functools.partial(<function lazy_mapping_from_context.<locals>._deprecated_proxy_factory at 0x7fc7e8e09dc0>, 'tomorrow_ds_nodash', '20220725')>, 'ts': '2022-07-24T14:16:34.133529+00:00', 'ts_nodash': '20220724T141634', 'ts_nodash_with_tz': '20220724T141634.133529+0000', 'var': {'json': None, 'value': None}, 'conn': None, 'yesterday_ds': <Proxy at 0x7fc8386a9a40 with factory functools.partial(<function lazy_mapping_from_context.<locals>._deprecated_proxy_factory at 0x7fc7e8e09dc0>, 'yesterday_ds', '2022-07-23')>, 'yesterday_ds_nodash': <Proxy at 0x7fc8386a9a80 with factory functools.partial(<function lazy_mapping_from_context.<locals>._deprecated_proxy_factory at 0x7fc7e8e09dc0>, 'yesterday_ds_nodash', '20220723')>, 'templates_dict': None}
[2022-07-24 23:16:36,271] {logging_mixin.py:115} INFO - ====================================================================================================
[2022-07-24 23:16:36,271] {python.py:173} INFO - Done. Returned value was: ptrin complete ~ !!
[2022-07-24 23:16:36,295] {taskinstance.py:1395} INFO - Marking task as SUCCESS. dag_id=my_python_dag, task_id=task_2, execution_date=20220724T141634, start_date=20220724T141636, end_date=20220724T141636
[2022-07-24 23:16:36,337] {local_task_job.py:156} INFO - Task exited with return code 0
[2022-07-24 23:16:36,382] {local_task_job.py:273} INFO - 0 downstream tasks scheduled from follow-on schedule check
