[2022-05-24 12:03:38,409] {scheduler_job.py:182} INFO - Started process (PID=500) to work on /home/airflow/.local/lib/python3.6/site-packages/airflow/example_dags/example_kubernetes_executor.py
[2022-05-24 12:03:38,420] {scheduler_job.py:633} INFO - Processing file /home/airflow/.local/lib/python3.6/site-packages/airflow/example_dags/example_kubernetes_executor.py for tasks to queue
[2022-05-24 12:03:38,428] {logging_mixin.py:104} INFO - [2022-05-24 12:03:38,427] {dagbag.py:487} INFO - Filling up the DagBag from /home/airflow/.local/lib/python3.6/site-packages/airflow/example_dags/example_kubernetes_executor.py
[2022-05-24 12:03:38,553] {scheduler_job.py:643} INFO - DAG(s) dict_keys(['example_kubernetes_executor']) retrieved from /home/airflow/.local/lib/python3.6/site-packages/airflow/example_dags/example_kubernetes_executor.py
[2022-05-24 12:03:53,445] {logging_mixin.py:104} INFO - [2022-05-24 12:03:53,438] {dag.py:1832} INFO - Sync 1 DAGs
[2022-05-24 12:03:53,575] {logging_mixin.py:104} INFO - [2022-05-24 12:03:53,548] {dag.py:1851} INFO - Creating ORM DAG for example_kubernetes_executor
[2022-05-24 12:03:53,611] {logging_mixin.py:104} INFO - [2022-05-24 12:03:53,611] {dag.py:2305} INFO - Setting next_dagrun for example_kubernetes_executor to None
[2022-05-24 12:03:53,703] {scheduler_job.py:190} INFO - Processing /home/airflow/.local/lib/python3.6/site-packages/airflow/example_dags/example_kubernetes_executor.py took 15.328 seconds
[2022-05-24 12:05:58,079] {scheduler_job.py:182} INFO - Started process (PID=745) to work on /home/airflow/.local/lib/python3.6/site-packages/airflow/example_dags/example_kubernetes_executor.py
[2022-05-24 12:05:58,084] {scheduler_job.py:633} INFO - Processing file /home/airflow/.local/lib/python3.6/site-packages/airflow/example_dags/example_kubernetes_executor.py for tasks to queue
[2022-05-24 12:05:58,088] {logging_mixin.py:104} INFO - [2022-05-24 12:05:58,087] {dagbag.py:487} INFO - Filling up the DagBag from /home/airflow/.local/lib/python3.6/site-packages/airflow/example_dags/example_kubernetes_executor.py
[2022-05-24 12:05:58,146] {scheduler_job.py:643} INFO - DAG(s) dict_keys(['example_kubernetes_executor']) retrieved from /home/airflow/.local/lib/python3.6/site-packages/airflow/example_dags/example_kubernetes_executor.py
[2022-05-24 12:05:58,244] {logging_mixin.py:104} INFO - [2022-05-24 12:05:58,243] {dag.py:1832} INFO - Sync 1 DAGs
[2022-05-24 12:05:58,488] {logging_mixin.py:104} INFO - [2022-05-24 12:05:58,488] {dag.py:2305} INFO - Setting next_dagrun for example_kubernetes_executor to None
[2022-05-24 12:05:58,524] {scheduler_job.py:190} INFO - Processing /home/airflow/.local/lib/python3.6/site-packages/airflow/example_dags/example_kubernetes_executor.py took 0.453 seconds
[2022-05-24 12:06:29,013] {scheduler_job.py:182} INFO - Started process (PID=837) to work on /home/airflow/.local/lib/python3.6/site-packages/airflow/example_dags/example_kubernetes_executor.py
[2022-05-24 12:06:29,016] {scheduler_job.py:633} INFO - Processing file /home/airflow/.local/lib/python3.6/site-packages/airflow/example_dags/example_kubernetes_executor.py for tasks to queue
[2022-05-24 12:06:29,018] {logging_mixin.py:104} INFO - [2022-05-24 12:06:29,018] {dagbag.py:487} INFO - Filling up the DagBag from /home/airflow/.local/lib/python3.6/site-packages/airflow/example_dags/example_kubernetes_executor.py
[2022-05-24 12:06:29,058] {scheduler_job.py:643} INFO - DAG(s) dict_keys(['example_kubernetes_executor']) retrieved from /home/airflow/.local/lib/python3.6/site-packages/airflow/example_dags/example_kubernetes_executor.py
[2022-05-24 12:06:29,202] {logging_mixin.py:104} INFO - [2022-05-24 12:06:29,202] {dag.py:1832} INFO - Sync 1 DAGs
[2022-05-24 12:06:29,232] {logging_mixin.py:104} INFO - [2022-05-24 12:06:29,232] {dag.py:2305} INFO - Setting next_dagrun for example_kubernetes_executor to None
[2022-05-24 12:06:29,255] {scheduler_job.py:190} INFO - Processing /home/airflow/.local/lib/python3.6/site-packages/airflow/example_dags/example_kubernetes_executor.py took 0.248 seconds
[2022-05-24 12:06:59,609] {scheduler_job.py:182} INFO - Started process (PID=947) to work on /home/airflow/.local/lib/python3.6/site-packages/airflow/example_dags/example_kubernetes_executor.py
[2022-05-24 12:06:59,615] {scheduler_job.py:633} INFO - Processing file /home/airflow/.local/lib/python3.6/site-packages/airflow/example_dags/example_kubernetes_executor.py for tasks to queue
[2022-05-24 12:06:59,618] {logging_mixin.py:104} INFO - [2022-05-24 12:06:59,617] {dagbag.py:487} INFO - Filling up the DagBag from /home/airflow/.local/lib/python3.6/site-packages/airflow/example_dags/example_kubernetes_executor.py
[2022-05-24 12:06:59,667] {scheduler_job.py:643} INFO - DAG(s) dict_keys(['example_kubernetes_executor']) retrieved from /home/airflow/.local/lib/python3.6/site-packages/airflow/example_dags/example_kubernetes_executor.py
[2022-05-24 12:06:59,844] {logging_mixin.py:104} INFO - [2022-05-24 12:06:59,843] {dag.py:1832} INFO - Sync 1 DAGs
[2022-05-24 12:06:59,911] {logging_mixin.py:104} INFO - [2022-05-24 12:06:59,910] {dag.py:2305} INFO - Setting next_dagrun for example_kubernetes_executor to None
[2022-05-24 12:06:59,940] {scheduler_job.py:190} INFO - Processing /home/airflow/.local/lib/python3.6/site-packages/airflow/example_dags/example_kubernetes_executor.py took 0.338 seconds
[2022-05-24 12:07:30,703] {scheduler_job.py:182} INFO - Started process (PID=1036) to work on /home/airflow/.local/lib/python3.6/site-packages/airflow/example_dags/example_kubernetes_executor.py
[2022-05-24 12:07:30,708] {scheduler_job.py:633} INFO - Processing file /home/airflow/.local/lib/python3.6/site-packages/airflow/example_dags/example_kubernetes_executor.py for tasks to queue
[2022-05-24 12:07:30,711] {logging_mixin.py:104} INFO - [2022-05-24 12:07:30,710] {dagbag.py:487} INFO - Filling up the DagBag from /home/airflow/.local/lib/python3.6/site-packages/airflow/example_dags/example_kubernetes_executor.py
[2022-05-24 12:07:30,753] {scheduler_job.py:643} INFO - DAG(s) dict_keys(['example_kubernetes_executor']) retrieved from /home/airflow/.local/lib/python3.6/site-packages/airflow/example_dags/example_kubernetes_executor.py
[2022-05-24 12:07:30,909] {logging_mixin.py:104} INFO - [2022-05-24 12:07:30,908] {dag.py:1832} INFO - Sync 1 DAGs
[2022-05-24 12:07:30,940] {logging_mixin.py:104} INFO - [2022-05-24 12:07:30,939] {dag.py:2305} INFO - Setting next_dagrun for example_kubernetes_executor to None
[2022-05-24 12:07:30,963] {scheduler_job.py:190} INFO - Processing /home/airflow/.local/lib/python3.6/site-packages/airflow/example_dags/example_kubernetes_executor.py took 0.268 seconds
[2022-05-24 12:08:01,318] {scheduler_job.py:182} INFO - Started process (PID=1143) to work on /home/airflow/.local/lib/python3.6/site-packages/airflow/example_dags/example_kubernetes_executor.py
[2022-05-24 12:08:01,323] {scheduler_job.py:633} INFO - Processing file /home/airflow/.local/lib/python3.6/site-packages/airflow/example_dags/example_kubernetes_executor.py for tasks to queue
[2022-05-24 12:08:01,329] {logging_mixin.py:104} INFO - [2022-05-24 12:08:01,328] {dagbag.py:487} INFO - Filling up the DagBag from /home/airflow/.local/lib/python3.6/site-packages/airflow/example_dags/example_kubernetes_executor.py
[2022-05-24 12:08:01,530] {scheduler_job.py:643} INFO - DAG(s) dict_keys(['example_kubernetes_executor']) retrieved from /home/airflow/.local/lib/python3.6/site-packages/airflow/example_dags/example_kubernetes_executor.py
[2022-05-24 12:08:01,604] {logging_mixin.py:104} INFO - [2022-05-24 12:08:01,603] {dag.py:1832} INFO - Sync 1 DAGs
[2022-05-24 12:08:01,647] {logging_mixin.py:104} INFO - [2022-05-24 12:08:01,646] {dag.py:2305} INFO - Setting next_dagrun for example_kubernetes_executor to None
[2022-05-24 12:08:01,683] {scheduler_job.py:190} INFO - Processing /home/airflow/.local/lib/python3.6/site-packages/airflow/example_dags/example_kubernetes_executor.py took 0.374 seconds
[2022-05-24 12:08:32,254] {scheduler_job.py:182} INFO - Started process (PID=1234) to work on /home/airflow/.local/lib/python3.6/site-packages/airflow/example_dags/example_kubernetes_executor.py
[2022-05-24 12:08:32,263] {scheduler_job.py:633} INFO - Processing file /home/airflow/.local/lib/python3.6/site-packages/airflow/example_dags/example_kubernetes_executor.py for tasks to queue
[2022-05-24 12:08:32,267] {logging_mixin.py:104} INFO - [2022-05-24 12:08:32,266] {dagbag.py:487} INFO - Filling up the DagBag from /home/airflow/.local/lib/python3.6/site-packages/airflow/example_dags/example_kubernetes_executor.py
[2022-05-24 12:08:32,413] {scheduler_job.py:643} INFO - DAG(s) dict_keys(['example_kubernetes_executor']) retrieved from /home/airflow/.local/lib/python3.6/site-packages/airflow/example_dags/example_kubernetes_executor.py
[2022-05-24 12:08:32,463] {logging_mixin.py:104} INFO - [2022-05-24 12:08:32,463] {dag.py:1832} INFO - Sync 1 DAGs
[2022-05-24 12:08:32,497] {logging_mixin.py:104} INFO - [2022-05-24 12:08:32,496] {dag.py:2305} INFO - Setting next_dagrun for example_kubernetes_executor to None
[2022-05-24 12:08:32,523] {scheduler_job.py:190} INFO - Processing /home/airflow/.local/lib/python3.6/site-packages/airflow/example_dags/example_kubernetes_executor.py took 0.279 seconds
[2022-05-24 12:09:02,587] {scheduler_job.py:182} INFO - Started process (PID=1342) to work on /home/airflow/.local/lib/python3.6/site-packages/airflow/example_dags/example_kubernetes_executor.py
[2022-05-24 12:09:02,595] {scheduler_job.py:633} INFO - Processing file /home/airflow/.local/lib/python3.6/site-packages/airflow/example_dags/example_kubernetes_executor.py for tasks to queue
[2022-05-24 12:09:02,599] {logging_mixin.py:104} INFO - [2022-05-24 12:09:02,598] {dagbag.py:487} INFO - Filling up the DagBag from /home/airflow/.local/lib/python3.6/site-packages/airflow/example_dags/example_kubernetes_executor.py
[2022-05-24 12:09:02,785] {scheduler_job.py:643} INFO - DAG(s) dict_keys(['example_kubernetes_executor']) retrieved from /home/airflow/.local/lib/python3.6/site-packages/airflow/example_dags/example_kubernetes_executor.py
[2022-05-24 12:09:02,893] {logging_mixin.py:104} INFO - [2022-05-24 12:09:02,893] {dag.py:1832} INFO - Sync 1 DAGs
[2022-05-24 12:09:02,936] {logging_mixin.py:104} INFO - [2022-05-24 12:09:02,935] {dag.py:2305} INFO - Setting next_dagrun for example_kubernetes_executor to None
[2022-05-24 12:09:02,969] {scheduler_job.py:190} INFO - Processing /home/airflow/.local/lib/python3.6/site-packages/airflow/example_dags/example_kubernetes_executor.py took 0.397 seconds
[2022-05-24 12:09:33,790] {scheduler_job.py:182} INFO - Started process (PID=1445) to work on /home/airflow/.local/lib/python3.6/site-packages/airflow/example_dags/example_kubernetes_executor.py
[2022-05-24 12:09:33,794] {scheduler_job.py:633} INFO - Processing file /home/airflow/.local/lib/python3.6/site-packages/airflow/example_dags/example_kubernetes_executor.py for tasks to queue
[2022-05-24 12:09:33,797] {logging_mixin.py:104} INFO - [2022-05-24 12:09:33,797] {dagbag.py:487} INFO - Filling up the DagBag from /home/airflow/.local/lib/python3.6/site-packages/airflow/example_dags/example_kubernetes_executor.py
[2022-05-24 12:09:33,961] {scheduler_job.py:643} INFO - DAG(s) dict_keys(['example_kubernetes_executor']) retrieved from /home/airflow/.local/lib/python3.6/site-packages/airflow/example_dags/example_kubernetes_executor.py
[2022-05-24 12:09:34,024] {logging_mixin.py:104} INFO - [2022-05-24 12:09:34,023] {dag.py:1832} INFO - Sync 1 DAGs
[2022-05-24 12:09:34,064] {logging_mixin.py:104} INFO - [2022-05-24 12:09:34,064] {dag.py:2305} INFO - Setting next_dagrun for example_kubernetes_executor to None
[2022-05-24 12:09:34,097] {scheduler_job.py:190} INFO - Processing /home/airflow/.local/lib/python3.6/site-packages/airflow/example_dags/example_kubernetes_executor.py took 0.314 seconds
[2022-05-24 12:10:04,176] {scheduler_job.py:182} INFO - Started process (PID=1539) to work on /home/airflow/.local/lib/python3.6/site-packages/airflow/example_dags/example_kubernetes_executor.py
[2022-05-24 12:10:04,192] {scheduler_job.py:633} INFO - Processing file /home/airflow/.local/lib/python3.6/site-packages/airflow/example_dags/example_kubernetes_executor.py for tasks to queue
[2022-05-24 12:10:04,197] {logging_mixin.py:104} INFO - [2022-05-24 12:10:04,197] {dagbag.py:487} INFO - Filling up the DagBag from /home/airflow/.local/lib/python3.6/site-packages/airflow/example_dags/example_kubernetes_executor.py
[2022-05-24 12:10:04,451] {scheduler_job.py:643} INFO - DAG(s) dict_keys(['example_kubernetes_executor']) retrieved from /home/airflow/.local/lib/python3.6/site-packages/airflow/example_dags/example_kubernetes_executor.py
[2022-05-24 12:10:04,519] {logging_mixin.py:104} INFO - [2022-05-24 12:10:04,519] {dag.py:1832} INFO - Sync 1 DAGs
[2022-05-24 12:10:04,567] {logging_mixin.py:104} INFO - [2022-05-24 12:10:04,567] {dag.py:2305} INFO - Setting next_dagrun for example_kubernetes_executor to None
[2022-05-24 12:10:04,602] {scheduler_job.py:190} INFO - Processing /home/airflow/.local/lib/python3.6/site-packages/airflow/example_dags/example_kubernetes_executor.py took 0.436 seconds
[2022-05-24 12:10:34,788] {scheduler_job.py:182} INFO - Started process (PID=1642) to work on /home/airflow/.local/lib/python3.6/site-packages/airflow/example_dags/example_kubernetes_executor.py
[2022-05-24 12:10:34,794] {scheduler_job.py:633} INFO - Processing file /home/airflow/.local/lib/python3.6/site-packages/airflow/example_dags/example_kubernetes_executor.py for tasks to queue
[2022-05-24 12:10:34,798] {logging_mixin.py:104} INFO - [2022-05-24 12:10:34,798] {dagbag.py:487} INFO - Filling up the DagBag from /home/airflow/.local/lib/python3.6/site-packages/airflow/example_dags/example_kubernetes_executor.py
[2022-05-24 12:10:34,965] {scheduler_job.py:643} INFO - DAG(s) dict_keys(['example_kubernetes_executor']) retrieved from /home/airflow/.local/lib/python3.6/site-packages/airflow/example_dags/example_kubernetes_executor.py
[2022-05-24 12:10:35,024] {logging_mixin.py:104} INFO - [2022-05-24 12:10:35,023] {dag.py:1832} INFO - Sync 1 DAGs
[2022-05-24 12:10:35,064] {logging_mixin.py:104} INFO - [2022-05-24 12:10:35,064] {dag.py:2305} INFO - Setting next_dagrun for example_kubernetes_executor to None
[2022-05-24 12:10:35,093] {scheduler_job.py:190} INFO - Processing /home/airflow/.local/lib/python3.6/site-packages/airflow/example_dags/example_kubernetes_executor.py took 0.313 seconds
[2022-05-24 12:11:05,631] {scheduler_job.py:182} INFO - Started process (PID=1744) to work on /home/airflow/.local/lib/python3.6/site-packages/airflow/example_dags/example_kubernetes_executor.py
[2022-05-24 12:11:05,635] {scheduler_job.py:633} INFO - Processing file /home/airflow/.local/lib/python3.6/site-packages/airflow/example_dags/example_kubernetes_executor.py for tasks to queue
[2022-05-24 12:11:05,637] {logging_mixin.py:104} INFO - [2022-05-24 12:11:05,637] {dagbag.py:487} INFO - Filling up the DagBag from /home/airflow/.local/lib/python3.6/site-packages/airflow/example_dags/example_kubernetes_executor.py
[2022-05-24 12:11:05,787] {scheduler_job.py:643} INFO - DAG(s) dict_keys(['example_kubernetes_executor']) retrieved from /home/airflow/.local/lib/python3.6/site-packages/airflow/example_dags/example_kubernetes_executor.py
[2022-05-24 12:11:05,838] {logging_mixin.py:104} INFO - [2022-05-24 12:11:05,837] {dag.py:1832} INFO - Sync 1 DAGs
[2022-05-24 12:11:05,872] {logging_mixin.py:104} INFO - [2022-05-24 12:11:05,872] {dag.py:2305} INFO - Setting next_dagrun for example_kubernetes_executor to None
[2022-05-24 12:11:05,901] {scheduler_job.py:190} INFO - Processing /home/airflow/.local/lib/python3.6/site-packages/airflow/example_dags/example_kubernetes_executor.py took 0.276 seconds
[2022-05-24 12:11:36,140] {scheduler_job.py:182} INFO - Started process (PID=1849) to work on /home/airflow/.local/lib/python3.6/site-packages/airflow/example_dags/example_kubernetes_executor.py
[2022-05-24 12:11:36,265] {scheduler_job.py:633} INFO - Processing file /home/airflow/.local/lib/python3.6/site-packages/airflow/example_dags/example_kubernetes_executor.py for tasks to queue
[2022-05-24 12:11:36,268] {logging_mixin.py:104} INFO - [2022-05-24 12:11:36,268] {dagbag.py:487} INFO - Filling up the DagBag from /home/airflow/.local/lib/python3.6/site-packages/airflow/example_dags/example_kubernetes_executor.py
[2022-05-24 12:11:36,309] {scheduler_job.py:643} INFO - DAG(s) dict_keys(['example_kubernetes_executor']) retrieved from /home/airflow/.local/lib/python3.6/site-packages/airflow/example_dags/example_kubernetes_executor.py
[2022-05-24 12:11:36,366] {logging_mixin.py:104} INFO - [2022-05-24 12:11:36,365] {dag.py:1832} INFO - Sync 1 DAGs
[2022-05-24 12:11:36,404] {logging_mixin.py:104} INFO - [2022-05-24 12:11:36,403] {dag.py:2305} INFO - Setting next_dagrun for example_kubernetes_executor to None
[2022-05-24 12:11:36,435] {scheduler_job.py:190} INFO - Processing /home/airflow/.local/lib/python3.6/site-packages/airflow/example_dags/example_kubernetes_executor.py took 0.302 seconds
[2022-05-24 12:12:07,153] {scheduler_job.py:182} INFO - Started process (PID=1946) to work on /home/airflow/.local/lib/python3.6/site-packages/airflow/example_dags/example_kubernetes_executor.py
[2022-05-24 12:12:07,158] {scheduler_job.py:633} INFO - Processing file /home/airflow/.local/lib/python3.6/site-packages/airflow/example_dags/example_kubernetes_executor.py for tasks to queue
[2022-05-24 12:12:07,161] {logging_mixin.py:104} INFO - [2022-05-24 12:12:07,161] {dagbag.py:487} INFO - Filling up the DagBag from /home/airflow/.local/lib/python3.6/site-packages/airflow/example_dags/example_kubernetes_executor.py
[2022-05-24 12:12:07,211] {scheduler_job.py:643} INFO - DAG(s) dict_keys(['example_kubernetes_executor']) retrieved from /home/airflow/.local/lib/python3.6/site-packages/airflow/example_dags/example_kubernetes_executor.py
[2022-05-24 12:12:07,274] {logging_mixin.py:104} INFO - [2022-05-24 12:12:07,274] {dag.py:1832} INFO - Sync 1 DAGs
[2022-05-24 12:12:07,319] {logging_mixin.py:104} INFO - [2022-05-24 12:12:07,319] {dag.py:2305} INFO - Setting next_dagrun for example_kubernetes_executor to None
[2022-05-24 12:12:07,356] {scheduler_job.py:190} INFO - Processing /home/airflow/.local/lib/python3.6/site-packages/airflow/example_dags/example_kubernetes_executor.py took 0.213 seconds
[2022-05-24 12:12:37,811] {scheduler_job.py:182} INFO - Started process (PID=2050) to work on /home/airflow/.local/lib/python3.6/site-packages/airflow/example_dags/example_kubernetes_executor.py
[2022-05-24 12:12:37,815] {scheduler_job.py:633} INFO - Processing file /home/airflow/.local/lib/python3.6/site-packages/airflow/example_dags/example_kubernetes_executor.py for tasks to queue
[2022-05-24 12:12:37,819] {logging_mixin.py:104} INFO - [2022-05-24 12:12:37,818] {dagbag.py:487} INFO - Filling up the DagBag from /home/airflow/.local/lib/python3.6/site-packages/airflow/example_dags/example_kubernetes_executor.py
[2022-05-24 12:12:37,863] {scheduler_job.py:643} INFO - DAG(s) dict_keys(['example_kubernetes_executor']) retrieved from /home/airflow/.local/lib/python3.6/site-packages/airflow/example_dags/example_kubernetes_executor.py
[2022-05-24 12:12:37,929] {logging_mixin.py:104} INFO - [2022-05-24 12:12:37,928] {dag.py:1832} INFO - Sync 1 DAGs
[2022-05-24 12:12:37,971] {logging_mixin.py:104} INFO - [2022-05-24 12:12:37,970] {dag.py:2305} INFO - Setting next_dagrun for example_kubernetes_executor to None
[2022-05-24 12:12:38,003] {scheduler_job.py:190} INFO - Processing /home/airflow/.local/lib/python3.6/site-packages/airflow/example_dags/example_kubernetes_executor.py took 0.199 seconds
