[2022-05-24 12:05:49,977] {scheduler_job.py:182} INFO - Started process (PID=702) to work on /home/airflow/.local/lib/python3.6/site-packages/airflow/example_dags/example_complex.py
[2022-05-24 12:05:49,982] {scheduler_job.py:633} INFO - Processing file /home/airflow/.local/lib/python3.6/site-packages/airflow/example_dags/example_complex.py for tasks to queue
[2022-05-24 12:05:49,985] {logging_mixin.py:104} INFO - [2022-05-24 12:05:49,985] {dagbag.py:487} INFO - Filling up the DagBag from /home/airflow/.local/lib/python3.6/site-packages/airflow/example_dags/example_complex.py
[2022-05-24 12:05:50,217] {scheduler_job.py:643} INFO - DAG(s) dict_keys(['example_complex']) retrieved from /home/airflow/.local/lib/python3.6/site-packages/airflow/example_dags/example_complex.py
[2022-05-24 12:06:03,172] {logging_mixin.py:104} INFO - [2022-05-24 12:06:03,165] {dag.py:1832} INFO - Sync 1 DAGs
[2022-05-24 12:06:03,239] {logging_mixin.py:104} INFO - [2022-05-24 12:06:03,225] {dag.py:1851} INFO - Creating ORM DAG for example_complex
[2022-05-24 12:06:03,259] {logging_mixin.py:104} INFO - [2022-05-24 12:06:03,259] {dag.py:2305} INFO - Setting next_dagrun for example_complex to None
[2022-05-24 12:06:03,324] {scheduler_job.py:190} INFO - Processing /home/airflow/.local/lib/python3.6/site-packages/airflow/example_dags/example_complex.py took 13.355 seconds
[2022-05-24 12:06:34,140] {scheduler_job.py:182} INFO - Started process (PID=869) to work on /home/airflow/.local/lib/python3.6/site-packages/airflow/example_dags/example_complex.py
[2022-05-24 12:06:34,144] {scheduler_job.py:633} INFO - Processing file /home/airflow/.local/lib/python3.6/site-packages/airflow/example_dags/example_complex.py for tasks to queue
[2022-05-24 12:06:34,147] {logging_mixin.py:104} INFO - [2022-05-24 12:06:34,147] {dagbag.py:487} INFO - Filling up the DagBag from /home/airflow/.local/lib/python3.6/site-packages/airflow/example_dags/example_complex.py
[2022-05-24 12:06:34,375] {scheduler_job.py:643} INFO - DAG(s) dict_keys(['example_complex']) retrieved from /home/airflow/.local/lib/python3.6/site-packages/airflow/example_dags/example_complex.py
[2022-05-24 12:06:34,471] {logging_mixin.py:104} INFO - [2022-05-24 12:06:34,470] {dag.py:1832} INFO - Sync 1 DAGs
[2022-05-24 12:06:34,514] {logging_mixin.py:104} INFO - [2022-05-24 12:06:34,514] {dag.py:2305} INFO - Setting next_dagrun for example_complex to None
[2022-05-24 12:06:34,551] {scheduler_job.py:190} INFO - Processing /home/airflow/.local/lib/python3.6/site-packages/airflow/example_dags/example_complex.py took 0.418 seconds
[2022-05-24 12:07:04,671] {scheduler_job.py:182} INFO - Started process (PID=968) to work on /home/airflow/.local/lib/python3.6/site-packages/airflow/example_dags/example_complex.py
[2022-05-24 12:07:04,677] {scheduler_job.py:633} INFO - Processing file /home/airflow/.local/lib/python3.6/site-packages/airflow/example_dags/example_complex.py for tasks to queue
[2022-05-24 12:07:04,680] {logging_mixin.py:104} INFO - [2022-05-24 12:07:04,679] {dagbag.py:487} INFO - Filling up the DagBag from /home/airflow/.local/lib/python3.6/site-packages/airflow/example_dags/example_complex.py
[2022-05-24 12:07:04,899] {scheduler_job.py:643} INFO - DAG(s) dict_keys(['example_complex']) retrieved from /home/airflow/.local/lib/python3.6/site-packages/airflow/example_dags/example_complex.py
[2022-05-24 12:07:04,985] {logging_mixin.py:104} INFO - [2022-05-24 12:07:04,985] {dag.py:1832} INFO - Sync 1 DAGs
[2022-05-24 12:07:05,023] {logging_mixin.py:104} INFO - [2022-05-24 12:07:05,023] {dag.py:2305} INFO - Setting next_dagrun for example_complex to None
[2022-05-24 12:07:05,057] {scheduler_job.py:190} INFO - Processing /home/airflow/.local/lib/python3.6/site-packages/airflow/example_dags/example_complex.py took 0.394 seconds
[2022-05-24 12:07:35,220] {scheduler_job.py:182} INFO - Started process (PID=1071) to work on /home/airflow/.local/lib/python3.6/site-packages/airflow/example_dags/example_complex.py
[2022-05-24 12:07:35,226] {scheduler_job.py:633} INFO - Processing file /home/airflow/.local/lib/python3.6/site-packages/airflow/example_dags/example_complex.py for tasks to queue
[2022-05-24 12:07:35,229] {logging_mixin.py:104} INFO - [2022-05-24 12:07:35,229] {dagbag.py:487} INFO - Filling up the DagBag from /home/airflow/.local/lib/python3.6/site-packages/airflow/example_dags/example_complex.py
[2022-05-24 12:07:35,443] {scheduler_job.py:643} INFO - DAG(s) dict_keys(['example_complex']) retrieved from /home/airflow/.local/lib/python3.6/site-packages/airflow/example_dags/example_complex.py
[2022-05-24 12:07:35,541] {logging_mixin.py:104} INFO - [2022-05-24 12:07:35,540] {dag.py:1832} INFO - Sync 1 DAGs
[2022-05-24 12:07:35,578] {logging_mixin.py:104} INFO - [2022-05-24 12:07:35,578] {dag.py:2305} INFO - Setting next_dagrun for example_complex to None
[2022-05-24 12:07:35,612] {scheduler_job.py:190} INFO - Processing /home/airflow/.local/lib/python3.6/site-packages/airflow/example_dags/example_complex.py took 0.398 seconds
[2022-05-24 12:08:05,869] {scheduler_job.py:182} INFO - Started process (PID=1164) to work on /home/airflow/.local/lib/python3.6/site-packages/airflow/example_dags/example_complex.py
[2022-05-24 12:08:05,874] {scheduler_job.py:633} INFO - Processing file /home/airflow/.local/lib/python3.6/site-packages/airflow/example_dags/example_complex.py for tasks to queue
[2022-05-24 12:08:05,884] {logging_mixin.py:104} INFO - [2022-05-24 12:08:05,883] {dagbag.py:487} INFO - Filling up the DagBag from /home/airflow/.local/lib/python3.6/site-packages/airflow/example_dags/example_complex.py
[2022-05-24 12:08:06,169] {scheduler_job.py:643} INFO - DAG(s) dict_keys(['example_complex']) retrieved from /home/airflow/.local/lib/python3.6/site-packages/airflow/example_dags/example_complex.py
[2022-05-24 12:08:06,296] {logging_mixin.py:104} INFO - [2022-05-24 12:08:06,295] {dag.py:1832} INFO - Sync 1 DAGs
[2022-05-24 12:08:06,358] {logging_mixin.py:104} INFO - [2022-05-24 12:08:06,358] {dag.py:2305} INFO - Setting next_dagrun for example_complex to None
[2022-05-24 12:08:06,405] {scheduler_job.py:190} INFO - Processing /home/airflow/.local/lib/python3.6/site-packages/airflow/example_dags/example_complex.py took 0.544 seconds
[2022-05-24 12:08:36,901] {scheduler_job.py:182} INFO - Started process (PID=1270) to work on /home/airflow/.local/lib/python3.6/site-packages/airflow/example_dags/example_complex.py
[2022-05-24 12:08:36,911] {scheduler_job.py:633} INFO - Processing file /home/airflow/.local/lib/python3.6/site-packages/airflow/example_dags/example_complex.py for tasks to queue
[2022-05-24 12:08:36,914] {logging_mixin.py:104} INFO - [2022-05-24 12:08:36,914] {dagbag.py:487} INFO - Filling up the DagBag from /home/airflow/.local/lib/python3.6/site-packages/airflow/example_dags/example_complex.py
[2022-05-24 12:08:37,146] {scheduler_job.py:643} INFO - DAG(s) dict_keys(['example_complex']) retrieved from /home/airflow/.local/lib/python3.6/site-packages/airflow/example_dags/example_complex.py
[2022-05-24 12:08:37,277] {logging_mixin.py:104} INFO - [2022-05-24 12:08:37,276] {dag.py:1832} INFO - Sync 1 DAGs
[2022-05-24 12:08:37,319] {logging_mixin.py:104} INFO - [2022-05-24 12:08:37,318] {dag.py:2305} INFO - Setting next_dagrun for example_complex to None
[2022-05-24 12:08:37,372] {scheduler_job.py:190} INFO - Processing /home/airflow/.local/lib/python3.6/site-packages/airflow/example_dags/example_complex.py took 0.479 seconds
[2022-05-24 12:09:09,764] {scheduler_job.py:182} INFO - Started process (PID=1369) to work on /home/airflow/.local/lib/python3.6/site-packages/airflow/example_dags/example_complex.py
[2022-05-24 12:09:09,771] {scheduler_job.py:633} INFO - Processing file /home/airflow/.local/lib/python3.6/site-packages/airflow/example_dags/example_complex.py for tasks to queue
[2022-05-24 12:09:09,775] {logging_mixin.py:104} INFO - [2022-05-24 12:09:09,774] {dagbag.py:487} INFO - Filling up the DagBag from /home/airflow/.local/lib/python3.6/site-packages/airflow/example_dags/example_complex.py
[2022-05-24 12:09:10,082] {scheduler_job.py:643} INFO - DAG(s) dict_keys(['example_complex']) retrieved from /home/airflow/.local/lib/python3.6/site-packages/airflow/example_dags/example_complex.py
[2022-05-24 12:09:10,192] {logging_mixin.py:104} INFO - [2022-05-24 12:09:10,191] {dag.py:1832} INFO - Sync 1 DAGs
[2022-05-24 12:09:10,235] {logging_mixin.py:104} INFO - [2022-05-24 12:09:10,234] {dag.py:2305} INFO - Setting next_dagrun for example_complex to None
[2022-05-24 12:09:10,265] {scheduler_job.py:190} INFO - Processing /home/airflow/.local/lib/python3.6/site-packages/airflow/example_dags/example_complex.py took 0.511 seconds
[2022-05-24 12:09:41,104] {scheduler_job.py:182} INFO - Started process (PID=1480) to work on /home/airflow/.local/lib/python3.6/site-packages/airflow/example_dags/example_complex.py
[2022-05-24 12:09:41,110] {scheduler_job.py:633} INFO - Processing file /home/airflow/.local/lib/python3.6/site-packages/airflow/example_dags/example_complex.py for tasks to queue
[2022-05-24 12:09:41,114] {logging_mixin.py:104} INFO - [2022-05-24 12:09:41,114] {dagbag.py:487} INFO - Filling up the DagBag from /home/airflow/.local/lib/python3.6/site-packages/airflow/example_dags/example_complex.py
[2022-05-24 12:09:41,342] {scheduler_job.py:643} INFO - DAG(s) dict_keys(['example_complex']) retrieved from /home/airflow/.local/lib/python3.6/site-packages/airflow/example_dags/example_complex.py
[2022-05-24 12:09:41,436] {logging_mixin.py:104} INFO - [2022-05-24 12:09:41,436] {dag.py:1832} INFO - Sync 1 DAGs
[2022-05-24 12:09:41,475] {logging_mixin.py:104} INFO - [2022-05-24 12:09:41,475] {dag.py:2305} INFO - Setting next_dagrun for example_complex to None
[2022-05-24 12:09:41,508] {scheduler_job.py:190} INFO - Processing /home/airflow/.local/lib/python3.6/site-packages/airflow/example_dags/example_complex.py took 0.413 seconds
[2022-05-24 12:10:12,237] {scheduler_job.py:182} INFO - Started process (PID=1570) to work on /home/airflow/.local/lib/python3.6/site-packages/airflow/example_dags/example_complex.py
[2022-05-24 12:10:12,241] {scheduler_job.py:633} INFO - Processing file /home/airflow/.local/lib/python3.6/site-packages/airflow/example_dags/example_complex.py for tasks to queue
[2022-05-24 12:10:12,243] {logging_mixin.py:104} INFO - [2022-05-24 12:10:12,243] {dagbag.py:487} INFO - Filling up the DagBag from /home/airflow/.local/lib/python3.6/site-packages/airflow/example_dags/example_complex.py
[2022-05-24 12:10:12,438] {scheduler_job.py:643} INFO - DAG(s) dict_keys(['example_complex']) retrieved from /home/airflow/.local/lib/python3.6/site-packages/airflow/example_dags/example_complex.py
[2022-05-24 12:10:12,520] {logging_mixin.py:104} INFO - [2022-05-24 12:10:12,520] {dag.py:1832} INFO - Sync 1 DAGs
[2022-05-24 12:10:12,551] {logging_mixin.py:104} INFO - [2022-05-24 12:10:12,550] {dag.py:2305} INFO - Setting next_dagrun for example_complex to None
[2022-05-24 12:10:12,575] {scheduler_job.py:190} INFO - Processing /home/airflow/.local/lib/python3.6/site-packages/airflow/example_dags/example_complex.py took 0.345 seconds
[2022-05-24 12:10:42,725] {scheduler_job.py:182} INFO - Started process (PID=1682) to work on /home/airflow/.local/lib/python3.6/site-packages/airflow/example_dags/example_complex.py
[2022-05-24 12:10:42,746] {scheduler_job.py:633} INFO - Processing file /home/airflow/.local/lib/python3.6/site-packages/airflow/example_dags/example_complex.py for tasks to queue
[2022-05-24 12:10:42,749] {logging_mixin.py:104} INFO - [2022-05-24 12:10:42,749] {dagbag.py:487} INFO - Filling up the DagBag from /home/airflow/.local/lib/python3.6/site-packages/airflow/example_dags/example_complex.py
[2022-05-24 12:10:43,060] {scheduler_job.py:643} INFO - DAG(s) dict_keys(['example_complex']) retrieved from /home/airflow/.local/lib/python3.6/site-packages/airflow/example_dags/example_complex.py
[2022-05-24 12:10:43,170] {logging_mixin.py:104} INFO - [2022-05-24 12:10:43,170] {dag.py:1832} INFO - Sync 1 DAGs
[2022-05-24 12:10:43,213] {logging_mixin.py:104} INFO - [2022-05-24 12:10:43,212] {dag.py:2305} INFO - Setting next_dagrun for example_complex to None
[2022-05-24 12:10:43,246] {scheduler_job.py:190} INFO - Processing /home/airflow/.local/lib/python3.6/site-packages/airflow/example_dags/example_complex.py took 0.541 seconds
[2022-05-24 12:11:13,342] {scheduler_job.py:182} INFO - Started process (PID=1779) to work on /home/airflow/.local/lib/python3.6/site-packages/airflow/example_dags/example_complex.py
[2022-05-24 12:11:13,347] {scheduler_job.py:633} INFO - Processing file /home/airflow/.local/lib/python3.6/site-packages/airflow/example_dags/example_complex.py for tasks to queue
[2022-05-24 12:11:13,350] {logging_mixin.py:104} INFO - [2022-05-24 12:11:13,350] {dagbag.py:487} INFO - Filling up the DagBag from /home/airflow/.local/lib/python3.6/site-packages/airflow/example_dags/example_complex.py
[2022-05-24 12:11:13,556] {scheduler_job.py:643} INFO - DAG(s) dict_keys(['example_complex']) retrieved from /home/airflow/.local/lib/python3.6/site-packages/airflow/example_dags/example_complex.py
[2022-05-24 12:11:13,645] {logging_mixin.py:104} INFO - [2022-05-24 12:11:13,645] {dag.py:1832} INFO - Sync 1 DAGs
[2022-05-24 12:11:13,681] {logging_mixin.py:104} INFO - [2022-05-24 12:11:13,681] {dag.py:2305} INFO - Setting next_dagrun for example_complex to None
[2022-05-24 12:11:13,711] {scheduler_job.py:190} INFO - Processing /home/airflow/.local/lib/python3.6/site-packages/airflow/example_dags/example_complex.py took 0.379 seconds
[2022-05-24 12:11:44,155] {scheduler_job.py:182} INFO - Started process (PID=1881) to work on /home/airflow/.local/lib/python3.6/site-packages/airflow/example_dags/example_complex.py
[2022-05-24 12:11:44,286] {scheduler_job.py:633} INFO - Processing file /home/airflow/.local/lib/python3.6/site-packages/airflow/example_dags/example_complex.py for tasks to queue
[2022-05-24 12:11:44,289] {logging_mixin.py:104} INFO - [2022-05-24 12:11:44,289] {dagbag.py:487} INFO - Filling up the DagBag from /home/airflow/.local/lib/python3.6/site-packages/airflow/example_dags/example_complex.py
[2022-05-24 12:11:44,388] {scheduler_job.py:643} INFO - DAG(s) dict_keys(['example_complex']) retrieved from /home/airflow/.local/lib/python3.6/site-packages/airflow/example_dags/example_complex.py
[2022-05-24 12:11:44,486] {logging_mixin.py:104} INFO - [2022-05-24 12:11:44,485] {dag.py:1832} INFO - Sync 1 DAGs
[2022-05-24 12:11:44,525] {logging_mixin.py:104} INFO - [2022-05-24 12:11:44,524] {dag.py:2305} INFO - Setting next_dagrun for example_complex to None
[2022-05-24 12:11:44,558] {scheduler_job.py:190} INFO - Processing /home/airflow/.local/lib/python3.6/site-packages/airflow/example_dags/example_complex.py took 0.411 seconds
[2022-05-24 12:12:14,953] {scheduler_job.py:182} INFO - Started process (PID=1983) to work on /home/airflow/.local/lib/python3.6/site-packages/airflow/example_dags/example_complex.py
[2022-05-24 12:12:14,967] {scheduler_job.py:633} INFO - Processing file /home/airflow/.local/lib/python3.6/site-packages/airflow/example_dags/example_complex.py for tasks to queue
[2022-05-24 12:12:14,975] {logging_mixin.py:104} INFO - [2022-05-24 12:12:14,973] {dagbag.py:487} INFO - Filling up the DagBag from /home/airflow/.local/lib/python3.6/site-packages/airflow/example_dags/example_complex.py
[2022-05-24 12:12:15,163] {scheduler_job.py:643} INFO - DAG(s) dict_keys(['example_complex']) retrieved from /home/airflow/.local/lib/python3.6/site-packages/airflow/example_dags/example_complex.py
[2022-05-24 12:12:15,265] {logging_mixin.py:104} INFO - [2022-05-24 12:12:15,265] {dag.py:1832} INFO - Sync 1 DAGs
[2022-05-24 12:12:15,331] {logging_mixin.py:104} INFO - [2022-05-24 12:12:15,330] {dag.py:2305} INFO - Setting next_dagrun for example_complex to None
[2022-05-24 12:12:15,388] {scheduler_job.py:190} INFO - Processing /home/airflow/.local/lib/python3.6/site-packages/airflow/example_dags/example_complex.py took 0.450 seconds
[2022-05-24 12:12:46,215] {scheduler_job.py:182} INFO - Started process (PID=2082) to work on /home/airflow/.local/lib/python3.6/site-packages/airflow/example_dags/example_complex.py
[2022-05-24 12:12:46,220] {scheduler_job.py:633} INFO - Processing file /home/airflow/.local/lib/python3.6/site-packages/airflow/example_dags/example_complex.py for tasks to queue
[2022-05-24 12:12:46,226] {logging_mixin.py:104} INFO - [2022-05-24 12:12:46,225] {dagbag.py:487} INFO - Filling up the DagBag from /home/airflow/.local/lib/python3.6/site-packages/airflow/example_dags/example_complex.py
[2022-05-24 12:12:46,322] {scheduler_job.py:643} INFO - DAG(s) dict_keys(['example_complex']) retrieved from /home/airflow/.local/lib/python3.6/site-packages/airflow/example_dags/example_complex.py
[2022-05-24 12:12:46,416] {logging_mixin.py:104} INFO - [2022-05-24 12:12:46,415] {dag.py:1832} INFO - Sync 1 DAGs
[2022-05-24 12:12:46,455] {logging_mixin.py:104} INFO - [2022-05-24 12:12:46,455] {dag.py:2305} INFO - Setting next_dagrun for example_complex to None
[2022-05-24 12:12:46,487] {scheduler_job.py:190} INFO - Processing /home/airflow/.local/lib/python3.6/site-packages/airflow/example_dags/example_complex.py took 0.279 seconds
