[2022-05-24 12:03:52,103] {scheduler_job.py:182} INFO - Started process (PID=510) to work on /home/airflow/.local/lib/python3.6/site-packages/airflow/example_dags/example_latest_only_with_trigger.py
[2022-05-24 12:03:52,108] {scheduler_job.py:633} INFO - Processing file /home/airflow/.local/lib/python3.6/site-packages/airflow/example_dags/example_latest_only_with_trigger.py for tasks to queue
[2022-05-24 12:03:52,112] {logging_mixin.py:104} INFO - [2022-05-24 12:03:52,111] {dagbag.py:487} INFO - Filling up the DagBag from /home/airflow/.local/lib/python3.6/site-packages/airflow/example_dags/example_latest_only_with_trigger.py
[2022-05-24 12:03:52,161] {scheduler_job.py:643} INFO - DAG(s) dict_keys(['latest_only_with_trigger']) retrieved from /home/airflow/.local/lib/python3.6/site-packages/airflow/example_dags/example_latest_only_with_trigger.py
[2022-05-24 12:04:06,985] {logging_mixin.py:104} INFO - [2022-05-24 12:04:06,970] {dag.py:1832} INFO - Sync 1 DAGs
[2022-05-24 12:04:07,103] {logging_mixin.py:104} INFO - [2022-05-24 12:04:07,078] {dag.py:1851} INFO - Creating ORM DAG for latest_only_with_trigger
[2022-05-24 12:04:07,162] {logging_mixin.py:104} INFO - [2022-05-24 12:04:07,161] {dag.py:2305} INFO - Setting next_dagrun for latest_only_with_trigger to 2022-05-22 00:00:00+00:00
[2022-05-24 12:04:07,224] {scheduler_job.py:190} INFO - Processing /home/airflow/.local/lib/python3.6/site-packages/airflow/example_dags/example_latest_only_with_trigger.py took 15.128 seconds
[2022-05-24 12:05:58,574] {scheduler_job.py:182} INFO - Started process (PID=747) to work on /home/airflow/.local/lib/python3.6/site-packages/airflow/example_dags/example_latest_only_with_trigger.py
[2022-05-24 12:05:58,579] {scheduler_job.py:633} INFO - Processing file /home/airflow/.local/lib/python3.6/site-packages/airflow/example_dags/example_latest_only_with_trigger.py for tasks to queue
[2022-05-24 12:05:58,582] {logging_mixin.py:104} INFO - [2022-05-24 12:05:58,582] {dagbag.py:487} INFO - Filling up the DagBag from /home/airflow/.local/lib/python3.6/site-packages/airflow/example_dags/example_latest_only_with_trigger.py
[2022-05-24 12:05:58,638] {scheduler_job.py:643} INFO - DAG(s) dict_keys(['latest_only_with_trigger']) retrieved from /home/airflow/.local/lib/python3.6/site-packages/airflow/example_dags/example_latest_only_with_trigger.py
[2022-05-24 12:05:58,711] {logging_mixin.py:104} INFO - [2022-05-24 12:05:58,710] {dag.py:1832} INFO - Sync 1 DAGs
[2022-05-24 12:05:58,941] {logging_mixin.py:104} INFO - [2022-05-24 12:05:58,940] {dag.py:2305} INFO - Setting next_dagrun for latest_only_with_trigger to 2022-05-22 00:00:00+00:00
[2022-05-24 12:05:58,997] {scheduler_job.py:190} INFO - Processing /home/airflow/.local/lib/python3.6/site-packages/airflow/example_dags/example_latest_only_with_trigger.py took 0.433 seconds
[2022-05-24 12:06:29,292] {scheduler_job.py:182} INFO - Started process (PID=839) to work on /home/airflow/.local/lib/python3.6/site-packages/airflow/example_dags/example_latest_only_with_trigger.py
[2022-05-24 12:06:29,295] {scheduler_job.py:633} INFO - Processing file /home/airflow/.local/lib/python3.6/site-packages/airflow/example_dags/example_latest_only_with_trigger.py for tasks to queue
[2022-05-24 12:06:29,298] {logging_mixin.py:104} INFO - [2022-05-24 12:06:29,297] {dagbag.py:487} INFO - Filling up the DagBag from /home/airflow/.local/lib/python3.6/site-packages/airflow/example_dags/example_latest_only_with_trigger.py
[2022-05-24 12:06:29,334] {scheduler_job.py:643} INFO - DAG(s) dict_keys(['latest_only_with_trigger']) retrieved from /home/airflow/.local/lib/python3.6/site-packages/airflow/example_dags/example_latest_only_with_trigger.py
[2022-05-24 12:06:29,382] {logging_mixin.py:104} INFO - [2022-05-24 12:06:29,381] {dag.py:1832} INFO - Sync 1 DAGs
[2022-05-24 12:06:29,506] {logging_mixin.py:104} INFO - [2022-05-24 12:06:29,505] {dag.py:2305} INFO - Setting next_dagrun for latest_only_with_trigger to 2022-05-22 00:00:00+00:00
[2022-05-24 12:06:29,527] {scheduler_job.py:190} INFO - Processing /home/airflow/.local/lib/python3.6/site-packages/airflow/example_dags/example_latest_only_with_trigger.py took 0.241 seconds
[2022-05-24 12:06:59,986] {scheduler_job.py:182} INFO - Started process (PID=949) to work on /home/airflow/.local/lib/python3.6/site-packages/airflow/example_dags/example_latest_only_with_trigger.py
[2022-05-24 12:06:59,991] {scheduler_job.py:633} INFO - Processing file /home/airflow/.local/lib/python3.6/site-packages/airflow/example_dags/example_latest_only_with_trigger.py for tasks to queue
[2022-05-24 12:06:59,995] {logging_mixin.py:104} INFO - [2022-05-24 12:06:59,994] {dagbag.py:487} INFO - Filling up the DagBag from /home/airflow/.local/lib/python3.6/site-packages/airflow/example_dags/example_latest_only_with_trigger.py
[2022-05-24 12:07:00,044] {scheduler_job.py:643} INFO - DAG(s) dict_keys(['latest_only_with_trigger']) retrieved from /home/airflow/.local/lib/python3.6/site-packages/airflow/example_dags/example_latest_only_with_trigger.py
[2022-05-24 12:07:00,107] {logging_mixin.py:104} INFO - [2022-05-24 12:07:00,106] {dag.py:1832} INFO - Sync 1 DAGs
[2022-05-24 12:07:00,267] {logging_mixin.py:104} INFO - [2022-05-24 12:07:00,266] {dag.py:2305} INFO - Setting next_dagrun for latest_only_with_trigger to 2022-05-22 00:00:00+00:00
[2022-05-24 12:07:00,299] {scheduler_job.py:190} INFO - Processing /home/airflow/.local/lib/python3.6/site-packages/airflow/example_dags/example_latest_only_with_trigger.py took 0.321 seconds
[2022-05-24 12:07:30,710] {scheduler_job.py:182} INFO - Started process (PID=1038) to work on /home/airflow/.local/lib/python3.6/site-packages/airflow/example_dags/example_latest_only_with_trigger.py
[2022-05-24 12:07:30,714] {scheduler_job.py:633} INFO - Processing file /home/airflow/.local/lib/python3.6/site-packages/airflow/example_dags/example_latest_only_with_trigger.py for tasks to queue
[2022-05-24 12:07:30,716] {logging_mixin.py:104} INFO - [2022-05-24 12:07:30,716] {dagbag.py:487} INFO - Filling up the DagBag from /home/airflow/.local/lib/python3.6/site-packages/airflow/example_dags/example_latest_only_with_trigger.py
[2022-05-24 12:07:30,755] {scheduler_job.py:643} INFO - DAG(s) dict_keys(['latest_only_with_trigger']) retrieved from /home/airflow/.local/lib/python3.6/site-packages/airflow/example_dags/example_latest_only_with_trigger.py
[2022-05-24 12:07:30,909] {logging_mixin.py:104} INFO - [2022-05-24 12:07:30,908] {dag.py:1832} INFO - Sync 1 DAGs
[2022-05-24 12:07:30,940] {logging_mixin.py:104} INFO - [2022-05-24 12:07:30,940] {dag.py:2305} INFO - Setting next_dagrun for latest_only_with_trigger to 2022-05-22 00:00:00+00:00
[2022-05-24 12:07:30,963] {scheduler_job.py:190} INFO - Processing /home/airflow/.local/lib/python3.6/site-packages/airflow/example_dags/example_latest_only_with_trigger.py took 0.261 seconds
[2022-05-24 12:08:01,323] {scheduler_job.py:182} INFO - Started process (PID=1145) to work on /home/airflow/.local/lib/python3.6/site-packages/airflow/example_dags/example_latest_only_with_trigger.py
[2022-05-24 12:08:01,327] {scheduler_job.py:633} INFO - Processing file /home/airflow/.local/lib/python3.6/site-packages/airflow/example_dags/example_latest_only_with_trigger.py for tasks to queue
[2022-05-24 12:08:01,330] {logging_mixin.py:104} INFO - [2022-05-24 12:08:01,330] {dagbag.py:487} INFO - Filling up the DagBag from /home/airflow/.local/lib/python3.6/site-packages/airflow/example_dags/example_latest_only_with_trigger.py
[2022-05-24 12:08:01,500] {scheduler_job.py:643} INFO - DAG(s) dict_keys(['latest_only_with_trigger']) retrieved from /home/airflow/.local/lib/python3.6/site-packages/airflow/example_dags/example_latest_only_with_trigger.py
[2022-05-24 12:08:01,571] {logging_mixin.py:104} INFO - [2022-05-24 12:08:01,571] {dag.py:1832} INFO - Sync 1 DAGs
[2022-05-24 12:08:01,625] {logging_mixin.py:104} INFO - [2022-05-24 12:08:01,625] {dag.py:2305} INFO - Setting next_dagrun for latest_only_with_trigger to 2022-05-22 00:00:00+00:00
[2022-05-24 12:08:01,657] {scheduler_job.py:190} INFO - Processing /home/airflow/.local/lib/python3.6/site-packages/airflow/example_dags/example_latest_only_with_trigger.py took 0.342 seconds
[2022-05-24 12:08:32,261] {scheduler_job.py:182} INFO - Started process (PID=1236) to work on /home/airflow/.local/lib/python3.6/site-packages/airflow/example_dags/example_latest_only_with_trigger.py
[2022-05-24 12:08:32,272] {scheduler_job.py:633} INFO - Processing file /home/airflow/.local/lib/python3.6/site-packages/airflow/example_dags/example_latest_only_with_trigger.py for tasks to queue
[2022-05-24 12:08:32,274] {logging_mixin.py:104} INFO - [2022-05-24 12:08:32,274] {dagbag.py:487} INFO - Filling up the DagBag from /home/airflow/.local/lib/python3.6/site-packages/airflow/example_dags/example_latest_only_with_trigger.py
[2022-05-24 12:08:32,418] {scheduler_job.py:643} INFO - DAG(s) dict_keys(['latest_only_with_trigger']) retrieved from /home/airflow/.local/lib/python3.6/site-packages/airflow/example_dags/example_latest_only_with_trigger.py
[2022-05-24 12:08:32,468] {logging_mixin.py:104} INFO - [2022-05-24 12:08:32,468] {dag.py:1832} INFO - Sync 1 DAGs
[2022-05-24 12:08:32,503] {logging_mixin.py:104} INFO - [2022-05-24 12:08:32,503] {dag.py:2305} INFO - Setting next_dagrun for latest_only_with_trigger to 2022-05-22 00:00:00+00:00
[2022-05-24 12:08:32,528] {scheduler_job.py:190} INFO - Processing /home/airflow/.local/lib/python3.6/site-packages/airflow/example_dags/example_latest_only_with_trigger.py took 0.275 seconds
[2022-05-24 12:09:03,026] {scheduler_job.py:182} INFO - Started process (PID=1344) to work on /home/airflow/.local/lib/python3.6/site-packages/airflow/example_dags/example_latest_only_with_trigger.py
[2022-05-24 12:09:03,031] {scheduler_job.py:633} INFO - Processing file /home/airflow/.local/lib/python3.6/site-packages/airflow/example_dags/example_latest_only_with_trigger.py for tasks to queue
[2022-05-24 12:09:03,035] {logging_mixin.py:104} INFO - [2022-05-24 12:09:03,035] {dagbag.py:487} INFO - Filling up the DagBag from /home/airflow/.local/lib/python3.6/site-packages/airflow/example_dags/example_latest_only_with_trigger.py
[2022-05-24 12:09:03,212] {scheduler_job.py:643} INFO - DAG(s) dict_keys(['latest_only_with_trigger']) retrieved from /home/airflow/.local/lib/python3.6/site-packages/airflow/example_dags/example_latest_only_with_trigger.py
[2022-05-24 12:09:03,285] {logging_mixin.py:104} INFO - [2022-05-24 12:09:03,284] {dag.py:1832} INFO - Sync 1 DAGs
[2022-05-24 12:09:03,331] {logging_mixin.py:104} INFO - [2022-05-24 12:09:03,330] {dag.py:2305} INFO - Setting next_dagrun for latest_only_with_trigger to 2022-05-22 00:00:00+00:00
[2022-05-24 12:09:03,366] {scheduler_job.py:190} INFO - Processing /home/airflow/.local/lib/python3.6/site-packages/airflow/example_dags/example_latest_only_with_trigger.py took 0.348 seconds
[2022-05-24 12:09:34,142] {scheduler_job.py:182} INFO - Started process (PID=1447) to work on /home/airflow/.local/lib/python3.6/site-packages/airflow/example_dags/example_latest_only_with_trigger.py
[2022-05-24 12:09:34,148] {scheduler_job.py:633} INFO - Processing file /home/airflow/.local/lib/python3.6/site-packages/airflow/example_dags/example_latest_only_with_trigger.py for tasks to queue
[2022-05-24 12:09:34,151] {logging_mixin.py:104} INFO - [2022-05-24 12:09:34,150] {dagbag.py:487} INFO - Filling up the DagBag from /home/airflow/.local/lib/python3.6/site-packages/airflow/example_dags/example_latest_only_with_trigger.py
[2022-05-24 12:09:34,390] {scheduler_job.py:643} INFO - DAG(s) dict_keys(['latest_only_with_trigger']) retrieved from /home/airflow/.local/lib/python3.6/site-packages/airflow/example_dags/example_latest_only_with_trigger.py
[2022-05-24 12:09:34,484] {logging_mixin.py:104} INFO - [2022-05-24 12:09:34,483] {dag.py:1832} INFO - Sync 1 DAGs
[2022-05-24 12:09:34,527] {logging_mixin.py:104} INFO - [2022-05-24 12:09:34,526] {dag.py:2305} INFO - Setting next_dagrun for latest_only_with_trigger to 2022-05-22 00:00:00+00:00
[2022-05-24 12:09:34,557] {scheduler_job.py:190} INFO - Processing /home/airflow/.local/lib/python3.6/site-packages/airflow/example_dags/example_latest_only_with_trigger.py took 0.423 seconds
[2022-05-24 12:10:04,705] {scheduler_job.py:182} INFO - Started process (PID=1544) to work on /home/airflow/.local/lib/python3.6/site-packages/airflow/example_dags/example_latest_only_with_trigger.py
[2022-05-24 12:10:04,718] {scheduler_job.py:633} INFO - Processing file /home/airflow/.local/lib/python3.6/site-packages/airflow/example_dags/example_latest_only_with_trigger.py for tasks to queue
[2022-05-24 12:10:04,722] {logging_mixin.py:104} INFO - [2022-05-24 12:10:04,722] {dagbag.py:487} INFO - Filling up the DagBag from /home/airflow/.local/lib/python3.6/site-packages/airflow/example_dags/example_latest_only_with_trigger.py
[2022-05-24 12:10:05,000] {scheduler_job.py:643} INFO - DAG(s) dict_keys(['latest_only_with_trigger']) retrieved from /home/airflow/.local/lib/python3.6/site-packages/airflow/example_dags/example_latest_only_with_trigger.py
[2022-05-24 12:10:05,070] {logging_mixin.py:104} INFO - [2022-05-24 12:10:05,070] {dag.py:1832} INFO - Sync 1 DAGs
[2022-05-24 12:10:05,116] {logging_mixin.py:104} INFO - [2022-05-24 12:10:05,116] {dag.py:2305} INFO - Setting next_dagrun for latest_only_with_trigger to 2022-05-22 00:00:00+00:00
[2022-05-24 12:10:05,150] {scheduler_job.py:190} INFO - Processing /home/airflow/.local/lib/python3.6/site-packages/airflow/example_dags/example_latest_only_with_trigger.py took 0.459 seconds
[2022-05-24 12:10:36,121] {scheduler_job.py:182} INFO - Started process (PID=1650) to work on /home/airflow/.local/lib/python3.6/site-packages/airflow/example_dags/example_latest_only_with_trigger.py
[2022-05-24 12:10:36,127] {scheduler_job.py:633} INFO - Processing file /home/airflow/.local/lib/python3.6/site-packages/airflow/example_dags/example_latest_only_with_trigger.py for tasks to queue
[2022-05-24 12:10:36,130] {logging_mixin.py:104} INFO - [2022-05-24 12:10:36,129] {dagbag.py:487} INFO - Filling up the DagBag from /home/airflow/.local/lib/python3.6/site-packages/airflow/example_dags/example_latest_only_with_trigger.py
[2022-05-24 12:10:36,328] {scheduler_job.py:643} INFO - DAG(s) dict_keys(['latest_only_with_trigger']) retrieved from /home/airflow/.local/lib/python3.6/site-packages/airflow/example_dags/example_latest_only_with_trigger.py
[2022-05-24 12:10:36,389] {logging_mixin.py:104} INFO - [2022-05-24 12:10:36,388] {dag.py:1832} INFO - Sync 1 DAGs
[2022-05-24 12:10:36,428] {logging_mixin.py:104} INFO - [2022-05-24 12:10:36,428] {dag.py:2305} INFO - Setting next_dagrun for latest_only_with_trigger to 2022-05-22 00:00:00+00:00
[2022-05-24 12:10:36,463] {scheduler_job.py:190} INFO - Processing /home/airflow/.local/lib/python3.6/site-packages/airflow/example_dags/example_latest_only_with_trigger.py took 0.364 seconds
[2022-05-24 12:11:06,643] {scheduler_job.py:182} INFO - Started process (PID=1746) to work on /home/airflow/.local/lib/python3.6/site-packages/airflow/example_dags/example_latest_only_with_trigger.py
[2022-05-24 12:11:06,647] {scheduler_job.py:633} INFO - Processing file /home/airflow/.local/lib/python3.6/site-packages/airflow/example_dags/example_latest_only_with_trigger.py for tasks to queue
[2022-05-24 12:11:06,650] {logging_mixin.py:104} INFO - [2022-05-24 12:11:06,649] {dagbag.py:487} INFO - Filling up the DagBag from /home/airflow/.local/lib/python3.6/site-packages/airflow/example_dags/example_latest_only_with_trigger.py
[2022-05-24 12:11:06,807] {scheduler_job.py:643} INFO - DAG(s) dict_keys(['latest_only_with_trigger']) retrieved from /home/airflow/.local/lib/python3.6/site-packages/airflow/example_dags/example_latest_only_with_trigger.py
[2022-05-24 12:11:06,862] {logging_mixin.py:104} INFO - [2022-05-24 12:11:06,861] {dag.py:1832} INFO - Sync 1 DAGs
[2022-05-24 12:11:06,899] {logging_mixin.py:104} INFO - [2022-05-24 12:11:06,898] {dag.py:2305} INFO - Setting next_dagrun for latest_only_with_trigger to 2022-05-22 00:00:00+00:00
[2022-05-24 12:11:06,926] {scheduler_job.py:190} INFO - Processing /home/airflow/.local/lib/python3.6/site-packages/airflow/example_dags/example_latest_only_with_trigger.py took 0.290 seconds
[2022-05-24 12:11:37,152] {scheduler_job.py:182} INFO - Started process (PID=1851) to work on /home/airflow/.local/lib/python3.6/site-packages/airflow/example_dags/example_latest_only_with_trigger.py
[2022-05-24 12:11:37,276] {scheduler_job.py:633} INFO - Processing file /home/airflow/.local/lib/python3.6/site-packages/airflow/example_dags/example_latest_only_with_trigger.py for tasks to queue
[2022-05-24 12:11:37,279] {logging_mixin.py:104} INFO - [2022-05-24 12:11:37,279] {dagbag.py:487} INFO - Filling up the DagBag from /home/airflow/.local/lib/python3.6/site-packages/airflow/example_dags/example_latest_only_with_trigger.py
[2022-05-24 12:11:37,318] {scheduler_job.py:643} INFO - DAG(s) dict_keys(['latest_only_with_trigger']) retrieved from /home/airflow/.local/lib/python3.6/site-packages/airflow/example_dags/example_latest_only_with_trigger.py
[2022-05-24 12:11:37,383] {logging_mixin.py:104} INFO - [2022-05-24 12:11:37,382] {dag.py:1832} INFO - Sync 1 DAGs
[2022-05-24 12:11:37,464] {logging_mixin.py:104} INFO - [2022-05-24 12:11:37,463] {dag.py:2305} INFO - Setting next_dagrun for latest_only_with_trigger to 2022-05-22 00:00:00+00:00
[2022-05-24 12:11:37,508] {scheduler_job.py:190} INFO - Processing /home/airflow/.local/lib/python3.6/site-packages/airflow/example_dags/example_latest_only_with_trigger.py took 0.370 seconds
[2022-05-24 12:12:08,384] {scheduler_job.py:182} INFO - Started process (PID=1948) to work on /home/airflow/.local/lib/python3.6/site-packages/airflow/example_dags/example_latest_only_with_trigger.py
[2022-05-24 12:12:08,395] {scheduler_job.py:633} INFO - Processing file /home/airflow/.local/lib/python3.6/site-packages/airflow/example_dags/example_latest_only_with_trigger.py for tasks to queue
[2022-05-24 12:12:08,398] {logging_mixin.py:104} INFO - [2022-05-24 12:12:08,398] {dagbag.py:487} INFO - Filling up the DagBag from /home/airflow/.local/lib/python3.6/site-packages/airflow/example_dags/example_latest_only_with_trigger.py
[2022-05-24 12:12:08,442] {scheduler_job.py:643} INFO - DAG(s) dict_keys(['latest_only_with_trigger']) retrieved from /home/airflow/.local/lib/python3.6/site-packages/airflow/example_dags/example_latest_only_with_trigger.py
[2022-05-24 12:12:08,505] {logging_mixin.py:104} INFO - [2022-05-24 12:12:08,505] {dag.py:1832} INFO - Sync 1 DAGs
[2022-05-24 12:12:08,547] {logging_mixin.py:104} INFO - [2022-05-24 12:12:08,546] {dag.py:2305} INFO - Setting next_dagrun for latest_only_with_trigger to 2022-05-22 00:00:00+00:00
[2022-05-24 12:12:08,573] {scheduler_job.py:190} INFO - Processing /home/airflow/.local/lib/python3.6/site-packages/airflow/example_dags/example_latest_only_with_trigger.py took 0.197 seconds
[2022-05-24 12:12:39,046] {scheduler_job.py:182} INFO - Started process (PID=2055) to work on /home/airflow/.local/lib/python3.6/site-packages/airflow/example_dags/example_latest_only_with_trigger.py
[2022-05-24 12:12:39,050] {scheduler_job.py:633} INFO - Processing file /home/airflow/.local/lib/python3.6/site-packages/airflow/example_dags/example_latest_only_with_trigger.py for tasks to queue
[2022-05-24 12:12:39,053] {logging_mixin.py:104} INFO - [2022-05-24 12:12:39,053] {dagbag.py:487} INFO - Filling up the DagBag from /home/airflow/.local/lib/python3.6/site-packages/airflow/example_dags/example_latest_only_with_trigger.py
[2022-05-24 12:12:39,096] {scheduler_job.py:643} INFO - DAG(s) dict_keys(['latest_only_with_trigger']) retrieved from /home/airflow/.local/lib/python3.6/site-packages/airflow/example_dags/example_latest_only_with_trigger.py
[2022-05-24 12:12:39,174] {logging_mixin.py:104} INFO - [2022-05-24 12:12:39,174] {dag.py:1832} INFO - Sync 1 DAGs
[2022-05-24 12:12:39,221] {logging_mixin.py:104} INFO - [2022-05-24 12:12:39,220] {dag.py:2305} INFO - Setting next_dagrun for latest_only_with_trigger to 2022-05-22 00:00:00+00:00
[2022-05-24 12:12:39,254] {scheduler_job.py:190} INFO - Processing /home/airflow/.local/lib/python3.6/site-packages/airflow/example_dags/example_latest_only_with_trigger.py took 0.215 seconds
