[2022-05-24 12:03:11,490] {scheduler_job.py:182} INFO - Started process (PID=447) to work on /home/airflow/.local/lib/python3.6/site-packages/airflow/example_dags/example_skip_dag.py
[2022-05-24 12:03:11,494] {scheduler_job.py:633} INFO - Processing file /home/airflow/.local/lib/python3.6/site-packages/airflow/example_dags/example_skip_dag.py for tasks to queue
[2022-05-24 12:03:11,497] {logging_mixin.py:104} INFO - [2022-05-24 12:03:11,496] {dagbag.py:487} INFO - Filling up the DagBag from /home/airflow/.local/lib/python3.6/site-packages/airflow/example_dags/example_skip_dag.py
[2022-05-24 12:03:11,537] {scheduler_job.py:643} INFO - DAG(s) dict_keys(['example_skip_dag']) retrieved from /home/airflow/.local/lib/python3.6/site-packages/airflow/example_dags/example_skip_dag.py
[2022-05-24 12:03:23,823] {logging_mixin.py:104} INFO - [2022-05-24 12:03:23,816] {dag.py:1832} INFO - Sync 1 DAGs
[2022-05-24 12:03:23,877] {logging_mixin.py:104} INFO - [2022-05-24 12:03:23,870] {dag.py:1851} INFO - Creating ORM DAG for example_skip_dag
[2022-05-24 12:03:23,897] {logging_mixin.py:104} INFO - [2022-05-24 12:03:23,897] {dag.py:2305} INFO - Setting next_dagrun for example_skip_dag to 2022-05-22 00:00:00+00:00
[2022-05-24 12:03:23,939] {scheduler_job.py:190} INFO - Processing /home/airflow/.local/lib/python3.6/site-packages/airflow/example_dags/example_skip_dag.py took 12.458 seconds
[2022-05-24 12:05:55,022] {scheduler_job.py:182} INFO - Started process (PID=731) to work on /home/airflow/.local/lib/python3.6/site-packages/airflow/example_dags/example_skip_dag.py
[2022-05-24 12:05:55,030] {scheduler_job.py:633} INFO - Processing file /home/airflow/.local/lib/python3.6/site-packages/airflow/example_dags/example_skip_dag.py for tasks to queue
[2022-05-24 12:05:55,035] {logging_mixin.py:104} INFO - [2022-05-24 12:05:55,034] {dagbag.py:487} INFO - Filling up the DagBag from /home/airflow/.local/lib/python3.6/site-packages/airflow/example_dags/example_skip_dag.py
[2022-05-24 12:05:55,086] {scheduler_job.py:643} INFO - DAG(s) dict_keys(['example_skip_dag']) retrieved from /home/airflow/.local/lib/python3.6/site-packages/airflow/example_dags/example_skip_dag.py
[2022-05-24 12:05:55,174] {logging_mixin.py:104} INFO - [2022-05-24 12:05:55,174] {dag.py:1832} INFO - Sync 1 DAGs
[2022-05-24 12:05:55,353] {logging_mixin.py:104} INFO - [2022-05-24 12:05:55,353] {dag.py:2305} INFO - Setting next_dagrun for example_skip_dag to 2022-05-22 00:00:00+00:00
[2022-05-24 12:05:55,402] {scheduler_job.py:190} INFO - Processing /home/airflow/.local/lib/python3.6/site-packages/airflow/example_dags/example_skip_dag.py took 0.389 seconds
[2022-05-24 12:06:25,600] {scheduler_job.py:182} INFO - Started process (PID=829) to work on /home/airflow/.local/lib/python3.6/site-packages/airflow/example_dags/example_skip_dag.py
[2022-05-24 12:06:25,604] {scheduler_job.py:633} INFO - Processing file /home/airflow/.local/lib/python3.6/site-packages/airflow/example_dags/example_skip_dag.py for tasks to queue
[2022-05-24 12:06:25,606] {logging_mixin.py:104} INFO - [2022-05-24 12:06:25,606] {dagbag.py:487} INFO - Filling up the DagBag from /home/airflow/.local/lib/python3.6/site-packages/airflow/example_dags/example_skip_dag.py
[2022-05-24 12:06:25,644] {scheduler_job.py:643} INFO - DAG(s) dict_keys(['example_skip_dag']) retrieved from /home/airflow/.local/lib/python3.6/site-packages/airflow/example_dags/example_skip_dag.py
[2022-05-24 12:06:25,704] {logging_mixin.py:104} INFO - [2022-05-24 12:06:25,704] {dag.py:1832} INFO - Sync 1 DAGs
[2022-05-24 12:06:25,852] {logging_mixin.py:104} INFO - [2022-05-24 12:06:25,852] {dag.py:2305} INFO - Setting next_dagrun for example_skip_dag to 2022-05-22 00:00:00+00:00
[2022-05-24 12:06:25,880] {scheduler_job.py:190} INFO - Processing /home/airflow/.local/lib/python3.6/site-packages/airflow/example_dags/example_skip_dag.py took 0.287 seconds
[2022-05-24 12:06:56,576] {scheduler_job.py:182} INFO - Started process (PID=936) to work on /home/airflow/.local/lib/python3.6/site-packages/airflow/example_dags/example_skip_dag.py
[2022-05-24 12:06:56,591] {scheduler_job.py:633} INFO - Processing file /home/airflow/.local/lib/python3.6/site-packages/airflow/example_dags/example_skip_dag.py for tasks to queue
[2022-05-24 12:06:56,596] {logging_mixin.py:104} INFO - [2022-05-24 12:06:56,595] {dagbag.py:487} INFO - Filling up the DagBag from /home/airflow/.local/lib/python3.6/site-packages/airflow/example_dags/example_skip_dag.py
[2022-05-24 12:06:56,674] {scheduler_job.py:643} INFO - DAG(s) dict_keys(['example_skip_dag']) retrieved from /home/airflow/.local/lib/python3.6/site-packages/airflow/example_dags/example_skip_dag.py
[2022-05-24 12:06:56,736] {logging_mixin.py:104} INFO - [2022-05-24 12:06:56,736] {dag.py:1832} INFO - Sync 1 DAGs
[2022-05-24 12:06:56,894] {logging_mixin.py:104} INFO - [2022-05-24 12:06:56,894] {dag.py:2305} INFO - Setting next_dagrun for example_skip_dag to 2022-05-22 00:00:00+00:00
[2022-05-24 12:06:56,924] {scheduler_job.py:190} INFO - Processing /home/airflow/.local/lib/python3.6/site-packages/airflow/example_dags/example_skip_dag.py took 0.355 seconds
[2022-05-24 12:07:27,984] {scheduler_job.py:182} INFO - Started process (PID=1030) to work on /home/airflow/.local/lib/python3.6/site-packages/airflow/example_dags/example_skip_dag.py
[2022-05-24 12:07:27,990] {scheduler_job.py:633} INFO - Processing file /home/airflow/.local/lib/python3.6/site-packages/airflow/example_dags/example_skip_dag.py for tasks to queue
[2022-05-24 12:07:27,995] {logging_mixin.py:104} INFO - [2022-05-24 12:07:27,994] {dagbag.py:487} INFO - Filling up the DagBag from /home/airflow/.local/lib/python3.6/site-packages/airflow/example_dags/example_skip_dag.py
[2022-05-24 12:07:28,063] {scheduler_job.py:643} INFO - DAG(s) dict_keys(['example_skip_dag']) retrieved from /home/airflow/.local/lib/python3.6/site-packages/airflow/example_dags/example_skip_dag.py
[2022-05-24 12:07:28,306] {logging_mixin.py:104} INFO - [2022-05-24 12:07:28,305] {dag.py:1832} INFO - Sync 1 DAGs
[2022-05-24 12:07:28,369] {logging_mixin.py:104} INFO - [2022-05-24 12:07:28,368] {dag.py:2305} INFO - Setting next_dagrun for example_skip_dag to 2022-05-22 00:00:00+00:00
[2022-05-24 12:07:28,412] {scheduler_job.py:190} INFO - Processing /home/airflow/.local/lib/python3.6/site-packages/airflow/example_dags/example_skip_dag.py took 0.439 seconds
[2022-05-24 12:07:59,461] {scheduler_job.py:182} INFO - Started process (PID=1137) to work on /home/airflow/.local/lib/python3.6/site-packages/airflow/example_dags/example_skip_dag.py
[2022-05-24 12:07:59,483] {scheduler_job.py:633} INFO - Processing file /home/airflow/.local/lib/python3.6/site-packages/airflow/example_dags/example_skip_dag.py for tasks to queue
[2022-05-24 12:07:59,486] {logging_mixin.py:104} INFO - [2022-05-24 12:07:59,486] {dagbag.py:487} INFO - Filling up the DagBag from /home/airflow/.local/lib/python3.6/site-packages/airflow/example_dags/example_skip_dag.py
[2022-05-24 12:07:59,534] {scheduler_job.py:643} INFO - DAG(s) dict_keys(['example_skip_dag']) retrieved from /home/airflow/.local/lib/python3.6/site-packages/airflow/example_dags/example_skip_dag.py
[2022-05-24 12:07:59,727] {logging_mixin.py:104} INFO - [2022-05-24 12:07:59,726] {dag.py:1832} INFO - Sync 1 DAGs
[2022-05-24 12:07:59,770] {logging_mixin.py:104} INFO - [2022-05-24 12:07:59,769] {dag.py:2305} INFO - Setting next_dagrun for example_skip_dag to 2022-05-22 00:00:00+00:00
[2022-05-24 12:07:59,800] {scheduler_job.py:190} INFO - Processing /home/airflow/.local/lib/python3.6/site-packages/airflow/example_dags/example_skip_dag.py took 0.347 seconds
[2022-05-24 12:08:29,863] {scheduler_job.py:182} INFO - Started process (PID=1226) to work on /home/airflow/.local/lib/python3.6/site-packages/airflow/example_dags/example_skip_dag.py
[2022-05-24 12:08:29,867] {scheduler_job.py:633} INFO - Processing file /home/airflow/.local/lib/python3.6/site-packages/airflow/example_dags/example_skip_dag.py for tasks to queue
[2022-05-24 12:08:29,870] {logging_mixin.py:104} INFO - [2022-05-24 12:08:29,869] {dagbag.py:487} INFO - Filling up the DagBag from /home/airflow/.local/lib/python3.6/site-packages/airflow/example_dags/example_skip_dag.py
[2022-05-24 12:08:29,905] {scheduler_job.py:643} INFO - DAG(s) dict_keys(['example_skip_dag']) retrieved from /home/airflow/.local/lib/python3.6/site-packages/airflow/example_dags/example_skip_dag.py
[2022-05-24 12:08:30,049] {logging_mixin.py:104} INFO - [2022-05-24 12:08:30,049] {dag.py:1832} INFO - Sync 1 DAGs
[2022-05-24 12:08:30,079] {logging_mixin.py:104} INFO - [2022-05-24 12:08:30,078] {dag.py:2305} INFO - Setting next_dagrun for example_skip_dag to 2022-05-22 00:00:00+00:00
[2022-05-24 12:08:30,101] {scheduler_job.py:190} INFO - Processing /home/airflow/.local/lib/python3.6/site-packages/airflow/example_dags/example_skip_dag.py took 0.245 seconds
[2022-05-24 12:09:00,680] {scheduler_job.py:182} INFO - Started process (PID=1334) to work on /home/airflow/.local/lib/python3.6/site-packages/airflow/example_dags/example_skip_dag.py
[2022-05-24 12:09:00,685] {scheduler_job.py:633} INFO - Processing file /home/airflow/.local/lib/python3.6/site-packages/airflow/example_dags/example_skip_dag.py for tasks to queue
[2022-05-24 12:09:00,688] {logging_mixin.py:104} INFO - [2022-05-24 12:09:00,688] {dagbag.py:487} INFO - Filling up the DagBag from /home/airflow/.local/lib/python3.6/site-packages/airflow/example_dags/example_skip_dag.py
[2022-05-24 12:09:00,853] {scheduler_job.py:643} INFO - DAG(s) dict_keys(['example_skip_dag']) retrieved from /home/airflow/.local/lib/python3.6/site-packages/airflow/example_dags/example_skip_dag.py
[2022-05-24 12:09:00,920] {logging_mixin.py:104} INFO - [2022-05-24 12:09:00,919] {dag.py:1832} INFO - Sync 1 DAGs
[2022-05-24 12:09:00,966] {logging_mixin.py:104} INFO - [2022-05-24 12:09:00,966] {dag.py:2305} INFO - Setting next_dagrun for example_skip_dag to 2022-05-22 00:00:00+00:00
[2022-05-24 12:09:01,001] {scheduler_job.py:190} INFO - Processing /home/airflow/.local/lib/python3.6/site-packages/airflow/example_dags/example_skip_dag.py took 0.329 seconds
[2022-05-24 12:09:31,318] {scheduler_job.py:182} INFO - Started process (PID=1424) to work on /home/airflow/.local/lib/python3.6/site-packages/airflow/example_dags/example_skip_dag.py
[2022-05-24 12:09:31,322] {scheduler_job.py:633} INFO - Processing file /home/airflow/.local/lib/python3.6/site-packages/airflow/example_dags/example_skip_dag.py for tasks to queue
[2022-05-24 12:09:31,325] {logging_mixin.py:104} INFO - [2022-05-24 12:09:31,325] {dagbag.py:487} INFO - Filling up the DagBag from /home/airflow/.local/lib/python3.6/site-packages/airflow/example_dags/example_skip_dag.py
[2022-05-24 12:09:31,475] {scheduler_job.py:643} INFO - DAG(s) dict_keys(['example_skip_dag']) retrieved from /home/airflow/.local/lib/python3.6/site-packages/airflow/example_dags/example_skip_dag.py
[2022-05-24 12:09:31,525] {logging_mixin.py:104} INFO - [2022-05-24 12:09:31,524] {dag.py:1832} INFO - Sync 1 DAGs
[2022-05-24 12:09:31,555] {logging_mixin.py:104} INFO - [2022-05-24 12:09:31,555] {dag.py:2305} INFO - Setting next_dagrun for example_skip_dag to 2022-05-22 00:00:00+00:00
[2022-05-24 12:09:31,576] {scheduler_job.py:190} INFO - Processing /home/airflow/.local/lib/python3.6/site-packages/airflow/example_dags/example_skip_dag.py took 0.264 seconds
[2022-05-24 12:10:03,113] {scheduler_job.py:182} INFO - Started process (PID=1533) to work on /home/airflow/.local/lib/python3.6/site-packages/airflow/example_dags/example_skip_dag.py
[2022-05-24 12:10:03,121] {scheduler_job.py:633} INFO - Processing file /home/airflow/.local/lib/python3.6/site-packages/airflow/example_dags/example_skip_dag.py for tasks to queue
[2022-05-24 12:10:03,128] {logging_mixin.py:104} INFO - [2022-05-24 12:10:03,126] {dagbag.py:487} INFO - Filling up the DagBag from /home/airflow/.local/lib/python3.6/site-packages/airflow/example_dags/example_skip_dag.py
[2022-05-24 12:10:03,364] {scheduler_job.py:643} INFO - DAG(s) dict_keys(['example_skip_dag']) retrieved from /home/airflow/.local/lib/python3.6/site-packages/airflow/example_dags/example_skip_dag.py
[2022-05-24 12:10:03,432] {logging_mixin.py:104} INFO - [2022-05-24 12:10:03,432] {dag.py:1832} INFO - Sync 1 DAGs
[2022-05-24 12:10:03,533] {logging_mixin.py:104} INFO - [2022-05-24 12:10:03,532] {dag.py:2305} INFO - Setting next_dagrun for example_skip_dag to 2022-05-22 00:00:00+00:00
[2022-05-24 12:10:03,625] {scheduler_job.py:190} INFO - Processing /home/airflow/.local/lib/python3.6/site-packages/airflow/example_dags/example_skip_dag.py took 0.532 seconds
[2022-05-24 12:10:34,374] {scheduler_job.py:182} INFO - Started process (PID=1636) to work on /home/airflow/.local/lib/python3.6/site-packages/airflow/example_dags/example_skip_dag.py
[2022-05-24 12:10:34,380] {scheduler_job.py:633} INFO - Processing file /home/airflow/.local/lib/python3.6/site-packages/airflow/example_dags/example_skip_dag.py for tasks to queue
[2022-05-24 12:10:34,383] {logging_mixin.py:104} INFO - [2022-05-24 12:10:34,383] {dagbag.py:487} INFO - Filling up the DagBag from /home/airflow/.local/lib/python3.6/site-packages/airflow/example_dags/example_skip_dag.py
[2022-05-24 12:10:34,552] {scheduler_job.py:643} INFO - DAG(s) dict_keys(['example_skip_dag']) retrieved from /home/airflow/.local/lib/python3.6/site-packages/airflow/example_dags/example_skip_dag.py
[2022-05-24 12:10:34,611] {logging_mixin.py:104} INFO - [2022-05-24 12:10:34,611] {dag.py:1832} INFO - Sync 1 DAGs
[2022-05-24 12:10:34,651] {logging_mixin.py:104} INFO - [2022-05-24 12:10:34,650] {dag.py:2305} INFO - Setting next_dagrun for example_skip_dag to 2022-05-22 00:00:00+00:00
[2022-05-24 12:10:34,678] {scheduler_job.py:190} INFO - Processing /home/airflow/.local/lib/python3.6/site-packages/airflow/example_dags/example_skip_dag.py took 0.320 seconds
[2022-05-24 12:11:05,002] {scheduler_job.py:182} INFO - Started process (PID=1738) to work on /home/airflow/.local/lib/python3.6/site-packages/airflow/example_dags/example_skip_dag.py
[2022-05-24 12:11:05,006] {scheduler_job.py:633} INFO - Processing file /home/airflow/.local/lib/python3.6/site-packages/airflow/example_dags/example_skip_dag.py for tasks to queue
[2022-05-24 12:11:05,008] {logging_mixin.py:104} INFO - [2022-05-24 12:11:05,008] {dagbag.py:487} INFO - Filling up the DagBag from /home/airflow/.local/lib/python3.6/site-packages/airflow/example_dags/example_skip_dag.py
[2022-05-24 12:11:05,151] {scheduler_job.py:643} INFO - DAG(s) dict_keys(['example_skip_dag']) retrieved from /home/airflow/.local/lib/python3.6/site-packages/airflow/example_dags/example_skip_dag.py
[2022-05-24 12:11:05,203] {logging_mixin.py:104} INFO - [2022-05-24 12:11:05,203] {dag.py:1832} INFO - Sync 1 DAGs
[2022-05-24 12:11:05,238] {logging_mixin.py:104} INFO - [2022-05-24 12:11:05,238] {dag.py:2305} INFO - Setting next_dagrun for example_skip_dag to 2022-05-22 00:00:00+00:00
[2022-05-24 12:11:05,263] {scheduler_job.py:190} INFO - Processing /home/airflow/.local/lib/python3.6/site-packages/airflow/example_dags/example_skip_dag.py took 0.267 seconds
[2022-05-24 12:11:35,447] {scheduler_job.py:182} INFO - Started process (PID=1843) to work on /home/airflow/.local/lib/python3.6/site-packages/airflow/example_dags/example_skip_dag.py
[2022-05-24 12:11:35,565] {scheduler_job.py:633} INFO - Processing file /home/airflow/.local/lib/python3.6/site-packages/airflow/example_dags/example_skip_dag.py for tasks to queue
[2022-05-24 12:11:35,569] {logging_mixin.py:104} INFO - [2022-05-24 12:11:35,568] {dagbag.py:487} INFO - Filling up the DagBag from /home/airflow/.local/lib/python3.6/site-packages/airflow/example_dags/example_skip_dag.py
[2022-05-24 12:11:35,607] {scheduler_job.py:643} INFO - DAG(s) dict_keys(['example_skip_dag']) retrieved from /home/airflow/.local/lib/python3.6/site-packages/airflow/example_dags/example_skip_dag.py
[2022-05-24 12:11:35,664] {logging_mixin.py:104} INFO - [2022-05-24 12:11:35,664] {dag.py:1832} INFO - Sync 1 DAGs
[2022-05-24 12:11:35,701] {logging_mixin.py:104} INFO - [2022-05-24 12:11:35,701] {dag.py:2305} INFO - Setting next_dagrun for example_skip_dag to 2022-05-22 00:00:00+00:00
[2022-05-24 12:11:35,728] {scheduler_job.py:190} INFO - Processing /home/airflow/.local/lib/python3.6/site-packages/airflow/example_dags/example_skip_dag.py took 0.288 seconds
[2022-05-24 12:12:05,907] {scheduler_job.py:182} INFO - Started process (PID=1940) to work on /home/airflow/.local/lib/python3.6/site-packages/airflow/example_dags/example_skip_dag.py
[2022-05-24 12:12:05,911] {scheduler_job.py:633} INFO - Processing file /home/airflow/.local/lib/python3.6/site-packages/airflow/example_dags/example_skip_dag.py for tasks to queue
[2022-05-24 12:12:05,914] {logging_mixin.py:104} INFO - [2022-05-24 12:12:05,913] {dagbag.py:487} INFO - Filling up the DagBag from /home/airflow/.local/lib/python3.6/site-packages/airflow/example_dags/example_skip_dag.py
[2022-05-24 12:12:05,949] {scheduler_job.py:643} INFO - DAG(s) dict_keys(['example_skip_dag']) retrieved from /home/airflow/.local/lib/python3.6/site-packages/airflow/example_dags/example_skip_dag.py
[2022-05-24 12:12:06,002] {logging_mixin.py:104} INFO - [2022-05-24 12:12:06,002] {dag.py:1832} INFO - Sync 1 DAGs
[2022-05-24 12:12:06,038] {logging_mixin.py:104} INFO - [2022-05-24 12:12:06,038] {dag.py:2305} INFO - Setting next_dagrun for example_skip_dag to 2022-05-22 00:00:00+00:00
[2022-05-24 12:12:06,071] {scheduler_job.py:190} INFO - Processing /home/airflow/.local/lib/python3.6/site-packages/airflow/example_dags/example_skip_dag.py took 0.171 seconds
[2022-05-24 12:12:36,567] {scheduler_job.py:182} INFO - Started process (PID=2044) to work on /home/airflow/.local/lib/python3.6/site-packages/airflow/example_dags/example_skip_dag.py
[2022-05-24 12:12:36,572] {scheduler_job.py:633} INFO - Processing file /home/airflow/.local/lib/python3.6/site-packages/airflow/example_dags/example_skip_dag.py for tasks to queue
[2022-05-24 12:12:36,575] {logging_mixin.py:104} INFO - [2022-05-24 12:12:36,575] {dagbag.py:487} INFO - Filling up the DagBag from /home/airflow/.local/lib/python3.6/site-packages/airflow/example_dags/example_skip_dag.py
[2022-05-24 12:12:36,619] {scheduler_job.py:643} INFO - DAG(s) dict_keys(['example_skip_dag']) retrieved from /home/airflow/.local/lib/python3.6/site-packages/airflow/example_dags/example_skip_dag.py
[2022-05-24 12:12:36,681] {logging_mixin.py:104} INFO - [2022-05-24 12:12:36,681] {dag.py:1832} INFO - Sync 1 DAGs
[2022-05-24 12:12:36,721] {logging_mixin.py:104} INFO - [2022-05-24 12:12:36,721] {dag.py:2305} INFO - Setting next_dagrun for example_skip_dag to 2022-05-22 00:00:00+00:00
[2022-05-24 12:12:36,751] {scheduler_job.py:190} INFO - Processing /home/airflow/.local/lib/python3.6/site-packages/airflow/example_dags/example_skip_dag.py took 0.191 seconds
