[2022-05-24 12:04:32,130] {scheduler_job.py:182} INFO - Started process (PID=575) to work on /home/airflow/.local/lib/python3.6/site-packages/airflow/example_dags/example_trigger_target_dag.py
[2022-05-24 12:04:32,134] {scheduler_job.py:633} INFO - Processing file /home/airflow/.local/lib/python3.6/site-packages/airflow/example_dags/example_trigger_target_dag.py for tasks to queue
[2022-05-24 12:04:32,136] {logging_mixin.py:104} INFO - [2022-05-24 12:04:32,136] {dagbag.py:487} INFO - Filling up the DagBag from /home/airflow/.local/lib/python3.6/site-packages/airflow/example_dags/example_trigger_target_dag.py
[2022-05-24 12:04:32,182] {scheduler_job.py:643} INFO - DAG(s) dict_keys(['example_trigger_target_dag']) retrieved from /home/airflow/.local/lib/python3.6/site-packages/airflow/example_dags/example_trigger_target_dag.py
[2022-05-24 12:04:44,547] {logging_mixin.py:104} INFO - [2022-05-24 12:04:44,540] {dag.py:1832} INFO - Sync 1 DAGs
[2022-05-24 12:04:44,601] {logging_mixin.py:104} INFO - [2022-05-24 12:04:44,594] {dag.py:1851} INFO - Creating ORM DAG for example_trigger_target_dag
[2022-05-24 12:04:44,619] {logging_mixin.py:104} INFO - [2022-05-24 12:04:44,619] {dag.py:2305} INFO - Setting next_dagrun for example_trigger_target_dag to None
[2022-05-24 12:04:44,660] {scheduler_job.py:190} INFO - Processing /home/airflow/.local/lib/python3.6/site-packages/airflow/example_dags/example_trigger_target_dag.py took 12.536 seconds
[2022-05-24 12:06:02,747] {scheduler_job.py:182} INFO - Started process (PID=763) to work on /home/airflow/.local/lib/python3.6/site-packages/airflow/example_dags/example_trigger_target_dag.py
[2022-05-24 12:06:02,752] {scheduler_job.py:633} INFO - Processing file /home/airflow/.local/lib/python3.6/site-packages/airflow/example_dags/example_trigger_target_dag.py for tasks to queue
[2022-05-24 12:06:02,755] {logging_mixin.py:104} INFO - [2022-05-24 12:06:02,755] {dagbag.py:487} INFO - Filling up the DagBag from /home/airflow/.local/lib/python3.6/site-packages/airflow/example_dags/example_trigger_target_dag.py
[2022-05-24 12:06:02,816] {scheduler_job.py:643} INFO - DAG(s) dict_keys(['example_trigger_target_dag']) retrieved from /home/airflow/.local/lib/python3.6/site-packages/airflow/example_dags/example_trigger_target_dag.py
[2022-05-24 12:06:02,876] {logging_mixin.py:104} INFO - [2022-05-24 12:06:02,876] {dag.py:1832} INFO - Sync 1 DAGs
[2022-05-24 12:06:03,044] {logging_mixin.py:104} INFO - [2022-05-24 12:06:03,043] {dag.py:2305} INFO - Setting next_dagrun for example_trigger_target_dag to None
[2022-05-24 12:06:03,074] {scheduler_job.py:190} INFO - Processing /home/airflow/.local/lib/python3.6/site-packages/airflow/example_dags/example_trigger_target_dag.py took 0.335 seconds
[2022-05-24 12:06:33,295] {scheduler_job.py:182} INFO - Started process (PID=865) to work on /home/airflow/.local/lib/python3.6/site-packages/airflow/example_dags/example_trigger_target_dag.py
[2022-05-24 12:06:33,300] {scheduler_job.py:633} INFO - Processing file /home/airflow/.local/lib/python3.6/site-packages/airflow/example_dags/example_trigger_target_dag.py for tasks to queue
[2022-05-24 12:06:33,303] {logging_mixin.py:104} INFO - [2022-05-24 12:06:33,302] {dagbag.py:487} INFO - Filling up the DagBag from /home/airflow/.local/lib/python3.6/site-packages/airflow/example_dags/example_trigger_target_dag.py
[2022-05-24 12:06:33,358] {scheduler_job.py:643} INFO - DAG(s) dict_keys(['example_trigger_target_dag']) retrieved from /home/airflow/.local/lib/python3.6/site-packages/airflow/example_dags/example_trigger_target_dag.py
[2022-05-24 12:06:33,522] {logging_mixin.py:104} INFO - [2022-05-24 12:06:33,521] {dag.py:1832} INFO - Sync 1 DAGs
[2022-05-24 12:06:33,560] {logging_mixin.py:104} INFO - [2022-05-24 12:06:33,560] {dag.py:2305} INFO - Setting next_dagrun for example_trigger_target_dag to None
[2022-05-24 12:06:33,588] {scheduler_job.py:190} INFO - Processing /home/airflow/.local/lib/python3.6/site-packages/airflow/example_dags/example_trigger_target_dag.py took 0.300 seconds
[2022-05-24 12:07:03,917] {scheduler_job.py:182} INFO - Started process (PID=962) to work on /home/airflow/.local/lib/python3.6/site-packages/airflow/example_dags/example_trigger_target_dag.py
[2022-05-24 12:07:03,924] {scheduler_job.py:633} INFO - Processing file /home/airflow/.local/lib/python3.6/site-packages/airflow/example_dags/example_trigger_target_dag.py for tasks to queue
[2022-05-24 12:07:03,927] {logging_mixin.py:104} INFO - [2022-05-24 12:07:03,927] {dagbag.py:487} INFO - Filling up the DagBag from /home/airflow/.local/lib/python3.6/site-packages/airflow/example_dags/example_trigger_target_dag.py
[2022-05-24 12:07:03,984] {scheduler_job.py:643} INFO - DAG(s) dict_keys(['example_trigger_target_dag']) retrieved from /home/airflow/.local/lib/python3.6/site-packages/airflow/example_dags/example_trigger_target_dag.py
[2022-05-24 12:07:04,172] {logging_mixin.py:104} INFO - [2022-05-24 12:07:04,171] {dag.py:1832} INFO - Sync 1 DAGs
[2022-05-24 12:07:04,210] {logging_mixin.py:104} INFO - [2022-05-24 12:07:04,209] {dag.py:2305} INFO - Setting next_dagrun for example_trigger_target_dag to None
[2022-05-24 12:07:04,238] {scheduler_job.py:190} INFO - Processing /home/airflow/.local/lib/python3.6/site-packages/airflow/example_dags/example_trigger_target_dag.py took 0.328 seconds
[2022-05-24 12:07:34,414] {scheduler_job.py:182} INFO - Started process (PID=1060) to work on /home/airflow/.local/lib/python3.6/site-packages/airflow/example_dags/example_trigger_target_dag.py
[2022-05-24 12:07:34,423] {scheduler_job.py:633} INFO - Processing file /home/airflow/.local/lib/python3.6/site-packages/airflow/example_dags/example_trigger_target_dag.py for tasks to queue
[2022-05-24 12:07:34,426] {logging_mixin.py:104} INFO - [2022-05-24 12:07:34,426] {dagbag.py:487} INFO - Filling up the DagBag from /home/airflow/.local/lib/python3.6/site-packages/airflow/example_dags/example_trigger_target_dag.py
[2022-05-24 12:07:34,476] {scheduler_job.py:643} INFO - DAG(s) dict_keys(['example_trigger_target_dag']) retrieved from /home/airflow/.local/lib/python3.6/site-packages/airflow/example_dags/example_trigger_target_dag.py
[2022-05-24 12:07:34,727] {logging_mixin.py:104} INFO - [2022-05-24 12:07:34,726] {dag.py:1832} INFO - Sync 1 DAGs
[2022-05-24 12:07:34,765] {logging_mixin.py:104} INFO - [2022-05-24 12:07:34,764] {dag.py:2305} INFO - Setting next_dagrun for example_trigger_target_dag to None
[2022-05-24 12:07:34,795] {scheduler_job.py:190} INFO - Processing /home/airflow/.local/lib/python3.6/site-packages/airflow/example_dags/example_trigger_target_dag.py took 0.389 seconds
[2022-05-24 12:08:05,352] {scheduler_job.py:182} INFO - Started process (PID=1160) to work on /home/airflow/.local/lib/python3.6/site-packages/airflow/example_dags/example_trigger_target_dag.py
[2022-05-24 12:08:05,357] {scheduler_job.py:633} INFO - Processing file /home/airflow/.local/lib/python3.6/site-packages/airflow/example_dags/example_trigger_target_dag.py for tasks to queue
[2022-05-24 12:08:05,363] {logging_mixin.py:104} INFO - [2022-05-24 12:08:05,363] {dagbag.py:487} INFO - Filling up the DagBag from /home/airflow/.local/lib/python3.6/site-packages/airflow/example_dags/example_trigger_target_dag.py
[2022-05-24 12:08:05,559] {scheduler_job.py:643} INFO - DAG(s) dict_keys(['example_trigger_target_dag']) retrieved from /home/airflow/.local/lib/python3.6/site-packages/airflow/example_dags/example_trigger_target_dag.py
[2022-05-24 12:08:05,636] {logging_mixin.py:104} INFO - [2022-05-24 12:08:05,636] {dag.py:1832} INFO - Sync 1 DAGs
[2022-05-24 12:08:05,686] {logging_mixin.py:104} INFO - [2022-05-24 12:08:05,686] {dag.py:2305} INFO - Setting next_dagrun for example_trigger_target_dag to None
[2022-05-24 12:08:05,720] {scheduler_job.py:190} INFO - Processing /home/airflow/.local/lib/python3.6/site-packages/airflow/example_dags/example_trigger_target_dag.py took 0.378 seconds
[2022-05-24 12:08:36,510] {scheduler_job.py:182} INFO - Started process (PID=1266) to work on /home/airflow/.local/lib/python3.6/site-packages/airflow/example_dags/example_trigger_target_dag.py
[2022-05-24 12:08:36,522] {scheduler_job.py:633} INFO - Processing file /home/airflow/.local/lib/python3.6/site-packages/airflow/example_dags/example_trigger_target_dag.py for tasks to queue
[2022-05-24 12:08:36,526] {logging_mixin.py:104} INFO - [2022-05-24 12:08:36,526] {dagbag.py:487} INFO - Filling up the DagBag from /home/airflow/.local/lib/python3.6/site-packages/airflow/example_dags/example_trigger_target_dag.py
[2022-05-24 12:08:36,711] {scheduler_job.py:643} INFO - DAG(s) dict_keys(['example_trigger_target_dag']) retrieved from /home/airflow/.local/lib/python3.6/site-packages/airflow/example_dags/example_trigger_target_dag.py
[2022-05-24 12:08:36,773] {logging_mixin.py:104} INFO - [2022-05-24 12:08:36,772] {dag.py:1832} INFO - Sync 1 DAGs
[2022-05-24 12:08:36,819] {logging_mixin.py:104} INFO - [2022-05-24 12:08:36,819] {dag.py:2305} INFO - Setting next_dagrun for example_trigger_target_dag to None
[2022-05-24 12:08:36,851] {scheduler_job.py:190} INFO - Processing /home/airflow/.local/lib/python3.6/site-packages/airflow/example_dags/example_trigger_target_dag.py took 0.349 seconds
[2022-05-24 12:09:07,773] {scheduler_job.py:182} INFO - Started process (PID=1359) to work on /home/airflow/.local/lib/python3.6/site-packages/airflow/example_dags/example_trigger_target_dag.py
[2022-05-24 12:09:07,780] {scheduler_job.py:633} INFO - Processing file /home/airflow/.local/lib/python3.6/site-packages/airflow/example_dags/example_trigger_target_dag.py for tasks to queue
[2022-05-24 12:09:07,786] {logging_mixin.py:104} INFO - [2022-05-24 12:09:07,785] {dagbag.py:487} INFO - Filling up the DagBag from /home/airflow/.local/lib/python3.6/site-packages/airflow/example_dags/example_trigger_target_dag.py
[2022-05-24 12:09:08,055] {scheduler_job.py:643} INFO - DAG(s) dict_keys(['example_trigger_target_dag']) retrieved from /home/airflow/.local/lib/python3.6/site-packages/airflow/example_dags/example_trigger_target_dag.py
[2022-05-24 12:09:08,142] {logging_mixin.py:104} INFO - [2022-05-24 12:09:08,141] {dag.py:1832} INFO - Sync 1 DAGs
[2022-05-24 12:09:08,204] {logging_mixin.py:104} INFO - [2022-05-24 12:09:08,204] {dag.py:2305} INFO - Setting next_dagrun for example_trigger_target_dag to None
[2022-05-24 12:09:08,250] {scheduler_job.py:190} INFO - Processing /home/airflow/.local/lib/python3.6/site-packages/airflow/example_dags/example_trigger_target_dag.py took 0.493 seconds
[2022-05-24 12:09:38,864] {scheduler_job.py:182} INFO - Started process (PID=1466) to work on /home/airflow/.local/lib/python3.6/site-packages/airflow/example_dags/example_trigger_target_dag.py
[2022-05-24 12:09:38,870] {scheduler_job.py:633} INFO - Processing file /home/airflow/.local/lib/python3.6/site-packages/airflow/example_dags/example_trigger_target_dag.py for tasks to queue
[2022-05-24 12:09:38,874] {logging_mixin.py:104} INFO - [2022-05-24 12:09:38,873] {dagbag.py:487} INFO - Filling up the DagBag from /home/airflow/.local/lib/python3.6/site-packages/airflow/example_dags/example_trigger_target_dag.py
[2022-05-24 12:09:39,069] {scheduler_job.py:643} INFO - DAG(s) dict_keys(['example_trigger_target_dag']) retrieved from /home/airflow/.local/lib/python3.6/site-packages/airflow/example_dags/example_trigger_target_dag.py
[2022-05-24 12:09:39,140] {logging_mixin.py:104} INFO - [2022-05-24 12:09:39,139] {dag.py:1832} INFO - Sync 1 DAGs
[2022-05-24 12:09:39,195] {logging_mixin.py:104} INFO - [2022-05-24 12:09:39,194] {dag.py:2305} INFO - Setting next_dagrun for example_trigger_target_dag to None
[2022-05-24 12:09:39,239] {scheduler_job.py:190} INFO - Processing /home/airflow/.local/lib/python3.6/site-packages/airflow/example_dags/example_trigger_target_dag.py took 0.384 seconds
[2022-05-24 12:10:09,906] {scheduler_job.py:182} INFO - Started process (PID=1556) to work on /home/airflow/.local/lib/python3.6/site-packages/airflow/example_dags/example_trigger_target_dag.py
[2022-05-24 12:10:09,911] {scheduler_job.py:633} INFO - Processing file /home/airflow/.local/lib/python3.6/site-packages/airflow/example_dags/example_trigger_target_dag.py for tasks to queue
[2022-05-24 12:10:09,916] {logging_mixin.py:104} INFO - [2022-05-24 12:10:09,915] {dagbag.py:487} INFO - Filling up the DagBag from /home/airflow/.local/lib/python3.6/site-packages/airflow/example_dags/example_trigger_target_dag.py
[2022-05-24 12:10:10,086] {scheduler_job.py:643} INFO - DAG(s) dict_keys(['example_trigger_target_dag']) retrieved from /home/airflow/.local/lib/python3.6/site-packages/airflow/example_dags/example_trigger_target_dag.py
[2022-05-24 12:10:10,140] {logging_mixin.py:104} INFO - [2022-05-24 12:10:10,139] {dag.py:1832} INFO - Sync 1 DAGs
[2022-05-24 12:10:10,177] {logging_mixin.py:104} INFO - [2022-05-24 12:10:10,177] {dag.py:2305} INFO - Setting next_dagrun for example_trigger_target_dag to None
[2022-05-24 12:10:10,204] {scheduler_job.py:190} INFO - Processing /home/airflow/.local/lib/python3.6/site-packages/airflow/example_dags/example_trigger_target_dag.py took 0.307 seconds
[2022-05-24 12:10:40,256] {scheduler_job.py:182} INFO - Started process (PID=1665) to work on /home/airflow/.local/lib/python3.6/site-packages/airflow/example_dags/example_trigger_target_dag.py
[2022-05-24 12:10:40,262] {scheduler_job.py:633} INFO - Processing file /home/airflow/.local/lib/python3.6/site-packages/airflow/example_dags/example_trigger_target_dag.py for tasks to queue
[2022-05-24 12:10:40,266] {logging_mixin.py:104} INFO - [2022-05-24 12:10:40,266] {dagbag.py:487} INFO - Filling up the DagBag from /home/airflow/.local/lib/python3.6/site-packages/airflow/example_dags/example_trigger_target_dag.py
[2022-05-24 12:10:40,435] {scheduler_job.py:643} INFO - DAG(s) dict_keys(['example_trigger_target_dag']) retrieved from /home/airflow/.local/lib/python3.6/site-packages/airflow/example_dags/example_trigger_target_dag.py
[2022-05-24 12:10:40,489] {logging_mixin.py:104} INFO - [2022-05-24 12:10:40,488] {dag.py:1832} INFO - Sync 1 DAGs
[2022-05-24 12:10:40,526] {logging_mixin.py:104} INFO - [2022-05-24 12:10:40,526] {dag.py:2305} INFO - Setting next_dagrun for example_trigger_target_dag to None
[2022-05-24 12:10:40,554] {scheduler_job.py:190} INFO - Processing /home/airflow/.local/lib/python3.6/site-packages/airflow/example_dags/example_trigger_target_dag.py took 0.305 seconds
[2022-05-24 12:11:10,596] {scheduler_job.py:182} INFO - Started process (PID=1758) to work on /home/airflow/.local/lib/python3.6/site-packages/airflow/example_dags/example_trigger_target_dag.py
[2022-05-24 12:11:10,600] {scheduler_job.py:633} INFO - Processing file /home/airflow/.local/lib/python3.6/site-packages/airflow/example_dags/example_trigger_target_dag.py for tasks to queue
[2022-05-24 12:11:10,602] {logging_mixin.py:104} INFO - [2022-05-24 12:11:10,601] {dagbag.py:487} INFO - Filling up the DagBag from /home/airflow/.local/lib/python3.6/site-packages/airflow/example_dags/example_trigger_target_dag.py
[2022-05-24 12:11:10,738] {scheduler_job.py:643} INFO - DAG(s) dict_keys(['example_trigger_target_dag']) retrieved from /home/airflow/.local/lib/python3.6/site-packages/airflow/example_dags/example_trigger_target_dag.py
[2022-05-24 12:11:10,783] {logging_mixin.py:104} INFO - [2022-05-24 12:11:10,782] {dag.py:1832} INFO - Sync 1 DAGs
[2022-05-24 12:11:10,812] {logging_mixin.py:104} INFO - [2022-05-24 12:11:10,811] {dag.py:2305} INFO - Setting next_dagrun for example_trigger_target_dag to None
[2022-05-24 12:11:10,833] {scheduler_job.py:190} INFO - Processing /home/airflow/.local/lib/python3.6/site-packages/airflow/example_dags/example_trigger_target_dag.py took 0.244 seconds
[2022-05-24 12:11:41,296] {scheduler_job.py:182} INFO - Started process (PID=1866) to work on /home/airflow/.local/lib/python3.6/site-packages/airflow/example_dags/example_trigger_target_dag.py
[2022-05-24 12:11:41,496] {scheduler_job.py:633} INFO - Processing file /home/airflow/.local/lib/python3.6/site-packages/airflow/example_dags/example_trigger_target_dag.py for tasks to queue
[2022-05-24 12:11:41,499] {logging_mixin.py:104} INFO - [2022-05-24 12:11:41,499] {dagbag.py:487} INFO - Filling up the DagBag from /home/airflow/.local/lib/python3.6/site-packages/airflow/example_dags/example_trigger_target_dag.py
[2022-05-24 12:11:41,556] {scheduler_job.py:643} INFO - DAG(s) dict_keys(['example_trigger_target_dag']) retrieved from /home/airflow/.local/lib/python3.6/site-packages/airflow/example_dags/example_trigger_target_dag.py
[2022-05-24 12:11:41,613] {logging_mixin.py:104} INFO - [2022-05-24 12:11:41,612] {dag.py:1832} INFO - Sync 1 DAGs
[2022-05-24 12:11:41,651] {logging_mixin.py:104} INFO - [2022-05-24 12:11:41,651] {dag.py:2305} INFO - Setting next_dagrun for example_trigger_target_dag to None
[2022-05-24 12:11:41,681] {scheduler_job.py:190} INFO - Processing /home/airflow/.local/lib/python3.6/site-packages/airflow/example_dags/example_trigger_target_dag.py took 0.392 seconds
[2022-05-24 12:12:11,835] {scheduler_job.py:182} INFO - Started process (PID=1958) to work on /home/airflow/.local/lib/python3.6/site-packages/airflow/example_dags/example_trigger_target_dag.py
[2022-05-24 12:12:11,840] {scheduler_job.py:633} INFO - Processing file /home/airflow/.local/lib/python3.6/site-packages/airflow/example_dags/example_trigger_target_dag.py for tasks to queue
[2022-05-24 12:12:11,842] {logging_mixin.py:104} INFO - [2022-05-24 12:12:11,842] {dagbag.py:487} INFO - Filling up the DagBag from /home/airflow/.local/lib/python3.6/site-packages/airflow/example_dags/example_trigger_target_dag.py
[2022-05-24 12:12:11,889] {scheduler_job.py:643} INFO - DAG(s) dict_keys(['example_trigger_target_dag']) retrieved from /home/airflow/.local/lib/python3.6/site-packages/airflow/example_dags/example_trigger_target_dag.py
[2022-05-24 12:12:11,942] {logging_mixin.py:104} INFO - [2022-05-24 12:12:11,942] {dag.py:1832} INFO - Sync 1 DAGs
[2022-05-24 12:12:11,979] {logging_mixin.py:104} INFO - [2022-05-24 12:12:11,979] {dag.py:2305} INFO - Setting next_dagrun for example_trigger_target_dag to None
[2022-05-24 12:12:12,005] {scheduler_job.py:190} INFO - Processing /home/airflow/.local/lib/python3.6/site-packages/airflow/example_dags/example_trigger_target_dag.py took 0.177 seconds
[2022-05-24 12:12:42,814] {scheduler_job.py:182} INFO - Started process (PID=2068) to work on /home/airflow/.local/lib/python3.6/site-packages/airflow/example_dags/example_trigger_target_dag.py
[2022-05-24 12:12:42,821] {scheduler_job.py:633} INFO - Processing file /home/airflow/.local/lib/python3.6/site-packages/airflow/example_dags/example_trigger_target_dag.py for tasks to queue
[2022-05-24 12:12:42,828] {logging_mixin.py:104} INFO - [2022-05-24 12:12:42,826] {dagbag.py:487} INFO - Filling up the DagBag from /home/airflow/.local/lib/python3.6/site-packages/airflow/example_dags/example_trigger_target_dag.py
[2022-05-24 12:12:42,922] {scheduler_job.py:643} INFO - DAG(s) dict_keys(['example_trigger_target_dag']) retrieved from /home/airflow/.local/lib/python3.6/site-packages/airflow/example_dags/example_trigger_target_dag.py
[2022-05-24 12:12:43,007] {logging_mixin.py:104} INFO - [2022-05-24 12:12:43,005] {dag.py:1832} INFO - Sync 1 DAGs
[2022-05-24 12:12:43,070] {logging_mixin.py:104} INFO - [2022-05-24 12:12:43,070] {dag.py:2305} INFO - Setting next_dagrun for example_trigger_target_dag to None
[2022-05-24 12:12:43,109] {scheduler_job.py:190} INFO - Processing /home/airflow/.local/lib/python3.6/site-packages/airflow/example_dags/example_trigger_target_dag.py took 0.307 seconds
