[2022-05-24 12:03:24,012] {scheduler_job.py:182} INFO - Started process (PID=473) to work on /home/airflow/.local/lib/python3.6/site-packages/airflow/example_dags/example_dag_decorator.py
[2022-05-24 12:03:24,017] {scheduler_job.py:633} INFO - Processing file /home/airflow/.local/lib/python3.6/site-packages/airflow/example_dags/example_dag_decorator.py for tasks to queue
[2022-05-24 12:03:24,021] {logging_mixin.py:104} INFO - [2022-05-24 12:03:24,020] {dagbag.py:487} INFO - Filling up the DagBag from /home/airflow/.local/lib/python3.6/site-packages/airflow/example_dags/example_dag_decorator.py
[2022-05-24 12:03:24,134] {scheduler_job.py:643} INFO - DAG(s) dict_keys(['example_dag_decorator']) retrieved from /home/airflow/.local/lib/python3.6/site-packages/airflow/example_dags/example_dag_decorator.py
[2022-05-24 12:03:38,087] {logging_mixin.py:104} INFO - [2022-05-24 12:03:38,077] {dag.py:1832} INFO - Sync 1 DAGs
[2022-05-24 12:03:38,164] {logging_mixin.py:104} INFO - [2022-05-24 12:03:38,153] {dag.py:1851} INFO - Creating ORM DAG for example_dag_decorator
[2022-05-24 12:03:38,240] {logging_mixin.py:104} INFO - [2022-05-24 12:03:38,238] {dag.py:2305} INFO - Setting next_dagrun for example_dag_decorator to None
[2022-05-24 12:03:38,294] {scheduler_job.py:190} INFO - Processing /home/airflow/.local/lib/python3.6/site-packages/airflow/example_dags/example_dag_decorator.py took 14.290 seconds
[2022-05-24 12:05:55,891] {scheduler_job.py:182} INFO - Started process (PID=741) to work on /home/airflow/.local/lib/python3.6/site-packages/airflow/example_dags/example_dag_decorator.py
[2022-05-24 12:05:55,898] {scheduler_job.py:633} INFO - Processing file /home/airflow/.local/lib/python3.6/site-packages/airflow/example_dags/example_dag_decorator.py for tasks to queue
[2022-05-24 12:05:55,902] {logging_mixin.py:104} INFO - [2022-05-24 12:05:55,902] {dagbag.py:487} INFO - Filling up the DagBag from /home/airflow/.local/lib/python3.6/site-packages/airflow/example_dags/example_dag_decorator.py
[2022-05-24 12:05:56,070] {scheduler_job.py:643} INFO - DAG(s) dict_keys(['example_dag_decorator']) retrieved from /home/airflow/.local/lib/python3.6/site-packages/airflow/example_dags/example_dag_decorator.py
[2022-05-24 12:05:57,498] {logging_mixin.py:104} INFO - [2022-05-24 12:05:57,498] {dag.py:1832} INFO - Sync 1 DAGs
[2022-05-24 12:05:57,541] {logging_mixin.py:104} INFO - [2022-05-24 12:05:57,540] {dag.py:2305} INFO - Setting next_dagrun for example_dag_decorator to None
[2022-05-24 12:05:57,586] {scheduler_job.py:190} INFO - Processing /home/airflow/.local/lib/python3.6/site-packages/airflow/example_dags/example_dag_decorator.py took 1.703 seconds
[2022-05-24 12:06:27,965] {scheduler_job.py:182} INFO - Started process (PID=833) to work on /home/airflow/.local/lib/python3.6/site-packages/airflow/example_dags/example_dag_decorator.py
[2022-05-24 12:06:27,969] {scheduler_job.py:633} INFO - Processing file /home/airflow/.local/lib/python3.6/site-packages/airflow/example_dags/example_dag_decorator.py for tasks to queue
[2022-05-24 12:06:27,972] {logging_mixin.py:104} INFO - [2022-05-24 12:06:27,972] {dagbag.py:487} INFO - Filling up the DagBag from /home/airflow/.local/lib/python3.6/site-packages/airflow/example_dags/example_dag_decorator.py
[2022-05-24 12:06:28,131] {scheduler_job.py:643} INFO - DAG(s) dict_keys(['example_dag_decorator']) retrieved from /home/airflow/.local/lib/python3.6/site-packages/airflow/example_dags/example_dag_decorator.py
[2022-05-24 12:06:28,920] {logging_mixin.py:104} INFO - [2022-05-24 12:06:28,919] {dag.py:1832} INFO - Sync 1 DAGs
[2022-05-24 12:06:28,948] {logging_mixin.py:104} INFO - [2022-05-24 12:06:28,948] {dag.py:2305} INFO - Setting next_dagrun for example_dag_decorator to None
[2022-05-24 12:06:28,975] {scheduler_job.py:190} INFO - Processing /home/airflow/.local/lib/python3.6/site-packages/airflow/example_dags/example_dag_decorator.py took 1.018 seconds
[2022-05-24 12:06:59,604] {scheduler_job.py:182} INFO - Started process (PID=945) to work on /home/airflow/.local/lib/python3.6/site-packages/airflow/example_dags/example_dag_decorator.py
[2022-05-24 12:06:59,609] {scheduler_job.py:633} INFO - Processing file /home/airflow/.local/lib/python3.6/site-packages/airflow/example_dags/example_dag_decorator.py for tasks to queue
[2022-05-24 12:06:59,612] {logging_mixin.py:104} INFO - [2022-05-24 12:06:59,611] {dagbag.py:487} INFO - Filling up the DagBag from /home/airflow/.local/lib/python3.6/site-packages/airflow/example_dags/example_dag_decorator.py
[2022-05-24 12:06:59,811] {scheduler_job.py:643} INFO - DAG(s) dict_keys(['example_dag_decorator']) retrieved from /home/airflow/.local/lib/python3.6/site-packages/airflow/example_dags/example_dag_decorator.py
[2022-05-24 12:07:00,916] {logging_mixin.py:104} INFO - [2022-05-24 12:07:00,915] {dag.py:1832} INFO - Sync 1 DAGs
[2022-05-24 12:07:00,955] {logging_mixin.py:104} INFO - [2022-05-24 12:07:00,954] {dag.py:2305} INFO - Setting next_dagrun for example_dag_decorator to None
[2022-05-24 12:07:00,990] {scheduler_job.py:190} INFO - Processing /home/airflow/.local/lib/python3.6/site-packages/airflow/example_dags/example_dag_decorator.py took 1.395 seconds
[2022-05-24 12:07:31,285] {scheduler_job.py:182} INFO - Started process (PID=1042) to work on /home/airflow/.local/lib/python3.6/site-packages/airflow/example_dags/example_dag_decorator.py
[2022-05-24 12:07:31,289] {scheduler_job.py:633} INFO - Processing file /home/airflow/.local/lib/python3.6/site-packages/airflow/example_dags/example_dag_decorator.py for tasks to queue
[2022-05-24 12:07:31,291] {logging_mixin.py:104} INFO - [2022-05-24 12:07:31,290] {dagbag.py:487} INFO - Filling up the DagBag from /home/airflow/.local/lib/python3.6/site-packages/airflow/example_dags/example_dag_decorator.py
[2022-05-24 12:07:31,451] {scheduler_job.py:643} INFO - DAG(s) dict_keys(['example_dag_decorator']) retrieved from /home/airflow/.local/lib/python3.6/site-packages/airflow/example_dags/example_dag_decorator.py
[2022-05-24 12:07:32,292] {logging_mixin.py:104} INFO - [2022-05-24 12:07:32,291] {dag.py:1832} INFO - Sync 1 DAGs
[2022-05-24 12:07:32,323] {logging_mixin.py:104} INFO - [2022-05-24 12:07:32,322] {dag.py:2305} INFO - Setting next_dagrun for example_dag_decorator to None
[2022-05-24 12:07:32,351] {scheduler_job.py:190} INFO - Processing /home/airflow/.local/lib/python3.6/site-packages/airflow/example_dags/example_dag_decorator.py took 1.072 seconds
[2022-05-24 12:08:02,768] {scheduler_job.py:182} INFO - Started process (PID=1149) to work on /home/airflow/.local/lib/python3.6/site-packages/airflow/example_dags/example_dag_decorator.py
[2022-05-24 12:08:02,777] {scheduler_job.py:633} INFO - Processing file /home/airflow/.local/lib/python3.6/site-packages/airflow/example_dags/example_dag_decorator.py for tasks to queue
[2022-05-24 12:08:02,786] {logging_mixin.py:104} INFO - [2022-05-24 12:08:02,784] {dagbag.py:487} INFO - Filling up the DagBag from /home/airflow/.local/lib/python3.6/site-packages/airflow/example_dags/example_dag_decorator.py
[2022-05-24 12:08:03,033] {scheduler_job.py:643} INFO - DAG(s) dict_keys(['example_dag_decorator']) retrieved from /home/airflow/.local/lib/python3.6/site-packages/airflow/example_dags/example_dag_decorator.py
[2022-05-24 12:08:04,207] {logging_mixin.py:104} INFO - [2022-05-24 12:08:04,206] {dag.py:1832} INFO - Sync 1 DAGs
[2022-05-24 12:08:04,246] {logging_mixin.py:104} INFO - [2022-05-24 12:08:04,246] {dag.py:2305} INFO - Setting next_dagrun for example_dag_decorator to None
[2022-05-24 12:08:04,285] {scheduler_job.py:190} INFO - Processing /home/airflow/.local/lib/python3.6/site-packages/airflow/example_dags/example_dag_decorator.py took 1.542 seconds
[2022-05-24 12:08:35,095] {scheduler_job.py:182} INFO - Started process (PID=1256) to work on /home/airflow/.local/lib/python3.6/site-packages/airflow/example_dags/example_dag_decorator.py
[2022-05-24 12:08:35,105] {scheduler_job.py:633} INFO - Processing file /home/airflow/.local/lib/python3.6/site-packages/airflow/example_dags/example_dag_decorator.py for tasks to queue
[2022-05-24 12:08:35,108] {logging_mixin.py:104} INFO - [2022-05-24 12:08:35,108] {dagbag.py:487} INFO - Filling up the DagBag from /home/airflow/.local/lib/python3.6/site-packages/airflow/example_dags/example_dag_decorator.py
[2022-05-24 12:08:35,298] {scheduler_job.py:643} INFO - DAG(s) dict_keys(['example_dag_decorator']) retrieved from /home/airflow/.local/lib/python3.6/site-packages/airflow/example_dags/example_dag_decorator.py
[2022-05-24 12:08:36,354] {logging_mixin.py:104} INFO - [2022-05-24 12:08:36,353] {dag.py:1832} INFO - Sync 1 DAGs
[2022-05-24 12:08:36,397] {logging_mixin.py:104} INFO - [2022-05-24 12:08:36,397] {dag.py:2305} INFO - Setting next_dagrun for example_dag_decorator to None
[2022-05-24 12:08:36,435] {scheduler_job.py:190} INFO - Processing /home/airflow/.local/lib/python3.6/site-packages/airflow/example_dags/example_dag_decorator.py took 1.346 seconds
[2022-05-24 12:09:07,115] {scheduler_job.py:182} INFO - Started process (PID=1355) to work on /home/airflow/.local/lib/python3.6/site-packages/airflow/example_dags/example_dag_decorator.py
[2022-05-24 12:09:07,125] {scheduler_job.py:633} INFO - Processing file /home/airflow/.local/lib/python3.6/site-packages/airflow/example_dags/example_dag_decorator.py for tasks to queue
[2022-05-24 12:09:07,129] {logging_mixin.py:104} INFO - [2022-05-24 12:09:07,129] {dagbag.py:487} INFO - Filling up the DagBag from /home/airflow/.local/lib/python3.6/site-packages/airflow/example_dags/example_dag_decorator.py
[2022-05-24 12:09:07,413] {scheduler_job.py:643} INFO - DAG(s) dict_keys(['example_dag_decorator']) retrieved from /home/airflow/.local/lib/python3.6/site-packages/airflow/example_dags/example_dag_decorator.py
[2022-05-24 12:09:09,020] {logging_mixin.py:104} INFO - [2022-05-24 12:09:09,019] {dag.py:1832} INFO - Sync 1 DAGs
[2022-05-24 12:09:09,089] {logging_mixin.py:104} INFO - [2022-05-24 12:09:09,088] {dag.py:2305} INFO - Setting next_dagrun for example_dag_decorator to None
[2022-05-24 12:09:09,137] {scheduler_job.py:190} INFO - Processing /home/airflow/.local/lib/python3.6/site-packages/airflow/example_dags/example_dag_decorator.py took 2.041 seconds
[2022-05-24 12:09:39,318] {scheduler_job.py:182} INFO - Started process (PID=1470) to work on /home/airflow/.local/lib/python3.6/site-packages/airflow/example_dags/example_dag_decorator.py
[2022-05-24 12:09:39,330] {scheduler_job.py:633} INFO - Processing file /home/airflow/.local/lib/python3.6/site-packages/airflow/example_dags/example_dag_decorator.py for tasks to queue
[2022-05-24 12:09:39,339] {logging_mixin.py:104} INFO - [2022-05-24 12:09:39,339] {dagbag.py:487} INFO - Filling up the DagBag from /home/airflow/.local/lib/python3.6/site-packages/airflow/example_dags/example_dag_decorator.py
[2022-05-24 12:09:39,599] {scheduler_job.py:643} INFO - DAG(s) dict_keys(['example_dag_decorator']) retrieved from /home/airflow/.local/lib/python3.6/site-packages/airflow/example_dags/example_dag_decorator.py
[2022-05-24 12:09:40,812] {logging_mixin.py:104} INFO - [2022-05-24 12:09:40,811] {dag.py:1832} INFO - Sync 1 DAGs
[2022-05-24 12:09:40,855] {logging_mixin.py:104} INFO - [2022-05-24 12:09:40,855] {dag.py:2305} INFO - Setting next_dagrun for example_dag_decorator to None
[2022-05-24 12:09:40,901] {scheduler_job.py:190} INFO - Processing /home/airflow/.local/lib/python3.6/site-packages/airflow/example_dags/example_dag_decorator.py took 1.596 seconds
[2022-05-24 12:10:11,352] {scheduler_job.py:182} INFO - Started process (PID=1562) to work on /home/airflow/.local/lib/python3.6/site-packages/airflow/example_dags/example_dag_decorator.py
[2022-05-24 12:10:11,359] {scheduler_job.py:633} INFO - Processing file /home/airflow/.local/lib/python3.6/site-packages/airflow/example_dags/example_dag_decorator.py for tasks to queue
[2022-05-24 12:10:11,362] {logging_mixin.py:104} INFO - [2022-05-24 12:10:11,361] {dagbag.py:487} INFO - Filling up the DagBag from /home/airflow/.local/lib/python3.6/site-packages/airflow/example_dags/example_dag_decorator.py
[2022-05-24 12:10:11,529] {scheduler_job.py:643} INFO - DAG(s) dict_keys(['example_dag_decorator']) retrieved from /home/airflow/.local/lib/python3.6/site-packages/airflow/example_dags/example_dag_decorator.py
[2022-05-24 12:10:12,425] {logging_mixin.py:104} INFO - [2022-05-24 12:10:12,425] {dag.py:1832} INFO - Sync 1 DAGs
[2022-05-24 12:10:12,461] {logging_mixin.py:104} INFO - [2022-05-24 12:10:12,460] {dag.py:2305} INFO - Setting next_dagrun for example_dag_decorator to None
[2022-05-24 12:10:12,490] {scheduler_job.py:190} INFO - Processing /home/airflow/.local/lib/python3.6/site-packages/airflow/example_dags/example_dag_decorator.py took 1.152 seconds
[2022-05-24 12:10:42,730] {scheduler_job.py:182} INFO - Started process (PID=1680) to work on /home/airflow/.local/lib/python3.6/site-packages/airflow/example_dags/example_dag_decorator.py
[2022-05-24 12:10:42,735] {scheduler_job.py:633} INFO - Processing file /home/airflow/.local/lib/python3.6/site-packages/airflow/example_dags/example_dag_decorator.py for tasks to queue
[2022-05-24 12:10:42,740] {logging_mixin.py:104} INFO - [2022-05-24 12:10:42,739] {dagbag.py:487} INFO - Filling up the DagBag from /home/airflow/.local/lib/python3.6/site-packages/airflow/example_dags/example_dag_decorator.py
[2022-05-24 12:10:43,051] {scheduler_job.py:643} INFO - DAG(s) dict_keys(['example_dag_decorator']) retrieved from /home/airflow/.local/lib/python3.6/site-packages/airflow/example_dags/example_dag_decorator.py
[2022-05-24 12:10:44,089] {logging_mixin.py:104} INFO - [2022-05-24 12:10:44,088] {dag.py:1832} INFO - Sync 1 DAGs
[2022-05-24 12:10:44,126] {logging_mixin.py:104} INFO - [2022-05-24 12:10:44,126] {dag.py:2305} INFO - Setting next_dagrun for example_dag_decorator to None
[2022-05-24 12:10:44,159] {scheduler_job.py:190} INFO - Processing /home/airflow/.local/lib/python3.6/site-packages/airflow/example_dags/example_dag_decorator.py took 1.443 seconds
[2022-05-24 12:11:14,676] {scheduler_job.py:182} INFO - Started process (PID=1784) to work on /home/airflow/.local/lib/python3.6/site-packages/airflow/example_dags/example_dag_decorator.py
[2022-05-24 12:11:14,682] {scheduler_job.py:633} INFO - Processing file /home/airflow/.local/lib/python3.6/site-packages/airflow/example_dags/example_dag_decorator.py for tasks to queue
[2022-05-24 12:11:14,685] {logging_mixin.py:104} INFO - [2022-05-24 12:11:14,684] {dagbag.py:487} INFO - Filling up the DagBag from /home/airflow/.local/lib/python3.6/site-packages/airflow/example_dags/example_dag_decorator.py
[2022-05-24 12:11:14,865] {scheduler_job.py:643} INFO - DAG(s) dict_keys(['example_dag_decorator']) retrieved from /home/airflow/.local/lib/python3.6/site-packages/airflow/example_dags/example_dag_decorator.py
[2022-05-24 12:11:15,806] {logging_mixin.py:104} INFO - [2022-05-24 12:11:15,806] {dag.py:1832} INFO - Sync 1 DAGs
[2022-05-24 12:11:15,844] {logging_mixin.py:104} INFO - [2022-05-24 12:11:15,844] {dag.py:2305} INFO - Setting next_dagrun for example_dag_decorator to None
[2022-05-24 12:11:15,880] {scheduler_job.py:190} INFO - Processing /home/airflow/.local/lib/python3.6/site-packages/airflow/example_dags/example_dag_decorator.py took 1.213 seconds
[2022-05-24 12:11:46,589] {scheduler_job.py:182} INFO - Started process (PID=1883) to work on /home/airflow/.local/lib/python3.6/site-packages/airflow/example_dags/example_dag_decorator.py
[2022-05-24 12:11:46,593] {scheduler_job.py:633} INFO - Processing file /home/airflow/.local/lib/python3.6/site-packages/airflow/example_dags/example_dag_decorator.py for tasks to queue
[2022-05-24 12:11:46,596] {logging_mixin.py:104} INFO - [2022-05-24 12:11:46,595] {dagbag.py:487} INFO - Filling up the DagBag from /home/airflow/.local/lib/python3.6/site-packages/airflow/example_dags/example_dag_decorator.py
[2022-05-24 12:11:46,655] {scheduler_job.py:643} INFO - DAG(s) dict_keys(['example_dag_decorator']) retrieved from /home/airflow/.local/lib/python3.6/site-packages/airflow/example_dags/example_dag_decorator.py
[2022-05-24 12:11:47,511] {logging_mixin.py:104} INFO - [2022-05-24 12:11:47,510] {dag.py:1832} INFO - Sync 1 DAGs
[2022-05-24 12:11:47,540] {logging_mixin.py:104} INFO - [2022-05-24 12:11:47,540] {dag.py:2305} INFO - Setting next_dagrun for example_dag_decorator to None
[2022-05-24 12:11:47,570] {scheduler_job.py:190} INFO - Processing /home/airflow/.local/lib/python3.6/site-packages/airflow/example_dags/example_dag_decorator.py took 0.988 seconds
[2022-05-24 12:12:18,289] {scheduler_job.py:182} INFO - Started process (PID=1991) to work on /home/airflow/.local/lib/python3.6/site-packages/airflow/example_dags/example_dag_decorator.py
[2022-05-24 12:12:18,298] {scheduler_job.py:633} INFO - Processing file /home/airflow/.local/lib/python3.6/site-packages/airflow/example_dags/example_dag_decorator.py for tasks to queue
[2022-05-24 12:12:18,303] {logging_mixin.py:104} INFO - [2022-05-24 12:12:18,302] {dagbag.py:487} INFO - Filling up the DagBag from /home/airflow/.local/lib/python3.6/site-packages/airflow/example_dags/example_dag_decorator.py
[2022-05-24 12:12:18,408] {scheduler_job.py:643} INFO - DAG(s) dict_keys(['example_dag_decorator']) retrieved from /home/airflow/.local/lib/python3.6/site-packages/airflow/example_dags/example_dag_decorator.py
[2022-05-24 12:12:20,207] {logging_mixin.py:104} INFO - [2022-05-24 12:12:20,206] {dag.py:1832} INFO - Sync 1 DAGs
[2022-05-24 12:12:20,249] {logging_mixin.py:104} INFO - [2022-05-24 12:12:20,248] {dag.py:2305} INFO - Setting next_dagrun for example_dag_decorator to None
[2022-05-24 12:12:20,294] {scheduler_job.py:190} INFO - Processing /home/airflow/.local/lib/python3.6/site-packages/airflow/example_dags/example_dag_decorator.py took 2.013 seconds
