[2022-05-24 12:02:55,229] {scheduler_job.py:182} INFO - Started process (PID=427) to work on /home/airflow/.local/lib/python3.6/site-packages/airflow/example_dags/example_kubernetes_executor_config.py
[2022-05-24 12:02:55,234] {scheduler_job.py:633} INFO - Processing file /home/airflow/.local/lib/python3.6/site-packages/airflow/example_dags/example_kubernetes_executor_config.py for tasks to queue
[2022-05-24 12:02:55,238] {logging_mixin.py:104} INFO - [2022-05-24 12:02:55,237] {dagbag.py:487} INFO - Filling up the DagBag from /home/airflow/.local/lib/python3.6/site-packages/airflow/example_dags/example_kubernetes_executor_config.py
[2022-05-24 12:02:55,305] {scheduler_job.py:643} INFO - DAG(s) dict_keys(['example_kubernetes_executor_config']) retrieved from /home/airflow/.local/lib/python3.6/site-packages/airflow/example_dags/example_kubernetes_executor_config.py
[2022-05-24 12:03:09,525] {logging_mixin.py:104} INFO - [2022-05-24 12:03:09,518] {dag.py:1832} INFO - Sync 1 DAGs
[2022-05-24 12:03:09,579] {logging_mixin.py:104} INFO - [2022-05-24 12:03:09,572] {dag.py:1851} INFO - Creating ORM DAG for example_kubernetes_executor_config
[2022-05-24 12:03:09,600] {logging_mixin.py:104} INFO - [2022-05-24 12:03:09,599] {dag.py:2305} INFO - Setting next_dagrun for example_kubernetes_executor_config to None
[2022-05-24 12:03:09,644] {scheduler_job.py:190} INFO - Processing /home/airflow/.local/lib/python3.6/site-packages/airflow/example_dags/example_kubernetes_executor_config.py took 14.426 seconds
[2022-05-24 12:05:53,740] {scheduler_job.py:182} INFO - Started process (PID=725) to work on /home/airflow/.local/lib/python3.6/site-packages/airflow/example_dags/example_kubernetes_executor_config.py
[2022-05-24 12:05:53,752] {scheduler_job.py:633} INFO - Processing file /home/airflow/.local/lib/python3.6/site-packages/airflow/example_dags/example_kubernetes_executor_config.py for tasks to queue
[2022-05-24 12:05:53,756] {logging_mixin.py:104} INFO - [2022-05-24 12:05:53,755] {dagbag.py:487} INFO - Filling up the DagBag from /home/airflow/.local/lib/python3.6/site-packages/airflow/example_dags/example_kubernetes_executor_config.py
[2022-05-24 12:05:53,841] {scheduler_job.py:643} INFO - DAG(s) dict_keys(['example_kubernetes_executor_config']) retrieved from /home/airflow/.local/lib/python3.6/site-packages/airflow/example_dags/example_kubernetes_executor_config.py
[2022-05-24 12:05:54,049] {logging_mixin.py:104} INFO - [2022-05-24 12:05:54,049] {dag.py:1832} INFO - Sync 1 DAGs
[2022-05-24 12:05:54,097] {logging_mixin.py:104} INFO - [2022-05-24 12:05:54,096] {dag.py:2305} INFO - Setting next_dagrun for example_kubernetes_executor_config to None
[2022-05-24 12:05:54,130] {scheduler_job.py:190} INFO - Processing /home/airflow/.local/lib/python3.6/site-packages/airflow/example_dags/example_kubernetes_executor_config.py took 0.408 seconds
[2022-05-24 12:06:24,517] {scheduler_job.py:182} INFO - Started process (PID=823) to work on /home/airflow/.local/lib/python3.6/site-packages/airflow/example_dags/example_kubernetes_executor_config.py
[2022-05-24 12:06:24,521] {scheduler_job.py:633} INFO - Processing file /home/airflow/.local/lib/python3.6/site-packages/airflow/example_dags/example_kubernetes_executor_config.py for tasks to queue
[2022-05-24 12:06:24,525] {logging_mixin.py:104} INFO - [2022-05-24 12:06:24,525] {dagbag.py:487} INFO - Filling up the DagBag from /home/airflow/.local/lib/python3.6/site-packages/airflow/example_dags/example_kubernetes_executor_config.py
[2022-05-24 12:06:24,588] {scheduler_job.py:643} INFO - DAG(s) dict_keys(['example_kubernetes_executor_config']) retrieved from /home/airflow/.local/lib/python3.6/site-packages/airflow/example_dags/example_kubernetes_executor_config.py
[2022-05-24 12:06:24,784] {logging_mixin.py:104} INFO - [2022-05-24 12:06:24,783] {dag.py:1832} INFO - Sync 1 DAGs
[2022-05-24 12:06:24,835] {logging_mixin.py:104} INFO - [2022-05-24 12:06:24,834] {dag.py:2305} INFO - Setting next_dagrun for example_kubernetes_executor_config to None
[2022-05-24 12:06:24,866] {scheduler_job.py:190} INFO - Processing /home/airflow/.local/lib/python3.6/site-packages/airflow/example_dags/example_kubernetes_executor_config.py took 0.358 seconds
[2022-05-24 12:06:55,827] {scheduler_job.py:182} INFO - Started process (PID=930) to work on /home/airflow/.local/lib/python3.6/site-packages/airflow/example_dags/example_kubernetes_executor_config.py
[2022-05-24 12:06:55,833] {scheduler_job.py:633} INFO - Processing file /home/airflow/.local/lib/python3.6/site-packages/airflow/example_dags/example_kubernetes_executor_config.py for tasks to queue
[2022-05-24 12:06:55,837] {logging_mixin.py:104} INFO - [2022-05-24 12:06:55,837] {dagbag.py:487} INFO - Filling up the DagBag from /home/airflow/.local/lib/python3.6/site-packages/airflow/example_dags/example_kubernetes_executor_config.py
[2022-05-24 12:06:55,891] {scheduler_job.py:643} INFO - DAG(s) dict_keys(['example_kubernetes_executor_config']) retrieved from /home/airflow/.local/lib/python3.6/site-packages/airflow/example_dags/example_kubernetes_executor_config.py
[2022-05-24 12:06:56,074] {logging_mixin.py:104} INFO - [2022-05-24 12:06:56,074] {dag.py:1832} INFO - Sync 1 DAGs
[2022-05-24 12:06:56,116] {logging_mixin.py:104} INFO - [2022-05-24 12:06:56,115] {dag.py:2305} INFO - Setting next_dagrun for example_kubernetes_executor_config to None
[2022-05-24 12:06:56,146] {scheduler_job.py:190} INFO - Processing /home/airflow/.local/lib/python3.6/site-packages/airflow/example_dags/example_kubernetes_executor_config.py took 0.327 seconds
[2022-05-24 12:07:27,255] {scheduler_job.py:182} INFO - Started process (PID=1024) to work on /home/airflow/.local/lib/python3.6/site-packages/airflow/example_dags/example_kubernetes_executor_config.py
[2022-05-24 12:07:27,260] {scheduler_job.py:633} INFO - Processing file /home/airflow/.local/lib/python3.6/site-packages/airflow/example_dags/example_kubernetes_executor_config.py for tasks to queue
[2022-05-24 12:07:27,263] {logging_mixin.py:104} INFO - [2022-05-24 12:07:27,262] {dagbag.py:487} INFO - Filling up the DagBag from /home/airflow/.local/lib/python3.6/site-packages/airflow/example_dags/example_kubernetes_executor_config.py
[2022-05-24 12:07:27,311] {scheduler_job.py:643} INFO - DAG(s) dict_keys(['example_kubernetes_executor_config']) retrieved from /home/airflow/.local/lib/python3.6/site-packages/airflow/example_dags/example_kubernetes_executor_config.py
[2022-05-24 12:07:27,488] {logging_mixin.py:104} INFO - [2022-05-24 12:07:27,487] {dag.py:1832} INFO - Sync 1 DAGs
[2022-05-24 12:07:27,524] {logging_mixin.py:104} INFO - [2022-05-24 12:07:27,524] {dag.py:2305} INFO - Setting next_dagrun for example_kubernetes_executor_config to None
[2022-05-24 12:07:27,551] {scheduler_job.py:190} INFO - Processing /home/airflow/.local/lib/python3.6/site-packages/airflow/example_dags/example_kubernetes_executor_config.py took 0.303 seconds
[2022-05-24 12:07:57,772] {scheduler_job.py:182} INFO - Started process (PID=1126) to work on /home/airflow/.local/lib/python3.6/site-packages/airflow/example_dags/example_kubernetes_executor_config.py
[2022-05-24 12:07:57,783] {scheduler_job.py:633} INFO - Processing file /home/airflow/.local/lib/python3.6/site-packages/airflow/example_dags/example_kubernetes_executor_config.py for tasks to queue
[2022-05-24 12:07:57,798] {logging_mixin.py:104} INFO - [2022-05-24 12:07:57,797] {dagbag.py:487} INFO - Filling up the DagBag from /home/airflow/.local/lib/python3.6/site-packages/airflow/example_dags/example_kubernetes_executor_config.py
[2022-05-24 12:07:58,066] {scheduler_job.py:643} INFO - DAG(s) dict_keys(['example_kubernetes_executor_config']) retrieved from /home/airflow/.local/lib/python3.6/site-packages/airflow/example_dags/example_kubernetes_executor_config.py
[2022-05-24 12:07:58,197] {logging_mixin.py:104} INFO - [2022-05-24 12:07:58,196] {dag.py:1832} INFO - Sync 1 DAGs
[2022-05-24 12:07:58,256] {logging_mixin.py:104} INFO - [2022-05-24 12:07:58,256] {dag.py:2305} INFO - Setting next_dagrun for example_kubernetes_executor_config to None
[2022-05-24 12:07:58,305] {scheduler_job.py:190} INFO - Processing /home/airflow/.local/lib/python3.6/site-packages/airflow/example_dags/example_kubernetes_executor_config.py took 0.546 seconds
[2022-05-24 12:08:28,972] {scheduler_job.py:182} INFO - Started process (PID=1220) to work on /home/airflow/.local/lib/python3.6/site-packages/airflow/example_dags/example_kubernetes_executor_config.py
[2022-05-24 12:08:28,983] {scheduler_job.py:633} INFO - Processing file /home/airflow/.local/lib/python3.6/site-packages/airflow/example_dags/example_kubernetes_executor_config.py for tasks to queue
[2022-05-24 12:08:28,985] {logging_mixin.py:104} INFO - [2022-05-24 12:08:28,985] {dagbag.py:487} INFO - Filling up the DagBag from /home/airflow/.local/lib/python3.6/site-packages/airflow/example_dags/example_kubernetes_executor_config.py
[2022-05-24 12:08:29,135] {scheduler_job.py:643} INFO - DAG(s) dict_keys(['example_kubernetes_executor_config']) retrieved from /home/airflow/.local/lib/python3.6/site-packages/airflow/example_dags/example_kubernetes_executor_config.py
[2022-05-24 12:08:29,189] {logging_mixin.py:104} INFO - [2022-05-24 12:08:29,188] {dag.py:1832} INFO - Sync 1 DAGs
[2022-05-24 12:08:29,221] {logging_mixin.py:104} INFO - [2022-05-24 12:08:29,221] {dag.py:2305} INFO - Setting next_dagrun for example_kubernetes_executor_config to None
[2022-05-24 12:08:29,244] {scheduler_job.py:190} INFO - Processing /home/airflow/.local/lib/python3.6/site-packages/airflow/example_dags/example_kubernetes_executor_config.py took 0.278 seconds
[2022-05-24 12:08:59,857] {scheduler_job.py:182} INFO - Started process (PID=1328) to work on /home/airflow/.local/lib/python3.6/site-packages/airflow/example_dags/example_kubernetes_executor_config.py
[2022-05-24 12:08:59,863] {scheduler_job.py:633} INFO - Processing file /home/airflow/.local/lib/python3.6/site-packages/airflow/example_dags/example_kubernetes_executor_config.py for tasks to queue
[2022-05-24 12:08:59,866] {logging_mixin.py:104} INFO - [2022-05-24 12:08:59,866] {dagbag.py:487} INFO - Filling up the DagBag from /home/airflow/.local/lib/python3.6/site-packages/airflow/example_dags/example_kubernetes_executor_config.py
[2022-05-24 12:09:00,048] {scheduler_job.py:643} INFO - DAG(s) dict_keys(['example_kubernetes_executor_config']) retrieved from /home/airflow/.local/lib/python3.6/site-packages/airflow/example_dags/example_kubernetes_executor_config.py
[2022-05-24 12:09:00,123] {logging_mixin.py:104} INFO - [2022-05-24 12:09:00,123] {dag.py:1832} INFO - Sync 1 DAGs
[2022-05-24 12:09:00,168] {logging_mixin.py:104} INFO - [2022-05-24 12:09:00,167] {dag.py:2305} INFO - Setting next_dagrun for example_kubernetes_executor_config to None
[2022-05-24 12:09:00,201] {scheduler_job.py:190} INFO - Processing /home/airflow/.local/lib/python3.6/site-packages/airflow/example_dags/example_kubernetes_executor_config.py took 0.353 seconds
[2022-05-24 12:09:30,700] {scheduler_job.py:182} INFO - Started process (PID=1418) to work on /home/airflow/.local/lib/python3.6/site-packages/airflow/example_dags/example_kubernetes_executor_config.py
[2022-05-24 12:09:30,705] {scheduler_job.py:633} INFO - Processing file /home/airflow/.local/lib/python3.6/site-packages/airflow/example_dags/example_kubernetes_executor_config.py for tasks to queue
[2022-05-24 12:09:30,708] {logging_mixin.py:104} INFO - [2022-05-24 12:09:30,708] {dagbag.py:487} INFO - Filling up the DagBag from /home/airflow/.local/lib/python3.6/site-packages/airflow/example_dags/example_kubernetes_executor_config.py
[2022-05-24 12:09:30,857] {scheduler_job.py:643} INFO - DAG(s) dict_keys(['example_kubernetes_executor_config']) retrieved from /home/airflow/.local/lib/python3.6/site-packages/airflow/example_dags/example_kubernetes_executor_config.py
[2022-05-24 12:09:30,910] {logging_mixin.py:104} INFO - [2022-05-24 12:09:30,910] {dag.py:1832} INFO - Sync 1 DAGs
[2022-05-24 12:09:30,942] {logging_mixin.py:104} INFO - [2022-05-24 12:09:30,941] {dag.py:2305} INFO - Setting next_dagrun for example_kubernetes_executor_config to None
[2022-05-24 12:09:30,966] {scheduler_job.py:190} INFO - Processing /home/airflow/.local/lib/python3.6/site-packages/airflow/example_dags/example_kubernetes_executor_config.py took 0.276 seconds
[2022-05-24 12:10:01,794] {scheduler_job.py:182} INFO - Started process (PID=1526) to work on /home/airflow/.local/lib/python3.6/site-packages/airflow/example_dags/example_kubernetes_executor_config.py
[2022-05-24 12:10:01,810] {scheduler_job.py:633} INFO - Processing file /home/airflow/.local/lib/python3.6/site-packages/airflow/example_dags/example_kubernetes_executor_config.py for tasks to queue
[2022-05-24 12:10:01,825] {logging_mixin.py:104} INFO - [2022-05-24 12:10:01,818] {dagbag.py:487} INFO - Filling up the DagBag from /home/airflow/.local/lib/python3.6/site-packages/airflow/example_dags/example_kubernetes_executor_config.py
[2022-05-24 12:10:02,207] {scheduler_job.py:643} INFO - DAG(s) dict_keys(['example_kubernetes_executor_config']) retrieved from /home/airflow/.local/lib/python3.6/site-packages/airflow/example_dags/example_kubernetes_executor_config.py
[2022-05-24 12:10:02,370] {logging_mixin.py:104} INFO - [2022-05-24 12:10:02,369] {dag.py:1832} INFO - Sync 1 DAGs
[2022-05-24 12:10:02,473] {logging_mixin.py:104} INFO - [2022-05-24 12:10:02,472] {dag.py:2305} INFO - Setting next_dagrun for example_kubernetes_executor_config to None
[2022-05-24 12:10:02,520] {scheduler_job.py:190} INFO - Processing /home/airflow/.local/lib/python3.6/site-packages/airflow/example_dags/example_kubernetes_executor_config.py took 0.737 seconds
[2022-05-24 12:10:32,673] {scheduler_job.py:182} INFO - Started process (PID=1618) to work on /home/airflow/.local/lib/python3.6/site-packages/airflow/example_dags/example_kubernetes_executor_config.py
[2022-05-24 12:10:32,677] {scheduler_job.py:633} INFO - Processing file /home/airflow/.local/lib/python3.6/site-packages/airflow/example_dags/example_kubernetes_executor_config.py for tasks to queue
[2022-05-24 12:10:32,679] {logging_mixin.py:104} INFO - [2022-05-24 12:10:32,679] {dagbag.py:487} INFO - Filling up the DagBag from /home/airflow/.local/lib/python3.6/site-packages/airflow/example_dags/example_kubernetes_executor_config.py
[2022-05-24 12:10:32,821] {scheduler_job.py:643} INFO - DAG(s) dict_keys(['example_kubernetes_executor_config']) retrieved from /home/airflow/.local/lib/python3.6/site-packages/airflow/example_dags/example_kubernetes_executor_config.py
[2022-05-24 12:10:32,873] {logging_mixin.py:104} INFO - [2022-05-24 12:10:32,873] {dag.py:1832} INFO - Sync 1 DAGs
[2022-05-24 12:10:32,905] {logging_mixin.py:104} INFO - [2022-05-24 12:10:32,905] {dag.py:2305} INFO - Setting next_dagrun for example_kubernetes_executor_config to None
[2022-05-24 12:10:32,928] {scheduler_job.py:190} INFO - Processing /home/airflow/.local/lib/python3.6/site-packages/airflow/example_dags/example_kubernetes_executor_config.py took 0.261 seconds
[2022-05-24 12:11:03,237] {scheduler_job.py:182} INFO - Started process (PID=1732) to work on /home/airflow/.local/lib/python3.6/site-packages/airflow/example_dags/example_kubernetes_executor_config.py
[2022-05-24 12:11:03,242] {scheduler_job.py:633} INFO - Processing file /home/airflow/.local/lib/python3.6/site-packages/airflow/example_dags/example_kubernetes_executor_config.py for tasks to queue
[2022-05-24 12:11:03,245] {logging_mixin.py:104} INFO - [2022-05-24 12:11:03,245] {dagbag.py:487} INFO - Filling up the DagBag from /home/airflow/.local/lib/python3.6/site-packages/airflow/example_dags/example_kubernetes_executor_config.py
[2022-05-24 12:11:03,417] {scheduler_job.py:643} INFO - DAG(s) dict_keys(['example_kubernetes_executor_config']) retrieved from /home/airflow/.local/lib/python3.6/site-packages/airflow/example_dags/example_kubernetes_executor_config.py
[2022-05-24 12:11:03,485] {logging_mixin.py:104} INFO - [2022-05-24 12:11:03,485] {dag.py:1832} INFO - Sync 1 DAGs
[2022-05-24 12:11:03,525] {logging_mixin.py:104} INFO - [2022-05-24 12:11:03,525] {dag.py:2305} INFO - Setting next_dagrun for example_kubernetes_executor_config to None
[2022-05-24 12:11:03,554] {scheduler_job.py:190} INFO - Processing /home/airflow/.local/lib/python3.6/site-packages/airflow/example_dags/example_kubernetes_executor_config.py took 0.327 seconds
[2022-05-24 12:11:33,713] {scheduler_job.py:182} INFO - Started process (PID=1831) to work on /home/airflow/.local/lib/python3.6/site-packages/airflow/example_dags/example_kubernetes_executor_config.py
[2022-05-24 12:11:33,837] {scheduler_job.py:633} INFO - Processing file /home/airflow/.local/lib/python3.6/site-packages/airflow/example_dags/example_kubernetes_executor_config.py for tasks to queue
[2022-05-24 12:11:33,840] {logging_mixin.py:104} INFO - [2022-05-24 12:11:33,840] {dagbag.py:487} INFO - Filling up the DagBag from /home/airflow/.local/lib/python3.6/site-packages/airflow/example_dags/example_kubernetes_executor_config.py
[2022-05-24 12:11:33,886] {scheduler_job.py:643} INFO - DAG(s) dict_keys(['example_kubernetes_executor_config']) retrieved from /home/airflow/.local/lib/python3.6/site-packages/airflow/example_dags/example_kubernetes_executor_config.py
[2022-05-24 12:11:33,948] {logging_mixin.py:104} INFO - [2022-05-24 12:11:33,947] {dag.py:1832} INFO - Sync 1 DAGs
[2022-05-24 12:11:33,987] {logging_mixin.py:104} INFO - [2022-05-24 12:11:33,986] {dag.py:2305} INFO - Setting next_dagrun for example_kubernetes_executor_config to None
[2022-05-24 12:11:34,017] {scheduler_job.py:190} INFO - Processing /home/airflow/.local/lib/python3.6/site-packages/airflow/example_dags/example_kubernetes_executor_config.py took 0.311 seconds
[2022-05-24 12:12:04,468] {scheduler_job.py:182} INFO - Started process (PID=1934) to work on /home/airflow/.local/lib/python3.6/site-packages/airflow/example_dags/example_kubernetes_executor_config.py
[2022-05-24 12:12:04,472] {scheduler_job.py:633} INFO - Processing file /home/airflow/.local/lib/python3.6/site-packages/airflow/example_dags/example_kubernetes_executor_config.py for tasks to queue
[2022-05-24 12:12:04,474] {logging_mixin.py:104} INFO - [2022-05-24 12:12:04,474] {dagbag.py:487} INFO - Filling up the DagBag from /home/airflow/.local/lib/python3.6/site-packages/airflow/example_dags/example_kubernetes_executor_config.py
[2022-05-24 12:12:04,520] {scheduler_job.py:643} INFO - DAG(s) dict_keys(['example_kubernetes_executor_config']) retrieved from /home/airflow/.local/lib/python3.6/site-packages/airflow/example_dags/example_kubernetes_executor_config.py
[2022-05-24 12:12:04,580] {logging_mixin.py:104} INFO - [2022-05-24 12:12:04,580] {dag.py:1832} INFO - Sync 1 DAGs
[2022-05-24 12:12:04,617] {logging_mixin.py:104} INFO - [2022-05-24 12:12:04,617] {dag.py:2305} INFO - Setting next_dagrun for example_kubernetes_executor_config to None
[2022-05-24 12:12:04,647] {scheduler_job.py:190} INFO - Processing /home/airflow/.local/lib/python3.6/site-packages/airflow/example_dags/example_kubernetes_executor_config.py took 0.187 seconds
[2022-05-24 12:12:35,004] {scheduler_job.py:182} INFO - Started process (PID=2032) to work on /home/airflow/.local/lib/python3.6/site-packages/airflow/example_dags/example_kubernetes_executor_config.py
[2022-05-24 12:12:35,009] {scheduler_job.py:633} INFO - Processing file /home/airflow/.local/lib/python3.6/site-packages/airflow/example_dags/example_kubernetes_executor_config.py for tasks to queue
[2022-05-24 12:12:35,012] {logging_mixin.py:104} INFO - [2022-05-24 12:12:35,012] {dagbag.py:487} INFO - Filling up the DagBag from /home/airflow/.local/lib/python3.6/site-packages/airflow/example_dags/example_kubernetes_executor_config.py
[2022-05-24 12:12:35,063] {scheduler_job.py:643} INFO - DAG(s) dict_keys(['example_kubernetes_executor_config']) retrieved from /home/airflow/.local/lib/python3.6/site-packages/airflow/example_dags/example_kubernetes_executor_config.py
[2022-05-24 12:12:35,135] {logging_mixin.py:104} INFO - [2022-05-24 12:12:35,135] {dag.py:1832} INFO - Sync 1 DAGs
[2022-05-24 12:12:35,179] {logging_mixin.py:104} INFO - [2022-05-24 12:12:35,178] {dag.py:2305} INFO - Setting next_dagrun for example_kubernetes_executor_config to None
[2022-05-24 12:12:35,213] {scheduler_job.py:190} INFO - Processing /home/airflow/.local/lib/python3.6/site-packages/airflow/example_dags/example_kubernetes_executor_config.py took 0.221 seconds
