[2022-05-24 12:04:44,735] {scheduler_job.py:182} INFO - Started process (PID=601) to work on /home/airflow/.local/lib/python3.6/site-packages/airflow/example_dags/example_xcomargs.py
[2022-05-24 12:04:44,740] {scheduler_job.py:633} INFO - Processing file /home/airflow/.local/lib/python3.6/site-packages/airflow/example_dags/example_xcomargs.py for tasks to queue
[2022-05-24 12:04:44,743] {logging_mixin.py:104} INFO - [2022-05-24 12:04:44,743] {dagbag.py:487} INFO - Filling up the DagBag from /home/airflow/.local/lib/python3.6/site-packages/airflow/example_dags/example_xcomargs.py
[2022-05-24 12:04:44,849] {scheduler_job.py:643} INFO - DAG(s) dict_keys(['example_xcom_args', 'example_xcom_args_with_operators']) retrieved from /home/airflow/.local/lib/python3.6/site-packages/airflow/example_dags/example_xcomargs.py
[2022-05-24 12:04:56,941] {logging_mixin.py:104} INFO - [2022-05-24 12:04:56,934] {dag.py:1832} INFO - Sync 2 DAGs
[2022-05-24 12:04:57,001] {logging_mixin.py:104} INFO - [2022-05-24 12:04:56,995] {dag.py:1851} INFO - Creating ORM DAG for example_xcom_args_with_operators
[2022-05-24 12:04:57,006] {logging_mixin.py:104} INFO - [2022-05-24 12:04:57,006] {dag.py:1851} INFO - Creating ORM DAG for example_xcom_args
[2022-05-24 12:04:57,029] {logging_mixin.py:104} INFO - [2022-05-24 12:04:57,029] {dag.py:2305} INFO - Setting next_dagrun for example_xcom_args to None
[2022-05-24 12:04:57,036] {logging_mixin.py:104} INFO - [2022-05-24 12:04:57,036] {dag.py:2305} INFO - Setting next_dagrun for example_xcom_args_with_operators to None
[2022-05-24 12:04:57,129] {scheduler_job.py:190} INFO - Processing /home/airflow/.local/lib/python3.6/site-packages/airflow/example_dags/example_xcomargs.py took 12.405 seconds
[2022-05-24 12:06:03,401] {scheduler_job.py:182} INFO - Started process (PID=767) to work on /home/airflow/.local/lib/python3.6/site-packages/airflow/example_dags/example_xcomargs.py
[2022-05-24 12:06:03,407] {scheduler_job.py:633} INFO - Processing file /home/airflow/.local/lib/python3.6/site-packages/airflow/example_dags/example_xcomargs.py for tasks to queue
[2022-05-24 12:06:03,412] {logging_mixin.py:104} INFO - [2022-05-24 12:06:03,411] {dagbag.py:487} INFO - Filling up the DagBag from /home/airflow/.local/lib/python3.6/site-packages/airflow/example_dags/example_xcomargs.py
[2022-05-24 12:06:03,670] {scheduler_job.py:643} INFO - DAG(s) dict_keys(['example_xcom_args', 'example_xcom_args_with_operators']) retrieved from /home/airflow/.local/lib/python3.6/site-packages/airflow/example_dags/example_xcomargs.py
[2022-05-24 12:06:04,951] {logging_mixin.py:104} INFO - [2022-05-24 12:06:04,950] {dag.py:1832} INFO - Sync 2 DAGs
[2022-05-24 12:06:04,997] {logging_mixin.py:104} INFO - [2022-05-24 12:06:04,996] {dag.py:2305} INFO - Setting next_dagrun for example_xcom_args to None
[2022-05-24 12:06:05,002] {logging_mixin.py:104} INFO - [2022-05-24 12:06:05,002] {dag.py:2305} INFO - Setting next_dagrun for example_xcom_args_with_operators to None
[2022-05-24 12:06:05,046] {scheduler_job.py:190} INFO - Processing /home/airflow/.local/lib/python3.6/site-packages/airflow/example_dags/example_xcomargs.py took 1.654 seconds
[2022-05-24 12:06:35,133] {scheduler_job.py:182} INFO - Started process (PID=875) to work on /home/airflow/.local/lib/python3.6/site-packages/airflow/example_dags/example_xcomargs.py
[2022-05-24 12:06:35,140] {scheduler_job.py:633} INFO - Processing file /home/airflow/.local/lib/python3.6/site-packages/airflow/example_dags/example_xcomargs.py for tasks to queue
[2022-05-24 12:06:35,145] {logging_mixin.py:104} INFO - [2022-05-24 12:06:35,145] {dagbag.py:487} INFO - Filling up the DagBag from /home/airflow/.local/lib/python3.6/site-packages/airflow/example_dags/example_xcomargs.py
[2022-05-24 12:06:35,358] {scheduler_job.py:643} INFO - DAG(s) dict_keys(['example_xcom_args', 'example_xcom_args_with_operators']) retrieved from /home/airflow/.local/lib/python3.6/site-packages/airflow/example_dags/example_xcomargs.py
[2022-05-24 12:06:36,403] {logging_mixin.py:104} INFO - [2022-05-24 12:06:36,402] {dag.py:1832} INFO - Sync 2 DAGs
[2022-05-24 12:06:36,444] {logging_mixin.py:104} INFO - [2022-05-24 12:06:36,444] {dag.py:2305} INFO - Setting next_dagrun for example_xcom_args to None
[2022-05-24 12:06:36,449] {logging_mixin.py:104} INFO - [2022-05-24 12:06:36,449] {dag.py:2305} INFO - Setting next_dagrun for example_xcom_args_with_operators to None
[2022-05-24 12:06:36,488] {scheduler_job.py:190} INFO - Processing /home/airflow/.local/lib/python3.6/site-packages/airflow/example_dags/example_xcomargs.py took 1.366 seconds
[2022-05-24 12:07:07,059] {scheduler_job.py:182} INFO - Started process (PID=976) to work on /home/airflow/.local/lib/python3.6/site-packages/airflow/example_dags/example_xcomargs.py
[2022-05-24 12:07:07,064] {scheduler_job.py:633} INFO - Processing file /home/airflow/.local/lib/python3.6/site-packages/airflow/example_dags/example_xcomargs.py for tasks to queue
[2022-05-24 12:07:07,066] {logging_mixin.py:104} INFO - [2022-05-24 12:07:07,066] {dagbag.py:487} INFO - Filling up the DagBag from /home/airflow/.local/lib/python3.6/site-packages/airflow/example_dags/example_xcomargs.py
[2022-05-24 12:07:07,256] {scheduler_job.py:643} INFO - DAG(s) dict_keys(['example_xcom_args', 'example_xcom_args_with_operators']) retrieved from /home/airflow/.local/lib/python3.6/site-packages/airflow/example_dags/example_xcomargs.py
[2022-05-24 12:07:08,152] {logging_mixin.py:104} INFO - [2022-05-24 12:07:08,151] {dag.py:1832} INFO - Sync 2 DAGs
[2022-05-24 12:07:08,185] {logging_mixin.py:104} INFO - [2022-05-24 12:07:08,184] {dag.py:2305} INFO - Setting next_dagrun for example_xcom_args to None
[2022-05-24 12:07:08,188] {logging_mixin.py:104} INFO - [2022-05-24 12:07:08,188] {dag.py:2305} INFO - Setting next_dagrun for example_xcom_args_with_operators to None
[2022-05-24 12:07:08,221] {scheduler_job.py:190} INFO - Processing /home/airflow/.local/lib/python3.6/site-packages/airflow/example_dags/example_xcomargs.py took 1.169 seconds
[2022-05-24 12:07:38,527] {scheduler_job.py:182} INFO - Started process (PID=1086) to work on /home/airflow/.local/lib/python3.6/site-packages/airflow/example_dags/example_xcomargs.py
[2022-05-24 12:07:38,531] {scheduler_job.py:633} INFO - Processing file /home/airflow/.local/lib/python3.6/site-packages/airflow/example_dags/example_xcomargs.py for tasks to queue
[2022-05-24 12:07:38,534] {logging_mixin.py:104} INFO - [2022-05-24 12:07:38,534] {dagbag.py:487} INFO - Filling up the DagBag from /home/airflow/.local/lib/python3.6/site-packages/airflow/example_dags/example_xcomargs.py
[2022-05-24 12:07:38,731] {scheduler_job.py:643} INFO - DAG(s) dict_keys(['example_xcom_args', 'example_xcom_args_with_operators']) retrieved from /home/airflow/.local/lib/python3.6/site-packages/airflow/example_dags/example_xcomargs.py
[2022-05-24 12:07:39,825] {logging_mixin.py:104} INFO - [2022-05-24 12:07:39,825] {dag.py:1832} INFO - Sync 2 DAGs
[2022-05-24 12:07:39,868] {logging_mixin.py:104} INFO - [2022-05-24 12:07:39,867] {dag.py:2305} INFO - Setting next_dagrun for example_xcom_args to None
[2022-05-24 12:07:39,874] {logging_mixin.py:104} INFO - [2022-05-24 12:07:39,874] {dag.py:2305} INFO - Setting next_dagrun for example_xcom_args_with_operators to None
[2022-05-24 12:07:39,937] {scheduler_job.py:190} INFO - Processing /home/airflow/.local/lib/python3.6/site-packages/airflow/example_dags/example_xcomargs.py took 1.418 seconds
[2022-05-24 12:08:10,317] {scheduler_job.py:182} INFO - Started process (PID=1176) to work on /home/airflow/.local/lib/python3.6/site-packages/airflow/example_dags/example_xcomargs.py
[2022-05-24 12:08:10,320] {scheduler_job.py:633} INFO - Processing file /home/airflow/.local/lib/python3.6/site-packages/airflow/example_dags/example_xcomargs.py for tasks to queue
[2022-05-24 12:08:10,323] {logging_mixin.py:104} INFO - [2022-05-24 12:08:10,322] {dagbag.py:487} INFO - Filling up the DagBag from /home/airflow/.local/lib/python3.6/site-packages/airflow/example_dags/example_xcomargs.py
[2022-05-24 12:08:10,524] {scheduler_job.py:643} INFO - DAG(s) dict_keys(['example_xcom_args', 'example_xcom_args_with_operators']) retrieved from /home/airflow/.local/lib/python3.6/site-packages/airflow/example_dags/example_xcomargs.py
[2022-05-24 12:08:11,516] {logging_mixin.py:104} INFO - [2022-05-24 12:08:11,516] {dag.py:1832} INFO - Sync 2 DAGs
[2022-05-24 12:08:11,554] {logging_mixin.py:104} INFO - [2022-05-24 12:08:11,554] {dag.py:2305} INFO - Setting next_dagrun for example_xcom_args to None
[2022-05-24 12:08:11,557] {logging_mixin.py:104} INFO - [2022-05-24 12:08:11,557] {dag.py:2305} INFO - Setting next_dagrun for example_xcom_args_with_operators to None
[2022-05-24 12:08:11,592] {scheduler_job.py:190} INFO - Processing /home/airflow/.local/lib/python3.6/site-packages/airflow/example_dags/example_xcomargs.py took 1.283 seconds
[2022-05-24 12:08:42,261] {scheduler_job.py:182} INFO - Started process (PID=1285) to work on /home/airflow/.local/lib/python3.6/site-packages/airflow/example_dags/example_xcomargs.py
[2022-05-24 12:08:42,266] {scheduler_job.py:633} INFO - Processing file /home/airflow/.local/lib/python3.6/site-packages/airflow/example_dags/example_xcomargs.py for tasks to queue
[2022-05-24 12:08:42,269] {logging_mixin.py:104} INFO - [2022-05-24 12:08:42,268] {dagbag.py:487} INFO - Filling up the DagBag from /home/airflow/.local/lib/python3.6/site-packages/airflow/example_dags/example_xcomargs.py
[2022-05-24 12:08:42,481] {scheduler_job.py:643} INFO - DAG(s) dict_keys(['example_xcom_args', 'example_xcom_args_with_operators']) retrieved from /home/airflow/.local/lib/python3.6/site-packages/airflow/example_dags/example_xcomargs.py
[2022-05-24 12:08:43,661] {logging_mixin.py:104} INFO - [2022-05-24 12:08:43,661] {dag.py:1832} INFO - Sync 2 DAGs
[2022-05-24 12:08:43,710] {logging_mixin.py:104} INFO - [2022-05-24 12:08:43,709] {dag.py:2305} INFO - Setting next_dagrun for example_xcom_args to None
[2022-05-24 12:08:43,715] {logging_mixin.py:104} INFO - [2022-05-24 12:08:43,715] {dag.py:2305} INFO - Setting next_dagrun for example_xcom_args_with_operators to None
[2022-05-24 12:08:43,766] {scheduler_job.py:190} INFO - Processing /home/airflow/.local/lib/python3.6/site-packages/airflow/example_dags/example_xcomargs.py took 1.514 seconds
[2022-05-24 12:09:14,415] {scheduler_job.py:182} INFO - Started process (PID=1386) to work on /home/airflow/.local/lib/python3.6/site-packages/airflow/example_dags/example_xcomargs.py
[2022-05-24 12:09:14,420] {scheduler_job.py:633} INFO - Processing file /home/airflow/.local/lib/python3.6/site-packages/airflow/example_dags/example_xcomargs.py for tasks to queue
[2022-05-24 12:09:14,423] {logging_mixin.py:104} INFO - [2022-05-24 12:09:14,423] {dagbag.py:487} INFO - Filling up the DagBag from /home/airflow/.local/lib/python3.6/site-packages/airflow/example_dags/example_xcomargs.py
[2022-05-24 12:09:14,643] {scheduler_job.py:643} INFO - DAG(s) dict_keys(['example_xcom_args', 'example_xcom_args_with_operators']) retrieved from /home/airflow/.local/lib/python3.6/site-packages/airflow/example_dags/example_xcomargs.py
[2022-05-24 12:09:15,850] {logging_mixin.py:104} INFO - [2022-05-24 12:09:15,850] {dag.py:1832} INFO - Sync 2 DAGs
[2022-05-24 12:09:15,891] {logging_mixin.py:104} INFO - [2022-05-24 12:09:15,890] {dag.py:2305} INFO - Setting next_dagrun for example_xcom_args to None
[2022-05-24 12:09:15,895] {logging_mixin.py:104} INFO - [2022-05-24 12:09:15,894] {dag.py:2305} INFO - Setting next_dagrun for example_xcom_args_with_operators to None
[2022-05-24 12:09:15,940] {scheduler_job.py:190} INFO - Processing /home/airflow/.local/lib/python3.6/site-packages/airflow/example_dags/example_xcomargs.py took 1.536 seconds
[2022-05-24 12:09:46,492] {scheduler_job.py:182} INFO - Started process (PID=1491) to work on /home/airflow/.local/lib/python3.6/site-packages/airflow/example_dags/example_xcomargs.py
[2022-05-24 12:09:46,500] {scheduler_job.py:633} INFO - Processing file /home/airflow/.local/lib/python3.6/site-packages/airflow/example_dags/example_xcomargs.py for tasks to queue
[2022-05-24 12:09:46,504] {logging_mixin.py:104} INFO - [2022-05-24 12:09:46,503] {dagbag.py:487} INFO - Filling up the DagBag from /home/airflow/.local/lib/python3.6/site-packages/airflow/example_dags/example_xcomargs.py
[2022-05-24 12:09:46,859] {scheduler_job.py:643} INFO - DAG(s) dict_keys(['example_xcom_args', 'example_xcom_args_with_operators']) retrieved from /home/airflow/.local/lib/python3.6/site-packages/airflow/example_dags/example_xcomargs.py
[2022-05-24 12:09:47,972] {logging_mixin.py:104} INFO - [2022-05-24 12:09:47,971] {dag.py:1832} INFO - Sync 2 DAGs
[2022-05-24 12:09:48,012] {logging_mixin.py:104} INFO - [2022-05-24 12:09:48,011] {dag.py:2305} INFO - Setting next_dagrun for example_xcom_args to None
[2022-05-24 12:09:48,016] {logging_mixin.py:104} INFO - [2022-05-24 12:09:48,015] {dag.py:2305} INFO - Setting next_dagrun for example_xcom_args_with_operators to None
[2022-05-24 12:09:48,053] {scheduler_job.py:190} INFO - Processing /home/airflow/.local/lib/python3.6/site-packages/airflow/example_dags/example_xcomargs.py took 1.585 seconds
[2022-05-24 12:10:18,123] {scheduler_job.py:182} INFO - Started process (PID=1596) to work on /home/airflow/.local/lib/python3.6/site-packages/airflow/example_dags/example_xcomargs.py
[2022-05-24 12:10:18,129] {scheduler_job.py:633} INFO - Processing file /home/airflow/.local/lib/python3.6/site-packages/airflow/example_dags/example_xcomargs.py for tasks to queue
[2022-05-24 12:10:18,132] {logging_mixin.py:104} INFO - [2022-05-24 12:10:18,132] {dagbag.py:487} INFO - Filling up the DagBag from /home/airflow/.local/lib/python3.6/site-packages/airflow/example_dags/example_xcomargs.py
[2022-05-24 12:10:18,340] {scheduler_job.py:643} INFO - DAG(s) dict_keys(['example_xcom_args', 'example_xcom_args_with_operators']) retrieved from /home/airflow/.local/lib/python3.6/site-packages/airflow/example_dags/example_xcomargs.py
[2022-05-24 12:10:19,552] {logging_mixin.py:104} INFO - [2022-05-24 12:10:19,552] {dag.py:1832} INFO - Sync 2 DAGs
[2022-05-24 12:10:19,593] {logging_mixin.py:104} INFO - [2022-05-24 12:10:19,593] {dag.py:2305} INFO - Setting next_dagrun for example_xcom_args to None
[2022-05-24 12:10:19,598] {logging_mixin.py:104} INFO - [2022-05-24 12:10:19,597] {dag.py:2305} INFO - Setting next_dagrun for example_xcom_args_with_operators to None
[2022-05-24 12:10:19,647] {scheduler_job.py:190} INFO - Processing /home/airflow/.local/lib/python3.6/site-packages/airflow/example_dags/example_xcomargs.py took 1.532 seconds
[2022-05-24 12:10:50,362] {scheduler_job.py:182} INFO - Started process (PID=1688) to work on /home/airflow/.local/lib/python3.6/site-packages/airflow/example_dags/example_xcomargs.py
[2022-05-24 12:10:50,368] {scheduler_job.py:633} INFO - Processing file /home/airflow/.local/lib/python3.6/site-packages/airflow/example_dags/example_xcomargs.py for tasks to queue
[2022-05-24 12:10:50,374] {logging_mixin.py:104} INFO - [2022-05-24 12:10:50,373] {dagbag.py:487} INFO - Filling up the DagBag from /home/airflow/.local/lib/python3.6/site-packages/airflow/example_dags/example_xcomargs.py
[2022-05-24 12:10:50,551] {scheduler_job.py:643} INFO - DAG(s) dict_keys(['example_xcom_args', 'example_xcom_args_with_operators']) retrieved from /home/airflow/.local/lib/python3.6/site-packages/airflow/example_dags/example_xcomargs.py
[2022-05-24 12:10:51,360] {logging_mixin.py:104} INFO - [2022-05-24 12:10:51,360] {dag.py:1832} INFO - Sync 2 DAGs
[2022-05-24 12:10:51,391] {logging_mixin.py:104} INFO - [2022-05-24 12:10:51,391] {dag.py:2305} INFO - Setting next_dagrun for example_xcom_args to None
[2022-05-24 12:10:51,394] {logging_mixin.py:104} INFO - [2022-05-24 12:10:51,394] {dag.py:2305} INFO - Setting next_dagrun for example_xcom_args_with_operators to None
[2022-05-24 12:10:51,426] {scheduler_job.py:190} INFO - Processing /home/airflow/.local/lib/python3.6/site-packages/airflow/example_dags/example_xcomargs.py took 1.076 seconds
[2022-05-24 12:11:22,147] {scheduler_job.py:182} INFO - Started process (PID=1799) to work on /home/airflow/.local/lib/python3.6/site-packages/airflow/example_dags/example_xcomargs.py
[2022-05-24 12:11:22,152] {scheduler_job.py:633} INFO - Processing file /home/airflow/.local/lib/python3.6/site-packages/airflow/example_dags/example_xcomargs.py for tasks to queue
[2022-05-24 12:11:22,157] {logging_mixin.py:104} INFO - [2022-05-24 12:11:22,157] {dagbag.py:487} INFO - Filling up the DagBag from /home/airflow/.local/lib/python3.6/site-packages/airflow/example_dags/example_xcomargs.py
[2022-05-24 12:11:22,499] {scheduler_job.py:643} INFO - DAG(s) dict_keys(['example_xcom_args', 'example_xcom_args_with_operators']) retrieved from /home/airflow/.local/lib/python3.6/site-packages/airflow/example_dags/example_xcomargs.py
[2022-05-24 12:11:23,558] {logging_mixin.py:104} INFO - [2022-05-24 12:11:23,557] {dag.py:1832} INFO - Sync 2 DAGs
[2022-05-24 12:11:23,599] {logging_mixin.py:104} INFO - [2022-05-24 12:11:23,598] {dag.py:2305} INFO - Setting next_dagrun for example_xcom_args to None
[2022-05-24 12:11:23,603] {logging_mixin.py:104} INFO - [2022-05-24 12:11:23,602] {dag.py:2305} INFO - Setting next_dagrun for example_xcom_args_with_operators to None
[2022-05-24 12:11:23,641] {scheduler_job.py:190} INFO - Processing /home/airflow/.local/lib/python3.6/site-packages/airflow/example_dags/example_xcomargs.py took 1.504 seconds
[2022-05-24 12:11:53,751] {scheduler_job.py:182} INFO - Started process (PID=1904) to work on /home/airflow/.local/lib/python3.6/site-packages/airflow/example_dags/example_xcomargs.py
[2022-05-24 12:11:53,757] {scheduler_job.py:633} INFO - Processing file /home/airflow/.local/lib/python3.6/site-packages/airflow/example_dags/example_xcomargs.py for tasks to queue
[2022-05-24 12:11:53,760] {logging_mixin.py:104} INFO - [2022-05-24 12:11:53,759] {dagbag.py:487} INFO - Filling up the DagBag from /home/airflow/.local/lib/python3.6/site-packages/airflow/example_dags/example_xcomargs.py
[2022-05-24 12:11:53,847] {scheduler_job.py:643} INFO - DAG(s) dict_keys(['example_xcom_args', 'example_xcom_args_with_operators']) retrieved from /home/airflow/.local/lib/python3.6/site-packages/airflow/example_dags/example_xcomargs.py
[2022-05-24 12:11:54,881] {logging_mixin.py:104} INFO - [2022-05-24 12:11:54,881] {dag.py:1832} INFO - Sync 2 DAGs
[2022-05-24 12:11:54,920] {logging_mixin.py:104} INFO - [2022-05-24 12:11:54,920] {dag.py:2305} INFO - Setting next_dagrun for example_xcom_args to None
[2022-05-24 12:11:54,924] {logging_mixin.py:104} INFO - [2022-05-24 12:11:54,923] {dag.py:2305} INFO - Setting next_dagrun for example_xcom_args_with_operators to None
[2022-05-24 12:11:54,958] {scheduler_job.py:190} INFO - Processing /home/airflow/.local/lib/python3.6/site-packages/airflow/example_dags/example_xcomargs.py took 1.215 seconds
[2022-05-24 12:12:25,417] {scheduler_job.py:182} INFO - Started process (PID=2000) to work on /home/airflow/.local/lib/python3.6/site-packages/airflow/example_dags/example_xcomargs.py
[2022-05-24 12:12:25,437] {scheduler_job.py:633} INFO - Processing file /home/airflow/.local/lib/python3.6/site-packages/airflow/example_dags/example_xcomargs.py for tasks to queue
[2022-05-24 12:12:25,444] {logging_mixin.py:104} INFO - [2022-05-24 12:12:25,441] {dagbag.py:487} INFO - Filling up the DagBag from /home/airflow/.local/lib/python3.6/site-packages/airflow/example_dags/example_xcomargs.py
[2022-05-24 12:12:25,750] {scheduler_job.py:643} INFO - DAG(s) dict_keys(['example_xcom_args', 'example_xcom_args_with_operators']) retrieved from /home/airflow/.local/lib/python3.6/site-packages/airflow/example_dags/example_xcomargs.py
[2022-05-24 12:12:25,911] {logging_mixin.py:104} INFO - [2022-05-24 12:12:25,911] {dag.py:1832} INFO - Sync 2 DAGs
[2022-05-24 12:12:26,021] {logging_mixin.py:104} INFO - [2022-05-24 12:12:26,020] {dag.py:2305} INFO - Setting next_dagrun for example_xcom_args to None
[2022-05-24 12:12:26,034] {logging_mixin.py:104} INFO - [2022-05-24 12:12:26,033] {dag.py:2305} INFO - Setting next_dagrun for example_xcom_args_with_operators to None
[2022-05-24 12:12:26,136] {scheduler_job.py:190} INFO - Processing /home/airflow/.local/lib/python3.6/site-packages/airflow/example_dags/example_xcomargs.py took 0.746 seconds
