[2022-05-24 12:03:53,778] {scheduler_job.py:182} INFO - Started process (PID=522) to work on /home/airflow/.local/lib/python3.6/site-packages/airflow/example_dags/example_task_group.py
[2022-05-24 12:03:53,785] {scheduler_job.py:633} INFO - Processing file /home/airflow/.local/lib/python3.6/site-packages/airflow/example_dags/example_task_group.py for tasks to queue
[2022-05-24 12:03:53,788] {logging_mixin.py:104} INFO - [2022-05-24 12:03:53,788] {dagbag.py:487} INFO - Filling up the DagBag from /home/airflow/.local/lib/python3.6/site-packages/airflow/example_dags/example_task_group.py
[2022-05-24 12:03:53,862] {scheduler_job.py:643} INFO - DAG(s) dict_keys(['example_task_group']) retrieved from /home/airflow/.local/lib/python3.6/site-packages/airflow/example_dags/example_task_group.py
[2022-05-24 12:04:09,181] {logging_mixin.py:104} INFO - [2022-05-24 12:04:09,174] {dag.py:1832} INFO - Sync 1 DAGs
[2022-05-24 12:04:09,243] {logging_mixin.py:104} INFO - [2022-05-24 12:04:09,236] {dag.py:1851} INFO - Creating ORM DAG for example_task_group
[2022-05-24 12:04:09,264] {logging_mixin.py:104} INFO - [2022-05-24 12:04:09,264] {dag.py:2305} INFO - Setting next_dagrun for example_task_group to 2022-05-22 00:00:00+00:00
[2022-05-24 12:04:09,304] {scheduler_job.py:190} INFO - Processing /home/airflow/.local/lib/python3.6/site-packages/airflow/example_dags/example_task_group.py took 15.534 seconds
[2022-05-24 12:05:59,061] {scheduler_job.py:182} INFO - Started process (PID=749) to work on /home/airflow/.local/lib/python3.6/site-packages/airflow/example_dags/example_task_group.py
[2022-05-24 12:05:59,066] {scheduler_job.py:633} INFO - Processing file /home/airflow/.local/lib/python3.6/site-packages/airflow/example_dags/example_task_group.py for tasks to queue
[2022-05-24 12:05:59,070] {logging_mixin.py:104} INFO - [2022-05-24 12:05:59,069] {dagbag.py:487} INFO - Filling up the DagBag from /home/airflow/.local/lib/python3.6/site-packages/airflow/example_dags/example_task_group.py
[2022-05-24 12:05:59,142] {scheduler_job.py:643} INFO - DAG(s) dict_keys(['example_task_group']) retrieved from /home/airflow/.local/lib/python3.6/site-packages/airflow/example_dags/example_task_group.py
[2022-05-24 12:05:59,219] {logging_mixin.py:104} INFO - [2022-05-24 12:05:59,218] {dag.py:1832} INFO - Sync 1 DAGs
[2022-05-24 12:05:59,399] {logging_mixin.py:104} INFO - [2022-05-24 12:05:59,399] {dag.py:2305} INFO - Setting next_dagrun for example_task_group to 2022-05-22 00:00:00+00:00
[2022-05-24 12:05:59,430] {scheduler_job.py:190} INFO - Processing /home/airflow/.local/lib/python3.6/site-packages/airflow/example_dags/example_task_group.py took 0.377 seconds
[2022-05-24 12:06:29,564] {scheduler_job.py:182} INFO - Started process (PID=841) to work on /home/airflow/.local/lib/python3.6/site-packages/airflow/example_dags/example_task_group.py
[2022-05-24 12:06:29,568] {scheduler_job.py:633} INFO - Processing file /home/airflow/.local/lib/python3.6/site-packages/airflow/example_dags/example_task_group.py for tasks to queue
[2022-05-24 12:06:29,570] {logging_mixin.py:104} INFO - [2022-05-24 12:06:29,569] {dagbag.py:487} INFO - Filling up the DagBag from /home/airflow/.local/lib/python3.6/site-packages/airflow/example_dags/example_task_group.py
[2022-05-24 12:06:29,621] {scheduler_job.py:643} INFO - DAG(s) dict_keys(['example_task_group']) retrieved from /home/airflow/.local/lib/python3.6/site-packages/airflow/example_dags/example_task_group.py
[2022-05-24 12:06:29,769] {logging_mixin.py:104} INFO - [2022-05-24 12:06:29,769] {dag.py:1832} INFO - Sync 1 DAGs
[2022-05-24 12:06:29,799] {logging_mixin.py:104} INFO - [2022-05-24 12:06:29,798] {dag.py:2305} INFO - Setting next_dagrun for example_task_group to 2022-05-22 00:00:00+00:00
[2022-05-24 12:06:29,822] {scheduler_job.py:190} INFO - Processing /home/airflow/.local/lib/python3.6/site-packages/airflow/example_dags/example_task_group.py took 0.264 seconds
[2022-05-24 12:07:00,348] {scheduler_job.py:182} INFO - Started process (PID=951) to work on /home/airflow/.local/lib/python3.6/site-packages/airflow/example_dags/example_task_group.py
[2022-05-24 12:07:00,356] {scheduler_job.py:633} INFO - Processing file /home/airflow/.local/lib/python3.6/site-packages/airflow/example_dags/example_task_group.py for tasks to queue
[2022-05-24 12:07:00,359] {logging_mixin.py:104} INFO - [2022-05-24 12:07:00,359] {dagbag.py:487} INFO - Filling up the DagBag from /home/airflow/.local/lib/python3.6/site-packages/airflow/example_dags/example_task_group.py
[2022-05-24 12:07:00,422] {scheduler_job.py:643} INFO - DAG(s) dict_keys(['example_task_group']) retrieved from /home/airflow/.local/lib/python3.6/site-packages/airflow/example_dags/example_task_group.py
[2022-05-24 12:07:00,633] {logging_mixin.py:104} INFO - [2022-05-24 12:07:00,633] {dag.py:1832} INFO - Sync 1 DAGs
[2022-05-24 12:07:00,714] {logging_mixin.py:104} INFO - [2022-05-24 12:07:00,713] {dag.py:2305} INFO - Setting next_dagrun for example_task_group to 2022-05-22 00:00:00+00:00
[2022-05-24 12:07:00,764] {scheduler_job.py:190} INFO - Processing /home/airflow/.local/lib/python3.6/site-packages/airflow/example_dags/example_task_group.py took 0.423 seconds
[2022-05-24 12:07:31,001] {scheduler_job.py:182} INFO - Started process (PID=1040) to work on /home/airflow/.local/lib/python3.6/site-packages/airflow/example_dags/example_task_group.py
[2022-05-24 12:07:31,005] {scheduler_job.py:633} INFO - Processing file /home/airflow/.local/lib/python3.6/site-packages/airflow/example_dags/example_task_group.py for tasks to queue
[2022-05-24 12:07:31,007] {logging_mixin.py:104} INFO - [2022-05-24 12:07:31,007] {dagbag.py:487} INFO - Filling up the DagBag from /home/airflow/.local/lib/python3.6/site-packages/airflow/example_dags/example_task_group.py
[2022-05-24 12:07:31,053] {scheduler_job.py:643} INFO - DAG(s) dict_keys(['example_task_group']) retrieved from /home/airflow/.local/lib/python3.6/site-packages/airflow/example_dags/example_task_group.py
[2022-05-24 12:07:31,199] {logging_mixin.py:104} INFO - [2022-05-24 12:07:31,198] {dag.py:1832} INFO - Sync 1 DAGs
[2022-05-24 12:07:31,228] {logging_mixin.py:104} INFO - [2022-05-24 12:07:31,227] {dag.py:2305} INFO - Setting next_dagrun for example_task_group to 2022-05-22 00:00:00+00:00
[2022-05-24 12:07:31,249] {scheduler_job.py:190} INFO - Processing /home/airflow/.local/lib/python3.6/site-packages/airflow/example_dags/example_task_group.py took 0.253 seconds
[2022-05-24 12:08:01,711] {scheduler_job.py:182} INFO - Started process (PID=1147) to work on /home/airflow/.local/lib/python3.6/site-packages/airflow/example_dags/example_task_group.py
[2022-05-24 12:08:01,716] {scheduler_job.py:633} INFO - Processing file /home/airflow/.local/lib/python3.6/site-packages/airflow/example_dags/example_task_group.py for tasks to queue
[2022-05-24 12:08:01,719] {logging_mixin.py:104} INFO - [2022-05-24 12:08:01,718] {dagbag.py:487} INFO - Filling up the DagBag from /home/airflow/.local/lib/python3.6/site-packages/airflow/example_dags/example_task_group.py
[2022-05-24 12:08:01,890] {scheduler_job.py:643} INFO - DAG(s) dict_keys(['example_task_group']) retrieved from /home/airflow/.local/lib/python3.6/site-packages/airflow/example_dags/example_task_group.py
[2022-05-24 12:08:01,951] {logging_mixin.py:104} INFO - [2022-05-24 12:08:01,951] {dag.py:1832} INFO - Sync 1 DAGs
[2022-05-24 12:08:01,992] {logging_mixin.py:104} INFO - [2022-05-24 12:08:01,991] {dag.py:2305} INFO - Setting next_dagrun for example_task_group to 2022-05-22 00:00:00+00:00
[2022-05-24 12:08:02,022] {scheduler_job.py:190} INFO - Processing /home/airflow/.local/lib/python3.6/site-packages/airflow/example_dags/example_task_group.py took 0.324 seconds
[2022-05-24 12:08:32,561] {scheduler_job.py:182} INFO - Started process (PID=1238) to work on /home/airflow/.local/lib/python3.6/site-packages/airflow/example_dags/example_task_group.py
[2022-05-24 12:08:32,568] {scheduler_job.py:633} INFO - Processing file /home/airflow/.local/lib/python3.6/site-packages/airflow/example_dags/example_task_group.py for tasks to queue
[2022-05-24 12:08:32,571] {logging_mixin.py:104} INFO - [2022-05-24 12:08:32,570] {dagbag.py:487} INFO - Filling up the DagBag from /home/airflow/.local/lib/python3.6/site-packages/airflow/example_dags/example_task_group.py
[2022-05-24 12:08:32,718] {scheduler_job.py:643} INFO - DAG(s) dict_keys(['example_task_group']) retrieved from /home/airflow/.local/lib/python3.6/site-packages/airflow/example_dags/example_task_group.py
[2022-05-24 12:08:32,769] {logging_mixin.py:104} INFO - [2022-05-24 12:08:32,769] {dag.py:1832} INFO - Sync 1 DAGs
[2022-05-24 12:08:32,799] {logging_mixin.py:104} INFO - [2022-05-24 12:08:32,798] {dag.py:2305} INFO - Setting next_dagrun for example_task_group to 2022-05-22 00:00:00+00:00
[2022-05-24 12:08:32,821] {scheduler_job.py:190} INFO - Processing /home/airflow/.local/lib/python3.6/site-packages/airflow/example_dags/example_task_group.py took 0.266 seconds
[2022-05-24 12:09:03,439] {scheduler_job.py:182} INFO - Started process (PID=1346) to work on /home/airflow/.local/lib/python3.6/site-packages/airflow/example_dags/example_task_group.py
[2022-05-24 12:09:03,444] {scheduler_job.py:633} INFO - Processing file /home/airflow/.local/lib/python3.6/site-packages/airflow/example_dags/example_task_group.py for tasks to queue
[2022-05-24 12:09:03,448] {logging_mixin.py:104} INFO - [2022-05-24 12:09:03,448] {dagbag.py:487} INFO - Filling up the DagBag from /home/airflow/.local/lib/python3.6/site-packages/airflow/example_dags/example_task_group.py
[2022-05-24 12:09:03,632] {scheduler_job.py:643} INFO - DAG(s) dict_keys(['example_task_group']) retrieved from /home/airflow/.local/lib/python3.6/site-packages/airflow/example_dags/example_task_group.py
[2022-05-24 12:09:03,697] {logging_mixin.py:104} INFO - [2022-05-24 12:09:03,696] {dag.py:1832} INFO - Sync 1 DAGs
[2022-05-24 12:09:03,739] {logging_mixin.py:104} INFO - [2022-05-24 12:09:03,738] {dag.py:2305} INFO - Setting next_dagrun for example_task_group to 2022-05-22 00:00:00+00:00
[2022-05-24 12:09:03,768] {scheduler_job.py:190} INFO - Processing /home/airflow/.local/lib/python3.6/site-packages/airflow/example_dags/example_task_group.py took 0.342 seconds
[2022-05-24 12:09:34,605] {scheduler_job.py:182} INFO - Started process (PID=1449) to work on /home/airflow/.local/lib/python3.6/site-packages/airflow/example_dags/example_task_group.py
[2022-05-24 12:09:34,610] {scheduler_job.py:633} INFO - Processing file /home/airflow/.local/lib/python3.6/site-packages/airflow/example_dags/example_task_group.py for tasks to queue
[2022-05-24 12:09:34,613] {logging_mixin.py:104} INFO - [2022-05-24 12:09:34,612] {dagbag.py:487} INFO - Filling up the DagBag from /home/airflow/.local/lib/python3.6/site-packages/airflow/example_dags/example_task_group.py
[2022-05-24 12:09:34,795] {scheduler_job.py:643} INFO - DAG(s) dict_keys(['example_task_group']) retrieved from /home/airflow/.local/lib/python3.6/site-packages/airflow/example_dags/example_task_group.py
[2022-05-24 12:09:34,859] {logging_mixin.py:104} INFO - [2022-05-24 12:09:34,859] {dag.py:1832} INFO - Sync 1 DAGs
[2022-05-24 12:09:34,901] {logging_mixin.py:104} INFO - [2022-05-24 12:09:34,900] {dag.py:2305} INFO - Setting next_dagrun for example_task_group to 2022-05-22 00:00:00+00:00
[2022-05-24 12:09:34,930] {scheduler_job.py:190} INFO - Processing /home/airflow/.local/lib/python3.6/site-packages/airflow/example_dags/example_task_group.py took 0.332 seconds
[2022-05-24 12:10:05,201] {scheduler_job.py:182} INFO - Started process (PID=1546) to work on /home/airflow/.local/lib/python3.6/site-packages/airflow/example_dags/example_task_group.py
[2022-05-24 12:10:05,207] {scheduler_job.py:633} INFO - Processing file /home/airflow/.local/lib/python3.6/site-packages/airflow/example_dags/example_task_group.py for tasks to queue
[2022-05-24 12:10:05,211] {logging_mixin.py:104} INFO - [2022-05-24 12:10:05,211] {dagbag.py:487} INFO - Filling up the DagBag from /home/airflow/.local/lib/python3.6/site-packages/airflow/example_dags/example_task_group.py
[2022-05-24 12:10:05,510] {scheduler_job.py:643} INFO - DAG(s) dict_keys(['example_task_group']) retrieved from /home/airflow/.local/lib/python3.6/site-packages/airflow/example_dags/example_task_group.py
[2022-05-24 12:10:05,582] {logging_mixin.py:104} INFO - [2022-05-24 12:10:05,581] {dag.py:1832} INFO - Sync 1 DAGs
[2022-05-24 12:10:05,629] {logging_mixin.py:104} INFO - [2022-05-24 12:10:05,628] {dag.py:2305} INFO - Setting next_dagrun for example_task_group to 2022-05-22 00:00:00+00:00
[2022-05-24 12:10:05,683] {scheduler_job.py:190} INFO - Processing /home/airflow/.local/lib/python3.6/site-packages/airflow/example_dags/example_task_group.py took 0.491 seconds
[2022-05-24 12:10:36,103] {scheduler_job.py:182} INFO - Started process (PID=1651) to work on /home/airflow/.local/lib/python3.6/site-packages/airflow/example_dags/example_task_group.py
[2022-05-24 12:10:36,108] {scheduler_job.py:633} INFO - Processing file /home/airflow/.local/lib/python3.6/site-packages/airflow/example_dags/example_task_group.py for tasks to queue
[2022-05-24 12:10:36,112] {logging_mixin.py:104} INFO - [2022-05-24 12:10:36,111] {dagbag.py:487} INFO - Filling up the DagBag from /home/airflow/.local/lib/python3.6/site-packages/airflow/example_dags/example_task_group.py
[2022-05-24 12:10:36,293] {scheduler_job.py:643} INFO - DAG(s) dict_keys(['example_task_group']) retrieved from /home/airflow/.local/lib/python3.6/site-packages/airflow/example_dags/example_task_group.py
[2022-05-24 12:10:36,357] {logging_mixin.py:104} INFO - [2022-05-24 12:10:36,356] {dag.py:1832} INFO - Sync 1 DAGs
[2022-05-24 12:10:36,399] {logging_mixin.py:104} INFO - [2022-05-24 12:10:36,398] {dag.py:2305} INFO - Setting next_dagrun for example_task_group to 2022-05-22 00:00:00+00:00
[2022-05-24 12:10:36,428] {scheduler_job.py:190} INFO - Processing /home/airflow/.local/lib/python3.6/site-packages/airflow/example_dags/example_task_group.py took 0.332 seconds
[2022-05-24 12:11:06,651] {scheduler_job.py:182} INFO - Started process (PID=1748) to work on /home/airflow/.local/lib/python3.6/site-packages/airflow/example_dags/example_task_group.py
[2022-05-24 12:11:06,655] {scheduler_job.py:633} INFO - Processing file /home/airflow/.local/lib/python3.6/site-packages/airflow/example_dags/example_task_group.py for tasks to queue
[2022-05-24 12:11:06,658] {logging_mixin.py:104} INFO - [2022-05-24 12:11:06,657] {dagbag.py:487} INFO - Filling up the DagBag from /home/airflow/.local/lib/python3.6/site-packages/airflow/example_dags/example_task_group.py
[2022-05-24 12:11:06,837] {scheduler_job.py:643} INFO - DAG(s) dict_keys(['example_task_group']) retrieved from /home/airflow/.local/lib/python3.6/site-packages/airflow/example_dags/example_task_group.py
[2022-05-24 12:11:06,891] {logging_mixin.py:104} INFO - [2022-05-24 12:11:06,891] {dag.py:1832} INFO - Sync 1 DAGs
[2022-05-24 12:11:06,927] {logging_mixin.py:104} INFO - [2022-05-24 12:11:06,927] {dag.py:2305} INFO - Setting next_dagrun for example_task_group to 2022-05-22 00:00:00+00:00
[2022-05-24 12:11:06,958] {scheduler_job.py:190} INFO - Processing /home/airflow/.local/lib/python3.6/site-packages/airflow/example_dags/example_task_group.py took 0.315 seconds
[2022-05-24 12:11:37,150] {scheduler_job.py:182} INFO - Started process (PID=1853) to work on /home/airflow/.local/lib/python3.6/site-packages/airflow/example_dags/example_task_group.py
[2022-05-24 12:11:37,276] {scheduler_job.py:633} INFO - Processing file /home/airflow/.local/lib/python3.6/site-packages/airflow/example_dags/example_task_group.py for tasks to queue
[2022-05-24 12:11:37,279] {logging_mixin.py:104} INFO - [2022-05-24 12:11:37,279] {dagbag.py:487} INFO - Filling up the DagBag from /home/airflow/.local/lib/python3.6/site-packages/airflow/example_dags/example_task_group.py
[2022-05-24 12:11:37,333] {scheduler_job.py:643} INFO - DAG(s) dict_keys(['example_task_group']) retrieved from /home/airflow/.local/lib/python3.6/site-packages/airflow/example_dags/example_task_group.py
[2022-05-24 12:11:37,403] {logging_mixin.py:104} INFO - [2022-05-24 12:11:37,402] {dag.py:1832} INFO - Sync 1 DAGs
[2022-05-24 12:11:37,442] {logging_mixin.py:104} INFO - [2022-05-24 12:11:37,441] {dag.py:2305} INFO - Setting next_dagrun for example_task_group to 2022-05-22 00:00:00+00:00
[2022-05-24 12:11:37,495] {scheduler_job.py:190} INFO - Processing /home/airflow/.local/lib/python3.6/site-packages/airflow/example_dags/example_task_group.py took 0.353 seconds
[2022-05-24 12:12:08,400] {scheduler_job.py:182} INFO - Started process (PID=1950) to work on /home/airflow/.local/lib/python3.6/site-packages/airflow/example_dags/example_task_group.py
[2022-05-24 12:12:08,404] {scheduler_job.py:633} INFO - Processing file /home/airflow/.local/lib/python3.6/site-packages/airflow/example_dags/example_task_group.py for tasks to queue
[2022-05-24 12:12:08,407] {logging_mixin.py:104} INFO - [2022-05-24 12:12:08,407] {dagbag.py:487} INFO - Filling up the DagBag from /home/airflow/.local/lib/python3.6/site-packages/airflow/example_dags/example_task_group.py
[2022-05-24 12:12:08,462] {scheduler_job.py:643} INFO - DAG(s) dict_keys(['example_task_group']) retrieved from /home/airflow/.local/lib/python3.6/site-packages/airflow/example_dags/example_task_group.py
[2022-05-24 12:12:08,527] {logging_mixin.py:104} INFO - [2022-05-24 12:12:08,527] {dag.py:1832} INFO - Sync 1 DAGs
[2022-05-24 12:12:08,564] {logging_mixin.py:104} INFO - [2022-05-24 12:12:08,563] {dag.py:2305} INFO - Setting next_dagrun for example_task_group to 2022-05-22 00:00:00+00:00
[2022-05-24 12:12:08,593] {scheduler_job.py:190} INFO - Processing /home/airflow/.local/lib/python3.6/site-packages/airflow/example_dags/example_task_group.py took 0.203 seconds
[2022-05-24 12:12:39,055] {scheduler_job.py:182} INFO - Started process (PID=2057) to work on /home/airflow/.local/lib/python3.6/site-packages/airflow/example_dags/example_task_group.py
[2022-05-24 12:12:39,058] {scheduler_job.py:633} INFO - Processing file /home/airflow/.local/lib/python3.6/site-packages/airflow/example_dags/example_task_group.py for tasks to queue
[2022-05-24 12:12:39,061] {logging_mixin.py:104} INFO - [2022-05-24 12:12:39,061] {dagbag.py:487} INFO - Filling up the DagBag from /home/airflow/.local/lib/python3.6/site-packages/airflow/example_dags/example_task_group.py
[2022-05-24 12:12:39,140] {scheduler_job.py:643} INFO - DAG(s) dict_keys(['example_task_group']) retrieved from /home/airflow/.local/lib/python3.6/site-packages/airflow/example_dags/example_task_group.py
[2022-05-24 12:12:39,207] {logging_mixin.py:104} INFO - [2022-05-24 12:12:39,207] {dag.py:1832} INFO - Sync 1 DAGs
[2022-05-24 12:12:39,251] {logging_mixin.py:104} INFO - [2022-05-24 12:12:39,250] {dag.py:2305} INFO - Setting next_dagrun for example_task_group to 2022-05-22 00:00:00+00:00
[2022-05-24 12:12:39,300] {scheduler_job.py:190} INFO - Processing /home/airflow/.local/lib/python3.6/site-packages/airflow/example_dags/example_task_group.py took 0.253 seconds
