[2022-05-24 12:05:36,280] {scheduler_job.py:182} INFO - Started process (PID=690) to work on /home/airflow/.local/lib/python3.6/site-packages/airflow/example_dags/example_trigger_controller_dag.py
[2022-05-24 12:05:36,288] {scheduler_job.py:633} INFO - Processing file /home/airflow/.local/lib/python3.6/site-packages/airflow/example_dags/example_trigger_controller_dag.py for tasks to queue
[2022-05-24 12:05:36,295] {logging_mixin.py:104} INFO - [2022-05-24 12:05:36,293] {dagbag.py:487} INFO - Filling up the DagBag from /home/airflow/.local/lib/python3.6/site-packages/airflow/example_dags/example_trigger_controller_dag.py
[2022-05-24 12:05:36,371] {scheduler_job.py:643} INFO - DAG(s) dict_keys(['example_trigger_controller_dag']) retrieved from /home/airflow/.local/lib/python3.6/site-packages/airflow/example_dags/example_trigger_controller_dag.py
[2022-05-24 12:05:49,801] {logging_mixin.py:104} INFO - [2022-05-24 12:05:49,794] {dag.py:1832} INFO - Sync 1 DAGs
[2022-05-24 12:05:49,857] {logging_mixin.py:104} INFO - [2022-05-24 12:05:49,850] {dag.py:1851} INFO - Creating ORM DAG for example_trigger_controller_dag
[2022-05-24 12:05:49,876] {logging_mixin.py:104} INFO - [2022-05-24 12:05:49,875] {dag.py:2305} INFO - Setting next_dagrun for example_trigger_controller_dag to 2022-05-22 00:00:00+00:00
[2022-05-24 12:05:49,913] {scheduler_job.py:190} INFO - Processing /home/airflow/.local/lib/python3.6/site-packages/airflow/example_dags/example_trigger_controller_dag.py took 13.646 seconds
[2022-05-24 12:06:20,755] {scheduler_job.py:182} INFO - Started process (PID=806) to work on /home/airflow/.local/lib/python3.6/site-packages/airflow/example_dags/example_trigger_controller_dag.py
[2022-05-24 12:06:20,760] {scheduler_job.py:633} INFO - Processing file /home/airflow/.local/lib/python3.6/site-packages/airflow/example_dags/example_trigger_controller_dag.py for tasks to queue
[2022-05-24 12:06:20,763] {logging_mixin.py:104} INFO - [2022-05-24 12:06:20,762] {dagbag.py:487} INFO - Filling up the DagBag from /home/airflow/.local/lib/python3.6/site-packages/airflow/example_dags/example_trigger_controller_dag.py
[2022-05-24 12:06:20,800] {scheduler_job.py:643} INFO - DAG(s) dict_keys(['example_trigger_controller_dag']) retrieved from /home/airflow/.local/lib/python3.6/site-packages/airflow/example_dags/example_trigger_controller_dag.py
[2022-05-24 12:06:20,861] {logging_mixin.py:104} INFO - [2022-05-24 12:06:20,861] {dag.py:1832} INFO - Sync 1 DAGs
[2022-05-24 12:06:21,016] {logging_mixin.py:104} INFO - [2022-05-24 12:06:21,015] {dag.py:2305} INFO - Setting next_dagrun for example_trigger_controller_dag to 2022-05-22 00:00:00+00:00
[2022-05-24 12:06:21,046] {scheduler_job.py:190} INFO - Processing /home/airflow/.local/lib/python3.6/site-packages/airflow/example_dags/example_trigger_controller_dag.py took 0.298 seconds
[2022-05-24 12:06:51,994] {scheduler_job.py:182} INFO - Started process (PID=901) to work on /home/airflow/.local/lib/python3.6/site-packages/airflow/example_dags/example_trigger_controller_dag.py
[2022-05-24 12:06:51,999] {scheduler_job.py:633} INFO - Processing file /home/airflow/.local/lib/python3.6/site-packages/airflow/example_dags/example_trigger_controller_dag.py for tasks to queue
[2022-05-24 12:06:52,002] {logging_mixin.py:104} INFO - [2022-05-24 12:06:52,001] {dagbag.py:487} INFO - Filling up the DagBag from /home/airflow/.local/lib/python3.6/site-packages/airflow/example_dags/example_trigger_controller_dag.py
[2022-05-24 12:06:52,034] {scheduler_job.py:643} INFO - DAG(s) dict_keys(['example_trigger_controller_dag']) retrieved from /home/airflow/.local/lib/python3.6/site-packages/airflow/example_dags/example_trigger_controller_dag.py
[2022-05-24 12:06:52,096] {logging_mixin.py:104} INFO - [2022-05-24 12:06:52,095] {dag.py:1832} INFO - Sync 1 DAGs
[2022-05-24 12:06:52,238] {logging_mixin.py:104} INFO - [2022-05-24 12:06:52,238] {dag.py:2305} INFO - Setting next_dagrun for example_trigger_controller_dag to 2022-05-22 00:00:00+00:00
[2022-05-24 12:06:52,264] {scheduler_job.py:190} INFO - Processing /home/airflow/.local/lib/python3.6/site-packages/airflow/example_dags/example_trigger_controller_dag.py took 0.277 seconds
[2022-05-24 12:07:22,735] {scheduler_job.py:182} INFO - Started process (PID=1012) to work on /home/airflow/.local/lib/python3.6/site-packages/airflow/example_dags/example_trigger_controller_dag.py
[2022-05-24 12:07:22,749] {scheduler_job.py:633} INFO - Processing file /home/airflow/.local/lib/python3.6/site-packages/airflow/example_dags/example_trigger_controller_dag.py for tasks to queue
[2022-05-24 12:07:22,769] {logging_mixin.py:104} INFO - [2022-05-24 12:07:22,762] {dagbag.py:487} INFO - Filling up the DagBag from /home/airflow/.local/lib/python3.6/site-packages/airflow/example_dags/example_trigger_controller_dag.py
[2022-05-24 12:07:22,839] {scheduler_job.py:643} INFO - DAG(s) dict_keys(['example_trigger_controller_dag']) retrieved from /home/airflow/.local/lib/python3.6/site-packages/airflow/example_dags/example_trigger_controller_dag.py
[2022-05-24 12:07:23,057] {logging_mixin.py:104} INFO - [2022-05-24 12:07:23,056] {dag.py:1832} INFO - Sync 1 DAGs
[2022-05-24 12:07:23,133] {logging_mixin.py:104} INFO - [2022-05-24 12:07:23,132] {dag.py:2305} INFO - Setting next_dagrun for example_trigger_controller_dag to 2022-05-22 00:00:00+00:00
[2022-05-24 12:07:23,198] {scheduler_job.py:190} INFO - Processing /home/airflow/.local/lib/python3.6/site-packages/airflow/example_dags/example_trigger_controller_dag.py took 0.545 seconds
[2022-05-24 12:07:53,485] {scheduler_job.py:182} INFO - Started process (PID=1110) to work on /home/airflow/.local/lib/python3.6/site-packages/airflow/example_dags/example_trigger_controller_dag.py
[2022-05-24 12:07:53,490] {scheduler_job.py:633} INFO - Processing file /home/airflow/.local/lib/python3.6/site-packages/airflow/example_dags/example_trigger_controller_dag.py for tasks to queue
[2022-05-24 12:07:53,493] {logging_mixin.py:104} INFO - [2022-05-24 12:07:53,493] {dagbag.py:487} INFO - Filling up the DagBag from /home/airflow/.local/lib/python3.6/site-packages/airflow/example_dags/example_trigger_controller_dag.py
[2022-05-24 12:07:53,539] {scheduler_job.py:643} INFO - DAG(s) dict_keys(['example_trigger_controller_dag']) retrieved from /home/airflow/.local/lib/python3.6/site-packages/airflow/example_dags/example_trigger_controller_dag.py
[2022-05-24 12:07:53,734] {logging_mixin.py:104} INFO - [2022-05-24 12:07:53,733] {dag.py:1832} INFO - Sync 1 DAGs
[2022-05-24 12:07:53,775] {logging_mixin.py:104} INFO - [2022-05-24 12:07:53,774] {dag.py:2305} INFO - Setting next_dagrun for example_trigger_controller_dag to 2022-05-22 00:00:00+00:00
[2022-05-24 12:07:53,805] {scheduler_job.py:190} INFO - Processing /home/airflow/.local/lib/python3.6/site-packages/airflow/example_dags/example_trigger_controller_dag.py took 0.327 seconds
[2022-05-24 12:08:24,168] {scheduler_job.py:182} INFO - Started process (PID=1210) to work on /home/airflow/.local/lib/python3.6/site-packages/airflow/example_dags/example_trigger_controller_dag.py
[2022-05-24 12:08:24,202] {scheduler_job.py:633} INFO - Processing file /home/airflow/.local/lib/python3.6/site-packages/airflow/example_dags/example_trigger_controller_dag.py for tasks to queue
[2022-05-24 12:08:24,210] {logging_mixin.py:104} INFO - [2022-05-24 12:08:24,209] {dagbag.py:487} INFO - Filling up the DagBag from /home/airflow/.local/lib/python3.6/site-packages/airflow/example_dags/example_trigger_controller_dag.py
[2022-05-24 12:08:24,305] {scheduler_job.py:643} INFO - DAG(s) dict_keys(['example_trigger_controller_dag']) retrieved from /home/airflow/.local/lib/python3.6/site-packages/airflow/example_dags/example_trigger_controller_dag.py
[2022-05-24 12:08:24,578] {logging_mixin.py:104} INFO - [2022-05-24 12:08:24,577] {dag.py:1832} INFO - Sync 1 DAGs
[2022-05-24 12:08:24,640] {logging_mixin.py:104} INFO - [2022-05-24 12:08:24,639] {dag.py:2305} INFO - Setting next_dagrun for example_trigger_controller_dag to 2022-05-22 00:00:00+00:00
[2022-05-24 12:08:24,682] {scheduler_job.py:190} INFO - Processing /home/airflow/.local/lib/python3.6/site-packages/airflow/example_dags/example_trigger_controller_dag.py took 0.538 seconds
[2022-05-24 12:08:54,974] {scheduler_job.py:182} INFO - Started process (PID=1308) to work on /home/airflow/.local/lib/python3.6/site-packages/airflow/example_dags/example_trigger_controller_dag.py
[2022-05-24 12:08:54,995] {scheduler_job.py:633} INFO - Processing file /home/airflow/.local/lib/python3.6/site-packages/airflow/example_dags/example_trigger_controller_dag.py for tasks to queue
[2022-05-24 12:08:55,002] {logging_mixin.py:104} INFO - [2022-05-24 12:08:55,002] {dagbag.py:487} INFO - Filling up the DagBag from /home/airflow/.local/lib/python3.6/site-packages/airflow/example_dags/example_trigger_controller_dag.py
[2022-05-24 12:08:55,317] {scheduler_job.py:643} INFO - DAG(s) dict_keys(['example_trigger_controller_dag']) retrieved from /home/airflow/.local/lib/python3.6/site-packages/airflow/example_dags/example_trigger_controller_dag.py
[2022-05-24 12:08:55,379] {logging_mixin.py:104} INFO - [2022-05-24 12:08:55,378] {dag.py:1832} INFO - Sync 1 DAGs
[2022-05-24 12:08:55,419] {logging_mixin.py:104} INFO - [2022-05-24 12:08:55,419] {dag.py:2305} INFO - Setting next_dagrun for example_trigger_controller_dag to 2022-05-22 00:00:00+00:00
[2022-05-24 12:08:55,451] {scheduler_job.py:190} INFO - Processing /home/airflow/.local/lib/python3.6/site-packages/airflow/example_dags/example_trigger_controller_dag.py took 0.484 seconds
[2022-05-24 12:09:26,111] {scheduler_job.py:182} INFO - Started process (PID=1408) to work on /home/airflow/.local/lib/python3.6/site-packages/airflow/example_dags/example_trigger_controller_dag.py
[2022-05-24 12:09:26,118] {scheduler_job.py:633} INFO - Processing file /home/airflow/.local/lib/python3.6/site-packages/airflow/example_dags/example_trigger_controller_dag.py for tasks to queue
[2022-05-24 12:09:26,123] {logging_mixin.py:104} INFO - [2022-05-24 12:09:26,123] {dagbag.py:487} INFO - Filling up the DagBag from /home/airflow/.local/lib/python3.6/site-packages/airflow/example_dags/example_trigger_controller_dag.py
[2022-05-24 12:09:26,317] {scheduler_job.py:643} INFO - DAG(s) dict_keys(['example_trigger_controller_dag']) retrieved from /home/airflow/.local/lib/python3.6/site-packages/airflow/example_dags/example_trigger_controller_dag.py
[2022-05-24 12:09:26,404] {logging_mixin.py:104} INFO - [2022-05-24 12:09:26,404] {dag.py:1832} INFO - Sync 1 DAGs
[2022-05-24 12:09:26,452] {logging_mixin.py:104} INFO - [2022-05-24 12:09:26,451] {dag.py:2305} INFO - Setting next_dagrun for example_trigger_controller_dag to 2022-05-22 00:00:00+00:00
[2022-05-24 12:09:26,488] {scheduler_job.py:190} INFO - Processing /home/airflow/.local/lib/python3.6/site-packages/airflow/example_dags/example_trigger_controller_dag.py took 0.389 seconds
[2022-05-24 12:09:56,710] {scheduler_job.py:182} INFO - Started process (PID=1513) to work on /home/airflow/.local/lib/python3.6/site-packages/airflow/example_dags/example_trigger_controller_dag.py
[2022-05-24 12:09:56,714] {scheduler_job.py:633} INFO - Processing file /home/airflow/.local/lib/python3.6/site-packages/airflow/example_dags/example_trigger_controller_dag.py for tasks to queue
[2022-05-24 12:09:56,727] {logging_mixin.py:104} INFO - [2022-05-24 12:09:56,726] {dagbag.py:487} INFO - Filling up the DagBag from /home/airflow/.local/lib/python3.6/site-packages/airflow/example_dags/example_trigger_controller_dag.py
[2022-05-24 12:09:57,044] {scheduler_job.py:643} INFO - DAG(s) dict_keys(['example_trigger_controller_dag']) retrieved from /home/airflow/.local/lib/python3.6/site-packages/airflow/example_dags/example_trigger_controller_dag.py
[2022-05-24 12:09:57,145] {logging_mixin.py:104} INFO - [2022-05-24 12:09:57,142] {dag.py:1832} INFO - Sync 1 DAGs
[2022-05-24 12:09:57,239] {logging_mixin.py:104} INFO - [2022-05-24 12:09:57,238] {dag.py:2305} INFO - Setting next_dagrun for example_trigger_controller_dag to 2022-05-22 00:00:00+00:00
[2022-05-24 12:09:57,299] {scheduler_job.py:190} INFO - Processing /home/airflow/.local/lib/python3.6/site-packages/airflow/example_dags/example_trigger_controller_dag.py took 0.611 seconds
[2022-05-24 12:10:27,766] {scheduler_job.py:182} INFO - Started process (PID=1608) to work on /home/airflow/.local/lib/python3.6/site-packages/airflow/example_dags/example_trigger_controller_dag.py
[2022-05-24 12:10:27,770] {scheduler_job.py:633} INFO - Processing file /home/airflow/.local/lib/python3.6/site-packages/airflow/example_dags/example_trigger_controller_dag.py for tasks to queue
[2022-05-24 12:10:27,772] {logging_mixin.py:104} INFO - [2022-05-24 12:10:27,772] {dagbag.py:487} INFO - Filling up the DagBag from /home/airflow/.local/lib/python3.6/site-packages/airflow/example_dags/example_trigger_controller_dag.py
[2022-05-24 12:10:27,921] {scheduler_job.py:643} INFO - DAG(s) dict_keys(['example_trigger_controller_dag']) retrieved from /home/airflow/.local/lib/python3.6/site-packages/airflow/example_dags/example_trigger_controller_dag.py
[2022-05-24 12:10:27,972] {logging_mixin.py:104} INFO - [2022-05-24 12:10:27,971] {dag.py:1832} INFO - Sync 1 DAGs
[2022-05-24 12:10:28,016] {logging_mixin.py:104} INFO - [2022-05-24 12:10:28,016] {dag.py:2305} INFO - Setting next_dagrun for example_trigger_controller_dag to 2022-05-22 00:00:00+00:00
[2022-05-24 12:10:28,046] {scheduler_job.py:190} INFO - Processing /home/airflow/.local/lib/python3.6/site-packages/airflow/example_dags/example_trigger_controller_dag.py took 0.287 seconds
[2022-05-24 12:10:58,531] {scheduler_job.py:182} INFO - Started process (PID=1719) to work on /home/airflow/.local/lib/python3.6/site-packages/airflow/example_dags/example_trigger_controller_dag.py
[2022-05-24 12:10:58,535] {scheduler_job.py:633} INFO - Processing file /home/airflow/.local/lib/python3.6/site-packages/airflow/example_dags/example_trigger_controller_dag.py for tasks to queue
[2022-05-24 12:10:58,537] {logging_mixin.py:104} INFO - [2022-05-24 12:10:58,537] {dagbag.py:487} INFO - Filling up the DagBag from /home/airflow/.local/lib/python3.6/site-packages/airflow/example_dags/example_trigger_controller_dag.py
[2022-05-24 12:10:58,709] {scheduler_job.py:643} INFO - DAG(s) dict_keys(['example_trigger_controller_dag']) retrieved from /home/airflow/.local/lib/python3.6/site-packages/airflow/example_dags/example_trigger_controller_dag.py
[2022-05-24 12:10:58,798] {logging_mixin.py:104} INFO - [2022-05-24 12:10:58,797] {dag.py:1832} INFO - Sync 1 DAGs
[2022-05-24 12:10:58,842] {logging_mixin.py:104} INFO - [2022-05-24 12:10:58,842] {dag.py:2305} INFO - Setting next_dagrun for example_trigger_controller_dag to 2022-05-22 00:00:00+00:00
[2022-05-24 12:10:58,872] {scheduler_job.py:190} INFO - Processing /home/airflow/.local/lib/python3.6/site-packages/airflow/example_dags/example_trigger_controller_dag.py took 0.349 seconds
[2022-05-24 12:11:29,103] {scheduler_job.py:182} INFO - Started process (PID=1810) to work on /home/airflow/.local/lib/python3.6/site-packages/airflow/example_dags/example_trigger_controller_dag.py
[2022-05-24 12:11:29,206] {scheduler_job.py:633} INFO - Processing file /home/airflow/.local/lib/python3.6/site-packages/airflow/example_dags/example_trigger_controller_dag.py for tasks to queue
[2022-05-24 12:11:29,209] {logging_mixin.py:104} INFO - [2022-05-24 12:11:29,209] {dagbag.py:487} INFO - Filling up the DagBag from /home/airflow/.local/lib/python3.6/site-packages/airflow/example_dags/example_trigger_controller_dag.py
[2022-05-24 12:11:29,235] {scheduler_job.py:643} INFO - DAG(s) dict_keys(['example_trigger_controller_dag']) retrieved from /home/airflow/.local/lib/python3.6/site-packages/airflow/example_dags/example_trigger_controller_dag.py
[2022-05-24 12:11:29,276] {logging_mixin.py:104} INFO - [2022-05-24 12:11:29,276] {dag.py:1832} INFO - Sync 1 DAGs
[2022-05-24 12:11:29,306] {logging_mixin.py:104} INFO - [2022-05-24 12:11:29,306] {dag.py:2305} INFO - Setting next_dagrun for example_trigger_controller_dag to 2022-05-22 00:00:00+00:00
[2022-05-24 12:11:29,328] {scheduler_job.py:190} INFO - Processing /home/airflow/.local/lib/python3.6/site-packages/airflow/example_dags/example_trigger_controller_dag.py took 0.231 seconds
[2022-05-24 12:12:00,031] {scheduler_job.py:182} INFO - Started process (PID=1921) to work on /home/airflow/.local/lib/python3.6/site-packages/airflow/example_dags/example_trigger_controller_dag.py
[2022-05-24 12:12:00,038] {scheduler_job.py:633} INFO - Processing file /home/airflow/.local/lib/python3.6/site-packages/airflow/example_dags/example_trigger_controller_dag.py for tasks to queue
[2022-05-24 12:12:00,042] {logging_mixin.py:104} INFO - [2022-05-24 12:12:00,041] {dagbag.py:487} INFO - Filling up the DagBag from /home/airflow/.local/lib/python3.6/site-packages/airflow/example_dags/example_trigger_controller_dag.py
[2022-05-24 12:12:00,082] {scheduler_job.py:643} INFO - DAG(s) dict_keys(['example_trigger_controller_dag']) retrieved from /home/airflow/.local/lib/python3.6/site-packages/airflow/example_dags/example_trigger_controller_dag.py
[2022-05-24 12:12:00,143] {logging_mixin.py:104} INFO - [2022-05-24 12:12:00,142] {dag.py:1832} INFO - Sync 1 DAGs
[2022-05-24 12:12:00,185] {logging_mixin.py:104} INFO - [2022-05-24 12:12:00,184] {dag.py:2305} INFO - Setting next_dagrun for example_trigger_controller_dag to 2022-05-22 00:00:00+00:00
[2022-05-24 12:12:00,214] {scheduler_job.py:190} INFO - Processing /home/airflow/.local/lib/python3.6/site-packages/airflow/example_dags/example_trigger_controller_dag.py took 0.191 seconds
[2022-05-24 12:12:30,420] {scheduler_job.py:182} INFO - Started process (PID=2011) to work on /home/airflow/.local/lib/python3.6/site-packages/airflow/example_dags/example_trigger_controller_dag.py
[2022-05-24 12:12:30,432] {scheduler_job.py:633} INFO - Processing file /home/airflow/.local/lib/python3.6/site-packages/airflow/example_dags/example_trigger_controller_dag.py for tasks to queue
[2022-05-24 12:12:30,438] {logging_mixin.py:104} INFO - [2022-05-24 12:12:30,437] {dagbag.py:487} INFO - Filling up the DagBag from /home/airflow/.local/lib/python3.6/site-packages/airflow/example_dags/example_trigger_controller_dag.py
[2022-05-24 12:12:30,509] {scheduler_job.py:643} INFO - DAG(s) dict_keys(['example_trigger_controller_dag']) retrieved from /home/airflow/.local/lib/python3.6/site-packages/airflow/example_dags/example_trigger_controller_dag.py
[2022-05-24 12:12:30,598] {logging_mixin.py:104} INFO - [2022-05-24 12:12:30,598] {dag.py:1832} INFO - Sync 1 DAGs
[2022-05-24 12:12:30,658] {logging_mixin.py:104} INFO - [2022-05-24 12:12:30,657] {dag.py:2305} INFO - Setting next_dagrun for example_trigger_controller_dag to 2022-05-22 00:00:00+00:00
[2022-05-24 12:12:30,697] {scheduler_job.py:190} INFO - Processing /home/airflow/.local/lib/python3.6/site-packages/airflow/example_dags/example_trigger_controller_dag.py took 0.288 seconds
