[2022-05-24 12:04:21,766] {scheduler_job.py:182} INFO - Started process (PID=568) to work on /home/airflow/.local/lib/python3.6/site-packages/airflow/example_dags/example_bash_operator.py
[2022-05-24 12:04:21,771] {scheduler_job.py:633} INFO - Processing file /home/airflow/.local/lib/python3.6/site-packages/airflow/example_dags/example_bash_operator.py for tasks to queue
[2022-05-24 12:04:21,774] {logging_mixin.py:104} INFO - [2022-05-24 12:04:21,774] {dagbag.py:487} INFO - Filling up the DagBag from /home/airflow/.local/lib/python3.6/site-packages/airflow/example_dags/example_bash_operator.py
[2022-05-24 12:04:21,846] {scheduler_job.py:643} INFO - DAG(s) dict_keys(['example_bash_operator']) retrieved from /home/airflow/.local/lib/python3.6/site-packages/airflow/example_dags/example_bash_operator.py
[2022-05-24 12:04:33,659] {logging_mixin.py:104} INFO - [2022-05-24 12:04:33,653] {dag.py:1832} INFO - Sync 1 DAGs
[2022-05-24 12:04:33,711] {logging_mixin.py:104} INFO - [2022-05-24 12:04:33,704] {dag.py:1851} INFO - Creating ORM DAG for example_bash_operator
[2022-05-24 12:04:33,755] {logging_mixin.py:104} INFO - [2022-05-24 12:04:33,754] {dag.py:2305} INFO - Setting next_dagrun for example_bash_operator to 2022-05-22 00:00:00+00:00
[2022-05-24 12:04:33,811] {scheduler_job.py:190} INFO - Processing /home/airflow/.local/lib/python3.6/site-packages/airflow/example_dags/example_bash_operator.py took 12.053 seconds
[2022-05-24 12:06:02,245] {scheduler_job.py:182} INFO - Started process (PID=761) to work on /home/airflow/.local/lib/python3.6/site-packages/airflow/example_dags/example_bash_operator.py
[2022-05-24 12:06:02,250] {scheduler_job.py:633} INFO - Processing file /home/airflow/.local/lib/python3.6/site-packages/airflow/example_dags/example_bash_operator.py for tasks to queue
[2022-05-24 12:06:02,254] {logging_mixin.py:104} INFO - [2022-05-24 12:06:02,254] {dagbag.py:487} INFO - Filling up the DagBag from /home/airflow/.local/lib/python3.6/site-packages/airflow/example_dags/example_bash_operator.py
[2022-05-24 12:06:02,327] {scheduler_job.py:643} INFO - DAG(s) dict_keys(['example_bash_operator']) retrieved from /home/airflow/.local/lib/python3.6/site-packages/airflow/example_dags/example_bash_operator.py
[2022-05-24 12:06:02,406] {logging_mixin.py:104} INFO - [2022-05-24 12:06:02,406] {dag.py:1832} INFO - Sync 1 DAGs
[2022-05-24 12:06:02,650] {logging_mixin.py:104} INFO - [2022-05-24 12:06:02,649] {dag.py:2305} INFO - Setting next_dagrun for example_bash_operator to 2022-05-22 00:00:00+00:00
[2022-05-24 12:06:02,695] {scheduler_job.py:190} INFO - Processing /home/airflow/.local/lib/python3.6/site-packages/airflow/example_dags/example_bash_operator.py took 0.463 seconds
[2022-05-24 12:06:32,950] {scheduler_job.py:182} INFO - Started process (PID=849) to work on /home/airflow/.local/lib/python3.6/site-packages/airflow/example_dags/example_bash_operator.py
[2022-05-24 12:06:32,954] {scheduler_job.py:633} INFO - Processing file /home/airflow/.local/lib/python3.6/site-packages/airflow/example_dags/example_bash_operator.py for tasks to queue
[2022-05-24 12:06:32,956] {logging_mixin.py:104} INFO - [2022-05-24 12:06:32,956] {dagbag.py:487} INFO - Filling up the DagBag from /home/airflow/.local/lib/python3.6/site-packages/airflow/example_dags/example_bash_operator.py
[2022-05-24 12:06:33,009] {scheduler_job.py:643} INFO - DAG(s) dict_keys(['example_bash_operator']) retrieved from /home/airflow/.local/lib/python3.6/site-packages/airflow/example_dags/example_bash_operator.py
[2022-05-24 12:06:33,063] {logging_mixin.py:104} INFO - [2022-05-24 12:06:33,063] {dag.py:1832} INFO - Sync 1 DAGs
[2022-05-24 12:06:33,221] {logging_mixin.py:104} INFO - [2022-05-24 12:06:33,220] {dag.py:2305} INFO - Setting next_dagrun for example_bash_operator to 2022-05-22 00:00:00+00:00
[2022-05-24 12:06:33,249] {scheduler_job.py:190} INFO - Processing /home/airflow/.local/lib/python3.6/site-packages/airflow/example_dags/example_bash_operator.py took 0.305 seconds
[2022-05-24 12:07:03,556] {scheduler_job.py:182} INFO - Started process (PID=960) to work on /home/airflow/.local/lib/python3.6/site-packages/airflow/example_dags/example_bash_operator.py
[2022-05-24 12:07:03,562] {scheduler_job.py:633} INFO - Processing file /home/airflow/.local/lib/python3.6/site-packages/airflow/example_dags/example_bash_operator.py for tasks to queue
[2022-05-24 12:07:03,565] {logging_mixin.py:104} INFO - [2022-05-24 12:07:03,564] {dagbag.py:487} INFO - Filling up the DagBag from /home/airflow/.local/lib/python3.6/site-packages/airflow/example_dags/example_bash_operator.py
[2022-05-24 12:07:03,623] {scheduler_job.py:643} INFO - DAG(s) dict_keys(['example_bash_operator']) retrieved from /home/airflow/.local/lib/python3.6/site-packages/airflow/example_dags/example_bash_operator.py
[2022-05-24 12:07:03,790] {logging_mixin.py:104} INFO - [2022-05-24 12:07:03,790] {dag.py:1832} INFO - Sync 1 DAGs
[2022-05-24 12:07:03,847] {logging_mixin.py:104} INFO - [2022-05-24 12:07:03,846] {dag.py:2305} INFO - Setting next_dagrun for example_bash_operator to 2022-05-22 00:00:00+00:00
[2022-05-24 12:07:03,876] {scheduler_job.py:190} INFO - Processing /home/airflow/.local/lib/python3.6/site-packages/airflow/example_dags/example_bash_operator.py took 0.327 seconds
[2022-05-24 12:07:34,419] {scheduler_job.py:182} INFO - Started process (PID=1059) to work on /home/airflow/.local/lib/python3.6/site-packages/airflow/example_dags/example_bash_operator.py
[2022-05-24 12:07:34,423] {scheduler_job.py:633} INFO - Processing file /home/airflow/.local/lib/python3.6/site-packages/airflow/example_dags/example_bash_operator.py for tasks to queue
[2022-05-24 12:07:34,426] {logging_mixin.py:104} INFO - [2022-05-24 12:07:34,426] {dagbag.py:487} INFO - Filling up the DagBag from /home/airflow/.local/lib/python3.6/site-packages/airflow/example_dags/example_bash_operator.py
[2022-05-24 12:07:34,484] {scheduler_job.py:643} INFO - DAG(s) dict_keys(['example_bash_operator']) retrieved from /home/airflow/.local/lib/python3.6/site-packages/airflow/example_dags/example_bash_operator.py
[2022-05-24 12:07:34,706] {logging_mixin.py:104} INFO - [2022-05-24 12:07:34,705] {dag.py:1832} INFO - Sync 1 DAGs
[2022-05-24 12:07:34,772] {logging_mixin.py:104} INFO - [2022-05-24 12:07:34,771] {dag.py:2305} INFO - Setting next_dagrun for example_bash_operator to 2022-05-22 00:00:00+00:00
[2022-05-24 12:07:34,802] {scheduler_job.py:190} INFO - Processing /home/airflow/.local/lib/python3.6/site-packages/airflow/example_dags/example_bash_operator.py took 0.391 seconds
[2022-05-24 12:08:05,342] {scheduler_job.py:182} INFO - Started process (PID=1158) to work on /home/airflow/.local/lib/python3.6/site-packages/airflow/example_dags/example_bash_operator.py
[2022-05-24 12:08:05,349] {scheduler_job.py:633} INFO - Processing file /home/airflow/.local/lib/python3.6/site-packages/airflow/example_dags/example_bash_operator.py for tasks to queue
[2022-05-24 12:08:05,353] {logging_mixin.py:104} INFO - [2022-05-24 12:08:05,352] {dagbag.py:487} INFO - Filling up the DagBag from /home/airflow/.local/lib/python3.6/site-packages/airflow/example_dags/example_bash_operator.py
[2022-05-24 12:08:05,649] {scheduler_job.py:643} INFO - DAG(s) dict_keys(['example_bash_operator']) retrieved from /home/airflow/.local/lib/python3.6/site-packages/airflow/example_dags/example_bash_operator.py
[2022-05-24 12:08:05,713] {logging_mixin.py:104} INFO - [2022-05-24 12:08:05,712] {dag.py:1832} INFO - Sync 1 DAGs
[2022-05-24 12:08:05,784] {logging_mixin.py:104} INFO - [2022-05-24 12:08:05,784] {dag.py:2305} INFO - Setting next_dagrun for example_bash_operator to 2022-05-22 00:00:00+00:00
[2022-05-24 12:08:05,816] {scheduler_job.py:190} INFO - Processing /home/airflow/.local/lib/python3.6/site-packages/airflow/example_dags/example_bash_operator.py took 0.485 seconds
[2022-05-24 12:08:36,124] {scheduler_job.py:182} INFO - Started process (PID=1264) to work on /home/airflow/.local/lib/python3.6/site-packages/airflow/example_dags/example_bash_operator.py
[2022-05-24 12:08:36,133] {scheduler_job.py:633} INFO - Processing file /home/airflow/.local/lib/python3.6/site-packages/airflow/example_dags/example_bash_operator.py for tasks to queue
[2022-05-24 12:08:36,138] {logging_mixin.py:104} INFO - [2022-05-24 12:08:36,138] {dagbag.py:487} INFO - Filling up the DagBag from /home/airflow/.local/lib/python3.6/site-packages/airflow/example_dags/example_bash_operator.py
[2022-05-24 12:08:36,319] {scheduler_job.py:643} INFO - DAG(s) dict_keys(['example_bash_operator']) retrieved from /home/airflow/.local/lib/python3.6/site-packages/airflow/example_dags/example_bash_operator.py
[2022-05-24 12:08:36,384] {logging_mixin.py:104} INFO - [2022-05-24 12:08:36,384] {dag.py:1832} INFO - Sync 1 DAGs
[2022-05-24 12:08:36,449] {logging_mixin.py:104} INFO - [2022-05-24 12:08:36,448] {dag.py:2305} INFO - Setting next_dagrun for example_bash_operator to 2022-05-22 00:00:00+00:00
[2022-05-24 12:08:36,481] {scheduler_job.py:190} INFO - Processing /home/airflow/.local/lib/python3.6/site-packages/airflow/example_dags/example_bash_operator.py took 0.365 seconds
[2022-05-24 12:09:07,118] {scheduler_job.py:182} INFO - Started process (PID=1357) to work on /home/airflow/.local/lib/python3.6/site-packages/airflow/example_dags/example_bash_operator.py
[2022-05-24 12:09:07,125] {scheduler_job.py:633} INFO - Processing file /home/airflow/.local/lib/python3.6/site-packages/airflow/example_dags/example_bash_operator.py for tasks to queue
[2022-05-24 12:09:07,130] {logging_mixin.py:104} INFO - [2022-05-24 12:09:07,129] {dagbag.py:487} INFO - Filling up the DagBag from /home/airflow/.local/lib/python3.6/site-packages/airflow/example_dags/example_bash_operator.py
[2022-05-24 12:09:07,438] {scheduler_job.py:643} INFO - DAG(s) dict_keys(['example_bash_operator']) retrieved from /home/airflow/.local/lib/python3.6/site-packages/airflow/example_dags/example_bash_operator.py
[2022-05-24 12:09:07,522] {logging_mixin.py:104} INFO - [2022-05-24 12:09:07,521] {dag.py:1832} INFO - Sync 1 DAGs
[2022-05-24 12:09:07,597] {logging_mixin.py:104} INFO - [2022-05-24 12:09:07,596] {dag.py:2305} INFO - Setting next_dagrun for example_bash_operator to 2022-05-22 00:00:00+00:00
[2022-05-24 12:09:07,634] {scheduler_job.py:190} INFO - Processing /home/airflow/.local/lib/python3.6/site-packages/airflow/example_dags/example_bash_operator.py took 0.529 seconds
[2022-05-24 12:09:37,748] {scheduler_job.py:182} INFO - Started process (PID=1461) to work on /home/airflow/.local/lib/python3.6/site-packages/airflow/example_dags/example_bash_operator.py
[2022-05-24 12:09:37,754] {scheduler_job.py:633} INFO - Processing file /home/airflow/.local/lib/python3.6/site-packages/airflow/example_dags/example_bash_operator.py for tasks to queue
[2022-05-24 12:09:37,757] {logging_mixin.py:104} INFO - [2022-05-24 12:09:37,757] {dagbag.py:487} INFO - Filling up the DagBag from /home/airflow/.local/lib/python3.6/site-packages/airflow/example_dags/example_bash_operator.py
[2022-05-24 12:09:37,935] {scheduler_job.py:643} INFO - DAG(s) dict_keys(['example_bash_operator']) retrieved from /home/airflow/.local/lib/python3.6/site-packages/airflow/example_dags/example_bash_operator.py
[2022-05-24 12:09:37,995] {logging_mixin.py:104} INFO - [2022-05-24 12:09:37,994] {dag.py:1832} INFO - Sync 1 DAGs
[2022-05-24 12:09:38,053] {logging_mixin.py:104} INFO - [2022-05-24 12:09:38,052] {dag.py:2305} INFO - Setting next_dagrun for example_bash_operator to 2022-05-22 00:00:00+00:00
[2022-05-24 12:09:38,084] {scheduler_job.py:190} INFO - Processing /home/airflow/.local/lib/python3.6/site-packages/airflow/example_dags/example_bash_operator.py took 0.344 seconds
[2022-05-24 12:10:08,772] {scheduler_job.py:182} INFO - Started process (PID=1554) to work on /home/airflow/.local/lib/python3.6/site-packages/airflow/example_dags/example_bash_operator.py
[2022-05-24 12:10:08,777] {scheduler_job.py:633} INFO - Processing file /home/airflow/.local/lib/python3.6/site-packages/airflow/example_dags/example_bash_operator.py for tasks to queue
[2022-05-24 12:10:08,779] {logging_mixin.py:104} INFO - [2022-05-24 12:10:08,779] {dagbag.py:487} INFO - Filling up the DagBag from /home/airflow/.local/lib/python3.6/site-packages/airflow/example_dags/example_bash_operator.py
[2022-05-24 12:10:08,945] {scheduler_job.py:643} INFO - DAG(s) dict_keys(['example_bash_operator']) retrieved from /home/airflow/.local/lib/python3.6/site-packages/airflow/example_dags/example_bash_operator.py
[2022-05-24 12:10:09,001] {logging_mixin.py:104} INFO - [2022-05-24 12:10:09,001] {dag.py:1832} INFO - Sync 1 DAGs
[2022-05-24 12:10:09,057] {logging_mixin.py:104} INFO - [2022-05-24 12:10:09,057] {dag.py:2305} INFO - Setting next_dagrun for example_bash_operator to 2022-05-22 00:00:00+00:00
[2022-05-24 12:10:09,086] {scheduler_job.py:190} INFO - Processing /home/airflow/.local/lib/python3.6/site-packages/airflow/example_dags/example_bash_operator.py took 0.321 seconds
[2022-05-24 12:10:39,242] {scheduler_job.py:182} INFO - Started process (PID=1663) to work on /home/airflow/.local/lib/python3.6/site-packages/airflow/example_dags/example_bash_operator.py
[2022-05-24 12:10:39,247] {scheduler_job.py:633} INFO - Processing file /home/airflow/.local/lib/python3.6/site-packages/airflow/example_dags/example_bash_operator.py for tasks to queue
[2022-05-24 12:10:39,250] {logging_mixin.py:104} INFO - [2022-05-24 12:10:39,250] {dagbag.py:487} INFO - Filling up the DagBag from /home/airflow/.local/lib/python3.6/site-packages/airflow/example_dags/example_bash_operator.py
[2022-05-24 12:10:39,423] {scheduler_job.py:643} INFO - DAG(s) dict_keys(['example_bash_operator']) retrieved from /home/airflow/.local/lib/python3.6/site-packages/airflow/example_dags/example_bash_operator.py
[2022-05-24 12:10:39,483] {logging_mixin.py:104} INFO - [2022-05-24 12:10:39,483] {dag.py:1832} INFO - Sync 1 DAGs
[2022-05-24 12:10:39,543] {logging_mixin.py:104} INFO - [2022-05-24 12:10:39,542] {dag.py:2305} INFO - Setting next_dagrun for example_bash_operator to 2022-05-22 00:00:00+00:00
[2022-05-24 12:10:39,573] {scheduler_job.py:190} INFO - Processing /home/airflow/.local/lib/python3.6/site-packages/airflow/example_dags/example_bash_operator.py took 0.338 seconds
[2022-05-24 12:11:10,287] {scheduler_job.py:182} INFO - Started process (PID=1756) to work on /home/airflow/.local/lib/python3.6/site-packages/airflow/example_dags/example_bash_operator.py
[2022-05-24 12:11:10,291] {scheduler_job.py:633} INFO - Processing file /home/airflow/.local/lib/python3.6/site-packages/airflow/example_dags/example_bash_operator.py for tasks to queue
[2022-05-24 12:11:10,293] {logging_mixin.py:104} INFO - [2022-05-24 12:11:10,292] {dagbag.py:487} INFO - Filling up the DagBag from /home/airflow/.local/lib/python3.6/site-packages/airflow/example_dags/example_bash_operator.py
[2022-05-24 12:11:10,434] {scheduler_job.py:643} INFO - DAG(s) dict_keys(['example_bash_operator']) retrieved from /home/airflow/.local/lib/python3.6/site-packages/airflow/example_dags/example_bash_operator.py
[2022-05-24 12:11:10,482] {logging_mixin.py:104} INFO - [2022-05-24 12:11:10,482] {dag.py:1832} INFO - Sync 1 DAGs
[2022-05-24 12:11:10,529] {logging_mixin.py:104} INFO - [2022-05-24 12:11:10,528] {dag.py:2305} INFO - Setting next_dagrun for example_bash_operator to 2022-05-22 00:00:00+00:00
[2022-05-24 12:11:10,556] {scheduler_job.py:190} INFO - Processing /home/airflow/.local/lib/python3.6/site-packages/airflow/example_dags/example_bash_operator.py took 0.275 seconds
[2022-05-24 12:11:40,909] {scheduler_job.py:182} INFO - Started process (PID=1863) to work on /home/airflow/.local/lib/python3.6/site-packages/airflow/example_dags/example_bash_operator.py
[2022-05-24 12:11:41,035] {scheduler_job.py:633} INFO - Processing file /home/airflow/.local/lib/python3.6/site-packages/airflow/example_dags/example_bash_operator.py for tasks to queue
[2022-05-24 12:11:41,039] {logging_mixin.py:104} INFO - [2022-05-24 12:11:41,038] {dagbag.py:487} INFO - Filling up the DagBag from /home/airflow/.local/lib/python3.6/site-packages/airflow/example_dags/example_bash_operator.py
[2022-05-24 12:11:41,093] {scheduler_job.py:643} INFO - DAG(s) dict_keys(['example_bash_operator']) retrieved from /home/airflow/.local/lib/python3.6/site-packages/airflow/example_dags/example_bash_operator.py
[2022-05-24 12:11:41,154] {logging_mixin.py:104} INFO - [2022-05-24 12:11:41,154] {dag.py:1832} INFO - Sync 1 DAGs
[2022-05-24 12:11:41,216] {logging_mixin.py:104} INFO - [2022-05-24 12:11:41,216] {dag.py:2305} INFO - Setting next_dagrun for example_bash_operator to 2022-05-22 00:00:00+00:00
[2022-05-24 12:11:41,249] {scheduler_job.py:190} INFO - Processing /home/airflow/.local/lib/python3.6/site-packages/airflow/example_dags/example_bash_operator.py took 0.348 seconds
[2022-05-24 12:12:11,835] {scheduler_job.py:182} INFO - Started process (PID=1956) to work on /home/airflow/.local/lib/python3.6/site-packages/airflow/example_dags/example_bash_operator.py
[2022-05-24 12:12:11,840] {scheduler_job.py:633} INFO - Processing file /home/airflow/.local/lib/python3.6/site-packages/airflow/example_dags/example_bash_operator.py for tasks to queue
[2022-05-24 12:12:11,842] {logging_mixin.py:104} INFO - [2022-05-24 12:12:11,842] {dagbag.py:487} INFO - Filling up the DagBag from /home/airflow/.local/lib/python3.6/site-packages/airflow/example_dags/example_bash_operator.py
[2022-05-24 12:12:11,895] {scheduler_job.py:643} INFO - DAG(s) dict_keys(['example_bash_operator']) retrieved from /home/airflow/.local/lib/python3.6/site-packages/airflow/example_dags/example_bash_operator.py
[2022-05-24 12:12:11,954] {logging_mixin.py:104} INFO - [2022-05-24 12:12:11,953] {dag.py:1832} INFO - Sync 1 DAGs
[2022-05-24 12:12:12,012] {logging_mixin.py:104} INFO - [2022-05-24 12:12:12,012] {dag.py:2305} INFO - Setting next_dagrun for example_bash_operator to 2022-05-22 00:00:00+00:00
[2022-05-24 12:12:12,040] {scheduler_job.py:190} INFO - Processing /home/airflow/.local/lib/python3.6/site-packages/airflow/example_dags/example_bash_operator.py took 0.211 seconds
[2022-05-24 12:12:42,806] {scheduler_job.py:182} INFO - Started process (PID=2066) to work on /home/airflow/.local/lib/python3.6/site-packages/airflow/example_dags/example_bash_operator.py
[2022-05-24 12:12:42,811] {scheduler_job.py:633} INFO - Processing file /home/airflow/.local/lib/python3.6/site-packages/airflow/example_dags/example_bash_operator.py for tasks to queue
[2022-05-24 12:12:42,817] {logging_mixin.py:104} INFO - [2022-05-24 12:12:42,817] {dagbag.py:487} INFO - Filling up the DagBag from /home/airflow/.local/lib/python3.6/site-packages/airflow/example_dags/example_bash_operator.py
[2022-05-24 12:12:42,931] {scheduler_job.py:643} INFO - DAG(s) dict_keys(['example_bash_operator']) retrieved from /home/airflow/.local/lib/python3.6/site-packages/airflow/example_dags/example_bash_operator.py
[2022-05-24 12:12:43,013] {logging_mixin.py:104} INFO - [2022-05-24 12:12:43,012] {dag.py:1832} INFO - Sync 1 DAGs
[2022-05-24 12:12:43,093] {logging_mixin.py:104} INFO - [2022-05-24 12:12:43,093] {dag.py:2305} INFO - Setting next_dagrun for example_bash_operator to 2022-05-22 00:00:00+00:00
[2022-05-24 12:12:43,130] {scheduler_job.py:190} INFO - Processing /home/airflow/.local/lib/python3.6/site-packages/airflow/example_dags/example_bash_operator.py took 0.341 seconds
