[2022-05-24 12:02:42,269] {scheduler_job.py:182} INFO - Started process (PID=408) to work on /home/airflow/.local/lib/python3.6/site-packages/airflow/example_dags/example_subdag_operator.py
[2022-05-24 12:02:42,279] {scheduler_job.py:633} INFO - Processing file /home/airflow/.local/lib/python3.6/site-packages/airflow/example_dags/example_subdag_operator.py for tasks to queue
[2022-05-24 12:02:42,287] {logging_mixin.py:104} INFO - [2022-05-24 12:02:42,287] {dagbag.py:487} INFO - Filling up the DagBag from /home/airflow/.local/lib/python3.6/site-packages/airflow/example_dags/example_subdag_operator.py
[2022-05-24 12:02:42,486] {scheduler_job.py:643} INFO - DAG(s) dict_keys(['example_subdag_operator.section-1', 'example_subdag_operator.section-2', 'example_subdag_operator']) retrieved from /home/airflow/.local/lib/python3.6/site-packages/airflow/example_dags/example_subdag_operator.py
[2022-05-24 12:02:56,541] {logging_mixin.py:104} INFO - [2022-05-24 12:02:56,533] {dag.py:1832} INFO - Sync 3 DAGs
[2022-05-24 12:02:56,593] {logging_mixin.py:104} INFO - [2022-05-24 12:02:56,586] {dag.py:1851} INFO - Creating ORM DAG for example_subdag_operator
[2022-05-24 12:02:56,597] {logging_mixin.py:104} INFO - [2022-05-24 12:02:56,597] {dag.py:1851} INFO - Creating ORM DAG for example_subdag_operator.section-1
[2022-05-24 12:02:56,601] {logging_mixin.py:104} INFO - [2022-05-24 12:02:56,601] {dag.py:1851} INFO - Creating ORM DAG for example_subdag_operator.section-2
[2022-05-24 12:02:56,620] {logging_mixin.py:104} INFO - [2022-05-24 12:02:56,620] {dag.py:2305} INFO - Setting next_dagrun for example_subdag_operator to 2022-05-22 00:00:00+00:00
[2022-05-24 12:02:56,625] {logging_mixin.py:104} INFO - [2022-05-24 12:02:56,624] {dag.py:2305} INFO - Setting next_dagrun for example_subdag_operator.section-1 to None
[2022-05-24 12:02:56,627] {logging_mixin.py:104} INFO - [2022-05-24 12:02:56,627] {dag.py:2305} INFO - Setting next_dagrun for example_subdag_operator.section-2 to None
[2022-05-24 12:02:56,664] {logging_mixin.py:104} INFO - [2022-05-24 12:02:56,663] {dag.py:1832} INFO - Sync 2 DAGs
[2022-05-24 12:02:56,696] {logging_mixin.py:104} INFO - [2022-05-24 12:02:56,695] {dag.py:2305} INFO - Setting next_dagrun for example_subdag_operator.section-1 to None
[2022-05-24 12:02:56,698] {logging_mixin.py:104} INFO - [2022-05-24 12:02:56,698] {dag.py:2305} INFO - Setting next_dagrun for example_subdag_operator.section-2 to None
[2022-05-24 12:02:56,723] {scheduler_job.py:190} INFO - Processing /home/airflow/.local/lib/python3.6/site-packages/airflow/example_dags/example_subdag_operator.py took 14.470 seconds
[2022-05-24 12:05:53,158] {scheduler_job.py:182} INFO - Started process (PID=712) to work on /home/airflow/.local/lib/python3.6/site-packages/airflow/example_dags/example_subdag_operator.py
[2022-05-24 12:05:53,164] {scheduler_job.py:633} INFO - Processing file /home/airflow/.local/lib/python3.6/site-packages/airflow/example_dags/example_subdag_operator.py for tasks to queue
[2022-05-24 12:05:53,167] {logging_mixin.py:104} INFO - [2022-05-24 12:05:53,166] {dagbag.py:487} INFO - Filling up the DagBag from /home/airflow/.local/lib/python3.6/site-packages/airflow/example_dags/example_subdag_operator.py
[2022-05-24 12:05:53,264] {scheduler_job.py:643} INFO - DAG(s) dict_keys(['example_subdag_operator.section-1', 'example_subdag_operator.section-2', 'example_subdag_operator']) retrieved from /home/airflow/.local/lib/python3.6/site-packages/airflow/example_dags/example_subdag_operator.py
[2022-05-24 12:05:53,326] {logging_mixin.py:104} INFO - [2022-05-24 12:05:53,326] {dag.py:1832} INFO - Sync 3 DAGs
[2022-05-24 12:05:53,499] {logging_mixin.py:104} INFO - [2022-05-24 12:05:53,498] {dag.py:2305} INFO - Setting next_dagrun for example_subdag_operator to 2022-05-22 00:00:00+00:00
[2022-05-24 12:05:53,504] {logging_mixin.py:104} INFO - [2022-05-24 12:05:53,503] {dag.py:2305} INFO - Setting next_dagrun for example_subdag_operator.section-1 to None
[2022-05-24 12:05:53,507] {logging_mixin.py:104} INFO - [2022-05-24 12:05:53,507] {dag.py:2305} INFO - Setting next_dagrun for example_subdag_operator.section-2 to None
[2022-05-24 12:05:53,539] {logging_mixin.py:104} INFO - [2022-05-24 12:05:53,539] {dag.py:1832} INFO - Sync 2 DAGs
[2022-05-24 12:05:53,619] {logging_mixin.py:104} INFO - [2022-05-24 12:05:53,615] {dag.py:2305} INFO - Setting next_dagrun for example_subdag_operator.section-1 to None
[2022-05-24 12:05:53,622] {logging_mixin.py:104} INFO - [2022-05-24 12:05:53,621] {dag.py:2305} INFO - Setting next_dagrun for example_subdag_operator.section-2 to None
[2022-05-24 12:05:53,666] {scheduler_job.py:190} INFO - Processing /home/airflow/.local/lib/python3.6/site-packages/airflow/example_dags/example_subdag_operator.py took 0.515 seconds
[2022-05-24 12:06:24,396] {scheduler_job.py:182} INFO - Started process (PID=821) to work on /home/airflow/.local/lib/python3.6/site-packages/airflow/example_dags/example_subdag_operator.py
[2022-05-24 12:06:24,401] {scheduler_job.py:633} INFO - Processing file /home/airflow/.local/lib/python3.6/site-packages/airflow/example_dags/example_subdag_operator.py for tasks to queue
[2022-05-24 12:06:24,405] {logging_mixin.py:104} INFO - [2022-05-24 12:06:24,404] {dagbag.py:487} INFO - Filling up the DagBag from /home/airflow/.local/lib/python3.6/site-packages/airflow/example_dags/example_subdag_operator.py
[2022-05-24 12:06:24,508] {scheduler_job.py:643} INFO - DAG(s) dict_keys(['example_subdag_operator.section-1', 'example_subdag_operator.section-2', 'example_subdag_operator']) retrieved from /home/airflow/.local/lib/python3.6/site-packages/airflow/example_dags/example_subdag_operator.py
[2022-05-24 12:06:24,570] {logging_mixin.py:104} INFO - [2022-05-24 12:06:24,569] {dag.py:1832} INFO - Sync 3 DAGs
[2022-05-24 12:06:24,754] {logging_mixin.py:104} INFO - [2022-05-24 12:06:24,754] {dag.py:2305} INFO - Setting next_dagrun for example_subdag_operator to 2022-05-22 00:00:00+00:00
[2022-05-24 12:06:24,759] {logging_mixin.py:104} INFO - [2022-05-24 12:06:24,759] {dag.py:2305} INFO - Setting next_dagrun for example_subdag_operator.section-1 to None
[2022-05-24 12:06:24,762] {logging_mixin.py:104} INFO - [2022-05-24 12:06:24,761] {dag.py:2305} INFO - Setting next_dagrun for example_subdag_operator.section-2 to None
[2022-05-24 12:06:24,789] {logging_mixin.py:104} INFO - [2022-05-24 12:06:24,788] {dag.py:1832} INFO - Sync 2 DAGs
[2022-05-24 12:06:24,825] {logging_mixin.py:104} INFO - [2022-05-24 12:06:24,825] {dag.py:2305} INFO - Setting next_dagrun for example_subdag_operator.section-1 to None
[2022-05-24 12:06:24,828] {logging_mixin.py:104} INFO - [2022-05-24 12:06:24,828] {dag.py:2305} INFO - Setting next_dagrun for example_subdag_operator.section-2 to None
[2022-05-24 12:06:24,851] {scheduler_job.py:190} INFO - Processing /home/airflow/.local/lib/python3.6/site-packages/airflow/example_dags/example_subdag_operator.py took 0.463 seconds
[2022-05-24 12:06:55,711] {scheduler_job.py:182} INFO - Started process (PID=928) to work on /home/airflow/.local/lib/python3.6/site-packages/airflow/example_dags/example_subdag_operator.py
[2022-05-24 12:06:55,717] {scheduler_job.py:633} INFO - Processing file /home/airflow/.local/lib/python3.6/site-packages/airflow/example_dags/example_subdag_operator.py for tasks to queue
[2022-05-24 12:06:55,720] {logging_mixin.py:104} INFO - [2022-05-24 12:06:55,720] {dagbag.py:487} INFO - Filling up the DagBag from /home/airflow/.local/lib/python3.6/site-packages/airflow/example_dags/example_subdag_operator.py
[2022-05-24 12:06:55,814] {scheduler_job.py:643} INFO - DAG(s) dict_keys(['example_subdag_operator.section-1', 'example_subdag_operator.section-2', 'example_subdag_operator']) retrieved from /home/airflow/.local/lib/python3.6/site-packages/airflow/example_dags/example_subdag_operator.py
[2022-05-24 12:06:56,000] {logging_mixin.py:104} INFO - [2022-05-24 12:06:56,000] {dag.py:1832} INFO - Sync 3 DAGs
[2022-05-24 12:06:56,045] {logging_mixin.py:104} INFO - [2022-05-24 12:06:56,044] {dag.py:2305} INFO - Setting next_dagrun for example_subdag_operator to 2022-05-22 00:00:00+00:00
[2022-05-24 12:06:56,050] {logging_mixin.py:104} INFO - [2022-05-24 12:06:56,050] {dag.py:2305} INFO - Setting next_dagrun for example_subdag_operator.section-1 to None
[2022-05-24 12:06:56,053] {logging_mixin.py:104} INFO - [2022-05-24 12:06:56,053] {dag.py:2305} INFO - Setting next_dagrun for example_subdag_operator.section-2 to None
[2022-05-24 12:06:56,077] {logging_mixin.py:104} INFO - [2022-05-24 12:06:56,077] {dag.py:1832} INFO - Sync 2 DAGs
[2022-05-24 12:06:56,106] {logging_mixin.py:104} INFO - [2022-05-24 12:06:56,105] {dag.py:2305} INFO - Setting next_dagrun for example_subdag_operator.section-1 to None
[2022-05-24 12:06:56,109] {logging_mixin.py:104} INFO - [2022-05-24 12:06:56,108] {dag.py:2305} INFO - Setting next_dagrun for example_subdag_operator.section-2 to None
[2022-05-24 12:06:56,126] {scheduler_job.py:190} INFO - Processing /home/airflow/.local/lib/python3.6/site-packages/airflow/example_dags/example_subdag_operator.py took 0.423 seconds
[2022-05-24 12:07:26,843] {scheduler_job.py:182} INFO - Started process (PID=1022) to work on /home/airflow/.local/lib/python3.6/site-packages/airflow/example_dags/example_subdag_operator.py
[2022-05-24 12:07:26,847] {scheduler_job.py:633} INFO - Processing file /home/airflow/.local/lib/python3.6/site-packages/airflow/example_dags/example_subdag_operator.py for tasks to queue
[2022-05-24 12:07:26,850] {logging_mixin.py:104} INFO - [2022-05-24 12:07:26,850] {dagbag.py:487} INFO - Filling up the DagBag from /home/airflow/.local/lib/python3.6/site-packages/airflow/example_dags/example_subdag_operator.py
[2022-05-24 12:07:26,938] {scheduler_job.py:643} INFO - DAG(s) dict_keys(['example_subdag_operator.section-1', 'example_subdag_operator.section-2', 'example_subdag_operator']) retrieved from /home/airflow/.local/lib/python3.6/site-packages/airflow/example_dags/example_subdag_operator.py
[2022-05-24 12:07:27,103] {logging_mixin.py:104} INFO - [2022-05-24 12:07:27,103] {dag.py:1832} INFO - Sync 3 DAGs
[2022-05-24 12:07:27,142] {logging_mixin.py:104} INFO - [2022-05-24 12:07:27,141] {dag.py:2305} INFO - Setting next_dagrun for example_subdag_operator to 2022-05-22 00:00:00+00:00
[2022-05-24 12:07:27,146] {logging_mixin.py:104} INFO - [2022-05-24 12:07:27,145] {dag.py:2305} INFO - Setting next_dagrun for example_subdag_operator.section-1 to None
[2022-05-24 12:07:27,148] {logging_mixin.py:104} INFO - [2022-05-24 12:07:27,147] {dag.py:2305} INFO - Setting next_dagrun for example_subdag_operator.section-2 to None
[2022-05-24 12:07:27,170] {logging_mixin.py:104} INFO - [2022-05-24 12:07:27,170] {dag.py:1832} INFO - Sync 2 DAGs
[2022-05-24 12:07:27,197] {logging_mixin.py:104} INFO - [2022-05-24 12:07:27,196] {dag.py:2305} INFO - Setting next_dagrun for example_subdag_operator.section-1 to None
[2022-05-24 12:07:27,199] {logging_mixin.py:104} INFO - [2022-05-24 12:07:27,199] {dag.py:2305} INFO - Setting next_dagrun for example_subdag_operator.section-2 to None
[2022-05-24 12:07:27,215] {scheduler_job.py:190} INFO - Processing /home/airflow/.local/lib/python3.6/site-packages/airflow/example_dags/example_subdag_operator.py took 0.380 seconds
[2022-05-24 12:07:57,737] {scheduler_job.py:182} INFO - Started process (PID=1124) to work on /home/airflow/.local/lib/python3.6/site-packages/airflow/example_dags/example_subdag_operator.py
[2022-05-24 12:07:57,749] {scheduler_job.py:633} INFO - Processing file /home/airflow/.local/lib/python3.6/site-packages/airflow/example_dags/example_subdag_operator.py for tasks to queue
[2022-05-24 12:07:57,765] {logging_mixin.py:104} INFO - [2022-05-24 12:07:57,764] {dagbag.py:487} INFO - Filling up the DagBag from /home/airflow/.local/lib/python3.6/site-packages/airflow/example_dags/example_subdag_operator.py
[2022-05-24 12:07:58,211] {scheduler_job.py:643} INFO - DAG(s) dict_keys(['example_subdag_operator.section-1', 'example_subdag_operator.section-2', 'example_subdag_operator']) retrieved from /home/airflow/.local/lib/python3.6/site-packages/airflow/example_dags/example_subdag_operator.py
[2022-05-24 12:07:58,311] {logging_mixin.py:104} INFO - [2022-05-24 12:07:58,311] {dag.py:1832} INFO - Sync 3 DAGs
[2022-05-24 12:07:58,373] {logging_mixin.py:104} INFO - [2022-05-24 12:07:58,372] {dag.py:2305} INFO - Setting next_dagrun for example_subdag_operator to 2022-05-22 00:00:00+00:00
[2022-05-24 12:07:58,381] {logging_mixin.py:104} INFO - [2022-05-24 12:07:58,380] {dag.py:2305} INFO - Setting next_dagrun for example_subdag_operator.section-1 to None
[2022-05-24 12:07:58,386] {logging_mixin.py:104} INFO - [2022-05-24 12:07:58,385] {dag.py:2305} INFO - Setting next_dagrun for example_subdag_operator.section-2 to None
[2022-05-24 12:07:58,427] {logging_mixin.py:104} INFO - [2022-05-24 12:07:58,427] {dag.py:1832} INFO - Sync 2 DAGs
[2022-05-24 12:07:58,474] {logging_mixin.py:104} INFO - [2022-05-24 12:07:58,473] {dag.py:2305} INFO - Setting next_dagrun for example_subdag_operator.section-1 to None
[2022-05-24 12:07:58,478] {logging_mixin.py:104} INFO - [2022-05-24 12:07:58,477] {dag.py:2305} INFO - Setting next_dagrun for example_subdag_operator.section-2 to None
[2022-05-24 12:07:58,511] {scheduler_job.py:190} INFO - Processing /home/airflow/.local/lib/python3.6/site-packages/airflow/example_dags/example_subdag_operator.py took 0.783 seconds
[2022-05-24 12:08:28,972] {scheduler_job.py:182} INFO - Started process (PID=1218) to work on /home/airflow/.local/lib/python3.6/site-packages/airflow/example_dags/example_subdag_operator.py
[2022-05-24 12:08:28,978] {scheduler_job.py:633} INFO - Processing file /home/airflow/.local/lib/python3.6/site-packages/airflow/example_dags/example_subdag_operator.py for tasks to queue
[2022-05-24 12:08:28,982] {logging_mixin.py:104} INFO - [2022-05-24 12:08:28,981] {dagbag.py:487} INFO - Filling up the DagBag from /home/airflow/.local/lib/python3.6/site-packages/airflow/example_dags/example_subdag_operator.py
[2022-05-24 12:08:29,164] {scheduler_job.py:643} INFO - DAG(s) dict_keys(['example_subdag_operator.section-1', 'example_subdag_operator.section-2', 'example_subdag_operator']) retrieved from /home/airflow/.local/lib/python3.6/site-packages/airflow/example_dags/example_subdag_operator.py
[2022-05-24 12:08:29,212] {logging_mixin.py:104} INFO - [2022-05-24 12:08:29,212] {dag.py:1832} INFO - Sync 3 DAGs
[2022-05-24 12:08:29,247] {logging_mixin.py:104} INFO - [2022-05-24 12:08:29,247] {dag.py:2305} INFO - Setting next_dagrun for example_subdag_operator to 2022-05-22 00:00:00+00:00
[2022-05-24 12:08:29,251] {logging_mixin.py:104} INFO - [2022-05-24 12:08:29,251] {dag.py:2305} INFO - Setting next_dagrun for example_subdag_operator.section-1 to None
[2022-05-24 12:08:29,253] {logging_mixin.py:104} INFO - [2022-05-24 12:08:29,253] {dag.py:2305} INFO - Setting next_dagrun for example_subdag_operator.section-2 to None
[2022-05-24 12:08:29,276] {logging_mixin.py:104} INFO - [2022-05-24 12:08:29,276] {dag.py:1832} INFO - Sync 2 DAGs
[2022-05-24 12:08:29,301] {logging_mixin.py:104} INFO - [2022-05-24 12:08:29,301] {dag.py:2305} INFO - Setting next_dagrun for example_subdag_operator.section-1 to None
[2022-05-24 12:08:29,303] {logging_mixin.py:104} INFO - [2022-05-24 12:08:29,303] {dag.py:2305} INFO - Setting next_dagrun for example_subdag_operator.section-2 to None
[2022-05-24 12:08:29,319] {scheduler_job.py:190} INFO - Processing /home/airflow/.local/lib/python3.6/site-packages/airflow/example_dags/example_subdag_operator.py took 0.356 seconds
[2022-05-24 12:08:59,846] {scheduler_job.py:182} INFO - Started process (PID=1326) to work on /home/airflow/.local/lib/python3.6/site-packages/airflow/example_dags/example_subdag_operator.py
[2022-05-24 12:08:59,851] {scheduler_job.py:633} INFO - Processing file /home/airflow/.local/lib/python3.6/site-packages/airflow/example_dags/example_subdag_operator.py for tasks to queue
[2022-05-24 12:08:59,854] {logging_mixin.py:104} INFO - [2022-05-24 12:08:59,853] {dagbag.py:487} INFO - Filling up the DagBag from /home/airflow/.local/lib/python3.6/site-packages/airflow/example_dags/example_subdag_operator.py
[2022-05-24 12:09:00,066] {scheduler_job.py:643} INFO - DAG(s) dict_keys(['example_subdag_operator.section-1', 'example_subdag_operator.section-2', 'example_subdag_operator']) retrieved from /home/airflow/.local/lib/python3.6/site-packages/airflow/example_dags/example_subdag_operator.py
[2022-05-24 12:09:00,132] {logging_mixin.py:104} INFO - [2022-05-24 12:09:00,131] {dag.py:1832} INFO - Sync 3 DAGs
[2022-05-24 12:09:00,180] {logging_mixin.py:104} INFO - [2022-05-24 12:09:00,180] {dag.py:2305} INFO - Setting next_dagrun for example_subdag_operator to 2022-05-22 00:00:00+00:00
[2022-05-24 12:09:00,186] {logging_mixin.py:104} INFO - [2022-05-24 12:09:00,185] {dag.py:2305} INFO - Setting next_dagrun for example_subdag_operator.section-1 to None
[2022-05-24 12:09:00,190] {logging_mixin.py:104} INFO - [2022-05-24 12:09:00,189] {dag.py:2305} INFO - Setting next_dagrun for example_subdag_operator.section-2 to None
[2022-05-24 12:09:00,219] {logging_mixin.py:104} INFO - [2022-05-24 12:09:00,219] {dag.py:1832} INFO - Sync 2 DAGs
[2022-05-24 12:09:00,254] {logging_mixin.py:104} INFO - [2022-05-24 12:09:00,253] {dag.py:2305} INFO - Setting next_dagrun for example_subdag_operator.section-1 to None
[2022-05-24 12:09:00,256] {logging_mixin.py:104} INFO - [2022-05-24 12:09:00,255] {dag.py:2305} INFO - Setting next_dagrun for example_subdag_operator.section-2 to None
[2022-05-24 12:09:00,276] {scheduler_job.py:190} INFO - Processing /home/airflow/.local/lib/python3.6/site-packages/airflow/example_dags/example_subdag_operator.py took 0.440 seconds
[2022-05-24 12:09:30,694] {scheduler_job.py:182} INFO - Started process (PID=1416) to work on /home/airflow/.local/lib/python3.6/site-packages/airflow/example_dags/example_subdag_operator.py
[2022-05-24 12:09:30,700] {scheduler_job.py:633} INFO - Processing file /home/airflow/.local/lib/python3.6/site-packages/airflow/example_dags/example_subdag_operator.py for tasks to queue
[2022-05-24 12:09:30,703] {logging_mixin.py:104} INFO - [2022-05-24 12:09:30,703] {dagbag.py:487} INFO - Filling up the DagBag from /home/airflow/.local/lib/python3.6/site-packages/airflow/example_dags/example_subdag_operator.py
[2022-05-24 12:09:30,880] {scheduler_job.py:643} INFO - DAG(s) dict_keys(['example_subdag_operator.section-1', 'example_subdag_operator.section-2', 'example_subdag_operator']) retrieved from /home/airflow/.local/lib/python3.6/site-packages/airflow/example_dags/example_subdag_operator.py
[2022-05-24 12:09:30,925] {logging_mixin.py:104} INFO - [2022-05-24 12:09:30,925] {dag.py:1832} INFO - Sync 3 DAGs
[2022-05-24 12:09:30,959] {logging_mixin.py:104} INFO - [2022-05-24 12:09:30,958] {dag.py:2305} INFO - Setting next_dagrun for example_subdag_operator to 2022-05-22 00:00:00+00:00
[2022-05-24 12:09:30,962] {logging_mixin.py:104} INFO - [2022-05-24 12:09:30,961] {dag.py:2305} INFO - Setting next_dagrun for example_subdag_operator.section-1 to None
[2022-05-24 12:09:30,964] {logging_mixin.py:104} INFO - [2022-05-24 12:09:30,963] {dag.py:2305} INFO - Setting next_dagrun for example_subdag_operator.section-2 to None
[2022-05-24 12:09:30,987] {logging_mixin.py:104} INFO - [2022-05-24 12:09:30,987] {dag.py:1832} INFO - Sync 2 DAGs
[2022-05-24 12:09:31,016] {logging_mixin.py:104} INFO - [2022-05-24 12:09:31,016] {dag.py:2305} INFO - Setting next_dagrun for example_subdag_operator.section-1 to None
[2022-05-24 12:09:31,019] {logging_mixin.py:104} INFO - [2022-05-24 12:09:31,018] {dag.py:2305} INFO - Setting next_dagrun for example_subdag_operator.section-2 to None
[2022-05-24 12:09:31,034] {scheduler_job.py:190} INFO - Processing /home/airflow/.local/lib/python3.6/site-packages/airflow/example_dags/example_subdag_operator.py took 0.352 seconds
[2022-05-24 12:10:01,805] {scheduler_job.py:182} INFO - Started process (PID=1525) to work on /home/airflow/.local/lib/python3.6/site-packages/airflow/example_dags/example_subdag_operator.py
[2022-05-24 12:10:01,817] {scheduler_job.py:633} INFO - Processing file /home/airflow/.local/lib/python3.6/site-packages/airflow/example_dags/example_subdag_operator.py for tasks to queue
[2022-05-24 12:10:01,830] {logging_mixin.py:104} INFO - [2022-05-24 12:10:01,828] {dagbag.py:487} INFO - Filling up the DagBag from /home/airflow/.local/lib/python3.6/site-packages/airflow/example_dags/example_subdag_operator.py
[2022-05-24 12:10:02,124] {scheduler_job.py:643} INFO - DAG(s) dict_keys(['example_subdag_operator.section-1', 'example_subdag_operator.section-2', 'example_subdag_operator']) retrieved from /home/airflow/.local/lib/python3.6/site-packages/airflow/example_dags/example_subdag_operator.py
[2022-05-24 12:10:02,197] {logging_mixin.py:104} INFO - [2022-05-24 12:10:02,197] {dag.py:1832} INFO - Sync 3 DAGs
[2022-05-24 12:10:02,247] {logging_mixin.py:104} INFO - [2022-05-24 12:10:02,246] {dag.py:2305} INFO - Setting next_dagrun for example_subdag_operator to 2022-05-22 00:00:00+00:00
[2022-05-24 12:10:02,252] {logging_mixin.py:104} INFO - [2022-05-24 12:10:02,252] {dag.py:2305} INFO - Setting next_dagrun for example_subdag_operator.section-1 to None
[2022-05-24 12:10:02,255] {logging_mixin.py:104} INFO - [2022-05-24 12:10:02,254] {dag.py:2305} INFO - Setting next_dagrun for example_subdag_operator.section-2 to None
[2022-05-24 12:10:02,283] {logging_mixin.py:104} INFO - [2022-05-24 12:10:02,282] {dag.py:1832} INFO - Sync 2 DAGs
[2022-05-24 12:10:02,380] {logging_mixin.py:104} INFO - [2022-05-24 12:10:02,380] {dag.py:2305} INFO - Setting next_dagrun for example_subdag_operator.section-1 to None
[2022-05-24 12:10:02,387] {logging_mixin.py:104} INFO - [2022-05-24 12:10:02,387] {dag.py:2305} INFO - Setting next_dagrun for example_subdag_operator.section-2 to None
[2022-05-24 12:10:02,425] {scheduler_job.py:190} INFO - Processing /home/airflow/.local/lib/python3.6/site-packages/airflow/example_dags/example_subdag_operator.py took 0.639 seconds
[2022-05-24 12:10:32,671] {scheduler_job.py:182} INFO - Started process (PID=1616) to work on /home/airflow/.local/lib/python3.6/site-packages/airflow/example_dags/example_subdag_operator.py
[2022-05-24 12:10:32,676] {scheduler_job.py:633} INFO - Processing file /home/airflow/.local/lib/python3.6/site-packages/airflow/example_dags/example_subdag_operator.py for tasks to queue
[2022-05-24 12:10:32,678] {logging_mixin.py:104} INFO - [2022-05-24 12:10:32,677] {dagbag.py:487} INFO - Filling up the DagBag from /home/airflow/.local/lib/python3.6/site-packages/airflow/example_dags/example_subdag_operator.py
[2022-05-24 12:10:32,849] {scheduler_job.py:643} INFO - DAG(s) dict_keys(['example_subdag_operator.section-1', 'example_subdag_operator.section-2', 'example_subdag_operator']) retrieved from /home/airflow/.local/lib/python3.6/site-packages/airflow/example_dags/example_subdag_operator.py
[2022-05-24 12:10:32,894] {logging_mixin.py:104} INFO - [2022-05-24 12:10:32,894] {dag.py:1832} INFO - Sync 3 DAGs
[2022-05-24 12:10:32,928] {logging_mixin.py:104} INFO - [2022-05-24 12:10:32,928] {dag.py:2305} INFO - Setting next_dagrun for example_subdag_operator to 2022-05-22 00:00:00+00:00
[2022-05-24 12:10:32,932] {logging_mixin.py:104} INFO - [2022-05-24 12:10:32,931] {dag.py:2305} INFO - Setting next_dagrun for example_subdag_operator.section-1 to None
[2022-05-24 12:10:32,934] {logging_mixin.py:104} INFO - [2022-05-24 12:10:32,934] {dag.py:2305} INFO - Setting next_dagrun for example_subdag_operator.section-2 to None
[2022-05-24 12:10:32,955] {logging_mixin.py:104} INFO - [2022-05-24 12:10:32,955] {dag.py:1832} INFO - Sync 2 DAGs
[2022-05-24 12:10:32,977] {logging_mixin.py:104} INFO - [2022-05-24 12:10:32,977] {dag.py:2305} INFO - Setting next_dagrun for example_subdag_operator.section-1 to None
[2022-05-24 12:10:32,979] {logging_mixin.py:104} INFO - [2022-05-24 12:10:32,978] {dag.py:2305} INFO - Setting next_dagrun for example_subdag_operator.section-2 to None
[2022-05-24 12:10:32,992] {scheduler_job.py:190} INFO - Processing /home/airflow/.local/lib/python3.6/site-packages/airflow/example_dags/example_subdag_operator.py took 0.327 seconds
[2022-05-24 12:11:03,227] {scheduler_job.py:182} INFO - Started process (PID=1730) to work on /home/airflow/.local/lib/python3.6/site-packages/airflow/example_dags/example_subdag_operator.py
[2022-05-24 12:11:03,231] {scheduler_job.py:633} INFO - Processing file /home/airflow/.local/lib/python3.6/site-packages/airflow/example_dags/example_subdag_operator.py for tasks to queue
[2022-05-24 12:11:03,235] {logging_mixin.py:104} INFO - [2022-05-24 12:11:03,234] {dagbag.py:487} INFO - Filling up the DagBag from /home/airflow/.local/lib/python3.6/site-packages/airflow/example_dags/example_subdag_operator.py
[2022-05-24 12:11:03,446] {scheduler_job.py:643} INFO - DAG(s) dict_keys(['example_subdag_operator.section-1', 'example_subdag_operator.section-2', 'example_subdag_operator']) retrieved from /home/airflow/.local/lib/python3.6/site-packages/airflow/example_dags/example_subdag_operator.py
[2022-05-24 12:11:03,503] {logging_mixin.py:104} INFO - [2022-05-24 12:11:03,503] {dag.py:1832} INFO - Sync 3 DAGs
[2022-05-24 12:11:03,547] {logging_mixin.py:104} INFO - [2022-05-24 12:11:03,546] {dag.py:2305} INFO - Setting next_dagrun for example_subdag_operator to 2022-05-22 00:00:00+00:00
[2022-05-24 12:11:03,557] {logging_mixin.py:104} INFO - [2022-05-24 12:11:03,557] {dag.py:2305} INFO - Setting next_dagrun for example_subdag_operator.section-1 to None
[2022-05-24 12:11:03,560] {logging_mixin.py:104} INFO - [2022-05-24 12:11:03,560] {dag.py:2305} INFO - Setting next_dagrun for example_subdag_operator.section-2 to None
[2022-05-24 12:11:03,589] {logging_mixin.py:104} INFO - [2022-05-24 12:11:03,589] {dag.py:1832} INFO - Sync 2 DAGs
[2022-05-24 12:11:03,617] {logging_mixin.py:104} INFO - [2022-05-24 12:11:03,617] {dag.py:2305} INFO - Setting next_dagrun for example_subdag_operator.section-1 to None
[2022-05-24 12:11:03,619] {logging_mixin.py:104} INFO - [2022-05-24 12:11:03,619] {dag.py:2305} INFO - Setting next_dagrun for example_subdag_operator.section-2 to None
[2022-05-24 12:11:03,638] {scheduler_job.py:190} INFO - Processing /home/airflow/.local/lib/python3.6/site-packages/airflow/example_dags/example_subdag_operator.py took 0.420 seconds
[2022-05-24 12:11:33,703] {scheduler_job.py:182} INFO - Started process (PID=1829) to work on /home/airflow/.local/lib/python3.6/site-packages/airflow/example_dags/example_subdag_operator.py
[2022-05-24 12:11:33,831] {scheduler_job.py:633} INFO - Processing file /home/airflow/.local/lib/python3.6/site-packages/airflow/example_dags/example_subdag_operator.py for tasks to queue
[2022-05-24 12:11:33,835] {logging_mixin.py:104} INFO - [2022-05-24 12:11:33,834] {dagbag.py:487} INFO - Filling up the DagBag from /home/airflow/.local/lib/python3.6/site-packages/airflow/example_dags/example_subdag_operator.py
[2022-05-24 12:11:33,916] {scheduler_job.py:643} INFO - DAG(s) dict_keys(['example_subdag_operator.section-1', 'example_subdag_operator.section-2', 'example_subdag_operator']) retrieved from /home/airflow/.local/lib/python3.6/site-packages/airflow/example_dags/example_subdag_operator.py
[2022-05-24 12:11:33,967] {logging_mixin.py:104} INFO - [2022-05-24 12:11:33,967] {dag.py:1832} INFO - Sync 3 DAGs
[2022-05-24 12:11:34,007] {logging_mixin.py:104} INFO - [2022-05-24 12:11:34,007] {dag.py:2305} INFO - Setting next_dagrun for example_subdag_operator to 2022-05-22 00:00:00+00:00
[2022-05-24 12:11:34,012] {logging_mixin.py:104} INFO - [2022-05-24 12:11:34,011] {dag.py:2305} INFO - Setting next_dagrun for example_subdag_operator.section-1 to None
[2022-05-24 12:11:34,014] {logging_mixin.py:104} INFO - [2022-05-24 12:11:34,014] {dag.py:2305} INFO - Setting next_dagrun for example_subdag_operator.section-2 to None
[2022-05-24 12:11:34,043] {logging_mixin.py:104} INFO - [2022-05-24 12:11:34,042] {dag.py:1832} INFO - Sync 2 DAGs
[2022-05-24 12:11:34,070] {logging_mixin.py:104} INFO - [2022-05-24 12:11:34,070] {dag.py:2305} INFO - Setting next_dagrun for example_subdag_operator.section-1 to None
[2022-05-24 12:11:34,072] {logging_mixin.py:104} INFO - [2022-05-24 12:11:34,072] {dag.py:2305} INFO - Setting next_dagrun for example_subdag_operator.section-2 to None
[2022-05-24 12:11:34,091] {scheduler_job.py:190} INFO - Processing /home/airflow/.local/lib/python3.6/site-packages/airflow/example_dags/example_subdag_operator.py took 0.395 seconds
[2022-05-24 12:12:04,460] {scheduler_job.py:182} INFO - Started process (PID=1932) to work on /home/airflow/.local/lib/python3.6/site-packages/airflow/example_dags/example_subdag_operator.py
[2022-05-24 12:12:04,465] {scheduler_job.py:633} INFO - Processing file /home/airflow/.local/lib/python3.6/site-packages/airflow/example_dags/example_subdag_operator.py for tasks to queue
[2022-05-24 12:12:04,468] {logging_mixin.py:104} INFO - [2022-05-24 12:12:04,467] {dagbag.py:487} INFO - Filling up the DagBag from /home/airflow/.local/lib/python3.6/site-packages/airflow/example_dags/example_subdag_operator.py
[2022-05-24 12:12:04,547] {scheduler_job.py:643} INFO - DAG(s) dict_keys(['example_subdag_operator.section-1', 'example_subdag_operator.section-2', 'example_subdag_operator']) retrieved from /home/airflow/.local/lib/python3.6/site-packages/airflow/example_dags/example_subdag_operator.py
[2022-05-24 12:12:04,598] {logging_mixin.py:104} INFO - [2022-05-24 12:12:04,598] {dag.py:1832} INFO - Sync 3 DAGs
[2022-05-24 12:12:04,636] {logging_mixin.py:104} INFO - [2022-05-24 12:12:04,635] {dag.py:2305} INFO - Setting next_dagrun for example_subdag_operator to 2022-05-22 00:00:00+00:00
[2022-05-24 12:12:04,640] {logging_mixin.py:104} INFO - [2022-05-24 12:12:04,640] {dag.py:2305} INFO - Setting next_dagrun for example_subdag_operator.section-1 to None
[2022-05-24 12:12:04,642] {logging_mixin.py:104} INFO - [2022-05-24 12:12:04,642] {dag.py:2305} INFO - Setting next_dagrun for example_subdag_operator.section-2 to None
[2022-05-24 12:12:04,666] {logging_mixin.py:104} INFO - [2022-05-24 12:12:04,665] {dag.py:1832} INFO - Sync 2 DAGs
[2022-05-24 12:12:04,691] {logging_mixin.py:104} INFO - [2022-05-24 12:12:04,691] {dag.py:2305} INFO - Setting next_dagrun for example_subdag_operator.section-1 to None
[2022-05-24 12:12:04,693] {logging_mixin.py:104} INFO - [2022-05-24 12:12:04,693] {dag.py:2305} INFO - Setting next_dagrun for example_subdag_operator.section-2 to None
[2022-05-24 12:12:04,708] {scheduler_job.py:190} INFO - Processing /home/airflow/.local/lib/python3.6/site-packages/airflow/example_dags/example_subdag_operator.py took 0.256 seconds
[2022-05-24 12:12:34,995] {scheduler_job.py:182} INFO - Started process (PID=2030) to work on /home/airflow/.local/lib/python3.6/site-packages/airflow/example_dags/example_subdag_operator.py
[2022-05-24 12:12:35,001] {scheduler_job.py:633} INFO - Processing file /home/airflow/.local/lib/python3.6/site-packages/airflow/example_dags/example_subdag_operator.py for tasks to queue
[2022-05-24 12:12:35,004] {logging_mixin.py:104} INFO - [2022-05-24 12:12:35,004] {dagbag.py:487} INFO - Filling up the DagBag from /home/airflow/.local/lib/python3.6/site-packages/airflow/example_dags/example_subdag_operator.py
[2022-05-24 12:12:35,097] {scheduler_job.py:643} INFO - DAG(s) dict_keys(['example_subdag_operator.section-1', 'example_subdag_operator.section-2', 'example_subdag_operator']) retrieved from /home/airflow/.local/lib/python3.6/site-packages/airflow/example_dags/example_subdag_operator.py
[2022-05-24 12:12:35,155] {logging_mixin.py:104} INFO - [2022-05-24 12:12:35,155] {dag.py:1832} INFO - Sync 3 DAGs
[2022-05-24 12:12:35,198] {logging_mixin.py:104} INFO - [2022-05-24 12:12:35,198] {dag.py:2305} INFO - Setting next_dagrun for example_subdag_operator to 2022-05-22 00:00:00+00:00
[2022-05-24 12:12:35,204] {logging_mixin.py:104} INFO - [2022-05-24 12:12:35,204] {dag.py:2305} INFO - Setting next_dagrun for example_subdag_operator.section-1 to None
[2022-05-24 12:12:35,206] {logging_mixin.py:104} INFO - [2022-05-24 12:12:35,206] {dag.py:2305} INFO - Setting next_dagrun for example_subdag_operator.section-2 to None
[2022-05-24 12:12:35,243] {logging_mixin.py:104} INFO - [2022-05-24 12:12:35,242] {dag.py:1832} INFO - Sync 2 DAGs
[2022-05-24 12:12:35,271] {logging_mixin.py:104} INFO - [2022-05-24 12:12:35,271] {dag.py:2305} INFO - Setting next_dagrun for example_subdag_operator.section-1 to None
[2022-05-24 12:12:35,273] {logging_mixin.py:104} INFO - [2022-05-24 12:12:35,273] {dag.py:2305} INFO - Setting next_dagrun for example_subdag_operator.section-2 to None
[2022-05-24 12:12:35,291] {scheduler_job.py:190} INFO - Processing /home/airflow/.local/lib/python3.6/site-packages/airflow/example_dags/example_subdag_operator.py took 0.306 seconds
