[2022-05-24 12:04:46,896] {scheduler_job.py:182} INFO - Started process (PID=606) to work on /home/airflow/.local/lib/python3.6/site-packages/airflow/example_dags/example_branch_python_dop_operator_3.py
[2022-05-24 12:04:46,908] {scheduler_job.py:633} INFO - Processing file /home/airflow/.local/lib/python3.6/site-packages/airflow/example_dags/example_branch_python_dop_operator_3.py for tasks to queue
[2022-05-24 12:04:46,914] {logging_mixin.py:104} INFO - [2022-05-24 12:04:46,913] {dagbag.py:487} INFO - Filling up the DagBag from /home/airflow/.local/lib/python3.6/site-packages/airflow/example_dags/example_branch_python_dop_operator_3.py
[2022-05-24 12:04:47,006] {scheduler_job.py:643} INFO - DAG(s) dict_keys(['example_branch_dop_operator_v3']) retrieved from /home/airflow/.local/lib/python3.6/site-packages/airflow/example_dags/example_branch_python_dop_operator_3.py
[2022-05-24 12:04:59,006] {logging_mixin.py:104} INFO - [2022-05-24 12:04:58,999] {dag.py:1832} INFO - Sync 1 DAGs
[2022-05-24 12:04:59,060] {logging_mixin.py:104} INFO - [2022-05-24 12:04:59,052] {dag.py:1851} INFO - Creating ORM DAG for example_branch_dop_operator_v3
[2022-05-24 12:04:59,166] {logging_mixin.py:104} INFO - [2022-05-24 12:04:59,165] {dag.py:2305} INFO - Setting next_dagrun for example_branch_dop_operator_v3 to 2022-05-22 00:00:00+00:00
[2022-05-24 12:04:59,208] {scheduler_job.py:190} INFO - Processing /home/airflow/.local/lib/python3.6/site-packages/airflow/example_dags/example_branch_python_dop_operator_3.py took 12.326 seconds
[2022-05-24 12:06:03,656] {scheduler_job.py:182} INFO - Started process (PID=769) to work on /home/airflow/.local/lib/python3.6/site-packages/airflow/example_dags/example_branch_python_dop_operator_3.py
[2022-05-24 12:06:03,667] {scheduler_job.py:633} INFO - Processing file /home/airflow/.local/lib/python3.6/site-packages/airflow/example_dags/example_branch_python_dop_operator_3.py for tasks to queue
[2022-05-24 12:06:03,673] {logging_mixin.py:104} INFO - [2022-05-24 12:06:03,673] {dagbag.py:487} INFO - Filling up the DagBag from /home/airflow/.local/lib/python3.6/site-packages/airflow/example_dags/example_branch_python_dop_operator_3.py
[2022-05-24 12:06:03,742] {scheduler_job.py:643} INFO - DAG(s) dict_keys(['example_branch_dop_operator_v3']) retrieved from /home/airflow/.local/lib/python3.6/site-packages/airflow/example_dags/example_branch_python_dop_operator_3.py
[2022-05-24 12:06:03,810] {logging_mixin.py:104} INFO - [2022-05-24 12:06:03,809] {dag.py:1832} INFO - Sync 1 DAGs
[2022-05-24 12:06:04,139] {logging_mixin.py:104} INFO - [2022-05-24 12:06:04,138] {dag.py:2305} INFO - Setting next_dagrun for example_branch_dop_operator_v3 to 2022-05-22 00:00:00+00:00
[2022-05-24 12:06:04,210] {scheduler_job.py:190} INFO - Processing /home/airflow/.local/lib/python3.6/site-packages/airflow/example_dags/example_branch_python_dop_operator_3.py took 0.571 seconds
[2022-05-24 12:06:34,339] {scheduler_job.py:182} INFO - Started process (PID=871) to work on /home/airflow/.local/lib/python3.6/site-packages/airflow/example_dags/example_branch_python_dop_operator_3.py
[2022-05-24 12:06:34,345] {scheduler_job.py:633} INFO - Processing file /home/airflow/.local/lib/python3.6/site-packages/airflow/example_dags/example_branch_python_dop_operator_3.py for tasks to queue
[2022-05-24 12:06:34,348] {logging_mixin.py:104} INFO - [2022-05-24 12:06:34,348] {dagbag.py:487} INFO - Filling up the DagBag from /home/airflow/.local/lib/python3.6/site-packages/airflow/example_dags/example_branch_python_dop_operator_3.py
[2022-05-24 12:06:34,409] {scheduler_job.py:643} INFO - DAG(s) dict_keys(['example_branch_dop_operator_v3']) retrieved from /home/airflow/.local/lib/python3.6/site-packages/airflow/example_dags/example_branch_python_dop_operator_3.py
[2022-05-24 12:06:34,468] {logging_mixin.py:104} INFO - [2022-05-24 12:06:34,467] {dag.py:1832} INFO - Sync 1 DAGs
[2022-05-24 12:06:34,696] {logging_mixin.py:104} INFO - [2022-05-24 12:06:34,695] {dag.py:2305} INFO - Setting next_dagrun for example_branch_dop_operator_v3 to 2022-05-22 00:00:00+00:00
[2022-05-24 12:06:34,724] {scheduler_job.py:190} INFO - Processing /home/airflow/.local/lib/python3.6/site-packages/airflow/example_dags/example_branch_python_dop_operator_3.py took 0.393 seconds
[2022-05-24 12:07:05,104] {scheduler_job.py:182} INFO - Started process (PID=970) to work on /home/airflow/.local/lib/python3.6/site-packages/airflow/example_dags/example_branch_python_dop_operator_3.py
[2022-05-24 12:07:05,109] {scheduler_job.py:633} INFO - Processing file /home/airflow/.local/lib/python3.6/site-packages/airflow/example_dags/example_branch_python_dop_operator_3.py for tasks to queue
[2022-05-24 12:07:05,112] {logging_mixin.py:104} INFO - [2022-05-24 12:07:05,111] {dagbag.py:487} INFO - Filling up the DagBag from /home/airflow/.local/lib/python3.6/site-packages/airflow/example_dags/example_branch_python_dop_operator_3.py
[2022-05-24 12:07:05,165] {scheduler_job.py:643} INFO - DAG(s) dict_keys(['example_branch_dop_operator_v3']) retrieved from /home/airflow/.local/lib/python3.6/site-packages/airflow/example_dags/example_branch_python_dop_operator_3.py
[2022-05-24 12:07:05,332] {logging_mixin.py:104} INFO - [2022-05-24 12:07:05,332] {dag.py:1832} INFO - Sync 1 DAGs
[2022-05-24 12:07:05,442] {logging_mixin.py:104} INFO - [2022-05-24 12:07:05,442] {dag.py:2305} INFO - Setting next_dagrun for example_branch_dop_operator_v3 to 2022-05-22 00:00:00+00:00
[2022-05-24 12:07:05,469] {scheduler_job.py:190} INFO - Processing /home/airflow/.local/lib/python3.6/site-packages/airflow/example_dags/example_branch_python_dop_operator_3.py took 0.373 seconds
[2022-05-24 12:07:35,653] {scheduler_job.py:182} INFO - Started process (PID=1073) to work on /home/airflow/.local/lib/python3.6/site-packages/airflow/example_dags/example_branch_python_dop_operator_3.py
[2022-05-24 12:07:35,658] {scheduler_job.py:633} INFO - Processing file /home/airflow/.local/lib/python3.6/site-packages/airflow/example_dags/example_branch_python_dop_operator_3.py for tasks to queue
[2022-05-24 12:07:35,660] {logging_mixin.py:104} INFO - [2022-05-24 12:07:35,660] {dagbag.py:487} INFO - Filling up the DagBag from /home/airflow/.local/lib/python3.6/site-packages/airflow/example_dags/example_branch_python_dop_operator_3.py
[2022-05-24 12:07:35,715] {scheduler_job.py:643} INFO - DAG(s) dict_keys(['example_branch_dop_operator_v3']) retrieved from /home/airflow/.local/lib/python3.6/site-packages/airflow/example_dags/example_branch_python_dop_operator_3.py
[2022-05-24 12:07:35,890] {logging_mixin.py:104} INFO - [2022-05-24 12:07:35,890] {dag.py:1832} INFO - Sync 1 DAGs
[2022-05-24 12:07:36,003] {logging_mixin.py:104} INFO - [2022-05-24 12:07:36,002] {dag.py:2305} INFO - Setting next_dagrun for example_branch_dop_operator_v3 to 2022-05-22 00:00:00+00:00
[2022-05-24 12:07:36,032] {scheduler_job.py:190} INFO - Processing /home/airflow/.local/lib/python3.6/site-packages/airflow/example_dags/example_branch_python_dop_operator_3.py took 0.385 seconds
[2022-05-24 12:08:06,302] {scheduler_job.py:182} INFO - Started process (PID=1166) to work on /home/airflow/.local/lib/python3.6/site-packages/airflow/example_dags/example_branch_python_dop_operator_3.py
[2022-05-24 12:08:06,308] {scheduler_job.py:633} INFO - Processing file /home/airflow/.local/lib/python3.6/site-packages/airflow/example_dags/example_branch_python_dop_operator_3.py for tasks to queue
[2022-05-24 12:08:06,313] {logging_mixin.py:104} INFO - [2022-05-24 12:08:06,313] {dagbag.py:487} INFO - Filling up the DagBag from /home/airflow/.local/lib/python3.6/site-packages/airflow/example_dags/example_branch_python_dop_operator_3.py
[2022-05-24 12:08:06,525] {scheduler_job.py:643} INFO - DAG(s) dict_keys(['example_branch_dop_operator_v3']) retrieved from /home/airflow/.local/lib/python3.6/site-packages/airflow/example_dags/example_branch_python_dop_operator_3.py
[2022-05-24 12:08:06,588] {logging_mixin.py:104} INFO - [2022-05-24 12:08:06,588] {dag.py:1832} INFO - Sync 1 DAGs
[2022-05-24 12:08:06,695] {logging_mixin.py:104} INFO - [2022-05-24 12:08:06,695] {dag.py:2305} INFO - Setting next_dagrun for example_branch_dop_operator_v3 to 2022-05-22 00:00:00+00:00
[2022-05-24 12:08:06,723] {scheduler_job.py:190} INFO - Processing /home/airflow/.local/lib/python3.6/site-packages/airflow/example_dags/example_branch_python_dop_operator_3.py took 0.431 seconds
[2022-05-24 12:08:36,985] {scheduler_job.py:182} INFO - Started process (PID=1272) to work on /home/airflow/.local/lib/python3.6/site-packages/airflow/example_dags/example_branch_python_dop_operator_3.py
[2022-05-24 12:08:36,996] {scheduler_job.py:633} INFO - Processing file /home/airflow/.local/lib/python3.6/site-packages/airflow/example_dags/example_branch_python_dop_operator_3.py for tasks to queue
[2022-05-24 12:08:37,001] {logging_mixin.py:104} INFO - [2022-05-24 12:08:37,000] {dagbag.py:487} INFO - Filling up the DagBag from /home/airflow/.local/lib/python3.6/site-packages/airflow/example_dags/example_branch_python_dop_operator_3.py
[2022-05-24 12:08:37,234] {scheduler_job.py:643} INFO - DAG(s) dict_keys(['example_branch_dop_operator_v3']) retrieved from /home/airflow/.local/lib/python3.6/site-packages/airflow/example_dags/example_branch_python_dop_operator_3.py
[2022-05-24 12:08:37,294] {logging_mixin.py:104} INFO - [2022-05-24 12:08:37,294] {dag.py:1832} INFO - Sync 1 DAGs
[2022-05-24 12:08:37,448] {logging_mixin.py:104} INFO - [2022-05-24 12:08:37,447] {dag.py:2305} INFO - Setting next_dagrun for example_branch_dop_operator_v3 to 2022-05-22 00:00:00+00:00
[2022-05-24 12:08:37,507] {scheduler_job.py:190} INFO - Processing /home/airflow/.local/lib/python3.6/site-packages/airflow/example_dags/example_branch_python_dop_operator_3.py took 0.530 seconds
[2022-05-24 12:09:08,902] {scheduler_job.py:182} INFO - Started process (PID=1363) to work on /home/airflow/.local/lib/python3.6/site-packages/airflow/example_dags/example_branch_python_dop_operator_3.py
[2022-05-24 12:09:08,908] {scheduler_job.py:633} INFO - Processing file /home/airflow/.local/lib/python3.6/site-packages/airflow/example_dags/example_branch_python_dop_operator_3.py for tasks to queue
[2022-05-24 12:09:08,913] {logging_mixin.py:104} INFO - [2022-05-24 12:09:08,913] {dagbag.py:487} INFO - Filling up the DagBag from /home/airflow/.local/lib/python3.6/site-packages/airflow/example_dags/example_branch_python_dop_operator_3.py
[2022-05-24 12:09:09,154] {scheduler_job.py:643} INFO - DAG(s) dict_keys(['example_branch_dop_operator_v3']) retrieved from /home/airflow/.local/lib/python3.6/site-packages/airflow/example_dags/example_branch_python_dop_operator_3.py
[2022-05-24 12:09:09,248] {logging_mixin.py:104} INFO - [2022-05-24 12:09:09,247] {dag.py:1832} INFO - Sync 1 DAGs
[2022-05-24 12:09:09,399] {logging_mixin.py:104} INFO - [2022-05-24 12:09:09,398] {dag.py:2305} INFO - Setting next_dagrun for example_branch_dop_operator_v3 to 2022-05-22 00:00:00+00:00
[2022-05-24 12:09:09,434] {scheduler_job.py:190} INFO - Processing /home/airflow/.local/lib/python3.6/site-packages/airflow/example_dags/example_branch_python_dop_operator_3.py took 0.541 seconds
[2022-05-24 12:09:39,783] {scheduler_job.py:182} INFO - Started process (PID=1472) to work on /home/airflow/.local/lib/python3.6/site-packages/airflow/example_dags/example_branch_python_dop_operator_3.py
[2022-05-24 12:09:39,788] {scheduler_job.py:633} INFO - Processing file /home/airflow/.local/lib/python3.6/site-packages/airflow/example_dags/example_branch_python_dop_operator_3.py for tasks to queue
[2022-05-24 12:09:39,792] {logging_mixin.py:104} INFO - [2022-05-24 12:09:39,792] {dagbag.py:487} INFO - Filling up the DagBag from /home/airflow/.local/lib/python3.6/site-packages/airflow/example_dags/example_branch_python_dop_operator_3.py
[2022-05-24 12:09:39,973] {scheduler_job.py:643} INFO - DAG(s) dict_keys(['example_branch_dop_operator_v3']) retrieved from /home/airflow/.local/lib/python3.6/site-packages/airflow/example_dags/example_branch_python_dop_operator_3.py
[2022-05-24 12:09:40,034] {logging_mixin.py:104} INFO - [2022-05-24 12:09:40,033] {dag.py:1832} INFO - Sync 1 DAGs
[2022-05-24 12:09:40,162] {logging_mixin.py:104} INFO - [2022-05-24 12:09:40,162] {dag.py:2305} INFO - Setting next_dagrun for example_branch_dop_operator_v3 to 2022-05-22 00:00:00+00:00
[2022-05-24 12:09:40,197] {scheduler_job.py:190} INFO - Processing /home/airflow/.local/lib/python3.6/site-packages/airflow/example_dags/example_branch_python_dop_operator_3.py took 0.421 seconds
[2022-05-24 12:10:10,247] {scheduler_job.py:182} INFO - Started process (PID=1560) to work on /home/airflow/.local/lib/python3.6/site-packages/airflow/example_dags/example_branch_python_dop_operator_3.py
[2022-05-24 12:10:10,251] {scheduler_job.py:633} INFO - Processing file /home/airflow/.local/lib/python3.6/site-packages/airflow/example_dags/example_branch_python_dop_operator_3.py for tasks to queue
[2022-05-24 12:10:10,254] {logging_mixin.py:104} INFO - [2022-05-24 12:10:10,254] {dagbag.py:487} INFO - Filling up the DagBag from /home/airflow/.local/lib/python3.6/site-packages/airflow/example_dags/example_branch_python_dop_operator_3.py
[2022-05-24 12:10:10,411] {scheduler_job.py:643} INFO - DAG(s) dict_keys(['example_branch_dop_operator_v3']) retrieved from /home/airflow/.local/lib/python3.6/site-packages/airflow/example_dags/example_branch_python_dop_operator_3.py
[2022-05-24 12:10:10,457] {logging_mixin.py:104} INFO - [2022-05-24 12:10:10,457] {dag.py:1832} INFO - Sync 1 DAGs
[2022-05-24 12:10:10,547] {logging_mixin.py:104} INFO - [2022-05-24 12:10:10,547] {dag.py:2305} INFO - Setting next_dagrun for example_branch_dop_operator_v3 to 2022-05-22 00:00:00+00:00
[2022-05-24 12:10:10,569] {scheduler_job.py:190} INFO - Processing /home/airflow/.local/lib/python3.6/site-packages/airflow/example_dags/example_branch_python_dop_operator_3.py took 0.329 seconds
[2022-05-24 12:10:40,983] {scheduler_job.py:182} INFO - Started process (PID=1669) to work on /home/airflow/.local/lib/python3.6/site-packages/airflow/example_dags/example_branch_python_dop_operator_3.py
[2022-05-24 12:10:40,989] {scheduler_job.py:633} INFO - Processing file /home/airflow/.local/lib/python3.6/site-packages/airflow/example_dags/example_branch_python_dop_operator_3.py for tasks to queue
[2022-05-24 12:10:40,993] {logging_mixin.py:104} INFO - [2022-05-24 12:10:40,992] {dagbag.py:487} INFO - Filling up the DagBag from /home/airflow/.local/lib/python3.6/site-packages/airflow/example_dags/example_branch_python_dop_operator_3.py
[2022-05-24 12:10:41,162] {scheduler_job.py:643} INFO - DAG(s) dict_keys(['example_branch_dop_operator_v3']) retrieved from /home/airflow/.local/lib/python3.6/site-packages/airflow/example_dags/example_branch_python_dop_operator_3.py
[2022-05-24 12:10:41,217] {logging_mixin.py:104} INFO - [2022-05-24 12:10:41,216] {dag.py:1832} INFO - Sync 1 DAGs
[2022-05-24 12:10:41,333] {logging_mixin.py:104} INFO - [2022-05-24 12:10:41,333] {dag.py:2305} INFO - Setting next_dagrun for example_branch_dop_operator_v3 to 2022-05-22 00:00:00+00:00
[2022-05-24 12:10:41,362] {scheduler_job.py:190} INFO - Processing /home/airflow/.local/lib/python3.6/site-packages/airflow/example_dags/example_branch_python_dop_operator_3.py took 0.387 seconds
[2022-05-24 12:11:11,655] {scheduler_job.py:182} INFO - Started process (PID=1762) to work on /home/airflow/.local/lib/python3.6/site-packages/airflow/example_dags/example_branch_python_dop_operator_3.py
[2022-05-24 12:11:11,660] {scheduler_job.py:633} INFO - Processing file /home/airflow/.local/lib/python3.6/site-packages/airflow/example_dags/example_branch_python_dop_operator_3.py for tasks to queue
[2022-05-24 12:11:11,663] {logging_mixin.py:104} INFO - [2022-05-24 12:11:11,662] {dagbag.py:487} INFO - Filling up the DagBag from /home/airflow/.local/lib/python3.6/site-packages/airflow/example_dags/example_branch_python_dop_operator_3.py
[2022-05-24 12:11:11,811] {scheduler_job.py:643} INFO - DAG(s) dict_keys(['example_branch_dop_operator_v3']) retrieved from /home/airflow/.local/lib/python3.6/site-packages/airflow/example_dags/example_branch_python_dop_operator_3.py
[2022-05-24 12:11:11,861] {logging_mixin.py:104} INFO - [2022-05-24 12:11:11,860] {dag.py:1832} INFO - Sync 1 DAGs
[2022-05-24 12:11:11,957] {logging_mixin.py:104} INFO - [2022-05-24 12:11:11,957] {dag.py:2305} INFO - Setting next_dagrun for example_branch_dop_operator_v3 to 2022-05-22 00:00:00+00:00
[2022-05-24 12:11:11,982] {scheduler_job.py:190} INFO - Processing /home/airflow/.local/lib/python3.6/site-packages/airflow/example_dags/example_branch_python_dop_operator_3.py took 0.337 seconds
[2022-05-24 12:11:42,220] {scheduler_job.py:182} INFO - Started process (PID=1870) to work on /home/airflow/.local/lib/python3.6/site-packages/airflow/example_dags/example_branch_python_dop_operator_3.py
[2022-05-24 12:11:42,346] {scheduler_job.py:633} INFO - Processing file /home/airflow/.local/lib/python3.6/site-packages/airflow/example_dags/example_branch_python_dop_operator_3.py for tasks to queue
[2022-05-24 12:11:42,350] {logging_mixin.py:104} INFO - [2022-05-24 12:11:42,349] {dagbag.py:487} INFO - Filling up the DagBag from /home/airflow/.local/lib/python3.6/site-packages/airflow/example_dags/example_branch_python_dop_operator_3.py
[2022-05-24 12:11:42,399] {scheduler_job.py:643} INFO - DAG(s) dict_keys(['example_branch_dop_operator_v3']) retrieved from /home/airflow/.local/lib/python3.6/site-packages/airflow/example_dags/example_branch_python_dop_operator_3.py
[2022-05-24 12:11:42,506] {logging_mixin.py:104} INFO - [2022-05-24 12:11:42,505] {dag.py:1832} INFO - Sync 1 DAGs
[2022-05-24 12:11:42,681] {logging_mixin.py:104} INFO - [2022-05-24 12:11:42,680] {dag.py:2305} INFO - Setting next_dagrun for example_branch_dop_operator_v3 to 2022-05-22 00:00:00+00:00
[2022-05-24 12:11:42,731] {scheduler_job.py:190} INFO - Processing /home/airflow/.local/lib/python3.6/site-packages/airflow/example_dags/example_branch_python_dop_operator_3.py took 0.519 seconds
[2022-05-24 12:12:13,290] {scheduler_job.py:182} INFO - Started process (PID=1964) to work on /home/airflow/.local/lib/python3.6/site-packages/airflow/example_dags/example_branch_python_dop_operator_3.py
[2022-05-24 12:12:13,294] {scheduler_job.py:633} INFO - Processing file /home/airflow/.local/lib/python3.6/site-packages/airflow/example_dags/example_branch_python_dop_operator_3.py for tasks to queue
[2022-05-24 12:12:13,300] {logging_mixin.py:104} INFO - [2022-05-24 12:12:13,299] {dagbag.py:487} INFO - Filling up the DagBag from /home/airflow/.local/lib/python3.6/site-packages/airflow/example_dags/example_branch_python_dop_operator_3.py
[2022-05-24 12:12:13,369] {scheduler_job.py:643} INFO - DAG(s) dict_keys(['example_branch_dop_operator_v3']) retrieved from /home/airflow/.local/lib/python3.6/site-packages/airflow/example_dags/example_branch_python_dop_operator_3.py
[2022-05-24 12:12:13,430] {logging_mixin.py:104} INFO - [2022-05-24 12:12:13,429] {dag.py:1832} INFO - Sync 1 DAGs
[2022-05-24 12:12:13,682] {logging_mixin.py:104} INFO - [2022-05-24 12:12:13,681] {dag.py:2305} INFO - Setting next_dagrun for example_branch_dop_operator_v3 to 2022-05-22 00:00:00+00:00
[2022-05-24 12:12:13,744] {scheduler_job.py:190} INFO - Processing /home/airflow/.local/lib/python3.6/site-packages/airflow/example_dags/example_branch_python_dop_operator_3.py took 0.460 seconds
[2022-05-24 12:12:44,173] {scheduler_job.py:182} INFO - Started process (PID=2072) to work on /home/airflow/.local/lib/python3.6/site-packages/airflow/example_dags/example_branch_python_dop_operator_3.py
[2022-05-24 12:12:44,178] {scheduler_job.py:633} INFO - Processing file /home/airflow/.local/lib/python3.6/site-packages/airflow/example_dags/example_branch_python_dop_operator_3.py for tasks to queue
[2022-05-24 12:12:44,184] {logging_mixin.py:104} INFO - [2022-05-24 12:12:44,183] {dagbag.py:487} INFO - Filling up the DagBag from /home/airflow/.local/lib/python3.6/site-packages/airflow/example_dags/example_branch_python_dop_operator_3.py
[2022-05-24 12:12:44,246] {scheduler_job.py:643} INFO - DAG(s) dict_keys(['example_branch_dop_operator_v3']) retrieved from /home/airflow/.local/lib/python3.6/site-packages/airflow/example_dags/example_branch_python_dop_operator_3.py
[2022-05-24 12:12:44,315] {logging_mixin.py:104} INFO - [2022-05-24 12:12:44,314] {dag.py:1832} INFO - Sync 1 DAGs
[2022-05-24 12:12:44,437] {logging_mixin.py:104} INFO - [2022-05-24 12:12:44,436] {dag.py:2305} INFO - Setting next_dagrun for example_branch_dop_operator_v3 to 2022-05-22 00:00:00+00:00
[2022-05-24 12:12:44,470] {scheduler_job.py:190} INFO - Processing /home/airflow/.local/lib/python3.6/site-packages/airflow/example_dags/example_branch_python_dop_operator_3.py took 0.305 seconds
