[2022-05-24 12:01:31,644] {scheduler_job.py:182} INFO - Started process (PID=303) to work on /home/airflow/.local/lib/python3.6/site-packages/airflow/example_dags/example_nested_branch_dag.py
[2022-05-24 12:01:31,665] {scheduler_job.py:633} INFO - Processing file /home/airflow/.local/lib/python3.6/site-packages/airflow/example_dags/example_nested_branch_dag.py for tasks to queue
[2022-05-24 12:01:31,673] {logging_mixin.py:104} INFO - [2022-05-24 12:01:31,672] {dagbag.py:487} INFO - Filling up the DagBag from /home/airflow/.local/lib/python3.6/site-packages/airflow/example_dags/example_nested_branch_dag.py
[2022-05-24 12:01:31,905] {scheduler_job.py:643} INFO - DAG(s) dict_keys(['example_nested_branch_dag']) retrieved from /home/airflow/.local/lib/python3.6/site-packages/airflow/example_dags/example_nested_branch_dag.py
[2022-05-24 12:02:40,147] {logging_mixin.py:104} INFO - [2022-05-24 12:02:40,139] {dag.py:1832} INFO - Sync 1 DAGs
[2022-05-24 12:02:40,265] {logging_mixin.py:104} INFO - [2022-05-24 12:02:40,250] {dag.py:1851} INFO - Creating ORM DAG for example_nested_branch_dag
[2022-05-24 12:02:40,332] {logging_mixin.py:104} INFO - [2022-05-24 12:02:40,332] {dag.py:2305} INFO - Setting next_dagrun for example_nested_branch_dag to 2022-05-22 00:00:00+00:00
[2022-05-24 12:02:40,395] {scheduler_job.py:190} INFO - Processing /home/airflow/.local/lib/python3.6/site-packages/airflow/example_dags/example_nested_branch_dag.py took 68.777 seconds
[2022-05-24 12:02:41,412] {scheduler_job.py:182} INFO - Started process (PID=406) to work on /home/airflow/.local/lib/python3.6/site-packages/airflow/example_dags/example_nested_branch_dag.py
[2022-05-24 12:02:41,430] {scheduler_job.py:633} INFO - Processing file /home/airflow/.local/lib/python3.6/site-packages/airflow/example_dags/example_nested_branch_dag.py for tasks to queue
[2022-05-24 12:02:41,436] {logging_mixin.py:104} INFO - [2022-05-24 12:02:41,436] {dagbag.py:487} INFO - Filling up the DagBag from /home/airflow/.local/lib/python3.6/site-packages/airflow/example_dags/example_nested_branch_dag.py
[2022-05-24 12:02:41,669] {scheduler_job.py:643} INFO - DAG(s) dict_keys(['example_nested_branch_dag']) retrieved from /home/airflow/.local/lib/python3.6/site-packages/airflow/example_dags/example_nested_branch_dag.py
[2022-05-24 12:02:41,814] {logging_mixin.py:104} INFO - [2022-05-24 12:02:41,813] {dag.py:1832} INFO - Sync 1 DAGs
[2022-05-24 12:02:41,968] {logging_mixin.py:104} INFO - [2022-05-24 12:02:41,967] {dag.py:2305} INFO - Setting next_dagrun for example_nested_branch_dag to 2022-05-22 00:00:00+00:00
[2022-05-24 12:02:42,184] {scheduler_job.py:190} INFO - Processing /home/airflow/.local/lib/python3.6/site-packages/airflow/example_dags/example_nested_branch_dag.py took 0.803 seconds
[2022-05-24 12:05:52,787] {scheduler_job.py:182} INFO - Started process (PID=710) to work on /home/airflow/.local/lib/python3.6/site-packages/airflow/example_dags/example_nested_branch_dag.py
[2022-05-24 12:05:52,791] {scheduler_job.py:633} INFO - Processing file /home/airflow/.local/lib/python3.6/site-packages/airflow/example_dags/example_nested_branch_dag.py for tasks to queue
[2022-05-24 12:05:52,793] {logging_mixin.py:104} INFO - [2022-05-24 12:05:52,793] {dagbag.py:487} INFO - Filling up the DagBag from /home/airflow/.local/lib/python3.6/site-packages/airflow/example_dags/example_nested_branch_dag.py
[2022-05-24 12:05:52,853] {scheduler_job.py:643} INFO - DAG(s) dict_keys(['example_nested_branch_dag']) retrieved from /home/airflow/.local/lib/python3.6/site-packages/airflow/example_dags/example_nested_branch_dag.py
[2022-05-24 12:05:52,913] {logging_mixin.py:104} INFO - [2022-05-24 12:05:52,912] {dag.py:1832} INFO - Sync 1 DAGs
[2022-05-24 12:05:53,085] {logging_mixin.py:104} INFO - [2022-05-24 12:05:53,084] {dag.py:2305} INFO - Setting next_dagrun for example_nested_branch_dag to 2022-05-22 00:00:00+00:00
[2022-05-24 12:05:53,114] {scheduler_job.py:190} INFO - Processing /home/airflow/.local/lib/python3.6/site-packages/airflow/example_dags/example_nested_branch_dag.py took 0.334 seconds
[2022-05-24 12:06:24,055] {scheduler_job.py:182} INFO - Started process (PID=819) to work on /home/airflow/.local/lib/python3.6/site-packages/airflow/example_dags/example_nested_branch_dag.py
[2022-05-24 12:06:24,061] {scheduler_job.py:633} INFO - Processing file /home/airflow/.local/lib/python3.6/site-packages/airflow/example_dags/example_nested_branch_dag.py for tasks to queue
[2022-05-24 12:06:24,065] {logging_mixin.py:104} INFO - [2022-05-24 12:06:24,065] {dagbag.py:487} INFO - Filling up the DagBag from /home/airflow/.local/lib/python3.6/site-packages/airflow/example_dags/example_nested_branch_dag.py
[2022-05-24 12:06:24,132] {scheduler_job.py:643} INFO - DAG(s) dict_keys(['example_nested_branch_dag']) retrieved from /home/airflow/.local/lib/python3.6/site-packages/airflow/example_dags/example_nested_branch_dag.py
[2022-05-24 12:06:24,362] {logging_mixin.py:104} INFO - [2022-05-24 12:06:24,361] {dag.py:1832} INFO - Sync 1 DAGs
[2022-05-24 12:06:24,434] {logging_mixin.py:104} INFO - [2022-05-24 12:06:24,433] {dag.py:2305} INFO - Setting next_dagrun for example_nested_branch_dag to 2022-05-22 00:00:00+00:00
[2022-05-24 12:06:24,467] {scheduler_job.py:190} INFO - Processing /home/airflow/.local/lib/python3.6/site-packages/airflow/example_dags/example_nested_branch_dag.py took 0.419 seconds
[2022-05-24 12:06:55,325] {scheduler_job.py:182} INFO - Started process (PID=926) to work on /home/airflow/.local/lib/python3.6/site-packages/airflow/example_dags/example_nested_branch_dag.py
[2022-05-24 12:06:55,332] {scheduler_job.py:633} INFO - Processing file /home/airflow/.local/lib/python3.6/site-packages/airflow/example_dags/example_nested_branch_dag.py for tasks to queue
[2022-05-24 12:06:55,338] {logging_mixin.py:104} INFO - [2022-05-24 12:06:55,337] {dagbag.py:487} INFO - Filling up the DagBag from /home/airflow/.local/lib/python3.6/site-packages/airflow/example_dags/example_nested_branch_dag.py
[2022-05-24 12:06:55,398] {scheduler_job.py:643} INFO - DAG(s) dict_keys(['example_nested_branch_dag']) retrieved from /home/airflow/.local/lib/python3.6/site-packages/airflow/example_dags/example_nested_branch_dag.py
[2022-05-24 12:06:55,574] {logging_mixin.py:104} INFO - [2022-05-24 12:06:55,573] {dag.py:1832} INFO - Sync 1 DAGs
[2022-05-24 12:06:55,633] {logging_mixin.py:104} INFO - [2022-05-24 12:06:55,633] {dag.py:2305} INFO - Setting next_dagrun for example_nested_branch_dag to 2022-05-22 00:00:00+00:00
[2022-05-24 12:06:55,663] {scheduler_job.py:190} INFO - Processing /home/airflow/.local/lib/python3.6/site-packages/airflow/example_dags/example_nested_branch_dag.py took 0.345 seconds
[2022-05-24 12:07:26,415] {scheduler_job.py:182} INFO - Started process (PID=1020) to work on /home/airflow/.local/lib/python3.6/site-packages/airflow/example_dags/example_nested_branch_dag.py
[2022-05-24 12:07:26,419] {scheduler_job.py:633} INFO - Processing file /home/airflow/.local/lib/python3.6/site-packages/airflow/example_dags/example_nested_branch_dag.py for tasks to queue
[2022-05-24 12:07:26,423] {logging_mixin.py:104} INFO - [2022-05-24 12:07:26,423] {dagbag.py:487} INFO - Filling up the DagBag from /home/airflow/.local/lib/python3.6/site-packages/airflow/example_dags/example_nested_branch_dag.py
[2022-05-24 12:07:26,485] {scheduler_job.py:643} INFO - DAG(s) dict_keys(['example_nested_branch_dag']) retrieved from /home/airflow/.local/lib/python3.6/site-packages/airflow/example_dags/example_nested_branch_dag.py
[2022-05-24 12:07:26,690] {logging_mixin.py:104} INFO - [2022-05-24 12:07:26,690] {dag.py:1832} INFO - Sync 1 DAGs
[2022-05-24 12:07:26,766] {logging_mixin.py:104} INFO - [2022-05-24 12:07:26,766] {dag.py:2305} INFO - Setting next_dagrun for example_nested_branch_dag to 2022-05-22 00:00:00+00:00
[2022-05-24 12:07:26,797] {scheduler_job.py:190} INFO - Processing /home/airflow/.local/lib/python3.6/site-packages/airflow/example_dags/example_nested_branch_dag.py took 0.390 seconds
[2022-05-24 12:07:57,005] {scheduler_job.py:182} INFO - Started process (PID=1122) to work on /home/airflow/.local/lib/python3.6/site-packages/airflow/example_dags/example_nested_branch_dag.py
[2022-05-24 12:07:57,013] {scheduler_job.py:633} INFO - Processing file /home/airflow/.local/lib/python3.6/site-packages/airflow/example_dags/example_nested_branch_dag.py for tasks to queue
[2022-05-24 12:07:57,022] {logging_mixin.py:104} INFO - [2022-05-24 12:07:57,018] {dagbag.py:487} INFO - Filling up the DagBag from /home/airflow/.local/lib/python3.6/site-packages/airflow/example_dags/example_nested_branch_dag.py
[2022-05-24 12:07:57,399] {scheduler_job.py:643} INFO - DAG(s) dict_keys(['example_nested_branch_dag']) retrieved from /home/airflow/.local/lib/python3.6/site-packages/airflow/example_dags/example_nested_branch_dag.py
[2022-05-24 12:07:57,510] {logging_mixin.py:104} INFO - [2022-05-24 12:07:57,510] {dag.py:1832} INFO - Sync 1 DAGs
[2022-05-24 12:07:57,613] {logging_mixin.py:104} INFO - [2022-05-24 12:07:57,613] {dag.py:2305} INFO - Setting next_dagrun for example_nested_branch_dag to 2022-05-22 00:00:00+00:00
[2022-05-24 12:07:57,666] {scheduler_job.py:190} INFO - Processing /home/airflow/.local/lib/python3.6/site-packages/airflow/example_dags/example_nested_branch_dag.py took 0.694 seconds
[2022-05-24 12:08:27,869] {scheduler_job.py:182} INFO - Started process (PID=1216) to work on /home/airflow/.local/lib/python3.6/site-packages/airflow/example_dags/example_nested_branch_dag.py
[2022-05-24 12:08:27,874] {scheduler_job.py:633} INFO - Processing file /home/airflow/.local/lib/python3.6/site-packages/airflow/example_dags/example_nested_branch_dag.py for tasks to queue
[2022-05-24 12:08:27,877] {logging_mixin.py:104} INFO - [2022-05-24 12:08:27,877] {dagbag.py:487} INFO - Filling up the DagBag from /home/airflow/.local/lib/python3.6/site-packages/airflow/example_dags/example_nested_branch_dag.py
[2022-05-24 12:08:28,034] {scheduler_job.py:643} INFO - DAG(s) dict_keys(['example_nested_branch_dag']) retrieved from /home/airflow/.local/lib/python3.6/site-packages/airflow/example_dags/example_nested_branch_dag.py
[2022-05-24 12:08:28,089] {logging_mixin.py:104} INFO - [2022-05-24 12:08:28,089] {dag.py:1832} INFO - Sync 1 DAGs
[2022-05-24 12:08:28,140] {logging_mixin.py:104} INFO - [2022-05-24 12:08:28,140] {dag.py:2305} INFO - Setting next_dagrun for example_nested_branch_dag to 2022-05-22 00:00:00+00:00
[2022-05-24 12:08:28,166] {scheduler_job.py:190} INFO - Processing /home/airflow/.local/lib/python3.6/site-packages/airflow/example_dags/example_nested_branch_dag.py took 0.304 seconds
[2022-05-24 12:08:58,674] {scheduler_job.py:182} INFO - Started process (PID=1321) to work on /home/airflow/.local/lib/python3.6/site-packages/airflow/example_dags/example_nested_branch_dag.py
[2022-05-24 12:08:58,680] {scheduler_job.py:633} INFO - Processing file /home/airflow/.local/lib/python3.6/site-packages/airflow/example_dags/example_nested_branch_dag.py for tasks to queue
[2022-05-24 12:08:58,684] {logging_mixin.py:104} INFO - [2022-05-24 12:08:58,683] {dagbag.py:487} INFO - Filling up the DagBag from /home/airflow/.local/lib/python3.6/site-packages/airflow/example_dags/example_nested_branch_dag.py
[2022-05-24 12:08:58,867] {scheduler_job.py:643} INFO - DAG(s) dict_keys(['example_nested_branch_dag']) retrieved from /home/airflow/.local/lib/python3.6/site-packages/airflow/example_dags/example_nested_branch_dag.py
[2022-05-24 12:08:58,939] {logging_mixin.py:104} INFO - [2022-05-24 12:08:58,939] {dag.py:1832} INFO - Sync 1 DAGs
[2022-05-24 12:08:59,009] {logging_mixin.py:104} INFO - [2022-05-24 12:08:59,009] {dag.py:2305} INFO - Setting next_dagrun for example_nested_branch_dag to 2022-05-22 00:00:00+00:00
[2022-05-24 12:08:59,040] {scheduler_job.py:190} INFO - Processing /home/airflow/.local/lib/python3.6/site-packages/airflow/example_dags/example_nested_branch_dag.py took 0.374 seconds
[2022-05-24 12:09:29,640] {scheduler_job.py:182} INFO - Started process (PID=1414) to work on /home/airflow/.local/lib/python3.6/site-packages/airflow/example_dags/example_nested_branch_dag.py
[2022-05-24 12:09:29,644] {scheduler_job.py:633} INFO - Processing file /home/airflow/.local/lib/python3.6/site-packages/airflow/example_dags/example_nested_branch_dag.py for tasks to queue
[2022-05-24 12:09:29,648] {logging_mixin.py:104} INFO - [2022-05-24 12:09:29,647] {dagbag.py:487} INFO - Filling up the DagBag from /home/airflow/.local/lib/python3.6/site-packages/airflow/example_dags/example_nested_branch_dag.py
[2022-05-24 12:09:29,793] {scheduler_job.py:643} INFO - DAG(s) dict_keys(['example_nested_branch_dag']) retrieved from /home/airflow/.local/lib/python3.6/site-packages/airflow/example_dags/example_nested_branch_dag.py
[2022-05-24 12:09:29,843] {logging_mixin.py:104} INFO - [2022-05-24 12:09:29,842] {dag.py:1832} INFO - Sync 1 DAGs
[2022-05-24 12:09:29,887] {logging_mixin.py:104} INFO - [2022-05-24 12:09:29,887] {dag.py:2305} INFO - Setting next_dagrun for example_nested_branch_dag to 2022-05-22 00:00:00+00:00
[2022-05-24 12:09:29,910] {scheduler_job.py:190} INFO - Processing /home/airflow/.local/lib/python3.6/site-packages/airflow/example_dags/example_nested_branch_dag.py took 0.276 seconds
[2022-05-24 12:10:00,396] {scheduler_job.py:182} INFO - Started process (PID=1523) to work on /home/airflow/.local/lib/python3.6/site-packages/airflow/example_dags/example_nested_branch_dag.py
[2022-05-24 12:10:00,402] {scheduler_job.py:633} INFO - Processing file /home/airflow/.local/lib/python3.6/site-packages/airflow/example_dags/example_nested_branch_dag.py for tasks to queue
[2022-05-24 12:10:00,405] {logging_mixin.py:104} INFO - [2022-05-24 12:10:00,405] {dagbag.py:487} INFO - Filling up the DagBag from /home/airflow/.local/lib/python3.6/site-packages/airflow/example_dags/example_nested_branch_dag.py
[2022-05-24 12:10:00,591] {scheduler_job.py:643} INFO - DAG(s) dict_keys(['example_nested_branch_dag']) retrieved from /home/airflow/.local/lib/python3.6/site-packages/airflow/example_dags/example_nested_branch_dag.py
[2022-05-24 12:10:00,672] {logging_mixin.py:104} INFO - [2022-05-24 12:10:00,671] {dag.py:1832} INFO - Sync 1 DAGs
[2022-05-24 12:10:00,743] {logging_mixin.py:104} INFO - [2022-05-24 12:10:00,742] {dag.py:2305} INFO - Setting next_dagrun for example_nested_branch_dag to 2022-05-22 00:00:00+00:00
[2022-05-24 12:10:00,777] {scheduler_job.py:190} INFO - Processing /home/airflow/.local/lib/python3.6/site-packages/airflow/example_dags/example_nested_branch_dag.py took 0.390 seconds
[2022-05-24 12:10:31,360] {scheduler_job.py:182} INFO - Started process (PID=1614) to work on /home/airflow/.local/lib/python3.6/site-packages/airflow/example_dags/example_nested_branch_dag.py
[2022-05-24 12:10:31,366] {scheduler_job.py:633} INFO - Processing file /home/airflow/.local/lib/python3.6/site-packages/airflow/example_dags/example_nested_branch_dag.py for tasks to queue
[2022-05-24 12:10:31,369] {logging_mixin.py:104} INFO - [2022-05-24 12:10:31,368] {dagbag.py:487} INFO - Filling up the DagBag from /home/airflow/.local/lib/python3.6/site-packages/airflow/example_dags/example_nested_branch_dag.py
[2022-05-24 12:10:31,513] {scheduler_job.py:643} INFO - DAG(s) dict_keys(['example_nested_branch_dag']) retrieved from /home/airflow/.local/lib/python3.6/site-packages/airflow/example_dags/example_nested_branch_dag.py
[2022-05-24 12:10:31,562] {logging_mixin.py:104} INFO - [2022-05-24 12:10:31,562] {dag.py:1832} INFO - Sync 1 DAGs
[2022-05-24 12:10:31,607] {logging_mixin.py:104} INFO - [2022-05-24 12:10:31,606] {dag.py:2305} INFO - Setting next_dagrun for example_nested_branch_dag to 2022-05-22 00:00:00+00:00
[2022-05-24 12:10:31,628] {scheduler_job.py:190} INFO - Processing /home/airflow/.local/lib/python3.6/site-packages/airflow/example_dags/example_nested_branch_dag.py took 0.280 seconds
[2022-05-24 12:11:02,158] {scheduler_job.py:182} INFO - Started process (PID=1728) to work on /home/airflow/.local/lib/python3.6/site-packages/airflow/example_dags/example_nested_branch_dag.py
[2022-05-24 12:11:02,165] {scheduler_job.py:633} INFO - Processing file /home/airflow/.local/lib/python3.6/site-packages/airflow/example_dags/example_nested_branch_dag.py for tasks to queue
[2022-05-24 12:11:02,171] {logging_mixin.py:104} INFO - [2022-05-24 12:11:02,170] {dagbag.py:487} INFO - Filling up the DagBag from /home/airflow/.local/lib/python3.6/site-packages/airflow/example_dags/example_nested_branch_dag.py
[2022-05-24 12:11:02,383] {scheduler_job.py:643} INFO - DAG(s) dict_keys(['example_nested_branch_dag']) retrieved from /home/airflow/.local/lib/python3.6/site-packages/airflow/example_dags/example_nested_branch_dag.py
[2022-05-24 12:11:02,444] {logging_mixin.py:104} INFO - [2022-05-24 12:11:02,443] {dag.py:1832} INFO - Sync 1 DAGs
[2022-05-24 12:11:02,501] {logging_mixin.py:104} INFO - [2022-05-24 12:11:02,501] {dag.py:2305} INFO - Setting next_dagrun for example_nested_branch_dag to 2022-05-22 00:00:00+00:00
[2022-05-24 12:11:02,528] {scheduler_job.py:190} INFO - Processing /home/airflow/.local/lib/python3.6/site-packages/airflow/example_dags/example_nested_branch_dag.py took 0.383 seconds
[2022-05-24 12:11:32,600] {scheduler_job.py:182} INFO - Started process (PID=1816) to work on /home/airflow/.local/lib/python3.6/site-packages/airflow/example_dags/example_nested_branch_dag.py
[2022-05-24 12:11:32,707] {scheduler_job.py:633} INFO - Processing file /home/airflow/.local/lib/python3.6/site-packages/airflow/example_dags/example_nested_branch_dag.py for tasks to queue
[2022-05-24 12:11:32,710] {logging_mixin.py:104} INFO - [2022-05-24 12:11:32,709] {dagbag.py:487} INFO - Filling up the DagBag from /home/airflow/.local/lib/python3.6/site-packages/airflow/example_dags/example_nested_branch_dag.py
[2022-05-24 12:11:32,751] {scheduler_job.py:643} INFO - DAG(s) dict_keys(['example_nested_branch_dag']) retrieved from /home/airflow/.local/lib/python3.6/site-packages/airflow/example_dags/example_nested_branch_dag.py
[2022-05-24 12:11:32,799] {logging_mixin.py:104} INFO - [2022-05-24 12:11:32,799] {dag.py:1832} INFO - Sync 1 DAGs
[2022-05-24 12:11:32,843] {logging_mixin.py:104} INFO - [2022-05-24 12:11:32,843] {dag.py:2305} INFO - Setting next_dagrun for example_nested_branch_dag to 2022-05-22 00:00:00+00:00
[2022-05-24 12:11:32,864] {scheduler_job.py:190} INFO - Processing /home/airflow/.local/lib/python3.6/site-packages/airflow/example_dags/example_nested_branch_dag.py took 0.273 seconds
[2022-05-24 12:12:03,379] {scheduler_job.py:182} INFO - Started process (PID=1930) to work on /home/airflow/.local/lib/python3.6/site-packages/airflow/example_dags/example_nested_branch_dag.py
[2022-05-24 12:12:03,384] {scheduler_job.py:633} INFO - Processing file /home/airflow/.local/lib/python3.6/site-packages/airflow/example_dags/example_nested_branch_dag.py for tasks to queue
[2022-05-24 12:12:03,387] {logging_mixin.py:104} INFO - [2022-05-24 12:12:03,386] {dagbag.py:487} INFO - Filling up the DagBag from /home/airflow/.local/lib/python3.6/site-packages/airflow/example_dags/example_nested_branch_dag.py
[2022-05-24 12:12:03,453] {scheduler_job.py:643} INFO - DAG(s) dict_keys(['example_nested_branch_dag']) retrieved from /home/airflow/.local/lib/python3.6/site-packages/airflow/example_dags/example_nested_branch_dag.py
[2022-05-24 12:12:03,526] {logging_mixin.py:104} INFO - [2022-05-24 12:12:03,525] {dag.py:1832} INFO - Sync 1 DAGs
[2022-05-24 12:12:03,587] {logging_mixin.py:104} INFO - [2022-05-24 12:12:03,587] {dag.py:2305} INFO - Setting next_dagrun for example_nested_branch_dag to 2022-05-22 00:00:00+00:00
[2022-05-24 12:12:03,616] {scheduler_job.py:190} INFO - Processing /home/airflow/.local/lib/python3.6/site-packages/airflow/example_dags/example_nested_branch_dag.py took 0.245 seconds
[2022-05-24 12:12:33,757] {scheduler_job.py:182} INFO - Started process (PID=2028) to work on /home/airflow/.local/lib/python3.6/site-packages/airflow/example_dags/example_nested_branch_dag.py
[2022-05-24 12:12:33,763] {scheduler_job.py:633} INFO - Processing file /home/airflow/.local/lib/python3.6/site-packages/airflow/example_dags/example_nested_branch_dag.py for tasks to queue
[2022-05-24 12:12:33,767] {logging_mixin.py:104} INFO - [2022-05-24 12:12:33,766] {dagbag.py:487} INFO - Filling up the DagBag from /home/airflow/.local/lib/python3.6/site-packages/airflow/example_dags/example_nested_branch_dag.py
[2022-05-24 12:12:33,821] {scheduler_job.py:643} INFO - DAG(s) dict_keys(['example_nested_branch_dag']) retrieved from /home/airflow/.local/lib/python3.6/site-packages/airflow/example_dags/example_nested_branch_dag.py
[2022-05-24 12:12:33,886] {logging_mixin.py:104} INFO - [2022-05-24 12:12:33,885] {dag.py:1832} INFO - Sync 1 DAGs
[2022-05-24 12:12:33,946] {logging_mixin.py:104} INFO - [2022-05-24 12:12:33,946] {dag.py:2305} INFO - Setting next_dagrun for example_nested_branch_dag to 2022-05-22 00:00:00+00:00
[2022-05-24 12:12:33,978] {scheduler_job.py:190} INFO - Processing /home/airflow/.local/lib/python3.6/site-packages/airflow/example_dags/example_nested_branch_dag.py took 0.229 seconds
