[2022-05-24 12:03:35,779] {scheduler_job.py:182} INFO - Started process (PID=492) to work on /home/airflow/.local/lib/python3.6/site-packages/airflow/example_dags/example_short_circuit_operator.py
[2022-05-24 12:03:35,789] {scheduler_job.py:633} INFO - Processing file /home/airflow/.local/lib/python3.6/site-packages/airflow/example_dags/example_short_circuit_operator.py for tasks to queue
[2022-05-24 12:03:35,798] {logging_mixin.py:104} INFO - [2022-05-24 12:03:35,797] {dagbag.py:487} INFO - Filling up the DagBag from /home/airflow/.local/lib/python3.6/site-packages/airflow/example_dags/example_short_circuit_operator.py
[2022-05-24 12:03:35,892] {scheduler_job.py:643} INFO - DAG(s) dict_keys(['example_short_circuit_operator']) retrieved from /home/airflow/.local/lib/python3.6/site-packages/airflow/example_dags/example_short_circuit_operator.py
[2022-05-24 12:03:51,918] {logging_mixin.py:104} INFO - [2022-05-24 12:03:51,911] {dag.py:1832} INFO - Sync 1 DAGs
[2022-05-24 12:03:51,974] {logging_mixin.py:104} INFO - [2022-05-24 12:03:51,966] {dag.py:1851} INFO - Creating ORM DAG for example_short_circuit_operator
[2022-05-24 12:03:51,995] {logging_mixin.py:104} INFO - [2022-05-24 12:03:51,995] {dag.py:2305} INFO - Setting next_dagrun for example_short_circuit_operator to 2022-05-22 00:00:00+00:00
[2022-05-24 12:03:52,036] {scheduler_job.py:190} INFO - Processing /home/airflow/.local/lib/python3.6/site-packages/airflow/example_dags/example_short_circuit_operator.py took 16.288 seconds
[2022-05-24 12:05:57,642] {scheduler_job.py:182} INFO - Started process (PID=743) to work on /home/airflow/.local/lib/python3.6/site-packages/airflow/example_dags/example_short_circuit_operator.py
[2022-05-24 12:05:57,649] {scheduler_job.py:633} INFO - Processing file /home/airflow/.local/lib/python3.6/site-packages/airflow/example_dags/example_short_circuit_operator.py for tasks to queue
[2022-05-24 12:05:57,653] {logging_mixin.py:104} INFO - [2022-05-24 12:05:57,652] {dagbag.py:487} INFO - Filling up the DagBag from /home/airflow/.local/lib/python3.6/site-packages/airflow/example_dags/example_short_circuit_operator.py
[2022-05-24 12:05:57,714] {scheduler_job.py:643} INFO - DAG(s) dict_keys(['example_short_circuit_operator']) retrieved from /home/airflow/.local/lib/python3.6/site-packages/airflow/example_dags/example_short_circuit_operator.py
[2022-05-24 12:05:57,794] {logging_mixin.py:104} INFO - [2022-05-24 12:05:57,793] {dag.py:1832} INFO - Sync 1 DAGs
[2022-05-24 12:05:57,983] {logging_mixin.py:104} INFO - [2022-05-24 12:05:57,982] {dag.py:2305} INFO - Setting next_dagrun for example_short_circuit_operator to 2022-05-22 00:00:00+00:00
[2022-05-24 12:05:58,017] {scheduler_job.py:190} INFO - Processing /home/airflow/.local/lib/python3.6/site-packages/airflow/example_dags/example_short_circuit_operator.py took 0.386 seconds
[2022-05-24 12:06:28,260] {scheduler_job.py:182} INFO - Started process (PID=835) to work on /home/airflow/.local/lib/python3.6/site-packages/airflow/example_dags/example_short_circuit_operator.py
[2022-05-24 12:06:28,263] {scheduler_job.py:633} INFO - Processing file /home/airflow/.local/lib/python3.6/site-packages/airflow/example_dags/example_short_circuit_operator.py for tasks to queue
[2022-05-24 12:06:28,266] {logging_mixin.py:104} INFO - [2022-05-24 12:06:28,265] {dagbag.py:487} INFO - Filling up the DagBag from /home/airflow/.local/lib/python3.6/site-packages/airflow/example_dags/example_short_circuit_operator.py
[2022-05-24 12:06:28,307] {scheduler_job.py:643} INFO - DAG(s) dict_keys(['example_short_circuit_operator']) retrieved from /home/airflow/.local/lib/python3.6/site-packages/airflow/example_dags/example_short_circuit_operator.py
[2022-05-24 12:06:28,457] {logging_mixin.py:104} INFO - [2022-05-24 12:06:28,457] {dag.py:1832} INFO - Sync 1 DAGs
[2022-05-24 12:06:28,490] {logging_mixin.py:104} INFO - [2022-05-24 12:06:28,490] {dag.py:2305} INFO - Setting next_dagrun for example_short_circuit_operator to 2022-05-22 00:00:00+00:00
[2022-05-24 12:06:28,513] {scheduler_job.py:190} INFO - Processing /home/airflow/.local/lib/python3.6/site-packages/airflow/example_dags/example_short_circuit_operator.py took 0.259 seconds
[2022-05-24 12:06:58,592] {scheduler_job.py:182} INFO - Started process (PID=943) to work on /home/airflow/.local/lib/python3.6/site-packages/airflow/example_dags/example_short_circuit_operator.py
[2022-05-24 12:06:58,597] {scheduler_job.py:633} INFO - Processing file /home/airflow/.local/lib/python3.6/site-packages/airflow/example_dags/example_short_circuit_operator.py for tasks to queue
[2022-05-24 12:06:58,600] {logging_mixin.py:104} INFO - [2022-05-24 12:06:58,600] {dagbag.py:487} INFO - Filling up the DagBag from /home/airflow/.local/lib/python3.6/site-packages/airflow/example_dags/example_short_circuit_operator.py
[2022-05-24 12:06:58,648] {scheduler_job.py:643} INFO - DAG(s) dict_keys(['example_short_circuit_operator']) retrieved from /home/airflow/.local/lib/python3.6/site-packages/airflow/example_dags/example_short_circuit_operator.py
[2022-05-24 12:06:58,815] {logging_mixin.py:104} INFO - [2022-05-24 12:06:58,814] {dag.py:1832} INFO - Sync 1 DAGs
[2022-05-24 12:06:58,852] {logging_mixin.py:104} INFO - [2022-05-24 12:06:58,852] {dag.py:2305} INFO - Setting next_dagrun for example_short_circuit_operator to 2022-05-22 00:00:00+00:00
[2022-05-24 12:06:58,880] {scheduler_job.py:190} INFO - Processing /home/airflow/.local/lib/python3.6/site-packages/airflow/example_dags/example_short_circuit_operator.py took 0.295 seconds
[2022-05-24 12:07:29,475] {scheduler_job.py:182} INFO - Started process (PID=1034) to work on /home/airflow/.local/lib/python3.6/site-packages/airflow/example_dags/example_short_circuit_operator.py
[2022-05-24 12:07:29,479] {scheduler_job.py:633} INFO - Processing file /home/airflow/.local/lib/python3.6/site-packages/airflow/example_dags/example_short_circuit_operator.py for tasks to queue
[2022-05-24 12:07:29,483] {logging_mixin.py:104} INFO - [2022-05-24 12:07:29,482] {dagbag.py:487} INFO - Filling up the DagBag from /home/airflow/.local/lib/python3.6/site-packages/airflow/example_dags/example_short_circuit_operator.py
[2022-05-24 12:07:29,530] {scheduler_job.py:643} INFO - DAG(s) dict_keys(['example_short_circuit_operator']) retrieved from /home/airflow/.local/lib/python3.6/site-packages/airflow/example_dags/example_short_circuit_operator.py
[2022-05-24 12:07:29,688] {logging_mixin.py:104} INFO - [2022-05-24 12:07:29,688] {dag.py:1832} INFO - Sync 1 DAGs
[2022-05-24 12:07:29,718] {logging_mixin.py:104} INFO - [2022-05-24 12:07:29,718] {dag.py:2305} INFO - Setting next_dagrun for example_short_circuit_operator to 2022-05-22 00:00:00+00:00
[2022-05-24 12:07:29,740] {scheduler_job.py:190} INFO - Processing /home/airflow/.local/lib/python3.6/site-packages/airflow/example_dags/example_short_circuit_operator.py took 0.273 seconds
[2022-05-24 12:08:00,045] {scheduler_job.py:182} INFO - Started process (PID=1141) to work on /home/airflow/.local/lib/python3.6/site-packages/airflow/example_dags/example_short_circuit_operator.py
[2022-05-24 12:08:00,051] {scheduler_job.py:633} INFO - Processing file /home/airflow/.local/lib/python3.6/site-packages/airflow/example_dags/example_short_circuit_operator.py for tasks to queue
[2022-05-24 12:08:00,056] {logging_mixin.py:104} INFO - [2022-05-24 12:08:00,056] {dagbag.py:487} INFO - Filling up the DagBag from /home/airflow/.local/lib/python3.6/site-packages/airflow/example_dags/example_short_circuit_operator.py
[2022-05-24 12:08:00,247] {scheduler_job.py:643} INFO - DAG(s) dict_keys(['example_short_circuit_operator']) retrieved from /home/airflow/.local/lib/python3.6/site-packages/airflow/example_dags/example_short_circuit_operator.py
[2022-05-24 12:08:00,319] {logging_mixin.py:104} INFO - [2022-05-24 12:08:00,318] {dag.py:1832} INFO - Sync 1 DAGs
[2022-05-24 12:08:00,359] {logging_mixin.py:104} INFO - [2022-05-24 12:08:00,359] {dag.py:2305} INFO - Setting next_dagrun for example_short_circuit_operator to 2022-05-22 00:00:00+00:00
[2022-05-24 12:08:00,390] {scheduler_job.py:190} INFO - Processing /home/airflow/.local/lib/python3.6/site-packages/airflow/example_dags/example_short_circuit_operator.py took 0.354 seconds
[2022-05-24 12:08:31,185] {scheduler_job.py:182} INFO - Started process (PID=1232) to work on /home/airflow/.local/lib/python3.6/site-packages/airflow/example_dags/example_short_circuit_operator.py
[2022-05-24 12:08:31,194] {scheduler_job.py:633} INFO - Processing file /home/airflow/.local/lib/python3.6/site-packages/airflow/example_dags/example_short_circuit_operator.py for tasks to queue
[2022-05-24 12:08:31,197] {logging_mixin.py:104} INFO - [2022-05-24 12:08:31,197] {dagbag.py:487} INFO - Filling up the DagBag from /home/airflow/.local/lib/python3.6/site-packages/airflow/example_dags/example_short_circuit_operator.py
[2022-05-24 12:08:31,334] {scheduler_job.py:643} INFO - DAG(s) dict_keys(['example_short_circuit_operator']) retrieved from /home/airflow/.local/lib/python3.6/site-packages/airflow/example_dags/example_short_circuit_operator.py
[2022-05-24 12:08:31,381] {logging_mixin.py:104} INFO - [2022-05-24 12:08:31,381] {dag.py:1832} INFO - Sync 1 DAGs
[2022-05-24 12:08:31,412] {logging_mixin.py:104} INFO - [2022-05-24 12:08:31,412] {dag.py:2305} INFO - Setting next_dagrun for example_short_circuit_operator to 2022-05-22 00:00:00+00:00
[2022-05-24 12:08:31,435] {scheduler_job.py:190} INFO - Processing /home/airflow/.local/lib/python3.6/site-packages/airflow/example_dags/example_short_circuit_operator.py took 0.257 seconds
[2022-05-24 12:09:02,188] {scheduler_job.py:182} INFO - Started process (PID=1340) to work on /home/airflow/.local/lib/python3.6/site-packages/airflow/example_dags/example_short_circuit_operator.py
[2022-05-24 12:09:02,193] {scheduler_job.py:633} INFO - Processing file /home/airflow/.local/lib/python3.6/site-packages/airflow/example_dags/example_short_circuit_operator.py for tasks to queue
[2022-05-24 12:09:02,197] {logging_mixin.py:104} INFO - [2022-05-24 12:09:02,197] {dagbag.py:487} INFO - Filling up the DagBag from /home/airflow/.local/lib/python3.6/site-packages/airflow/example_dags/example_short_circuit_operator.py
[2022-05-24 12:09:02,385] {scheduler_job.py:643} INFO - DAG(s) dict_keys(['example_short_circuit_operator']) retrieved from /home/airflow/.local/lib/python3.6/site-packages/airflow/example_dags/example_short_circuit_operator.py
[2022-05-24 12:09:02,450] {logging_mixin.py:104} INFO - [2022-05-24 12:09:02,449] {dag.py:1832} INFO - Sync 1 DAGs
[2022-05-24 12:09:02,496] {logging_mixin.py:104} INFO - [2022-05-24 12:09:02,496] {dag.py:2305} INFO - Setting next_dagrun for example_short_circuit_operator to 2022-05-22 00:00:00+00:00
[2022-05-24 12:09:02,526] {scheduler_job.py:190} INFO - Processing /home/airflow/.local/lib/python3.6/site-packages/airflow/example_dags/example_short_circuit_operator.py took 0.346 seconds
[2022-05-24 12:09:32,619] {scheduler_job.py:182} INFO - Started process (PID=1428) to work on /home/airflow/.local/lib/python3.6/site-packages/airflow/example_dags/example_short_circuit_operator.py
[2022-05-24 12:09:32,623] {scheduler_job.py:633} INFO - Processing file /home/airflow/.local/lib/python3.6/site-packages/airflow/example_dags/example_short_circuit_operator.py for tasks to queue
[2022-05-24 12:09:32,626] {logging_mixin.py:104} INFO - [2022-05-24 12:09:32,626] {dagbag.py:487} INFO - Filling up the DagBag from /home/airflow/.local/lib/python3.6/site-packages/airflow/example_dags/example_short_circuit_operator.py
[2022-05-24 12:09:32,773] {scheduler_job.py:643} INFO - DAG(s) dict_keys(['example_short_circuit_operator']) retrieved from /home/airflow/.local/lib/python3.6/site-packages/airflow/example_dags/example_short_circuit_operator.py
[2022-05-24 12:09:32,819] {logging_mixin.py:104} INFO - [2022-05-24 12:09:32,819] {dag.py:1832} INFO - Sync 1 DAGs
[2022-05-24 12:09:32,850] {logging_mixin.py:104} INFO - [2022-05-24 12:09:32,849] {dag.py:2305} INFO - Setting next_dagrun for example_short_circuit_operator to 2022-05-22 00:00:00+00:00
[2022-05-24 12:09:32,871] {scheduler_job.py:190} INFO - Processing /home/airflow/.local/lib/python3.6/site-packages/airflow/example_dags/example_short_circuit_operator.py took 0.258 seconds
[2022-05-24 12:10:03,717] {scheduler_job.py:182} INFO - Started process (PID=1537) to work on /home/airflow/.local/lib/python3.6/site-packages/airflow/example_dags/example_short_circuit_operator.py
[2022-05-24 12:10:03,723] {scheduler_job.py:633} INFO - Processing file /home/airflow/.local/lib/python3.6/site-packages/airflow/example_dags/example_short_circuit_operator.py for tasks to queue
[2022-05-24 12:10:03,729] {logging_mixin.py:104} INFO - [2022-05-24 12:10:03,727] {dagbag.py:487} INFO - Filling up the DagBag from /home/airflow/.local/lib/python3.6/site-packages/airflow/example_dags/example_short_circuit_operator.py
[2022-05-24 12:10:04,059] {scheduler_job.py:643} INFO - DAG(s) dict_keys(['example_short_circuit_operator']) retrieved from /home/airflow/.local/lib/python3.6/site-packages/airflow/example_dags/example_short_circuit_operator.py
[2022-05-24 12:10:04,213] {logging_mixin.py:104} INFO - [2022-05-24 12:10:04,212] {dag.py:1832} INFO - Sync 1 DAGs
[2022-05-24 12:10:04,296] {logging_mixin.py:104} INFO - [2022-05-24 12:10:04,295] {dag.py:2305} INFO - Setting next_dagrun for example_short_circuit_operator to 2022-05-22 00:00:00+00:00
[2022-05-24 12:10:04,330] {scheduler_job.py:190} INFO - Processing /home/airflow/.local/lib/python3.6/site-packages/airflow/example_dags/example_short_circuit_operator.py took 0.634 seconds
[2022-05-24 12:10:34,725] {scheduler_job.py:182} INFO - Started process (PID=1640) to work on /home/airflow/.local/lib/python3.6/site-packages/airflow/example_dags/example_short_circuit_operator.py
[2022-05-24 12:10:34,730] {scheduler_job.py:633} INFO - Processing file /home/airflow/.local/lib/python3.6/site-packages/airflow/example_dags/example_short_circuit_operator.py for tasks to queue
[2022-05-24 12:10:34,733] {logging_mixin.py:104} INFO - [2022-05-24 12:10:34,732] {dagbag.py:487} INFO - Filling up the DagBag from /home/airflow/.local/lib/python3.6/site-packages/airflow/example_dags/example_short_circuit_operator.py
[2022-05-24 12:10:34,906] {scheduler_job.py:643} INFO - DAG(s) dict_keys(['example_short_circuit_operator']) retrieved from /home/airflow/.local/lib/python3.6/site-packages/airflow/example_dags/example_short_circuit_operator.py
[2022-05-24 12:10:34,967] {logging_mixin.py:104} INFO - [2022-05-24 12:10:34,967] {dag.py:1832} INFO - Sync 1 DAGs
[2022-05-24 12:10:35,006] {logging_mixin.py:104} INFO - [2022-05-24 12:10:35,006] {dag.py:2305} INFO - Setting next_dagrun for example_short_circuit_operator to 2022-05-22 00:00:00+00:00
[2022-05-24 12:10:35,036] {scheduler_job.py:190} INFO - Processing /home/airflow/.local/lib/python3.6/site-packages/airflow/example_dags/example_short_circuit_operator.py took 0.319 seconds
[2022-05-24 12:11:05,626] {scheduler_job.py:182} INFO - Started process (PID=1742) to work on /home/airflow/.local/lib/python3.6/site-packages/airflow/example_dags/example_short_circuit_operator.py
[2022-05-24 12:11:05,629] {scheduler_job.py:633} INFO - Processing file /home/airflow/.local/lib/python3.6/site-packages/airflow/example_dags/example_short_circuit_operator.py for tasks to queue
[2022-05-24 12:11:05,633] {logging_mixin.py:104} INFO - [2022-05-24 12:11:05,632] {dagbag.py:487} INFO - Filling up the DagBag from /home/airflow/.local/lib/python3.6/site-packages/airflow/example_dags/example_short_circuit_operator.py
[2022-05-24 12:11:05,787] {scheduler_job.py:643} INFO - DAG(s) dict_keys(['example_short_circuit_operator']) retrieved from /home/airflow/.local/lib/python3.6/site-packages/airflow/example_dags/example_short_circuit_operator.py
[2022-05-24 12:11:05,838] {logging_mixin.py:104} INFO - [2022-05-24 12:11:05,837] {dag.py:1832} INFO - Sync 1 DAGs
[2022-05-24 12:11:05,873] {logging_mixin.py:104} INFO - [2022-05-24 12:11:05,872] {dag.py:2305} INFO - Setting next_dagrun for example_short_circuit_operator to 2022-05-22 00:00:00+00:00
[2022-05-24 12:11:05,899] {scheduler_job.py:190} INFO - Processing /home/airflow/.local/lib/python3.6/site-packages/airflow/example_dags/example_short_circuit_operator.py took 0.281 seconds
[2022-05-24 12:11:36,126] {scheduler_job.py:182} INFO - Started process (PID=1847) to work on /home/airflow/.local/lib/python3.6/site-packages/airflow/example_dags/example_short_circuit_operator.py
[2022-05-24 12:11:36,257] {scheduler_job.py:633} INFO - Processing file /home/airflow/.local/lib/python3.6/site-packages/airflow/example_dags/example_short_circuit_operator.py for tasks to queue
[2022-05-24 12:11:36,261] {logging_mixin.py:104} INFO - [2022-05-24 12:11:36,261] {dagbag.py:487} INFO - Filling up the DagBag from /home/airflow/.local/lib/python3.6/site-packages/airflow/example_dags/example_short_circuit_operator.py
[2022-05-24 12:11:36,309] {scheduler_job.py:643} INFO - DAG(s) dict_keys(['example_short_circuit_operator']) retrieved from /home/airflow/.local/lib/python3.6/site-packages/airflow/example_dags/example_short_circuit_operator.py
[2022-05-24 12:11:36,366] {logging_mixin.py:104} INFO - [2022-05-24 12:11:36,365] {dag.py:1832} INFO - Sync 1 DAGs
[2022-05-24 12:11:36,404] {logging_mixin.py:104} INFO - [2022-05-24 12:11:36,404] {dag.py:2305} INFO - Setting next_dagrun for example_short_circuit_operator to 2022-05-22 00:00:00+00:00
[2022-05-24 12:11:36,436] {scheduler_job.py:190} INFO - Processing /home/airflow/.local/lib/python3.6/site-packages/airflow/example_dags/example_short_circuit_operator.py took 0.318 seconds
[2022-05-24 12:12:07,141] {scheduler_job.py:182} INFO - Started process (PID=1944) to work on /home/airflow/.local/lib/python3.6/site-packages/airflow/example_dags/example_short_circuit_operator.py
[2022-05-24 12:12:07,146] {scheduler_job.py:633} INFO - Processing file /home/airflow/.local/lib/python3.6/site-packages/airflow/example_dags/example_short_circuit_operator.py for tasks to queue
[2022-05-24 12:12:07,150] {logging_mixin.py:104} INFO - [2022-05-24 12:12:07,149] {dagbag.py:487} INFO - Filling up the DagBag from /home/airflow/.local/lib/python3.6/site-packages/airflow/example_dags/example_short_circuit_operator.py
[2022-05-24 12:12:07,200] {scheduler_job.py:643} INFO - DAG(s) dict_keys(['example_short_circuit_operator']) retrieved from /home/airflow/.local/lib/python3.6/site-packages/airflow/example_dags/example_short_circuit_operator.py
[2022-05-24 12:12:07,264] {logging_mixin.py:104} INFO - [2022-05-24 12:12:07,264] {dag.py:1832} INFO - Sync 1 DAGs
[2022-05-24 12:12:07,306] {logging_mixin.py:104} INFO - [2022-05-24 12:12:07,305] {dag.py:2305} INFO - Setting next_dagrun for example_short_circuit_operator to 2022-05-22 00:00:00+00:00
[2022-05-24 12:12:07,338] {scheduler_job.py:190} INFO - Processing /home/airflow/.local/lib/python3.6/site-packages/airflow/example_dags/example_short_circuit_operator.py took 0.206 seconds
[2022-05-24 12:12:37,802] {scheduler_job.py:182} INFO - Started process (PID=2048) to work on /home/airflow/.local/lib/python3.6/site-packages/airflow/example_dags/example_short_circuit_operator.py
[2022-05-24 12:12:37,808] {scheduler_job.py:633} INFO - Processing file /home/airflow/.local/lib/python3.6/site-packages/airflow/example_dags/example_short_circuit_operator.py for tasks to queue
[2022-05-24 12:12:37,811] {logging_mixin.py:104} INFO - [2022-05-24 12:12:37,811] {dagbag.py:487} INFO - Filling up the DagBag from /home/airflow/.local/lib/python3.6/site-packages/airflow/example_dags/example_short_circuit_operator.py
[2022-05-24 12:12:37,863] {scheduler_job.py:643} INFO - DAG(s) dict_keys(['example_short_circuit_operator']) retrieved from /home/airflow/.local/lib/python3.6/site-packages/airflow/example_dags/example_short_circuit_operator.py
[2022-05-24 12:12:37,925] {logging_mixin.py:104} INFO - [2022-05-24 12:12:37,925] {dag.py:1832} INFO - Sync 1 DAGs
[2022-05-24 12:12:37,968] {logging_mixin.py:104} INFO - [2022-05-24 12:12:37,967] {dag.py:2305} INFO - Setting next_dagrun for example_short_circuit_operator to 2022-05-22 00:00:00+00:00
[2022-05-24 12:12:38,001] {scheduler_job.py:190} INFO - Processing /home/airflow/.local/lib/python3.6/site-packages/airflow/example_dags/example_short_circuit_operator.py took 0.209 seconds
