[2022-05-24 12:05:38,065] {scheduler_job.py:182} INFO - Started process (PID=692) to work on /home/airflow/.local/lib/python3.6/site-packages/airflow/example_dags/example_python_operator.py
[2022-05-24 12:05:38,070] {scheduler_job.py:633} INFO - Processing file /home/airflow/.local/lib/python3.6/site-packages/airflow/example_dags/example_python_operator.py for tasks to queue
[2022-05-24 12:05:38,074] {logging_mixin.py:104} INFO - [2022-05-24 12:05:38,074] {dagbag.py:487} INFO - Filling up the DagBag from /home/airflow/.local/lib/python3.6/site-packages/airflow/example_dags/example_python_operator.py
[2022-05-24 12:05:38,176] {scheduler_job.py:643} INFO - DAG(s) dict_keys(['example_python_operator']) retrieved from /home/airflow/.local/lib/python3.6/site-packages/airflow/example_dags/example_python_operator.py
[2022-05-24 12:05:51,147] {logging_mixin.py:104} INFO - [2022-05-24 12:05:51,140] {dag.py:1832} INFO - Sync 1 DAGs
[2022-05-24 12:05:51,202] {logging_mixin.py:104} INFO - [2022-05-24 12:05:51,195] {dag.py:1851} INFO - Creating ORM DAG for example_python_operator
[2022-05-24 12:05:51,220] {logging_mixin.py:104} INFO - [2022-05-24 12:05:51,219] {dag.py:2305} INFO - Setting next_dagrun for example_python_operator to None
[2022-05-24 12:05:51,258] {scheduler_job.py:190} INFO - Processing /home/airflow/.local/lib/python3.6/site-packages/airflow/example_dags/example_python_operator.py took 13.215 seconds
[2022-05-24 12:06:21,784] {scheduler_job.py:182} INFO - Started process (PID=810) to work on /home/airflow/.local/lib/python3.6/site-packages/airflow/example_dags/example_python_operator.py
[2022-05-24 12:06:21,788] {scheduler_job.py:633} INFO - Processing file /home/airflow/.local/lib/python3.6/site-packages/airflow/example_dags/example_python_operator.py for tasks to queue
[2022-05-24 12:06:21,793] {logging_mixin.py:104} INFO - [2022-05-24 12:06:21,792] {dagbag.py:487} INFO - Filling up the DagBag from /home/airflow/.local/lib/python3.6/site-packages/airflow/example_dags/example_python_operator.py
[2022-05-24 12:06:21,849] {scheduler_job.py:643} INFO - DAG(s) dict_keys(['example_python_operator']) retrieved from /home/airflow/.local/lib/python3.6/site-packages/airflow/example_dags/example_python_operator.py
[2022-05-24 12:06:22,043] {logging_mixin.py:104} INFO - [2022-05-24 12:06:22,043] {dag.py:1832} INFO - Sync 1 DAGs
[2022-05-24 12:06:22,083] {logging_mixin.py:104} INFO - [2022-05-24 12:06:22,082] {dag.py:2305} INFO - Setting next_dagrun for example_python_operator to None
[2022-05-24 12:06:22,111] {scheduler_job.py:190} INFO - Processing /home/airflow/.local/lib/python3.6/site-packages/airflow/example_dags/example_python_operator.py took 0.335 seconds
[2022-05-24 12:06:52,177] {scheduler_job.py:182} INFO - Started process (PID=905) to work on /home/airflow/.local/lib/python3.6/site-packages/airflow/example_dags/example_python_operator.py
[2022-05-24 12:06:52,181] {scheduler_job.py:633} INFO - Processing file /home/airflow/.local/lib/python3.6/site-packages/airflow/example_dags/example_python_operator.py for tasks to queue
[2022-05-24 12:06:52,184] {logging_mixin.py:104} INFO - [2022-05-24 12:06:52,184] {dagbag.py:487} INFO - Filling up the DagBag from /home/airflow/.local/lib/python3.6/site-packages/airflow/example_dags/example_python_operator.py
[2022-05-24 12:06:52,232] {scheduler_job.py:643} INFO - DAG(s) dict_keys(['example_python_operator']) retrieved from /home/airflow/.local/lib/python3.6/site-packages/airflow/example_dags/example_python_operator.py
[2022-05-24 12:06:52,383] {logging_mixin.py:104} INFO - [2022-05-24 12:06:52,382] {dag.py:1832} INFO - Sync 1 DAGs
[2022-05-24 12:06:52,412] {logging_mixin.py:104} INFO - [2022-05-24 12:06:52,412] {dag.py:2305} INFO - Setting next_dagrun for example_python_operator to None
[2022-05-24 12:06:52,433] {scheduler_job.py:190} INFO - Processing /home/airflow/.local/lib/python3.6/site-packages/airflow/example_dags/example_python_operator.py took 0.263 seconds
[2022-05-24 12:07:22,957] {scheduler_job.py:182} INFO - Started process (PID=1014) to work on /home/airflow/.local/lib/python3.6/site-packages/airflow/example_dags/example_python_operator.py
[2022-05-24 12:07:22,965] {scheduler_job.py:633} INFO - Processing file /home/airflow/.local/lib/python3.6/site-packages/airflow/example_dags/example_python_operator.py for tasks to queue
[2022-05-24 12:07:22,970] {logging_mixin.py:104} INFO - [2022-05-24 12:07:22,969] {dagbag.py:487} INFO - Filling up the DagBag from /home/airflow/.local/lib/python3.6/site-packages/airflow/example_dags/example_python_operator.py
[2022-05-24 12:07:23,043] {scheduler_job.py:643} INFO - DAG(s) dict_keys(['example_python_operator']) retrieved from /home/airflow/.local/lib/python3.6/site-packages/airflow/example_dags/example_python_operator.py
[2022-05-24 12:07:23,317] {logging_mixin.py:104} INFO - [2022-05-24 12:07:23,317] {dag.py:1832} INFO - Sync 1 DAGs
[2022-05-24 12:07:23,374] {logging_mixin.py:104} INFO - [2022-05-24 12:07:23,373] {dag.py:2305} INFO - Setting next_dagrun for example_python_operator to None
[2022-05-24 12:07:23,415] {scheduler_job.py:190} INFO - Processing /home/airflow/.local/lib/python3.6/site-packages/airflow/example_dags/example_python_operator.py took 0.469 seconds
[2022-05-24 12:07:53,644] {scheduler_job.py:182} INFO - Started process (PID=1112) to work on /home/airflow/.local/lib/python3.6/site-packages/airflow/example_dags/example_python_operator.py
[2022-05-24 12:07:53,650] {scheduler_job.py:633} INFO - Processing file /home/airflow/.local/lib/python3.6/site-packages/airflow/example_dags/example_python_operator.py for tasks to queue
[2022-05-24 12:07:53,653] {logging_mixin.py:104} INFO - [2022-05-24 12:07:53,653] {dagbag.py:487} INFO - Filling up the DagBag from /home/airflow/.local/lib/python3.6/site-packages/airflow/example_dags/example_python_operator.py
[2022-05-24 12:07:53,834] {scheduler_job.py:643} INFO - DAG(s) dict_keys(['example_python_operator']) retrieved from /home/airflow/.local/lib/python3.6/site-packages/airflow/example_dags/example_python_operator.py
[2022-05-24 12:07:53,913] {logging_mixin.py:104} INFO - [2022-05-24 12:07:53,912] {dag.py:1832} INFO - Sync 1 DAGs
[2022-05-24 12:07:53,958] {logging_mixin.py:104} INFO - [2022-05-24 12:07:53,957] {dag.py:2305} INFO - Setting next_dagrun for example_python_operator to None
[2022-05-24 12:07:53,987] {scheduler_job.py:190} INFO - Processing /home/airflow/.local/lib/python3.6/site-packages/airflow/example_dags/example_python_operator.py took 0.351 seconds
[2022-05-24 12:08:24,447] {scheduler_job.py:182} INFO - Started process (PID=1212) to work on /home/airflow/.local/lib/python3.6/site-packages/airflow/example_dags/example_python_operator.py
[2022-05-24 12:08:24,461] {scheduler_job.py:633} INFO - Processing file /home/airflow/.local/lib/python3.6/site-packages/airflow/example_dags/example_python_operator.py for tasks to queue
[2022-05-24 12:08:24,470] {logging_mixin.py:104} INFO - [2022-05-24 12:08:24,469] {dagbag.py:487} INFO - Filling up the DagBag from /home/airflow/.local/lib/python3.6/site-packages/airflow/example_dags/example_python_operator.py
[2022-05-24 12:08:24,708] {scheduler_job.py:643} INFO - DAG(s) dict_keys(['example_python_operator']) retrieved from /home/airflow/.local/lib/python3.6/site-packages/airflow/example_dags/example_python_operator.py
[2022-05-24 12:08:24,800] {logging_mixin.py:104} INFO - [2022-05-24 12:08:24,800] {dag.py:1832} INFO - Sync 1 DAGs
[2022-05-24 12:08:24,861] {logging_mixin.py:104} INFO - [2022-05-24 12:08:24,860] {dag.py:2305} INFO - Setting next_dagrun for example_python_operator to None
[2022-05-24 12:08:24,900] {scheduler_job.py:190} INFO - Processing /home/airflow/.local/lib/python3.6/site-packages/airflow/example_dags/example_python_operator.py took 0.467 seconds
[2022-05-24 12:08:55,283] {scheduler_job.py:182} INFO - Started process (PID=1317) to work on /home/airflow/.local/lib/python3.6/site-packages/airflow/example_dags/example_python_operator.py
[2022-05-24 12:08:55,288] {scheduler_job.py:633} INFO - Processing file /home/airflow/.local/lib/python3.6/site-packages/airflow/example_dags/example_python_operator.py for tasks to queue
[2022-05-24 12:08:55,294] {logging_mixin.py:104} INFO - [2022-05-24 12:08:55,293] {dagbag.py:487} INFO - Filling up the DagBag from /home/airflow/.local/lib/python3.6/site-packages/airflow/example_dags/example_python_operator.py
[2022-05-24 12:08:55,621] {scheduler_job.py:643} INFO - DAG(s) dict_keys(['example_python_operator']) retrieved from /home/airflow/.local/lib/python3.6/site-packages/airflow/example_dags/example_python_operator.py
[2022-05-24 12:08:55,687] {logging_mixin.py:104} INFO - [2022-05-24 12:08:55,687] {dag.py:1832} INFO - Sync 1 DAGs
[2022-05-24 12:08:55,730] {logging_mixin.py:104} INFO - [2022-05-24 12:08:55,729] {dag.py:2305} INFO - Setting next_dagrun for example_python_operator to None
[2022-05-24 12:08:55,763] {scheduler_job.py:190} INFO - Processing /home/airflow/.local/lib/python3.6/site-packages/airflow/example_dags/example_python_operator.py took 0.488 seconds
[2022-05-24 12:09:26,464] {scheduler_job.py:182} INFO - Started process (PID=1410) to work on /home/airflow/.local/lib/python3.6/site-packages/airflow/example_dags/example_python_operator.py
[2022-05-24 12:09:26,483] {scheduler_job.py:633} INFO - Processing file /home/airflow/.local/lib/python3.6/site-packages/airflow/example_dags/example_python_operator.py for tasks to queue
[2022-05-24 12:09:26,487] {logging_mixin.py:104} INFO - [2022-05-24 12:09:26,487] {dagbag.py:487} INFO - Filling up the DagBag from /home/airflow/.local/lib/python3.6/site-packages/airflow/example_dags/example_python_operator.py
[2022-05-24 12:09:26,693] {scheduler_job.py:643} INFO - DAG(s) dict_keys(['example_python_operator']) retrieved from /home/airflow/.local/lib/python3.6/site-packages/airflow/example_dags/example_python_operator.py
[2022-05-24 12:09:26,758] {logging_mixin.py:104} INFO - [2022-05-24 12:09:26,758] {dag.py:1832} INFO - Sync 1 DAGs
[2022-05-24 12:09:26,867] {logging_mixin.py:104} INFO - [2022-05-24 12:09:26,865] {dag.py:2305} INFO - Setting next_dagrun for example_python_operator to None
[2022-05-24 12:09:26,899] {scheduler_job.py:190} INFO - Processing /home/airflow/.local/lib/python3.6/site-packages/airflow/example_dags/example_python_operator.py took 0.443 seconds
[2022-05-24 12:09:57,312] {scheduler_job.py:182} INFO - Started process (PID=1518) to work on /home/airflow/.local/lib/python3.6/site-packages/airflow/example_dags/example_python_operator.py
[2022-05-24 12:09:57,318] {scheduler_job.py:633} INFO - Processing file /home/airflow/.local/lib/python3.6/site-packages/airflow/example_dags/example_python_operator.py for tasks to queue
[2022-05-24 12:09:57,330] {logging_mixin.py:104} INFO - [2022-05-24 12:09:57,329] {dagbag.py:487} INFO - Filling up the DagBag from /home/airflow/.local/lib/python3.6/site-packages/airflow/example_dags/example_python_operator.py
[2022-05-24 12:09:57,565] {scheduler_job.py:643} INFO - DAG(s) dict_keys(['example_python_operator']) retrieved from /home/airflow/.local/lib/python3.6/site-packages/airflow/example_dags/example_python_operator.py
[2022-05-24 12:09:57,635] {logging_mixin.py:104} INFO - [2022-05-24 12:09:57,634] {dag.py:1832} INFO - Sync 1 DAGs
[2022-05-24 12:09:57,679] {logging_mixin.py:104} INFO - [2022-05-24 12:09:57,679] {dag.py:2305} INFO - Setting next_dagrun for example_python_operator to None
[2022-05-24 12:09:57,711] {scheduler_job.py:190} INFO - Processing /home/airflow/.local/lib/python3.6/site-packages/airflow/example_dags/example_python_operator.py took 0.429 seconds
[2022-05-24 12:10:28,000] {scheduler_job.py:182} INFO - Started process (PID=1610) to work on /home/airflow/.local/lib/python3.6/site-packages/airflow/example_dags/example_python_operator.py
[2022-05-24 12:10:28,007] {scheduler_job.py:633} INFO - Processing file /home/airflow/.local/lib/python3.6/site-packages/airflow/example_dags/example_python_operator.py for tasks to queue
[2022-05-24 12:10:28,013] {logging_mixin.py:104} INFO - [2022-05-24 12:10:28,012] {dagbag.py:487} INFO - Filling up the DagBag from /home/airflow/.local/lib/python3.6/site-packages/airflow/example_dags/example_python_operator.py
[2022-05-24 12:10:28,182] {scheduler_job.py:643} INFO - DAG(s) dict_keys(['example_python_operator']) retrieved from /home/airflow/.local/lib/python3.6/site-packages/airflow/example_dags/example_python_operator.py
[2022-05-24 12:10:28,245] {logging_mixin.py:104} INFO - [2022-05-24 12:10:28,244] {dag.py:1832} INFO - Sync 1 DAGs
[2022-05-24 12:10:28,279] {logging_mixin.py:104} INFO - [2022-05-24 12:10:28,278] {dag.py:2305} INFO - Setting next_dagrun for example_python_operator to None
[2022-05-24 12:10:28,301] {scheduler_job.py:190} INFO - Processing /home/airflow/.local/lib/python3.6/site-packages/airflow/example_dags/example_python_operator.py took 0.308 seconds
[2022-05-24 12:10:58,830] {scheduler_job.py:182} INFO - Started process (PID=1721) to work on /home/airflow/.local/lib/python3.6/site-packages/airflow/example_dags/example_python_operator.py
[2022-05-24 12:10:58,835] {scheduler_job.py:633} INFO - Processing file /home/airflow/.local/lib/python3.6/site-packages/airflow/example_dags/example_python_operator.py for tasks to queue
[2022-05-24 12:10:58,838] {logging_mixin.py:104} INFO - [2022-05-24 12:10:58,838] {dagbag.py:487} INFO - Filling up the DagBag from /home/airflow/.local/lib/python3.6/site-packages/airflow/example_dags/example_python_operator.py
[2022-05-24 12:10:59,025] {scheduler_job.py:643} INFO - DAG(s) dict_keys(['example_python_operator']) retrieved from /home/airflow/.local/lib/python3.6/site-packages/airflow/example_dags/example_python_operator.py
[2022-05-24 12:10:59,093] {logging_mixin.py:104} INFO - [2022-05-24 12:10:59,092] {dag.py:1832} INFO - Sync 1 DAGs
[2022-05-24 12:10:59,132] {logging_mixin.py:104} INFO - [2022-05-24 12:10:59,132] {dag.py:2305} INFO - Setting next_dagrun for example_python_operator to None
[2022-05-24 12:10:59,160] {scheduler_job.py:190} INFO - Processing /home/airflow/.local/lib/python3.6/site-packages/airflow/example_dags/example_python_operator.py took 0.338 seconds
[2022-05-24 12:11:29,369] {scheduler_job.py:182} INFO - Started process (PID=1812) to work on /home/airflow/.local/lib/python3.6/site-packages/airflow/example_dags/example_python_operator.py
[2022-05-24 12:11:29,481] {scheduler_job.py:633} INFO - Processing file /home/airflow/.local/lib/python3.6/site-packages/airflow/example_dags/example_python_operator.py for tasks to queue
[2022-05-24 12:11:29,484] {logging_mixin.py:104} INFO - [2022-05-24 12:11:29,483] {dagbag.py:487} INFO - Filling up the DagBag from /home/airflow/.local/lib/python3.6/site-packages/airflow/example_dags/example_python_operator.py
[2022-05-24 12:11:29,525] {scheduler_job.py:643} INFO - DAG(s) dict_keys(['example_python_operator']) retrieved from /home/airflow/.local/lib/python3.6/site-packages/airflow/example_dags/example_python_operator.py
[2022-05-24 12:11:29,574] {logging_mixin.py:104} INFO - [2022-05-24 12:11:29,573] {dag.py:1832} INFO - Sync 1 DAGs
[2022-05-24 12:11:29,602] {logging_mixin.py:104} INFO - [2022-05-24 12:11:29,602] {dag.py:2305} INFO - Setting next_dagrun for example_python_operator to None
[2022-05-24 12:11:29,623] {scheduler_job.py:190} INFO - Processing /home/airflow/.local/lib/python3.6/site-packages/airflow/example_dags/example_python_operator.py took 0.262 seconds
[2022-05-24 12:12:00,168] {scheduler_job.py:182} INFO - Started process (PID=1923) to work on /home/airflow/.local/lib/python3.6/site-packages/airflow/example_dags/example_python_operator.py
[2022-05-24 12:12:00,172] {scheduler_job.py:633} INFO - Processing file /home/airflow/.local/lib/python3.6/site-packages/airflow/example_dags/example_python_operator.py for tasks to queue
[2022-05-24 12:12:00,176] {logging_mixin.py:104} INFO - [2022-05-24 12:12:00,176] {dagbag.py:487} INFO - Filling up the DagBag from /home/airflow/.local/lib/python3.6/site-packages/airflow/example_dags/example_python_operator.py
[2022-05-24 12:12:00,228] {scheduler_job.py:643} INFO - DAG(s) dict_keys(['example_python_operator']) retrieved from /home/airflow/.local/lib/python3.6/site-packages/airflow/example_dags/example_python_operator.py
[2022-05-24 12:12:00,338] {logging_mixin.py:104} INFO - [2022-05-24 12:12:00,337] {dag.py:1832} INFO - Sync 1 DAGs
[2022-05-24 12:12:00,376] {logging_mixin.py:104} INFO - [2022-05-24 12:12:00,375] {dag.py:2305} INFO - Setting next_dagrun for example_python_operator to None
[2022-05-24 12:12:00,404] {scheduler_job.py:190} INFO - Processing /home/airflow/.local/lib/python3.6/site-packages/airflow/example_dags/example_python_operator.py took 0.244 seconds
[2022-05-24 12:12:30,729] {scheduler_job.py:182} INFO - Started process (PID=2015) to work on /home/airflow/.local/lib/python3.6/site-packages/airflow/example_dags/example_python_operator.py
[2022-05-24 12:12:30,734] {scheduler_job.py:633} INFO - Processing file /home/airflow/.local/lib/python3.6/site-packages/airflow/example_dags/example_python_operator.py for tasks to queue
[2022-05-24 12:12:30,738] {logging_mixin.py:104} INFO - [2022-05-24 12:12:30,737] {dagbag.py:487} INFO - Filling up the DagBag from /home/airflow/.local/lib/python3.6/site-packages/airflow/example_dags/example_python_operator.py
[2022-05-24 12:12:30,789] {scheduler_job.py:643} INFO - DAG(s) dict_keys(['example_python_operator']) retrieved from /home/airflow/.local/lib/python3.6/site-packages/airflow/example_dags/example_python_operator.py
[2022-05-24 12:12:30,855] {logging_mixin.py:104} INFO - [2022-05-24 12:12:30,855] {dag.py:1832} INFO - Sync 1 DAGs
[2022-05-24 12:12:30,896] {logging_mixin.py:104} INFO - [2022-05-24 12:12:30,896] {dag.py:2305} INFO - Setting next_dagrun for example_python_operator to None
[2022-05-24 12:12:30,928] {scheduler_job.py:190} INFO - Processing /home/airflow/.local/lib/python3.6/site-packages/airflow/example_dags/example_python_operator.py took 0.212 seconds
