[2022-05-24 12:04:19,976] {scheduler_job.py:182} INFO - Started process (PID=566) to work on /home/airflow/.local/lib/python3.6/site-packages/airflow/example_dags/example_task_group_decorator.py
[2022-05-24 12:04:19,981] {scheduler_job.py:633} INFO - Processing file /home/airflow/.local/lib/python3.6/site-packages/airflow/example_dags/example_task_group_decorator.py for tasks to queue
[2022-05-24 12:04:19,984] {logging_mixin.py:104} INFO - [2022-05-24 12:04:19,984] {dagbag.py:487} INFO - Filling up the DagBag from /home/airflow/.local/lib/python3.6/site-packages/airflow/example_dags/example_task_group_decorator.py
[2022-05-24 12:04:20,307] {scheduler_job.py:643} INFO - DAG(s) dict_keys(['example_task_group_decorator']) retrieved from /home/airflow/.local/lib/python3.6/site-packages/airflow/example_dags/example_task_group_decorator.py
[2022-05-24 12:04:31,980] {logging_mixin.py:104} INFO - [2022-05-24 12:04:31,974] {dag.py:1832} INFO - Sync 1 DAGs
[2022-05-24 12:04:32,023] {logging_mixin.py:104} INFO - [2022-05-24 12:04:32,018] {dag.py:1851} INFO - Creating ORM DAG for example_task_group_decorator
[2022-05-24 12:04:32,039] {logging_mixin.py:104} INFO - [2022-05-24 12:04:32,039] {dag.py:2305} INFO - Setting next_dagrun for example_task_group_decorator to 2022-05-22 00:00:00+00:00
[2022-05-24 12:04:32,072] {scheduler_job.py:190} INFO - Processing /home/airflow/.local/lib/python3.6/site-packages/airflow/example_dags/example_task_group_decorator.py took 12.104 seconds
[2022-05-24 12:06:00,517] {scheduler_job.py:182} INFO - Started process (PID=759) to work on /home/airflow/.local/lib/python3.6/site-packages/airflow/example_dags/example_task_group_decorator.py
[2022-05-24 12:06:00,522] {scheduler_job.py:633} INFO - Processing file /home/airflow/.local/lib/python3.6/site-packages/airflow/example_dags/example_task_group_decorator.py for tasks to queue
[2022-05-24 12:06:00,526] {logging_mixin.py:104} INFO - [2022-05-24 12:06:00,525] {dagbag.py:487} INFO - Filling up the DagBag from /home/airflow/.local/lib/python3.6/site-packages/airflow/example_dags/example_task_group_decorator.py
[2022-05-24 12:06:00,799] {scheduler_job.py:643} INFO - DAG(s) dict_keys(['example_task_group_decorator']) retrieved from /home/airflow/.local/lib/python3.6/site-packages/airflow/example_dags/example_task_group_decorator.py
[2022-05-24 12:06:02,096] {logging_mixin.py:104} INFO - [2022-05-24 12:06:02,095] {dag.py:1832} INFO - Sync 1 DAGs
[2022-05-24 12:06:02,139] {logging_mixin.py:104} INFO - [2022-05-24 12:06:02,139] {dag.py:2305} INFO - Setting next_dagrun for example_task_group_decorator to 2022-05-22 00:00:00+00:00
[2022-05-24 12:06:02,187] {scheduler_job.py:190} INFO - Processing /home/airflow/.local/lib/python3.6/site-packages/airflow/example_dags/example_task_group_decorator.py took 1.679 seconds
[2022-05-24 12:06:32,949] {scheduler_job.py:182} INFO - Started process (PID=847) to work on /home/airflow/.local/lib/python3.6/site-packages/airflow/example_dags/example_task_group_decorator.py
[2022-05-24 12:06:32,954] {scheduler_job.py:633} INFO - Processing file /home/airflow/.local/lib/python3.6/site-packages/airflow/example_dags/example_task_group_decorator.py for tasks to queue
[2022-05-24 12:06:32,957] {logging_mixin.py:104} INFO - [2022-05-24 12:06:32,956] {dagbag.py:487} INFO - Filling up the DagBag from /home/airflow/.local/lib/python3.6/site-packages/airflow/example_dags/example_task_group_decorator.py
[2022-05-24 12:06:33,159] {scheduler_job.py:643} INFO - DAG(s) dict_keys(['example_task_group_decorator']) retrieved from /home/airflow/.local/lib/python3.6/site-packages/airflow/example_dags/example_task_group_decorator.py
[2022-05-24 12:06:34,198] {logging_mixin.py:104} INFO - [2022-05-24 12:06:34,198] {dag.py:1832} INFO - Sync 1 DAGs
[2022-05-24 12:06:34,240] {logging_mixin.py:104} INFO - [2022-05-24 12:06:34,239] {dag.py:2305} INFO - Setting next_dagrun for example_task_group_decorator to 2022-05-22 00:00:00+00:00
[2022-05-24 12:06:34,280] {scheduler_job.py:190} INFO - Processing /home/airflow/.local/lib/python3.6/site-packages/airflow/example_dags/example_task_group_decorator.py took 1.340 seconds
[2022-05-24 12:07:04,665] {scheduler_job.py:182} INFO - Started process (PID=966) to work on /home/airflow/.local/lib/python3.6/site-packages/airflow/example_dags/example_task_group_decorator.py
[2022-05-24 12:07:04,671] {scheduler_job.py:633} INFO - Processing file /home/airflow/.local/lib/python3.6/site-packages/airflow/example_dags/example_task_group_decorator.py for tasks to queue
[2022-05-24 12:07:04,674] {logging_mixin.py:104} INFO - [2022-05-24 12:07:04,674] {dagbag.py:487} INFO - Filling up the DagBag from /home/airflow/.local/lib/python3.6/site-packages/airflow/example_dags/example_task_group_decorator.py
[2022-05-24 12:07:04,911] {scheduler_job.py:643} INFO - DAG(s) dict_keys(['example_task_group_decorator']) retrieved from /home/airflow/.local/lib/python3.6/site-packages/airflow/example_dags/example_task_group_decorator.py
[2022-05-24 12:07:05,941] {logging_mixin.py:104} INFO - [2022-05-24 12:07:05,940] {dag.py:1832} INFO - Sync 1 DAGs
[2022-05-24 12:07:05,977] {logging_mixin.py:104} INFO - [2022-05-24 12:07:05,976] {dag.py:2305} INFO - Setting next_dagrun for example_task_group_decorator to 2022-05-22 00:00:00+00:00
[2022-05-24 12:07:06,011] {scheduler_job.py:190} INFO - Processing /home/airflow/.local/lib/python3.6/site-packages/airflow/example_dags/example_task_group_decorator.py took 1.356 seconds
[2022-05-24 12:07:36,077] {scheduler_job.py:182} INFO - Started process (PID=1075) to work on /home/airflow/.local/lib/python3.6/site-packages/airflow/example_dags/example_task_group_decorator.py
[2022-05-24 12:07:36,081] {scheduler_job.py:633} INFO - Processing file /home/airflow/.local/lib/python3.6/site-packages/airflow/example_dags/example_task_group_decorator.py for tasks to queue
[2022-05-24 12:07:36,084] {logging_mixin.py:104} INFO - [2022-05-24 12:07:36,084] {dagbag.py:487} INFO - Filling up the DagBag from /home/airflow/.local/lib/python3.6/site-packages/airflow/example_dags/example_task_group_decorator.py
[2022-05-24 12:07:36,334] {scheduler_job.py:643} INFO - DAG(s) dict_keys(['example_task_group_decorator']) retrieved from /home/airflow/.local/lib/python3.6/site-packages/airflow/example_dags/example_task_group_decorator.py
[2022-05-24 12:07:37,393] {logging_mixin.py:104} INFO - [2022-05-24 12:07:37,392] {dag.py:1832} INFO - Sync 1 DAGs
[2022-05-24 12:07:37,431] {logging_mixin.py:104} INFO - [2022-05-24 12:07:37,430] {dag.py:2305} INFO - Setting next_dagrun for example_task_group_decorator to 2022-05-22 00:00:00+00:00
[2022-05-24 12:07:37,475] {scheduler_job.py:190} INFO - Processing /home/airflow/.local/lib/python3.6/site-packages/airflow/example_dags/example_task_group_decorator.py took 1.406 seconds
[2022-05-24 12:08:07,631] {scheduler_job.py:182} INFO - Started process (PID=1172) to work on /home/airflow/.local/lib/python3.6/site-packages/airflow/example_dags/example_task_group_decorator.py
[2022-05-24 12:08:07,638] {scheduler_job.py:633} INFO - Processing file /home/airflow/.local/lib/python3.6/site-packages/airflow/example_dags/example_task_group_decorator.py for tasks to queue
[2022-05-24 12:08:07,643] {logging_mixin.py:104} INFO - [2022-05-24 12:08:07,642] {dagbag.py:487} INFO - Filling up the DagBag from /home/airflow/.local/lib/python3.6/site-packages/airflow/example_dags/example_task_group_decorator.py
[2022-05-24 12:08:07,885] {scheduler_job.py:643} INFO - DAG(s) dict_keys(['example_task_group_decorator']) retrieved from /home/airflow/.local/lib/python3.6/site-packages/airflow/example_dags/example_task_group_decorator.py
[2022-05-24 12:08:09,169] {logging_mixin.py:104} INFO - [2022-05-24 12:08:09,168] {dag.py:1832} INFO - Sync 1 DAGs
[2022-05-24 12:08:09,220] {logging_mixin.py:104} INFO - [2022-05-24 12:08:09,219] {dag.py:2305} INFO - Setting next_dagrun for example_task_group_decorator to 2022-05-22 00:00:00+00:00
[2022-05-24 12:08:09,261] {scheduler_job.py:190} INFO - Processing /home/airflow/.local/lib/python3.6/site-packages/airflow/example_dags/example_task_group_decorator.py took 1.639 seconds
[2022-05-24 12:08:39,873] {scheduler_job.py:182} INFO - Started process (PID=1283) to work on /home/airflow/.local/lib/python3.6/site-packages/airflow/example_dags/example_task_group_decorator.py
[2022-05-24 12:08:39,884] {scheduler_job.py:633} INFO - Processing file /home/airflow/.local/lib/python3.6/site-packages/airflow/example_dags/example_task_group_decorator.py for tasks to queue
[2022-05-24 12:08:39,887] {logging_mixin.py:104} INFO - [2022-05-24 12:08:39,887] {dagbag.py:487} INFO - Filling up the DagBag from /home/airflow/.local/lib/python3.6/site-packages/airflow/example_dags/example_task_group_decorator.py
[2022-05-24 12:08:40,116] {scheduler_job.py:643} INFO - DAG(s) dict_keys(['example_task_group_decorator']) retrieved from /home/airflow/.local/lib/python3.6/site-packages/airflow/example_dags/example_task_group_decorator.py
[2022-05-24 12:08:41,175] {logging_mixin.py:104} INFO - [2022-05-24 12:08:41,174] {dag.py:1832} INFO - Sync 1 DAGs
[2022-05-24 12:08:41,215] {logging_mixin.py:104} INFO - [2022-05-24 12:08:41,214] {dag.py:2305} INFO - Setting next_dagrun for example_task_group_decorator to 2022-05-22 00:00:00+00:00
[2022-05-24 12:08:41,251] {scheduler_job.py:190} INFO - Processing /home/airflow/.local/lib/python3.6/site-packages/airflow/example_dags/example_task_group_decorator.py took 1.385 seconds
[2022-05-24 12:09:11,343] {scheduler_job.py:182} INFO - Started process (PID=1373) to work on /home/airflow/.local/lib/python3.6/site-packages/airflow/example_dags/example_task_group_decorator.py
[2022-05-24 12:09:11,347] {scheduler_job.py:633} INFO - Processing file /home/airflow/.local/lib/python3.6/site-packages/airflow/example_dags/example_task_group_decorator.py for tasks to queue
[2022-05-24 12:09:11,351] {logging_mixin.py:104} INFO - [2022-05-24 12:09:11,350] {dagbag.py:487} INFO - Filling up the DagBag from /home/airflow/.local/lib/python3.6/site-packages/airflow/example_dags/example_task_group_decorator.py
[2022-05-24 12:09:11,554] {scheduler_job.py:643} INFO - DAG(s) dict_keys(['example_task_group_decorator']) retrieved from /home/airflow/.local/lib/python3.6/site-packages/airflow/example_dags/example_task_group_decorator.py
[2022-05-24 12:09:12,475] {logging_mixin.py:104} INFO - [2022-05-24 12:09:12,474] {dag.py:1832} INFO - Sync 1 DAGs
[2022-05-24 12:09:12,529] {logging_mixin.py:104} INFO - [2022-05-24 12:09:12,528] {dag.py:2305} INFO - Setting next_dagrun for example_task_group_decorator to 2022-05-22 00:00:00+00:00
[2022-05-24 12:09:12,584] {scheduler_job.py:190} INFO - Processing /home/airflow/.local/lib/python3.6/site-packages/airflow/example_dags/example_task_group_decorator.py took 1.248 seconds
[2022-05-24 12:09:43,369] {scheduler_job.py:182} INFO - Started process (PID=1482) to work on /home/airflow/.local/lib/python3.6/site-packages/airflow/example_dags/example_task_group_decorator.py
[2022-05-24 12:09:43,378] {scheduler_job.py:633} INFO - Processing file /home/airflow/.local/lib/python3.6/site-packages/airflow/example_dags/example_task_group_decorator.py for tasks to queue
[2022-05-24 12:09:43,383] {logging_mixin.py:104} INFO - [2022-05-24 12:09:43,383] {dagbag.py:487} INFO - Filling up the DagBag from /home/airflow/.local/lib/python3.6/site-packages/airflow/example_dags/example_task_group_decorator.py
[2022-05-24 12:09:43,791] {scheduler_job.py:643} INFO - DAG(s) dict_keys(['example_task_group_decorator']) retrieved from /home/airflow/.local/lib/python3.6/site-packages/airflow/example_dags/example_task_group_decorator.py
[2022-05-24 12:09:45,056] {logging_mixin.py:104} INFO - [2022-05-24 12:09:45,055] {dag.py:1832} INFO - Sync 1 DAGs
[2022-05-24 12:09:45,101] {logging_mixin.py:104} INFO - [2022-05-24 12:09:45,100] {dag.py:2305} INFO - Setting next_dagrun for example_task_group_decorator to 2022-05-22 00:00:00+00:00
[2022-05-24 12:09:45,141] {scheduler_job.py:190} INFO - Processing /home/airflow/.local/lib/python3.6/site-packages/airflow/example_dags/example_task_group_decorator.py took 1.796 seconds
[2022-05-24 12:10:15,571] {scheduler_job.py:182} INFO - Started process (PID=1590) to work on /home/airflow/.local/lib/python3.6/site-packages/airflow/example_dags/example_task_group_decorator.py
[2022-05-24 12:10:15,576] {scheduler_job.py:633} INFO - Processing file /home/airflow/.local/lib/python3.6/site-packages/airflow/example_dags/example_task_group_decorator.py for tasks to queue
[2022-05-24 12:10:15,579] {logging_mixin.py:104} INFO - [2022-05-24 12:10:15,579] {dagbag.py:487} INFO - Filling up the DagBag from /home/airflow/.local/lib/python3.6/site-packages/airflow/example_dags/example_task_group_decorator.py
[2022-05-24 12:10:15,814] {scheduler_job.py:643} INFO - DAG(s) dict_keys(['example_task_group_decorator']) retrieved from /home/airflow/.local/lib/python3.6/site-packages/airflow/example_dags/example_task_group_decorator.py
[2022-05-24 12:10:16,989] {logging_mixin.py:104} INFO - [2022-05-24 12:10:16,988] {dag.py:1832} INFO - Sync 1 DAGs
[2022-05-24 12:10:17,028] {logging_mixin.py:104} INFO - [2022-05-24 12:10:17,028] {dag.py:2305} INFO - Setting next_dagrun for example_task_group_decorator to 2022-05-22 00:00:00+00:00
[2022-05-24 12:10:17,067] {scheduler_job.py:190} INFO - Processing /home/airflow/.local/lib/python3.6/site-packages/airflow/example_dags/example_task_group_decorator.py took 1.504 seconds
[2022-05-24 12:10:47,241] {scheduler_job.py:182} INFO - Started process (PID=1684) to work on /home/airflow/.local/lib/python3.6/site-packages/airflow/example_dags/example_task_group_decorator.py
[2022-05-24 12:10:47,246] {scheduler_job.py:633} INFO - Processing file /home/airflow/.local/lib/python3.6/site-packages/airflow/example_dags/example_task_group_decorator.py for tasks to queue
[2022-05-24 12:10:47,251] {logging_mixin.py:104} INFO - [2022-05-24 12:10:47,250] {dagbag.py:487} INFO - Filling up the DagBag from /home/airflow/.local/lib/python3.6/site-packages/airflow/example_dags/example_task_group_decorator.py
[2022-05-24 12:10:47,499] {scheduler_job.py:643} INFO - DAG(s) dict_keys(['example_task_group_decorator']) retrieved from /home/airflow/.local/lib/python3.6/site-packages/airflow/example_dags/example_task_group_decorator.py
[2022-05-24 12:10:48,345] {logging_mixin.py:104} INFO - [2022-05-24 12:10:48,344] {dag.py:1832} INFO - Sync 1 DAGs
[2022-05-24 12:10:48,374] {logging_mixin.py:104} INFO - [2022-05-24 12:10:48,373] {dag.py:2305} INFO - Setting next_dagrun for example_task_group_decorator to 2022-05-22 00:00:00+00:00
[2022-05-24 12:10:48,403] {scheduler_job.py:190} INFO - Processing /home/airflow/.local/lib/python3.6/site-packages/airflow/example_dags/example_task_group_decorator.py took 1.170 seconds
[2022-05-24 12:11:18,939] {scheduler_job.py:182} INFO - Started process (PID=1797) to work on /home/airflow/.local/lib/python3.6/site-packages/airflow/example_dags/example_task_group_decorator.py
[2022-05-24 12:11:18,944] {scheduler_job.py:633} INFO - Processing file /home/airflow/.local/lib/python3.6/site-packages/airflow/example_dags/example_task_group_decorator.py for tasks to queue
[2022-05-24 12:11:18,948] {logging_mixin.py:104} INFO - [2022-05-24 12:11:18,947] {dagbag.py:487} INFO - Filling up the DagBag from /home/airflow/.local/lib/python3.6/site-packages/airflow/example_dags/example_task_group_decorator.py
[2022-05-24 12:11:19,170] {scheduler_job.py:643} INFO - DAG(s) dict_keys(['example_task_group_decorator']) retrieved from /home/airflow/.local/lib/python3.6/site-packages/airflow/example_dags/example_task_group_decorator.py
[2022-05-24 12:11:20,157] {logging_mixin.py:104} INFO - [2022-05-24 12:11:20,156] {dag.py:1832} INFO - Sync 1 DAGs
[2022-05-24 12:11:20,197] {logging_mixin.py:104} INFO - [2022-05-24 12:11:20,196] {dag.py:2305} INFO - Setting next_dagrun for example_task_group_decorator to 2022-05-22 00:00:00+00:00
[2022-05-24 12:11:20,233] {scheduler_job.py:190} INFO - Processing /home/airflow/.local/lib/python3.6/site-packages/airflow/example_dags/example_task_group_decorator.py took 1.302 seconds
[2022-05-24 12:11:50,757] {scheduler_job.py:182} INFO - Started process (PID=1887) to work on /home/airflow/.local/lib/python3.6/site-packages/airflow/example_dags/example_task_group_decorator.py
[2022-05-24 12:11:50,763] {scheduler_job.py:633} INFO - Processing file /home/airflow/.local/lib/python3.6/site-packages/airflow/example_dags/example_task_group_decorator.py for tasks to queue
[2022-05-24 12:11:50,767] {logging_mixin.py:104} INFO - [2022-05-24 12:11:50,766] {dagbag.py:487} INFO - Filling up the DagBag from /home/airflow/.local/lib/python3.6/site-packages/airflow/example_dags/example_task_group_decorator.py
[2022-05-24 12:11:50,854] {scheduler_job.py:643} INFO - DAG(s) dict_keys(['example_task_group_decorator']) retrieved from /home/airflow/.local/lib/python3.6/site-packages/airflow/example_dags/example_task_group_decorator.py
[2022-05-24 12:11:51,630] {logging_mixin.py:104} INFO - [2022-05-24 12:11:51,630] {dag.py:1832} INFO - Sync 1 DAGs
[2022-05-24 12:11:51,663] {logging_mixin.py:104} INFO - [2022-05-24 12:11:51,662] {dag.py:2305} INFO - Setting next_dagrun for example_task_group_decorator to 2022-05-22 00:00:00+00:00
[2022-05-24 12:11:51,690] {scheduler_job.py:190} INFO - Processing /home/airflow/.local/lib/python3.6/site-packages/airflow/example_dags/example_task_group_decorator.py took 0.945 seconds
[2022-05-24 12:12:21,896] {scheduler_job.py:182} INFO - Started process (PID=1998) to work on /home/airflow/.local/lib/python3.6/site-packages/airflow/example_dags/example_task_group_decorator.py
[2022-05-24 12:12:21,902] {scheduler_job.py:633} INFO - Processing file /home/airflow/.local/lib/python3.6/site-packages/airflow/example_dags/example_task_group_decorator.py for tasks to queue
[2022-05-24 12:12:21,906] {logging_mixin.py:104} INFO - [2022-05-24 12:12:21,905] {dagbag.py:487} INFO - Filling up the DagBag from /home/airflow/.local/lib/python3.6/site-packages/airflow/example_dags/example_task_group_decorator.py
[2022-05-24 12:12:22,032] {scheduler_job.py:643} INFO - DAG(s) dict_keys(['example_task_group_decorator']) retrieved from /home/airflow/.local/lib/python3.6/site-packages/airflow/example_dags/example_task_group_decorator.py
[2022-05-24 12:12:23,273] {logging_mixin.py:104} INFO - [2022-05-24 12:12:23,273] {dag.py:1832} INFO - Sync 1 DAGs
[2022-05-24 12:12:23,329] {logging_mixin.py:104} INFO - [2022-05-24 12:12:23,328] {dag.py:2305} INFO - Setting next_dagrun for example_task_group_decorator to 2022-05-22 00:00:00+00:00
[2022-05-24 12:12:23,406] {scheduler_job.py:190} INFO - Processing /home/airflow/.local/lib/python3.6/site-packages/airflow/example_dags/example_task_group_decorator.py took 1.519 seconds
