[2022-05-24 12:05:11,761] {scheduler_job.py:182} INFO - Started process (PID=641) to work on /home/airflow/.local/lib/python3.6/site-packages/airflow/example_dags/example_external_task_marker_dag.py
[2022-05-24 12:05:11,765] {scheduler_job.py:633} INFO - Processing file /home/airflow/.local/lib/python3.6/site-packages/airflow/example_dags/example_external_task_marker_dag.py for tasks to queue
[2022-05-24 12:05:11,767] {logging_mixin.py:104} INFO - [2022-05-24 12:05:11,767] {dagbag.py:487} INFO - Filling up the DagBag from /home/airflow/.local/lib/python3.6/site-packages/airflow/example_dags/example_external_task_marker_dag.py
[2022-05-24 12:05:11,817] {scheduler_job.py:643} INFO - DAG(s) dict_keys(['example_external_task_marker_parent', 'example_external_task_marker_child']) retrieved from /home/airflow/.local/lib/python3.6/site-packages/airflow/example_dags/example_external_task_marker_dag.py
[2022-05-24 12:05:24,601] {logging_mixin.py:104} INFO - [2022-05-24 12:05:24,594] {dag.py:1832} INFO - Sync 2 DAGs
[2022-05-24 12:05:24,657] {logging_mixin.py:104} INFO - [2022-05-24 12:05:24,650] {dag.py:1851} INFO - Creating ORM DAG for example_external_task_marker_child
[2022-05-24 12:05:24,662] {logging_mixin.py:104} INFO - [2022-05-24 12:05:24,661] {dag.py:1851} INFO - Creating ORM DAG for example_external_task_marker_parent
[2022-05-24 12:05:24,681] {logging_mixin.py:104} INFO - [2022-05-24 12:05:24,680] {dag.py:2305} INFO - Setting next_dagrun for example_external_task_marker_child to None
[2022-05-24 12:05:24,684] {logging_mixin.py:104} INFO - [2022-05-24 12:05:24,684] {dag.py:2305} INFO - Setting next_dagrun for example_external_task_marker_parent to None
[2022-05-24 12:05:24,730] {scheduler_job.py:190} INFO - Processing /home/airflow/.local/lib/python3.6/site-packages/airflow/example_dags/example_external_task_marker_dag.py took 12.978 seconds
[2022-05-24 12:06:05,100] {scheduler_job.py:182} INFO - Started process (PID=777) to work on /home/airflow/.local/lib/python3.6/site-packages/airflow/example_dags/example_external_task_marker_dag.py
[2022-05-24 12:06:05,105] {scheduler_job.py:633} INFO - Processing file /home/airflow/.local/lib/python3.6/site-packages/airflow/example_dags/example_external_task_marker_dag.py for tasks to queue
[2022-05-24 12:06:05,109] {logging_mixin.py:104} INFO - [2022-05-24 12:06:05,108] {dagbag.py:487} INFO - Filling up the DagBag from /home/airflow/.local/lib/python3.6/site-packages/airflow/example_dags/example_external_task_marker_dag.py
[2022-05-24 12:06:05,180] {scheduler_job.py:643} INFO - DAG(s) dict_keys(['example_external_task_marker_parent', 'example_external_task_marker_child']) retrieved from /home/airflow/.local/lib/python3.6/site-packages/airflow/example_dags/example_external_task_marker_dag.py
[2022-05-24 12:06:05,300] {logging_mixin.py:104} INFO - [2022-05-24 12:06:05,300] {dag.py:1832} INFO - Sync 2 DAGs
[2022-05-24 12:06:05,517] {logging_mixin.py:104} INFO - [2022-05-24 12:06:05,516] {dag.py:2305} INFO - Setting next_dagrun for example_external_task_marker_child to None
[2022-05-24 12:06:05,522] {logging_mixin.py:104} INFO - [2022-05-24 12:06:05,522] {dag.py:2305} INFO - Setting next_dagrun for example_external_task_marker_parent to None
[2022-05-24 12:06:05,565] {scheduler_job.py:190} INFO - Processing /home/airflow/.local/lib/python3.6/site-packages/airflow/example_dags/example_external_task_marker_dag.py took 0.473 seconds
[2022-05-24 12:06:36,509] {scheduler_job.py:182} INFO - Started process (PID=887) to work on /home/airflow/.local/lib/python3.6/site-packages/airflow/example_dags/example_external_task_marker_dag.py
[2022-05-24 12:06:36,515] {scheduler_job.py:633} INFO - Processing file /home/airflow/.local/lib/python3.6/site-packages/airflow/example_dags/example_external_task_marker_dag.py for tasks to queue
[2022-05-24 12:06:36,518] {logging_mixin.py:104} INFO - [2022-05-24 12:06:36,518] {dagbag.py:487} INFO - Filling up the DagBag from /home/airflow/.local/lib/python3.6/site-packages/airflow/example_dags/example_external_task_marker_dag.py
[2022-05-24 12:06:36,565] {scheduler_job.py:643} INFO - DAG(s) dict_keys(['example_external_task_marker_parent', 'example_external_task_marker_child']) retrieved from /home/airflow/.local/lib/python3.6/site-packages/airflow/example_dags/example_external_task_marker_dag.py
[2022-05-24 12:06:37,688] {logging_mixin.py:104} INFO - [2022-05-24 12:06:37,687] {dag.py:1832} INFO - Sync 2 DAGs
[2022-05-24 12:06:37,728] {logging_mixin.py:104} INFO - [2022-05-24 12:06:37,728] {dag.py:2305} INFO - Setting next_dagrun for example_external_task_marker_child to None
[2022-05-24 12:06:37,732] {logging_mixin.py:104} INFO - [2022-05-24 12:06:37,732] {dag.py:2305} INFO - Setting next_dagrun for example_external_task_marker_parent to None
[2022-05-24 12:06:37,767] {scheduler_job.py:190} INFO - Processing /home/airflow/.local/lib/python3.6/site-packages/airflow/example_dags/example_external_task_marker_dag.py took 1.266 seconds
[2022-05-24 12:07:08,279] {scheduler_job.py:182} INFO - Started process (PID=980) to work on /home/airflow/.local/lib/python3.6/site-packages/airflow/example_dags/example_external_task_marker_dag.py
[2022-05-24 12:07:08,283] {scheduler_job.py:633} INFO - Processing file /home/airflow/.local/lib/python3.6/site-packages/airflow/example_dags/example_external_task_marker_dag.py for tasks to queue
[2022-05-24 12:07:08,285] {logging_mixin.py:104} INFO - [2022-05-24 12:07:08,285] {dagbag.py:487} INFO - Filling up the DagBag from /home/airflow/.local/lib/python3.6/site-packages/airflow/example_dags/example_external_task_marker_dag.py
[2022-05-24 12:07:08,321] {scheduler_job.py:643} INFO - DAG(s) dict_keys(['example_external_task_marker_parent', 'example_external_task_marker_child']) retrieved from /home/airflow/.local/lib/python3.6/site-packages/airflow/example_dags/example_external_task_marker_dag.py
[2022-05-24 12:07:09,170] {logging_mixin.py:104} INFO - [2022-05-24 12:07:09,169] {dag.py:1832} INFO - Sync 2 DAGs
[2022-05-24 12:07:09,207] {logging_mixin.py:104} INFO - [2022-05-24 12:07:09,206] {dag.py:2305} INFO - Setting next_dagrun for example_external_task_marker_child to None
[2022-05-24 12:07:09,210] {logging_mixin.py:104} INFO - [2022-05-24 12:07:09,210] {dag.py:2305} INFO - Setting next_dagrun for example_external_task_marker_parent to None
[2022-05-24 12:07:09,238] {scheduler_job.py:190} INFO - Processing /home/airflow/.local/lib/python3.6/site-packages/airflow/example_dags/example_external_task_marker_dag.py took 0.965 seconds
[2022-05-24 12:07:39,539] {scheduler_job.py:182} INFO - Started process (PID=1088) to work on /home/airflow/.local/lib/python3.6/site-packages/airflow/example_dags/example_external_task_marker_dag.py
[2022-05-24 12:07:39,545] {scheduler_job.py:633} INFO - Processing file /home/airflow/.local/lib/python3.6/site-packages/airflow/example_dags/example_external_task_marker_dag.py for tasks to queue
[2022-05-24 12:07:39,549] {logging_mixin.py:104} INFO - [2022-05-24 12:07:39,548] {dagbag.py:487} INFO - Filling up the DagBag from /home/airflow/.local/lib/python3.6/site-packages/airflow/example_dags/example_external_task_marker_dag.py
[2022-05-24 12:07:39,602] {scheduler_job.py:643} INFO - DAG(s) dict_keys(['example_external_task_marker_parent', 'example_external_task_marker_child']) retrieved from /home/airflow/.local/lib/python3.6/site-packages/airflow/example_dags/example_external_task_marker_dag.py
[2022-05-24 12:07:39,809] {logging_mixin.py:104} INFO - [2022-05-24 12:07:39,808] {dag.py:1832} INFO - Sync 2 DAGs
[2022-05-24 12:07:39,861] {logging_mixin.py:104} INFO - [2022-05-24 12:07:39,861] {dag.py:2305} INFO - Setting next_dagrun for example_external_task_marker_child to None
[2022-05-24 12:07:39,871] {logging_mixin.py:104} INFO - [2022-05-24 12:07:39,871] {dag.py:2305} INFO - Setting next_dagrun for example_external_task_marker_parent to None
[2022-05-24 12:07:39,925] {scheduler_job.py:190} INFO - Processing /home/airflow/.local/lib/python3.6/site-packages/airflow/example_dags/example_external_task_marker_dag.py took 0.393 seconds
[2022-05-24 12:08:10,321] {scheduler_job.py:182} INFO - Started process (PID=1178) to work on /home/airflow/.local/lib/python3.6/site-packages/airflow/example_dags/example_external_task_marker_dag.py
[2022-05-24 12:08:10,325] {scheduler_job.py:633} INFO - Processing file /home/airflow/.local/lib/python3.6/site-packages/airflow/example_dags/example_external_task_marker_dag.py for tasks to queue
[2022-05-24 12:08:10,328] {logging_mixin.py:104} INFO - [2022-05-24 12:08:10,328] {dagbag.py:487} INFO - Filling up the DagBag from /home/airflow/.local/lib/python3.6/site-packages/airflow/example_dags/example_external_task_marker_dag.py
[2022-05-24 12:08:10,488] {scheduler_job.py:643} INFO - DAG(s) dict_keys(['example_external_task_marker_parent', 'example_external_task_marker_child']) retrieved from /home/airflow/.local/lib/python3.6/site-packages/airflow/example_dags/example_external_task_marker_dag.py
[2022-05-24 12:08:11,495] {logging_mixin.py:104} INFO - [2022-05-24 12:08:11,495] {dag.py:1832} INFO - Sync 2 DAGs
[2022-05-24 12:08:11,540] {logging_mixin.py:104} INFO - [2022-05-24 12:08:11,540] {dag.py:2305} INFO - Setting next_dagrun for example_external_task_marker_child to None
[2022-05-24 12:08:11,544] {logging_mixin.py:104} INFO - [2022-05-24 12:08:11,544] {dag.py:2305} INFO - Setting next_dagrun for example_external_task_marker_parent to None
[2022-05-24 12:08:11,578] {scheduler_job.py:190} INFO - Processing /home/airflow/.local/lib/python3.6/site-packages/airflow/example_dags/example_external_task_marker_dag.py took 1.263 seconds
[2022-05-24 12:08:42,270] {scheduler_job.py:182} INFO - Started process (PID=1286) to work on /home/airflow/.local/lib/python3.6/site-packages/airflow/example_dags/example_external_task_marker_dag.py
[2022-05-24 12:08:42,275] {scheduler_job.py:633} INFO - Processing file /home/airflow/.local/lib/python3.6/site-packages/airflow/example_dags/example_external_task_marker_dag.py for tasks to queue
[2022-05-24 12:08:42,280] {logging_mixin.py:104} INFO - [2022-05-24 12:08:42,280] {dagbag.py:487} INFO - Filling up the DagBag from /home/airflow/.local/lib/python3.6/site-packages/airflow/example_dags/example_external_task_marker_dag.py
[2022-05-24 12:08:42,448] {scheduler_job.py:643} INFO - DAG(s) dict_keys(['example_external_task_marker_parent', 'example_external_task_marker_child']) retrieved from /home/airflow/.local/lib/python3.6/site-packages/airflow/example_dags/example_external_task_marker_dag.py
[2022-05-24 12:08:43,606] {logging_mixin.py:104} INFO - [2022-05-24 12:08:43,605] {dag.py:1832} INFO - Sync 2 DAGs
[2022-05-24 12:08:43,648] {logging_mixin.py:104} INFO - [2022-05-24 12:08:43,648] {dag.py:2305} INFO - Setting next_dagrun for example_external_task_marker_child to None
[2022-05-24 12:08:43,654] {logging_mixin.py:104} INFO - [2022-05-24 12:08:43,653] {dag.py:2305} INFO - Setting next_dagrun for example_external_task_marker_parent to None
[2022-05-24 12:08:43,693] {scheduler_job.py:190} INFO - Processing /home/airflow/.local/lib/python3.6/site-packages/airflow/example_dags/example_external_task_marker_dag.py took 1.433 seconds
[2022-05-24 12:09:14,420] {scheduler_job.py:182} INFO - Started process (PID=1388) to work on /home/airflow/.local/lib/python3.6/site-packages/airflow/example_dags/example_external_task_marker_dag.py
[2022-05-24 12:09:14,424] {scheduler_job.py:633} INFO - Processing file /home/airflow/.local/lib/python3.6/site-packages/airflow/example_dags/example_external_task_marker_dag.py for tasks to queue
[2022-05-24 12:09:14,427] {logging_mixin.py:104} INFO - [2022-05-24 12:09:14,426] {dagbag.py:487} INFO - Filling up the DagBag from /home/airflow/.local/lib/python3.6/site-packages/airflow/example_dags/example_external_task_marker_dag.py
[2022-05-24 12:09:14,594] {scheduler_job.py:643} INFO - DAG(s) dict_keys(['example_external_task_marker_parent', 'example_external_task_marker_child']) retrieved from /home/airflow/.local/lib/python3.6/site-packages/airflow/example_dags/example_external_task_marker_dag.py
[2022-05-24 12:09:14,716] {logging_mixin.py:104} INFO - [2022-05-24 12:09:14,716] {dag.py:1832} INFO - Sync 2 DAGs
[2022-05-24 12:09:14,760] {logging_mixin.py:104} INFO - [2022-05-24 12:09:14,759] {dag.py:2305} INFO - Setting next_dagrun for example_external_task_marker_child to None
[2022-05-24 12:09:14,766] {logging_mixin.py:104} INFO - [2022-05-24 12:09:14,765] {dag.py:2305} INFO - Setting next_dagrun for example_external_task_marker_parent to None
[2022-05-24 12:09:14,846] {scheduler_job.py:190} INFO - Processing /home/airflow/.local/lib/python3.6/site-packages/airflow/example_dags/example_external_task_marker_dag.py took 0.434 seconds
[2022-05-24 12:09:45,195] {scheduler_job.py:182} INFO - Started process (PID=1487) to work on /home/airflow/.local/lib/python3.6/site-packages/airflow/example_dags/example_external_task_marker_dag.py
[2022-05-24 12:09:45,200] {scheduler_job.py:633} INFO - Processing file /home/airflow/.local/lib/python3.6/site-packages/airflow/example_dags/example_external_task_marker_dag.py for tasks to queue
[2022-05-24 12:09:45,204] {logging_mixin.py:104} INFO - [2022-05-24 12:09:45,203] {dagbag.py:487} INFO - Filling up the DagBag from /home/airflow/.local/lib/python3.6/site-packages/airflow/example_dags/example_external_task_marker_dag.py
[2022-05-24 12:09:45,391] {scheduler_job.py:643} INFO - DAG(s) dict_keys(['example_external_task_marker_parent', 'example_external_task_marker_child']) retrieved from /home/airflow/.local/lib/python3.6/site-packages/airflow/example_dags/example_external_task_marker_dag.py
[2022-05-24 12:09:47,436] {logging_mixin.py:104} INFO - [2022-05-24 12:09:47,435] {dag.py:1832} INFO - Sync 2 DAGs
[2022-05-24 12:09:47,486] {logging_mixin.py:104} INFO - [2022-05-24 12:09:47,485] {dag.py:2305} INFO - Setting next_dagrun for example_external_task_marker_child to None
[2022-05-24 12:09:47,491] {logging_mixin.py:104} INFO - [2022-05-24 12:09:47,490] {dag.py:2305} INFO - Setting next_dagrun for example_external_task_marker_parent to None
[2022-05-24 12:09:47,531] {scheduler_job.py:190} INFO - Processing /home/airflow/.local/lib/python3.6/site-packages/airflow/example_dags/example_external_task_marker_dag.py took 2.344 seconds
[2022-05-24 12:10:18,017] {scheduler_job.py:182} INFO - Started process (PID=1594) to work on /home/airflow/.local/lib/python3.6/site-packages/airflow/example_dags/example_external_task_marker_dag.py
[2022-05-24 12:10:18,023] {scheduler_job.py:633} INFO - Processing file /home/airflow/.local/lib/python3.6/site-packages/airflow/example_dags/example_external_task_marker_dag.py for tasks to queue
[2022-05-24 12:10:18,029] {logging_mixin.py:104} INFO - [2022-05-24 12:10:18,029] {dagbag.py:487} INFO - Filling up the DagBag from /home/airflow/.local/lib/python3.6/site-packages/airflow/example_dags/example_external_task_marker_dag.py
[2022-05-24 12:10:18,201] {scheduler_job.py:643} INFO - DAG(s) dict_keys(['example_external_task_marker_parent', 'example_external_task_marker_child']) retrieved from /home/airflow/.local/lib/python3.6/site-packages/airflow/example_dags/example_external_task_marker_dag.py
[2022-05-24 12:10:19,316] {logging_mixin.py:104} INFO - [2022-05-24 12:10:19,315] {dag.py:1832} INFO - Sync 2 DAGs
[2022-05-24 12:10:19,369] {logging_mixin.py:104} INFO - [2022-05-24 12:10:19,369] {dag.py:2305} INFO - Setting next_dagrun for example_external_task_marker_child to None
[2022-05-24 12:10:19,375] {logging_mixin.py:104} INFO - [2022-05-24 12:10:19,374] {dag.py:2305} INFO - Setting next_dagrun for example_external_task_marker_parent to None
[2022-05-24 12:10:19,414] {scheduler_job.py:190} INFO - Processing /home/airflow/.local/lib/python3.6/site-packages/airflow/example_dags/example_external_task_marker_dag.py took 1.405 seconds
[2022-05-24 12:10:50,366] {scheduler_job.py:182} INFO - Started process (PID=1690) to work on /home/airflow/.local/lib/python3.6/site-packages/airflow/example_dags/example_external_task_marker_dag.py
[2022-05-24 12:10:50,371] {scheduler_job.py:633} INFO - Processing file /home/airflow/.local/lib/python3.6/site-packages/airflow/example_dags/example_external_task_marker_dag.py for tasks to queue
[2022-05-24 12:10:50,374] {logging_mixin.py:104} INFO - [2022-05-24 12:10:50,374] {dagbag.py:487} INFO - Filling up the DagBag from /home/airflow/.local/lib/python3.6/site-packages/airflow/example_dags/example_external_task_marker_dag.py
[2022-05-24 12:10:50,519] {scheduler_job.py:643} INFO - DAG(s) dict_keys(['example_external_task_marker_parent', 'example_external_task_marker_child']) retrieved from /home/airflow/.local/lib/python3.6/site-packages/airflow/example_dags/example_external_task_marker_dag.py
[2022-05-24 12:10:51,328] {logging_mixin.py:104} INFO - [2022-05-24 12:10:51,327] {dag.py:1832} INFO - Sync 2 DAGs
[2022-05-24 12:10:51,359] {logging_mixin.py:104} INFO - [2022-05-24 12:10:51,359] {dag.py:2305} INFO - Setting next_dagrun for example_external_task_marker_child to None
[2022-05-24 12:10:51,363] {logging_mixin.py:104} INFO - [2022-05-24 12:10:51,362] {dag.py:2305} INFO - Setting next_dagrun for example_external_task_marker_parent to None
[2022-05-24 12:10:51,393] {scheduler_job.py:190} INFO - Processing /home/airflow/.local/lib/python3.6/site-packages/airflow/example_dags/example_external_task_marker_dag.py took 1.037 seconds
[2022-05-24 12:11:22,161] {scheduler_job.py:182} INFO - Started process (PID=1800) to work on /home/airflow/.local/lib/python3.6/site-packages/airflow/example_dags/example_external_task_marker_dag.py
[2022-05-24 12:11:22,165] {scheduler_job.py:633} INFO - Processing file /home/airflow/.local/lib/python3.6/site-packages/airflow/example_dags/example_external_task_marker_dag.py for tasks to queue
[2022-05-24 12:11:22,431] {logging_mixin.py:104} INFO - [2022-05-24 12:11:22,168] {dagbag.py:487} INFO - Filling up the DagBag from /home/airflow/.local/lib/python3.6/site-packages/airflow/example_dags/example_external_task_marker_dag.py
[2022-05-24 12:11:22,473] {scheduler_job.py:643} INFO - DAG(s) dict_keys(['example_external_task_marker_parent', 'example_external_task_marker_child']) retrieved from /home/airflow/.local/lib/python3.6/site-packages/airflow/example_dags/example_external_task_marker_dag.py
[2022-05-24 12:11:23,599] {logging_mixin.py:104} INFO - [2022-05-24 12:11:23,598] {dag.py:1832} INFO - Sync 2 DAGs
[2022-05-24 12:11:23,641] {logging_mixin.py:104} INFO - [2022-05-24 12:11:23,640] {dag.py:2305} INFO - Setting next_dagrun for example_external_task_marker_child to None
[2022-05-24 12:11:23,646] {logging_mixin.py:104} INFO - [2022-05-24 12:11:23,645] {dag.py:2305} INFO - Setting next_dagrun for example_external_task_marker_parent to None
[2022-05-24 12:11:23,686] {scheduler_job.py:190} INFO - Processing /home/airflow/.local/lib/python3.6/site-packages/airflow/example_dags/example_external_task_marker_dag.py took 1.536 seconds
[2022-05-24 12:11:53,763] {scheduler_job.py:182} INFO - Started process (PID=1906) to work on /home/airflow/.local/lib/python3.6/site-packages/airflow/example_dags/example_external_task_marker_dag.py
[2022-05-24 12:11:53,768] {scheduler_job.py:633} INFO - Processing file /home/airflow/.local/lib/python3.6/site-packages/airflow/example_dags/example_external_task_marker_dag.py for tasks to queue
[2022-05-24 12:11:53,774] {logging_mixin.py:104} INFO - [2022-05-24 12:11:53,774] {dagbag.py:487} INFO - Filling up the DagBag from /home/airflow/.local/lib/python3.6/site-packages/airflow/example_dags/example_external_task_marker_dag.py
[2022-05-24 12:11:53,819] {scheduler_job.py:643} INFO - DAG(s) dict_keys(['example_external_task_marker_parent', 'example_external_task_marker_child']) retrieved from /home/airflow/.local/lib/python3.6/site-packages/airflow/example_dags/example_external_task_marker_dag.py
[2022-05-24 12:11:54,793] {logging_mixin.py:104} INFO - [2022-05-24 12:11:54,792] {dag.py:1832} INFO - Sync 2 DAGs
[2022-05-24 12:11:54,831] {logging_mixin.py:104} INFO - [2022-05-24 12:11:54,831] {dag.py:2305} INFO - Setting next_dagrun for example_external_task_marker_child to None
[2022-05-24 12:11:54,836] {logging_mixin.py:104} INFO - [2022-05-24 12:11:54,835] {dag.py:2305} INFO - Setting next_dagrun for example_external_task_marker_parent to None
[2022-05-24 12:11:54,873] {scheduler_job.py:190} INFO - Processing /home/airflow/.local/lib/python3.6/site-packages/airflow/example_dags/example_external_task_marker_dag.py took 1.117 seconds
[2022-05-24 12:12:25,424] {scheduler_job.py:182} INFO - Started process (PID=2001) to work on /home/airflow/.local/lib/python3.6/site-packages/airflow/example_dags/example_external_task_marker_dag.py
[2022-05-24 12:12:25,441] {scheduler_job.py:633} INFO - Processing file /home/airflow/.local/lib/python3.6/site-packages/airflow/example_dags/example_external_task_marker_dag.py for tasks to queue
[2022-05-24 12:12:25,450] {logging_mixin.py:104} INFO - [2022-05-24 12:12:25,447] {dagbag.py:487} INFO - Filling up the DagBag from /home/airflow/.local/lib/python3.6/site-packages/airflow/example_dags/example_external_task_marker_dag.py
[2022-05-24 12:12:25,616] {scheduler_job.py:643} INFO - DAG(s) dict_keys(['example_external_task_marker_parent', 'example_external_task_marker_child']) retrieved from /home/airflow/.local/lib/python3.6/site-packages/airflow/example_dags/example_external_task_marker_dag.py
[2022-05-24 12:12:27,239] {logging_mixin.py:104} INFO - [2022-05-24 12:12:27,238] {dag.py:1832} INFO - Sync 2 DAGs
[2022-05-24 12:12:27,284] {logging_mixin.py:104} INFO - [2022-05-24 12:12:27,283] {dag.py:2305} INFO - Setting next_dagrun for example_external_task_marker_child to None
[2022-05-24 12:12:27,289] {logging_mixin.py:104} INFO - [2022-05-24 12:12:27,288] {dag.py:2305} INFO - Setting next_dagrun for example_external_task_marker_parent to None
[2022-05-24 12:12:27,332] {scheduler_job.py:190} INFO - Processing /home/airflow/.local/lib/python3.6/site-packages/airflow/example_dags/example_external_task_marker_dag.py took 1.933 seconds
