[2022-05-24 12:05:10,368] {scheduler_job.py:182} INFO - Started process (PID=639) to work on /home/airflow/.local/lib/python3.6/site-packages/airflow/example_dags/tutorial_etl_dag.py
[2022-05-24 12:05:10,373] {scheduler_job.py:633} INFO - Processing file /home/airflow/.local/lib/python3.6/site-packages/airflow/example_dags/tutorial_etl_dag.py for tasks to queue
[2022-05-24 12:05:10,377] {logging_mixin.py:104} INFO - [2022-05-24 12:05:10,377] {dagbag.py:487} INFO - Filling up the DagBag from /home/airflow/.local/lib/python3.6/site-packages/airflow/example_dags/tutorial_etl_dag.py
[2022-05-24 12:05:10,430] {scheduler_job.py:643} INFO - DAG(s) dict_keys(['tutorial_etl_dag']) retrieved from /home/airflow/.local/lib/python3.6/site-packages/airflow/example_dags/tutorial_etl_dag.py
[2022-05-24 12:05:22,917] {logging_mixin.py:104} INFO - [2022-05-24 12:05:22,910] {dag.py:1832} INFO - Sync 1 DAGs
[2022-05-24 12:05:22,980] {logging_mixin.py:104} INFO - [2022-05-24 12:05:22,973] {dag.py:1851} INFO - Creating ORM DAG for tutorial_etl_dag
[2022-05-24 12:05:23,001] {logging_mixin.py:104} INFO - [2022-05-24 12:05:23,001] {dag.py:2305} INFO - Setting next_dagrun for tutorial_etl_dag to None
[2022-05-24 12:05:23,047] {scheduler_job.py:190} INFO - Processing /home/airflow/.local/lib/python3.6/site-packages/airflow/example_dags/tutorial_etl_dag.py took 12.687 seconds
[2022-05-24 12:06:05,084] {scheduler_job.py:182} INFO - Started process (PID=775) to work on /home/airflow/.local/lib/python3.6/site-packages/airflow/example_dags/tutorial_etl_dag.py
[2022-05-24 12:06:05,089] {scheduler_job.py:633} INFO - Processing file /home/airflow/.local/lib/python3.6/site-packages/airflow/example_dags/tutorial_etl_dag.py for tasks to queue
[2022-05-24 12:06:05,092] {logging_mixin.py:104} INFO - [2022-05-24 12:06:05,092] {dagbag.py:487} INFO - Filling up the DagBag from /home/airflow/.local/lib/python3.6/site-packages/airflow/example_dags/tutorial_etl_dag.py
[2022-05-24 12:06:05,157] {scheduler_job.py:643} INFO - DAG(s) dict_keys(['tutorial_etl_dag']) retrieved from /home/airflow/.local/lib/python3.6/site-packages/airflow/example_dags/tutorial_etl_dag.py
[2022-05-24 12:06:05,236] {logging_mixin.py:104} INFO - [2022-05-24 12:06:05,235] {dag.py:1832} INFO - Sync 1 DAGs
[2022-05-24 12:06:05,453] {logging_mixin.py:104} INFO - [2022-05-24 12:06:05,452] {dag.py:2305} INFO - Setting next_dagrun for tutorial_etl_dag to None
[2022-05-24 12:06:05,527] {scheduler_job.py:190} INFO - Processing /home/airflow/.local/lib/python3.6/site-packages/airflow/example_dags/tutorial_etl_dag.py took 0.451 seconds
[2022-05-24 12:06:36,147] {scheduler_job.py:182} INFO - Started process (PID=885) to work on /home/airflow/.local/lib/python3.6/site-packages/airflow/example_dags/tutorial_etl_dag.py
[2022-05-24 12:06:36,152] {scheduler_job.py:633} INFO - Processing file /home/airflow/.local/lib/python3.6/site-packages/airflow/example_dags/tutorial_etl_dag.py for tasks to queue
[2022-05-24 12:06:36,156] {logging_mixin.py:104} INFO - [2022-05-24 12:06:36,155] {dagbag.py:487} INFO - Filling up the DagBag from /home/airflow/.local/lib/python3.6/site-packages/airflow/example_dags/tutorial_etl_dag.py
[2022-05-24 12:06:36,206] {scheduler_job.py:643} INFO - DAG(s) dict_keys(['tutorial_etl_dag']) retrieved from /home/airflow/.local/lib/python3.6/site-packages/airflow/example_dags/tutorial_etl_dag.py
[2022-05-24 12:06:36,262] {logging_mixin.py:104} INFO - [2022-05-24 12:06:36,262] {dag.py:1832} INFO - Sync 1 DAGs
[2022-05-24 12:06:36,419] {logging_mixin.py:104} INFO - [2022-05-24 12:06:36,419] {dag.py:2305} INFO - Setting next_dagrun for tutorial_etl_dag to None
[2022-05-24 12:06:36,452] {scheduler_job.py:190} INFO - Processing /home/airflow/.local/lib/python3.6/site-packages/airflow/example_dags/tutorial_etl_dag.py took 0.312 seconds
[2022-05-24 12:07:07,063] {scheduler_job.py:182} INFO - Started process (PID=978) to work on /home/airflow/.local/lib/python3.6/site-packages/airflow/example_dags/tutorial_etl_dag.py
[2022-05-24 12:07:07,068] {scheduler_job.py:633} INFO - Processing file /home/airflow/.local/lib/python3.6/site-packages/airflow/example_dags/tutorial_etl_dag.py for tasks to queue
[2022-05-24 12:07:07,071] {logging_mixin.py:104} INFO - [2022-05-24 12:07:07,071] {dagbag.py:487} INFO - Filling up the DagBag from /home/airflow/.local/lib/python3.6/site-packages/airflow/example_dags/tutorial_etl_dag.py
[2022-05-24 12:07:07,113] {scheduler_job.py:643} INFO - DAG(s) dict_keys(['tutorial_etl_dag']) retrieved from /home/airflow/.local/lib/python3.6/site-packages/airflow/example_dags/tutorial_etl_dag.py
[2022-05-24 12:07:07,274] {logging_mixin.py:104} INFO - [2022-05-24 12:07:07,273] {dag.py:1832} INFO - Sync 1 DAGs
[2022-05-24 12:07:07,308] {logging_mixin.py:104} INFO - [2022-05-24 12:07:07,307] {dag.py:2305} INFO - Setting next_dagrun for tutorial_etl_dag to None
[2022-05-24 12:07:07,334] {scheduler_job.py:190} INFO - Processing /home/airflow/.local/lib/python3.6/site-packages/airflow/example_dags/tutorial_etl_dag.py took 0.278 seconds
[2022-05-24 12:07:37,475] {scheduler_job.py:182} INFO - Started process (PID=1081) to work on /home/airflow/.local/lib/python3.6/site-packages/airflow/example_dags/tutorial_etl_dag.py
[2022-05-24 12:07:37,481] {scheduler_job.py:633} INFO - Processing file /home/airflow/.local/lib/python3.6/site-packages/airflow/example_dags/tutorial_etl_dag.py for tasks to queue
[2022-05-24 12:07:37,484] {logging_mixin.py:104} INFO - [2022-05-24 12:07:37,484] {dagbag.py:487} INFO - Filling up the DagBag from /home/airflow/.local/lib/python3.6/site-packages/airflow/example_dags/tutorial_etl_dag.py
[2022-05-24 12:07:37,538] {scheduler_job.py:643} INFO - DAG(s) dict_keys(['tutorial_etl_dag']) retrieved from /home/airflow/.local/lib/python3.6/site-packages/airflow/example_dags/tutorial_etl_dag.py
[2022-05-24 12:07:37,708] {logging_mixin.py:104} INFO - [2022-05-24 12:07:37,707] {dag.py:1832} INFO - Sync 1 DAGs
[2022-05-24 12:07:37,749] {logging_mixin.py:104} INFO - [2022-05-24 12:07:37,749] {dag.py:2305} INFO - Setting next_dagrun for tutorial_etl_dag to None
[2022-05-24 12:07:37,778] {scheduler_job.py:190} INFO - Processing /home/airflow/.local/lib/python3.6/site-packages/airflow/example_dags/tutorial_etl_dag.py took 0.311 seconds
[2022-05-24 12:08:08,303] {scheduler_job.py:182} INFO - Started process (PID=1174) to work on /home/airflow/.local/lib/python3.6/site-packages/airflow/example_dags/tutorial_etl_dag.py
[2022-05-24 12:08:08,310] {scheduler_job.py:633} INFO - Processing file /home/airflow/.local/lib/python3.6/site-packages/airflow/example_dags/tutorial_etl_dag.py for tasks to queue
[2022-05-24 12:08:08,314] {logging_mixin.py:104} INFO - [2022-05-24 12:08:08,313] {dagbag.py:487} INFO - Filling up the DagBag from /home/airflow/.local/lib/python3.6/site-packages/airflow/example_dags/tutorial_etl_dag.py
[2022-05-24 12:08:08,491] {scheduler_job.py:643} INFO - DAG(s) dict_keys(['tutorial_etl_dag']) retrieved from /home/airflow/.local/lib/python3.6/site-packages/airflow/example_dags/tutorial_etl_dag.py
[2022-05-24 12:08:08,560] {logging_mixin.py:104} INFO - [2022-05-24 12:08:08,559] {dag.py:1832} INFO - Sync 1 DAGs
[2022-05-24 12:08:08,624] {logging_mixin.py:104} INFO - [2022-05-24 12:08:08,623] {dag.py:2305} INFO - Setting next_dagrun for tutorial_etl_dag to None
[2022-05-24 12:08:08,669] {scheduler_job.py:190} INFO - Processing /home/airflow/.local/lib/python3.6/site-packages/airflow/example_dags/tutorial_etl_dag.py took 0.374 seconds
[2022-05-24 12:08:38,863] {scheduler_job.py:182} INFO - Started process (PID=1281) to work on /home/airflow/.local/lib/python3.6/site-packages/airflow/example_dags/tutorial_etl_dag.py
[2022-05-24 12:08:38,873] {scheduler_job.py:633} INFO - Processing file /home/airflow/.local/lib/python3.6/site-packages/airflow/example_dags/tutorial_etl_dag.py for tasks to queue
[2022-05-24 12:08:38,877] {logging_mixin.py:104} INFO - [2022-05-24 12:08:38,876] {dagbag.py:487} INFO - Filling up the DagBag from /home/airflow/.local/lib/python3.6/site-packages/airflow/example_dags/tutorial_etl_dag.py
[2022-05-24 12:08:39,038] {scheduler_job.py:643} INFO - DAG(s) dict_keys(['tutorial_etl_dag']) retrieved from /home/airflow/.local/lib/python3.6/site-packages/airflow/example_dags/tutorial_etl_dag.py
[2022-05-24 12:08:39,097] {logging_mixin.py:104} INFO - [2022-05-24 12:08:39,097] {dag.py:1832} INFO - Sync 1 DAGs
[2022-05-24 12:08:39,136] {logging_mixin.py:104} INFO - [2022-05-24 12:08:39,135] {dag.py:2305} INFO - Setting next_dagrun for tutorial_etl_dag to None
[2022-05-24 12:08:39,164] {scheduler_job.py:190} INFO - Processing /home/airflow/.local/lib/python3.6/site-packages/airflow/example_dags/tutorial_etl_dag.py took 0.308 seconds
[2022-05-24 12:09:10,039] {scheduler_job.py:182} INFO - Started process (PID=1371) to work on /home/airflow/.local/lib/python3.6/site-packages/airflow/example_dags/tutorial_etl_dag.py
[2022-05-24 12:09:10,047] {scheduler_job.py:633} INFO - Processing file /home/airflow/.local/lib/python3.6/site-packages/airflow/example_dags/tutorial_etl_dag.py for tasks to queue
[2022-05-24 12:09:10,052] {logging_mixin.py:104} INFO - [2022-05-24 12:09:10,051] {dagbag.py:487} INFO - Filling up the DagBag from /home/airflow/.local/lib/python3.6/site-packages/airflow/example_dags/tutorial_etl_dag.py
[2022-05-24 12:09:10,232] {scheduler_job.py:643} INFO - DAG(s) dict_keys(['tutorial_etl_dag']) retrieved from /home/airflow/.local/lib/python3.6/site-packages/airflow/example_dags/tutorial_etl_dag.py
[2022-05-24 12:09:10,288] {logging_mixin.py:104} INFO - [2022-05-24 12:09:10,288] {dag.py:1832} INFO - Sync 1 DAGs
[2022-05-24 12:09:10,325] {logging_mixin.py:104} INFO - [2022-05-24 12:09:10,325] {dag.py:2305} INFO - Setting next_dagrun for tutorial_etl_dag to None
[2022-05-24 12:09:10,352] {scheduler_job.py:190} INFO - Processing /home/airflow/.local/lib/python3.6/site-packages/airflow/example_dags/tutorial_etl_dag.py took 0.327 seconds
[2022-05-24 12:09:40,954] {scheduler_job.py:182} INFO - Started process (PID=1478) to work on /home/airflow/.local/lib/python3.6/site-packages/airflow/example_dags/tutorial_etl_dag.py
[2022-05-24 12:09:40,959] {scheduler_job.py:633} INFO - Processing file /home/airflow/.local/lib/python3.6/site-packages/airflow/example_dags/tutorial_etl_dag.py for tasks to queue
[2022-05-24 12:09:40,963] {logging_mixin.py:104} INFO - [2022-05-24 12:09:40,963] {dagbag.py:487} INFO - Filling up the DagBag from /home/airflow/.local/lib/python3.6/site-packages/airflow/example_dags/tutorial_etl_dag.py
[2022-05-24 12:09:41,148] {scheduler_job.py:643} INFO - DAG(s) dict_keys(['tutorial_etl_dag']) retrieved from /home/airflow/.local/lib/python3.6/site-packages/airflow/example_dags/tutorial_etl_dag.py
[2022-05-24 12:09:41,213] {logging_mixin.py:104} INFO - [2022-05-24 12:09:41,213] {dag.py:1832} INFO - Sync 1 DAGs
[2022-05-24 12:09:41,259] {logging_mixin.py:104} INFO - [2022-05-24 12:09:41,259] {dag.py:2305} INFO - Setting next_dagrun for tutorial_etl_dag to None
[2022-05-24 12:09:41,290] {scheduler_job.py:190} INFO - Processing /home/airflow/.local/lib/python3.6/site-packages/airflow/example_dags/tutorial_etl_dag.py took 0.344 seconds
[2022-05-24 12:10:11,951] {scheduler_job.py:182} INFO - Started process (PID=1568) to work on /home/airflow/.local/lib/python3.6/site-packages/airflow/example_dags/tutorial_etl_dag.py
[2022-05-24 12:10:11,955] {scheduler_job.py:633} INFO - Processing file /home/airflow/.local/lib/python3.6/site-packages/airflow/example_dags/tutorial_etl_dag.py for tasks to queue
[2022-05-24 12:10:11,958] {logging_mixin.py:104} INFO - [2022-05-24 12:10:11,957] {dagbag.py:487} INFO - Filling up the DagBag from /home/airflow/.local/lib/python3.6/site-packages/airflow/example_dags/tutorial_etl_dag.py
[2022-05-24 12:10:12,098] {scheduler_job.py:643} INFO - DAG(s) dict_keys(['tutorial_etl_dag']) retrieved from /home/airflow/.local/lib/python3.6/site-packages/airflow/example_dags/tutorial_etl_dag.py
[2022-05-24 12:10:12,145] {logging_mixin.py:104} INFO - [2022-05-24 12:10:12,144] {dag.py:1832} INFO - Sync 1 DAGs
[2022-05-24 12:10:12,176] {logging_mixin.py:104} INFO - [2022-05-24 12:10:12,176] {dag.py:2305} INFO - Setting next_dagrun for tutorial_etl_dag to None
[2022-05-24 12:10:12,200] {scheduler_job.py:190} INFO - Processing /home/airflow/.local/lib/python3.6/site-packages/airflow/example_dags/tutorial_etl_dag.py took 0.255 seconds
[2022-05-24 12:10:42,364] {scheduler_job.py:182} INFO - Started process (PID=1675) to work on /home/airflow/.local/lib/python3.6/site-packages/airflow/example_dags/tutorial_etl_dag.py
[2022-05-24 12:10:42,369] {scheduler_job.py:633} INFO - Processing file /home/airflow/.local/lib/python3.6/site-packages/airflow/example_dags/tutorial_etl_dag.py for tasks to queue
[2022-05-24 12:10:42,372] {logging_mixin.py:104} INFO - [2022-05-24 12:10:42,372] {dagbag.py:487} INFO - Filling up the DagBag from /home/airflow/.local/lib/python3.6/site-packages/airflow/example_dags/tutorial_etl_dag.py
[2022-05-24 12:10:42,531] {scheduler_job.py:643} INFO - DAG(s) dict_keys(['tutorial_etl_dag']) retrieved from /home/airflow/.local/lib/python3.6/site-packages/airflow/example_dags/tutorial_etl_dag.py
[2022-05-24 12:10:42,585] {logging_mixin.py:104} INFO - [2022-05-24 12:10:42,585] {dag.py:1832} INFO - Sync 1 DAGs
[2022-05-24 12:10:42,626] {logging_mixin.py:104} INFO - [2022-05-24 12:10:42,626] {dag.py:2305} INFO - Setting next_dagrun for tutorial_etl_dag to None
[2022-05-24 12:10:42,654] {scheduler_job.py:190} INFO - Processing /home/airflow/.local/lib/python3.6/site-packages/airflow/example_dags/tutorial_etl_dag.py took 0.296 seconds
[2022-05-24 12:11:13,320] {scheduler_job.py:182} INFO - Started process (PID=1776) to work on /home/airflow/.local/lib/python3.6/site-packages/airflow/example_dags/tutorial_etl_dag.py
[2022-05-24 12:11:13,325] {scheduler_job.py:633} INFO - Processing file /home/airflow/.local/lib/python3.6/site-packages/airflow/example_dags/tutorial_etl_dag.py for tasks to queue
[2022-05-24 12:11:13,328] {logging_mixin.py:104} INFO - [2022-05-24 12:11:13,328] {dagbag.py:487} INFO - Filling up the DagBag from /home/airflow/.local/lib/python3.6/site-packages/airflow/example_dags/tutorial_etl_dag.py
[2022-05-24 12:11:13,486] {scheduler_job.py:643} INFO - DAG(s) dict_keys(['tutorial_etl_dag']) retrieved from /home/airflow/.local/lib/python3.6/site-packages/airflow/example_dags/tutorial_etl_dag.py
[2022-05-24 12:11:13,537] {logging_mixin.py:104} INFO - [2022-05-24 12:11:13,536] {dag.py:1832} INFO - Sync 1 DAGs
[2022-05-24 12:11:13,576] {logging_mixin.py:104} INFO - [2022-05-24 12:11:13,576] {dag.py:2305} INFO - Setting next_dagrun for tutorial_etl_dag to None
[2022-05-24 12:11:13,604] {scheduler_job.py:190} INFO - Processing /home/airflow/.local/lib/python3.6/site-packages/airflow/example_dags/tutorial_etl_dag.py took 0.291 seconds
[2022-05-24 12:11:44,098] {scheduler_job.py:182} INFO - Started process (PID=1879) to work on /home/airflow/.local/lib/python3.6/site-packages/airflow/example_dags/tutorial_etl_dag.py
[2022-05-24 12:11:44,242] {scheduler_job.py:633} INFO - Processing file /home/airflow/.local/lib/python3.6/site-packages/airflow/example_dags/tutorial_etl_dag.py for tasks to queue
[2022-05-24 12:11:44,246] {logging_mixin.py:104} INFO - [2022-05-24 12:11:44,246] {dagbag.py:487} INFO - Filling up the DagBag from /home/airflow/.local/lib/python3.6/site-packages/airflow/example_dags/tutorial_etl_dag.py
[2022-05-24 12:11:44,294] {scheduler_job.py:643} INFO - DAG(s) dict_keys(['tutorial_etl_dag']) retrieved from /home/airflow/.local/lib/python3.6/site-packages/airflow/example_dags/tutorial_etl_dag.py
[2022-05-24 12:11:44,349] {logging_mixin.py:104} INFO - [2022-05-24 12:11:44,348] {dag.py:1832} INFO - Sync 1 DAGs
[2022-05-24 12:11:44,389] {logging_mixin.py:104} INFO - [2022-05-24 12:11:44,389] {dag.py:2305} INFO - Setting next_dagrun for tutorial_etl_dag to None
[2022-05-24 12:11:44,418] {scheduler_job.py:190} INFO - Processing /home/airflow/.local/lib/python3.6/site-packages/airflow/example_dags/tutorial_etl_dag.py took 0.328 seconds
[2022-05-24 12:12:14,848] {scheduler_job.py:182} INFO - Started process (PID=1981) to work on /home/airflow/.local/lib/python3.6/site-packages/airflow/example_dags/tutorial_etl_dag.py
[2022-05-24 12:12:14,857] {scheduler_job.py:633} INFO - Processing file /home/airflow/.local/lib/python3.6/site-packages/airflow/example_dags/tutorial_etl_dag.py for tasks to queue
[2022-05-24 12:12:14,873] {logging_mixin.py:104} INFO - [2022-05-24 12:12:14,872] {dagbag.py:487} INFO - Filling up the DagBag from /home/airflow/.local/lib/python3.6/site-packages/airflow/example_dags/tutorial_etl_dag.py
[2022-05-24 12:12:14,955] {scheduler_job.py:643} INFO - DAG(s) dict_keys(['tutorial_etl_dag']) retrieved from /home/airflow/.local/lib/python3.6/site-packages/airflow/example_dags/tutorial_etl_dag.py
[2022-05-24 12:12:15,029] {logging_mixin.py:104} INFO - [2022-05-24 12:12:15,028] {dag.py:1832} INFO - Sync 1 DAGs
[2022-05-24 12:12:15,076] {logging_mixin.py:104} INFO - [2022-05-24 12:12:15,075] {dag.py:2305} INFO - Setting next_dagrun for tutorial_etl_dag to None
[2022-05-24 12:12:15,112] {scheduler_job.py:190} INFO - Processing /home/airflow/.local/lib/python3.6/site-packages/airflow/example_dags/tutorial_etl_dag.py took 0.278 seconds
[2022-05-24 12:12:45,999] {scheduler_job.py:182} INFO - Started process (PID=2080) to work on /home/airflow/.local/lib/python3.6/site-packages/airflow/example_dags/tutorial_etl_dag.py
[2022-05-24 12:12:46,003] {scheduler_job.py:633} INFO - Processing file /home/airflow/.local/lib/python3.6/site-packages/airflow/example_dags/tutorial_etl_dag.py for tasks to queue
[2022-05-24 12:12:46,006] {logging_mixin.py:104} INFO - [2022-05-24 12:12:46,006] {dagbag.py:487} INFO - Filling up the DagBag from /home/airflow/.local/lib/python3.6/site-packages/airflow/example_dags/tutorial_etl_dag.py
[2022-05-24 12:12:46,049] {scheduler_job.py:643} INFO - DAG(s) dict_keys(['tutorial_etl_dag']) retrieved from /home/airflow/.local/lib/python3.6/site-packages/airflow/example_dags/tutorial_etl_dag.py
[2022-05-24 12:12:46,110] {logging_mixin.py:104} INFO - [2022-05-24 12:12:46,109] {dag.py:1832} INFO - Sync 1 DAGs
[2022-05-24 12:12:46,149] {logging_mixin.py:104} INFO - [2022-05-24 12:12:46,149] {dag.py:2305} INFO - Setting next_dagrun for tutorial_etl_dag to None
[2022-05-24 12:12:46,178] {scheduler_job.py:190} INFO - Processing /home/airflow/.local/lib/python3.6/site-packages/airflow/example_dags/tutorial_etl_dag.py took 0.187 seconds
