[2022-05-24 12:01:31,248] {scheduler_job.py:182} INFO - Started process (PID=301) to work on /home/airflow/.local/lib/python3.6/site-packages/airflow/example_dags/tutorial_taskflow_api_etl.py
[2022-05-24 12:01:31,263] {scheduler_job.py:633} INFO - Processing file /home/airflow/.local/lib/python3.6/site-packages/airflow/example_dags/tutorial_taskflow_api_etl.py for tasks to queue
[2022-05-24 12:01:31,276] {logging_mixin.py:104} INFO - [2022-05-24 12:01:31,275] {dagbag.py:487} INFO - Filling up the DagBag from /home/airflow/.local/lib/python3.6/site-packages/airflow/example_dags/tutorial_taskflow_api_etl.py
[2022-05-24 12:01:31,720] {scheduler_job.py:643} INFO - DAG(s) dict_keys(['tutorial_taskflow_api_etl']) retrieved from /home/airflow/.local/lib/python3.6/site-packages/airflow/example_dags/tutorial_taskflow_api_etl.py
[2022-05-24 12:02:41,093] {scheduler_job.py:182} INFO - Started process (PID=403) to work on /home/airflow/.local/lib/python3.6/site-packages/airflow/example_dags/tutorial_taskflow_api_etl.py
[2022-05-24 12:02:41,110] {scheduler_job.py:633} INFO - Processing file /home/airflow/.local/lib/python3.6/site-packages/airflow/example_dags/tutorial_taskflow_api_etl.py for tasks to queue
[2022-05-24 12:02:41,126] {logging_mixin.py:104} INFO - [2022-05-24 12:02:41,122] {dagbag.py:487} INFO - Filling up the DagBag from /home/airflow/.local/lib/python3.6/site-packages/airflow/example_dags/tutorial_taskflow_api_etl.py
[2022-05-24 12:02:41,352] {scheduler_job.py:643} INFO - DAG(s) dict_keys(['tutorial_taskflow_api_etl']) retrieved from /home/airflow/.local/lib/python3.6/site-packages/airflow/example_dags/tutorial_taskflow_api_etl.py
[2022-05-24 12:02:55,037] {logging_mixin.py:104} INFO - [2022-05-24 12:02:55,030] {dag.py:1832} INFO - Sync 1 DAGs
[2022-05-24 12:02:55,089] {logging_mixin.py:104} INFO - [2022-05-24 12:02:55,083] {dag.py:1851} INFO - Creating ORM DAG for tutorial_taskflow_api_etl
[2022-05-24 12:02:55,109] {logging_mixin.py:104} INFO - [2022-05-24 12:02:55,109] {dag.py:2305} INFO - Setting next_dagrun for tutorial_taskflow_api_etl to None
[2022-05-24 12:02:55,152] {scheduler_job.py:190} INFO - Processing /home/airflow/.local/lib/python3.6/site-packages/airflow/example_dags/tutorial_taskflow_api_etl.py took 14.078 seconds
[2022-05-24 12:05:51,544] {scheduler_job.py:182} INFO - Started process (PID=708) to work on /home/airflow/.local/lib/python3.6/site-packages/airflow/example_dags/tutorial_taskflow_api_etl.py
[2022-05-24 12:05:51,550] {scheduler_job.py:633} INFO - Processing file /home/airflow/.local/lib/python3.6/site-packages/airflow/example_dags/tutorial_taskflow_api_etl.py for tasks to queue
[2022-05-24 12:05:51,553] {logging_mixin.py:104} INFO - [2022-05-24 12:05:51,552] {dagbag.py:487} INFO - Filling up the DagBag from /home/airflow/.local/lib/python3.6/site-packages/airflow/example_dags/tutorial_taskflow_api_etl.py
[2022-05-24 12:05:51,628] {scheduler_job.py:643} INFO - DAG(s) dict_keys(['tutorial_taskflow_api_etl']) retrieved from /home/airflow/.local/lib/python3.6/site-packages/airflow/example_dags/tutorial_taskflow_api_etl.py
[2022-05-24 12:05:52,670] {logging_mixin.py:104} INFO - [2022-05-24 12:05:52,669] {dag.py:1832} INFO - Sync 1 DAGs
[2022-05-24 12:05:52,705] {logging_mixin.py:104} INFO - [2022-05-24 12:05:52,705] {dag.py:2305} INFO - Setting next_dagrun for tutorial_taskflow_api_etl to None
[2022-05-24 12:05:52,741] {scheduler_job.py:190} INFO - Processing /home/airflow/.local/lib/python3.6/site-packages/airflow/example_dags/tutorial_taskflow_api_etl.py took 1.206 seconds
[2022-05-24 12:06:23,041] {scheduler_job.py:182} INFO - Started process (PID=817) to work on /home/airflow/.local/lib/python3.6/site-packages/airflow/example_dags/tutorial_taskflow_api_etl.py
[2022-05-24 12:06:23,044] {scheduler_job.py:633} INFO - Processing file /home/airflow/.local/lib/python3.6/site-packages/airflow/example_dags/tutorial_taskflow_api_etl.py for tasks to queue
[2022-05-24 12:06:23,047] {logging_mixin.py:104} INFO - [2022-05-24 12:06:23,047] {dagbag.py:487} INFO - Filling up the DagBag from /home/airflow/.local/lib/python3.6/site-packages/airflow/example_dags/tutorial_taskflow_api_etl.py
[2022-05-24 12:06:23,116] {scheduler_job.py:643} INFO - DAG(s) dict_keys(['tutorial_taskflow_api_etl']) retrieved from /home/airflow/.local/lib/python3.6/site-packages/airflow/example_dags/tutorial_taskflow_api_etl.py
[2022-05-24 12:06:24,262] {logging_mixin.py:104} INFO - [2022-05-24 12:06:24,262] {dag.py:1832} INFO - Sync 1 DAGs
[2022-05-24 12:06:24,306] {logging_mixin.py:104} INFO - [2022-05-24 12:06:24,306] {dag.py:2305} INFO - Setting next_dagrun for tutorial_taskflow_api_etl to None
[2022-05-24 12:06:24,349] {scheduler_job.py:190} INFO - Processing /home/airflow/.local/lib/python3.6/site-packages/airflow/example_dags/tutorial_taskflow_api_etl.py took 1.316 seconds
[2022-05-24 12:06:54,483] {scheduler_job.py:182} INFO - Started process (PID=918) to work on /home/airflow/.local/lib/python3.6/site-packages/airflow/example_dags/tutorial_taskflow_api_etl.py
[2022-05-24 12:06:54,488] {scheduler_job.py:633} INFO - Processing file /home/airflow/.local/lib/python3.6/site-packages/airflow/example_dags/tutorial_taskflow_api_etl.py for tasks to queue
[2022-05-24 12:06:54,491] {logging_mixin.py:104} INFO - [2022-05-24 12:06:54,490] {dagbag.py:487} INFO - Filling up the DagBag from /home/airflow/.local/lib/python3.6/site-packages/airflow/example_dags/tutorial_taskflow_api_etl.py
[2022-05-24 12:06:54,553] {scheduler_job.py:643} INFO - DAG(s) dict_keys(['tutorial_taskflow_api_etl']) retrieved from /home/airflow/.local/lib/python3.6/site-packages/airflow/example_dags/tutorial_taskflow_api_etl.py
[2022-05-24 12:06:55,706] {logging_mixin.py:104} INFO - [2022-05-24 12:06:55,705] {dag.py:1832} INFO - Sync 1 DAGs
[2022-05-24 12:06:55,746] {logging_mixin.py:104} INFO - [2022-05-24 12:06:55,745] {dag.py:2305} INFO - Setting next_dagrun for tutorial_taskflow_api_etl to None
[2022-05-24 12:06:55,781] {scheduler_job.py:190} INFO - Processing /home/airflow/.local/lib/python3.6/site-packages/airflow/example_dags/tutorial_taskflow_api_etl.py took 1.305 seconds
[2022-05-24 12:07:26,407] {scheduler_job.py:182} INFO - Started process (PID=1018) to work on /home/airflow/.local/lib/python3.6/site-packages/airflow/example_dags/tutorial_taskflow_api_etl.py
[2022-05-24 12:07:26,411] {scheduler_job.py:633} INFO - Processing file /home/airflow/.local/lib/python3.6/site-packages/airflow/example_dags/tutorial_taskflow_api_etl.py for tasks to queue
[2022-05-24 12:07:26,415] {logging_mixin.py:104} INFO - [2022-05-24 12:07:26,415] {dagbag.py:487} INFO - Filling up the DagBag from /home/airflow/.local/lib/python3.6/site-packages/airflow/example_dags/tutorial_taskflow_api_etl.py
[2022-05-24 12:07:26,606] {scheduler_job.py:643} INFO - DAG(s) dict_keys(['tutorial_taskflow_api_etl']) retrieved from /home/airflow/.local/lib/python3.6/site-packages/airflow/example_dags/tutorial_taskflow_api_etl.py
[2022-05-24 12:07:27,663] {logging_mixin.py:104} INFO - [2022-05-24 12:07:27,663] {dag.py:1832} INFO - Sync 1 DAGs
[2022-05-24 12:07:27,699] {logging_mixin.py:104} INFO - [2022-05-24 12:07:27,699] {dag.py:2305} INFO - Setting next_dagrun for tutorial_taskflow_api_etl to None
[2022-05-24 12:07:27,734] {scheduler_job.py:190} INFO - Processing /home/airflow/.local/lib/python3.6/site-packages/airflow/example_dags/tutorial_taskflow_api_etl.py took 1.334 seconds
[2022-05-24 12:07:58,379] {scheduler_job.py:182} INFO - Started process (PID=1128) to work on /home/airflow/.local/lib/python3.6/site-packages/airflow/example_dags/tutorial_taskflow_api_etl.py
[2022-05-24 12:07:58,390] {scheduler_job.py:633} INFO - Processing file /home/airflow/.local/lib/python3.6/site-packages/airflow/example_dags/tutorial_taskflow_api_etl.py for tasks to queue
[2022-05-24 12:07:58,396] {logging_mixin.py:104} INFO - [2022-05-24 12:07:58,395] {dagbag.py:487} INFO - Filling up the DagBag from /home/airflow/.local/lib/python3.6/site-packages/airflow/example_dags/tutorial_taskflow_api_etl.py
[2022-05-24 12:07:58,677] {scheduler_job.py:643} INFO - DAG(s) dict_keys(['tutorial_taskflow_api_etl']) retrieved from /home/airflow/.local/lib/python3.6/site-packages/airflow/example_dags/tutorial_taskflow_api_etl.py
[2022-05-24 12:07:59,881] {logging_mixin.py:104} INFO - [2022-05-24 12:07:59,880] {dag.py:1832} INFO - Sync 1 DAGs
[2022-05-24 12:07:59,922] {logging_mixin.py:104} INFO - [2022-05-24 12:07:59,921] {dag.py:2305} INFO - Setting next_dagrun for tutorial_taskflow_api_etl to None
[2022-05-24 12:07:59,973] {scheduler_job.py:190} INFO - Processing /home/airflow/.local/lib/python3.6/site-packages/airflow/example_dags/tutorial_taskflow_api_etl.py took 1.610 seconds
[2022-05-24 12:08:30,158] {scheduler_job.py:182} INFO - Started process (PID=1228) to work on /home/airflow/.local/lib/python3.6/site-packages/airflow/example_dags/tutorial_taskflow_api_etl.py
[2022-05-24 12:08:30,165] {scheduler_job.py:633} INFO - Processing file /home/airflow/.local/lib/python3.6/site-packages/airflow/example_dags/tutorial_taskflow_api_etl.py for tasks to queue
[2022-05-24 12:08:30,168] {logging_mixin.py:104} INFO - [2022-05-24 12:08:30,167] {dagbag.py:487} INFO - Filling up the DagBag from /home/airflow/.local/lib/python3.6/site-packages/airflow/example_dags/tutorial_taskflow_api_etl.py
[2022-05-24 12:08:30,312] {scheduler_job.py:643} INFO - DAG(s) dict_keys(['tutorial_taskflow_api_etl']) retrieved from /home/airflow/.local/lib/python3.6/site-packages/airflow/example_dags/tutorial_taskflow_api_etl.py
[2022-05-24 12:08:31,118] {logging_mixin.py:104} INFO - [2022-05-24 12:08:31,118] {dag.py:1832} INFO - Sync 1 DAGs
[2022-05-24 12:08:31,151] {logging_mixin.py:104} INFO - [2022-05-24 12:08:31,150] {dag.py:2305} INFO - Setting next_dagrun for tutorial_taskflow_api_etl to None
[2022-05-24 12:08:31,187] {scheduler_job.py:190} INFO - Processing /home/airflow/.local/lib/python3.6/site-packages/airflow/example_dags/tutorial_taskflow_api_etl.py took 1.035 seconds
[2022-05-24 12:09:01,787] {scheduler_job.py:182} INFO - Started process (PID=1336) to work on /home/airflow/.local/lib/python3.6/site-packages/airflow/example_dags/tutorial_taskflow_api_etl.py
[2022-05-24 12:09:01,792] {scheduler_job.py:633} INFO - Processing file /home/airflow/.local/lib/python3.6/site-packages/airflow/example_dags/tutorial_taskflow_api_etl.py for tasks to queue
[2022-05-24 12:09:01,797] {logging_mixin.py:104} INFO - [2022-05-24 12:09:01,796] {dagbag.py:487} INFO - Filling up the DagBag from /home/airflow/.local/lib/python3.6/site-packages/airflow/example_dags/tutorial_taskflow_api_etl.py
[2022-05-24 12:09:02,001] {scheduler_job.py:643} INFO - DAG(s) dict_keys(['tutorial_taskflow_api_etl']) retrieved from /home/airflow/.local/lib/python3.6/site-packages/airflow/example_dags/tutorial_taskflow_api_etl.py
[2022-05-24 12:09:03,280] {logging_mixin.py:104} INFO - [2022-05-24 12:09:03,280] {dag.py:1832} INFO - Sync 1 DAGs
[2022-05-24 12:09:03,331] {logging_mixin.py:104} INFO - [2022-05-24 12:09:03,330] {dag.py:2305} INFO - Setting next_dagrun for tutorial_taskflow_api_etl to None
[2022-05-24 12:09:03,384] {scheduler_job.py:190} INFO - Processing /home/airflow/.local/lib/python3.6/site-packages/airflow/example_dags/tutorial_taskflow_api_etl.py took 1.609 seconds
[2022-05-24 12:09:33,777] {scheduler_job.py:182} INFO - Started process (PID=1443) to work on /home/airflow/.local/lib/python3.6/site-packages/airflow/example_dags/tutorial_taskflow_api_etl.py
[2022-05-24 12:09:33,783] {scheduler_job.py:633} INFO - Processing file /home/airflow/.local/lib/python3.6/site-packages/airflow/example_dags/tutorial_taskflow_api_etl.py for tasks to queue
[2022-05-24 12:09:33,786] {logging_mixin.py:104} INFO - [2022-05-24 12:09:33,786] {dagbag.py:487} INFO - Filling up the DagBag from /home/airflow/.local/lib/python3.6/site-packages/airflow/example_dags/tutorial_taskflow_api_etl.py
[2022-05-24 12:09:33,976] {scheduler_job.py:643} INFO - DAG(s) dict_keys(['tutorial_taskflow_api_etl']) retrieved from /home/airflow/.local/lib/python3.6/site-packages/airflow/example_dags/tutorial_taskflow_api_etl.py
[2022-05-24 12:09:35,079] {logging_mixin.py:104} INFO - [2022-05-24 12:09:35,079] {dag.py:1832} INFO - Sync 1 DAGs
[2022-05-24 12:09:35,132] {logging_mixin.py:104} INFO - [2022-05-24 12:09:35,131] {dag.py:2305} INFO - Setting next_dagrun for tutorial_taskflow_api_etl to None
[2022-05-24 12:09:35,172] {scheduler_job.py:190} INFO - Processing /home/airflow/.local/lib/python3.6/site-packages/airflow/example_dags/tutorial_taskflow_api_etl.py took 1.402 seconds
[2022-05-24 12:10:05,680] {scheduler_job.py:182} INFO - Started process (PID=1548) to work on /home/airflow/.local/lib/python3.6/site-packages/airflow/example_dags/tutorial_taskflow_api_etl.py
[2022-05-24 12:10:05,688] {scheduler_job.py:633} INFO - Processing file /home/airflow/.local/lib/python3.6/site-packages/airflow/example_dags/tutorial_taskflow_api_etl.py for tasks to queue
[2022-05-24 12:10:05,695] {logging_mixin.py:104} INFO - [2022-05-24 12:10:05,694] {dagbag.py:487} INFO - Filling up the DagBag from /home/airflow/.local/lib/python3.6/site-packages/airflow/example_dags/tutorial_taskflow_api_etl.py
[2022-05-24 12:10:06,079] {scheduler_job.py:643} INFO - DAG(s) dict_keys(['tutorial_taskflow_api_etl']) retrieved from /home/airflow/.local/lib/python3.6/site-packages/airflow/example_dags/tutorial_taskflow_api_etl.py
[2022-05-24 12:10:07,755] {logging_mixin.py:104} INFO - [2022-05-24 12:10:07,754] {dag.py:1832} INFO - Sync 1 DAGs
[2022-05-24 12:10:07,800] {logging_mixin.py:104} INFO - [2022-05-24 12:10:07,800] {dag.py:2305} INFO - Setting next_dagrun for tutorial_taskflow_api_etl to None
[2022-05-24 12:10:07,841] {scheduler_job.py:190} INFO - Processing /home/airflow/.local/lib/python3.6/site-packages/airflow/example_dags/tutorial_taskflow_api_etl.py took 2.169 seconds
[2022-05-24 12:10:37,947] {scheduler_job.py:182} INFO - Started process (PID=1658) to work on /home/airflow/.local/lib/python3.6/site-packages/airflow/example_dags/tutorial_taskflow_api_etl.py
[2022-05-24 12:10:37,951] {scheduler_job.py:633} INFO - Processing file /home/airflow/.local/lib/python3.6/site-packages/airflow/example_dags/tutorial_taskflow_api_etl.py for tasks to queue
[2022-05-24 12:10:37,954] {logging_mixin.py:104} INFO - [2022-05-24 12:10:37,953] {dagbag.py:487} INFO - Filling up the DagBag from /home/airflow/.local/lib/python3.6/site-packages/airflow/example_dags/tutorial_taskflow_api_etl.py
[2022-05-24 12:10:38,127] {scheduler_job.py:643} INFO - DAG(s) dict_keys(['tutorial_taskflow_api_etl']) retrieved from /home/airflow/.local/lib/python3.6/site-packages/airflow/example_dags/tutorial_taskflow_api_etl.py
[2022-05-24 12:10:39,125] {logging_mixin.py:104} INFO - [2022-05-24 12:10:39,124] {dag.py:1832} INFO - Sync 1 DAGs
[2022-05-24 12:10:39,162] {logging_mixin.py:104} INFO - [2022-05-24 12:10:39,162] {dag.py:2305} INFO - Setting next_dagrun for tutorial_taskflow_api_etl to None
[2022-05-24 12:10:39,197] {scheduler_job.py:190} INFO - Processing /home/airflow/.local/lib/python3.6/site-packages/airflow/example_dags/tutorial_taskflow_api_etl.py took 1.258 seconds
[2022-05-24 12:11:09,301] {scheduler_job.py:182} INFO - Started process (PID=1754) to work on /home/airflow/.local/lib/python3.6/site-packages/airflow/example_dags/tutorial_taskflow_api_etl.py
[2022-05-24 12:11:09,306] {scheduler_job.py:633} INFO - Processing file /home/airflow/.local/lib/python3.6/site-packages/airflow/example_dags/tutorial_taskflow_api_etl.py for tasks to queue
[2022-05-24 12:11:09,309] {logging_mixin.py:104} INFO - [2022-05-24 12:11:09,308] {dagbag.py:487} INFO - Filling up the DagBag from /home/airflow/.local/lib/python3.6/site-packages/airflow/example_dags/tutorial_taskflow_api_etl.py
[2022-05-24 12:11:09,455] {scheduler_job.py:643} INFO - DAG(s) dict_keys(['tutorial_taskflow_api_etl']) retrieved from /home/airflow/.local/lib/python3.6/site-packages/airflow/example_dags/tutorial_taskflow_api_etl.py
[2022-05-24 12:11:10,193] {logging_mixin.py:104} INFO - [2022-05-24 12:11:10,193] {dag.py:1832} INFO - Sync 1 DAGs
[2022-05-24 12:11:10,222] {logging_mixin.py:104} INFO - [2022-05-24 12:11:10,221] {dag.py:2305} INFO - Setting next_dagrun for tutorial_taskflow_api_etl to None
[2022-05-24 12:11:10,248] {scheduler_job.py:190} INFO - Processing /home/airflow/.local/lib/python3.6/site-packages/airflow/example_dags/tutorial_taskflow_api_etl.py took 0.956 seconds
[2022-05-24 12:11:40,900] {scheduler_job.py:182} INFO - Started process (PID=1862) to work on /home/airflow/.local/lib/python3.6/site-packages/airflow/example_dags/tutorial_taskflow_api_etl.py
[2022-05-24 12:11:41,027] {scheduler_job.py:633} INFO - Processing file /home/airflow/.local/lib/python3.6/site-packages/airflow/example_dags/tutorial_taskflow_api_etl.py for tasks to queue
[2022-05-24 12:11:41,031] {logging_mixin.py:104} INFO - [2022-05-24 12:11:41,030] {dagbag.py:487} INFO - Filling up the DagBag from /home/airflow/.local/lib/python3.6/site-packages/airflow/example_dags/tutorial_taskflow_api_etl.py
[2022-05-24 12:11:41,090] {scheduler_job.py:643} INFO - DAG(s) dict_keys(['tutorial_taskflow_api_etl']) retrieved from /home/airflow/.local/lib/python3.6/site-packages/airflow/example_dags/tutorial_taskflow_api_etl.py
[2022-05-24 12:11:42,099] {logging_mixin.py:104} INFO - [2022-05-24 12:11:42,099] {dag.py:1832} INFO - Sync 1 DAGs
[2022-05-24 12:11:42,135] {logging_mixin.py:104} INFO - [2022-05-24 12:11:42,134] {dag.py:2305} INFO - Setting next_dagrun for tutorial_taskflow_api_etl to None
[2022-05-24 12:11:42,168] {scheduler_job.py:190} INFO - Processing /home/airflow/.local/lib/python3.6/site-packages/airflow/example_dags/tutorial_taskflow_api_etl.py took 1.275 seconds
[2022-05-24 12:12:13,046] {scheduler_job.py:182} INFO - Started process (PID=1960) to work on /home/airflow/.local/lib/python3.6/site-packages/airflow/example_dags/tutorial_taskflow_api_etl.py
[2022-05-24 12:12:13,051] {scheduler_job.py:633} INFO - Processing file /home/airflow/.local/lib/python3.6/site-packages/airflow/example_dags/tutorial_taskflow_api_etl.py for tasks to queue
[2022-05-24 12:12:13,054] {logging_mixin.py:104} INFO - [2022-05-24 12:12:13,053] {dagbag.py:487} INFO - Filling up the DagBag from /home/airflow/.local/lib/python3.6/site-packages/airflow/example_dags/tutorial_taskflow_api_etl.py
[2022-05-24 12:12:13,111] {scheduler_job.py:643} INFO - DAG(s) dict_keys(['tutorial_taskflow_api_etl']) retrieved from /home/airflow/.local/lib/python3.6/site-packages/airflow/example_dags/tutorial_taskflow_api_etl.py
[2022-05-24 12:12:14,366] {logging_mixin.py:104} INFO - [2022-05-24 12:12:14,365] {dag.py:1832} INFO - Sync 1 DAGs
[2022-05-24 12:12:14,408] {logging_mixin.py:104} INFO - [2022-05-24 12:12:14,407] {dag.py:2305} INFO - Setting next_dagrun for tutorial_taskflow_api_etl to None
[2022-05-24 12:12:14,446] {scheduler_job.py:190} INFO - Processing /home/airflow/.local/lib/python3.6/site-packages/airflow/example_dags/tutorial_taskflow_api_etl.py took 1.407 seconds
[2022-05-24 12:12:45,493] {scheduler_job.py:182} INFO - Started process (PID=2074) to work on /home/airflow/.local/lib/python3.6/site-packages/airflow/example_dags/tutorial_taskflow_api_etl.py
[2022-05-24 12:12:45,498] {scheduler_job.py:633} INFO - Processing file /home/airflow/.local/lib/python3.6/site-packages/airflow/example_dags/tutorial_taskflow_api_etl.py for tasks to queue
[2022-05-24 12:12:45,502] {logging_mixin.py:104} INFO - [2022-05-24 12:12:45,502] {dagbag.py:487} INFO - Filling up the DagBag from /home/airflow/.local/lib/python3.6/site-packages/airflow/example_dags/tutorial_taskflow_api_etl.py
[2022-05-24 12:12:45,626] {scheduler_job.py:643} INFO - DAG(s) dict_keys(['tutorial_taskflow_api_etl']) retrieved from /home/airflow/.local/lib/python3.6/site-packages/airflow/example_dags/tutorial_taskflow_api_etl.py
[2022-05-24 12:12:46,637] {logging_mixin.py:104} INFO - [2022-05-24 12:12:46,636] {dag.py:1832} INFO - Sync 1 DAGs
[2022-05-24 12:12:46,671] {logging_mixin.py:104} INFO - [2022-05-24 12:12:46,671] {dag.py:2305} INFO - Setting next_dagrun for tutorial_taskflow_api_etl to None
[2022-05-24 12:12:46,706] {scheduler_job.py:190} INFO - Processing /home/airflow/.local/lib/python3.6/site-packages/airflow/example_dags/tutorial_taskflow_api_etl.py took 1.229 seconds
