[2022-05-24 12:04:09,377] {scheduler_job.py:182} INFO - Started process (PID=540) to work on /home/airflow/.local/lib/python3.6/site-packages/airflow/example_dags/tutorial.py
[2022-05-24 12:04:09,382] {scheduler_job.py:633} INFO - Processing file /home/airflow/.local/lib/python3.6/site-packages/airflow/example_dags/tutorial.py for tasks to queue
[2022-05-24 12:04:09,386] {logging_mixin.py:104} INFO - [2022-05-24 12:04:09,386] {dagbag.py:487} INFO - Filling up the DagBag from /home/airflow/.local/lib/python3.6/site-packages/airflow/example_dags/tutorial.py
[2022-05-24 12:04:09,439] {scheduler_job.py:643} INFO - DAG(s) dict_keys(['tutorial']) retrieved from /home/airflow/.local/lib/python3.6/site-packages/airflow/example_dags/tutorial.py
[2022-05-24 12:04:21,576] {logging_mixin.py:104} INFO - [2022-05-24 12:04:21,569] {dag.py:1832} INFO - Sync 1 DAGs
[2022-05-24 12:04:21,630] {logging_mixin.py:104} INFO - [2022-05-24 12:04:21,623] {dag.py:1851} INFO - Creating ORM DAG for tutorial
[2022-05-24 12:04:21,650] {logging_mixin.py:104} INFO - [2022-05-24 12:04:21,649] {dag.py:2305} INFO - Setting next_dagrun for tutorial to 2022-05-22 00:00:00+00:00
[2022-05-24 12:04:21,691] {scheduler_job.py:190} INFO - Processing /home/airflow/.local/lib/python3.6/site-packages/airflow/example_dags/tutorial.py took 12.333 seconds
[2022-05-24 12:06:00,125] {scheduler_job.py:182} INFO - Started process (PID=756) to work on /home/airflow/.local/lib/python3.6/site-packages/airflow/example_dags/tutorial.py
[2022-05-24 12:06:00,139] {scheduler_job.py:633} INFO - Processing file /home/airflow/.local/lib/python3.6/site-packages/airflow/example_dags/tutorial.py for tasks to queue
[2022-05-24 12:06:00,143] {logging_mixin.py:104} INFO - [2022-05-24 12:06:00,143] {dagbag.py:487} INFO - Filling up the DagBag from /home/airflow/.local/lib/python3.6/site-packages/airflow/example_dags/tutorial.py
[2022-05-24 12:06:00,196] {scheduler_job.py:643} INFO - DAG(s) dict_keys(['tutorial']) retrieved from /home/airflow/.local/lib/python3.6/site-packages/airflow/example_dags/tutorial.py
[2022-05-24 12:06:00,267] {logging_mixin.py:104} INFO - [2022-05-24 12:06:00,267] {dag.py:1832} INFO - Sync 1 DAGs
[2022-05-24 12:06:00,436] {logging_mixin.py:104} INFO - [2022-05-24 12:06:00,435] {dag.py:2305} INFO - Setting next_dagrun for tutorial to 2022-05-22 00:00:00+00:00
[2022-05-24 12:06:00,468] {scheduler_job.py:190} INFO - Processing /home/airflow/.local/lib/python3.6/site-packages/airflow/example_dags/tutorial.py took 0.351 seconds
[2022-05-24 12:06:30,608] {scheduler_job.py:182} INFO - Started process (PID=845) to work on /home/airflow/.local/lib/python3.6/site-packages/airflow/example_dags/tutorial.py
[2022-05-24 12:06:30,613] {scheduler_job.py:633} INFO - Processing file /home/airflow/.local/lib/python3.6/site-packages/airflow/example_dags/tutorial.py for tasks to queue
[2022-05-24 12:06:30,616] {logging_mixin.py:104} INFO - [2022-05-24 12:06:30,616] {dagbag.py:487} INFO - Filling up the DagBag from /home/airflow/.local/lib/python3.6/site-packages/airflow/example_dags/tutorial.py
[2022-05-24 12:06:30,659] {scheduler_job.py:643} INFO - DAG(s) dict_keys(['tutorial']) retrieved from /home/airflow/.local/lib/python3.6/site-packages/airflow/example_dags/tutorial.py
[2022-05-24 12:06:30,720] {logging_mixin.py:104} INFO - [2022-05-24 12:06:30,719] {dag.py:1832} INFO - Sync 1 DAGs
[2022-05-24 12:06:30,868] {logging_mixin.py:104} INFO - [2022-05-24 12:06:30,867] {dag.py:2305} INFO - Setting next_dagrun for tutorial to 2022-05-22 00:00:00+00:00
[2022-05-24 12:06:30,890] {scheduler_job.py:190} INFO - Processing /home/airflow/.local/lib/python3.6/site-packages/airflow/example_dags/tutorial.py took 0.291 seconds
[2022-05-24 12:07:01,052] {scheduler_job.py:182} INFO - Started process (PID=955) to work on /home/airflow/.local/lib/python3.6/site-packages/airflow/example_dags/tutorial.py
[2022-05-24 12:07:01,057] {scheduler_job.py:633} INFO - Processing file /home/airflow/.local/lib/python3.6/site-packages/airflow/example_dags/tutorial.py for tasks to queue
[2022-05-24 12:07:01,061] {logging_mixin.py:104} INFO - [2022-05-24 12:07:01,060] {dagbag.py:487} INFO - Filling up the DagBag from /home/airflow/.local/lib/python3.6/site-packages/airflow/example_dags/tutorial.py
[2022-05-24 12:07:01,109] {scheduler_job.py:643} INFO - DAG(s) dict_keys(['tutorial']) retrieved from /home/airflow/.local/lib/python3.6/site-packages/airflow/example_dags/tutorial.py
[2022-05-24 12:07:01,174] {logging_mixin.py:104} INFO - [2022-05-24 12:07:01,174] {dag.py:1832} INFO - Sync 1 DAGs
[2022-05-24 12:07:01,423] {logging_mixin.py:104} INFO - [2022-05-24 12:07:01,423] {dag.py:2305} INFO - Setting next_dagrun for tutorial to 2022-05-22 00:00:00+00:00
[2022-05-24 12:07:01,490] {scheduler_job.py:190} INFO - Processing /home/airflow/.local/lib/python3.6/site-packages/airflow/example_dags/tutorial.py took 0.446 seconds
[2022-05-24 12:07:32,391] {scheduler_job.py:182} INFO - Started process (PID=1046) to work on /home/airflow/.local/lib/python3.6/site-packages/airflow/example_dags/tutorial.py
[2022-05-24 12:07:32,395] {scheduler_job.py:633} INFO - Processing file /home/airflow/.local/lib/python3.6/site-packages/airflow/example_dags/tutorial.py for tasks to queue
[2022-05-24 12:07:32,397] {logging_mixin.py:104} INFO - [2022-05-24 12:07:32,397] {dagbag.py:487} INFO - Filling up the DagBag from /home/airflow/.local/lib/python3.6/site-packages/airflow/example_dags/tutorial.py
[2022-05-24 12:07:32,433] {scheduler_job.py:643} INFO - DAG(s) dict_keys(['tutorial']) retrieved from /home/airflow/.local/lib/python3.6/site-packages/airflow/example_dags/tutorial.py
[2022-05-24 12:07:32,580] {logging_mixin.py:104} INFO - [2022-05-24 12:07:32,580] {dag.py:1832} INFO - Sync 1 DAGs
[2022-05-24 12:07:32,614] {logging_mixin.py:104} INFO - [2022-05-24 12:07:32,613] {dag.py:2305} INFO - Setting next_dagrun for tutorial to 2022-05-22 00:00:00+00:00
[2022-05-24 12:07:32,641] {scheduler_job.py:190} INFO - Processing /home/airflow/.local/lib/python3.6/site-packages/airflow/example_dags/tutorial.py took 0.256 seconds
[2022-05-24 12:08:03,462] {scheduler_job.py:182} INFO - Started process (PID=1153) to work on /home/airflow/.local/lib/python3.6/site-packages/airflow/example_dags/tutorial.py
[2022-05-24 12:08:03,467] {scheduler_job.py:633} INFO - Processing file /home/airflow/.local/lib/python3.6/site-packages/airflow/example_dags/tutorial.py for tasks to queue
[2022-05-24 12:08:03,470] {logging_mixin.py:104} INFO - [2022-05-24 12:08:03,470] {dagbag.py:487} INFO - Filling up the DagBag from /home/airflow/.local/lib/python3.6/site-packages/airflow/example_dags/tutorial.py
[2022-05-24 12:08:03,520] {scheduler_job.py:643} INFO - DAG(s) dict_keys(['tutorial']) retrieved from /home/airflow/.local/lib/python3.6/site-packages/airflow/example_dags/tutorial.py
[2022-05-24 12:08:03,705] {logging_mixin.py:104} INFO - [2022-05-24 12:08:03,704] {dag.py:1832} INFO - Sync 1 DAGs
[2022-05-24 12:08:03,748] {logging_mixin.py:104} INFO - [2022-05-24 12:08:03,748] {dag.py:2305} INFO - Setting next_dagrun for tutorial to 2022-05-22 00:00:00+00:00
[2022-05-24 12:08:03,780] {scheduler_job.py:190} INFO - Processing /home/airflow/.local/lib/python3.6/site-packages/airflow/example_dags/tutorial.py took 0.339 seconds
[2022-05-24 12:08:33,913] {scheduler_job.py:182} INFO - Started process (PID=1254) to work on /home/airflow/.local/lib/python3.6/site-packages/airflow/example_dags/tutorial.py
[2022-05-24 12:08:33,926] {scheduler_job.py:633} INFO - Processing file /home/airflow/.local/lib/python3.6/site-packages/airflow/example_dags/tutorial.py for tasks to queue
[2022-05-24 12:08:33,929] {logging_mixin.py:104} INFO - [2022-05-24 12:08:33,929] {dagbag.py:487} INFO - Filling up the DagBag from /home/airflow/.local/lib/python3.6/site-packages/airflow/example_dags/tutorial.py
[2022-05-24 12:08:34,103] {scheduler_job.py:643} INFO - DAG(s) dict_keys(['tutorial']) retrieved from /home/airflow/.local/lib/python3.6/site-packages/airflow/example_dags/tutorial.py
[2022-05-24 12:08:34,163] {logging_mixin.py:104} INFO - [2022-05-24 12:08:34,162] {dag.py:1832} INFO - Sync 1 DAGs
[2022-05-24 12:08:34,203] {logging_mixin.py:104} INFO - [2022-05-24 12:08:34,202] {dag.py:2305} INFO - Setting next_dagrun for tutorial to 2022-05-22 00:00:00+00:00
[2022-05-24 12:08:34,241] {scheduler_job.py:190} INFO - Processing /home/airflow/.local/lib/python3.6/site-packages/airflow/example_dags/tutorial.py took 0.336 seconds
[2022-05-24 12:09:04,494] {scheduler_job.py:182} INFO - Started process (PID=1352) to work on /home/airflow/.local/lib/python3.6/site-packages/airflow/example_dags/tutorial.py
[2022-05-24 12:09:04,505] {scheduler_job.py:633} INFO - Processing file /home/airflow/.local/lib/python3.6/site-packages/airflow/example_dags/tutorial.py for tasks to queue
[2022-05-24 12:09:04,509] {logging_mixin.py:104} INFO - [2022-05-24 12:09:04,508] {dagbag.py:487} INFO - Filling up the DagBag from /home/airflow/.local/lib/python3.6/site-packages/airflow/example_dags/tutorial.py
[2022-05-24 12:09:04,777] {scheduler_job.py:643} INFO - DAG(s) dict_keys(['tutorial']) retrieved from /home/airflow/.local/lib/python3.6/site-packages/airflow/example_dags/tutorial.py
[2022-05-24 12:09:04,943] {logging_mixin.py:104} INFO - [2022-05-24 12:09:04,931] {dag.py:1832} INFO - Sync 1 DAGs
[2022-05-24 12:09:05,003] {logging_mixin.py:104} INFO - [2022-05-24 12:09:05,002] {dag.py:2305} INFO - Setting next_dagrun for tutorial to 2022-05-22 00:00:00+00:00
[2022-05-24 12:09:05,035] {scheduler_job.py:190} INFO - Processing /home/airflow/.local/lib/python3.6/site-packages/airflow/example_dags/tutorial.py took 0.560 seconds
[2022-05-24 12:09:35,234] {scheduler_job.py:182} INFO - Started process (PID=1452) to work on /home/airflow/.local/lib/python3.6/site-packages/airflow/example_dags/tutorial.py
[2022-05-24 12:09:35,239] {scheduler_job.py:633} INFO - Processing file /home/airflow/.local/lib/python3.6/site-packages/airflow/example_dags/tutorial.py for tasks to queue
[2022-05-24 12:09:35,253] {logging_mixin.py:104} INFO - [2022-05-24 12:09:35,252] {dagbag.py:487} INFO - Filling up the DagBag from /home/airflow/.local/lib/python3.6/site-packages/airflow/example_dags/tutorial.py
[2022-05-24 12:09:35,444] {scheduler_job.py:643} INFO - DAG(s) dict_keys(['tutorial']) retrieved from /home/airflow/.local/lib/python3.6/site-packages/airflow/example_dags/tutorial.py
[2022-05-24 12:09:35,540] {logging_mixin.py:104} INFO - [2022-05-24 12:09:35,539] {dag.py:1832} INFO - Sync 1 DAGs
[2022-05-24 12:09:35,627] {logging_mixin.py:104} INFO - [2022-05-24 12:09:35,627] {dag.py:2305} INFO - Setting next_dagrun for tutorial to 2022-05-22 00:00:00+00:00
[2022-05-24 12:09:35,689] {scheduler_job.py:190} INFO - Processing /home/airflow/.local/lib/python3.6/site-packages/airflow/example_dags/tutorial.py took 0.463 seconds
[2022-05-24 12:10:05,758] {scheduler_job.py:182} INFO - Started process (PID=1550) to work on /home/airflow/.local/lib/python3.6/site-packages/airflow/example_dags/tutorial.py
[2022-05-24 12:10:05,770] {scheduler_job.py:633} INFO - Processing file /home/airflow/.local/lib/python3.6/site-packages/airflow/example_dags/tutorial.py for tasks to queue
[2022-05-24 12:10:05,779] {logging_mixin.py:104} INFO - [2022-05-24 12:10:05,778] {dagbag.py:487} INFO - Filling up the DagBag from /home/airflow/.local/lib/python3.6/site-packages/airflow/example_dags/tutorial.py
[2022-05-24 12:10:06,091] {scheduler_job.py:643} INFO - DAG(s) dict_keys(['tutorial']) retrieved from /home/airflow/.local/lib/python3.6/site-packages/airflow/example_dags/tutorial.py
[2022-05-24 12:10:06,233] {logging_mixin.py:104} INFO - [2022-05-24 12:10:06,232] {dag.py:1832} INFO - Sync 1 DAGs
[2022-05-24 12:10:06,336] {logging_mixin.py:104} INFO - [2022-05-24 12:10:06,335] {dag.py:2305} INFO - Setting next_dagrun for tutorial to 2022-05-22 00:00:00+00:00
[2022-05-24 12:10:06,416] {scheduler_job.py:190} INFO - Processing /home/airflow/.local/lib/python3.6/site-packages/airflow/example_dags/tutorial.py took 0.672 seconds
[2022-05-24 12:10:36,506] {scheduler_job.py:182} INFO - Started process (PID=1654) to work on /home/airflow/.local/lib/python3.6/site-packages/airflow/example_dags/tutorial.py
[2022-05-24 12:10:36,511] {scheduler_job.py:633} INFO - Processing file /home/airflow/.local/lib/python3.6/site-packages/airflow/example_dags/tutorial.py for tasks to queue
[2022-05-24 12:10:36,514] {logging_mixin.py:104} INFO - [2022-05-24 12:10:36,514] {dagbag.py:487} INFO - Filling up the DagBag from /home/airflow/.local/lib/python3.6/site-packages/airflow/example_dags/tutorial.py
[2022-05-24 12:10:36,670] {scheduler_job.py:643} INFO - DAG(s) dict_keys(['tutorial']) retrieved from /home/airflow/.local/lib/python3.6/site-packages/airflow/example_dags/tutorial.py
[2022-05-24 12:10:36,725] {logging_mixin.py:104} INFO - [2022-05-24 12:10:36,725] {dag.py:1832} INFO - Sync 1 DAGs
[2022-05-24 12:10:36,763] {logging_mixin.py:104} INFO - [2022-05-24 12:10:36,763] {dag.py:2305} INFO - Setting next_dagrun for tutorial to 2022-05-22 00:00:00+00:00
[2022-05-24 12:10:36,791] {scheduler_job.py:190} INFO - Processing /home/airflow/.local/lib/python3.6/site-packages/airflow/example_dags/tutorial.py took 0.293 seconds
[2022-05-24 12:11:06,965] {scheduler_job.py:182} INFO - Started process (PID=1750) to work on /home/airflow/.local/lib/python3.6/site-packages/airflow/example_dags/tutorial.py
[2022-05-24 12:11:06,970] {scheduler_job.py:633} INFO - Processing file /home/airflow/.local/lib/python3.6/site-packages/airflow/example_dags/tutorial.py for tasks to queue
[2022-05-24 12:11:06,973] {logging_mixin.py:104} INFO - [2022-05-24 12:11:06,973] {dagbag.py:487} INFO - Filling up the DagBag from /home/airflow/.local/lib/python3.6/site-packages/airflow/example_dags/tutorial.py
[2022-05-24 12:11:07,123] {scheduler_job.py:643} INFO - DAG(s) dict_keys(['tutorial']) retrieved from /home/airflow/.local/lib/python3.6/site-packages/airflow/example_dags/tutorial.py
[2022-05-24 12:11:07,174] {logging_mixin.py:104} INFO - [2022-05-24 12:11:07,174] {dag.py:1832} INFO - Sync 1 DAGs
[2022-05-24 12:11:07,208] {logging_mixin.py:104} INFO - [2022-05-24 12:11:07,207] {dag.py:2305} INFO - Setting next_dagrun for tutorial to 2022-05-22 00:00:00+00:00
[2022-05-24 12:11:07,234] {scheduler_job.py:190} INFO - Processing /home/airflow/.local/lib/python3.6/site-packages/airflow/example_dags/tutorial.py took 0.276 seconds
[2022-05-24 12:11:37,559] {scheduler_job.py:182} INFO - Started process (PID=1855) to work on /home/airflow/.local/lib/python3.6/site-packages/airflow/example_dags/tutorial.py
[2022-05-24 12:11:37,676] {scheduler_job.py:633} INFO - Processing file /home/airflow/.local/lib/python3.6/site-packages/airflow/example_dags/tutorial.py for tasks to queue
[2022-05-24 12:11:37,679] {logging_mixin.py:104} INFO - [2022-05-24 12:11:37,679] {dagbag.py:487} INFO - Filling up the DagBag from /home/airflow/.local/lib/python3.6/site-packages/airflow/example_dags/tutorial.py
[2022-05-24 12:11:37,718] {scheduler_job.py:643} INFO - DAG(s) dict_keys(['tutorial']) retrieved from /home/airflow/.local/lib/python3.6/site-packages/airflow/example_dags/tutorial.py
[2022-05-24 12:11:37,771] {logging_mixin.py:104} INFO - [2022-05-24 12:11:37,771] {dag.py:1832} INFO - Sync 1 DAGs
[2022-05-24 12:11:37,808] {logging_mixin.py:104} INFO - [2022-05-24 12:11:37,807] {dag.py:2305} INFO - Setting next_dagrun for tutorial to 2022-05-22 00:00:00+00:00
[2022-05-24 12:11:37,837] {scheduler_job.py:190} INFO - Processing /home/airflow/.local/lib/python3.6/site-packages/airflow/example_dags/tutorial.py took 0.285 seconds
[2022-05-24 12:12:08,609] {scheduler_job.py:182} INFO - Started process (PID=1952) to work on /home/airflow/.local/lib/python3.6/site-packages/airflow/example_dags/tutorial.py
[2022-05-24 12:12:08,613] {scheduler_job.py:633} INFO - Processing file /home/airflow/.local/lib/python3.6/site-packages/airflow/example_dags/tutorial.py for tasks to queue
[2022-05-24 12:12:08,616] {logging_mixin.py:104} INFO - [2022-05-24 12:12:08,616] {dagbag.py:487} INFO - Filling up the DagBag from /home/airflow/.local/lib/python3.6/site-packages/airflow/example_dags/tutorial.py
[2022-05-24 12:12:08,655] {scheduler_job.py:643} INFO - DAG(s) dict_keys(['tutorial']) retrieved from /home/airflow/.local/lib/python3.6/site-packages/airflow/example_dags/tutorial.py
[2022-05-24 12:12:08,709] {logging_mixin.py:104} INFO - [2022-05-24 12:12:08,709] {dag.py:1832} INFO - Sync 1 DAGs
[2022-05-24 12:12:08,743] {logging_mixin.py:104} INFO - [2022-05-24 12:12:08,742] {dag.py:2305} INFO - Setting next_dagrun for tutorial to 2022-05-22 00:00:00+00:00
[2022-05-24 12:12:08,774] {scheduler_job.py:190} INFO - Processing /home/airflow/.local/lib/python3.6/site-packages/airflow/example_dags/tutorial.py took 0.172 seconds
[2022-05-24 12:12:39,296] {scheduler_job.py:182} INFO - Started process (PID=2059) to work on /home/airflow/.local/lib/python3.6/site-packages/airflow/example_dags/tutorial.py
[2022-05-24 12:12:39,303] {scheduler_job.py:633} INFO - Processing file /home/airflow/.local/lib/python3.6/site-packages/airflow/example_dags/tutorial.py for tasks to queue
[2022-05-24 12:12:39,308] {logging_mixin.py:104} INFO - [2022-05-24 12:12:39,308] {dagbag.py:487} INFO - Filling up the DagBag from /home/airflow/.local/lib/python3.6/site-packages/airflow/example_dags/tutorial.py
[2022-05-24 12:12:39,390] {scheduler_job.py:643} INFO - DAG(s) dict_keys(['tutorial']) retrieved from /home/airflow/.local/lib/python3.6/site-packages/airflow/example_dags/tutorial.py
[2022-05-24 12:12:39,520] {logging_mixin.py:104} INFO - [2022-05-24 12:12:39,520] {dag.py:1832} INFO - Sync 1 DAGs
[2022-05-24 12:12:39,572] {logging_mixin.py:104} INFO - [2022-05-24 12:12:39,572] {dag.py:2305} INFO - Setting next_dagrun for tutorial to 2022-05-22 00:00:00+00:00
[2022-05-24 12:12:39,602] {scheduler_job.py:190} INFO - Processing /home/airflow/.local/lib/python3.6/site-packages/airflow/example_dags/tutorial.py took 0.314 seconds
