[2022-07-30 14:51:45,488] {taskinstance.py:1159} INFO - Dependencies all met for <TaskInstance: my_first_dag.print_date scheduled__2022-07-28T00:00:00+00:00 [queued]>
[2022-07-30 14:51:45,510] {taskinstance.py:1159} INFO - Dependencies all met for <TaskInstance: my_first_dag.print_date scheduled__2022-07-28T00:00:00+00:00 [queued]>
[2022-07-30 14:51:45,512] {taskinstance.py:1356} INFO - 
--------------------------------------------------------------------------------
[2022-07-30 14:51:45,513] {taskinstance.py:1357} INFO - Starting attempt 1 of 1
[2022-07-30 14:51:45,513] {taskinstance.py:1358} INFO - 
--------------------------------------------------------------------------------
[2022-07-30 14:51:45,538] {taskinstance.py:1377} INFO - Executing <Task(BashOperator): print_date> on 2022-07-28 00:00:00+00:00
[2022-07-30 14:51:45,552] {standard_task_runner.py:52} INFO - Started process 59170 to run task
[2022-07-30 14:51:45,557] {standard_task_runner.py:79} INFO - Running: ['airflow', 'tasks', 'run', 'my_first_dag', 'print_date', 'scheduled__2022-07-28T00:00:00+00:00', '--job-id', '175', '--raw', '--subdir', 'DAGS_FOLDER/test.py', '--cfg-path', '/var/folders/6v/f1q42tlx39bf4xb4nltqccj00000gn/T/tmp43qkc5ro', '--error-file', '/var/folders/6v/f1q42tlx39bf4xb4nltqccj00000gn/T/tmpkr9qo2ru']
[2022-07-30 14:51:45,559] {standard_task_runner.py:80} INFO - Job 175: Subtask print_date
[2022-07-30 14:51:45,712] {task_command.py:369} INFO - Running <TaskInstance: my_first_dag.print_date scheduled__2022-07-28T00:00:00+00:00 [running]> on host janghuisuui-MacBookAir.local
[2022-07-30 14:51:45,844] {taskinstance.py:1569} INFO - Exporting the following env vars:
AIRFLOW_CTX_DAG_OWNER=jovyan
AIRFLOW_CTX_DAG_ID=my_first_dag
AIRFLOW_CTX_TASK_ID=print_date
AIRFLOW_CTX_EXECUTION_DATE=2022-07-28T00:00:00+00:00
AIRFLOW_CTX_TRY_NUMBER=1
AIRFLOW_CTX_DAG_RUN_ID=scheduled__2022-07-28T00:00:00+00:00
[2022-07-30 14:51:45,844] {subprocess.py:62} INFO - Tmp dir root location: 
 /var/folders/6v/f1q42tlx39bf4xb4nltqccj00000gn/T
[2022-07-30 14:51:45,845] {subprocess.py:74} INFO - Running command: ['bash', '-c', 'echo "hello world"']
[2022-07-30 14:51:45,858] {subprocess.py:85} INFO - Output:
[2022-07-30 14:51:45,864] {subprocess.py:92} INFO - hello world
[2022-07-30 14:51:45,865] {subprocess.py:96} INFO - Command exited with return code 0
[2022-07-30 14:51:45,915] {taskinstance.py:1395} INFO - Marking task as SUCCESS. dag_id=my_first_dag, task_id=print_date, execution_date=20220728T000000, start_date=20220730T055145, end_date=20220730T055145
[2022-07-30 14:51:45,943] {local_task_job.py:156} INFO - Task exited with return code 0
[2022-07-30 14:51:46,041] {local_task_job.py:273} INFO - 1 downstream tasks scheduled from follow-on schedule check
