[2022-07-27 21:39:35,547] {taskinstance.py:1159} INFO - Dependencies all met for <TaskInstance: my_python_dag.task_1 scheduled__2022-07-26T00:00:00+00:00 [queued]>
[2022-07-27 21:39:35,561] {taskinstance.py:1159} INFO - Dependencies all met for <TaskInstance: my_python_dag.task_1 scheduled__2022-07-26T00:00:00+00:00 [queued]>
[2022-07-27 21:39:35,561] {taskinstance.py:1356} INFO - 
--------------------------------------------------------------------------------
[2022-07-27 21:39:35,561] {taskinstance.py:1357} INFO - Starting attempt 1 of 1
[2022-07-27 21:39:35,562] {taskinstance.py:1358} INFO - 
--------------------------------------------------------------------------------
[2022-07-27 21:39:35,586] {taskinstance.py:1377} INFO - Executing <Task(PythonOperator): task_1> on 2022-07-26 00:00:00+00:00
[2022-07-27 21:39:35,592] {standard_task_runner.py:52} INFO - Started process 8958 to run task
[2022-07-27 21:39:35,598] {standard_task_runner.py:79} INFO - Running: ['airflow', 'tasks', 'run', 'my_python_dag', 'task_1', 'scheduled__2022-07-26T00:00:00+00:00', '--job-id', '40', '--raw', '--subdir', 'DAGS_FOLDER/test3.py', '--cfg-path', '/var/folders/6v/f1q42tlx39bf4xb4nltqccj00000gn/T/tmpibfv8vrl', '--error-file', '/var/folders/6v/f1q42tlx39bf4xb4nltqccj00000gn/T/tmp7de8_f_g']
[2022-07-27 21:39:35,602] {standard_task_runner.py:80} INFO - Job 40: Subtask task_1
[2022-07-27 21:39:35,687] {task_command.py:369} INFO - Running <TaskInstance: my_python_dag.task_1 scheduled__2022-07-26T00:00:00+00:00 [running]> on host janghuisuui-MacBookAir.local
[2022-07-27 21:39:35,776] {taskinstance.py:1569} INFO - Exporting the following env vars:
AIRFLOW_CTX_DAG_OWNER=testJang
AIRFLOW_CTX_DAG_ID=my_python_dag
AIRFLOW_CTX_TASK_ID=task_1
AIRFLOW_CTX_EXECUTION_DATE=2022-07-26T00:00:00+00:00
AIRFLOW_CTX_TRY_NUMBER=1
AIRFLOW_CTX_DAG_RUN_ID=scheduled__2022-07-26T00:00:00+00:00
[2022-07-27 21:39:35,776] {logging_mixin.py:115} INFO - ====================================================================================================
[2022-07-27 21:39:35,777] {logging_mixin.py:115} INFO - fruit_name111: apple
[2022-07-27 21:39:35,777] {logging_mixin.py:115} INFO - ====================================================================================================
[2022-07-27 21:39:35,777] {logging_mixin.py:115} INFO - {'conf': <airflow.configuration.AirflowConfigParser object at 0x7fa3382f2b50>, 'dag': <DAG: my_python_dag>, 'dag_run': <DagRun my_python_dag @ 2022-07-26 00:00:00+00:00: scheduled__2022-07-26T00:00:00+00:00, externally triggered: False>, 'data_interval_end': DateTime(2022, 7, 27, 0, 0, 0, tzinfo=Timezone('UTC')), 'data_interval_start': DateTime(2022, 7, 26, 0, 0, 0, tzinfo=Timezone('UTC')), 'ds': '2022-07-26', 'ds_nodash': '20220726', 'execution_date': <Proxy at 0x7fa308c84100 with factory functools.partial(<function lazy_mapping_from_context.<locals>._deprecated_proxy_factory at 0x7fa308d3ddc0>, 'execution_date', DateTime(2022, 7, 26, 0, 0, 0, tzinfo=Timezone('UTC')))>, 'inlets': [], 'logical_date': DateTime(2022, 7, 26, 0, 0, 0, tzinfo=Timezone('UTC')), 'macros': <module 'airflow.macros' from '/Users/jangheesu/opt/anaconda3/envs/airflow2.3.0/lib/python3.8/site-packages/airflow/macros/__init__.py'>, 'next_ds': <Proxy at 0x7fa2e86e7480 with factory functools.partial(<function lazy_mapping_from_context.<locals>._deprecated_proxy_factory at 0x7fa308d3ddc0>, 'next_ds', '2022-07-27')>, 'next_ds_nodash': <Proxy at 0x7fa2e86e8fc0 with factory functools.partial(<function lazy_mapping_from_context.<locals>._deprecated_proxy_factory at 0x7fa308d3ddc0>, 'next_ds_nodash', '20220727')>, 'next_execution_date': <Proxy at 0x7fa2e86eb680 with factory functools.partial(<function lazy_mapping_from_context.<locals>._deprecated_proxy_factory at 0x7fa308d3ddc0>, 'next_execution_date', DateTime(2022, 7, 27, 0, 0, 0, tzinfo=Timezone('UTC')))>, 'outlets': [], 'params': {}, 'prev_data_interval_start_success': DateTime(2022, 7, 23, 0, 0, 0, tzinfo=Timezone('UTC')), 'prev_data_interval_end_success': DateTime(2022, 7, 24, 0, 0, 0, tzinfo=Timezone('UTC')), 'prev_ds': <Proxy at 0x7fa2e86eb940 with factory functools.partial(<function lazy_mapping_from_context.<locals>._deprecated_proxy_factory at 0x7fa308d3ddc0>, 'prev_ds', '2022-07-25')>, 'prev_ds_nodash': <Proxy at 0x7fa2e86eba00 with factory functools.partial(<function lazy_mapping_from_context.<locals>._deprecated_proxy_factory at 0x7fa308d3ddc0>, 'prev_ds_nodash', '20220725')>, 'prev_execution_date': <Proxy at 0x7fa2e86eba40 with factory functools.partial(<function lazy_mapping_from_context.<locals>._deprecated_proxy_factory at 0x7fa308d3ddc0>, 'prev_execution_date', DateTime(2022, 7, 25, 0, 0, 0, tzinfo=Timezone('UTC')))>, 'prev_execution_date_success': <Proxy at 0x7fa2e86eb440 with factory functools.partial(<function lazy_mapping_from_context.<locals>._deprecated_proxy_factory at 0x7fa308d3ddc0>, 'prev_execution_date_success', DateTime(2022, 7, 24, 14, 17, 34, 506687, tzinfo=Timezone('UTC')))>, 'prev_start_date_success': DateTime(2022, 7, 24, 14, 17, 35, 253787, tzinfo=Timezone('UTC')), 'run_id': 'scheduled__2022-07-26T00:00:00+00:00', 'task': <Task(PythonOperator): task_1>, 'task_instance': <TaskInstance: my_python_dag.task_1 scheduled__2022-07-26T00:00:00+00:00 [running]>, 'task_instance_key_str': 'my_python_dag__task_1__20220726', 'test_mode': False, 'ti': <TaskInstance: my_python_dag.task_1 scheduled__2022-07-26T00:00:00+00:00 [running]>, 'tomorrow_ds': <Proxy at 0x7fa2e86eba80 with factory functools.partial(<function lazy_mapping_from_context.<locals>._deprecated_proxy_factory at 0x7fa308d3ddc0>, 'tomorrow_ds', '2022-07-27')>, 'tomorrow_ds_nodash': <Proxy at 0x7fa2e86ebac0 with factory functools.partial(<function lazy_mapping_from_context.<locals>._deprecated_proxy_factory at 0x7fa308d3ddc0>, 'tomorrow_ds_nodash', '20220727')>, 'ts': '2022-07-26T00:00:00+00:00', 'ts_nodash': '20220726T000000', 'ts_nodash_with_tz': '20220726T000000+0000', 'var': {'json': None, 'value': None}, 'conn': None, 'yesterday_ds': <Proxy at 0x7fa2e86ebb00 with factory functools.partial(<function lazy_mapping_from_context.<locals>._deprecated_proxy_factory at 0x7fa308d3ddc0>, 'yesterday_ds', '2022-07-25')>, 'yesterday_ds_nodash': <Proxy at 0x7fa2e86ebb80 with factory functools.partial(<function lazy_mapping_from_context.<locals>._deprecated_proxy_factory at 0x7fa308d3ddc0>, 'yesterday_ds_nodash', '20220725')>, 'templates_dict': None}
[2022-07-27 21:39:35,777] {logging_mixin.py:115} INFO - ====================================================================================================
[2022-07-27 21:39:35,777] {logging_mixin.py:115} INFO - ------ conf || <airflow.configuration.AirflowConfigParser object at 0x7fa3382f2b50> -------
[2022-07-27 21:39:35,777] {logging_mixin.py:115} INFO - ------ dag || <DAG: my_python_dag> -------
[2022-07-27 21:39:35,777] {logging_mixin.py:115} INFO - ------ dag_run || <DagRun my_python_dag @ 2022-07-26 00:00:00+00:00: scheduled__2022-07-26T00:00:00+00:00, externally triggered: False> -------
[2022-07-27 21:39:35,777] {logging_mixin.py:115} INFO - ------ data_interval_end || 2022-07-27T00:00:00+00:00 -------
[2022-07-27 21:39:35,778] {logging_mixin.py:115} INFO - ------ data_interval_start || 2022-07-26T00:00:00+00:00 -------
[2022-07-27 21:39:35,778] {logging_mixin.py:115} INFO - ------ ds || 2022-07-26 -------
[2022-07-27 21:39:35,778] {logging_mixin.py:115} INFO - ------ ds_nodash || 20220726 -------
[2022-07-27 21:39:35,781] {logging_mixin.py:115} WARNING - /Users/jangheesu/opt/anaconda3/envs/airflow2.3.0/lib/python3.8/site-packages/airflow/utils/context.py:290 AirflowContextDeprecationWarning: Accessing 'execution_date' from the template is deprecated and will be removed in a future version. Please use 'data_interval_start' or 'logical_date' instead.
[2022-07-27 21:39:35,781] {logging_mixin.py:115} INFO - ------ execution_date || 2022-07-26T00:00:00+00:00 -------
[2022-07-27 21:39:35,782] {logging_mixin.py:115} INFO - ------ inlets || [] -------
[2022-07-27 21:39:35,782] {logging_mixin.py:115} INFO - ------ logical_date || 2022-07-26T00:00:00+00:00 -------
[2022-07-27 21:39:35,782] {logging_mixin.py:115} INFO - ------ macros || <module 'airflow.macros' from '/Users/jangheesu/opt/anaconda3/envs/airflow2.3.0/lib/python3.8/site-packages/airflow/macros/__init__.py'> -------
[2022-07-27 21:39:35,783] {logging_mixin.py:115} WARNING - /Users/jangheesu/opt/anaconda3/envs/airflow2.3.0/lib/python3.8/site-packages/airflow/utils/context.py:290 AirflowContextDeprecationWarning: Accessing 'next_ds' from the template is deprecated and will be removed in a future version. Please use '{{ data_interval_end | ds }}' instead.
[2022-07-27 21:39:35,783] {logging_mixin.py:115} INFO - ------ next_ds || 2022-07-27 -------
[2022-07-27 21:39:35,784] {logging_mixin.py:115} WARNING - /Users/jangheesu/opt/anaconda3/envs/airflow2.3.0/lib/python3.8/site-packages/airflow/utils/context.py:290 AirflowContextDeprecationWarning: Accessing 'next_ds_nodash' from the template is deprecated and will be removed in a future version. Please use '{{ data_interval_end | ds_nodash }}' instead.
[2022-07-27 21:39:35,784] {logging_mixin.py:115} INFO - ------ next_ds_nodash || 20220727 -------
[2022-07-27 21:39:35,784] {logging_mixin.py:115} WARNING - /Users/jangheesu/opt/anaconda3/envs/airflow2.3.0/lib/python3.8/site-packages/airflow/utils/context.py:290 AirflowContextDeprecationWarning: Accessing 'next_execution_date' from the template is deprecated and will be removed in a future version. Please use 'data_interval_end' instead.
[2022-07-27 21:39:35,785] {logging_mixin.py:115} INFO - ------ next_execution_date || 2022-07-27T00:00:00+00:00 -------
[2022-07-27 21:39:35,785] {logging_mixin.py:115} INFO - ------ outlets || [] -------
[2022-07-27 21:39:35,785] {logging_mixin.py:115} INFO - ------ params || {} -------
[2022-07-27 21:39:35,785] {logging_mixin.py:115} INFO - ------ prev_data_interval_start_success || 2022-07-23T00:00:00+00:00 -------
[2022-07-27 21:39:35,785] {logging_mixin.py:115} INFO - ------ prev_data_interval_end_success || 2022-07-24T00:00:00+00:00 -------
[2022-07-27 21:39:35,786] {logging_mixin.py:115} WARNING - /Users/jangheesu/opt/anaconda3/envs/airflow2.3.0/lib/python3.8/site-packages/airflow/utils/context.py:290 AirflowContextDeprecationWarning: Accessing 'prev_ds' from the template is deprecated and will be removed in a future version.
[2022-07-27 21:39:35,786] {logging_mixin.py:115} INFO - ------ prev_ds || 2022-07-25 -------
[2022-07-27 21:39:35,786] {logging_mixin.py:115} WARNING - /Users/jangheesu/opt/anaconda3/envs/airflow2.3.0/lib/python3.8/site-packages/airflow/utils/context.py:290 AirflowContextDeprecationWarning: Accessing 'prev_ds_nodash' from the template is deprecated and will be removed in a future version.
[2022-07-27 21:39:35,786] {logging_mixin.py:115} INFO - ------ prev_ds_nodash || 20220725 -------
[2022-07-27 21:39:35,787] {logging_mixin.py:115} WARNING - /Users/jangheesu/opt/anaconda3/envs/airflow2.3.0/lib/python3.8/site-packages/airflow/utils/context.py:290 AirflowContextDeprecationWarning: Accessing 'prev_execution_date' from the template is deprecated and will be removed in a future version.
[2022-07-27 21:39:35,787] {logging_mixin.py:115} INFO - ------ prev_execution_date || 2022-07-25T00:00:00+00:00 -------
[2022-07-27 21:39:35,788] {logging_mixin.py:115} WARNING - /Users/jangheesu/opt/anaconda3/envs/airflow2.3.0/lib/python3.8/site-packages/airflow/utils/context.py:290 AirflowContextDeprecationWarning: Accessing 'prev_execution_date_success' from the template is deprecated and will be removed in a future version. Please use 'prev_data_interval_start_success' instead.
[2022-07-27 21:39:35,788] {logging_mixin.py:115} INFO - ------ prev_execution_date_success || 2022-07-24T14:17:34.506687+00:00 -------
[2022-07-27 21:39:35,788] {logging_mixin.py:115} INFO - ------ prev_start_date_success || 2022-07-24T14:17:35.253787+00:00 -------
[2022-07-27 21:39:35,788] {logging_mixin.py:115} INFO - ------ run_id || scheduled__2022-07-26T00:00:00+00:00 -------
[2022-07-27 21:39:35,788] {logging_mixin.py:115} INFO - ------ task || <Task(PythonOperator): task_1> -------
[2022-07-27 21:39:35,788] {logging_mixin.py:115} INFO - ------ task_instance || <TaskInstance: my_python_dag.task_1 scheduled__2022-07-26T00:00:00+00:00 [running]> -------
[2022-07-27 21:39:35,788] {logging_mixin.py:115} INFO - ------ task_instance_key_str || my_python_dag__task_1__20220726 -------
[2022-07-27 21:39:35,788] {logging_mixin.py:115} INFO - ------ test_mode || False -------
[2022-07-27 21:39:35,789] {logging_mixin.py:115} INFO - ------ ti || <TaskInstance: my_python_dag.task_1 scheduled__2022-07-26T00:00:00+00:00 [running]> -------
[2022-07-27 21:39:35,789] {logging_mixin.py:115} WARNING - /Users/jangheesu/opt/anaconda3/envs/airflow2.3.0/lib/python3.8/site-packages/airflow/utils/context.py:290 AirflowContextDeprecationWarning: Accessing 'tomorrow_ds' from the template is deprecated and will be removed in a future version.
[2022-07-27 21:39:35,789] {logging_mixin.py:115} INFO - ------ tomorrow_ds || 2022-07-27 -------
[2022-07-27 21:39:35,790] {logging_mixin.py:115} WARNING - /Users/jangheesu/opt/anaconda3/envs/airflow2.3.0/lib/python3.8/site-packages/airflow/utils/context.py:290 AirflowContextDeprecationWarning: Accessing 'tomorrow_ds_nodash' from the template is deprecated and will be removed in a future version.
[2022-07-27 21:39:35,790] {logging_mixin.py:115} INFO - ------ tomorrow_ds_nodash || 20220727 -------
[2022-07-27 21:39:35,790] {logging_mixin.py:115} INFO - ------ ts || 2022-07-26T00:00:00+00:00 -------
[2022-07-27 21:39:35,790] {logging_mixin.py:115} INFO - ------ ts_nodash || 20220726T000000 -------
[2022-07-27 21:39:35,790] {logging_mixin.py:115} INFO - ------ ts_nodash_with_tz || 20220726T000000+0000 -------
[2022-07-27 21:39:35,790] {logging_mixin.py:115} INFO - ------ var || {'json': None, 'value': None} -------
[2022-07-27 21:39:35,790] {logging_mixin.py:115} INFO - ------ conn || None -------
[2022-07-27 21:39:35,791] {logging_mixin.py:115} WARNING - /Users/jangheesu/opt/anaconda3/envs/airflow2.3.0/lib/python3.8/site-packages/airflow/utils/context.py:290 AirflowContextDeprecationWarning: Accessing 'yesterday_ds' from the template is deprecated and will be removed in a future version.
[2022-07-27 21:39:35,791] {logging_mixin.py:115} INFO - ------ yesterday_ds || 2022-07-25 -------
[2022-07-27 21:39:35,791] {logging_mixin.py:115} WARNING - /Users/jangheesu/opt/anaconda3/envs/airflow2.3.0/lib/python3.8/site-packages/airflow/utils/context.py:290 AirflowContextDeprecationWarning: Accessing 'yesterday_ds_nodash' from the template is deprecated and will be removed in a future version.
[2022-07-27 21:39:35,791] {logging_mixin.py:115} INFO - ------ yesterday_ds_nodash || 20220725 -------
[2022-07-27 21:39:35,792] {logging_mixin.py:115} INFO - ------ templates_dict || None -------
[2022-07-27 21:39:35,792] {logging_mixin.py:115} INFO - ====================================================================================================
[2022-07-27 21:39:35,792] {python.py:173} INFO - Done. Returned value was: ptrin complete ~ !!
[2022-07-27 21:39:35,815] {taskinstance.py:1395} INFO - Marking task as SUCCESS. dag_id=my_python_dag, task_id=task_1, execution_date=20220726T000000, start_date=20220727T123935, end_date=20220727T123935
[2022-07-27 21:39:35,858] {local_task_job.py:156} INFO - Task exited with return code 0
[2022-07-27 21:39:35,883] {local_task_job.py:273} INFO - 2 downstream tasks scheduled from follow-on schedule check
